0,status,1,VILLAGER,ALIVE,Sample9
0,status,2,VILLAGER,ALIVE,Sample12
0,status,3,WEREWOLF,ALIVE,Sample8
0,status,4,BODYGUARD,ALIVE,Sample11
0,status,5,MEDIUM,ALIVE,Sample7
0,status,6,VILLAGER,ALIVE,Sample10
0,status,7,VILLAGER,ALIVE,Sample6
0,status,8,POSSESSED,ALIVE,Sample5
0,status,9,VILLAGER,ALIVE,Sample4
0,status,10,SEER,ALIVE,Sample3
0,status,11,VILLAGER,ALIVE,Sample14
0,status,12,WEREWOLF,ALIVE,Sample2
0,status,13,VILLAGER,ALIVE,Sample13
0,status,14,VILLAGER,ALIVE,Sample1
0,status,15,WEREWOLF,ALIVE,cash_dqn
0,whisper,0,0,12,COMINGOUT Agent[12] SEER
0,whisper,1,0,3,COMINGOUT Agent[03] VILLAGER
0,whisper,2,0,15,Over
0,whisper,3,1,12,ATTACK Agent[13]
0,whisper,4,1,3,ATTACK Agent[09]
0,whisper,5,1,15,Over
0,whisper,6,2,15,Over
0,whisper,7,2,3,Skip
0,whisper,8,2,12,Skip
0,whisper,9,3,15,Over
0,whisper,10,3,12,Skip
0,whisper,11,3,3,Skip
0,whisper,12,4,12,Over
0,whisper,13,4,15,Over
0,whisper,14,4,3,Over
0,divine,10,9,HUMAN
1,status,1,VILLAGER,ALIVE,Sample9
1,status,2,VILLAGER,ALIVE,Sample12
1,status,3,WEREWOLF,ALIVE,Sample8
1,status,4,BODYGUARD,ALIVE,Sample11
1,status,5,MEDIUM,ALIVE,Sample7
1,status,6,VILLAGER,ALIVE,Sample10
1,status,7,VILLAGER,ALIVE,Sample6
1,status,8,POSSESSED,ALIVE,Sample5
1,status,9,VILLAGER,ALIVE,Sample4
1,status,10,SEER,ALIVE,Sample3
1,status,11,VILLAGER,ALIVE,Sample14
1,status,12,WEREWOLF,ALIVE,Sample2
1,status,13,VILLAGER,ALIVE,Sample13
1,status,14,VILLAGER,ALIVE,Sample1
1,status,15,WEREWOLF,ALIVE,cash_dqn
1,talk,0,0,7,Skip
1,talk,1,0,11,Skip
1,talk,2,0,4,Skip
1,talk,3,0,10,Skip
1,talk,4,0,2,Skip
1,talk,5,0,12,ESTIMATE Agent[02] WEREWOLF
1,talk,6,0,15,Over
1,talk,7,0,13,Skip
1,talk,8,0,3,ESTIMATE Agent[13] WEREWOLF
1,talk,9,0,1,Skip
1,talk,10,0,9,Skip
1,talk,11,0,8,Skip
1,talk,12,0,6,Skip
1,talk,13,0,14,Skip
1,talk,14,0,5,Skip
1,talk,15,1,4,Skip
1,talk,16,1,13,Skip
1,talk,17,1,14,Skip
1,talk,18,1,12,Skip
1,talk,19,1,15,Over
1,talk,20,1,7,Skip
1,talk,21,1,9,Skip
1,talk,22,1,2,Skip
1,talk,23,1,1,Skip
1,talk,24,1,8,Skip
1,talk,25,1,11,Skip
1,talk,26,1,5,Skip
1,talk,27,1,10,Skip
1,talk,28,1,3,Skip
1,talk,29,1,6,Skip
1,talk,30,2,4,VOTE Agent[06]
1,talk,31,2,1,VOTE Agent[08]
1,talk,32,2,13,VOTE Agent[11]
1,talk,33,2,15,Over
1,talk,34,2,10,VOTE Agent[07]
1,talk,35,2,5,VOTE Agent[10]
1,talk,36,2,9,VOTE Agent[02]
1,talk,37,2,3,VOTE Agent[13]
1,talk,38,2,7,VOTE Agent[10]
1,talk,39,2,2,VOTE Agent[01]
1,talk,40,2,14,VOTE Agent[09]
1,talk,41,2,12,VOTE Agent[02]
1,talk,42,2,11,VOTE Agent[12]
1,talk,43,2,6,VOTE Agent[02]
1,talk,44,2,8,VOTE Agent[10]
1,talk,45,3,2,Skip
1,talk,46,3,14,Skip
1,talk,47,3,10,Skip
1,talk,48,3,15,Over
1,talk,49,3,4,Skip
1,talk,50,3,8,Skip
1,talk,51,3,5,Skip
1,talk,52,3,1,Skip
1,talk,53,3,6,Skip
1,talk,54,3,9,Skip
1,talk,55,3,12,Skip
1,talk,56,3,11,Skip
1,talk,57,3,3,Skip
1,talk,58,3,13,Skip
1,talk,59,3,7,Skip
1,talk,60,4,4,Skip
1,talk,61,4,2,Skip
1,talk,62,4,8,Skip
1,talk,63,4,6,Skip
1,talk,64,4,9,Skip
1,talk,65,4,10,Skip
1,talk,66,4,11,Skip
1,talk,67,4,12,Skip
1,talk,68,4,3,Skip
1,talk,69,4,15,Over
1,talk,70,4,7,Skip
1,talk,71,4,5,Skip
1,talk,72,4,14,Skip
1,talk,73,4,13,Skip
1,talk,74,4,1,Skip
1,talk,75,5,14,Over
1,talk,76,5,5,Over
1,talk,77,5,10,Over
1,talk,78,5,12,Over
1,talk,79,5,3,Over
1,talk,80,5,13,Over
1,talk,81,5,8,Over
1,talk,82,5,7,Over
1,talk,83,5,15,Over
1,talk,84,5,2,Over
1,talk,85,5,11,Over
1,talk,86,5,4,Over
1,talk,87,5,1,Over
1,talk,88,5,6,Over
1,talk,89,5,9,Over
1,vote,1,8
1,vote,2,1
1,vote,3,13
1,vote,4,6
1,vote,5,10
1,vote,6,2
1,vote,7,10
1,vote,8,10
1,vote,9,2
1,vote,10,7
1,vote,11,12
1,vote,12,2
1,vote,13,11
1,vote,14,9
1,vote,15,3
1,vote,1,8
1,vote,2,1
1,vote,3,13
1,vote,4,6
1,vote,5,10
1,vote,6,2
1,vote,7,10
1,vote,8,10
1,vote,9,2
1,vote,10,7
1,vote,11,12
1,vote,12,2
1,vote,13,11
1,vote,14,9
1,vote,15,1
1,execute,10,SEER
1,whisper,0,0,15,Over
1,whisper,1,0,12,ATTACK Agent[11]
1,whisper,2,0,3,ATTACK Agent[14]
1,whisper,3,1,15,Over
1,whisper,4,1,3,Skip
1,whisper,5,1,12,Skip
1,whisper,6,2,3,Skip
1,whisper,7,2,15,Over
1,whisper,8,2,12,Skip
1,whisper,9,3,12,Over
1,whisper,10,3,15,Over
1,whisper,11,3,3,Over
1,guard,4,8,POSSESSED
1,attackVote,15,13
1,attack,13,true
2,status,1,VILLAGER,ALIVE,Sample9
2,status,2,VILLAGER,ALIVE,Sample12
2,status,3,WEREWOLF,ALIVE,Sample8
2,status,4,BODYGUARD,ALIVE,Sample11
2,status,5,MEDIUM,ALIVE,Sample7
2,status,6,VILLAGER,ALIVE,Sample10
2,status,7,VILLAGER,ALIVE,Sample6
2,status,8,POSSESSED,ALIVE,Sample5
2,status,9,VILLAGER,ALIVE,Sample4
2,status,10,SEER,DEAD,Sample3
2,status,11,VILLAGER,ALIVE,Sample14
2,status,12,WEREWOLF,ALIVE,Sample2
2,status,13,VILLAGER,DEAD,Sample13
2,status,14,VILLAGER,ALIVE,Sample1
2,status,15,WEREWOLF,ALIVE,cash_dqn
2,talk,0,0,2,Skip
2,talk,1,0,7,Skip
2,talk,2,0,14,Skip
2,talk,3,0,8,Skip
2,talk,4,0,1,Skip
2,talk,5,0,4,Skip
2,talk,6,0,12,COMINGOUT Agent[12] SEER
2,talk,7,0,9,Skip
2,talk,8,0,3,ESTIMATE Agent[11] WEREWOLF
2,talk,9,0,15,Over
2,talk,10,0,5,COMINGOUT Agent[05] MEDIUM
2,talk,11,0,11,Skip
2,talk,12,0,6,Skip
2,talk,13,1,12,ESTIMATE Agent[05] WEREWOLF
2,talk,14,1,4,Skip
2,talk,15,1,8,COMINGOUT Agent[08] SEER
2,talk,16,1,7,Skip
2,talk,17,1,6,Skip
2,talk,18,1,14,Skip
2,talk,19,1,2,Skip
2,talk,20,1,11,Skip
2,talk,21,1,3,Skip
2,talk,22,1,1,Skip
2,talk,23,1,15,Over
2,talk,24,1,5,DAY 2 (IDENTIFIED Agent[10] HUMAN)
2,talk,25,1,9,Skip
2,talk,26,2,9,VOTE Agent[07]
2,talk,27,2,6,VOTE Agent[01]
2,talk,28,2,7,VOTE Agent[04]
2,talk,29,2,1,VOTE Agent[15]
2,talk,30,2,12,DIVINED Agent[15] HUMAN
2,talk,31,2,3,VOTE Agent[11]
2,talk,32,2,11,VOTE Agent[12]
2,talk,33,2,8,AND (DAY 1 (DIVINED Agent[02] HUMAN)) (DAY 2 (DIVINED Agent[12] WEREWOLF))
2,talk,34,2,5,VOTE Agent[11]
2,talk,35,2,14,VOTE Agent[15]
2,talk,36,2,4,VOTE Agent[03]
2,talk,37,2,2,VOTE Agent[05]
2,talk,38,2,15,Over
2,talk,39,3,3,Skip
2,talk,40,3,6,Skip
2,talk,41,3,8,BECAUSE (DAY 2 (DIVINED Agent[12] WEREWOLF)) (REQUEST ANY (VOTE Agent[12]))
2,talk,42,3,12,DIVINED Agent[05] WEREWOLF
2,talk,43,3,4,Skip
2,talk,44,3,2,Skip
2,talk,45,3,9,Skip
2,talk,46,3,11,Skip
2,talk,47,3,1,Skip
2,talk,48,3,14,Skip
2,talk,49,3,7,Skip
2,talk,50,3,5,Skip
2,talk,51,3,15,Over
2,talk,52,4,8,INQUIRE ANY (VOTE Agent[12])
2,talk,53,4,1,Skip
2,talk,54,4,5,BECAUSE (AND (COMINGOUT Agent[05] MEDIUM) (DAY 2 (Agent[12] DIVINED Agent[05] WEREWOLF))) (XOR (ESTIMATE Agent[12] WEREWOLF) (ESTIMATE Agent[12] POSSESSED))
2,talk,55,4,2,Skip
2,talk,56,4,15,Over
2,talk,57,4,9,Skip
2,talk,58,4,11,Skip
2,talk,59,4,12,VOTE Agent[05]
2,talk,60,4,3,Skip
2,talk,61,4,14,Skip
2,talk,62,4,6,Skip
2,talk,63,4,7,Skip
2,talk,64,4,4,Skip
2,talk,65,5,1,Over
2,talk,66,5,15,Over
2,talk,67,5,6,Over
2,talk,68,5,8,BECAUSE (DIVINED Agent[12] WEREWOLF) (VOTE Agent[12])
2,talk,69,5,5,BECAUSE (XOR (ESTIMATE Agent[12] WEREWOLF) (ESTIMATE Agent[12] POSSESSED)) (VOTE Agent[12])
2,talk,70,5,4,Over
2,talk,71,5,7,Over
2,talk,72,5,14,Over
2,talk,73,5,9,Over
2,talk,74,5,3,Over
2,talk,75,5,11,Over
2,talk,76,5,12,Skip
2,talk,77,5,2,Over
2,talk,78,6,9,Over
2,talk,79,6,2,Over
2,talk,80,6,7,Over
2,talk,81,6,12,Skip
2,talk,82,6,14,Over
2,talk,83,6,4,Over
2,talk,84,6,1,Over
2,talk,85,6,6,Over
2,talk,86,6,15,Over
2,talk,87,6,8,Skip
2,talk,88,6,5,Skip
2,talk,89,6,3,Over
2,talk,90,6,11,Over
2,talk,91,7,8,Skip
2,talk,92,7,15,Over
2,talk,93,7,3,Over
2,talk,94,7,11,Over
2,talk,95,7,6,Over
2,talk,96,7,9,Over
2,talk,97,7,1,Over
2,talk,98,7,2,Over
2,talk,99,7,14,Over
2,talk,100,7,5,Skip
2,talk,101,7,7,Over
2,talk,102,7,12,Over
2,talk,103,7,4,Over
2,talk,104,8,3,Over
2,talk,105,8,6,Over
2,talk,106,8,4,Over
2,talk,107,8,8,Over
2,talk,108,8,14,Over
2,talk,109,8,7,Over
2,talk,110,8,5,Over
2,talk,111,8,15,Over
2,talk,112,8,12,Over
2,talk,113,8,2,Over
2,talk,114,8,11,Over
2,talk,115,8,1,Over
2,talk,116,8,9,Over
2,vote,1,15
2,vote,2,5
2,vote,3,11
2,vote,4,3
2,vote,5,12
2,vote,6,1
2,vote,7,4
2,vote,8,12
2,vote,9,7
2,vote,11,12
2,vote,12,5
2,vote,14,15
2,vote,15,3
2,execute,12,WEREWOLF
2,whisper,0,0,3,BECAUSE (Agent[05] COMINGOUT Agent[05] MEDIUM) (ATTACK Agent[05])
2,whisper,1,0,15,Over
2,whisper,2,1,3,Skip
2,whisper,3,1,15,Over
2,whisper,4,2,15,Over
2,whisper,5,2,3,Skip
2,whisper,6,3,3,Over
2,whisper,7,3,15,Over
2,guard,4,8,POSSESSED
2,attackVote,15,14
2,attack,14,true
3,status,1,VILLAGER,ALIVE,Sample9
3,status,2,VILLAGER,ALIVE,Sample12
3,status,3,WEREWOLF,ALIVE,Sample8
3,status,4,BODYGUARD,ALIVE,Sample11
3,status,5,MEDIUM,ALIVE,Sample7
3,status,6,VILLAGER,ALIVE,Sample10
3,status,7,VILLAGER,ALIVE,Sample6
3,status,8,POSSESSED,ALIVE,Sample5
3,status,9,VILLAGER,ALIVE,Sample4
3,status,10,SEER,DEAD,Sample3
3,status,11,VILLAGER,ALIVE,Sample14
3,status,12,WEREWOLF,DEAD,Sample2
3,status,13,VILLAGER,DEAD,Sample13
3,status,14,VILLAGER,DEAD,Sample1
3,status,15,WEREWOLF,ALIVE,cash_dqn
3,talk,0,0,9,Skip
3,talk,1,0,1,Skip
3,talk,2,0,8,DAY 3 (DIVINED Agent[03] HUMAN)
3,talk,3,0,3,ESTIMATE Agent[11] WEREWOLF
3,talk,4,0,7,Skip
3,talk,5,0,11,Skip
3,talk,6,0,5,DAY 3 (IDENTIFIED Agent[12] WEREWOLF)
3,talk,7,0,4,Skip
3,talk,8,0,6,Skip
3,talk,9,0,15,Over
3,talk,10,0,2,Skip
3,talk,11,1,9,Skip
3,talk,12,1,11,Skip
3,talk,13,1,2,Skip
3,talk,14,1,1,Skip
3,talk,15,1,4,Skip
3,talk,16,1,7,Skip
3,talk,17,1,6,Skip
3,talk,18,1,3,Skip
3,talk,19,1,5,Skip
3,talk,20,1,8,Skip
3,talk,21,1,15,Over
3,talk,22,2,9,VOTE Agent[04]
3,talk,23,2,3,VOTE Agent[11]
3,talk,24,2,4,VOTE Agent[15]
3,talk,25,2,5,VOTE Agent[09]
3,talk,26,2,1,VOTE Agent[07]
3,talk,27,2,2,VOTE Agent[06]
3,talk,28,2,8,VOTE Agent[06]
3,talk,29,2,6,VOTE Agent[08]
3,talk,30,2,11,VOTE Agent[07]
3,talk,31,2,7,VOTE Agent[08]
3,talk,32,2,15,Over
3,talk,33,3,7,Skip
3,talk,34,3,8,Skip
3,talk,35,3,1,Skip
3,talk,36,3,9,Skip
3,talk,37,3,15,Over
3,talk,38,3,4,Skip
3,talk,39,3,5,Skip
3,talk,40,3,11,Skip
3,talk,41,3,2,Skip
3,talk,42,3,6,Skip
3,talk,43,3,3,Skip
3,talk,44,4,15,Over
3,talk,45,4,4,Skip
3,talk,46,4,11,Skip
3,talk,47,4,8,Skip
3,talk,48,4,5,Skip
3,talk,49,4,2,Skip
3,talk,50,4,1,Skip
3,talk,51,4,6,Skip
3,talk,52,4,9,Skip
3,talk,53,4,3,Skip
3,talk,54,4,7,Skip
3,talk,55,5,1,Over
3,talk,56,5,3,Over
3,talk,57,5,2,Over
3,talk,58,5,7,Over
3,talk,59,5,4,Over
3,talk,60,5,6,Over
3,talk,61,5,9,Over
3,talk,62,5,5,Over
3,talk,63,5,8,Over
3,talk,64,5,15,Over
3,talk,65,5,11,Over
3,vote,1,7
3,vote,2,6
3,vote,3,11
3,vote,4,15
3,vote,5,9
3,vote,6,8
3,vote,7,8
3,vote,8,6
3,vote,9,4
3,vote,11,7
3,vote,15,5
3,vote,1,7
3,vote,2,6
3,vote,3,11
3,vote,4,15
3,vote,5,9
3,vote,6,8
3,vote,7,8
3,vote,8,6
3,vote,9,4
3,vote,11,7
3,vote,15,11
3,execute,11,VILLAGER
3,whisper,0,0,15,Over
3,whisper,1,0,3,BECAUSE (AND (NOT (COMINGOUT Agent[08] WEREWOLF)) (COMINGOUT Agent[03] WEREWOLF) (DAY 3 (Agent[08] DIVINED Agent[03] HUMAN))) (ESTIMATE Agent[08] POSSESSED)
3,whisper,2,1,3,BECAUSE (Agent[05] COMINGOUT Agent[05] MEDIUM) (ATTACK Agent[05])
3,whisper,3,1,15,Over
3,whisper,4,2,15,Over
3,whisper,5,2,3,Skip
3,whisper,6,3,15,Over
3,whisper,7,3,3,Skip
3,whisper,8,4,15,Over
3,whisper,9,4,3,Over
3,guard,4,8,POSSESSED
3,attackVote,15,8
3,attack,8,false
4,status,1,VILLAGER,ALIVE,Sample9
4,status,2,VILLAGER,ALIVE,Sample12
4,status,3,WEREWOLF,ALIVE,Sample8
4,status,4,BODYGUARD,ALIVE,Sample11
4,status,5,MEDIUM,ALIVE,Sample7
4,status,6,VILLAGER,ALIVE,Sample10
4,status,7,VILLAGER,ALIVE,Sample6
4,status,8,POSSESSED,ALIVE,Sample5
4,status,9,VILLAGER,ALIVE,Sample4
4,status,10,SEER,DEAD,Sample3
4,status,11,VILLAGER,DEAD,Sample14
4,status,12,WEREWOLF,DEAD,Sample2
4,status,13,VILLAGER,DEAD,Sample13
4,status,14,VILLAGER,DEAD,Sample1
4,status,15,WEREWOLF,ALIVE,cash_dqn
4,talk,0,0,9,Skip
4,talk,1,0,3,ESTIMATE Agent[01] WEREWOLF
4,talk,2,0,15,Over
4,talk,3,0,1,Skip
4,talk,4,0,8,DAY 4 (DIVINED Agent[07] HUMAN)
4,talk,5,0,5,DAY 4 (IDENTIFIED Agent[11] HUMAN)
4,talk,6,0,7,Skip
4,talk,7,0,4,Skip
4,talk,8,0,6,Skip
4,talk,9,0,2,Skip
4,talk,10,1,7,Skip
4,talk,11,1,15,Over
4,talk,12,1,3,Skip
4,talk,13,1,8,Skip
4,talk,14,1,6,Skip
4,talk,15,1,2,Skip
4,talk,16,1,5,Skip
4,talk,17,1,4,Skip
4,talk,18,1,9,Skip
4,talk,19,1,1,Skip
4,talk,20,2,1,VOTE Agent[04]
4,talk,21,2,4,VOTE Agent[03]
4,talk,22,2,7,VOTE Agent[04]
4,talk,23,2,2,VOTE Agent[03]
4,talk,24,2,5,VOTE Agent[09]
4,talk,25,2,8,VOTE Agent[09]
4,talk,26,2,9,VOTE Agent[06]
4,talk,27,2,3,VOTE Agent[01]
4,talk,28,2,15,Over
4,talk,29,2,6,VOTE Agent[02]
4,talk,30,3,9,Skip
4,talk,31,3,6,Skip
4,talk,32,3,8,Skip
4,talk,33,3,3,Skip
4,talk,34,3,5,Skip
4,talk,35,3,7,Skip
4,talk,36,3,2,Skip
4,talk,37,3,15,Over
4,talk,38,3,1,Skip
4,talk,39,3,4,Skip
4,talk,40,4,1,Skip
4,talk,41,4,7,Skip
4,talk,42,4,2,Skip
4,talk,43,4,6,Skip
4,talk,44,4,8,Skip
4,talk,45,4,15,Over
4,talk,46,4,3,Skip
4,talk,47,4,5,Skip
4,talk,48,4,9,Skip
4,talk,49,4,4,Skip
4,talk,50,5,2,Over
4,talk,51,5,6,Over
4,talk,52,5,4,Over
4,talk,53,5,5,Over
4,talk,54,5,1,Over
4,talk,55,5,8,Over
4,talk,56,5,15,Over
4,talk,57,5,9,Over
4,talk,58,5,3,Over
4,talk,59,5,7,Over
4,vote,1,4
4,vote,2,3
4,vote,3,1
4,vote,4,3
4,vote,5,9
4,vote,6,2
4,vote,7,4
4,vote,8,9
4,vote,9,6
4,vote,15,8
4,vote,1,4
4,vote,2,3
4,vote,3,1
4,vote,4,3
4,vote,5,9
4,vote,6,2
4,vote,7,4
4,vote,8,9
4,vote,9,6
4,vote,15,4
4,execute,4,BODYGUARD
4,whisper,0,0,3,BECAUSE (Agent[05] COMINGOUT Agent[05] MEDIUM) (ATTACK Agent[05])
4,whisper,1,0,15,Over
4,whisper,2,1,15,Over
4,whisper,3,1,3,Skip
4,whisper,4,2,15,Over
4,whisper,5,2,3,Skip
4,whisper,6,3,15,Over
4,whisper,7,3,3,Over
4,attackVote,15,9
4,attack,9,true
5,status,1,VILLAGER,ALIVE,Sample9
5,status,2,VILLAGER,ALIVE,Sample12
5,status,3,WEREWOLF,ALIVE,Sample8
5,status,4,BODYGUARD,DEAD,Sample11
5,status,5,MEDIUM,ALIVE,Sample7
5,status,6,VILLAGER,ALIVE,Sample10
5,status,7,VILLAGER,ALIVE,Sample6
5,status,8,POSSESSED,ALIVE,Sample5
5,status,9,VILLAGER,DEAD,Sample4
5,status,10,SEER,DEAD,Sample3
5,status,11,VILLAGER,DEAD,Sample14
5,status,12,WEREWOLF,DEAD,Sample2
5,status,13,VILLAGER,DEAD,Sample13
5,status,14,VILLAGER,DEAD,Sample1
5,status,15,WEREWOLF,ALIVE,cash_dqn
5,talk,0,0,6,Skip
5,talk,1,0,15,Over
5,talk,2,0,1,Skip
5,talk,3,0,5,DAY 5 (IDENTIFIED Agent[04] HUMAN)
5,talk,4,0,8,DAY 5 (DIVINED Agent[06] HUMAN)
5,talk,5,0,3,ESTIMATE Agent[01] WEREWOLF
5,talk,6,0,2,Skip
5,talk,7,0,7,Skip
5,talk,8,1,5,Skip
5,talk,9,1,6,Skip
5,talk,10,1,15,Over
5,talk,11,1,2,Skip
5,talk,12,1,3,Skip
5,talk,13,1,1,Skip
5,talk,14,1,8,Skip
5,talk,15,1,7,Skip
5,talk,16,2,15,Over
5,talk,17,2,7,VOTE Agent[03]
5,talk,18,2,1,VOTE Agent[07]
5,talk,19,2,6,VOTE Agent[15]
5,talk,20,2,3,VOTE Agent[01]
5,talk,21,2,2,VOTE Agent[05]
5,talk,22,2,5,VOTE Agent[01]
5,talk,23,2,8,VOTE Agent[05]
5,talk,24,3,15,Over
5,talk,25,3,3,Skip
5,talk,26,3,8,Skip
5,talk,27,3,1,Skip
5,talk,28,3,6,Skip
5,talk,29,3,7,Skip
5,talk,30,3,2,Skip
5,talk,31,3,5,Skip
5,talk,32,4,8,Skip
5,talk,33,4,6,Skip
5,talk,34,4,15,Over
5,talk,35,4,5,Skip
5,talk,36,4,2,Skip
5,talk,37,4,1,Skip
5,talk,38,4,7,Skip
5,talk,39,4,3,Skip
5,talk,40,5,7,Over
5,talk,41,5,1,Over
5,talk,42,5,15,Over
5,talk,43,5,8,Over
5,talk,44,5,6,Over
5,talk,45,5,2,Over
5,talk,46,5,5,Over
5,talk,47,5,3,Over
5,vote,1,7
5,vote,2,5
5,vote,3,1
5,vote,5,1
5,vote,6,15
5,vote,7,3
5,vote,8,5
5,vote,15,8
5,vote,1,7
5,vote,2,5
5,vote,3,1
5,vote,5,1
5,vote,6,15
5,vote,7,3
5,vote,8,5
5,vote,15,2
5,execute,5,MEDIUM
5,whisper,0,0,15,Over
5,whisper,1,0,3,ATTACK Agent[06]
5,whisper,2,1,15,Over
5,whisper,3,1,3,Skip
5,whisper,4,2,15,Over
5,whisper,5,2,3,Skip
5,whisper,6,3,3,Over
5,whisper,7,3,15,Over
5,attackVote,15,7
5,attack,7,true
6,status,1,VILLAGER,ALIVE,Sample9
6,status,2,VILLAGER,ALIVE,Sample12
6,status,3,WEREWOLF,ALIVE,Sample8
6,status,4,BODYGUARD,DEAD,Sample11
6,status,5,MEDIUM,DEAD,Sample7
6,status,6,VILLAGER,ALIVE,Sample10
6,status,7,VILLAGER,DEAD,Sample6
6,status,8,POSSESSED,ALIVE,Sample5
6,status,9,VILLAGER,DEAD,Sample4
6,status,10,SEER,DEAD,Sample3
6,status,11,VILLAGER,DEAD,Sample14
6,status,12,WEREWOLF,DEAD,Sample2
6,status,13,VILLAGER,DEAD,Sample13
6,status,14,VILLAGER,DEAD,Sample1
6,status,15,WEREWOLF,ALIVE,cash_dqn
6,talk,0,0,6,Skip
6,talk,1,0,2,Skip
6,talk,2,0,8,DAY 6 (DIVINED Agent[01] HUMAN)
6,talk,3,0,15,Over
6,talk,4,0,3,ESTIMATE Agent[01] WEREWOLF
6,talk,5,0,1,Skip
6,talk,6,1,3,Skip
6,talk,7,1,15,Over
6,talk,8,1,8,Skip
6,talk,9,1,2,Skip
6,talk,10,1,1,Skip
6,talk,11,1,6,Skip
6,talk,12,2,15,Over
6,talk,13,2,1,VOTE Agent[15]
6,talk,14,2,3,VOTE Agent[01]
6,talk,15,2,6,VOTE Agent[15]
6,talk,16,2,2,VOTE Agent[03]
6,talk,17,2,8,VOTE Agent[09]
6,talk,18,3,3,Skip
6,talk,19,3,2,Skip
6,talk,20,3,6,Skip
6,talk,21,3,15,Over
6,talk,22,3,1,Skip
6,talk,23,3,8,Skip
6,talk,24,4,2,Skip
6,talk,25,4,3,Skip
6,talk,26,4,6,Skip
6,talk,27,4,8,Skip
6,talk,28,4,15,Over
6,talk,29,4,1,Skip
6,talk,30,5,3,Over
6,talk,31,5,2,Over
6,talk,32,5,1,Over
6,talk,33,5,8,Over
6,talk,34,5,15,Over
6,talk,35,5,6,Over
6,vote,1,15
6,vote,2,3
6,vote,3,1
6,vote,6,15
6,vote,8,1
6,vote,15,6
6,vote,1,15
6,vote,2,3
6,vote,3,1
6,vote,6,15
6,vote,8,6
6,vote,15,6
6,execute,6,VILLAGER
6,whisper,0,0,3,ATTACK Agent[02]
6,whisper,1,0,15,Over
6,whisper,2,1,3,Skip
6,whisper,3,1,15,Over
6,whisper,4,2,15,Over
6,whisper,5,2,3,Skip
6,whisper,6,3,15,Over
6,whisper,7,3,3,Over
6,attackVote,15,8
6,attack,8,true
7,status,1,VILLAGER,ALIVE,Sample9
7,status,2,VILLAGER,ALIVE,Sample12
7,status,3,WEREWOLF,ALIVE,Sample8
7,status,4,BODYGUARD,DEAD,Sample11
7,status,5,MEDIUM,DEAD,Sample7
7,status,6,VILLAGER,DEAD,Sample10
7,status,7,VILLAGER,DEAD,Sample6
7,status,8,POSSESSED,DEAD,Sample5
7,status,9,VILLAGER,DEAD,Sample4
7,status,10,SEER,DEAD,Sample3
7,status,11,VILLAGER,DEAD,Sample14
7,status,12,WEREWOLF,DEAD,Sample2
7,status,13,VILLAGER,DEAD,Sample13
7,status,14,VILLAGER,DEAD,Sample1
7,status,15,WEREWOLF,ALIVE,cash_dqn
7,result,2,2,WEREWOLF
