0,status,1,WEREWOLF,ALIVE,Sample9
0,status,2,VILLAGER,ALIVE,Sample12
0,status,3,VILLAGER,ALIVE,Sample8
0,status,4,MEDIUM,ALIVE,Sample11
0,status,5,POSSESSED,ALIVE,Sample7
0,status,6,BODYGUARD,ALIVE,Sample10
0,status,7,WEREWOLF,ALIVE,Sample6
0,status,8,VILLAGER,ALIVE,Sample5
0,status,9,SEER,ALIVE,Sample4
0,status,10,VILLAGER,ALIVE,Sample3
0,status,11,WEREWOLF,ALIVE,Sample14
0,status,12,VILLAGER,ALIVE,Sample2
0,status,13,VILLAGER,ALIVE,Sample13
0,status,14,VILLAGER,ALIVE,Sample1
0,status,15,VILLAGER,ALIVE,cash_dqn
0,whisper,0,0,7,COMINGOUT Agent[07] VILLAGER
0,whisper,1,0,1,COMINGOUT Agent[01] VILLAGER
0,whisper,2,0,11,COMINGOUT Agent[11] VILLAGER
0,whisper,3,1,7,ATTACK Agent[03]
0,whisper,4,1,11,ATTACK Agent[03]
0,whisper,5,1,1,ATTACK Agent[08]
0,whisper,6,2,7,Skip
0,whisper,7,2,1,Skip
0,whisper,8,2,11,Skip
0,whisper,9,3,7,Skip
0,whisper,10,3,1,Skip
0,whisper,11,3,11,Skip
0,whisper,12,4,11,Over
0,whisper,13,4,1,Over
0,whisper,14,4,7,Over
0,divine,9,12,HUMAN
1,status,1,WEREWOLF,ALIVE,Sample9
1,status,2,VILLAGER,ALIVE,Sample12
1,status,3,VILLAGER,ALIVE,Sample8
1,status,4,MEDIUM,ALIVE,Sample11
1,status,5,POSSESSED,ALIVE,Sample7
1,status,6,BODYGUARD,ALIVE,Sample10
1,status,7,WEREWOLF,ALIVE,Sample6
1,status,8,VILLAGER,ALIVE,Sample5
1,status,9,SEER,ALIVE,Sample4
1,status,10,VILLAGER,ALIVE,Sample3
1,status,11,WEREWOLF,ALIVE,Sample14
1,status,12,VILLAGER,ALIVE,Sample2
1,status,13,VILLAGER,ALIVE,Sample13
1,status,14,VILLAGER,ALIVE,Sample1
1,status,15,VILLAGER,ALIVE,cash_dqn
1,talk,0,0,7,ESTIMATE Agent[10] WEREWOLF
1,talk,1,0,6,Skip
1,talk,2,0,13,Skip
1,talk,3,0,11,ESTIMATE Agent[14] WEREWOLF
1,talk,4,0,4,Skip
1,talk,5,0,14,Skip
1,talk,6,0,3,Skip
1,talk,7,0,8,Skip
1,talk,8,0,9,Skip
1,talk,9,0,5,Skip
1,talk,10,0,15,Skip
1,talk,11,0,2,Skip
1,talk,12,0,1,ESTIMATE Agent[10] WEREWOLF
1,talk,13,0,12,Skip
1,talk,14,0,10,Skip
1,talk,15,1,9,Skip
1,talk,16,1,11,Skip
1,talk,17,1,1,Skip
1,talk,18,1,2,Skip
1,talk,19,1,7,Skip
1,talk,20,1,13,Skip
1,talk,21,1,6,Skip
1,talk,22,1,12,Skip
1,talk,23,1,4,Skip
1,talk,24,1,10,Skip
1,talk,25,1,14,Skip
1,talk,26,1,8,Skip
1,talk,27,1,3,Skip
1,talk,28,1,5,Skip
1,talk,29,1,15,VOTE Agent[10]
1,talk,30,2,4,VOTE Agent[14]
1,talk,31,2,13,VOTE Agent[11]
1,talk,32,2,7,VOTE Agent[10]
1,talk,33,2,1,VOTE Agent[10]
1,talk,34,2,3,VOTE Agent[06]
1,talk,35,2,5,VOTE Agent[15]
1,talk,36,2,12,VOTE Agent[03]
1,talk,37,2,2,VOTE Agent[10]
1,talk,38,2,11,VOTE Agent[14]
1,talk,39,2,6,VOTE Agent[09]
1,talk,40,2,8,VOTE Agent[05]
1,talk,41,2,10,VOTE Agent[04]
1,talk,42,2,15,Skip
1,talk,43,2,9,VOTE Agent[10]
1,talk,44,2,14,VOTE Agent[02]
1,talk,45,3,6,Skip
1,talk,46,3,13,Skip
1,talk,47,3,1,Skip
1,talk,48,3,7,Skip
1,talk,49,3,15,Skip
1,talk,50,3,8,Skip
1,talk,51,3,5,Skip
1,talk,52,3,2,Skip
1,talk,53,3,11,Skip
1,talk,54,3,4,Skip
1,talk,55,3,9,Skip
1,talk,56,3,12,Skip
1,talk,57,3,14,Skip
1,talk,58,3,10,Skip
1,talk,59,3,3,Skip
1,talk,60,4,15,Over
1,talk,61,4,14,Skip
1,talk,62,4,10,Skip
1,talk,63,4,2,Skip
1,talk,64,4,1,Skip
1,talk,65,4,5,Skip
1,talk,66,4,11,Skip
1,talk,67,4,9,Skip
1,talk,68,4,6,Skip
1,talk,69,4,7,Skip
1,talk,70,4,4,Skip
1,talk,71,4,8,Skip
1,talk,72,4,12,Skip
1,talk,73,4,13,Skip
1,talk,74,4,3,Skip
1,talk,75,5,5,Over
1,talk,76,5,8,Over
1,talk,77,5,7,Over
1,talk,78,5,14,Over
1,talk,79,5,15,Over
1,talk,80,5,1,Over
1,talk,81,5,11,Over
1,talk,82,5,2,Over
1,talk,83,5,4,Over
1,talk,84,5,10,Over
1,talk,85,5,6,Over
1,talk,86,5,13,Over
1,talk,87,5,3,Over
1,talk,88,5,9,Over
1,talk,89,5,12,Over
1,vote,1,10
1,vote,2,10
1,vote,3,6
1,vote,4,14
1,vote,5,15
1,vote,6,9
1,vote,7,10
1,vote,8,5
1,vote,9,10
1,vote,10,4
1,vote,11,14
1,vote,12,3
1,vote,13,11
1,vote,14,2
1,vote,15,10
1,execute,10,VILLAGER
1,divine,9,11,WEREWOLF
1,whisper,0,0,11,ATTACK Agent[04]
1,whisper,1,0,7,ATTACK Agent[08]
1,whisper,2,0,1,ATTACK Agent[14]
1,whisper,3,1,11,Skip
1,whisper,4,1,7,Skip
1,whisper,5,1,1,Skip
1,whisper,6,2,1,Skip
1,whisper,7,2,11,Skip
1,whisper,8,2,7,Skip
1,whisper,9,3,11,Over
1,whisper,10,3,1,Over
1,whisper,11,3,7,Over
1,guard,6,9,SEER
1,attack,2,true
2,status,1,WEREWOLF,ALIVE,Sample9
2,status,2,VILLAGER,DEAD,Sample12
2,status,3,VILLAGER,ALIVE,Sample8
2,status,4,MEDIUM,ALIVE,Sample11
2,status,5,POSSESSED,ALIVE,Sample7
2,status,6,BODYGUARD,ALIVE,Sample10
2,status,7,WEREWOLF,ALIVE,Sample6
2,status,8,VILLAGER,ALIVE,Sample5
2,status,9,SEER,ALIVE,Sample4
2,status,10,VILLAGER,DEAD,Sample3
2,status,11,WEREWOLF,ALIVE,Sample14
2,status,12,VILLAGER,ALIVE,Sample2
2,status,13,VILLAGER,ALIVE,Sample13
2,status,14,VILLAGER,ALIVE,Sample1
2,status,15,VILLAGER,ALIVE,cash_dqn
2,talk,0,0,1,ESTIMATE Agent[03] WEREWOLF
2,talk,1,0,15,Skip
2,talk,2,0,6,Skip
2,talk,3,0,4,Skip
2,talk,4,0,14,Skip
2,talk,5,0,9,COMINGOUT Agent[09] SEER
2,talk,6,0,7,ESTIMATE Agent[15] WEREWOLF
2,talk,7,0,3,Skip
2,talk,8,0,12,Skip
2,talk,9,0,8,Skip
2,talk,10,0,11,ESTIMATE Agent[05] WEREWOLF
2,talk,11,0,5,Skip
2,talk,12,0,13,Skip
2,talk,13,1,14,Skip
2,talk,14,1,9,AND (DAY 1 (DIVINED Agent[12] HUMAN)) (DAY 2 (DIVINED Agent[11] WEREWOLF))
2,talk,15,1,5,COMINGOUT Agent[05] SEER
2,talk,16,1,4,Skip
2,talk,17,1,3,Skip
2,talk,18,1,15,VOTE Agent[08]
2,talk,19,1,1,Skip
2,talk,20,1,6,Skip
2,talk,21,1,11,Skip
2,talk,22,1,13,Skip
2,talk,23,1,8,Skip
2,talk,24,1,12,Skip
2,talk,25,1,7,Skip
2,talk,26,2,13,VOTE Agent[01]
2,talk,27,2,15,Skip
2,talk,28,2,14,VOTE Agent[12]
2,talk,29,2,3,VOTE Agent[01]
2,talk,30,2,1,VOTE Agent[03]
2,talk,31,2,4,VOTE Agent[01]
2,talk,32,2,9,BECAUSE (DAY 2 (DIVINED Agent[11] WEREWOLF)) (REQUEST ANY (VOTE Agent[11]))
2,talk,33,2,6,VOTE Agent[04]
2,talk,34,2,5,AND (DAY 1 (DIVINED Agent[04] HUMAN)) (DAY 2 (DIVINED Agent[09] WEREWOLF))
2,talk,35,2,11,VOTE Agent[05]
2,talk,36,2,12,VOTE Agent[03]
2,talk,37,2,8,VOTE Agent[07]
2,talk,38,2,7,VOTE Agent[15]
2,talk,39,3,14,Skip
2,talk,40,3,5,VOTE Agent[09]
2,talk,41,3,13,Skip
2,talk,42,3,6,Skip
2,talk,43,3,15,Skip
2,talk,44,3,11,ESTIMATE Agent[12] WEREWOLF
2,talk,45,3,12,Skip
2,talk,46,3,1,Skip
2,talk,47,3,9,INQUIRE ANY (VOTE Agent[11])
2,talk,48,3,7,Skip
2,talk,49,3,8,Skip
2,talk,50,3,3,Skip
2,talk,51,3,4,Skip
2,talk,52,4,5,Skip
2,talk,53,4,14,Skip
2,talk,54,4,7,Skip
2,talk,55,4,9,BECAUSE (DIVINED Agent[11] WEREWOLF) (VOTE Agent[11])
2,talk,56,4,3,Skip
2,talk,57,4,11,VOTE Agent[12]
2,talk,58,4,15,Over
2,talk,59,4,12,Skip
2,talk,60,4,8,Skip
2,talk,61,4,1,Skip
2,talk,62,4,6,Skip
2,talk,63,4,13,Skip
2,talk,64,4,4,Skip
2,talk,65,5,13,Over
2,talk,66,5,11,Skip
2,talk,67,5,4,Over
2,talk,68,5,3,Over
2,talk,69,5,14,Over
2,talk,70,5,5,Skip
2,talk,71,5,12,Over
2,talk,72,5,7,Over
2,talk,73,5,15,Over
2,talk,74,5,6,Over
2,talk,75,5,8,Over
2,talk,76,5,1,Over
2,talk,77,5,9,Skip
2,talk,78,6,1,Over
2,talk,79,6,7,Over
2,talk,80,6,5,Over
2,talk,81,6,4,Over
2,talk,82,6,8,Over
2,talk,83,6,9,Skip
2,talk,84,6,11,Skip
2,talk,85,6,6,Over
2,talk,86,6,13,Over
2,talk,87,6,12,Over
2,talk,88,6,14,Over
2,talk,89,6,3,Over
2,talk,90,6,15,Over
2,talk,91,7,4,Over
2,talk,92,7,6,Over
2,talk,93,7,15,Over
2,talk,94,7,9,Over
2,talk,95,7,12,Over
2,talk,96,7,3,Over
2,talk,97,7,7,Over
2,talk,98,7,5,Over
2,talk,99,7,8,Over
2,talk,100,7,13,Over
2,talk,101,7,1,Over
2,talk,102,7,14,Over
2,talk,103,7,11,Over
2,vote,1,3
2,vote,3,1
2,vote,4,1
2,vote,5,9
2,vote,6,4
2,vote,7,15
2,vote,8,7
2,vote,9,11
2,vote,11,12
2,vote,12,3
2,vote,13,1
2,vote,14,12
2,vote,15,3
2,vote,1,3
2,vote,3,1
2,vote,4,1
2,vote,5,9
2,vote,6,4
2,vote,7,15
2,vote,8,7
2,vote,9,11
2,vote,11,12
2,vote,12,3
2,vote,13,1
2,vote,14,12
2,vote,15,14
2,execute,1,WEREWOLF
2,divine,9,13,HUMAN
2,whisper,0,0,7,BECAUSE (AND (NOT (COMINGOUT Agent[05] WEREWOLF)) (NOT (COMINGOUT Agent[09] WEREWOLF)) (DAY 2 (Agent[05] DIVINED Agent[09] WEREWOLF))) (ESTIMATE Agent[05] POSSESSED)
2,whisper,1,0,11,BECAUSE (AND (NOT (COMINGOUT Agent[05] WEREWOLF)) (NOT (COMINGOUT Agent[09] WEREWOLF)) (DAY 2 (Agent[05] DIVINED Agent[09] WEREWOLF))) (ESTIMATE Agent[05] POSSESSED)
2,whisper,2,1,7,BECAUSE (Agent[09] COMINGOUT Agent[09] SEER) (ATTACK Agent[09])
2,whisper,3,1,11,BECAUSE (Agent[09] COMINGOUT Agent[09] SEER) (ATTACK Agent[09])
2,whisper,4,2,11,Skip
2,whisper,5,2,7,Skip
2,whisper,6,3,7,Skip
2,whisper,7,3,11,Skip
2,whisper,8,4,7,Over
2,whisper,9,4,11,Over
2,guard,6,5,POSSESSED
2,attack,13,true
3,status,1,WEREWOLF,DEAD,Sample9
3,status,2,VILLAGER,DEAD,Sample12
3,status,3,VILLAGER,ALIVE,Sample8
3,status,4,MEDIUM,ALIVE,Sample11
3,status,5,POSSESSED,ALIVE,Sample7
3,status,6,BODYGUARD,ALIVE,Sample10
3,status,7,WEREWOLF,ALIVE,Sample6
3,status,8,VILLAGER,ALIVE,Sample5
3,status,9,SEER,ALIVE,Sample4
3,status,10,VILLAGER,DEAD,Sample3
3,status,11,WEREWOLF,ALIVE,Sample14
3,status,12,VILLAGER,ALIVE,Sample2
3,status,13,VILLAGER,DEAD,Sample13
3,status,14,VILLAGER,ALIVE,Sample1
3,status,15,VILLAGER,ALIVE,cash_dqn
3,talk,0,0,3,Skip
3,talk,1,0,11,ESTIMATE Agent[04] WEREWOLF
3,talk,2,0,14,Skip
3,talk,3,0,6,Skip
3,talk,4,0,4,COMINGOUT Agent[04] MEDIUM
3,talk,5,0,5,DAY 3 (DIVINED Agent[03] HUMAN)
3,talk,6,0,8,Skip
3,talk,7,0,7,ESTIMATE Agent[03] WEREWOLF
3,talk,8,0,9,DAY 3 (DIVINED Agent[13] HUMAN)
3,talk,9,0,15,Skip
3,talk,10,0,12,Skip
3,talk,11,1,6,Skip
3,talk,12,1,11,Skip
3,talk,13,1,3,Skip
3,talk,14,1,5,BECAUSE (DAY 2 (DIVINED Agent[09] WEREWOLF)) (REQUEST ANY (VOTE Agent[09]))
3,talk,15,1,12,Skip
3,talk,16,1,8,Skip
3,talk,17,1,14,Skip
3,talk,18,1,9,BECAUSE (DAY 2 (DIVINED Agent[11] WEREWOLF)) (REQUEST ANY (VOTE Agent[11]))
3,talk,19,1,15,VOTE Agent[10]
3,talk,20,1,4,AND (DAY 2 (IDENTIFIED Agent[10] HUMAN)) (DAY 3 (IDENTIFIED Agent[01] WEREWOLF))
3,talk,21,1,7,Skip
3,talk,22,2,15,Skip
3,talk,23,2,4,VOTE Agent[06]
3,talk,24,2,14,VOTE Agent[04]
3,talk,25,2,9,INQUIRE ANY (VOTE Agent[11])
3,talk,26,2,5,INQUIRE ANY (VOTE Agent[09])
3,talk,27,2,11,VOTE Agent[04]
3,talk,28,2,12,VOTE Agent[07]
3,talk,29,2,6,VOTE Agent[11]
3,talk,30,2,7,VOTE Agent[03]
3,talk,31,2,8,VOTE Agent[14]
3,talk,32,2,3,VOTE Agent[11]
3,talk,33,3,9,BECAUSE (DIVINED Agent[11] WEREWOLF) (VOTE Agent[11])
3,talk,34,3,12,Skip
3,talk,35,3,3,Skip
3,talk,36,3,5,BECAUSE (DIVINED Agent[09] WEREWOLF) (VOTE Agent[09])
3,talk,37,3,8,Skip
3,talk,38,3,11,Skip
3,talk,39,3,6,Skip
3,talk,40,3,4,Skip
3,talk,41,3,15,Skip
3,talk,42,3,14,Skip
3,talk,43,3,7,Skip
3,talk,44,4,12,Skip
3,talk,45,4,11,Skip
3,talk,46,4,9,Skip
3,talk,47,4,14,Skip
3,talk,48,4,8,Skip
3,talk,49,4,4,Skip
3,talk,50,4,6,Skip
3,talk,51,4,5,Skip
3,talk,52,4,7,Skip
3,talk,53,4,15,Over
3,talk,54,4,3,Skip
3,talk,55,5,9,Skip
3,talk,56,5,12,Over
3,talk,57,5,15,Over
3,talk,58,5,7,Over
3,talk,59,5,8,Over
3,talk,60,5,3,Over
3,talk,61,5,6,Over
3,talk,62,5,5,Skip
3,talk,63,5,11,Over
3,talk,64,5,14,Over
3,talk,65,5,4,Over
3,talk,66,6,15,Over
3,talk,67,6,3,Over
3,talk,68,6,14,Over
3,talk,69,6,5,Over
3,talk,70,6,8,Over
3,talk,71,6,4,Over
3,talk,72,6,7,Over
3,talk,73,6,9,Over
3,talk,74,6,12,Over
3,talk,75,6,6,Over
3,talk,76,6,11,Over
3,vote,3,11
3,vote,4,6
3,vote,5,9
3,vote,6,11
3,vote,7,3
3,vote,8,14
3,vote,9,11
3,vote,11,4
3,vote,12,7
3,vote,14,4
3,vote,15,5
3,execute,11,WEREWOLF
3,divine,9,7,WEREWOLF
3,guard,6,9,SEER
3,attackVote,7,9
3,attack,9,false
4,status,1,WEREWOLF,DEAD,Sample9
4,status,2,VILLAGER,DEAD,Sample12
4,status,3,VILLAGER,ALIVE,Sample8
4,status,4,MEDIUM,ALIVE,Sample11
4,status,5,POSSESSED,ALIVE,Sample7
4,status,6,BODYGUARD,ALIVE,Sample10
4,status,7,WEREWOLF,ALIVE,Sample6
4,status,8,VILLAGER,ALIVE,Sample5
4,status,9,SEER,ALIVE,Sample4
4,status,10,VILLAGER,DEAD,Sample3
4,status,11,WEREWOLF,DEAD,Sample14
4,status,12,VILLAGER,ALIVE,Sample2
4,status,13,VILLAGER,DEAD,Sample13
4,status,14,VILLAGER,ALIVE,Sample1
4,status,15,VILLAGER,ALIVE,cash_dqn
4,talk,0,0,12,Skip
4,talk,1,0,5,DAY 4 (DIVINED Agent[06] HUMAN)
4,talk,2,0,4,DAY 4 (IDENTIFIED Agent[11] WEREWOLF)
4,talk,3,0,3,Skip
4,talk,4,0,8,Skip
4,talk,5,0,9,DAY 4 (DIVINED Agent[07] WEREWOLF)
4,talk,6,0,14,Skip
4,talk,7,0,6,Skip
4,talk,8,0,7,ESTIMATE Agent[14] WEREWOLF
4,talk,9,0,15,Skip
4,talk,10,1,15,VOTE Agent[02]
4,talk,11,1,12,Skip
4,talk,12,1,7,Skip
4,talk,13,1,8,Skip
4,talk,14,1,3,Skip
4,talk,15,1,4,Skip
4,talk,16,1,6,Skip
4,talk,17,1,5,BECAUSE (DAY 2 (DIVINED Agent[09] WEREWOLF)) (REQUEST ANY (VOTE Agent[09]))
4,talk,18,1,9,BECAUSE (DAY 4 (DIVINED Agent[07] WEREWOLF)) (REQUEST ANY (VOTE Agent[07]))
4,talk,19,1,14,Skip
4,talk,20,2,6,VOTE Agent[08]
4,talk,21,2,14,VOTE Agent[09]
4,talk,22,2,8,VOTE Agent[14]
4,talk,23,2,5,INQUIRE ANY (VOTE Agent[09])
4,talk,24,2,9,INQUIRE ANY (VOTE Agent[07])
4,talk,25,2,3,VOTE Agent[09]
4,talk,26,2,15,Skip
4,talk,27,2,4,VOTE Agent[14]
4,talk,28,2,12,VOTE Agent[15]
4,talk,29,2,7,VOTE Agent[14]
4,talk,30,3,14,Skip
4,talk,31,3,4,Skip
4,talk,32,3,15,Skip
4,talk,33,3,8,Skip
4,talk,34,3,5,BECAUSE (DIVINED Agent[09] WEREWOLF) (VOTE Agent[09])
4,talk,35,3,6,Skip
4,talk,36,3,9,BECAUSE (DIVINED Agent[07] WEREWOLF) (VOTE Agent[07])
4,talk,37,3,7,Skip
4,talk,38,3,3,Skip
4,talk,39,3,12,Skip
4,talk,40,4,12,Skip
4,talk,41,4,9,Skip
4,talk,42,4,4,Skip
4,talk,43,4,8,Skip
4,talk,44,4,7,Skip
4,talk,45,4,5,Skip
4,talk,46,4,15,Over
4,talk,47,4,6,Skip
4,talk,48,4,3,Skip
4,talk,49,4,14,Skip
4,talk,50,5,9,Skip
4,talk,51,5,15,Over
4,talk,52,5,8,Over
4,talk,53,5,12,Over
4,talk,54,5,4,Over
4,talk,55,5,6,Over
4,talk,56,5,7,Over
4,talk,57,5,14,Over
4,talk,58,5,5,Skip
4,talk,59,5,3,Over
4,talk,60,6,15,Over
4,talk,61,6,9,Over
4,talk,62,6,14,Over
4,talk,63,6,8,Over
4,talk,64,6,7,Over
4,talk,65,6,5,Over
4,talk,66,6,6,Over
4,talk,67,6,4,Over
4,talk,68,6,3,Over
4,talk,69,6,12,Over
4,vote,3,9
4,vote,4,14
4,vote,5,9
4,vote,6,8
4,vote,7,14
4,vote,8,14
4,vote,9,7
4,vote,12,15
4,vote,14,9
4,vote,15,14
4,execute,14,VILLAGER
4,divine,9,4,HUMAN
4,guard,6,9,SEER
4,attackVote,7,4
4,attack,4,true
5,status,1,WEREWOLF,DEAD,Sample9
5,status,2,VILLAGER,DEAD,Sample12
5,status,3,VILLAGER,ALIVE,Sample8
5,status,4,MEDIUM,DEAD,Sample11
5,status,5,POSSESSED,ALIVE,Sample7
5,status,6,BODYGUARD,ALIVE,Sample10
5,status,7,WEREWOLF,ALIVE,Sample6
5,status,8,VILLAGER,ALIVE,Sample5
5,status,9,SEER,ALIVE,Sample4
5,status,10,VILLAGER,DEAD,Sample3
5,status,11,WEREWOLF,DEAD,Sample14
5,status,12,VILLAGER,ALIVE,Sample2
5,status,13,VILLAGER,DEAD,Sample13
5,status,14,VILLAGER,DEAD,Sample1
5,status,15,VILLAGER,ALIVE,cash_dqn
5,talk,0,0,9,DAY 5 (DIVINED Agent[04] HUMAN)
5,talk,1,0,6,Skip
5,talk,2,0,7,ESTIMATE Agent[08] WEREWOLF
5,talk,3,0,8,Skip
5,talk,4,0,15,Skip
5,talk,5,0,5,DAY 5 (DIVINED Agent[08] HUMAN)
5,talk,6,0,12,Skip
5,talk,7,0,3,Skip
5,talk,8,1,15,VOTE Agent[07]
5,talk,9,1,8,Skip
5,talk,10,1,5,BECAUSE (DAY 2 (DIVINED Agent[09] WEREWOLF)) (REQUEST ANY (VOTE Agent[09]))
5,talk,11,1,9,BECAUSE (DAY 4 (DIVINED Agent[07] WEREWOLF)) (REQUEST ANY (VOTE Agent[07]))
5,talk,12,1,6,Skip
5,talk,13,1,7,Skip
5,talk,14,1,3,Skip
5,talk,15,1,12,Skip
5,talk,16,2,3,VOTE Agent[15]
5,talk,17,2,5,INQUIRE ANY (VOTE Agent[09])
5,talk,18,2,15,Skip
5,talk,19,2,9,INQUIRE ANY (VOTE Agent[07])
5,talk,20,2,12,VOTE Agent[15]
5,talk,21,2,8,VOTE Agent[12]
5,talk,22,2,6,VOTE Agent[15]
5,talk,23,2,7,VOTE Agent[08]
5,talk,24,3,6,Skip
5,talk,25,3,12,Skip
5,talk,26,3,3,Skip
5,talk,27,3,15,Skip
5,talk,28,3,5,BECAUSE (DIVINED Agent[09] WEREWOLF) (VOTE Agent[09])
5,talk,29,3,9,BECAUSE (DIVINED Agent[07] WEREWOLF) (VOTE Agent[07])
5,talk,30,3,7,Skip
5,talk,31,3,8,Skip
5,talk,32,4,7,Skip
5,talk,33,4,5,Skip
5,talk,34,4,3,Skip
5,talk,35,4,15,Over
5,talk,36,4,12,Skip
5,talk,37,4,8,Skip
5,talk,38,4,6,Skip
5,talk,39,4,9,Skip
5,talk,40,5,12,Over
5,talk,41,5,15,Over
5,talk,42,5,7,Over
5,talk,43,5,5,Skip
5,talk,44,5,8,Over
5,talk,45,5,9,Skip
5,talk,46,5,6,Over
5,talk,47,5,3,Over
5,talk,48,6,8,Over
5,talk,49,6,7,Over
5,talk,50,6,12,Over
5,talk,51,6,6,Over
5,talk,52,6,9,Over
5,talk,53,6,5,Over
5,talk,54,6,3,Over
5,talk,55,6,15,Over
5,vote,3,15
5,vote,5,9
5,vote,6,15
5,vote,7,8
5,vote,8,12
5,vote,9,7
5,vote,12,15
5,vote,15,9
5,execute,15,VILLAGER
5,divine,9,3,HUMAN
5,guard,6,9,SEER
5,attackVote,7,9
5,attack,9,false
6,status,1,WEREWOLF,DEAD,Sample9
6,status,2,VILLAGER,DEAD,Sample12
6,status,3,VILLAGER,ALIVE,Sample8
6,status,4,MEDIUM,DEAD,Sample11
6,status,5,POSSESSED,ALIVE,Sample7
6,status,6,BODYGUARD,ALIVE,Sample10
6,status,7,WEREWOLF,ALIVE,Sample6
6,status,8,VILLAGER,ALIVE,Sample5
6,status,9,SEER,ALIVE,Sample4
6,status,10,VILLAGER,DEAD,Sample3
6,status,11,WEREWOLF,DEAD,Sample14
6,status,12,VILLAGER,ALIVE,Sample2
6,status,13,VILLAGER,DEAD,Sample13
6,status,14,VILLAGER,DEAD,Sample1
6,status,15,VILLAGER,DEAD,cash_dqn
6,talk,0,0,6,Skip
6,talk,1,0,8,Skip
6,talk,2,0,9,DAY 6 (DIVINED Agent[03] HUMAN)
6,talk,3,0,3,Skip
6,talk,4,0,12,Skip
6,talk,5,0,7,ESTIMATE Agent[09] WEREWOLF
6,talk,6,0,5,DAY 6 (DIVINED Agent[12] HUMAN)
6,talk,7,1,5,BECAUSE (DAY 2 (DIVINED Agent[09] WEREWOLF)) (REQUEST ANY (VOTE Agent[09]))
6,talk,8,1,3,Skip
6,talk,9,1,7,Skip
6,talk,10,1,8,Skip
6,talk,11,1,6,Skip
6,talk,12,1,9,BECAUSE (DAY 4 (DIVINED Agent[07] WEREWOLF)) (REQUEST ANY (VOTE Agent[07]))
6,talk,13,1,12,Skip
6,talk,14,2,5,INQUIRE ANY (VOTE Agent[09])
6,talk,15,2,8,VOTE Agent[09]
6,talk,16,2,3,VOTE Agent[12]
6,talk,17,2,12,VOTE Agent[07]
6,talk,18,2,6,VOTE Agent[07]
6,talk,19,2,7,VOTE Agent[09]
6,talk,20,2,9,INQUIRE ANY (VOTE Agent[07])
6,talk,21,3,8,Skip
6,talk,22,3,5,BECAUSE (DIVINED Agent[09] WEREWOLF) (VOTE Agent[09])
6,talk,23,3,12,Skip
6,talk,24,3,9,BECAUSE (DIVINED Agent[07] WEREWOLF) (VOTE Agent[07])
6,talk,25,3,6,Skip
6,talk,26,3,7,Skip
6,talk,27,3,3,Skip
6,talk,28,4,7,Skip
6,talk,29,4,5,Skip
6,talk,30,4,9,Skip
6,talk,31,4,3,Skip
6,talk,32,4,6,Skip
6,talk,33,4,8,Skip
6,talk,34,4,12,Skip
6,talk,35,5,3,Over
6,talk,36,5,6,Over
6,talk,37,5,8,Over
6,talk,38,5,12,Over
6,talk,39,5,7,Over
6,talk,40,5,5,Skip
6,talk,41,5,9,Skip
6,talk,42,6,3,Over
6,talk,43,6,8,Over
6,talk,44,6,6,Over
6,talk,45,6,9,Over
6,talk,46,6,5,Over
6,talk,47,6,7,Over
6,talk,48,6,12,Over
6,vote,3,12
6,vote,5,9
6,vote,6,7
6,vote,7,9
6,vote,8,9
6,vote,9,7
6,vote,12,7
6,vote,3,12
6,vote,5,9
6,vote,6,7
6,vote,7,9
6,vote,8,9
6,vote,9,7
6,vote,12,7
6,execute,7,WEREWOLF
6,divine,9,5,HUMAN
6,guard,6,9,SEER
7,status,1,WEREWOLF,DEAD,Sample9
7,status,2,VILLAGER,DEAD,Sample12
7,status,3,VILLAGER,ALIVE,Sample8
7,status,4,MEDIUM,DEAD,Sample11
7,status,5,POSSESSED,ALIVE,Sample7
7,status,6,BODYGUARD,ALIVE,Sample10
7,status,7,WEREWOLF,DEAD,Sample6
7,status,8,VILLAGER,ALIVE,Sample5
7,status,9,SEER,ALIVE,Sample4
7,status,10,VILLAGER,DEAD,Sample3
7,status,11,WEREWOLF,DEAD,Sample14
7,status,12,VILLAGER,ALIVE,Sample2
7,status,13,VILLAGER,DEAD,Sample13
7,status,14,VILLAGER,DEAD,Sample1
7,status,15,VILLAGER,DEAD,cash_dqn
7,result,6,0,VILLAGER
