0,status,1,WEREWOLF,ALIVE,Sample9
0,status,2,SEER,ALIVE,Sample12
0,status,3,POSSESSED,ALIVE,Sample8
0,status,4,VILLAGER,ALIVE,Sample11
0,status,5,VILLAGER,ALIVE,Sample7
0,status,6,WEREWOLF,ALIVE,Sample10
0,status,7,VILLAGER,ALIVE,Sample6
0,status,8,VILLAGER,ALIVE,Sample5
0,status,9,VILLAGER,ALIVE,Sample4
0,status,10,VILLAGER,ALIVE,Sample3
0,status,11,VILLAGER,ALIVE,Sample14
0,status,12,WEREWOLF,ALIVE,Sample2
0,status,13,VILLAGER,ALIVE,Sample13
0,status,14,BODYGUARD,ALIVE,Sample1
0,status,15,MEDIUM,ALIVE,cash_dqn
0,whisper,0,0,1,COMINGOUT Agent[01] MEDIUM
0,whisper,1,0,12,COMINGOUT Agent[12] SEER
0,whisper,2,0,6,COMINGOUT Agent[06] VILLAGER
0,whisper,3,1,6,ATTACK Agent[02]
0,whisper,4,1,1,ATTACK Agent[07]
0,whisper,5,1,12,ATTACK Agent[15]
0,whisper,6,2,1,Skip
0,whisper,7,2,6,Skip
0,whisper,8,2,12,Skip
0,whisper,9,3,1,Skip
0,whisper,10,3,6,Skip
0,whisper,11,3,12,Skip
0,whisper,12,4,1,Over
0,whisper,13,4,12,Over
0,whisper,14,4,6,Over
0,divine,2,6,WEREWOLF
1,status,1,WEREWOLF,ALIVE,Sample9
1,status,2,SEER,ALIVE,Sample12
1,status,3,POSSESSED,ALIVE,Sample8
1,status,4,VILLAGER,ALIVE,Sample11
1,status,5,VILLAGER,ALIVE,Sample7
1,status,6,WEREWOLF,ALIVE,Sample10
1,status,7,VILLAGER,ALIVE,Sample6
1,status,8,VILLAGER,ALIVE,Sample5
1,status,9,VILLAGER,ALIVE,Sample4
1,status,10,VILLAGER,ALIVE,Sample3
1,status,11,VILLAGER,ALIVE,Sample14
1,status,12,WEREWOLF,ALIVE,Sample2
1,status,13,VILLAGER,ALIVE,Sample13
1,status,14,BODYGUARD,ALIVE,Sample1
1,status,15,MEDIUM,ALIVE,cash_dqn
1,talk,0,0,4,Skip
1,talk,1,0,5,Skip
1,talk,2,0,3,Skip
1,talk,3,0,8,Skip
1,talk,4,0,2,COMINGOUT Agent[02] SEER
1,talk,5,0,13,Skip
1,talk,6,0,14,Skip
1,talk,7,0,11,Skip
1,talk,8,0,9,Skip
1,talk,9,0,1,ESTIMATE Agent[07] WEREWOLF
1,talk,10,0,15,Over
1,talk,11,0,7,Skip
1,talk,12,0,6,ESTIMATE Agent[05] WEREWOLF
1,talk,13,0,12,ESTIMATE Agent[02] WEREWOLF
1,talk,14,0,10,Skip
1,talk,15,1,3,COMINGOUT Agent[03] SEER
1,talk,16,1,13,Skip
1,talk,17,1,2,DAY 1 (DIVINED Agent[06] WEREWOLF)
1,talk,18,1,7,Skip
1,talk,19,1,6,Skip
1,talk,20,1,10,Skip
1,talk,21,1,14,Skip
1,talk,22,1,11,Skip
1,talk,23,1,8,Skip
1,talk,24,1,1,Skip
1,talk,25,1,9,Skip
1,talk,26,1,15,Over
1,talk,27,1,4,Skip
1,talk,28,1,12,COMINGOUT Agent[12] SEER
1,talk,29,1,5,Skip
1,talk,30,2,8,VOTE Agent[03]
1,talk,31,2,10,VOTE Agent[07]
1,talk,32,2,7,VOTE Agent[10]
1,talk,33,2,15,Over
1,talk,34,2,9,VOTE Agent[13]
1,talk,35,2,5,VOTE Agent[06]
1,talk,36,2,11,VOTE Agent[01]
1,talk,37,2,2,BECAUSE (DAY 1 (DIVINED Agent[06] WEREWOLF)) (REQUEST ANY (VOTE Agent[06]))
1,talk,38,2,6,VOTE Agent[05]
1,talk,39,2,14,VOTE Agent[08]
1,talk,40,2,3,DAY 1 (DIVINED Agent[02] WEREWOLF)
1,talk,41,2,1,VOTE Agent[07]
1,talk,42,2,13,VOTE Agent[06]
1,talk,43,2,4,VOTE Agent[08]
1,talk,44,2,12,DIVINED Agent[01] HUMAN
1,talk,45,3,13,Skip
1,talk,46,3,12,VOTE Agent[02]
1,talk,47,3,6,Skip
1,talk,48,3,5,Skip
1,talk,49,3,11,Skip
1,talk,50,3,2,INQUIRE ANY (VOTE Agent[06])
1,talk,51,3,10,Skip
1,talk,52,3,8,Skip
1,talk,53,3,3,BECAUSE (DAY 1 (DIVINED Agent[02] WEREWOLF)) (REQUEST ANY (VOTE Agent[02]))
1,talk,54,3,7,Skip
1,talk,55,3,15,Over
1,talk,56,3,9,Skip
1,talk,57,3,1,Skip
1,talk,58,3,4,Skip
1,talk,59,3,14,Skip
1,talk,60,4,7,Skip
1,talk,61,4,5,Skip
1,talk,62,4,11,Skip
1,talk,63,4,2,BECAUSE (DIVINED Agent[06] WEREWOLF) (VOTE Agent[06])
1,talk,64,4,1,Skip
1,talk,65,4,13,Skip
1,talk,66,4,6,Skip
1,talk,67,4,15,Over
1,talk,68,4,10,Skip
1,talk,69,4,14,Skip
1,talk,70,4,8,Skip
1,talk,71,4,12,Skip
1,talk,72,4,4,Skip
1,talk,73,4,3,INQUIRE ANY (VOTE Agent[02])
1,talk,74,4,9,Skip
1,talk,75,5,3,BECAUSE (DIVINED Agent[02] WEREWOLF) (VOTE Agent[02])
1,talk,76,5,10,Over
1,talk,77,5,13,Over
1,talk,78,5,14,Over
1,talk,79,5,6,Over
1,talk,80,5,12,Skip
1,talk,81,5,11,Over
1,talk,82,5,7,Over
1,talk,83,5,2,Skip
1,talk,84,5,5,Over
1,talk,85,5,1,Over
1,talk,86,5,9,Over
1,talk,87,5,8,Over
1,talk,88,5,15,Over
1,talk,89,5,4,Over
1,talk,90,6,4,Over
1,talk,91,6,6,Over
1,talk,92,6,8,Over
1,talk,93,6,15,Over
1,talk,94,6,5,Over
1,talk,95,6,2,Skip
1,talk,96,6,13,Over
1,talk,97,6,9,Over
1,talk,98,6,7,Over
1,talk,99,6,10,Over
1,talk,100,6,14,Over
1,talk,101,6,1,Over
1,talk,102,6,12,Over
1,talk,103,6,11,Over
1,talk,104,6,3,Skip
1,talk,105,7,12,Over
1,talk,106,7,6,Over
1,talk,107,7,1,Over
1,talk,108,7,4,Over
1,talk,109,7,3,Skip
1,talk,110,7,8,Over
1,talk,111,7,15,Over
1,talk,112,7,5,Over
1,talk,113,7,14,Over
1,talk,114,7,11,Over
1,talk,115,7,9,Over
1,talk,116,7,13,Over
1,talk,117,7,2,Over
1,talk,118,7,10,Over
1,talk,119,7,7,Over
1,talk,120,8,4,Over
1,talk,121,8,11,Over
1,talk,122,8,13,Over
1,talk,123,8,9,Over
1,talk,124,8,5,Over
1,talk,125,8,14,Over
1,talk,126,8,10,Over
1,talk,127,8,3,Over
1,talk,128,8,12,Over
1,talk,129,8,15,Over
1,talk,130,8,1,Over
1,talk,131,8,8,Over
1,talk,132,8,6,Over
1,talk,133,8,7,Over
1,talk,134,8,2,Over
1,vote,1,7
1,vote,2,6
1,vote,3,2
1,vote,4,8
1,vote,5,6
1,vote,6,5
1,vote,7,10
1,vote,8,3
1,vote,9,13
1,vote,10,7
1,vote,11,1
1,vote,12,2
1,vote,13,6
1,vote,14,8
1,vote,15,7
1,vote,1,7
1,vote,2,6
1,vote,3,2
1,vote,4,8
1,vote,5,6
1,vote,6,5
1,vote,7,10
1,vote,8,3
1,vote,9,13
1,vote,10,7
1,vote,11,1
1,vote,12,2
1,vote,13,6
1,vote,14,8
1,vote,15,2
1,execute,6,WEREWOLF
1,divine,2,4,HUMAN
1,whisper,0,0,12,BECAUSE (AND (NOT (COMINGOUT Agent[03] WEREWOLF)) (NOT (COMINGOUT Agent[02] WEREWOLF)) (DAY 1 (Agent[03] DIVINED Agent[02] WEREWOLF))) (ESTIMATE Agent[03] POSSESSED)
1,whisper,1,0,1,BECAUSE (AND (NOT (COMINGOUT Agent[03] WEREWOLF)) (NOT (COMINGOUT Agent[02] WEREWOLF)) (DAY 1 (Agent[03] DIVINED Agent[02] WEREWOLF))) (ESTIMATE Agent[03] POSSESSED)
1,whisper,2,1,1,BECAUSE (Agent[02] COMINGOUT Agent[02] SEER) (ATTACK Agent[02])
1,whisper,3,1,12,BECAUSE (Agent[02] COMINGOUT Agent[02] SEER) (ATTACK Agent[02])
1,whisper,4,2,12,Skip
1,whisper,5,2,1,Skip
1,whisper,6,3,12,Skip
1,whisper,7,3,1,Skip
1,whisper,8,4,12,Over
1,whisper,9,4,1,Over
1,guard,14,12,WEREWOLF
1,attack,7,true
2,status,1,WEREWOLF,ALIVE,Sample9
2,status,2,SEER,ALIVE,Sample12
2,status,3,POSSESSED,ALIVE,Sample8
2,status,4,VILLAGER,ALIVE,Sample11
2,status,5,VILLAGER,ALIVE,Sample7
2,status,6,WEREWOLF,DEAD,Sample10
2,status,7,VILLAGER,DEAD,Sample6
2,status,8,VILLAGER,ALIVE,Sample5
2,status,9,VILLAGER,ALIVE,Sample4
2,status,10,VILLAGER,ALIVE,Sample3
2,status,11,VILLAGER,ALIVE,Sample14
2,status,12,WEREWOLF,ALIVE,Sample2
2,status,13,VILLAGER,ALIVE,Sample13
2,status,14,BODYGUARD,ALIVE,Sample1
2,status,15,MEDIUM,ALIVE,cash_dqn
2,talk,0,0,15,Over
2,talk,1,0,10,Skip
2,talk,2,0,4,Skip
2,talk,3,0,2,DAY 2 (DIVINED Agent[04] HUMAN)
2,talk,4,0,8,Skip
2,talk,5,0,14,Skip
2,talk,6,0,13,Skip
2,talk,7,0,1,ESTIMATE Agent[08] WEREWOLF
2,talk,8,0,3,DAY 2 (DIVINED Agent[11] HUMAN)
2,talk,9,0,11,Skip
2,talk,10,0,5,Skip
2,talk,11,0,12,DIVINED Agent[09] WEREWOLF
2,talk,12,0,9,Skip
2,talk,13,1,1,Skip
2,talk,14,1,9,BECAUSE (AND (COMINGOUT Agent[09] VILLAGER) (DAY 2 (Agent[12] DIVINED Agent[09] WEREWOLF))) (XOR (ESTIMATE Agent[12] WEREWOLF) (ESTIMATE Agent[12] POSSESSED))
2,talk,15,1,15,Over
2,talk,16,1,3,BECAUSE (DAY 1 (DIVINED Agent[02] WEREWOLF)) (REQUEST ANY (VOTE Agent[02]))
2,talk,17,1,12,ESTIMATE Agent[09] WEREWOLF
2,talk,18,1,5,Skip
2,talk,19,1,4,Skip
2,talk,20,1,2,BECAUSE (AND (COMINGOUT Agent[02] SEER) (Agent[12] COMINGOUT Agent[12] SEER)) (XOR (ESTIMATE Agent[12] WEREWOLF) (ESTIMATE Agent[12] POSSESSED))
2,talk,21,1,13,Skip
2,talk,22,1,8,Skip
2,talk,23,1,14,Skip
2,talk,24,1,10,Skip
2,talk,25,1,11,Skip
2,talk,26,2,12,VOTE Agent[09]
2,talk,27,2,8,VOTE Agent[04]
2,talk,28,2,13,VOTE Agent[11]
2,talk,29,2,4,VOTE Agent[09]
2,talk,30,2,15,Over
2,talk,31,2,10,VOTE Agent[15]
2,talk,32,2,9,BECAUSE (XOR (ESTIMATE Agent[12] WEREWOLF) (ESTIMATE Agent[12] POSSESSED)) (VOTE Agent[12])
2,talk,33,2,1,VOTE Agent[08]
2,talk,34,2,2,BECAUSE (XOR (ESTIMATE Agent[12] WEREWOLF) (ESTIMATE Agent[12] POSSESSED)) (VOTE Agent[12])
2,talk,35,2,14,VOTE Agent[09]
2,talk,36,2,11,VOTE Agent[05]
2,talk,37,2,5,VOTE Agent[09]
2,talk,38,2,3,INQUIRE ANY (VOTE Agent[02])
2,talk,39,3,4,Skip
2,talk,40,3,12,Skip
2,talk,41,3,14,Skip
2,talk,42,3,5,Skip
2,talk,43,3,9,Skip
2,talk,44,3,13,Skip
2,talk,45,3,10,Skip
2,talk,46,3,2,Skip
2,talk,47,3,3,BECAUSE (DIVINED Agent[02] WEREWOLF) (VOTE Agent[02])
2,talk,48,3,8,Skip
2,talk,49,3,1,Skip
2,talk,50,3,15,Over
2,talk,51,3,11,Skip
2,talk,52,4,10,Skip
2,talk,53,4,5,Skip
2,talk,54,4,2,Skip
2,talk,55,4,15,Over
2,talk,56,4,14,Skip
2,talk,57,4,13,Skip
2,talk,58,4,4,Skip
2,talk,59,4,12,Skip
2,talk,60,4,9,Skip
2,talk,61,4,3,Skip
2,talk,62,4,8,Skip
2,talk,63,4,1,Skip
2,talk,64,4,11,Skip
2,talk,65,5,5,Over
2,talk,66,5,12,Over
2,talk,67,5,13,Over
2,talk,68,5,9,Over
2,talk,69,5,8,Over
2,talk,70,5,3,Skip
2,talk,71,5,1,Over
2,talk,72,5,11,Over
2,talk,73,5,15,Over
2,talk,74,5,10,Over
2,talk,75,5,2,Over
2,talk,76,5,4,Over
2,talk,77,5,14,Over
2,talk,78,6,15,Over
2,talk,79,6,10,Over
2,talk,80,6,8,Over
2,talk,81,6,4,Over
2,talk,82,6,11,Over
2,talk,83,6,9,Over
2,talk,84,6,5,Over
2,talk,85,6,12,Over
2,talk,86,6,1,Over
2,talk,87,6,2,Over
2,talk,88,6,13,Over
2,talk,89,6,3,Over
2,talk,90,6,14,Over
2,vote,1,8
2,vote,2,12
2,vote,3,2
2,vote,4,9
2,vote,5,9
2,vote,8,4
2,vote,9,12
2,vote,10,15
2,vote,11,5
2,vote,12,9
2,vote,13,11
2,vote,14,9
2,vote,15,14
2,execute,9,VILLAGER
2,divine,2,3,HUMAN
2,whisper,0,0,1,BECAUSE (Agent[02] COMINGOUT Agent[02] SEER) (ATTACK Agent[02])
2,whisper,1,0,12,BECAUSE (Agent[02] COMINGOUT Agent[02] SEER) (ATTACK Agent[02])
2,whisper,2,1,1,Skip
2,whisper,3,1,12,Skip
2,whisper,4,2,12,Skip
2,whisper,5,2,1,Skip
2,whisper,6,3,12,Over
2,whisper,7,3,1,Over
2,guard,14,3,POSSESSED
2,attack,4,true
3,status,1,WEREWOLF,ALIVE,Sample9
3,status,2,SEER,ALIVE,Sample12
3,status,3,POSSESSED,ALIVE,Sample8
3,status,4,VILLAGER,DEAD,Sample11
3,status,5,VILLAGER,ALIVE,Sample7
3,status,6,WEREWOLF,DEAD,Sample10
3,status,7,VILLAGER,DEAD,Sample6
3,status,8,VILLAGER,ALIVE,Sample5
3,status,9,VILLAGER,DEAD,Sample4
3,status,10,VILLAGER,ALIVE,Sample3
3,status,11,VILLAGER,ALIVE,Sample14
3,status,12,WEREWOLF,ALIVE,Sample2
3,status,13,VILLAGER,ALIVE,Sample13
3,status,14,BODYGUARD,ALIVE,Sample1
3,status,15,MEDIUM,ALIVE,cash_dqn
3,talk,0,0,15,Over
3,talk,1,0,2,DAY 3 (DIVINED Agent[03] HUMAN)
3,talk,2,0,11,Skip
3,talk,3,0,13,Skip
3,talk,4,0,3,DAY 3 (DIVINED Agent[14] HUMAN)
3,talk,5,0,12,DIVINED Agent[13] WEREWOLF
3,talk,6,0,10,Skip
3,talk,7,0,14,Skip
3,talk,8,0,5,Skip
3,talk,9,0,8,Skip
3,talk,10,0,1,COMINGOUT Agent[01] MEDIUM
3,talk,11,1,8,Skip
3,talk,12,1,13,Skip
3,talk,13,1,2,BECAUSE (AND (AND (COMINGOUT Agent[02] SEER) (Agent[03] COMINGOUT Agent[03] SEER)) (DIVINED Agent[03] HUMAN)) (ESTIMATE Agent[03] POSSESSED)
3,talk,14,1,3,BECAUSE (DAY 1 (DIVINED Agent[02] WEREWOLF)) (REQUEST ANY (VOTE Agent[02]))
3,talk,15,1,10,Skip
3,talk,16,1,5,Skip
3,talk,17,1,14,Skip
3,talk,18,1,15,Over
3,talk,19,1,1,ESTIMATE Agent[08] WEREWOLF
3,talk,20,1,11,Skip
3,talk,21,1,12,ESTIMATE Agent[02] WEREWOLF
3,talk,22,2,1,IDENTIFIED Agent[06] HUMAN
3,talk,23,2,14,VOTE Agent[15]
3,talk,24,2,11,VOTE Agent[10]
3,talk,25,2,5,VOTE Agent[08]
3,talk,26,2,13,VOTE Agent[12]
3,talk,27,2,10,VOTE Agent[11]
3,talk,28,2,3,INQUIRE ANY (VOTE Agent[02])
3,talk,29,2,2,BECAUSE (AND (COMINGOUT Agent[02] SEER) (Agent[12] COMINGOUT Agent[12] SEER)) (XOR (ESTIMATE Agent[12] WEREWOLF) (ESTIMATE Agent[12] POSSESSED))
3,talk,30,2,12,VOTE Agent[02]
3,talk,31,2,15,Over
3,talk,32,2,8,VOTE Agent[05]
3,talk,33,3,12,Skip
3,talk,34,3,11,Skip
3,talk,35,3,13,Skip
3,talk,36,3,1,IDENTIFIED Agent[09] HUMAN
3,talk,37,3,3,BECAUSE (DIVINED Agent[02] WEREWOLF) (VOTE Agent[02])
3,talk,38,3,14,Skip
3,talk,39,3,15,Over
3,talk,40,3,5,Skip
3,talk,41,3,8,Skip
3,talk,42,3,10,Skip
3,talk,43,3,2,BECAUSE (XOR (ESTIMATE Agent[12] WEREWOLF) (ESTIMATE Agent[12] POSSESSED)) (VOTE Agent[12])
3,talk,44,4,8,Skip
3,talk,45,4,12,Skip
3,talk,46,4,15,Over
3,talk,47,4,14,Skip
3,talk,48,4,2,Skip
3,talk,49,4,5,Skip
3,talk,50,4,11,Skip
3,talk,51,4,1,VOTE Agent[08]
3,talk,52,4,10,Skip
3,talk,53,4,13,Skip
3,talk,54,4,3,Skip
3,talk,55,5,2,Skip
3,talk,56,5,15,Over
3,talk,57,5,13,Over
3,talk,58,5,3,Skip
3,talk,59,5,5,Over
3,talk,60,5,8,Over
3,talk,61,5,11,Over
3,talk,62,5,1,Skip
3,talk,63,5,12,Over
3,talk,64,5,10,Over
3,talk,65,5,14,Over
3,talk,66,6,11,Over
3,talk,67,6,2,Over
3,talk,68,6,15,Over
3,talk,69,6,8,Over
3,talk,70,6,1,Skip
3,talk,71,6,5,Over
3,talk,72,6,10,Over
3,talk,73,6,12,Over
3,talk,74,6,14,Over
3,talk,75,6,13,Over
3,talk,76,6,3,Over
3,talk,77,7,3,Over
3,talk,78,7,15,Over
3,talk,79,7,11,Over
3,talk,80,7,14,Over
3,talk,81,7,10,Over
3,talk,82,7,12,Over
3,talk,83,7,2,Over
3,talk,84,7,5,Over
3,talk,85,7,13,Over
3,talk,86,7,1,Over
3,talk,87,7,8,Over
3,vote,1,8
3,vote,2,12
3,vote,3,2
3,vote,5,8
3,vote,8,5
3,vote,10,11
3,vote,11,10
3,vote,12,2
3,vote,13,12
3,vote,14,15
3,vote,15,14
3,vote,1,8
3,vote,2,12
3,vote,3,2
3,vote,5,8
3,vote,8,5
3,vote,10,11
3,vote,11,10
3,vote,12,2
3,vote,13,12
3,vote,14,15
3,vote,15,11
3,execute,8,VILLAGER
3,divine,2,1,WEREWOLF
3,whisper,0,0,12,BECAUSE (Agent[02] COMINGOUT Agent[02] SEER) (ATTACK Agent[02])
3,whisper,1,0,1,BECAUSE (Agent[02] COMINGOUT Agent[02] SEER) (ATTACK Agent[02])
3,whisper,2,1,1,Skip
3,whisper,3,1,12,Skip
3,whisper,4,2,1,Skip
3,whisper,5,2,12,Skip
3,whisper,6,3,12,Over
3,whisper,7,3,1,Over
3,guard,14,2,SEER
3,attack,13,true
4,status,1,WEREWOLF,ALIVE,Sample9
4,status,2,SEER,ALIVE,Sample12
4,status,3,POSSESSED,ALIVE,Sample8
4,status,4,VILLAGER,DEAD,Sample11
4,status,5,VILLAGER,ALIVE,Sample7
4,status,6,WEREWOLF,DEAD,Sample10
4,status,7,VILLAGER,DEAD,Sample6
4,status,8,VILLAGER,DEAD,Sample5
4,status,9,VILLAGER,DEAD,Sample4
4,status,10,VILLAGER,ALIVE,Sample3
4,status,11,VILLAGER,ALIVE,Sample14
4,status,12,WEREWOLF,ALIVE,Sample2
4,status,13,VILLAGER,DEAD,Sample13
4,status,14,BODYGUARD,ALIVE,Sample1
4,status,15,MEDIUM,ALIVE,cash_dqn
4,talk,0,0,2,DAY 4 (DIVINED Agent[01] WEREWOLF)
4,talk,1,0,15,Over
4,talk,2,0,1,IDENTIFIED Agent[08] HUMAN
4,talk,3,0,11,BECAUSE (AND (ANY ATTACKED Agent[13]) (DAY 3 (Agent[12] DIVINED Agent[13] WEREWOLF))) (XOR (ESTIMATE Agent[12] WEREWOLF) (ESTIMATE Agent[12] POSSESSED))
4,talk,4,0,5,BECAUSE (AND (ANY ATTACKED Agent[13]) (DAY 3 (Agent[12] DIVINED Agent[13] WEREWOLF))) (XOR (ESTIMATE Agent[12] WEREWOLF) (ESTIMATE Agent[12] POSSESSED))
4,talk,5,0,12,DIVINED Agent[05] HUMAN
4,talk,6,0,3,DAY 4 (DIVINED Agent[10] HUMAN)
4,talk,7,0,14,BECAUSE (AND (ANY ATTACKED Agent[13]) (DAY 3 (Agent[12] DIVINED Agent[13] WEREWOLF))) (XOR (ESTIMATE Agent[12] WEREWOLF) (ESTIMATE Agent[12] POSSESSED))
4,talk,8,0,10,BECAUSE (AND (ANY ATTACKED Agent[13]) (DAY 3 (Agent[12] DIVINED Agent[13] WEREWOLF))) (XOR (ESTIMATE Agent[12] WEREWOLF) (ESTIMATE Agent[12] POSSESSED))
4,talk,9,1,15,Over
4,talk,10,1,11,Skip
4,talk,11,1,5,Skip
4,talk,12,1,1,ESTIMATE Agent[11] WEREWOLF
4,talk,13,1,12,ESTIMATE Agent[02] WEREWOLF
4,talk,14,1,3,BECAUSE (DAY 1 (DIVINED Agent[02] WEREWOLF)) (REQUEST ANY (VOTE Agent[02]))
4,talk,15,1,10,Skip
4,talk,16,1,14,Skip
4,talk,17,1,2,BECAUSE (DAY 4 (DIVINED Agent[01] WEREWOLF)) (REQUEST ANY (VOTE Agent[01]))
4,talk,18,2,10,BECAUSE (XOR (ESTIMATE Agent[12] WEREWOLF) (ESTIMATE Agent[12] POSSESSED)) (VOTE Agent[12])
4,talk,19,2,14,BECAUSE (XOR (ESTIMATE Agent[12] WEREWOLF) (ESTIMATE Agent[12] POSSESSED)) (VOTE Agent[12])
4,talk,20,2,11,BECAUSE (XOR (ESTIMATE Agent[12] WEREWOLF) (ESTIMATE Agent[12] POSSESSED)) (VOTE Agent[12])
4,talk,21,2,12,VOTE Agent[02]
4,talk,22,2,1,VOTE Agent[11]
4,talk,23,2,3,INQUIRE ANY (VOTE Agent[02])
4,talk,24,2,5,BECAUSE (XOR (ESTIMATE Agent[12] WEREWOLF) (ESTIMATE Agent[12] POSSESSED)) (VOTE Agent[12])
4,talk,25,2,2,INQUIRE ANY (VOTE Agent[01])
4,talk,26,2,15,Over
4,talk,27,3,12,Skip
4,talk,28,3,3,BECAUSE (DIVINED Agent[02] WEREWOLF) (VOTE Agent[02])
4,talk,29,3,5,Skip
4,talk,30,3,10,Skip
4,talk,31,3,1,Skip
4,talk,32,3,2,BECAUSE (DIVINED Agent[01] WEREWOLF) (VOTE Agent[01])
4,talk,33,3,14,Skip
4,talk,34,3,15,Over
4,talk,35,3,11,Skip
4,talk,36,4,15,Over
4,talk,37,4,10,Skip
4,talk,38,4,5,Skip
4,talk,39,4,1,Skip
4,talk,40,4,11,Skip
4,talk,41,4,14,Skip
4,talk,42,4,12,Skip
4,talk,43,4,3,Skip
4,talk,44,4,2,Skip
4,talk,45,5,5,Over
4,talk,46,5,1,Over
4,talk,47,5,10,Over
4,talk,48,5,15,Over
4,talk,49,5,2,Skip
4,talk,50,5,14,Over
4,talk,51,5,3,Skip
4,talk,52,5,12,Over
4,talk,53,5,11,Over
4,talk,54,6,12,Over
4,talk,55,6,1,Over
4,talk,56,6,5,Over
4,talk,57,6,11,Over
4,talk,58,6,2,Over
4,talk,59,6,3,Over
4,talk,60,6,15,Over
4,talk,61,6,10,Over
4,talk,62,6,14,Over
4,vote,1,11
4,vote,2,1
4,vote,3,2
4,vote,5,12
4,vote,10,12
4,vote,11,12
4,vote,12,2
4,vote,14,12
4,vote,15,2
4,execute,12,WEREWOLF
4,divine,2,1,WEREWOLF
4,guard,14,2,SEER
4,attackVote,1,2
4,attack,2,false
5,status,1,WEREWOLF,ALIVE,Sample9
5,status,2,SEER,ALIVE,Sample12
5,status,3,POSSESSED,ALIVE,Sample8
5,status,4,VILLAGER,DEAD,Sample11
5,status,5,VILLAGER,ALIVE,Sample7
5,status,6,WEREWOLF,DEAD,Sample10
5,status,7,VILLAGER,DEAD,Sample6
5,status,8,VILLAGER,DEAD,Sample5
5,status,9,VILLAGER,DEAD,Sample4
5,status,10,VILLAGER,ALIVE,Sample3
5,status,11,VILLAGER,ALIVE,Sample14
5,status,12,WEREWOLF,DEAD,Sample2
5,status,13,VILLAGER,DEAD,Sample13
5,status,14,BODYGUARD,ALIVE,Sample1
5,status,15,MEDIUM,ALIVE,cash_dqn
5,talk,0,0,3,DAY 5 (DIVINED Agent[01] HUMAN)
5,talk,1,0,1,IDENTIFIED Agent[12] HUMAN
5,talk,2,0,14,Skip
5,talk,3,0,15,Over
5,talk,4,0,10,Skip
5,talk,5,0,2,DAY 5 (DIVINED Agent[01] WEREWOLF)
5,talk,6,0,11,Skip
5,talk,7,0,5,Skip
5,talk,8,1,2,BECAUSE (DAY 5 (DIVINED Agent[01] WEREWOLF)) (REQUEST ANY (VOTE Agent[01]))
5,talk,9,1,10,Skip
5,talk,10,1,3,BECAUSE (DAY 1 (DIVINED Agent[02] WEREWOLF)) (REQUEST ANY (VOTE Agent[02]))
5,talk,11,1,1,ESTIMATE Agent[05] WEREWOLF
5,talk,12,1,5,Skip
5,talk,13,1,11,Skip
5,talk,14,1,15,Over
5,talk,15,1,14,Skip
5,talk,16,2,14,VOTE Agent[11]
5,talk,17,2,1,VOTE Agent[05]
5,talk,18,2,3,INQUIRE ANY (VOTE Agent[02])
5,talk,19,2,15,Over
5,talk,20,2,5,VOTE Agent[03]
5,talk,21,2,2,INQUIRE ANY (VOTE Agent[01])
5,talk,22,2,10,VOTE Agent[14]
5,talk,23,2,11,VOTE Agent[01]
5,talk,24,3,11,Skip
5,talk,25,3,10,Skip
5,talk,26,3,14,Skip
5,talk,27,3,3,BECAUSE (DIVINED Agent[02] WEREWOLF) (VOTE Agent[02])
5,talk,28,3,1,Skip
5,talk,29,3,2,BECAUSE (DIVINED Agent[01] WEREWOLF) (VOTE Agent[01])
5,talk,30,3,15,Over
5,talk,31,3,5,Skip
5,talk,32,4,10,Skip
5,talk,33,4,11,Skip
5,talk,34,4,3,Skip
5,talk,35,4,2,Skip
5,talk,36,4,1,Skip
5,talk,37,4,15,Over
5,talk,38,4,14,Skip
5,talk,39,4,5,Skip
5,talk,40,5,2,Skip
5,talk,41,5,5,Over
5,talk,42,5,10,Over
5,talk,43,5,14,Over
5,talk,44,5,1,Over
5,talk,45,5,11,Over
5,talk,46,5,3,Skip
5,talk,47,5,15,Over
5,talk,48,6,10,Over
5,talk,49,6,2,Over
5,talk,50,6,5,Over
5,talk,51,6,1,Over
5,talk,52,6,11,Over
5,talk,53,6,15,Over
5,talk,54,6,14,Over
5,talk,55,6,3,Over
5,vote,1,5
5,vote,2,1
5,vote,3,2
5,vote,5,3
5,vote,10,14
5,vote,11,1
5,vote,14,11
5,vote,15,5
5,vote,1,5
5,vote,2,1
5,vote,3,2
5,vote,5,3
5,vote,10,14
5,vote,11,1
5,vote,14,11
5,vote,15,10
5,execute,1,WEREWOLF
5,guard,14,2,SEER
6,status,1,WEREWOLF,DEAD,Sample9
6,status,2,SEER,ALIVE,Sample12
6,status,3,POSSESSED,ALIVE,Sample8
6,status,4,VILLAGER,DEAD,Sample11
6,status,5,VILLAGER,ALIVE,Sample7
6,status,6,WEREWOLF,DEAD,Sample10
6,status,7,VILLAGER,DEAD,Sample6
6,status,8,VILLAGER,DEAD,Sample5
6,status,9,VILLAGER,DEAD,Sample4
6,status,10,VILLAGER,ALIVE,Sample3
6,status,11,VILLAGER,ALIVE,Sample14
6,status,12,WEREWOLF,DEAD,Sample2
6,status,13,VILLAGER,DEAD,Sample13
6,status,14,BODYGUARD,ALIVE,Sample1
6,status,15,MEDIUM,ALIVE,cash_dqn
6,result,7,0,VILLAGER
