0,status,1,VILLAGER,ALIVE,Sample9
0,status,2,SEER,ALIVE,Sample12
0,status,3,VILLAGER,ALIVE,Sample8
0,status,4,BODYGUARD,ALIVE,Sample11
0,status,5,VILLAGER,ALIVE,Sample7
0,status,6,VILLAGER,ALIVE,Sample10
0,status,7,WEREWOLF,ALIVE,Sample6
0,status,8,WEREWOLF,ALIVE,Sample5
0,status,9,VILLAGER,ALIVE,Sample4
0,status,10,WEREWOLF,ALIVE,Sample3
0,status,11,VILLAGER,ALIVE,Sample14
0,status,12,VILLAGER,ALIVE,Sample2
0,status,13,MEDIUM,ALIVE,Sample13
0,status,14,POSSESSED,ALIVE,Sample1
0,status,15,VILLAGER,ALIVE,cash_dqn
0,whisper,0,0,7,COMINGOUT Agent[07] MEDIUM
0,whisper,1,0,8,COMINGOUT Agent[08] MEDIUM
0,whisper,2,0,10,COMINGOUT Agent[10] SEER
0,whisper,3,1,8,ATTACK Agent[14]
0,whisper,4,1,7,ATTACK Agent[11]
0,whisper,5,1,10,ATTACK Agent[11]
0,whisper,6,2,8,Skip
0,whisper,7,2,7,Skip
0,whisper,8,2,10,Skip
0,whisper,9,3,8,Skip
0,whisper,10,3,10,Skip
0,whisper,11,3,7,Skip
0,whisper,12,4,7,Over
0,whisper,13,4,8,Over
0,whisper,14,4,10,Over
0,divine,2,14,HUMAN
1,status,1,VILLAGER,ALIVE,Sample9
1,status,2,SEER,ALIVE,Sample12
1,status,3,VILLAGER,ALIVE,Sample8
1,status,4,BODYGUARD,ALIVE,Sample11
1,status,5,VILLAGER,ALIVE,Sample7
1,status,6,VILLAGER,ALIVE,Sample10
1,status,7,WEREWOLF,ALIVE,Sample6
1,status,8,WEREWOLF,ALIVE,Sample5
1,status,9,VILLAGER,ALIVE,Sample4
1,status,10,WEREWOLF,ALIVE,Sample3
1,status,11,VILLAGER,ALIVE,Sample14
1,status,12,VILLAGER,ALIVE,Sample2
1,status,13,MEDIUM,ALIVE,Sample13
1,status,14,POSSESSED,ALIVE,Sample1
1,status,15,VILLAGER,ALIVE,cash_dqn
1,talk,0,0,2,Skip
1,talk,1,0,6,Skip
1,talk,2,0,12,Skip
1,talk,3,0,7,ESTIMATE Agent[14] WEREWOLF
1,talk,4,0,1,Skip
1,talk,5,0,11,Skip
1,talk,6,0,3,Skip
1,talk,7,0,8,ESTIMATE Agent[15] WEREWOLF
1,talk,8,0,9,Skip
1,talk,9,0,4,Skip
1,talk,10,0,5,Skip
1,talk,11,0,15,Skip
1,talk,12,0,13,Skip
1,talk,13,0,14,Skip
1,talk,14,0,10,COMINGOUT Agent[10] SEER
1,talk,15,1,15,VOTE Agent[10]
1,talk,16,1,14,COMINGOUT Agent[14] SEER
1,talk,17,1,2,COMINGOUT Agent[02] SEER
1,talk,18,1,13,Skip
1,talk,19,1,3,Skip
1,talk,20,1,4,Skip
1,talk,21,1,5,Skip
1,talk,22,1,1,Skip
1,talk,23,1,7,Skip
1,talk,24,1,8,Skip
1,talk,25,1,11,Skip
1,talk,26,1,12,Skip
1,talk,27,1,10,ESTIMATE Agent[02] WEREWOLF
1,talk,28,1,6,Skip
1,talk,29,1,9,Skip
1,talk,30,2,2,DAY 1 (DIVINED Agent[14] HUMAN)
1,talk,31,2,15,Skip
1,talk,32,2,10,DIVINED Agent[02] WEREWOLF
1,talk,33,2,7,VOTE Agent[14]
1,talk,34,2,8,VOTE Agent[15]
1,talk,35,2,3,VOTE Agent[14]
1,talk,36,2,11,VOTE Agent[09]
1,talk,37,2,13,VOTE Agent[10]
1,talk,38,2,12,VOTE Agent[10]
1,talk,39,2,1,VOTE Agent[05]
1,talk,40,2,9,VOTE Agent[15]
1,talk,41,2,4,VOTE Agent[10]
1,talk,42,2,5,VOTE Agent[14]
1,talk,43,2,14,DAY 1 (DIVINED Agent[10] WEREWOLF)
1,talk,44,2,6,VOTE Agent[13]
1,talk,45,3,11,Skip
1,talk,46,3,13,Skip
1,talk,47,3,15,Skip
1,talk,48,3,7,Skip
1,talk,49,3,2,BECAUSE (AND (COMINGOUT Agent[02] SEER) (Agent[10] COMINGOUT Agent[10] SEER)) (XOR (ESTIMATE Agent[10] WEREWOLF) (ESTIMATE Agent[10] POSSESSED))
1,talk,50,3,3,Skip
1,talk,51,3,9,Skip
1,talk,52,3,5,Skip
1,talk,53,3,14,BECAUSE (DAY 1 (DIVINED Agent[10] WEREWOLF)) (REQUEST ANY (VOTE Agent[10]))
1,talk,54,3,4,Skip
1,talk,55,3,6,Skip
1,talk,56,3,8,Skip
1,talk,57,3,1,Skip
1,talk,58,3,10,VOTE Agent[02]
1,talk,59,3,12,Skip
1,talk,60,4,10,Skip
1,talk,61,4,3,Skip
1,talk,62,4,14,INQUIRE ANY (VOTE Agent[10])
1,talk,63,4,15,Over
1,talk,64,4,13,Skip
1,talk,65,4,4,Skip
1,talk,66,4,7,Skip
1,talk,67,4,5,Skip
1,talk,68,4,12,Skip
1,talk,69,4,2,BECAUSE (AND (AND (COMINGOUT Agent[02] SEER) (Agent[14] COMINGOUT Agent[14] SEER)) (DIVINED Agent[14] HUMAN)) (ESTIMATE Agent[14] POSSESSED)
1,talk,70,4,6,Skip
1,talk,71,4,1,Skip
1,talk,72,4,11,Skip
1,talk,73,4,9,Skip
1,talk,74,4,8,Skip
1,talk,75,5,4,Over
1,talk,76,5,8,Over
1,talk,77,5,3,Over
1,talk,78,5,12,Over
1,talk,79,5,9,Over
1,talk,80,5,7,Over
1,talk,81,5,2,BECAUSE (XOR (ESTIMATE Agent[10] WEREWOLF) (ESTIMATE Agent[10] POSSESSED)) (VOTE Agent[10])
1,talk,82,5,13,Over
1,talk,83,5,6,Over
1,talk,84,5,1,Over
1,talk,85,5,11,Over
1,talk,86,5,15,Over
1,talk,87,5,10,Skip
1,talk,88,5,14,BECAUSE (DIVINED Agent[10] WEREWOLF) (VOTE Agent[10])
1,talk,89,5,5,Over
1,talk,90,6,14,Skip
1,talk,91,6,6,Over
1,talk,92,6,5,Over
1,talk,93,6,9,Over
1,talk,94,6,3,Over
1,talk,95,6,13,Over
1,talk,96,6,8,Over
1,talk,97,6,7,Over
1,talk,98,6,4,Over
1,talk,99,6,1,Over
1,talk,100,6,11,Over
1,talk,101,6,15,Over
1,talk,102,6,2,Skip
1,talk,103,6,10,Over
1,talk,104,6,12,Over
1,talk,105,7,13,Over
1,talk,106,7,6,Over
1,talk,107,7,4,Over
1,talk,108,7,7,Over
1,talk,109,7,2,Skip
1,talk,110,7,1,Over
1,talk,111,7,8,Over
1,talk,112,7,10,Over
1,talk,113,7,11,Over
1,talk,114,7,9,Over
1,talk,115,7,3,Over
1,talk,116,7,15,Over
1,talk,117,7,14,Skip
1,talk,118,7,5,Over
1,talk,119,7,12,Over
1,talk,120,8,5,Over
1,talk,121,8,11,Over
1,talk,122,8,8,Over
1,talk,123,8,2,Over
1,talk,124,8,13,Over
1,talk,125,8,14,Over
1,talk,126,8,6,Over
1,talk,127,8,7,Over
1,talk,128,8,15,Over
1,talk,129,8,1,Over
1,talk,130,8,12,Over
1,talk,131,8,9,Over
1,talk,132,8,10,Over
1,talk,133,8,4,Over
1,talk,134,8,3,Over
1,vote,1,5
1,vote,2,10
1,vote,3,14
1,vote,4,10
1,vote,5,14
1,vote,6,13
1,vote,7,14
1,vote,8,15
1,vote,9,15
1,vote,10,2
1,vote,11,9
1,vote,12,10
1,vote,13,10
1,vote,14,10
1,vote,15,7
1,execute,10,WEREWOLF
1,whisper,0,0,7,BECAUSE (Agent[02] COMINGOUT Agent[02] SEER) (ATTACK Agent[02])
1,whisper,1,0,8,BECAUSE (Agent[02] COMINGOUT Agent[02] SEER) (ATTACK Agent[02])
1,whisper,2,1,8,Skip
1,whisper,3,1,7,Skip
1,whisper,4,2,8,Skip
1,whisper,5,2,7,Skip
1,whisper,6,3,8,Over
1,whisper,7,3,7,Over
1,guard,4,14,POSSESSED
1,attack,5,true
2,status,1,VILLAGER,ALIVE,Sample9
2,status,2,SEER,ALIVE,Sample12
2,status,3,VILLAGER,ALIVE,Sample8
2,status,4,BODYGUARD,ALIVE,Sample11
2,status,5,VILLAGER,DEAD,Sample7
2,status,6,VILLAGER,ALIVE,Sample10
2,status,7,WEREWOLF,ALIVE,Sample6
2,status,8,WEREWOLF,ALIVE,Sample5
2,status,9,VILLAGER,ALIVE,Sample4
2,status,10,WEREWOLF,DEAD,Sample3
2,status,11,VILLAGER,ALIVE,Sample14
2,status,12,VILLAGER,ALIVE,Sample2
2,status,13,MEDIUM,ALIVE,Sample13
2,status,14,POSSESSED,ALIVE,Sample1
2,status,15,VILLAGER,ALIVE,cash_dqn
2,talk,0,0,12,Skip
2,talk,1,0,8,COMINGOUT Agent[08] MEDIUM
2,talk,2,0,9,Skip
2,talk,3,0,1,Skip
2,talk,4,0,3,Skip
2,talk,5,0,11,Skip
2,talk,6,0,13,COMINGOUT Agent[13] MEDIUM
2,talk,7,0,2,Skip
2,talk,8,0,7,COMINGOUT Agent[07] MEDIUM
2,talk,9,0,4,Skip
2,talk,10,0,14,DAY 2 (DIVINED Agent[06] HUMAN)
2,talk,11,0,15,Skip
2,talk,12,0,6,Skip
2,talk,13,1,2,Skip
2,talk,14,1,8,ESTIMATE Agent[03] WEREWOLF
2,talk,15,1,3,Skip
2,talk,16,1,9,Skip
2,talk,17,1,13,DAY 2 (IDENTIFIED Agent[10] WEREWOLF)
2,talk,18,1,6,Skip
2,talk,19,1,7,ESTIMATE Agent[14] WEREWOLF
2,talk,20,1,4,Skip
2,talk,21,1,1,Skip
2,talk,22,1,15,VOTE Agent[08]
2,talk,23,1,11,Skip
2,talk,24,1,12,Skip
2,talk,25,1,14,BECAUSE (AND (COMINGOUT Agent[14] SEER) (Agent[02] COMINGOUT Agent[02] SEER)) (XOR (ESTIMATE Agent[02] WEREWOLF) (ESTIMATE Agent[02] POSSESSED))
2,talk,26,2,3,VOTE Agent[09]
2,talk,27,2,13,BECAUSE (AND (COMINGOUT Agent[13] MEDIUM) (Agent[07] COMINGOUT Agent[07] MEDIUM)) (XOR (ESTIMATE Agent[07] WEREWOLF) (ESTIMATE Agent[07] POSSESSED))
2,talk,28,2,1,VOTE Agent[14]
2,talk,29,2,7,IDENTIFIED Agent[10] HUMAN
2,talk,30,2,11,VOTE Agent[07]
2,talk,31,2,14,BECAUSE (XOR (ESTIMATE Agent[02] WEREWOLF) (ESTIMATE Agent[02] POSSESSED)) (VOTE Agent[02])
2,talk,32,2,15,Skip
2,talk,33,2,9,VOTE Agent[07]
2,talk,34,2,8,IDENTIFIED Agent[10] HUMAN
2,talk,35,2,12,VOTE Agent[13]
2,talk,36,2,6,VOTE Agent[04]
2,talk,37,2,4,VOTE Agent[06]
2,talk,38,2,2,VOTE Agent[07]
2,talk,39,3,4,Skip
2,talk,40,3,2,Skip
2,talk,41,3,9,Skip
2,talk,42,3,11,Skip
2,talk,43,3,6,Skip
2,talk,44,3,7,ESTIMATE Agent[13] WEREWOLF
2,talk,45,3,14,Skip
2,talk,46,3,1,Skip
2,talk,47,3,13,BECAUSE (XOR (ESTIMATE Agent[07] WEREWOLF) (ESTIMATE Agent[07] POSSESSED)) (VOTE Agent[07])
2,talk,48,3,15,Skip
2,talk,49,3,8,ESTIMATE Agent[13] WEREWOLF
2,talk,50,3,12,Skip
2,talk,51,3,3,Skip
2,talk,52,4,9,Skip
2,talk,53,4,11,Skip
2,talk,54,4,6,Skip
2,talk,55,4,12,Skip
2,talk,56,4,1,Skip
2,talk,57,4,13,Skip
2,talk,58,4,7,VOTE Agent[13]
2,talk,59,4,15,Over
2,talk,60,4,8,VOTE Agent[13]
2,talk,61,4,4,Skip
2,talk,62,4,2,Skip
2,talk,63,4,14,Skip
2,talk,64,4,3,Skip
2,talk,65,5,15,Over
2,talk,66,5,13,Skip
2,talk,67,5,3,Over
2,talk,68,5,2,Over
2,talk,69,5,14,Over
2,talk,70,5,6,Over
2,talk,71,5,1,Over
2,talk,72,5,9,Over
2,talk,73,5,11,Over
2,talk,74,5,12,Over
2,talk,75,5,4,Over
2,talk,76,5,8,Skip
2,talk,77,5,7,Skip
2,talk,78,6,1,Over
2,talk,79,6,7,Skip
2,talk,80,6,9,Over
2,talk,81,6,15,Over
2,talk,82,6,3,Over
2,talk,83,6,14,Over
2,talk,84,6,13,Over
2,talk,85,6,11,Over
2,talk,86,6,2,Over
2,talk,87,6,6,Over
2,talk,88,6,4,Over
2,talk,89,6,12,Over
2,talk,90,6,8,Skip
2,talk,91,7,1,Over
2,talk,92,7,7,Over
2,talk,93,7,11,Over
2,talk,94,7,8,Over
2,talk,95,7,9,Over
2,talk,96,7,13,Over
2,talk,97,7,6,Over
2,talk,98,7,15,Over
2,talk,99,7,3,Over
2,talk,100,7,14,Over
2,talk,101,7,2,Over
2,talk,102,7,12,Over
2,talk,103,7,4,Over
2,vote,1,14
2,vote,2,7
2,vote,3,9
2,vote,4,6
2,vote,6,4
2,vote,7,13
2,vote,8,13
2,vote,9,7
2,vote,11,7
2,vote,12,13
2,vote,13,7
2,vote,14,2
2,vote,15,9
2,execute,7,WEREWOLF
2,divine,2,13,HUMAN
2,guard,4,14,POSSESSED
2,attackVote,8,13
2,attack,13,true
3,status,1,VILLAGER,ALIVE,Sample9
3,status,2,SEER,ALIVE,Sample12
3,status,3,VILLAGER,ALIVE,Sample8
3,status,4,BODYGUARD,ALIVE,Sample11
3,status,5,VILLAGER,DEAD,Sample7
3,status,6,VILLAGER,ALIVE,Sample10
3,status,7,WEREWOLF,DEAD,Sample6
3,status,8,WEREWOLF,ALIVE,Sample5
3,status,9,VILLAGER,ALIVE,Sample4
3,status,10,WEREWOLF,DEAD,Sample3
3,status,11,VILLAGER,ALIVE,Sample14
3,status,12,VILLAGER,ALIVE,Sample2
3,status,13,MEDIUM,DEAD,Sample13
3,status,14,POSSESSED,ALIVE,Sample1
3,status,15,VILLAGER,ALIVE,cash_dqn
3,talk,0,0,6,Skip
3,talk,1,0,4,Skip
3,talk,2,0,1,Skip
3,talk,3,0,8,IDENTIFIED Agent[07] HUMAN
3,talk,4,0,11,Skip
3,talk,5,0,14,DAY 3 (DIVINED Agent[02] HUMAN)
3,talk,6,0,2,DAY 3 (DIVINED Agent[13] HUMAN)
3,talk,7,0,12,Skip
3,talk,8,0,9,Skip
3,talk,9,0,15,Skip
3,talk,10,0,3,Skip
3,talk,11,1,9,Skip
3,talk,12,1,2,Skip
3,talk,13,1,8,ESTIMATE Agent[02] WEREWOLF
3,talk,14,1,1,Skip
3,talk,15,1,11,Skip
3,talk,16,1,3,Skip
3,talk,17,1,15,VOTE Agent[06]
3,talk,18,1,6,Skip
3,talk,19,1,12,Skip
3,talk,20,1,14,BECAUSE (AND (DAY 1 (DIVINED Agent[10] WEREWOLF)) (DAY 2 (Agent[08] IDENTIFIED Agent[10] HUMAN))) (XOR (ESTIMATE Agent[08] WEREWOLF) (ESTIMATE Agent[08] POSSESSED))
3,talk,21,1,4,Skip
3,talk,22,2,15,Skip
3,talk,23,2,3,VOTE Agent[06]
3,talk,24,2,4,VOTE Agent[15]
3,talk,25,2,1,VOTE Agent[09]
3,talk,26,2,8,VOTE Agent[02]
3,talk,27,2,14,BECAUSE (XOR (ESTIMATE Agent[08] WEREWOLF) (ESTIMATE Agent[08] POSSESSED)) (VOTE Agent[08])
3,talk,28,2,6,VOTE Agent[01]
3,talk,29,2,2,VOTE Agent[07]
3,talk,30,2,9,VOTE Agent[02]
3,talk,31,2,11,VOTE Agent[08]
3,talk,32,2,12,VOTE Agent[08]
3,talk,33,3,6,Skip
3,talk,34,3,9,Skip
3,talk,35,3,2,Skip
3,talk,36,3,1,Skip
3,talk,37,3,3,Skip
3,talk,38,3,14,Skip
3,talk,39,3,4,Skip
3,talk,40,3,15,Skip
3,talk,41,3,8,Skip
3,talk,42,3,12,Skip
3,talk,43,3,11,Skip
3,talk,44,4,8,Skip
3,talk,45,4,12,Skip
3,talk,46,4,15,Over
3,talk,47,4,14,Skip
3,talk,48,4,1,Skip
3,talk,49,4,11,Skip
3,talk,50,4,2,Skip
3,talk,51,4,3,Skip
3,talk,52,4,4,Skip
3,talk,53,4,9,Skip
3,talk,54,4,6,Skip
3,talk,55,5,9,Over
3,talk,56,5,6,Over
3,talk,57,5,2,Over
3,talk,58,5,3,Over
3,talk,59,5,8,Over
3,talk,60,5,14,Over
3,talk,61,5,4,Over
3,talk,62,5,15,Over
3,talk,63,5,12,Over
3,talk,64,5,1,Over
3,talk,65,5,11,Over
3,vote,1,9
3,vote,2,9
3,vote,3,6
3,vote,4,15
3,vote,6,1
3,vote,8,2
3,vote,9,2
3,vote,11,8
3,vote,12,8
3,vote,14,8
3,vote,15,9
3,vote,1,9
3,vote,2,15
3,vote,3,6
3,vote,4,15
3,vote,6,1
3,vote,8,2
3,vote,9,2
3,vote,11,8
3,vote,12,8
3,vote,14,8
3,vote,15,12
3,execute,8,WEREWOLF
3,divine,2,6,HUMAN
3,guard,4,14,POSSESSED
4,status,1,VILLAGER,ALIVE,Sample9
4,status,2,SEER,ALIVE,Sample12
4,status,3,VILLAGER,ALIVE,Sample8
4,status,4,BODYGUARD,ALIVE,Sample11
4,status,5,VILLAGER,DEAD,Sample7
4,status,6,VILLAGER,ALIVE,Sample10
4,status,7,WEREWOLF,DEAD,Sample6
4,status,8,WEREWOLF,DEAD,Sample5
4,status,9,VILLAGER,ALIVE,Sample4
4,status,10,WEREWOLF,DEAD,Sample3
4,status,11,VILLAGER,ALIVE,Sample14
4,status,12,VILLAGER,ALIVE,Sample2
4,status,13,MEDIUM,DEAD,Sample13
4,status,14,POSSESSED,ALIVE,Sample1
4,status,15,VILLAGER,ALIVE,cash_dqn
4,result,10,0,VILLAGER
