0,status,1,MEDIUM,ALIVE,Sample9
0,status,2,SEER,ALIVE,Sample12
0,status,3,VILLAGER,ALIVE,Sample8
0,status,4,VILLAGER,ALIVE,Sample11
0,status,5,BODYGUARD,ALIVE,Sample7
0,status,6,WEREWOLF,ALIVE,Sample10
0,status,7,VILLAGER,ALIVE,Sample6
0,status,8,WEREWOLF,ALIVE,Sample5
0,status,9,VILLAGER,ALIVE,Sample4
0,status,10,VILLAGER,ALIVE,Sample3
0,status,11,WEREWOLF,ALIVE,Sample14
0,status,12,VILLAGER,ALIVE,Sample2
0,status,13,VILLAGER,ALIVE,Sample13
0,status,14,VILLAGER,ALIVE,Sample1
0,status,15,POSSESSED,ALIVE,cash_dqn
0,whisper,0,0,6,COMINGOUT Agent[06] VILLAGER
0,whisper,1,0,11,COMINGOUT Agent[11] SEER
0,whisper,2,0,8,COMINGOUT Agent[08] MEDIUM
0,whisper,3,1,8,ATTACK Agent[15]
0,whisper,4,1,6,ATTACK Agent[07]
0,whisper,5,1,11,ATTACK Agent[15]
0,whisper,6,2,8,Skip
0,whisper,7,2,6,Skip
0,whisper,8,2,11,Skip
0,whisper,9,3,11,Skip
0,whisper,10,3,6,Skip
0,whisper,11,3,8,Skip
0,whisper,12,4,8,Over
0,whisper,13,4,11,Over
0,whisper,14,4,6,Over
0,divine,2,10,HUMAN
1,status,1,MEDIUM,ALIVE,Sample9
1,status,2,SEER,ALIVE,Sample12
1,status,3,VILLAGER,ALIVE,Sample8
1,status,4,VILLAGER,ALIVE,Sample11
1,status,5,BODYGUARD,ALIVE,Sample7
1,status,6,WEREWOLF,ALIVE,Sample10
1,status,7,VILLAGER,ALIVE,Sample6
1,status,8,WEREWOLF,ALIVE,Sample5
1,status,9,VILLAGER,ALIVE,Sample4
1,status,10,VILLAGER,ALIVE,Sample3
1,status,11,WEREWOLF,ALIVE,Sample14
1,status,12,VILLAGER,ALIVE,Sample2
1,status,13,VILLAGER,ALIVE,Sample13
1,status,14,VILLAGER,ALIVE,Sample1
1,status,15,POSSESSED,ALIVE,cash_dqn
1,talk,0,0,15,Over
1,talk,1,0,3,Skip
1,talk,2,0,11,ESTIMATE Agent[01] WEREWOLF
1,talk,3,0,10,Skip
1,talk,4,0,8,ESTIMATE Agent[14] WEREWOLF
1,talk,5,0,5,Skip
1,talk,6,0,2,Skip
1,talk,7,0,9,Skip
1,talk,8,0,14,Skip
1,talk,9,0,4,Skip
1,talk,10,0,6,ESTIMATE Agent[10] WEREWOLF
1,talk,11,0,7,Skip
1,talk,12,0,13,Skip
1,talk,13,0,12,Skip
1,talk,14,0,1,COMINGOUT Agent[01] MEDIUM
1,talk,15,1,11,Skip
1,talk,16,1,2,Skip
1,talk,17,1,14,Skip
1,talk,18,1,3,Skip
1,talk,19,1,9,Skip
1,talk,20,1,15,Over
1,talk,21,1,6,Skip
1,talk,22,1,5,Skip
1,talk,23,1,1,Skip
1,talk,24,1,7,Skip
1,talk,25,1,4,Skip
1,talk,26,1,10,Skip
1,talk,27,1,12,Skip
1,talk,28,1,13,Skip
1,talk,29,1,8,COMINGOUT Agent[08] MEDIUM
1,talk,30,2,10,VOTE Agent[11]
1,talk,31,2,9,VOTE Agent[10]
1,talk,32,2,11,VOTE Agent[01]
1,talk,33,2,6,VOTE Agent[10]
1,talk,34,2,12,VOTE Agent[02]
1,talk,35,2,1,VOTE Agent[08]
1,talk,36,2,8,ESTIMATE Agent[01] WEREWOLF
1,talk,37,2,5,VOTE Agent[10]
1,talk,38,2,15,Over
1,talk,39,2,7,VOTE Agent[06]
1,talk,40,2,3,VOTE Agent[02]
1,talk,41,2,2,VOTE Agent[07]
1,talk,42,2,4,VOTE Agent[14]
1,talk,43,2,13,VOTE Agent[02]
1,talk,44,2,14,VOTE Agent[15]
1,talk,45,3,13,Skip
1,talk,46,3,4,Skip
1,talk,47,3,7,Skip
1,talk,48,3,11,Skip
1,talk,49,3,2,Skip
1,talk,50,3,1,Skip
1,talk,51,3,5,Skip
1,talk,52,3,9,Skip
1,talk,53,3,8,VOTE Agent[01]
1,talk,54,3,10,Skip
1,talk,55,3,6,Skip
1,talk,56,3,3,Skip
1,talk,57,3,14,Skip
1,talk,58,3,12,Skip
1,talk,59,3,15,Over
1,talk,60,4,13,Skip
1,talk,61,4,2,Skip
1,talk,62,4,7,Skip
1,talk,63,4,4,Skip
1,talk,64,4,6,Skip
1,talk,65,4,1,Skip
1,talk,66,4,5,Skip
1,talk,67,4,8,Skip
1,talk,68,4,10,Skip
1,talk,69,4,11,Skip
1,talk,70,4,3,Skip
1,talk,71,4,15,Over
1,talk,72,4,9,Skip
1,talk,73,4,12,Skip
1,talk,74,4,14,Skip
1,talk,75,5,1,Over
1,talk,76,5,14,Over
1,talk,77,5,3,Over
1,talk,78,5,15,Over
1,talk,79,5,12,Over
1,talk,80,5,11,Over
1,talk,81,5,13,Over
1,talk,82,5,10,Over
1,talk,83,5,7,Over
1,talk,84,5,2,Over
1,talk,85,5,6,Over
1,talk,86,5,9,Over
1,talk,87,5,5,Over
1,talk,88,5,8,Skip
1,talk,89,5,4,Over
1,talk,90,6,3,Over
1,talk,91,6,14,Over
1,talk,92,6,13,Over
1,talk,93,6,2,Over
1,talk,94,6,4,Over
1,talk,95,6,1,Over
1,talk,96,6,7,Over
1,talk,97,6,10,Over
1,talk,98,6,12,Over
1,talk,99,6,9,Over
1,talk,100,6,8,Over
1,talk,101,6,6,Over
1,talk,102,6,5,Over
1,talk,103,6,15,Over
1,talk,104,6,11,Over
1,vote,1,8
1,vote,2,7
1,vote,3,2
1,vote,4,14
1,vote,5,10
1,vote,6,10
1,vote,7,6
1,vote,8,1
1,vote,9,10
1,vote,10,11
1,vote,11,1
1,vote,12,2
1,vote,13,2
1,vote,14,15
1,vote,15,10
1,execute,10,VILLAGER
1,divine,2,7,HUMAN
1,whisper,0,0,11,BECAUSE (Agent[01] COMINGOUT Agent[01] MEDIUM) (ATTACK Agent[01])
1,whisper,1,0,6,BECAUSE (Agent[01] COMINGOUT Agent[01] MEDIUM) (ATTACK Agent[01])
1,whisper,2,0,8,BECAUSE (Agent[01] COMINGOUT Agent[01] MEDIUM) (ATTACK Agent[01])
1,whisper,3,1,11,Skip
1,whisper,4,1,6,Skip
1,whisper,5,1,8,Skip
1,whisper,6,2,6,Skip
1,whisper,7,2,11,Skip
1,whisper,8,2,8,Skip
1,whisper,9,3,6,Over
1,whisper,10,3,11,Over
1,whisper,11,3,8,Over
1,guard,5,8,WEREWOLF
1,attack,4,true
2,status,1,MEDIUM,ALIVE,Sample9
2,status,2,SEER,ALIVE,Sample12
2,status,3,VILLAGER,ALIVE,Sample8
2,status,4,VILLAGER,DEAD,Sample11
2,status,5,BODYGUARD,ALIVE,Sample7
2,status,6,WEREWOLF,ALIVE,Sample10
2,status,7,VILLAGER,ALIVE,Sample6
2,status,8,WEREWOLF,ALIVE,Sample5
2,status,9,VILLAGER,ALIVE,Sample4
2,status,10,VILLAGER,DEAD,Sample3
2,status,11,WEREWOLF,ALIVE,Sample14
2,status,12,VILLAGER,ALIVE,Sample2
2,status,13,VILLAGER,ALIVE,Sample13
2,status,14,VILLAGER,ALIVE,Sample1
2,status,15,POSSESSED,ALIVE,cash_dqn
2,talk,0,0,15,Over
2,talk,1,0,7,Skip
2,talk,2,0,5,Skip
2,talk,3,0,2,Skip
2,talk,4,0,11,COMINGOUT Agent[11] SEER
2,talk,5,0,8,IDENTIFIED Agent[10] WEREWOLF
2,talk,6,0,6,ESTIMATE Agent[12] WEREWOLF
2,talk,7,0,12,Skip
2,talk,8,0,9,Skip
2,talk,9,0,13,Skip
2,talk,10,0,14,Skip
2,talk,11,0,1,DAY 2 (IDENTIFIED Agent[10] HUMAN)
2,talk,12,0,3,Skip
2,talk,13,1,9,Skip
2,talk,14,1,13,Skip
2,talk,15,1,5,Skip
2,talk,16,1,15,Over
2,talk,17,1,7,Skip
2,talk,18,1,6,Skip
2,talk,19,1,8,ESTIMATE Agent[01] WEREWOLF
2,talk,20,1,3,Skip
2,talk,21,1,2,COMINGOUT Agent[02] SEER
2,talk,22,1,11,ESTIMATE Agent[03] WEREWOLF
2,talk,23,1,12,Skip
2,talk,24,1,1,BECAUSE (AND (COMINGOUT Agent[01] MEDIUM) (Agent[08] COMINGOUT Agent[08] MEDIUM)) (XOR (ESTIMATE Agent[08] WEREWOLF) (ESTIMATE Agent[08] POSSESSED))
2,talk,25,1,14,Skip
2,talk,26,2,11,DIVINED Agent[05] HUMAN
2,talk,27,2,5,VOTE Agent[13]
2,talk,28,2,8,VOTE Agent[01]
2,talk,29,2,2,AND (DAY 1 (DIVINED Agent[10] HUMAN)) (DAY 2 (DIVINED Agent[07] HUMAN))
2,talk,30,2,3,VOTE Agent[01]
2,talk,31,2,12,VOTE Agent[15]
2,talk,32,2,14,VOTE Agent[11]
2,talk,33,2,7,VOTE Agent[09]
2,talk,34,2,1,BECAUSE (XOR (ESTIMATE Agent[08] WEREWOLF) (ESTIMATE Agent[08] POSSESSED)) (VOTE Agent[08])
2,talk,35,2,6,VOTE Agent[12]
2,talk,36,2,13,VOTE Agent[12]
2,talk,37,2,15,Over
2,talk,38,2,9,VOTE Agent[08]
2,talk,39,3,12,Skip
2,talk,40,3,3,Skip
2,talk,41,3,15,Over
2,talk,42,3,11,DIVINED Agent[03] WEREWOLF
2,talk,43,3,6,Skip
2,talk,44,3,9,Skip
2,talk,45,3,7,Skip
2,talk,46,3,14,Skip
2,talk,47,3,5,Skip
2,talk,48,3,1,Skip
2,talk,49,3,2,BECAUSE (AND (DAY 1 (DIVINED Agent[10] HUMAN)) (DAY 2 (Agent[08] IDENTIFIED Agent[10] WEREWOLF))) (XOR (ESTIMATE Agent[08] WEREWOLF) (ESTIMATE Agent[08] POSSESSED))
2,talk,50,3,8,Skip
2,talk,51,3,13,Skip
2,talk,52,4,3,BECAUSE (AND (COMINGOUT Agent[03] VILLAGER) (DAY 2 (Agent[11] DIVINED Agent[03] WEREWOLF))) (XOR (ESTIMATE Agent[11] WEREWOLF) (ESTIMATE Agent[11] POSSESSED))
2,talk,53,4,9,Skip
2,talk,54,4,11,VOTE Agent[03]
2,talk,55,4,14,Skip
2,talk,56,4,2,BECAUSE (XOR (ESTIMATE Agent[08] WEREWOLF) (ESTIMATE Agent[08] POSSESSED)) (VOTE Agent[08])
2,talk,57,4,6,Skip
2,talk,58,4,15,Over
2,talk,59,4,5,Skip
2,talk,60,4,7,Skip
2,talk,61,4,13,Skip
2,talk,62,4,8,Skip
2,talk,63,4,12,Skip
2,talk,64,4,1,Skip
2,talk,65,5,5,Over
2,talk,66,5,13,Over
2,talk,67,5,7,Over
2,talk,68,5,11,Skip
2,talk,69,5,6,Over
2,talk,70,5,2,Skip
2,talk,71,5,15,Over
2,talk,72,5,1,Over
2,talk,73,5,14,Over
2,talk,74,5,9,Over
2,talk,75,5,12,Over
2,talk,76,5,3,BECAUSE (XOR (ESTIMATE Agent[11] WEREWOLF) (ESTIMATE Agent[11] POSSESSED)) (VOTE Agent[11])
2,talk,77,5,8,Over
2,talk,78,6,3,Skip
2,talk,79,6,14,Over
2,talk,80,6,12,Over
2,talk,81,6,9,Over
2,talk,82,6,5,Over
2,talk,83,6,1,Over
2,talk,84,6,13,Over
2,talk,85,6,11,Skip
2,talk,86,6,15,Over
2,talk,87,6,6,Over
2,talk,88,6,2,Skip
2,talk,89,6,7,Over
2,talk,90,6,8,Over
2,talk,91,7,14,Over
2,talk,92,7,5,Over
2,talk,93,7,9,Over
2,talk,94,7,8,Over
2,talk,95,7,15,Over
2,talk,96,7,12,Over
2,talk,97,7,6,Over
2,talk,98,7,7,Over
2,talk,99,7,1,Over
2,talk,100,7,2,Over
2,talk,101,7,11,Over
2,talk,102,7,3,Skip
2,talk,103,7,13,Over
2,talk,104,8,11,Over
2,talk,105,8,13,Over
2,talk,106,8,12,Over
2,talk,107,8,7,Over
2,talk,108,8,8,Over
2,talk,109,8,9,Over
2,talk,110,8,3,Over
2,talk,111,8,1,Over
2,talk,112,8,2,Over
2,talk,113,8,5,Over
2,talk,114,8,14,Over
2,talk,115,8,15,Over
2,talk,116,8,6,Over
2,vote,1,8
2,vote,2,8
2,vote,3,11
2,vote,5,13
2,vote,6,12
2,vote,7,9
2,vote,8,1
2,vote,9,8
2,vote,11,3
2,vote,12,15
2,vote,13,12
2,vote,14,11
2,vote,15,2
2,execute,8,WEREWOLF
2,whisper,0,0,6,BECAUSE (Agent[01] COMINGOUT Agent[01] MEDIUM) (ATTACK Agent[01])
2,whisper,1,0,11,BECAUSE (Agent[02] COMINGOUT Agent[02] SEER) (ATTACK Agent[02])
2,whisper,2,1,11,Skip
2,whisper,3,1,6,Skip
2,whisper,4,2,6,Skip
2,whisper,5,2,11,Skip
2,whisper,6,3,11,Over
2,whisper,7,3,6,Over
2,guard,5,11,WEREWOLF
2,attack,2,true
3,status,1,MEDIUM,ALIVE,Sample9
3,status,2,SEER,DEAD,Sample12
3,status,3,VILLAGER,ALIVE,Sample8
3,status,4,VILLAGER,DEAD,Sample11
3,status,5,BODYGUARD,ALIVE,Sample7
3,status,6,WEREWOLF,ALIVE,Sample10
3,status,7,VILLAGER,ALIVE,Sample6
3,status,8,WEREWOLF,DEAD,Sample5
3,status,9,VILLAGER,ALIVE,Sample4
3,status,10,VILLAGER,DEAD,Sample3
3,status,11,WEREWOLF,ALIVE,Sample14
3,status,12,VILLAGER,ALIVE,Sample2
3,status,13,VILLAGER,ALIVE,Sample13
3,status,14,VILLAGER,ALIVE,Sample1
3,status,15,POSSESSED,ALIVE,cash_dqn
3,talk,0,0,5,Skip
3,talk,1,0,9,Skip
3,talk,2,0,12,Skip
3,talk,3,0,7,Skip
3,talk,4,0,15,Over
3,talk,5,0,14,Skip
3,talk,6,0,3,BECAUSE (AND (COMINGOUT Agent[03] VILLAGER) (DAY 2 (Agent[11] DIVINED Agent[03] WEREWOLF))) (XOR (ESTIMATE Agent[11] WEREWOLF) (ESTIMATE Agent[11] POSSESSED))
3,talk,7,0,13,Skip
3,talk,8,0,1,DAY 3 (IDENTIFIED Agent[08] WEREWOLF)
3,talk,9,0,6,ESTIMATE Agent[05] WEREWOLF
3,talk,10,0,11,DIVINED Agent[12] WEREWOLF
3,talk,11,1,7,Skip
3,talk,12,1,5,Skip
3,talk,13,1,6,Skip
3,talk,14,1,14,Skip
3,talk,15,1,12,BECAUSE (AND (COMINGOUT Agent[12] VILLAGER) (DAY 3 (Agent[11] DIVINED Agent[12] WEREWOLF))) (XOR (ESTIMATE Agent[11] WEREWOLF) (ESTIMATE Agent[11] POSSESSED))
3,talk,16,1,15,Over
3,talk,17,1,11,ESTIMATE Agent[03] WEREWOLF
3,talk,18,1,3,Skip
3,talk,19,1,9,Skip
3,talk,20,1,1,Skip
3,talk,21,1,13,Skip
3,talk,22,2,12,BECAUSE (XOR (ESTIMATE Agent[11] WEREWOLF) (ESTIMATE Agent[11] POSSESSED)) (VOTE Agent[11])
3,talk,23,2,5,VOTE Agent[15]
3,talk,24,2,7,VOTE Agent[12]
3,talk,25,2,14,VOTE Agent[06]
3,talk,26,2,6,VOTE Agent[05]
3,talk,27,2,13,VOTE Agent[05]
3,talk,28,2,1,VOTE Agent[09]
3,talk,29,2,3,BECAUSE (XOR (ESTIMATE Agent[11] WEREWOLF) (ESTIMATE Agent[11] POSSESSED)) (VOTE Agent[11])
3,talk,30,2,11,VOTE Agent[03]
3,talk,31,2,15,Over
3,talk,32,2,9,VOTE Agent[05]
3,talk,33,3,6,Skip
3,talk,34,3,15,Over
3,talk,35,3,1,Skip
3,talk,36,3,14,Skip
3,talk,37,3,5,Skip
3,talk,38,3,9,Skip
3,talk,39,3,12,Skip
3,talk,40,3,11,Skip
3,talk,41,3,3,Skip
3,talk,42,3,13,Skip
3,talk,43,3,7,Skip
3,talk,44,4,11,Skip
3,talk,45,4,13,Skip
3,talk,46,4,1,Skip
3,talk,47,4,12,Skip
3,talk,48,4,5,Skip
3,talk,49,4,9,Skip
3,talk,50,4,6,Skip
3,talk,51,4,3,Skip
3,talk,52,4,15,Over
3,talk,53,4,7,Skip
3,talk,54,4,14,Skip
3,talk,55,5,11,Over
3,talk,56,5,5,Over
3,talk,57,5,13,Over
3,talk,58,5,9,Over
3,talk,59,5,3,Over
3,talk,60,5,12,Over
3,talk,61,5,15,Over
3,talk,62,5,6,Over
3,talk,63,5,7,Over
3,talk,64,5,14,Over
3,talk,65,5,1,Over
3,vote,1,9
3,vote,3,11
3,vote,5,15
3,vote,6,5
3,vote,7,12
3,vote,9,5
3,vote,11,3
3,vote,12,11
3,vote,13,5
3,vote,14,6
3,vote,15,9
3,execute,5,BODYGUARD
3,whisper,0,0,11,BECAUSE (Agent[01] COMINGOUT Agent[01] MEDIUM) (ATTACK Agent[01])
3,whisper,1,0,6,BECAUSE (Agent[01] COMINGOUT Agent[01] MEDIUM) (ATTACK Agent[01])
3,whisper,2,1,11,Skip
3,whisper,3,1,6,Skip
3,whisper,4,2,6,Skip
3,whisper,5,2,11,Skip
3,whisper,6,3,11,Over
3,whisper,7,3,6,Over
3,attack,14,true
4,status,1,MEDIUM,ALIVE,Sample9
4,status,2,SEER,DEAD,Sample12
4,status,3,VILLAGER,ALIVE,Sample8
4,status,4,VILLAGER,DEAD,Sample11
4,status,5,BODYGUARD,DEAD,Sample7
4,status,6,WEREWOLF,ALIVE,Sample10
4,status,7,VILLAGER,ALIVE,Sample6
4,status,8,WEREWOLF,DEAD,Sample5
4,status,9,VILLAGER,ALIVE,Sample4
4,status,10,VILLAGER,DEAD,Sample3
4,status,11,WEREWOLF,ALIVE,Sample14
4,status,12,VILLAGER,ALIVE,Sample2
4,status,13,VILLAGER,ALIVE,Sample13
4,status,14,VILLAGER,DEAD,Sample1
4,status,15,POSSESSED,ALIVE,cash_dqn
4,talk,0,0,1,DAY 4 (IDENTIFIED Agent[05] HUMAN)
4,talk,1,0,6,ESTIMATE Agent[15] WEREWOLF
4,talk,2,0,11,DIVINED Agent[06] HUMAN
4,talk,3,0,7,Skip
4,talk,4,0,15,Over
4,talk,5,0,9,Skip
4,talk,6,0,13,Skip
4,talk,7,0,3,BECAUSE (AND (COMINGOUT Agent[03] VILLAGER) (DAY 2 (Agent[11] DIVINED Agent[03] WEREWOLF))) (XOR (ESTIMATE Agent[11] WEREWOLF) (ESTIMATE Agent[11] POSSESSED))
4,talk,8,0,12,BECAUSE (AND (COMINGOUT Agent[12] VILLAGER) (DAY 3 (Agent[11] DIVINED Agent[12] WEREWOLF))) (XOR (ESTIMATE Agent[11] WEREWOLF) (ESTIMATE Agent[11] POSSESSED))
4,talk,9,1,3,Skip
4,talk,10,1,7,Skip
4,talk,11,1,13,Skip
4,talk,12,1,12,Skip
4,talk,13,1,15,Over
4,talk,14,1,6,Skip
4,talk,15,1,1,Skip
4,talk,16,1,11,ESTIMATE Agent[12] WEREWOLF
4,talk,17,1,9,Skip
4,talk,18,2,9,VOTE Agent[07]
4,talk,19,2,12,BECAUSE (XOR (ESTIMATE Agent[11] WEREWOLF) (ESTIMATE Agent[11] POSSESSED)) (VOTE Agent[11])
4,talk,20,2,6,VOTE Agent[15]
4,talk,21,2,7,VOTE Agent[11]
4,talk,22,2,13,VOTE Agent[06]
4,talk,23,2,11,VOTE Agent[12]
4,talk,24,2,1,VOTE Agent[12]
4,talk,25,2,15,Over
4,talk,26,2,3,BECAUSE (XOR (ESTIMATE Agent[11] WEREWOLF) (ESTIMATE Agent[11] POSSESSED)) (VOTE Agent[11])
4,talk,27,3,3,Skip
4,talk,28,3,9,Skip
4,talk,29,3,15,Over
4,talk,30,3,11,Skip
4,talk,31,3,6,Skip
4,talk,32,3,12,Skip
4,talk,33,3,13,Skip
4,talk,34,3,1,Skip
4,talk,35,3,7,Skip
4,talk,36,4,12,Skip
4,talk,37,4,11,Skip
4,talk,38,4,3,Skip
4,talk,39,4,15,Over
4,talk,40,4,7,Skip
4,talk,41,4,1,Skip
4,talk,42,4,13,Skip
4,talk,43,4,6,Skip
4,talk,44,4,9,Skip
4,talk,45,5,13,Over
4,talk,46,5,9,Over
4,talk,47,5,6,Over
4,talk,48,5,3,Over
4,talk,49,5,15,Over
4,talk,50,5,12,Over
4,talk,51,5,1,Over
4,talk,52,5,7,Over
4,talk,53,5,11,Over
4,vote,1,12
4,vote,3,11
4,vote,6,15
4,vote,7,11
4,vote,9,7
4,vote,11,12
4,vote,12,11
4,vote,13,6
4,vote,15,7
4,execute,11,WEREWOLF
4,attackVote,6,1
4,attack,1,true
5,status,1,MEDIUM,DEAD,Sample9
5,status,2,SEER,DEAD,Sample12
5,status,3,VILLAGER,ALIVE,Sample8
5,status,4,VILLAGER,DEAD,Sample11
5,status,5,BODYGUARD,DEAD,Sample7
5,status,6,WEREWOLF,ALIVE,Sample10
5,status,7,VILLAGER,ALIVE,Sample6
5,status,8,WEREWOLF,DEAD,Sample5
5,status,9,VILLAGER,ALIVE,Sample4
5,status,10,VILLAGER,DEAD,Sample3
5,status,11,WEREWOLF,DEAD,Sample14
5,status,12,VILLAGER,ALIVE,Sample2
5,status,13,VILLAGER,ALIVE,Sample13
5,status,14,VILLAGER,DEAD,Sample1
5,status,15,POSSESSED,ALIVE,cash_dqn
5,talk,0,0,9,Skip
5,talk,1,0,6,ESTIMATE Agent[09] WEREWOLF
5,talk,2,0,13,Skip
5,talk,3,0,12,Skip
5,talk,4,0,3,Skip
5,talk,5,0,7,Skip
5,talk,6,0,15,Over
5,talk,7,1,9,Skip
5,talk,8,1,15,Over
5,talk,9,1,12,Skip
5,talk,10,1,7,Skip
5,talk,11,1,13,Skip
5,talk,12,1,6,Skip
5,talk,13,1,3,Skip
5,talk,14,2,3,VOTE Agent[06]
5,talk,15,2,12,VOTE Agent[15]
5,talk,16,2,6,VOTE Agent[09]
5,talk,17,2,9,VOTE Agent[12]
5,talk,18,2,13,VOTE Agent[06]
5,talk,19,2,7,VOTE Agent[06]
5,talk,20,2,15,Over
5,talk,21,3,3,Skip
5,talk,22,3,7,Skip
5,talk,23,3,9,Skip
5,talk,24,3,12,Skip
5,talk,25,3,13,Skip
5,talk,26,3,15,Over
5,talk,27,3,6,Skip
5,talk,28,4,3,Skip
5,talk,29,4,9,Skip
5,talk,30,4,15,Over
5,talk,31,4,7,Skip
5,talk,32,4,13,Skip
5,talk,33,4,6,Skip
5,talk,34,4,12,Skip
5,talk,35,5,7,Over
5,talk,36,5,9,Over
5,talk,37,5,13,Over
5,talk,38,5,15,Over
5,talk,39,5,3,Over
5,talk,40,5,6,Over
5,talk,41,5,12,Over
5,vote,3,6
5,vote,6,9
5,vote,7,6
5,vote,9,12
5,vote,12,15
5,vote,13,6
5,vote,15,13
5,execute,6,WEREWOLF
6,status,1,MEDIUM,DEAD,Sample9
6,status,2,SEER,DEAD,Sample12
6,status,3,VILLAGER,ALIVE,Sample8
6,status,4,VILLAGER,DEAD,Sample11
6,status,5,BODYGUARD,DEAD,Sample7
6,status,6,WEREWOLF,DEAD,Sample10
6,status,7,VILLAGER,ALIVE,Sample6
6,status,8,WEREWOLF,DEAD,Sample5
6,status,9,VILLAGER,ALIVE,Sample4
6,status,10,VILLAGER,DEAD,Sample3
6,status,11,WEREWOLF,DEAD,Sample14
6,status,12,VILLAGER,ALIVE,Sample2
6,status,13,VILLAGER,ALIVE,Sample13
6,status,14,VILLAGER,DEAD,Sample1
6,status,15,POSSESSED,ALIVE,cash_dqn
6,result,6,0,VILLAGER
