0,status,1,MEDIUM,ALIVE,Sample9
0,status,2,VILLAGER,ALIVE,Sample12
0,status,3,POSSESSED,ALIVE,Sample8
0,status,4,WEREWOLF,ALIVE,Sample11
0,status,5,VILLAGER,ALIVE,Sample7
0,status,6,VILLAGER,ALIVE,Sample10
0,status,7,VILLAGER,ALIVE,Sample6
0,status,8,VILLAGER,ALIVE,Sample5
0,status,9,VILLAGER,ALIVE,Sample4
0,status,10,VILLAGER,ALIVE,Sample3
0,status,11,WEREWOLF,ALIVE,Sample14
0,status,12,WEREWOLF,ALIVE,Sample2
0,status,13,SEER,ALIVE,Sample13
0,status,14,BODYGUARD,ALIVE,Sample1
0,status,15,VILLAGER,ALIVE,cash_dqn
0,whisper,0,0,11,COMINGOUT Agent[11] VILLAGER
0,whisper,1,0,12,COMINGOUT Agent[12] MEDIUM
0,whisper,2,0,4,COMINGOUT Agent[04] VILLAGER
0,whisper,3,1,4,ATTACK Agent[08]
0,whisper,4,1,11,ATTACK Agent[14]
0,whisper,5,1,12,ATTACK Agent[06]
0,whisper,6,2,11,Skip
0,whisper,7,2,12,Skip
0,whisper,8,2,4,Skip
0,whisper,9,3,12,Skip
0,whisper,10,3,11,Skip
0,whisper,11,3,4,Skip
0,whisper,12,4,11,Over
0,whisper,13,4,12,Over
0,whisper,14,4,4,Over
0,divine,13,7,HUMAN
1,status,1,MEDIUM,ALIVE,Sample9
1,status,2,VILLAGER,ALIVE,Sample12
1,status,3,POSSESSED,ALIVE,Sample8
1,status,4,WEREWOLF,ALIVE,Sample11
1,status,5,VILLAGER,ALIVE,Sample7
1,status,6,VILLAGER,ALIVE,Sample10
1,status,7,VILLAGER,ALIVE,Sample6
1,status,8,VILLAGER,ALIVE,Sample5
1,status,9,VILLAGER,ALIVE,Sample4
1,status,10,VILLAGER,ALIVE,Sample3
1,status,11,WEREWOLF,ALIVE,Sample14
1,status,12,WEREWOLF,ALIVE,Sample2
1,status,13,SEER,ALIVE,Sample13
1,status,14,BODYGUARD,ALIVE,Sample1
1,status,15,VILLAGER,ALIVE,cash_dqn
1,talk,0,0,1,Skip
1,talk,1,0,8,Skip
1,talk,2,0,7,Skip
1,talk,3,0,5,Skip
1,talk,4,0,6,Skip
1,talk,5,0,11,ESTIMATE Agent[05] WEREWOLF
1,talk,6,0,9,Skip
1,talk,7,0,13,COMINGOUT Agent[13] SEER
1,talk,8,0,14,Skip
1,talk,9,0,4,ESTIMATE Agent[09] WEREWOLF
1,talk,10,0,2,Skip
1,talk,11,0,3,Skip
1,talk,12,0,10,Skip
1,talk,13,0,15,Skip
1,talk,14,0,12,ESTIMATE Agent[08] WEREWOLF
1,talk,15,1,11,Skip
1,talk,16,1,10,Skip
1,talk,17,1,13,DAY 1 (DIVINED Agent[07] HUMAN)
1,talk,18,1,2,Skip
1,talk,19,1,15,VOTE Agent[10]
1,talk,20,1,5,Skip
1,talk,21,1,9,Skip
1,talk,22,1,6,Skip
1,talk,23,1,14,Skip
1,talk,24,1,7,Skip
1,talk,25,1,12,Skip
1,talk,26,1,3,COMINGOUT Agent[03] SEER
1,talk,27,1,8,Skip
1,talk,28,1,4,Skip
1,talk,29,1,1,Skip
1,talk,30,2,12,VOTE Agent[08]
1,talk,31,2,9,VOTE Agent[10]
1,talk,32,2,3,DAY 1 (DIVINED Agent[13] WEREWOLF)
1,talk,33,2,10,VOTE Agent[15]
1,talk,34,2,7,VOTE Agent[03]
1,talk,35,2,5,VOTE Agent[04]
1,talk,36,2,8,VOTE Agent[03]
1,talk,37,2,4,VOTE Agent[09]
1,talk,38,2,2,VOTE Agent[01]
1,talk,39,2,13,BECAUSE (AND (COMINGOUT Agent[13] SEER) (Agent[03] COMINGOUT Agent[03] SEER)) (XOR (ESTIMATE Agent[03] WEREWOLF) (ESTIMATE Agent[03] POSSESSED))
1,talk,40,2,11,VOTE Agent[05]
1,talk,41,2,15,Skip
1,talk,42,2,6,VOTE Agent[12]
1,talk,43,2,1,VOTE Agent[14]
1,talk,44,2,14,VOTE Agent[15]
1,talk,45,3,12,Skip
1,talk,46,3,3,BECAUSE (DAY 1 (DIVINED Agent[13] WEREWOLF)) (REQUEST ANY (VOTE Agent[13]))
1,talk,47,3,13,BECAUSE (XOR (ESTIMATE Agent[03] WEREWOLF) (ESTIMATE Agent[03] POSSESSED)) (VOTE Agent[03])
1,talk,48,3,1,Skip
1,talk,49,3,5,Skip
1,talk,50,3,10,Skip
1,talk,51,3,2,Skip
1,talk,52,3,15,Skip
1,talk,53,3,7,Skip
1,talk,54,3,11,Skip
1,talk,55,3,9,Skip
1,talk,56,3,8,Skip
1,talk,57,3,14,Skip
1,talk,58,3,6,Skip
1,talk,59,3,4,Skip
1,talk,60,4,1,Skip
1,talk,61,4,13,Skip
1,talk,62,4,3,INQUIRE ANY (VOTE Agent[13])
1,talk,63,4,2,Skip
1,talk,64,4,6,Skip
1,talk,65,4,5,Skip
1,talk,66,4,11,Skip
1,talk,67,4,10,Skip
1,talk,68,4,8,Skip
1,talk,69,4,15,Over
1,talk,70,4,4,Skip
1,talk,71,4,9,Skip
1,talk,72,4,7,Skip
1,talk,73,4,14,Skip
1,talk,74,4,12,Skip
1,talk,75,5,3,BECAUSE (DIVINED Agent[13] WEREWOLF) (VOTE Agent[13])
1,talk,76,5,12,Over
1,talk,77,5,1,Over
1,talk,78,5,15,Over
1,talk,79,5,6,Over
1,talk,80,5,9,Over
1,talk,81,5,13,Skip
1,talk,82,5,11,Over
1,talk,83,5,5,Over
1,talk,84,5,14,Over
1,talk,85,5,4,Over
1,talk,86,5,10,Over
1,talk,87,5,2,Over
1,talk,88,5,8,Over
1,talk,89,5,7,Over
1,talk,90,6,4,Over
1,talk,91,6,14,Over
1,talk,92,6,2,Over
1,talk,93,6,10,Over
1,talk,94,6,7,Over
1,talk,95,6,9,Over
1,talk,96,6,3,Skip
1,talk,97,6,1,Over
1,talk,98,6,11,Over
1,talk,99,6,6,Over
1,talk,100,6,12,Over
1,talk,101,6,15,Over
1,talk,102,6,5,Over
1,talk,103,6,13,Over
1,talk,104,6,8,Over
1,talk,105,7,10,Over
1,talk,106,7,15,Over
1,talk,107,7,7,Over
1,talk,108,7,1,Over
1,talk,109,7,2,Over
1,talk,110,7,14,Over
1,talk,111,7,3,Skip
1,talk,112,7,12,Over
1,talk,113,7,8,Over
1,talk,114,7,11,Over
1,talk,115,7,9,Over
1,talk,116,7,5,Over
1,talk,117,7,13,Over
1,talk,118,7,4,Over
1,talk,119,7,6,Over
1,talk,120,8,12,Over
1,talk,121,8,1,Over
1,talk,122,8,13,Over
1,talk,123,8,6,Over
1,talk,124,8,2,Over
1,talk,125,8,10,Over
1,talk,126,8,14,Over
1,talk,127,8,7,Over
1,talk,128,8,8,Over
1,talk,129,8,3,Over
1,talk,130,8,9,Over
1,talk,131,8,5,Over
1,talk,132,8,15,Over
1,talk,133,8,11,Over
1,talk,134,8,4,Over
1,vote,1,14
1,vote,2,1
1,vote,3,13
1,vote,4,9
1,vote,5,4
1,vote,6,12
1,vote,7,3
1,vote,8,3
1,vote,9,10
1,vote,10,15
1,vote,11,5
1,vote,12,8
1,vote,13,3
1,vote,14,15
1,vote,15,5
1,execute,3,POSSESSED
1,whisper,0,0,12,BECAUSE (AND (NOT (COMINGOUT Agent[03] WEREWOLF)) (NOT (COMINGOUT Agent[13] WEREWOLF)) (DAY 1 (Agent[03] DIVINED Agent[13] WEREWOLF))) (ESTIMATE Agent[03] POSSESSED)
1,whisper,1,0,4,BECAUSE (AND (NOT (COMINGOUT Agent[03] WEREWOLF)) (NOT (COMINGOUT Agent[13] WEREWOLF)) (DAY 1 (Agent[03] DIVINED Agent[13] WEREWOLF))) (ESTIMATE Agent[03] POSSESSED)
1,whisper,2,0,11,BECAUSE (AND (NOT (COMINGOUT Agent[03] WEREWOLF)) (NOT (COMINGOUT Agent[13] WEREWOLF)) (DAY 1 (Agent[03] DIVINED Agent[13] WEREWOLF))) (ESTIMATE Agent[03] POSSESSED)
1,whisper,3,1,4,BECAUSE (Agent[13] COMINGOUT Agent[13] SEER) (ATTACK Agent[13])
1,whisper,4,1,12,BECAUSE (Agent[13] COMINGOUT Agent[13] SEER) (ATTACK Agent[13])
1,whisper,5,1,11,BECAUSE (Agent[13] COMINGOUT Agent[13] SEER) (ATTACK Agent[13])
1,whisper,6,2,4,Skip
1,whisper,7,2,12,Skip
1,whisper,8,2,11,Skip
1,whisper,9,3,11,Skip
1,whisper,10,3,12,Skip
1,whisper,11,3,4,Skip
1,whisper,12,4,12,Over
1,whisper,13,4,4,Over
1,whisper,14,4,11,Over
1,guard,14,13,SEER
1,attack,15,true
2,status,1,MEDIUM,ALIVE,Sample9
2,status,2,VILLAGER,ALIVE,Sample12
2,status,3,POSSESSED,DEAD,Sample8
2,status,4,WEREWOLF,ALIVE,Sample11
2,status,5,VILLAGER,ALIVE,Sample7
2,status,6,VILLAGER,ALIVE,Sample10
2,status,7,VILLAGER,ALIVE,Sample6
2,status,8,VILLAGER,ALIVE,Sample5
2,status,9,VILLAGER,ALIVE,Sample4
2,status,10,VILLAGER,ALIVE,Sample3
2,status,11,WEREWOLF,ALIVE,Sample14
2,status,12,WEREWOLF,ALIVE,Sample2
2,status,13,SEER,ALIVE,Sample13
2,status,14,BODYGUARD,ALIVE,Sample1
2,status,15,VILLAGER,DEAD,cash_dqn
2,talk,0,0,10,Skip
2,talk,1,0,6,Skip
2,talk,2,0,2,Skip
2,talk,3,0,14,Skip
2,talk,4,0,5,Skip
2,talk,5,0,4,ESTIMATE Agent[07] WEREWOLF
2,talk,6,0,7,Skip
2,talk,7,0,8,Skip
2,talk,8,0,1,COMINGOUT Agent[01] MEDIUM
2,talk,9,0,12,ESTIMATE Agent[10] WEREWOLF
2,talk,10,0,13,Skip
2,talk,11,0,9,Skip
2,talk,12,0,11,ESTIMATE Agent[09] WEREWOLF
2,talk,13,1,11,Skip
2,talk,14,1,7,Skip
2,talk,15,1,14,Skip
2,talk,16,1,12,COMINGOUT Agent[12] MEDIUM
2,talk,17,1,4,Skip
2,talk,18,1,10,Skip
2,talk,19,1,2,Skip
2,talk,20,1,9,Skip
2,talk,21,1,8,Skip
2,talk,22,1,5,Skip
2,talk,23,1,6,Skip
2,talk,24,1,1,DAY 2 (IDENTIFIED Agent[03] HUMAN)
2,talk,25,1,13,Skip
2,talk,26,2,14,VOTE Agent[06]
2,talk,27,2,11,VOTE Agent[09]
2,talk,28,2,5,VOTE Agent[06]
2,talk,29,2,8,VOTE Agent[04]
2,talk,30,2,10,VOTE Agent[13]
2,talk,31,2,4,VOTE Agent[07]
2,talk,32,2,9,VOTE Agent[05]
2,talk,33,2,13,VOTE Agent[11]
2,talk,34,2,12,ESTIMATE Agent[01] WEREWOLF
2,talk,35,2,2,VOTE Agent[13]
2,talk,36,2,7,VOTE Agent[12]
2,talk,37,2,1,BECAUSE (AND (COMINGOUT Agent[01] MEDIUM) (Agent[12] COMINGOUT Agent[12] MEDIUM)) (XOR (ESTIMATE Agent[12] WEREWOLF) (ESTIMATE Agent[12] POSSESSED))
2,talk,38,2,6,VOTE Agent[04]
2,talk,39,3,1,BECAUSE (XOR (ESTIMATE Agent[12] WEREWOLF) (ESTIMATE Agent[12] POSSESSED)) (VOTE Agent[12])
2,talk,40,3,2,Skip
2,talk,41,3,7,Skip
2,talk,42,3,9,Skip
2,talk,43,3,10,Skip
2,talk,44,3,13,Skip
2,talk,45,3,5,Skip
2,talk,46,3,12,IDENTIFIED Agent[03] WEREWOLF
2,talk,47,3,11,Skip
2,talk,48,3,6,Skip
2,talk,49,3,4,Skip
2,talk,50,3,14,Skip
2,talk,51,3,8,Skip
2,talk,52,4,1,Skip
2,talk,53,4,2,Skip
2,talk,54,4,8,Skip
2,talk,55,4,11,Skip
2,talk,56,4,14,Skip
2,talk,57,4,13,Skip
2,talk,58,4,4,Skip
2,talk,59,4,12,VOTE Agent[01]
2,talk,60,4,7,Skip
2,talk,61,4,10,Skip
2,talk,62,4,9,Skip
2,talk,63,4,5,Skip
2,talk,64,4,6,Skip
2,talk,65,5,1,Skip
2,talk,66,5,10,Over
2,talk,67,5,8,Over
2,talk,68,5,7,Over
2,talk,69,5,9,Over
2,talk,70,5,13,Over
2,talk,71,5,11,Over
2,talk,72,5,14,Over
2,talk,73,5,2,Over
2,talk,74,5,4,Over
2,talk,75,5,12,Skip
2,talk,76,5,6,Over
2,talk,77,5,5,Over
2,talk,78,6,5,Over
2,talk,79,6,13,Over
2,talk,80,6,10,Over
2,talk,81,6,8,Over
2,talk,82,6,6,Over
2,talk,83,6,11,Over
2,talk,84,6,12,Skip
2,talk,85,6,14,Over
2,talk,86,6,9,Over
2,talk,87,6,1,Over
2,talk,88,6,7,Over
2,talk,89,6,4,Over
2,talk,90,6,2,Over
2,talk,91,7,7,Over
2,talk,92,7,14,Over
2,talk,93,7,2,Over
2,talk,94,7,1,Over
2,talk,95,7,5,Over
2,talk,96,7,8,Over
2,talk,97,7,10,Over
2,talk,98,7,4,Over
2,talk,99,7,13,Over
2,talk,100,7,6,Over
2,talk,101,7,9,Over
2,talk,102,7,12,Over
2,talk,103,7,11,Over
2,vote,1,12
2,vote,2,13
2,vote,4,7
2,vote,5,6
2,vote,6,4
2,vote,7,12
2,vote,8,4
2,vote,9,5
2,vote,10,13
2,vote,11,9
2,vote,12,1
2,vote,13,11
2,vote,14,6
2,vote,1,12
2,vote,2,13
2,vote,4,7
2,vote,5,6
2,vote,6,4
2,vote,7,12
2,vote,8,4
2,vote,9,5
2,vote,10,13
2,vote,11,9
2,vote,12,1
2,vote,13,11
2,vote,14,6
2,execute,12,WEREWOLF
2,divine,13,5,HUMAN
2,whisper,0,0,11,BECAUSE (Agent[01] COMINGOUT Agent[01] MEDIUM) (ATTACK Agent[01])
2,whisper,1,0,4,BECAUSE (Agent[01] COMINGOUT Agent[01] MEDIUM) (ATTACK Agent[01])
2,whisper,2,1,11,Skip
2,whisper,3,1,4,Skip
2,whisper,4,2,11,Skip
2,whisper,5,2,4,Skip
2,whisper,6,3,4,Over
2,whisper,7,3,11,Over
2,guard,14,13,SEER
2,attack,1,true
3,status,1,MEDIUM,DEAD,Sample9
3,status,2,VILLAGER,ALIVE,Sample12
3,status,3,POSSESSED,DEAD,Sample8
3,status,4,WEREWOLF,ALIVE,Sample11
3,status,5,VILLAGER,ALIVE,Sample7
3,status,6,VILLAGER,ALIVE,Sample10
3,status,7,VILLAGER,ALIVE,Sample6
3,status,8,VILLAGER,ALIVE,Sample5
3,status,9,VILLAGER,ALIVE,Sample4
3,status,10,VILLAGER,ALIVE,Sample3
3,status,11,WEREWOLF,ALIVE,Sample14
3,status,12,WEREWOLF,DEAD,Sample2
3,status,13,SEER,ALIVE,Sample13
3,status,14,BODYGUARD,ALIVE,Sample1
3,status,15,VILLAGER,DEAD,cash_dqn
3,talk,0,0,6,Skip
3,talk,1,0,11,ESTIMATE Agent[02] WEREWOLF
3,talk,2,0,9,Skip
3,talk,3,0,13,DAY 3 (DIVINED Agent[05] HUMAN)
3,talk,4,0,14,Skip
3,talk,5,0,8,Skip
3,talk,6,0,2,Skip
3,talk,7,0,5,Skip
3,talk,8,0,10,Skip
3,talk,9,0,7,Skip
3,talk,10,0,4,ESTIMATE Agent[05] WEREWOLF
3,talk,11,1,7,Skip
3,talk,12,1,9,Skip
3,talk,13,1,2,Skip
3,talk,14,1,4,Skip
3,talk,15,1,11,Skip
3,talk,16,1,13,Skip
3,talk,17,1,10,Skip
3,talk,18,1,6,Skip
3,talk,19,1,8,Skip
3,talk,20,1,14,Skip
3,talk,21,1,5,Skip
3,talk,22,2,5,VOTE Agent[07]
3,talk,23,2,2,VOTE Agent[10]
3,talk,24,2,14,VOTE Agent[07]
3,talk,25,2,8,VOTE Agent[14]
3,talk,26,2,11,VOTE Agent[02]
3,talk,27,2,9,VOTE Agent[14]
3,talk,28,2,4,VOTE Agent[05]
3,talk,29,2,6,VOTE Agent[02]
3,talk,30,2,10,VOTE Agent[04]
3,talk,31,2,13,VOTE Agent[12]
3,talk,32,2,7,VOTE Agent[08]
3,talk,33,3,5,Skip
3,talk,34,3,2,Skip
3,talk,35,3,6,Skip
3,talk,36,3,7,Skip
3,talk,37,3,4,Skip
3,talk,38,3,8,Skip
3,talk,39,3,14,Skip
3,talk,40,3,11,Skip
3,talk,41,3,10,Skip
3,talk,42,3,13,Skip
3,talk,43,3,9,Skip
3,talk,44,4,11,Skip
3,talk,45,4,2,Skip
3,talk,46,4,14,Skip
3,talk,47,4,5,Skip
3,talk,48,4,4,Skip
3,talk,49,4,7,Skip
3,talk,50,4,13,Skip
3,talk,51,4,9,Skip
3,talk,52,4,8,Skip
3,talk,53,4,6,Skip
3,talk,54,4,10,Skip
3,talk,55,5,7,Over
3,talk,56,5,8,Over
3,talk,57,5,10,Over
3,talk,58,5,5,Over
3,talk,59,5,2,Over
3,talk,60,5,4,Over
3,talk,61,5,13,Over
3,talk,62,5,14,Over
3,talk,63,5,9,Over
3,talk,64,5,6,Over
3,talk,65,5,11,Over
3,vote,2,10
3,vote,4,5
3,vote,5,7
3,vote,6,2
3,vote,7,8
3,vote,8,14
3,vote,9,14
3,vote,10,4
3,vote,11,2
3,vote,13,8
3,vote,14,7
3,vote,2,10
3,vote,4,5
3,vote,5,7
3,vote,6,2
3,vote,7,8
3,vote,8,14
3,vote,9,14
3,vote,10,4
3,vote,11,2
3,vote,13,5
3,vote,14,7
3,execute,2,VILLAGER
3,divine,13,11,WEREWOLF
3,whisper,0,0,4,BECAUSE (Agent[13] COMINGOUT Agent[13] SEER) (ATTACK Agent[13])
3,whisper,1,0,11,BECAUSE (Agent[13] COMINGOUT Agent[13] SEER) (ATTACK Agent[13])
3,whisper,2,1,4,Skip
3,whisper,3,1,11,Skip
3,whisper,4,2,4,Skip
3,whisper,5,2,11,Skip
3,whisper,6,3,4,Over
3,whisper,7,3,11,Over
3,guard,14,13,SEER
3,attack,10,true
4,status,1,MEDIUM,DEAD,Sample9
4,status,2,VILLAGER,DEAD,Sample12
4,status,3,POSSESSED,DEAD,Sample8
4,status,4,WEREWOLF,ALIVE,Sample11
4,status,5,VILLAGER,ALIVE,Sample7
4,status,6,VILLAGER,ALIVE,Sample10
4,status,7,VILLAGER,ALIVE,Sample6
4,status,8,VILLAGER,ALIVE,Sample5
4,status,9,VILLAGER,ALIVE,Sample4
4,status,10,VILLAGER,DEAD,Sample3
4,status,11,WEREWOLF,ALIVE,Sample14
4,status,12,WEREWOLF,DEAD,Sample2
4,status,13,SEER,ALIVE,Sample13
4,status,14,BODYGUARD,ALIVE,Sample1
4,status,15,VILLAGER,DEAD,cash_dqn
4,talk,0,0,8,Skip
4,talk,1,0,6,Skip
4,talk,2,0,5,Skip
4,talk,3,0,9,Skip
4,talk,4,0,11,ESTIMATE Agent[08] WEREWOLF
4,talk,5,0,4,ESTIMATE Agent[13] WEREWOLF
4,talk,6,0,7,Skip
4,talk,7,0,14,Skip
4,talk,8,0,13,DAY 4 (DIVINED Agent[11] WEREWOLF)
4,talk,9,1,4,Skip
4,talk,10,1,6,Skip
4,talk,11,1,11,Skip
4,talk,12,1,9,Skip
4,talk,13,1,8,Skip
4,talk,14,1,14,Skip
4,talk,15,1,13,BECAUSE (DAY 4 (DIVINED Agent[11] WEREWOLF)) (REQUEST ANY (VOTE Agent[11]))
4,talk,16,1,5,Skip
4,talk,17,1,7,Skip
4,talk,18,2,14,VOTE Agent[11]
4,talk,19,2,8,VOTE Agent[09]
4,talk,20,2,7,VOTE Agent[09]
4,talk,21,2,6,VOTE Agent[11]
4,talk,22,2,11,VOTE Agent[08]
4,talk,23,2,9,VOTE Agent[05]
4,talk,24,2,13,INQUIRE ANY (VOTE Agent[11])
4,talk,25,2,4,VOTE Agent[13]
4,talk,26,2,5,VOTE Agent[11]
4,talk,27,3,6,Skip
4,talk,28,3,9,Skip
4,talk,29,3,4,Skip
4,talk,30,3,5,Skip
4,talk,31,3,7,Skip
4,talk,32,3,11,Skip
4,talk,33,3,14,Skip
4,talk,34,3,8,Skip
4,talk,35,3,13,BECAUSE (DIVINED Agent[11] WEREWOLF) (VOTE Agent[11])
4,talk,36,4,9,Skip
4,talk,37,4,7,Skip
4,talk,38,4,4,Skip
4,talk,39,4,6,Skip
4,talk,40,4,13,Skip
4,talk,41,4,11,Skip
4,talk,42,4,14,Skip
4,talk,43,4,5,Skip
4,talk,44,4,8,Skip
4,talk,45,5,5,Over
4,talk,46,5,9,Over
4,talk,47,5,13,Skip
4,talk,48,5,14,Over
4,talk,49,5,8,Over
4,talk,50,5,6,Over
4,talk,51,5,7,Over
4,talk,52,5,11,Over
4,talk,53,5,4,Over
4,talk,54,6,11,Over
4,talk,55,6,13,Over
4,talk,56,6,8,Over
4,talk,57,6,6,Over
4,talk,58,6,4,Over
4,talk,59,6,14,Over
4,talk,60,6,5,Over
4,talk,61,6,7,Over
4,talk,62,6,9,Over
4,vote,4,13
4,vote,5,11
4,vote,6,11
4,vote,7,9
4,vote,8,9
4,vote,9,5
4,vote,11,8
4,vote,13,11
4,vote,14,11
4,execute,11,WEREWOLF
4,divine,13,6,HUMAN
4,guard,14,13,SEER
4,attackVote,4,13
4,attack,13,false
5,status,1,MEDIUM,DEAD,Sample9
5,status,2,VILLAGER,DEAD,Sample12
5,status,3,POSSESSED,DEAD,Sample8
5,status,4,WEREWOLF,ALIVE,Sample11
5,status,5,VILLAGER,ALIVE,Sample7
5,status,6,VILLAGER,ALIVE,Sample10
5,status,7,VILLAGER,ALIVE,Sample6
5,status,8,VILLAGER,ALIVE,Sample5
5,status,9,VILLAGER,ALIVE,Sample4
5,status,10,VILLAGER,DEAD,Sample3
5,status,11,WEREWOLF,DEAD,Sample14
5,status,12,WEREWOLF,DEAD,Sample2
5,status,13,SEER,ALIVE,Sample13
5,status,14,BODYGUARD,ALIVE,Sample1
5,status,15,VILLAGER,DEAD,cash_dqn
5,talk,0,0,13,DAY 5 (DIVINED Agent[06] HUMAN)
5,talk,1,0,9,Skip
5,talk,2,0,4,ESTIMATE Agent[08] WEREWOLF
5,talk,3,0,5,Skip
5,talk,4,0,7,Skip
5,talk,5,0,14,Skip
5,talk,6,0,6,Skip
5,talk,7,0,8,Skip
5,talk,8,1,9,Skip
5,talk,9,1,5,Skip
5,talk,10,1,13,Skip
5,talk,11,1,4,Skip
5,talk,12,1,14,Skip
5,talk,13,1,8,Skip
5,talk,14,1,6,Skip
5,talk,15,1,7,Skip
5,talk,16,2,5,VOTE Agent[06]
5,talk,17,2,13,VOTE Agent[04]
5,talk,18,2,9,VOTE Agent[14]
5,talk,19,2,4,VOTE Agent[08]
5,talk,20,2,7,VOTE Agent[13]
5,talk,21,2,14,VOTE Agent[06]
5,talk,22,2,6,VOTE Agent[14]
5,talk,23,2,8,VOTE Agent[05]
5,talk,24,3,9,Skip
5,talk,25,3,5,Skip
5,talk,26,3,13,Skip
5,talk,27,3,8,Skip
5,talk,28,3,4,Skip
5,talk,29,3,7,Skip
5,talk,30,3,14,Skip
5,talk,31,3,6,Skip
5,talk,32,4,9,Skip
5,talk,33,4,6,Skip
5,talk,34,4,13,Skip
5,talk,35,4,8,Skip
5,talk,36,4,7,Skip
5,talk,37,4,5,Skip
5,talk,38,4,14,Skip
5,talk,39,4,4,Skip
5,talk,40,5,13,Over
5,talk,41,5,8,Over
5,talk,42,5,5,Over
5,talk,43,5,9,Over
5,talk,44,5,6,Over
5,talk,45,5,4,Over
5,talk,46,5,14,Over
5,talk,47,5,7,Over
5,vote,4,8
5,vote,5,6
5,vote,6,14
5,vote,7,13
5,vote,8,5
5,vote,9,14
5,vote,13,4
5,vote,14,6
5,vote,4,8
5,vote,5,6
5,vote,6,14
5,vote,7,13
5,vote,8,5
5,vote,9,14
5,vote,13,4
5,vote,14,6
5,execute,14,BODYGUARD
5,divine,13,8,HUMAN
5,attackVote,4,13
5,attack,13,true
6,status,1,MEDIUM,DEAD,Sample9
6,status,2,VILLAGER,DEAD,Sample12
6,status,3,POSSESSED,DEAD,Sample8
6,status,4,WEREWOLF,ALIVE,Sample11
6,status,5,VILLAGER,ALIVE,Sample7
6,status,6,VILLAGER,ALIVE,Sample10
6,status,7,VILLAGER,ALIVE,Sample6
6,status,8,VILLAGER,ALIVE,Sample5
6,status,9,VILLAGER,ALIVE,Sample4
6,status,10,VILLAGER,DEAD,Sample3
6,status,11,WEREWOLF,DEAD,Sample14
6,status,12,WEREWOLF,DEAD,Sample2
6,status,13,SEER,DEAD,Sample13
6,status,14,BODYGUARD,DEAD,Sample1
6,status,15,VILLAGER,DEAD,cash_dqn
6,talk,0,0,7,Skip
6,talk,1,0,8,Skip
6,talk,2,0,4,ESTIMATE Agent[08] WEREWOLF
6,talk,3,0,6,Skip
6,talk,4,0,9,Skip
6,talk,5,0,5,Skip
6,talk,6,1,9,Skip
6,talk,7,1,8,Skip
6,talk,8,1,5,Skip
6,talk,9,1,6,Skip
6,talk,10,1,4,Skip
6,talk,11,1,7,Skip
6,talk,12,2,6,VOTE Agent[09]
6,talk,13,2,4,VOTE Agent[08]
6,talk,14,2,9,VOTE Agent[08]
6,talk,15,2,7,VOTE Agent[08]
6,talk,16,2,8,VOTE Agent[06]
6,talk,17,2,5,VOTE Agent[09]
6,talk,18,3,9,Skip
6,talk,19,3,8,Skip
6,talk,20,3,4,Skip
6,talk,21,3,5,Skip
6,talk,22,3,7,Skip
6,talk,23,3,6,Skip
6,talk,24,4,5,Skip
6,talk,25,4,6,Skip
6,talk,26,4,9,Skip
6,talk,27,4,7,Skip
6,talk,28,4,4,Skip
6,talk,29,4,8,Skip
6,talk,30,5,5,Over
6,talk,31,5,9,Over
6,talk,32,5,4,Over
6,talk,33,5,8,Over
6,talk,34,5,6,Over
6,talk,35,5,7,Over
6,vote,4,8
6,vote,5,9
6,vote,6,9
6,vote,7,8
6,vote,8,6
6,vote,9,8
6,execute,8,VILLAGER
6,attackVote,4,9
6,attack,9,true
7,status,1,MEDIUM,DEAD,Sample9
7,status,2,VILLAGER,DEAD,Sample12
7,status,3,POSSESSED,DEAD,Sample8
7,status,4,WEREWOLF,ALIVE,Sample11
7,status,5,VILLAGER,ALIVE,Sample7
7,status,6,VILLAGER,ALIVE,Sample10
7,status,7,VILLAGER,ALIVE,Sample6
7,status,8,VILLAGER,DEAD,Sample5
7,status,9,VILLAGER,DEAD,Sample4
7,status,10,VILLAGER,DEAD,Sample3
7,status,11,WEREWOLF,DEAD,Sample14
7,status,12,WEREWOLF,DEAD,Sample2
7,status,13,SEER,DEAD,Sample13
7,status,14,BODYGUARD,DEAD,Sample1
7,status,15,VILLAGER,DEAD,cash_dqn
7,talk,0,0,7,Skip
7,talk,1,0,6,Skip
7,talk,2,0,4,ESTIMATE Agent[05] WEREWOLF
7,talk,3,0,5,Skip
7,talk,4,1,6,Skip
7,talk,5,1,4,Skip
7,talk,6,1,7,Skip
7,talk,7,1,5,Skip
7,talk,8,2,5,VOTE Agent[07]
7,talk,9,2,6,VOTE Agent[07]
7,talk,10,2,7,VOTE Agent[05]
7,talk,11,2,4,VOTE Agent[05]
7,talk,12,3,6,Skip
7,talk,13,3,4,Skip
7,talk,14,3,5,Skip
7,talk,15,3,7,Skip
7,talk,16,4,7,Skip
7,talk,17,4,4,Skip
7,talk,18,4,5,Skip
7,talk,19,4,6,Skip
7,talk,20,5,5,Over
7,talk,21,5,4,Over
7,talk,22,5,7,Over
7,talk,23,5,6,Over
7,vote,4,5
7,vote,5,7
7,vote,6,7
7,vote,7,5
7,vote,4,5
7,vote,5,7
7,vote,6,7
7,vote,7,5
7,execute,7,VILLAGER
7,attackVote,4,6
7,attack,6,true
8,status,1,MEDIUM,DEAD,Sample9
8,status,2,VILLAGER,DEAD,Sample12
8,status,3,POSSESSED,DEAD,Sample8
8,status,4,WEREWOLF,ALIVE,Sample11
8,status,5,VILLAGER,ALIVE,Sample7
8,status,6,VILLAGER,DEAD,Sample10
8,status,7,VILLAGER,DEAD,Sample6
8,status,8,VILLAGER,DEAD,Sample5
8,status,9,VILLAGER,DEAD,Sample4
8,status,10,VILLAGER,DEAD,Sample3
8,status,11,WEREWOLF,DEAD,Sample14
8,status,12,WEREWOLF,DEAD,Sample2
8,status,13,SEER,DEAD,Sample13
8,status,14,BODYGUARD,DEAD,Sample1
8,status,15,VILLAGER,DEAD,cash_dqn
8,result,1,1,WEREWOLF
