0,status,1,POSSESSED,ALIVE,Sample9
0,status,2,MEDIUM,ALIVE,Sample12
0,status,3,VILLAGER,ALIVE,Sample8
0,status,4,SEER,ALIVE,Sample11
0,status,5,WEREWOLF,ALIVE,Sample7
0,status,6,VILLAGER,ALIVE,Sample10
0,status,7,BODYGUARD,ALIVE,Sample6
0,status,8,VILLAGER,ALIVE,Sample5
0,status,9,VILLAGER,ALIVE,Sample4
0,status,10,VILLAGER,ALIVE,Sample3
0,status,11,WEREWOLF,ALIVE,Sample14
0,status,12,WEREWOLF,ALIVE,Sample2
0,status,13,VILLAGER,ALIVE,Sample13
0,status,14,VILLAGER,ALIVE,Sample1
0,status,15,VILLAGER,ALIVE,cash_dqn
0,whisper,0,0,5,COMINGOUT Agent[05] VILLAGER
0,whisper,1,0,11,COMINGOUT Agent[11] VILLAGER
0,whisper,2,0,12,COMINGOUT Agent[12] SEER
0,whisper,3,1,12,ATTACK Agent[15]
0,whisper,4,1,11,ATTACK Agent[13]
0,whisper,5,1,5,ATTACK Agent[02]
0,whisper,6,2,12,Skip
0,whisper,7,2,5,Skip
0,whisper,8,2,11,Skip
0,whisper,9,3,11,Skip
0,whisper,10,3,12,Skip
0,whisper,11,3,5,Skip
0,whisper,12,4,5,Over
0,whisper,13,4,12,Over
0,whisper,14,4,11,Over
0,divine,4,1,HUMAN
1,status,1,POSSESSED,ALIVE,Sample9
1,status,2,MEDIUM,ALIVE,Sample12
1,status,3,VILLAGER,ALIVE,Sample8
1,status,4,SEER,ALIVE,Sample11
1,status,5,WEREWOLF,ALIVE,Sample7
1,status,6,VILLAGER,ALIVE,Sample10
1,status,7,BODYGUARD,ALIVE,Sample6
1,status,8,VILLAGER,ALIVE,Sample5
1,status,9,VILLAGER,ALIVE,Sample4
1,status,10,VILLAGER,ALIVE,Sample3
1,status,11,WEREWOLF,ALIVE,Sample14
1,status,12,WEREWOLF,ALIVE,Sample2
1,status,13,VILLAGER,ALIVE,Sample13
1,status,14,VILLAGER,ALIVE,Sample1
1,status,15,VILLAGER,ALIVE,cash_dqn
1,talk,0,0,14,Skip
1,talk,1,0,2,COMINGOUT Agent[02] MEDIUM
1,talk,2,0,3,Skip
1,talk,3,0,10,Skip
1,talk,4,0,15,Skip
1,talk,5,0,12,ESTIMATE Agent[10] WEREWOLF
1,talk,6,0,1,Skip
1,talk,7,0,13,Skip
1,talk,8,0,7,Skip
1,talk,9,0,5,ESTIMATE Agent[06] WEREWOLF
1,talk,10,0,11,ESTIMATE Agent[10] WEREWOLF
1,talk,11,0,4,Skip
1,talk,12,0,8,Skip
1,talk,13,0,9,Skip
1,talk,14,0,6,Skip
1,talk,15,1,10,Skip
1,talk,16,1,12,Skip
1,talk,17,1,7,Skip
1,talk,18,1,11,Skip
1,talk,19,1,13,Skip
1,talk,20,1,9,Skip
1,talk,21,1,4,Skip
1,talk,22,1,14,Skip
1,talk,23,1,1,Skip
1,talk,24,1,8,Skip
1,talk,25,1,6,Skip
1,talk,26,1,5,Skip
1,talk,27,1,2,Skip
1,talk,28,1,15,VOTE Agent[10]
1,talk,29,1,3,Skip
1,talk,30,2,9,VOTE Agent[07]
1,talk,31,2,12,VOTE Agent[10]
1,talk,32,2,8,VOTE Agent[03]
1,talk,33,2,15,Skip
1,talk,34,2,5,VOTE Agent[06]
1,talk,35,2,4,VOTE Agent[13]
1,talk,36,2,3,VOTE Agent[15]
1,talk,37,2,7,VOTE Agent[09]
1,talk,38,2,10,VOTE Agent[05]
1,talk,39,2,6,VOTE Agent[02]
1,talk,40,2,1,VOTE Agent[12]
1,talk,41,2,14,VOTE Agent[03]
1,talk,42,2,11,VOTE Agent[10]
1,talk,43,2,2,VOTE Agent[03]
1,talk,44,2,13,VOTE Agent[04]
1,talk,45,3,8,Skip
1,talk,46,3,6,Skip
1,talk,47,3,3,Skip
1,talk,48,3,2,Skip
1,talk,49,3,1,Skip
1,talk,50,3,14,Skip
1,talk,51,3,15,Skip
1,talk,52,3,4,Skip
1,talk,53,3,10,Skip
1,talk,54,3,5,Skip
1,talk,55,3,12,Skip
1,talk,56,3,9,Skip
1,talk,57,3,11,Skip
1,talk,58,3,13,Skip
1,talk,59,3,7,Skip
1,talk,60,4,2,Skip
1,talk,61,4,1,Skip
1,talk,62,4,14,Skip
1,talk,63,4,15,Over
1,talk,64,4,8,Skip
1,talk,65,4,11,Skip
1,talk,66,4,6,Skip
1,talk,67,4,12,Skip
1,talk,68,4,7,Skip
1,talk,69,4,5,Skip
1,talk,70,4,9,Skip
1,talk,71,4,3,Skip
1,talk,72,4,10,Skip
1,talk,73,4,4,Skip
1,talk,74,4,13,Skip
1,talk,75,5,2,Over
1,talk,76,5,8,Over
1,talk,77,5,15,Over
1,talk,78,5,1,Over
1,talk,79,5,4,Over
1,talk,80,5,5,Over
1,talk,81,5,3,Over
1,talk,82,5,7,Over
1,talk,83,5,11,Over
1,talk,84,5,6,Over
1,talk,85,5,10,Over
1,talk,86,5,13,Over
1,talk,87,5,14,Over
1,talk,88,5,12,Over
1,talk,89,5,9,Over
1,vote,1,12
1,vote,2,3
1,vote,3,15
1,vote,4,13
1,vote,5,6
1,vote,6,2
1,vote,7,9
1,vote,8,3
1,vote,9,7
1,vote,10,5
1,vote,11,10
1,vote,12,10
1,vote,13,4
1,vote,14,3
1,vote,15,2
1,execute,3,VILLAGER
1,divine,4,6,HUMAN
1,whisper,0,0,11,BECAUSE (Agent[02] COMINGOUT Agent[02] MEDIUM) (ATTACK Agent[02])
1,whisper,1,0,12,BECAUSE (Agent[02] COMINGOUT Agent[02] MEDIUM) (ATTACK Agent[02])
1,whisper,2,0,5,BECAUSE (Agent[02] COMINGOUT Agent[02] MEDIUM) (ATTACK Agent[02])
1,whisper,3,1,5,Skip
1,whisper,4,1,12,Skip
1,whisper,5,1,11,Skip
1,whisper,6,2,5,Skip
1,whisper,7,2,12,Skip
1,whisper,8,2,11,Skip
1,whisper,9,3,5,Over
1,whisper,10,3,11,Over
1,whisper,11,3,12,Over
1,guard,7,2,MEDIUM
1,attack,15,true
2,status,1,POSSESSED,ALIVE,Sample9
2,status,2,MEDIUM,ALIVE,Sample12
2,status,3,VILLAGER,DEAD,Sample8
2,status,4,SEER,ALIVE,Sample11
2,status,5,WEREWOLF,ALIVE,Sample7
2,status,6,VILLAGER,ALIVE,Sample10
2,status,7,BODYGUARD,ALIVE,Sample6
2,status,8,VILLAGER,ALIVE,Sample5
2,status,9,VILLAGER,ALIVE,Sample4
2,status,10,VILLAGER,ALIVE,Sample3
2,status,11,WEREWOLF,ALIVE,Sample14
2,status,12,WEREWOLF,ALIVE,Sample2
2,status,13,VILLAGER,ALIVE,Sample13
2,status,14,VILLAGER,ALIVE,Sample1
2,status,15,VILLAGER,DEAD,cash_dqn
2,talk,0,0,4,Skip
2,talk,1,0,9,Skip
2,talk,2,0,12,COMINGOUT Agent[12] SEER
2,talk,3,0,8,Skip
2,talk,4,0,6,Skip
2,talk,5,0,10,Skip
2,talk,6,0,11,ESTIMATE Agent[01] WEREWOLF
2,talk,7,0,7,Skip
2,talk,8,0,13,Skip
2,talk,9,0,1,Skip
2,talk,10,0,14,Skip
2,talk,11,0,2,DAY 2 (IDENTIFIED Agent[03] HUMAN)
2,talk,12,0,5,ESTIMATE Agent[14] WEREWOLF
2,talk,13,1,14,Skip
2,talk,14,1,2,Skip
2,talk,15,1,10,Skip
2,talk,16,1,8,Skip
2,talk,17,1,6,Skip
2,talk,18,1,11,Skip
2,talk,19,1,12,ESTIMATE Agent[10] WEREWOLF
2,talk,20,1,4,COMINGOUT Agent[04] SEER
2,talk,21,1,1,COMINGOUT Agent[01] SEER
2,talk,22,1,13,Skip
2,talk,23,1,5,Skip
2,talk,24,1,9,Skip
2,talk,25,1,7,Skip
2,talk,26,2,4,AND (DAY 1 (DIVINED Agent[01] HUMAN)) (DAY 2 (DIVINED Agent[06] HUMAN))
2,talk,27,2,10,VOTE Agent[06]
2,talk,28,2,6,VOTE Agent[13]
2,talk,29,2,14,VOTE Agent[04]
2,talk,30,2,13,VOTE Agent[10]
2,talk,31,2,1,AND (DAY 1 (DIVINED Agent[08] HUMAN)) (DAY 2 (DIVINED Agent[12] WEREWOLF))
2,talk,32,2,11,VOTE Agent[01]
2,talk,33,2,9,VOTE Agent[05]
2,talk,34,2,8,VOTE Agent[12]
2,talk,35,2,7,VOTE Agent[01]
2,talk,36,2,2,VOTE Agent[04]
2,talk,37,2,5,VOTE Agent[14]
2,talk,38,2,12,DIVINED Agent[10] WEREWOLF
2,talk,39,3,10,BECAUSE (AND (COMINGOUT Agent[10] VILLAGER) (DAY 2 (Agent[12] DIVINED Agent[10] WEREWOLF))) (XOR (ESTIMATE Agent[12] WEREWOLF) (ESTIMATE Agent[12] POSSESSED))
2,talk,40,3,4,BECAUSE (AND (COMINGOUT Agent[04] SEER) (Agent[12] COMINGOUT Agent[12] SEER)) (XOR (ESTIMATE Agent[12] WEREWOLF) (ESTIMATE Agent[12] POSSESSED))
2,talk,41,3,11,Skip
2,talk,42,3,5,Skip
2,talk,43,3,12,DIVINED Agent[14] HUMAN
2,talk,44,3,7,Skip
2,talk,45,3,14,Skip
2,talk,46,3,6,Skip
2,talk,47,3,9,Skip
2,talk,48,3,1,BECAUSE (DAY 2 (DIVINED Agent[12] WEREWOLF)) (REQUEST ANY (VOTE Agent[12]))
2,talk,49,3,2,Skip
2,talk,50,3,8,Skip
2,talk,51,3,13,Skip
2,talk,52,4,4,BECAUSE (AND (AND (COMINGOUT Agent[04] SEER) (Agent[01] COMINGOUT Agent[01] SEER)) (DIVINED Agent[01] HUMAN)) (ESTIMATE Agent[01] POSSESSED)
2,talk,53,4,11,Skip
2,talk,54,4,12,VOTE Agent[10]
2,talk,55,4,13,Skip
2,talk,56,4,9,Skip
2,talk,57,4,1,INQUIRE ANY (VOTE Agent[12])
2,talk,58,4,7,Skip
2,talk,59,4,8,Skip
2,talk,60,4,14,Skip
2,talk,61,4,6,Skip
2,talk,62,4,2,Skip
2,talk,63,4,10,BECAUSE (XOR (ESTIMATE Agent[12] WEREWOLF) (ESTIMATE Agent[12] POSSESSED)) (VOTE Agent[12])
2,talk,64,4,5,Skip
2,talk,65,5,4,BECAUSE (XOR (ESTIMATE Agent[12] WEREWOLF) (ESTIMATE Agent[12] POSSESSED)) (VOTE Agent[12])
2,talk,66,5,8,Over
2,talk,67,5,13,Over
2,talk,68,5,5,Over
2,talk,69,5,1,BECAUSE (DIVINED Agent[12] WEREWOLF) (VOTE Agent[12])
2,talk,70,5,2,Over
2,talk,71,5,7,Over
2,talk,72,5,6,Over
2,talk,73,5,10,Skip
2,talk,74,5,14,Over
2,talk,75,5,9,Over
2,talk,76,5,11,Over
2,talk,77,5,12,Skip
2,talk,78,6,1,Skip
2,talk,79,6,8,Over
2,talk,80,6,6,Over
2,talk,81,6,5,Over
2,talk,82,6,7,Over
2,talk,83,6,4,Skip
2,talk,84,6,9,Over
2,talk,85,6,14,Over
2,talk,86,6,10,Skip
2,talk,87,6,13,Over
2,talk,88,6,11,Over
2,talk,89,6,2,Over
2,talk,90,6,12,Skip
2,talk,91,7,1,Skip
2,talk,92,7,10,Over
2,talk,93,7,14,Over
2,talk,94,7,7,Over
2,talk,95,7,2,Over
2,talk,96,7,6,Over
2,talk,97,7,12,Over
2,talk,98,7,5,Over
2,talk,99,7,4,Skip
2,talk,100,7,9,Over
2,talk,101,7,8,Over
2,talk,102,7,13,Over
2,talk,103,7,11,Over
2,talk,104,8,1,Over
2,talk,105,8,10,Over
2,talk,106,8,8,Over
2,talk,107,8,4,Over
2,talk,108,8,13,Over
2,talk,109,8,11,Over
2,talk,110,8,2,Over
2,talk,111,8,12,Over
2,talk,112,8,14,Over
2,talk,113,8,5,Over
2,talk,114,8,6,Over
2,talk,115,8,9,Over
2,talk,116,8,7,Over
2,vote,1,12
2,vote,2,4
2,vote,4,12
2,vote,5,14
2,vote,6,13
2,vote,7,1
2,vote,8,12
2,vote,9,5
2,vote,10,12
2,vote,11,1
2,vote,12,10
2,vote,13,10
2,vote,14,4
2,execute,12,WEREWOLF
2,whisper,0,0,11,BECAUSE (Agent[02] COMINGOUT Agent[02] MEDIUM) (ATTACK Agent[02])
2,whisper,1,0,5,BECAUSE (Agent[01] COMINGOUT Agent[01] SEER) (ATTACK Agent[01])
2,whisper,2,1,5,Skip
2,whisper,3,1,11,Skip
2,whisper,4,2,11,Skip
2,whisper,5,2,5,Skip
2,whisper,6,3,5,Over
2,whisper,7,3,11,Over
2,guard,7,4,SEER
2,attack,1,true
3,status,1,POSSESSED,DEAD,Sample9
3,status,2,MEDIUM,ALIVE,Sample12
3,status,3,VILLAGER,DEAD,Sample8
3,status,4,SEER,ALIVE,Sample11
3,status,5,WEREWOLF,ALIVE,Sample7
3,status,6,VILLAGER,ALIVE,Sample10
3,status,7,BODYGUARD,ALIVE,Sample6
3,status,8,VILLAGER,ALIVE,Sample5
3,status,9,VILLAGER,ALIVE,Sample4
3,status,10,VILLAGER,ALIVE,Sample3
3,status,11,WEREWOLF,ALIVE,Sample14
3,status,12,WEREWOLF,DEAD,Sample2
3,status,13,VILLAGER,ALIVE,Sample13
3,status,14,VILLAGER,ALIVE,Sample1
3,status,15,VILLAGER,DEAD,cash_dqn
3,talk,0,0,14,Skip
3,talk,1,0,10,Skip
3,talk,2,0,5,ESTIMATE Agent[07] WEREWOLF
3,talk,3,0,7,Skip
3,talk,4,0,2,DAY 3 (IDENTIFIED Agent[12] WEREWOLF)
3,talk,5,0,6,Skip
3,talk,6,0,11,ESTIMATE Agent[04] WEREWOLF
3,talk,7,0,4,Skip
3,talk,8,0,13,Skip
3,talk,9,0,9,Skip
3,talk,10,0,8,Skip
3,talk,11,1,9,Skip
3,talk,12,1,14,Skip
3,talk,13,1,13,Skip
3,talk,14,1,5,Skip
3,talk,15,1,8,Skip
3,talk,16,1,6,Skip
3,talk,17,1,7,Skip
3,talk,18,1,11,Skip
3,talk,19,1,2,Skip
3,talk,20,1,10,Skip
3,talk,21,1,4,Skip
3,talk,22,2,10,VOTE Agent[08]
3,talk,23,2,7,VOTE Agent[04]
3,talk,24,2,14,VOTE Agent[11]
3,talk,25,2,5,VOTE Agent[07]
3,talk,26,2,4,VOTE Agent[15]
3,talk,27,2,11,VOTE Agent[04]
3,talk,28,2,13,VOTE Agent[04]
3,talk,29,2,8,VOTE Agent[13]
3,talk,30,2,2,VOTE Agent[11]
3,talk,31,2,9,VOTE Agent[11]
3,talk,32,2,6,VOTE Agent[05]
3,talk,33,3,7,Skip
3,talk,34,3,6,Skip
3,talk,35,3,13,Skip
3,talk,36,3,11,Skip
3,talk,37,3,8,Skip
3,talk,38,3,5,Skip
3,talk,39,3,2,Skip
3,talk,40,3,4,Skip
3,talk,41,3,10,Skip
3,talk,42,3,14,Skip
3,talk,43,3,9,Skip
3,talk,44,4,8,Skip
3,talk,45,4,7,Skip
3,talk,46,4,5,Skip
3,talk,47,4,6,Skip
3,talk,48,4,14,Skip
3,talk,49,4,13,Skip
3,talk,50,4,9,Skip
3,talk,51,4,11,Skip
3,talk,52,4,10,Skip
3,talk,53,4,2,Skip
3,talk,54,4,4,Skip
3,talk,55,5,11,Over
3,talk,56,5,7,Over
3,talk,57,5,14,Over
3,talk,58,5,5,Over
3,talk,59,5,6,Over
3,talk,60,5,10,Over
3,talk,61,5,4,Over
3,talk,62,5,9,Over
3,talk,63,5,13,Over
3,talk,64,5,2,Over
3,talk,65,5,8,Over
3,vote,2,11
3,vote,4,14
3,vote,5,7
3,vote,6,5
3,vote,7,4
3,vote,8,13
3,vote,9,11
3,vote,10,8
3,vote,11,4
3,vote,13,4
3,vote,14,11
3,vote,2,11
3,vote,4,7
3,vote,5,7
3,vote,6,5
3,vote,7,4
3,vote,8,13
3,vote,9,11
3,vote,10,8
3,vote,11,4
3,vote,13,4
3,vote,14,11
3,execute,4,SEER
3,whisper,0,0,5,BECAUSE (Agent[02] COMINGOUT Agent[02] MEDIUM) (ATTACK Agent[02])
3,whisper,1,0,11,BECAUSE (Agent[02] COMINGOUT Agent[02] MEDIUM) (ATTACK Agent[02])
3,whisper,2,1,5,Skip
3,whisper,3,1,11,Skip
3,whisper,4,2,5,Skip
3,whisper,5,2,11,Skip
3,whisper,6,3,5,Over
3,whisper,7,3,11,Over
3,guard,7,2,MEDIUM
3,attack,13,true
4,status,1,POSSESSED,DEAD,Sample9
4,status,2,MEDIUM,ALIVE,Sample12
4,status,3,VILLAGER,DEAD,Sample8
4,status,4,SEER,DEAD,Sample11
4,status,5,WEREWOLF,ALIVE,Sample7
4,status,6,VILLAGER,ALIVE,Sample10
4,status,7,BODYGUARD,ALIVE,Sample6
4,status,8,VILLAGER,ALIVE,Sample5
4,status,9,VILLAGER,ALIVE,Sample4
4,status,10,VILLAGER,ALIVE,Sample3
4,status,11,WEREWOLF,ALIVE,Sample14
4,status,12,WEREWOLF,DEAD,Sample2
4,status,13,VILLAGER,DEAD,Sample13
4,status,14,VILLAGER,ALIVE,Sample1
4,status,15,VILLAGER,DEAD,cash_dqn
4,talk,0,0,7,Skip
4,talk,1,0,10,Skip
4,talk,2,0,14,Skip
4,talk,3,0,5,ESTIMATE Agent[14] WEREWOLF
4,talk,4,0,8,Skip
4,talk,5,0,2,DAY 4 (IDENTIFIED Agent[04] HUMAN)
4,talk,6,0,6,Skip
4,talk,7,0,11,ESTIMATE Agent[10] WEREWOLF
4,talk,8,0,9,Skip
4,talk,9,1,11,Skip
4,talk,10,1,7,Skip
4,talk,11,1,2,Skip
4,talk,12,1,5,Skip
4,talk,13,1,10,Skip
4,talk,14,1,9,Skip
4,talk,15,1,14,Skip
4,talk,16,1,6,Skip
4,talk,17,1,8,Skip
4,talk,18,2,14,VOTE Agent[07]
4,talk,19,2,2,VOTE Agent[10]
4,talk,20,2,11,VOTE Agent[10]
4,talk,21,2,6,VOTE Agent[14]
4,talk,22,2,10,VOTE Agent[11]
4,talk,23,2,9,VOTE Agent[08]
4,talk,24,2,7,VOTE Agent[02]
4,talk,25,2,5,VOTE Agent[14]
4,talk,26,2,8,VOTE Agent[14]
4,talk,27,3,14,Skip
4,talk,28,3,9,Skip
4,talk,29,3,6,Skip
4,talk,30,3,7,Skip
4,talk,31,3,2,Skip
4,talk,32,3,10,Skip
4,talk,33,3,11,Skip
4,talk,34,3,8,Skip
4,talk,35,3,5,Skip
4,talk,36,4,6,Skip
4,talk,37,4,11,Skip
4,talk,38,4,7,Skip
4,talk,39,4,14,Skip
4,talk,40,4,9,Skip
4,talk,41,4,2,Skip
4,talk,42,4,5,Skip
4,talk,43,4,10,Skip
4,talk,44,4,8,Skip
4,talk,45,5,14,Over
4,talk,46,5,8,Over
4,talk,47,5,7,Over
4,talk,48,5,11,Over
4,talk,49,5,6,Over
4,talk,50,5,9,Over
4,talk,51,5,5,Over
4,talk,52,5,2,Over
4,talk,53,5,10,Over
4,vote,2,10
4,vote,5,14
4,vote,6,14
4,vote,7,2
4,vote,8,14
4,vote,9,8
4,vote,10,11
4,vote,11,10
4,vote,14,7
4,execute,14,VILLAGER
4,whisper,0,0,11,BECAUSE (Agent[02] COMINGOUT Agent[02] MEDIUM) (ATTACK Agent[02])
4,whisper,1,0,5,BECAUSE (Agent[02] COMINGOUT Agent[02] MEDIUM) (ATTACK Agent[02])
4,whisper,2,1,5,Skip
4,whisper,3,1,11,Skip
4,whisper,4,2,11,Skip
4,whisper,5,2,5,Skip
4,whisper,6,3,11,Over
4,whisper,7,3,5,Over
4,guard,7,2,MEDIUM
4,attack,8,true
5,status,1,POSSESSED,DEAD,Sample9
5,status,2,MEDIUM,ALIVE,Sample12
5,status,3,VILLAGER,DEAD,Sample8
5,status,4,SEER,DEAD,Sample11
5,status,5,WEREWOLF,ALIVE,Sample7
5,status,6,VILLAGER,ALIVE,Sample10
5,status,7,BODYGUARD,ALIVE,Sample6
5,status,8,VILLAGER,DEAD,Sample5
5,status,9,VILLAGER,ALIVE,Sample4
5,status,10,VILLAGER,ALIVE,Sample3
5,status,11,WEREWOLF,ALIVE,Sample14
5,status,12,WEREWOLF,DEAD,Sample2
5,status,13,VILLAGER,DEAD,Sample13
5,status,14,VILLAGER,DEAD,Sample1
5,status,15,VILLAGER,DEAD,cash_dqn
5,talk,0,0,6,Skip
5,talk,1,0,9,Skip
5,talk,2,0,10,Skip
5,talk,3,0,11,ESTIMATE Agent[02] WEREWOLF
5,talk,4,0,5,ESTIMATE Agent[07] WEREWOLF
5,talk,5,0,7,Skip
5,talk,6,0,2,DAY 5 (IDENTIFIED Agent[14] HUMAN)
5,talk,7,1,9,Skip
5,talk,8,1,10,Skip
5,talk,9,1,7,Skip
5,talk,10,1,11,Skip
5,talk,11,1,5,Skip
5,talk,12,1,6,Skip
5,talk,13,1,2,Skip
5,talk,14,2,5,VOTE Agent[07]
5,talk,15,2,6,VOTE Agent[07]
5,talk,16,2,10,VOTE Agent[11]
5,talk,17,2,11,VOTE Agent[02]
5,talk,18,2,9,VOTE Agent[07]
5,talk,19,2,2,VOTE Agent[05]
5,talk,20,2,7,VOTE Agent[02]
5,talk,21,3,6,Skip
5,talk,22,3,9,Skip
5,talk,23,3,11,Skip
5,talk,24,3,10,Skip
5,talk,25,3,5,Skip
5,talk,26,3,2,Skip
5,talk,27,3,7,Skip
5,talk,28,4,10,Skip
5,talk,29,4,11,Skip
5,talk,30,4,5,Skip
5,talk,31,4,6,Skip
5,talk,32,4,2,Skip
5,talk,33,4,9,Skip
5,talk,34,4,7,Skip
5,talk,35,5,6,Over
5,talk,36,5,10,Over
5,talk,37,5,2,Over
5,talk,38,5,5,Over
5,talk,39,5,9,Over
5,talk,40,5,11,Over
5,talk,41,5,7,Over
5,vote,2,5
5,vote,5,7
5,vote,6,7
5,vote,7,2
5,vote,9,7
5,vote,10,11
5,vote,11,2
5,execute,7,BODYGUARD
5,whisper,0,0,11,BECAUSE (Agent[02] COMINGOUT Agent[02] MEDIUM) (ATTACK Agent[02])
5,whisper,1,0,5,BECAUSE (Agent[02] COMINGOUT Agent[02] MEDIUM) (ATTACK Agent[02])
5,whisper,2,1,11,Skip
5,whisper,3,1,5,Skip
5,whisper,4,2,11,Skip
5,whisper,5,2,5,Skip
5,whisper,6,3,11,Over
5,whisper,7,3,5,Over
5,attack,9,true
6,status,1,POSSESSED,DEAD,Sample9
6,status,2,MEDIUM,ALIVE,Sample12
6,status,3,VILLAGER,DEAD,Sample8
6,status,4,SEER,DEAD,Sample11
6,status,5,WEREWOLF,ALIVE,Sample7
6,status,6,VILLAGER,ALIVE,Sample10
6,status,7,BODYGUARD,DEAD,Sample6
6,status,8,VILLAGER,DEAD,Sample5
6,status,9,VILLAGER,DEAD,Sample4
6,status,10,VILLAGER,ALIVE,Sample3
6,status,11,WEREWOLF,ALIVE,Sample14
6,status,12,WEREWOLF,DEAD,Sample2
6,status,13,VILLAGER,DEAD,Sample13
6,status,14,VILLAGER,DEAD,Sample1
6,status,15,VILLAGER,DEAD,cash_dqn
6,talk,0,0,10,Skip
6,talk,1,0,6,Skip
6,talk,2,0,2,DAY 6 (IDENTIFIED Agent[07] HUMAN)
6,talk,3,0,11,ESTIMATE Agent[02] WEREWOLF
6,talk,4,0,5,ESTIMATE Agent[02] WEREWOLF
6,talk,5,1,10,Skip
6,talk,6,1,11,Skip
6,talk,7,1,2,Skip
6,talk,8,1,5,Skip
6,talk,9,1,6,Skip
6,talk,10,2,10,VOTE Agent[05]
6,talk,11,2,6,VOTE Agent[11]
6,talk,12,2,5,VOTE Agent[02]
6,talk,13,2,11,VOTE Agent[02]
6,talk,14,2,2,VOTE Agent[06]
6,talk,15,3,5,Skip
6,talk,16,3,10,Skip
6,talk,17,3,6,Skip
6,talk,18,3,11,Skip
6,talk,19,3,2,Skip
6,talk,20,4,6,Skip
6,talk,21,4,11,Skip
6,talk,22,4,5,Skip
6,talk,23,4,2,Skip
6,talk,24,4,10,Skip
6,talk,25,5,2,Over
6,talk,26,5,5,Over
6,talk,27,5,11,Over
6,talk,28,5,6,Over
6,talk,29,5,10,Over
6,vote,2,6
6,vote,5,2
6,vote,6,11
6,vote,10,5
6,vote,11,2
6,execute,2,MEDIUM
6,whisper,0,0,11,ATTACK Agent[10]
6,whisper,1,0,5,ATTACK Agent[10]
6,whisper,2,1,11,Skip
6,whisper,3,1,5,Skip
6,whisper,4,2,11,Skip
6,whisper,5,2,5,Skip
6,whisper,6,3,5,Over
6,whisper,7,3,11,Over
6,attack,10,true
7,status,1,POSSESSED,DEAD,Sample9
7,status,2,MEDIUM,DEAD,Sample12
7,status,3,VILLAGER,DEAD,Sample8
7,status,4,SEER,DEAD,Sample11
7,status,5,WEREWOLF,ALIVE,Sample7
7,status,6,VILLAGER,ALIVE,Sample10
7,status,7,BODYGUARD,DEAD,Sample6
7,status,8,VILLAGER,DEAD,Sample5
7,status,9,VILLAGER,DEAD,Sample4
7,status,10,VILLAGER,DEAD,Sample3
7,status,11,WEREWOLF,ALIVE,Sample14
7,status,12,WEREWOLF,DEAD,Sample2
7,status,13,VILLAGER,DEAD,Sample13
7,status,14,VILLAGER,DEAD,Sample1
7,status,15,VILLAGER,DEAD,cash_dqn
7,result,1,2,WEREWOLF
