0,status,1,WEREWOLF,ALIVE,Sample9
0,status,2,VILLAGER,ALIVE,Sample12
0,status,3,SEER,ALIVE,Sample8
0,status,4,VILLAGER,ALIVE,Sample11
0,status,5,WEREWOLF,ALIVE,Sample7
0,status,6,VILLAGER,ALIVE,Sample10
0,status,7,VILLAGER,ALIVE,Sample6
0,status,8,VILLAGER,ALIVE,Sample5
0,status,9,WEREWOLF,ALIVE,Sample4
0,status,10,BODYGUARD,ALIVE,Sample3
0,status,11,VILLAGER,ALIVE,Sample14
0,status,12,VILLAGER,ALIVE,Sample2
0,status,13,MEDIUM,ALIVE,Sample13
0,status,14,VILLAGER,ALIVE,Sample1
0,status,15,POSSESSED,ALIVE,cash_dqn
0,whisper,0,0,9,COMINGOUT Agent[09] VILLAGER
0,whisper,1,0,5,COMINGOUT Agent[05] VILLAGER
0,whisper,2,0,1,COMINGOUT Agent[01] MEDIUM
0,whisper,3,1,1,ATTACK Agent[10]
0,whisper,4,1,5,ATTACK Agent[07]
0,whisper,5,1,9,ATTACK Agent[06]
0,whisper,6,2,1,Skip
0,whisper,7,2,9,Skip
0,whisper,8,2,5,Skip
0,whisper,9,3,5,Skip
0,whisper,10,3,9,Skip
0,whisper,11,3,1,Skip
0,whisper,12,4,9,Over
0,whisper,13,4,1,Over
0,whisper,14,4,5,Over
0,divine,3,11,HUMAN
1,status,1,WEREWOLF,ALIVE,Sample9
1,status,2,VILLAGER,ALIVE,Sample12
1,status,3,SEER,ALIVE,Sample8
1,status,4,VILLAGER,ALIVE,Sample11
1,status,5,WEREWOLF,ALIVE,Sample7
1,status,6,VILLAGER,ALIVE,Sample10
1,status,7,VILLAGER,ALIVE,Sample6
1,status,8,VILLAGER,ALIVE,Sample5
1,status,9,WEREWOLF,ALIVE,Sample4
1,status,10,BODYGUARD,ALIVE,Sample3
1,status,11,VILLAGER,ALIVE,Sample14
1,status,12,VILLAGER,ALIVE,Sample2
1,status,13,MEDIUM,ALIVE,Sample13
1,status,14,VILLAGER,ALIVE,Sample1
1,status,15,POSSESSED,ALIVE,cash_dqn
1,talk,0,0,9,ESTIMATE Agent[12] WEREWOLF
1,talk,1,0,2,Skip
1,talk,2,0,15,Over
1,talk,3,0,12,Skip
1,talk,4,0,10,Skip
1,talk,5,0,3,Skip
1,talk,6,0,14,Skip
1,talk,7,0,8,Skip
1,talk,8,0,7,Skip
1,talk,9,0,1,ESTIMATE Agent[06] WEREWOLF
1,talk,10,0,6,Skip
1,talk,11,0,11,Skip
1,talk,12,0,5,ESTIMATE Agent[03] WEREWOLF
1,talk,13,0,4,Skip
1,talk,14,0,13,Skip
1,talk,15,1,12,Skip
1,talk,16,1,14,Skip
1,talk,17,1,8,Skip
1,talk,18,1,5,Skip
1,talk,19,1,13,Skip
1,talk,20,1,9,Skip
1,talk,21,1,10,Skip
1,talk,22,1,4,Skip
1,talk,23,1,15,Over
1,talk,24,1,11,Skip
1,talk,25,1,2,Skip
1,talk,26,1,1,Skip
1,talk,27,1,7,Skip
1,talk,28,1,3,Skip
1,talk,29,1,6,Skip
1,talk,30,2,6,VOTE Agent[15]
1,talk,31,2,9,VOTE Agent[12]
1,talk,32,2,10,VOTE Agent[04]
1,talk,33,2,15,Over
1,talk,34,2,12,VOTE Agent[05]
1,talk,35,2,2,VOTE Agent[13]
1,talk,36,2,13,VOTE Agent[08]
1,talk,37,2,8,VOTE Agent[03]
1,talk,38,2,1,VOTE Agent[06]
1,talk,39,2,11,VOTE Agent[08]
1,talk,40,2,7,VOTE Agent[15]
1,talk,41,2,5,VOTE Agent[03]
1,talk,42,2,14,VOTE Agent[09]
1,talk,43,2,3,VOTE Agent[05]
1,talk,44,2,4,VOTE Agent[02]
1,talk,45,3,12,Skip
1,talk,46,3,3,Skip
1,talk,47,3,1,Skip
1,talk,48,3,7,Skip
1,talk,49,3,5,Skip
1,talk,50,3,6,Skip
1,talk,51,3,13,Skip
1,talk,52,3,4,Skip
1,talk,53,3,9,Skip
1,talk,54,3,11,Skip
1,talk,55,3,14,Skip
1,talk,56,3,8,Skip
1,talk,57,3,15,Over
1,talk,58,3,2,Skip
1,talk,59,3,10,Skip
1,talk,60,4,4,Skip
1,talk,61,4,3,Skip
1,talk,62,4,8,Skip
1,talk,63,4,15,Over
1,talk,64,4,7,Skip
1,talk,65,4,11,Skip
1,talk,66,4,6,Skip
1,talk,67,4,14,Skip
1,talk,68,4,2,Skip
1,talk,69,4,5,Skip
1,talk,70,4,10,Skip
1,talk,71,4,9,Skip
1,talk,72,4,12,Skip
1,talk,73,4,1,Skip
1,talk,74,4,13,Skip
1,talk,75,5,12,Over
1,talk,76,5,15,Over
1,talk,77,5,13,Over
1,talk,78,5,8,Over
1,talk,79,5,7,Over
1,talk,80,5,5,Over
1,talk,81,5,4,Over
1,talk,82,5,14,Over
1,talk,83,5,11,Over
1,talk,84,5,9,Over
1,talk,85,5,2,Over
1,talk,86,5,10,Over
1,talk,87,5,1,Over
1,talk,88,5,6,Over
1,talk,89,5,3,Over
1,vote,1,6
1,vote,2,13
1,vote,3,5
1,vote,4,2
1,vote,5,3
1,vote,6,15
1,vote,7,15
1,vote,8,3
1,vote,9,12
1,vote,10,4
1,vote,11,8
1,vote,12,5
1,vote,13,8
1,vote,14,9
1,vote,15,2
1,vote,1,6
1,vote,2,13
1,vote,3,5
1,vote,4,2
1,vote,5,3
1,vote,6,15
1,vote,7,15
1,vote,8,3
1,vote,9,12
1,vote,10,4
1,vote,11,8
1,vote,12,5
1,vote,13,8
1,vote,14,9
1,vote,15,13
1,execute,3,SEER
1,whisper,0,0,1,ATTACK Agent[10]
1,whisper,1,0,5,ATTACK Agent[10]
1,whisper,2,0,9,ATTACK Agent[14]
1,whisper,3,1,1,Skip
1,whisper,4,1,5,Skip
1,whisper,5,1,9,Skip
1,whisper,6,2,1,Skip
1,whisper,7,2,9,Skip
1,whisper,8,2,5,Skip
1,whisper,9,3,5,Over
1,whisper,10,3,1,Over
1,whisper,11,3,9,Over
1,guard,10,12,VILLAGER
1,attack,4,true
2,status,1,WEREWOLF,ALIVE,Sample9
2,status,2,VILLAGER,ALIVE,Sample12
2,status,3,SEER,DEAD,Sample8
2,status,4,VILLAGER,DEAD,Sample11
2,status,5,WEREWOLF,ALIVE,Sample7
2,status,6,VILLAGER,ALIVE,Sample10
2,status,7,VILLAGER,ALIVE,Sample6
2,status,8,VILLAGER,ALIVE,Sample5
2,status,9,WEREWOLF,ALIVE,Sample4
2,status,10,BODYGUARD,ALIVE,Sample3
2,status,11,VILLAGER,ALIVE,Sample14
2,status,12,VILLAGER,ALIVE,Sample2
2,status,13,MEDIUM,ALIVE,Sample13
2,status,14,VILLAGER,ALIVE,Sample1
2,status,15,POSSESSED,ALIVE,cash_dqn
2,talk,0,0,11,Skip
2,talk,1,0,12,Skip
2,talk,2,0,6,Skip
2,talk,3,0,5,ESTIMATE Agent[11] WEREWOLF
2,talk,4,0,14,Skip
2,talk,5,0,13,Skip
2,talk,6,0,8,Skip
2,talk,7,0,10,Skip
2,talk,8,0,2,Skip
2,talk,9,0,9,ESTIMATE Agent[15] WEREWOLF
2,talk,10,0,15,Over
2,talk,11,0,7,Skip
2,talk,12,0,1,ESTIMATE Agent[11] WEREWOLF
2,talk,13,1,11,Skip
2,talk,14,1,8,Skip
2,talk,15,1,12,Skip
2,talk,16,1,2,Skip
2,talk,17,1,10,Skip
2,talk,18,1,9,Skip
2,talk,19,1,6,Skip
2,talk,20,1,5,Skip
2,talk,21,1,14,Skip
2,talk,22,1,7,Skip
2,talk,23,1,1,Skip
2,talk,24,1,13,Skip
2,talk,25,1,15,Over
2,talk,26,2,13,VOTE Agent[12]
2,talk,27,2,1,VOTE Agent[11]
2,talk,28,2,8,VOTE Agent[10]
2,talk,29,2,12,VOTE Agent[11]
2,talk,30,2,6,VOTE Agent[05]
2,talk,31,2,10,VOTE Agent[08]
2,talk,32,2,9,VOTE Agent[15]
2,talk,33,2,2,VOTE Agent[10]
2,talk,34,2,14,VOTE Agent[01]
2,talk,35,2,7,VOTE Agent[08]
2,talk,36,2,15,Over
2,talk,37,2,11,VOTE Agent[08]
2,talk,38,2,5,VOTE Agent[11]
2,talk,39,3,15,Over
2,talk,40,3,2,Skip
2,talk,41,3,10,Skip
2,talk,42,3,6,Skip
2,talk,43,3,7,Skip
2,talk,44,3,8,Skip
2,talk,45,3,9,Skip
2,talk,46,3,11,Skip
2,talk,47,3,1,Skip
2,talk,48,3,13,Skip
2,talk,49,3,5,Skip
2,talk,50,3,12,Skip
2,talk,51,3,14,Skip
2,talk,52,4,6,Skip
2,talk,53,4,8,Skip
2,talk,54,4,15,Over
2,talk,55,4,9,Skip
2,talk,56,4,10,Skip
2,talk,57,4,14,Skip
2,talk,58,4,12,Skip
2,talk,59,4,13,Skip
2,talk,60,4,2,Skip
2,talk,61,4,11,Skip
2,talk,62,4,1,Skip
2,talk,63,4,5,Skip
2,talk,64,4,7,Skip
2,talk,65,5,9,Over
2,talk,66,5,11,Over
2,talk,67,5,12,Over
2,talk,68,5,7,Over
2,talk,69,5,15,Over
2,talk,70,5,5,Over
2,talk,71,5,14,Over
2,talk,72,5,1,Over
2,talk,73,5,10,Over
2,talk,74,5,6,Over
2,talk,75,5,13,Over
2,talk,76,5,8,Over
2,talk,77,5,2,Over
2,vote,1,11
2,vote,2,10
2,vote,5,11
2,vote,6,5
2,vote,7,8
2,vote,8,10
2,vote,9,15
2,vote,10,8
2,vote,11,8
2,vote,12,11
2,vote,13,12
2,vote,14,1
2,vote,15,1
2,vote,1,11
2,vote,2,10
2,vote,5,11
2,vote,6,5
2,vote,7,8
2,vote,8,10
2,vote,9,15
2,vote,10,8
2,vote,11,8
2,vote,12,11
2,vote,13,12
2,vote,14,1
2,vote,15,10
2,execute,10,BODYGUARD
2,whisper,0,0,5,ATTACK Agent[15]
2,whisper,1,0,1,ATTACK Agent[11]
2,whisper,2,0,9,ATTACK Agent[08]
2,whisper,3,1,1,Skip
2,whisper,4,1,9,Skip
2,whisper,5,1,5,Skip
2,whisper,6,2,5,Skip
2,whisper,7,2,1,Skip
2,whisper,8,2,9,Skip
2,whisper,9,3,1,Over
2,whisper,10,3,5,Over
2,whisper,11,3,9,Over
2,attack,13,true
3,status,1,WEREWOLF,ALIVE,Sample9
3,status,2,VILLAGER,ALIVE,Sample12
3,status,3,SEER,DEAD,Sample8
3,status,4,VILLAGER,DEAD,Sample11
3,status,5,WEREWOLF,ALIVE,Sample7
3,status,6,VILLAGER,ALIVE,Sample10
3,status,7,VILLAGER,ALIVE,Sample6
3,status,8,VILLAGER,ALIVE,Sample5
3,status,9,WEREWOLF,ALIVE,Sample4
3,status,10,BODYGUARD,DEAD,Sample3
3,status,11,VILLAGER,ALIVE,Sample14
3,status,12,VILLAGER,ALIVE,Sample2
3,status,13,MEDIUM,DEAD,Sample13
3,status,14,VILLAGER,ALIVE,Sample1
3,status,15,POSSESSED,ALIVE,cash_dqn
3,talk,0,0,5,ESTIMATE Agent[08] WEREWOLF
3,talk,1,0,14,Skip
3,talk,2,0,2,Skip
3,talk,3,0,11,Skip
3,talk,4,0,9,ESTIMATE Agent[14] WEREWOLF
3,talk,5,0,7,Skip
3,talk,6,0,12,Skip
3,talk,7,0,6,Skip
3,talk,8,0,15,Over
3,talk,9,0,1,COMINGOUT Agent[01] MEDIUM
3,talk,10,0,8,Skip
3,talk,11,1,6,Skip
3,talk,12,1,1,ESTIMATE Agent[02] WEREWOLF
3,talk,13,1,15,Over
3,talk,14,1,8,Skip
3,talk,15,1,12,Skip
3,talk,16,1,14,Skip
3,talk,17,1,11,Skip
3,talk,18,1,2,Skip
3,talk,19,1,5,Skip
3,talk,20,1,9,Skip
3,talk,21,1,7,Skip
3,talk,22,2,11,VOTE Agent[08]
3,talk,23,2,7,VOTE Agent[08]
3,talk,24,2,14,VOTE Agent[07]
3,talk,25,2,1,IDENTIFIED Agent[03] WEREWOLF
3,talk,26,2,15,Over
3,talk,27,2,6,VOTE Agent[12]
3,talk,28,2,9,VOTE Agent[14]
3,talk,29,2,12,VOTE Agent[15]
3,talk,30,2,8,VOTE Agent[01]
3,talk,31,2,2,VOTE Agent[12]
3,talk,32,2,5,VOTE Agent[08]
3,talk,33,3,2,Skip
3,talk,34,3,15,Over
3,talk,35,3,12,Skip
3,talk,36,3,8,Skip
3,talk,37,3,11,Skip
3,talk,38,3,1,IDENTIFIED Agent[10] WEREWOLF
3,talk,39,3,5,Skip
3,talk,40,3,14,Skip
3,talk,41,3,7,Skip
3,talk,42,3,6,Skip
3,talk,43,3,9,Skip
3,talk,44,4,11,Skip
3,talk,45,4,8,Skip
3,talk,46,4,15,Over
3,talk,47,4,9,Skip
3,talk,48,4,12,Skip
3,talk,49,4,6,Skip
3,talk,50,4,14,Skip
3,talk,51,4,7,Skip
3,talk,52,4,1,VOTE Agent[02]
3,talk,53,4,2,Skip
3,talk,54,4,5,Skip
3,talk,55,5,12,Over
3,talk,56,5,7,Over
3,talk,57,5,6,Over
3,talk,58,5,9,Over
3,talk,59,5,1,Skip
3,talk,60,5,2,Over
3,talk,61,5,8,Over
3,talk,62,5,15,Over
3,talk,63,5,11,Over
3,talk,64,5,5,Over
3,talk,65,5,14,Over
3,talk,66,6,11,Over
3,talk,67,6,9,Over
3,talk,68,6,15,Over
3,talk,69,6,6,Over
3,talk,70,6,5,Over
3,talk,71,6,14,Over
3,talk,72,6,1,Skip
3,talk,73,6,12,Over
3,talk,74,6,2,Over
3,talk,75,6,7,Over
3,talk,76,6,8,Over
3,talk,77,7,7,Over
3,talk,78,7,14,Over
3,talk,79,7,11,Over
3,talk,80,7,5,Over
3,talk,81,7,6,Over
3,talk,82,7,2,Over
3,talk,83,7,12,Over
3,talk,84,7,8,Over
3,talk,85,7,9,Over
3,talk,86,7,15,Over
3,talk,87,7,1,Over
3,vote,1,2
3,vote,2,12
3,vote,5,8
3,vote,6,12
3,vote,7,8
3,vote,8,1
3,vote,9,14
3,vote,11,8
3,vote,12,15
3,vote,14,7
3,vote,15,6
3,execute,8,VILLAGER
3,whisper,0,0,9,ATTACK Agent[14]
3,whisper,1,0,1,ATTACK Agent[11]
3,whisper,2,0,5,ATTACK Agent[11]
3,whisper,3,1,1,Skip
3,whisper,4,1,5,Skip
3,whisper,5,1,9,Skip
3,whisper,6,2,5,Skip
3,whisper,7,2,9,Skip
3,whisper,8,2,1,Skip
3,whisper,9,3,5,Over
3,whisper,10,3,1,Over
3,whisper,11,3,9,Over
3,attack,2,true
4,status,1,WEREWOLF,ALIVE,Sample9
4,status,2,VILLAGER,DEAD,Sample12
4,status,3,SEER,DEAD,Sample8
4,status,4,VILLAGER,DEAD,Sample11
4,status,5,WEREWOLF,ALIVE,Sample7
4,status,6,VILLAGER,ALIVE,Sample10
4,status,7,VILLAGER,ALIVE,Sample6
4,status,8,VILLAGER,DEAD,Sample5
4,status,9,WEREWOLF,ALIVE,Sample4
4,status,10,BODYGUARD,DEAD,Sample3
4,status,11,VILLAGER,ALIVE,Sample14
4,status,12,VILLAGER,ALIVE,Sample2
4,status,13,MEDIUM,DEAD,Sample13
4,status,14,VILLAGER,ALIVE,Sample1
4,status,15,POSSESSED,ALIVE,cash_dqn
4,talk,0,0,1,IDENTIFIED Agent[08] WEREWOLF
4,talk,1,0,11,Skip
4,talk,2,0,5,ESTIMATE Agent[12] WEREWOLF
4,talk,3,0,12,Skip
4,talk,4,0,15,Over
4,talk,5,0,14,Skip
4,talk,6,0,9,ESTIMATE Agent[06] WEREWOLF
4,talk,7,0,7,Skip
4,talk,8,0,6,Skip
4,talk,9,1,9,Skip
4,talk,10,1,11,Skip
4,talk,11,1,7,Skip
4,talk,12,1,14,Skip
4,talk,13,1,1,ESTIMATE Agent[11] WEREWOLF
4,talk,14,1,15,Over
4,talk,15,1,6,Skip
4,talk,16,1,5,Skip
4,talk,17,1,12,Skip
4,talk,18,2,1,VOTE Agent[11]
4,talk,19,2,7,VOTE Agent[15]
4,talk,20,2,12,VOTE Agent[11]
4,talk,21,2,9,VOTE Agent[06]
4,talk,22,2,6,VOTE Agent[11]
4,talk,23,2,11,VOTE Agent[07]
4,talk,24,2,15,Over
4,talk,25,2,5,VOTE Agent[12]
4,talk,26,2,14,VOTE Agent[06]
4,talk,27,3,9,Skip
4,talk,28,3,15,Over
4,talk,29,3,11,Skip
4,talk,30,3,14,Skip
4,talk,31,3,5,Skip
4,talk,32,3,6,Skip
4,talk,33,3,1,Skip
4,talk,34,3,12,Skip
4,talk,35,3,7,Skip
4,talk,36,4,15,Over
4,talk,37,4,11,Skip
4,talk,38,4,1,Skip
4,talk,39,4,6,Skip
4,talk,40,4,5,Skip
4,talk,41,4,12,Skip
4,talk,42,4,7,Skip
4,talk,43,4,14,Skip
4,talk,44,4,9,Skip
4,talk,45,5,12,Over
4,talk,46,5,15,Over
4,talk,47,5,1,Over
4,talk,48,5,14,Over
4,talk,49,5,6,Over
4,talk,50,5,5,Over
4,talk,51,5,7,Over
4,talk,52,5,9,Over
4,talk,53,5,11,Over
4,vote,1,11
4,vote,5,12
4,vote,6,11
4,vote,7,15
4,vote,9,6
4,vote,11,7
4,vote,12,11
4,vote,14,6
4,vote,15,5
4,execute,11,VILLAGER
4,whisper,0,0,9,ATTACK Agent[12]
4,whisper,1,0,1,ATTACK Agent[15]
4,whisper,2,0,5,ATTACK Agent[15]
4,whisper,3,1,5,Skip
4,whisper,4,1,1,Skip
4,whisper,5,1,9,Skip
4,whisper,6,2,9,Skip
4,whisper,7,2,5,Skip
4,whisper,8,2,1,Skip
4,whisper,9,3,5,Over
4,whisper,10,3,9,Over
4,whisper,11,3,1,Over
4,attack,15,true
5,status,1,WEREWOLF,ALIVE,Sample9
5,status,2,VILLAGER,DEAD,Sample12
5,status,3,SEER,DEAD,Sample8
5,status,4,VILLAGER,DEAD,Sample11
5,status,5,WEREWOLF,ALIVE,Sample7
5,status,6,VILLAGER,ALIVE,Sample10
5,status,7,VILLAGER,ALIVE,Sample6
5,status,8,VILLAGER,DEAD,Sample5
5,status,9,WEREWOLF,ALIVE,Sample4
5,status,10,BODYGUARD,DEAD,Sample3
5,status,11,VILLAGER,DEAD,Sample14
5,status,12,VILLAGER,ALIVE,Sample2
5,status,13,MEDIUM,DEAD,Sample13
5,status,14,VILLAGER,ALIVE,Sample1
5,status,15,POSSESSED,DEAD,cash_dqn
5,talk,0,0,7,Skip
5,talk,1,0,6,Skip
5,talk,2,0,9,ESTIMATE Agent[14] WEREWOLF
5,talk,3,0,14,Skip
5,talk,4,0,12,Skip
5,talk,5,0,5,ESTIMATE Agent[07] WEREWOLF
5,talk,6,0,1,IDENTIFIED Agent[11] HUMAN
5,talk,7,1,6,Skip
5,talk,8,1,7,Skip
5,talk,9,1,1,ESTIMATE Agent[12] WEREWOLF
5,talk,10,1,9,Skip
5,talk,11,1,12,Skip
5,talk,12,1,5,Skip
5,talk,13,1,14,Skip
5,talk,14,2,9,VOTE Agent[14]
5,talk,15,2,7,VOTE Agent[09]
5,talk,16,2,1,VOTE Agent[12]
5,talk,17,2,6,VOTE Agent[05]
5,talk,18,2,12,VOTE Agent[09]
5,talk,19,2,5,VOTE Agent[07]
5,talk,20,2,14,VOTE Agent[09]
5,talk,21,3,5,Skip
5,talk,22,3,12,Skip
5,talk,23,3,9,Skip
5,talk,24,3,7,Skip
5,talk,25,3,1,Skip
5,talk,26,3,6,Skip
5,talk,27,3,14,Skip
5,talk,28,4,6,Skip
5,talk,29,4,1,Skip
5,talk,30,4,14,Skip
5,talk,31,4,9,Skip
5,talk,32,4,12,Skip
5,talk,33,4,7,Skip
5,talk,34,4,5,Skip
5,talk,35,5,14,Over
5,talk,36,5,6,Over
5,talk,37,5,1,Over
5,talk,38,5,5,Over
5,talk,39,5,9,Over
5,talk,40,5,12,Over
5,talk,41,5,7,Over
5,vote,1,12
5,vote,5,7
5,vote,6,5
5,vote,7,9
5,vote,9,14
5,vote,12,9
5,vote,14,9
5,execute,9,WEREWOLF
5,whisper,0,0,5,ATTACK Agent[14]
5,whisper,1,0,1,ATTACK Agent[12]
5,whisper,2,1,1,Skip
5,whisper,3,1,5,Skip
5,whisper,4,2,5,Skip
5,whisper,5,2,1,Skip
5,whisper,6,3,5,Over
5,whisper,7,3,1,Over
5,attack,12,true
6,status,1,WEREWOLF,ALIVE,Sample9
6,status,2,VILLAGER,DEAD,Sample12
6,status,3,SEER,DEAD,Sample8
6,status,4,VILLAGER,DEAD,Sample11
6,status,5,WEREWOLF,ALIVE,Sample7
6,status,6,VILLAGER,ALIVE,Sample10
6,status,7,VILLAGER,ALIVE,Sample6
6,status,8,VILLAGER,DEAD,Sample5
6,status,9,WEREWOLF,DEAD,Sample4
6,status,10,BODYGUARD,DEAD,Sample3
6,status,11,VILLAGER,DEAD,Sample14
6,status,12,VILLAGER,DEAD,Sample2
6,status,13,MEDIUM,DEAD,Sample13
6,status,14,VILLAGER,ALIVE,Sample1
6,status,15,POSSESSED,DEAD,cash_dqn
6,talk,0,0,7,Skip
6,talk,1,0,14,Skip
6,talk,2,0,5,ESTIMATE Agent[07] WEREWOLF
6,talk,3,0,1,IDENTIFIED Agent[09] HUMAN
6,talk,4,0,6,Skip
6,talk,5,1,6,Skip
6,talk,6,1,5,Skip
6,talk,7,1,14,Skip
6,talk,8,1,1,ESTIMATE Agent[06] WEREWOLF
6,talk,9,1,7,Skip
6,talk,10,2,1,VOTE Agent[06]
6,talk,11,2,5,VOTE Agent[07]
6,talk,12,2,7,VOTE Agent[01]
6,talk,13,2,6,VOTE Agent[05]
6,talk,14,2,14,VOTE Agent[01]
6,talk,15,3,7,Skip
6,talk,16,3,6,Skip
6,talk,17,3,1,Skip
6,talk,18,3,5,Skip
6,talk,19,3,14,Skip
6,talk,20,4,6,Skip
6,talk,21,4,7,Skip
6,talk,22,4,1,Skip
6,talk,23,4,14,Skip
6,talk,24,4,5,Skip
6,talk,25,5,7,Over
6,talk,26,5,1,Over
6,talk,27,5,5,Over
6,talk,28,5,14,Over
6,talk,29,5,6,Over
6,vote,1,6
6,vote,5,7
6,vote,6,5
6,vote,7,1
6,vote,14,1
6,execute,1,WEREWOLF
6,attackVote,5,7
6,attack,7,true
7,status,1,WEREWOLF,DEAD,Sample9
7,status,2,VILLAGER,DEAD,Sample12
7,status,3,SEER,DEAD,Sample8
7,status,4,VILLAGER,DEAD,Sample11
7,status,5,WEREWOLF,ALIVE,Sample7
7,status,6,VILLAGER,ALIVE,Sample10
7,status,7,VILLAGER,DEAD,Sample6
7,status,8,VILLAGER,DEAD,Sample5
7,status,9,WEREWOLF,DEAD,Sample4
7,status,10,BODYGUARD,DEAD,Sample3
7,status,11,VILLAGER,DEAD,Sample14
7,status,12,VILLAGER,DEAD,Sample2
7,status,13,MEDIUM,DEAD,Sample13
7,status,14,VILLAGER,ALIVE,Sample1
7,status,15,POSSESSED,DEAD,cash_dqn
7,talk,0,0,6,Skip
7,talk,1,0,14,Skip
7,talk,2,0,5,ESTIMATE Agent[06] WEREWOLF
7,talk,3,1,14,Skip
7,talk,4,1,5,Skip
7,talk,5,1,6,Skip
7,talk,6,2,6,VOTE Agent[14]
7,talk,7,2,14,VOTE Agent[05]
7,talk,8,2,5,VOTE Agent[06]
7,talk,9,3,6,Skip
7,talk,10,3,14,Skip
7,talk,11,3,5,Skip
7,talk,12,4,5,Skip
7,talk,13,4,6,Skip
7,talk,14,4,14,Skip
7,talk,15,5,5,Over
7,talk,16,5,14,Over
7,talk,17,5,6,Over
7,vote,5,6
7,vote,6,14
7,vote,14,5
7,vote,5,6
7,vote,6,14
7,vote,14,5
7,execute,14,VILLAGER
7,attackVote,5,6
7,attack,6,true
8,status,1,WEREWOLF,DEAD,Sample9
8,status,2,VILLAGER,DEAD,Sample12
8,status,3,SEER,DEAD,Sample8
8,status,4,VILLAGER,DEAD,Sample11
8,status,5,WEREWOLF,ALIVE,Sample7
8,status,6,VILLAGER,DEAD,Sample10
8,status,7,VILLAGER,DEAD,Sample6
8,status,8,VILLAGER,DEAD,Sample5
8,status,9,WEREWOLF,DEAD,Sample4
8,status,10,BODYGUARD,DEAD,Sample3
8,status,11,VILLAGER,DEAD,Sample14
8,status,12,VILLAGER,DEAD,Sample2
8,status,13,MEDIUM,DEAD,Sample13
8,status,14,VILLAGER,DEAD,Sample1
8,status,15,POSSESSED,DEAD,cash_dqn
8,result,0,1,WEREWOLF
