0,status,1,BODYGUARD,ALIVE,Sample9
0,status,2,VILLAGER,ALIVE,Sample12
0,status,3,WEREWOLF,ALIVE,Sample8
0,status,4,WEREWOLF,ALIVE,Sample11
0,status,5,SEER,ALIVE,Sample7
0,status,6,VILLAGER,ALIVE,Sample10
0,status,7,MEDIUM,ALIVE,Sample6
0,status,8,VILLAGER,ALIVE,Sample5
0,status,9,VILLAGER,ALIVE,Sample4
0,status,10,VILLAGER,ALIVE,Sample3
0,status,11,VILLAGER,ALIVE,Sample14
0,status,12,VILLAGER,ALIVE,Sample2
0,status,13,VILLAGER,ALIVE,Sample13
0,status,14,POSSESSED,ALIVE,Sample1
0,status,15,WEREWOLF,ALIVE,cash_dqn
0,whisper,0,0,3,COMINGOUT Agent[03] MEDIUM
0,whisper,1,0,15,Over
0,whisper,2,0,4,COMINGOUT Agent[04] SEER
0,whisper,3,1,15,Over
0,whisper,4,1,4,ATTACK Agent[09]
0,whisper,5,1,3,ATTACK Agent[13]
0,whisper,6,2,3,Skip
0,whisper,7,2,4,Skip
0,whisper,8,2,15,Over
0,whisper,9,3,15,Over
0,whisper,10,3,3,Skip
0,whisper,11,3,4,Skip
0,whisper,12,4,3,Over
0,whisper,13,4,15,Over
0,whisper,14,4,4,Over
0,divine,5,7,HUMAN
1,status,1,BODYGUARD,ALIVE,Sample9
1,status,2,VILLAGER,ALIVE,Sample12
1,status,3,WEREWOLF,ALIVE,Sample8
1,status,4,WEREWOLF,ALIVE,Sample11
1,status,5,SEER,ALIVE,Sample7
1,status,6,VILLAGER,ALIVE,Sample10
1,status,7,MEDIUM,ALIVE,Sample6
1,status,8,VILLAGER,ALIVE,Sample5
1,status,9,VILLAGER,ALIVE,Sample4
1,status,10,VILLAGER,ALIVE,Sample3
1,status,11,VILLAGER,ALIVE,Sample14
1,status,12,VILLAGER,ALIVE,Sample2
1,status,13,VILLAGER,ALIVE,Sample13
1,status,14,POSSESSED,ALIVE,Sample1
1,status,15,WEREWOLF,ALIVE,cash_dqn
1,talk,0,0,4,ESTIMATE Agent[01] WEREWOLF
1,talk,1,0,5,Skip
1,talk,2,0,15,Over
1,talk,3,0,7,COMINGOUT Agent[07] MEDIUM
1,talk,4,0,13,Skip
1,talk,5,0,2,Skip
1,talk,6,0,3,COMINGOUT Agent[03] MEDIUM
1,talk,7,0,6,Skip
1,talk,8,0,8,Skip
1,talk,9,0,14,Skip
1,talk,10,0,12,Skip
1,talk,11,0,11,Skip
1,talk,12,0,10,Skip
1,talk,13,0,1,Skip
1,talk,14,0,9,Skip
1,talk,15,1,11,Skip
1,talk,16,1,15,Over
1,talk,17,1,2,Skip
1,talk,18,1,7,BECAUSE (AND (COMINGOUT Agent[07] MEDIUM) (Agent[03] COMINGOUT Agent[03] MEDIUM)) (XOR (ESTIMATE Agent[03] WEREWOLF) (ESTIMATE Agent[03] POSSESSED))
1,talk,19,1,14,Skip
1,talk,20,1,3,ESTIMATE Agent[02] WEREWOLF
1,talk,21,1,6,Skip
1,talk,22,1,8,Skip
1,talk,23,1,9,Skip
1,talk,24,1,10,Skip
1,talk,25,1,12,Skip
1,talk,26,1,4,Skip
1,talk,27,1,13,Skip
1,talk,28,1,5,Skip
1,talk,29,1,1,Skip
1,talk,30,2,7,BECAUSE (XOR (ESTIMATE Agent[03] WEREWOLF) (ESTIMATE Agent[03] POSSESSED)) (VOTE Agent[03])
1,talk,31,2,8,VOTE Agent[10]
1,talk,32,2,12,VOTE Agent[07]
1,talk,33,2,4,VOTE Agent[01]
1,talk,34,2,13,VOTE Agent[09]
1,talk,35,2,14,VOTE Agent[01]
1,talk,36,2,1,VOTE Agent[15]
1,talk,37,2,3,ESTIMATE Agent[07] WEREWOLF
1,talk,38,2,15,Over
1,talk,39,2,9,VOTE Agent[11]
1,talk,40,2,11,VOTE Agent[02]
1,talk,41,2,10,VOTE Agent[15]
1,talk,42,2,5,VOTE Agent[14]
1,talk,43,2,2,VOTE Agent[15]
1,talk,44,2,6,VOTE Agent[01]
1,talk,45,3,14,Skip
1,talk,46,3,5,Skip
1,talk,47,3,8,Skip
1,talk,48,3,3,VOTE Agent[07]
1,talk,49,3,11,Skip
1,talk,50,3,4,Skip
1,talk,51,3,2,Skip
1,talk,52,3,12,Skip
1,talk,53,3,7,Skip
1,talk,54,3,10,Skip
1,talk,55,3,6,Skip
1,talk,56,3,9,Skip
1,talk,57,3,1,Skip
1,talk,58,3,13,Skip
1,talk,59,3,15,Over
1,talk,60,4,7,Skip
1,talk,61,4,14,Skip
1,talk,62,4,13,Skip
1,talk,63,4,3,Skip
1,talk,64,4,4,Skip
1,talk,65,4,6,Skip
1,talk,66,4,2,Skip
1,talk,67,4,11,Skip
1,talk,68,4,12,Skip
1,talk,69,4,15,Over
1,talk,70,4,9,Skip
1,talk,71,4,10,Skip
1,talk,72,4,1,Skip
1,talk,73,4,5,Skip
1,talk,74,4,8,Skip
1,talk,75,5,11,Over
1,talk,76,5,2,Over
1,talk,77,5,7,Over
1,talk,78,5,12,Over
1,talk,79,5,8,Over
1,talk,80,5,9,Over
1,talk,81,5,13,Over
1,talk,82,5,1,Over
1,talk,83,5,5,Over
1,talk,84,5,10,Over
1,talk,85,5,3,Skip
1,talk,86,5,15,Over
1,talk,87,5,14,Over
1,talk,88,5,6,Over
1,talk,89,5,4,Over
1,talk,90,6,11,Over
1,talk,91,6,9,Over
1,talk,92,6,15,Over
1,talk,93,6,5,Over
1,talk,94,6,3,Over
1,talk,95,6,12,Over
1,talk,96,6,1,Over
1,talk,97,6,8,Over
1,talk,98,6,10,Over
1,talk,99,6,4,Over
1,talk,100,6,2,Over
1,talk,101,6,6,Over
1,talk,102,6,7,Over
1,talk,103,6,14,Over
1,talk,104,6,13,Over
1,vote,1,15
1,vote,2,15
1,vote,3,7
1,vote,4,1
1,vote,5,14
1,vote,6,1
1,vote,7,3
1,vote,8,10
1,vote,9,11
1,vote,10,15
1,vote,11,2
1,vote,12,7
1,vote,13,9
1,vote,14,1
1,vote,15,9
1,vote,1,15
1,vote,2,15
1,vote,3,7
1,vote,4,1
1,vote,5,14
1,vote,6,1
1,vote,7,3
1,vote,8,10
1,vote,9,11
1,vote,10,15
1,vote,11,2
1,vote,12,7
1,vote,13,9
1,vote,14,1
1,vote,15,1
1,execute,1,BODYGUARD
1,divine,5,12,HUMAN
1,whisper,0,0,4,BECAUSE (Agent[07] COMINGOUT Agent[07] MEDIUM) (ATTACK Agent[07])
1,whisper,1,0,15,Over
1,whisper,2,0,3,BECAUSE (Agent[07] COMINGOUT Agent[07] MEDIUM) (ATTACK Agent[07])
1,whisper,3,1,15,Over
1,whisper,4,1,4,Skip
1,whisper,5,1,3,Skip
1,whisper,6,2,4,Skip
1,whisper,7,2,15,Over
1,whisper,8,2,3,Skip
1,whisper,9,3,3,Over
1,whisper,10,3,15,Over
1,whisper,11,3,4,Over
1,attackVote,15,9
1,attack,9,true
2,status,1,BODYGUARD,DEAD,Sample9
2,status,2,VILLAGER,ALIVE,Sample12
2,status,3,WEREWOLF,ALIVE,Sample8
2,status,4,WEREWOLF,ALIVE,Sample11
2,status,5,SEER,ALIVE,Sample7
2,status,6,VILLAGER,ALIVE,Sample10
2,status,7,MEDIUM,ALIVE,Sample6
2,status,8,VILLAGER,ALIVE,Sample5
2,status,9,VILLAGER,DEAD,Sample4
2,status,10,VILLAGER,ALIVE,Sample3
2,status,11,VILLAGER,ALIVE,Sample14
2,status,12,VILLAGER,ALIVE,Sample2
2,status,13,VILLAGER,ALIVE,Sample13
2,status,14,POSSESSED,ALIVE,Sample1
2,status,15,WEREWOLF,ALIVE,cash_dqn
2,talk,0,0,10,Skip
2,talk,1,0,4,ESTIMATE Agent[07] WEREWOLF
2,talk,2,0,15,Over
2,talk,3,0,12,Skip
2,talk,4,0,11,Skip
2,talk,5,0,14,Skip
2,talk,6,0,5,Skip
2,talk,7,0,6,Skip
2,talk,8,0,2,Skip
2,talk,9,0,3,IDENTIFIED Agent[01] HUMAN
2,talk,10,0,7,DAY 2 (IDENTIFIED Agent[01] HUMAN)
2,talk,11,0,13,Skip
2,talk,12,0,8,Skip
2,talk,13,1,8,Skip
2,talk,14,1,7,BECAUSE (AND (COMINGOUT Agent[07] MEDIUM) (Agent[03] COMINGOUT Agent[03] MEDIUM)) (XOR (ESTIMATE Agent[03] WEREWOLF) (ESTIMATE Agent[03] POSSESSED))
2,talk,15,1,12,Skip
2,talk,16,1,15,Over
2,talk,17,1,3,ESTIMATE Agent[07] WEREWOLF
2,talk,18,1,6,Skip
2,talk,19,1,5,Skip
2,talk,20,1,4,Skip
2,talk,21,1,14,Skip
2,talk,22,1,13,Skip
2,talk,23,1,2,Skip
2,talk,24,1,11,Skip
2,talk,25,1,10,Skip
2,talk,26,2,13,VOTE Agent[12]
2,talk,27,2,2,VOTE Agent[07]
2,talk,28,2,6,VOTE Agent[10]
2,talk,29,2,5,VOTE Agent[09]
2,talk,30,2,14,VOTE Agent[11]
2,talk,31,2,4,VOTE Agent[07]
2,talk,32,2,11,VOTE Agent[06]
2,talk,33,2,15,Over
2,talk,34,2,7,BECAUSE (XOR (ESTIMATE Agent[03] WEREWOLF) (ESTIMATE Agent[03] POSSESSED)) (VOTE Agent[03])
2,talk,35,2,12,VOTE Agent[03]
2,talk,36,2,3,VOTE Agent[07]
2,talk,37,2,10,VOTE Agent[04]
2,talk,38,2,8,VOTE Agent[05]
2,talk,39,3,14,Skip
2,talk,40,3,13,Skip
2,talk,41,3,12,Skip
2,talk,42,3,4,Skip
2,talk,43,3,10,Skip
2,talk,44,3,8,Skip
2,talk,45,3,2,Skip
2,talk,46,3,7,Skip
2,talk,47,3,5,Skip
2,talk,48,3,6,Skip
2,talk,49,3,15,Over
2,talk,50,3,3,Skip
2,talk,51,3,11,Skip
2,talk,52,4,13,Skip
2,talk,53,4,4,Skip
2,talk,54,4,6,Skip
2,talk,55,4,8,Skip
2,talk,56,4,12,Skip
2,talk,57,4,14,Skip
2,talk,58,4,3,Skip
2,talk,59,4,10,Skip
2,talk,60,4,15,Over
2,talk,61,4,2,Skip
2,talk,62,4,5,Skip
2,talk,63,4,7,Skip
2,talk,64,4,11,Skip
2,talk,65,5,6,Over
2,talk,66,5,3,Over
2,talk,67,5,12,Over
2,talk,68,5,13,Over
2,talk,69,5,8,Over
2,talk,70,5,10,Over
2,talk,71,5,2,Over
2,talk,72,5,7,Over
2,talk,73,5,15,Over
2,talk,74,5,5,Over
2,talk,75,5,4,Over
2,talk,76,5,11,Over
2,talk,77,5,14,Over
2,vote,2,7
2,vote,3,7
2,vote,4,7
2,vote,5,4
2,vote,6,10
2,vote,7,3
2,vote,8,5
2,vote,10,4
2,vote,11,6
2,vote,12,3
2,vote,13,12
2,vote,14,11
2,vote,15,13
2,execute,7,MEDIUM
2,divine,5,4,WEREWOLF
2,whisper,0,0,4,ATTACK Agent[11]
2,whisper,1,0,3,ATTACK Agent[06]
2,whisper,2,0,15,Over
2,whisper,3,1,4,Skip
2,whisper,4,1,3,Skip
2,whisper,5,1,15,Over
2,whisper,6,2,4,Skip
2,whisper,7,2,15,Over
2,whisper,8,2,3,Skip
2,whisper,9,3,4,Over
2,whisper,10,3,3,Over
2,whisper,11,3,15,Over
2,attackVote,15,6
2,attack,6,true
3,status,1,BODYGUARD,DEAD,Sample9
3,status,2,VILLAGER,ALIVE,Sample12
3,status,3,WEREWOLF,ALIVE,Sample8
3,status,4,WEREWOLF,ALIVE,Sample11
3,status,5,SEER,ALIVE,Sample7
3,status,6,VILLAGER,DEAD,Sample10
3,status,7,MEDIUM,DEAD,Sample6
3,status,8,VILLAGER,ALIVE,Sample5
3,status,9,VILLAGER,DEAD,Sample4
3,status,10,VILLAGER,ALIVE,Sample3
3,status,11,VILLAGER,ALIVE,Sample14
3,status,12,VILLAGER,ALIVE,Sample2
3,status,13,VILLAGER,ALIVE,Sample13
3,status,14,POSSESSED,ALIVE,Sample1
3,status,15,WEREWOLF,ALIVE,cash_dqn
3,talk,0,0,2,Skip
3,talk,1,0,14,Skip
3,talk,2,0,10,Skip
3,talk,3,0,13,Skip
3,talk,4,0,4,COMINGOUT Agent[04] SEER
3,talk,5,0,12,Skip
3,talk,6,0,11,Skip
3,talk,7,0,8,Skip
3,talk,8,0,3,IDENTIFIED Agent[07] WEREWOLF
3,talk,9,0,5,COMINGOUT Agent[05] SEER
3,talk,10,0,15,Over
3,talk,11,1,2,Skip
3,talk,12,1,13,Skip
3,talk,13,1,12,Skip
3,talk,14,1,5,AND (DAY 1 (DIVINED Agent[07] HUMAN)) (DAY 2 (DIVINED Agent[12] HUMAN)) (DAY 3 (DIVINED Agent[04] WEREWOLF))
3,talk,15,1,8,Skip
3,talk,16,1,4,ESTIMATE Agent[02] WEREWOLF
3,talk,17,1,14,COMINGOUT Agent[14] SEER
3,talk,18,1,3,ESTIMATE Agent[10] WEREWOLF
3,talk,19,1,10,Skip
3,talk,20,1,11,Skip
3,talk,21,1,15,Over
3,talk,22,2,8,VOTE Agent[03]
3,talk,23,2,3,VOTE Agent[10]
3,talk,24,2,10,VOTE Agent[08]
3,talk,25,2,2,VOTE Agent[12]
3,talk,26,2,14,AND (DAY 1 (DIVINED Agent[03] HUMAN)) (DAY 2 (DIVINED Agent[07] HUMAN)) (DAY 3 (DIVINED Agent[04] WEREWOLF))
3,talk,27,2,12,VOTE Agent[05]
3,talk,28,2,5,BECAUSE (DAY 3 (DIVINED Agent[04] WEREWOLF)) (REQUEST ANY (VOTE Agent[04]))
3,talk,29,2,4,DIVINED Agent[01] WEREWOLF
3,talk,30,2,13,VOTE Agent[12]
3,talk,31,2,15,Over
3,talk,32,2,11,VOTE Agent[14]
3,talk,33,3,12,Skip
3,talk,34,3,4,DIVINED Agent[12] HUMAN
3,talk,35,3,13,Skip
3,talk,36,3,10,Skip
3,talk,37,3,5,INQUIRE ANY (VOTE Agent[04])
3,talk,38,3,11,Skip
3,talk,39,3,14,VOTE Agent[04]
3,talk,40,3,2,Skip
3,talk,41,3,8,Skip
3,talk,42,3,3,Skip
3,talk,43,3,15,Over
3,talk,44,4,14,Skip
3,talk,45,4,3,Skip
3,talk,46,4,10,Skip
3,talk,47,4,5,BECAUSE (DIVINED Agent[04] WEREWOLF) (VOTE Agent[04])
3,talk,48,4,11,Skip
3,talk,49,4,13,Skip
3,talk,50,4,15,Over
3,talk,51,4,12,Skip
3,talk,52,4,8,Skip
3,talk,53,4,4,DIVINED Agent[02] WEREWOLF
3,talk,54,4,2,Skip
3,talk,55,5,13,Over
3,talk,56,5,4,VOTE Agent[02]
3,talk,57,5,5,Skip
3,talk,58,5,11,Over
3,talk,59,5,15,Over
3,talk,60,5,8,Over
3,talk,61,5,14,Skip
3,talk,62,5,12,Over
3,talk,63,5,10,Over
3,talk,64,5,3,Over
3,talk,65,5,2,BECAUSE (AND (COMINGOUT Agent[02] VILLAGER) (DAY 3 (Agent[04] DIVINED Agent[02] WEREWOLF))) (XOR (ESTIMATE Agent[04] WEREWOLF) (ESTIMATE Agent[04] POSSESSED))
3,talk,66,6,8,Over
3,talk,67,6,4,Skip
3,talk,68,6,13,Over
3,talk,69,6,3,Over
3,talk,70,6,14,Over
3,talk,71,6,10,Over
3,talk,72,6,5,Skip
3,talk,73,6,2,BECAUSE (XOR (ESTIMATE Agent[04] WEREWOLF) (ESTIMATE Agent[04] POSSESSED)) (VOTE Agent[04])
3,talk,74,6,11,Over
3,talk,75,6,15,Over
3,talk,76,6,12,Over
3,talk,77,7,8,Over
3,talk,78,7,2,Skip
3,talk,79,7,5,Over
3,talk,80,7,13,Over
3,talk,81,7,14,Over
3,talk,82,7,12,Over
3,talk,83,7,11,Over
3,talk,84,7,10,Over
3,talk,85,7,4,Skip
3,talk,86,7,15,Over
3,talk,87,7,3,Over
3,talk,88,8,2,Skip
3,talk,89,8,13,Over
3,talk,90,8,15,Over
3,talk,91,8,14,Over
3,talk,92,8,8,Over
3,talk,93,8,3,Over
3,talk,94,8,5,Over
3,talk,95,8,4,Over
3,talk,96,8,11,Over
3,talk,97,8,12,Over
3,talk,98,8,10,Over
3,talk,99,9,8,Over
3,talk,100,9,10,Over
3,talk,101,9,15,Over
3,talk,102,9,2,Over
3,talk,103,9,11,Over
3,talk,104,9,5,Over
3,talk,105,9,4,Over
3,talk,106,9,3,Over
3,talk,107,9,12,Over
3,talk,108,9,13,Over
3,talk,109,9,14,Over
3,vote,2,4
3,vote,3,10
3,vote,4,2
3,vote,5,4
3,vote,8,3
3,vote,10,8
3,vote,11,14
3,vote,12,5
3,vote,13,12
3,vote,14,4
3,vote,15,3
3,execute,4,WEREWOLF
3,divine,5,14,HUMAN
3,whisper,0,0,3,BECAUSE (AND (NOT (COMINGOUT Agent[14] WEREWOLF)) (COMINGOUT Agent[03] WEREWOLF) (DAY 3 (Agent[14] DIVINED Agent[03] HUMAN))) (ESTIMATE Agent[14] POSSESSED)
3,whisper,1,0,15,Over
3,whisper,2,1,3,BECAUSE (Agent[05] COMINGOUT Agent[05] SEER) (ATTACK Agent[05])
3,whisper,3,1,15,Over
3,whisper,4,2,15,Over
3,whisper,5,2,3,Skip
3,whisper,6,3,15,Over
3,whisper,7,3,3,Skip
3,whisper,8,4,15,Over
3,whisper,9,4,3,Over
3,attackVote,15,10
3,attack,10,true
4,status,1,BODYGUARD,DEAD,Sample9
4,status,2,VILLAGER,ALIVE,Sample12
4,status,3,WEREWOLF,ALIVE,Sample8
4,status,4,WEREWOLF,DEAD,Sample11
4,status,5,SEER,ALIVE,Sample7
4,status,6,VILLAGER,DEAD,Sample10
4,status,7,MEDIUM,DEAD,Sample6
4,status,8,VILLAGER,ALIVE,Sample5
4,status,9,VILLAGER,DEAD,Sample4
4,status,10,VILLAGER,DEAD,Sample3
4,status,11,VILLAGER,ALIVE,Sample14
4,status,12,VILLAGER,ALIVE,Sample2
4,status,13,VILLAGER,ALIVE,Sample13
4,status,14,POSSESSED,ALIVE,Sample1
4,status,15,WEREWOLF,ALIVE,cash_dqn
4,talk,0,0,5,DAY 4 (DIVINED Agent[14] HUMAN)
4,talk,1,0,12,Skip
4,talk,2,0,3,IDENTIFIED Agent[04] HUMAN
4,talk,3,0,14,DAY 4 (DIVINED Agent[02] HUMAN)
4,talk,4,0,11,Skip
4,talk,5,0,8,Skip
4,talk,6,0,13,Skip
4,talk,7,0,2,Skip
4,talk,8,0,15,Over
4,talk,9,1,8,Skip
4,talk,10,1,12,Skip
4,talk,11,1,11,Skip
4,talk,12,1,3,ESTIMATE Agent[11] WEREWOLF
4,talk,13,1,5,BECAUSE (AND (AND (COMINGOUT Agent[05] SEER) (Agent[14] COMINGOUT Agent[14] SEER)) (DIVINED Agent[14] HUMAN)) (ESTIMATE Agent[14] POSSESSED)
4,talk,14,1,2,Skip
4,talk,15,1,14,BECAUSE (AND (DAY 2 (DIVINED Agent[07] HUMAN)) (DAY 3 (Agent[03] IDENTIFIED Agent[07] WEREWOLF))) (XOR (ESTIMATE Agent[03] WEREWOLF) (ESTIMATE Agent[03] POSSESSED))
4,talk,16,1,15,Over
4,talk,17,1,13,Skip
4,talk,18,2,12,VOTE Agent[08]
4,talk,19,2,13,VOTE Agent[15]
4,talk,20,2,3,VOTE Agent[11]
4,talk,21,2,8,VOTE Agent[03]
4,talk,22,2,11,VOTE Agent[02]
4,talk,23,2,5,BECAUSE (AND (DAY 1 (DIVINED Agent[07] HUMAN)) (DAY 3 (Agent[03] IDENTIFIED Agent[07] WEREWOLF))) (XOR (ESTIMATE Agent[03] WEREWOLF) (ESTIMATE Agent[03] POSSESSED))
4,talk,24,2,15,Over
4,talk,25,2,2,VOTE Agent[05]
4,talk,26,2,14,BECAUSE (XOR (ESTIMATE Agent[03] WEREWOLF) (ESTIMATE Agent[03] POSSESSED)) (VOTE Agent[03])
4,talk,27,3,15,Over
4,talk,28,3,3,Skip
4,talk,29,3,14,Skip
4,talk,30,3,5,BECAUSE (XOR (ESTIMATE Agent[03] WEREWOLF) (ESTIMATE Agent[03] POSSESSED)) (VOTE Agent[03])
4,talk,31,3,2,Skip
4,talk,32,3,12,Skip
4,talk,33,3,13,Skip
4,talk,34,3,11,Skip
4,talk,35,3,8,Skip
4,talk,36,4,8,Skip
4,talk,37,4,11,Skip
4,talk,38,4,13,Skip
4,talk,39,4,2,Skip
4,talk,40,4,5,Skip
4,talk,41,4,12,Skip
4,talk,42,4,14,Skip
4,talk,43,4,3,Skip
4,talk,44,4,15,Over
4,talk,45,5,3,Over
4,talk,46,5,8,Over
4,talk,47,5,13,Over
4,talk,48,5,5,Skip
4,talk,49,5,11,Over
4,talk,50,5,12,Over
4,talk,51,5,15,Over
4,talk,52,5,14,Over
4,talk,53,5,2,Over
4,talk,54,6,15,Over
4,talk,55,6,12,Over
4,talk,56,6,8,Over
4,talk,57,6,5,Over
4,talk,58,6,14,Over
4,talk,59,6,11,Over
4,talk,60,6,3,Over
4,talk,61,6,2,Over
4,talk,62,6,13,Over
4,vote,2,5
4,vote,3,11
4,vote,5,3
4,vote,8,3
4,vote,11,2
4,vote,12,8
4,vote,13,15
4,vote,14,3
4,vote,15,11
4,execute,3,WEREWOLF
4,attackVote,15,8
4,attack,8,true
5,status,1,BODYGUARD,DEAD,Sample9
5,status,2,VILLAGER,ALIVE,Sample12
5,status,3,WEREWOLF,DEAD,Sample8
5,status,4,WEREWOLF,DEAD,Sample11
5,status,5,SEER,ALIVE,Sample7
5,status,6,VILLAGER,DEAD,Sample10
5,status,7,MEDIUM,DEAD,Sample6
5,status,8,VILLAGER,DEAD,Sample5
5,status,9,VILLAGER,DEAD,Sample4
5,status,10,VILLAGER,DEAD,Sample3
5,status,11,VILLAGER,ALIVE,Sample14
5,status,12,VILLAGER,ALIVE,Sample2
5,status,13,VILLAGER,ALIVE,Sample13
5,status,14,POSSESSED,ALIVE,Sample1
5,status,15,WEREWOLF,ALIVE,cash_dqn
5,talk,0,0,12,Skip
5,talk,1,0,2,Skip
5,talk,2,0,13,Skip
5,talk,3,0,5,Skip
5,talk,4,0,14,DAY 5 (DIVINED Agent[11] HUMAN)
5,talk,5,0,11,Skip
5,talk,6,0,15,Over
5,talk,7,1,14,BECAUSE (AND (COMINGOUT Agent[14] SEER) (Agent[05] COMINGOUT Agent[05] SEER)) (XOR (ESTIMATE Agent[05] WEREWOLF) (ESTIMATE Agent[05] POSSESSED))
5,talk,8,1,11,Skip
5,talk,9,1,5,Skip
5,talk,10,1,15,Over
5,talk,11,1,12,Skip
5,talk,12,1,2,Skip
5,talk,13,1,13,Skip
5,talk,14,2,11,VOTE Agent[02]
5,talk,15,2,15,Over
5,talk,16,2,2,VOTE Agent[15]
5,talk,17,2,13,VOTE Agent[12]
5,talk,18,2,5,VOTE Agent[15]
5,talk,19,2,12,VOTE Agent[11]
5,talk,20,2,14,BECAUSE (XOR (ESTIMATE Agent[05] WEREWOLF) (ESTIMATE Agent[05] POSSESSED)) (VOTE Agent[05])
5,talk,21,3,12,Skip
5,talk,22,3,5,Skip
5,talk,23,3,13,Skip
5,talk,24,3,2,Skip
5,talk,25,3,11,Skip
5,talk,26,3,15,Over
5,talk,27,3,14,Skip
5,talk,28,4,15,Over
5,talk,29,4,2,Skip
5,talk,30,4,13,Skip
5,talk,31,4,5,Skip
5,talk,32,4,14,Skip
5,talk,33,4,12,Skip
5,talk,34,4,11,Skip
5,talk,35,5,13,Over
5,talk,36,5,12,Over
5,talk,37,5,2,Over
5,talk,38,5,14,Over
5,talk,39,5,11,Over
5,talk,40,5,5,Over
5,talk,41,5,15,Over
5,vote,2,15
5,vote,5,15
5,vote,11,2
5,vote,12,11
5,vote,13,12
5,vote,14,5
5,vote,15,14
5,execute,15,WEREWOLF
5,divine,5,11,HUMAN
6,status,1,BODYGUARD,DEAD,Sample9
6,status,2,VILLAGER,ALIVE,Sample12
6,status,3,WEREWOLF,DEAD,Sample8
6,status,4,WEREWOLF,DEAD,Sample11
6,status,5,SEER,ALIVE,Sample7
6,status,6,VILLAGER,DEAD,Sample10
6,status,7,MEDIUM,DEAD,Sample6
6,status,8,VILLAGER,DEAD,Sample5
6,status,9,VILLAGER,DEAD,Sample4
6,status,10,VILLAGER,DEAD,Sample3
6,status,11,VILLAGER,ALIVE,Sample14
6,status,12,VILLAGER,ALIVE,Sample2
6,status,13,VILLAGER,ALIVE,Sample13
6,status,14,POSSESSED,ALIVE,Sample1
6,status,15,WEREWOLF,DEAD,cash_dqn
6,result,6,0,VILLAGER
