0,status,1,VILLAGER,ALIVE,Sample9
0,status,2,VILLAGER,ALIVE,Sample12
0,status,3,WEREWOLF,ALIVE,Sample8
0,status,4,VILLAGER,ALIVE,Sample11
0,status,5,VILLAGER,ALIVE,Sample7
0,status,6,WEREWOLF,ALIVE,Sample10
0,status,7,VILLAGER,ALIVE,Sample6
0,status,8,WEREWOLF,ALIVE,Sample5
0,status,9,BODYGUARD,ALIVE,Sample4
0,status,10,MEDIUM,ALIVE,Sample3
0,status,11,SEER,ALIVE,Sample14
0,status,12,VILLAGER,ALIVE,Sample2
0,status,13,POSSESSED,ALIVE,Sample13
0,status,14,VILLAGER,ALIVE,Sample1
0,status,15,VILLAGER,ALIVE,cash_dqn
0,whisper,0,0,8,COMINGOUT Agent[08] SEER
0,whisper,1,0,6,COMINGOUT Agent[06] MEDIUM
0,whisper,2,0,3,COMINGOUT Agent[03] VILLAGER
0,whisper,3,1,3,ATTACK Agent[04]
0,whisper,4,1,8,ATTACK Agent[07]
0,whisper,5,1,6,ATTACK Agent[07]
0,whisper,6,2,8,Skip
0,whisper,7,2,3,Skip
0,whisper,8,2,6,Skip
0,whisper,9,3,8,Skip
0,whisper,10,3,6,Skip
0,whisper,11,3,3,Skip
0,whisper,12,4,3,Over
0,whisper,13,4,6,Over
0,whisper,14,4,8,Over
0,divine,11,4,HUMAN
1,status,1,VILLAGER,ALIVE,Sample9
1,status,2,VILLAGER,ALIVE,Sample12
1,status,3,WEREWOLF,ALIVE,Sample8
1,status,4,VILLAGER,ALIVE,Sample11
1,status,5,VILLAGER,ALIVE,Sample7
1,status,6,WEREWOLF,ALIVE,Sample10
1,status,7,VILLAGER,ALIVE,Sample6
1,status,8,WEREWOLF,ALIVE,Sample5
1,status,9,BODYGUARD,ALIVE,Sample4
1,status,10,MEDIUM,ALIVE,Sample3
1,status,11,SEER,ALIVE,Sample14
1,status,12,VILLAGER,ALIVE,Sample2
1,status,13,POSSESSED,ALIVE,Sample13
1,status,14,VILLAGER,ALIVE,Sample1
1,status,15,VILLAGER,ALIVE,cash_dqn
1,talk,0,0,14,Skip
1,talk,1,0,7,Skip
1,talk,2,0,2,Skip
1,talk,3,0,6,ESTIMATE Agent[07] WEREWOLF
1,talk,4,0,9,Skip
1,talk,5,0,11,COMINGOUT Agent[11] SEER
1,talk,6,0,1,Skip
1,talk,7,0,8,COMINGOUT Agent[08] SEER
1,talk,8,0,3,ESTIMATE Agent[05] WEREWOLF
1,talk,9,0,12,Skip
1,talk,10,0,10,COMINGOUT Agent[10] MEDIUM
1,talk,11,0,15,Skip
1,talk,12,0,13,Skip
1,talk,13,0,5,Skip
1,talk,14,0,4,Skip
1,talk,15,1,14,Skip
1,talk,16,1,2,Skip
1,talk,17,1,5,Skip
1,talk,18,1,7,Skip
1,talk,19,1,6,COMINGOUT Agent[06] MEDIUM
1,talk,20,1,1,Skip
1,talk,21,1,11,DAY 1 (DIVINED Agent[04] HUMAN)
1,talk,22,1,12,Skip
1,talk,23,1,8,ESTIMATE Agent[05] WEREWOLF
1,talk,24,1,4,Skip
1,talk,25,1,13,COMINGOUT Agent[13] SEER
1,talk,26,1,10,Skip
1,talk,27,1,3,Skip
1,talk,28,1,9,Skip
1,talk,29,1,15,VOTE Agent[10]
1,talk,30,2,4,VOTE Agent[11]
1,talk,31,2,12,VOTE Agent[05]
1,talk,32,2,5,VOTE Agent[06]
1,talk,33,2,8,DIVINED Agent[05] WEREWOLF
1,talk,34,2,1,VOTE Agent[15]
1,talk,35,2,3,VOTE Agent[05]
1,talk,36,2,9,VOTE Agent[08]
1,talk,37,2,15,Skip
1,talk,38,2,13,DAY 1 (DIVINED Agent[08] WEREWOLF)
1,talk,39,2,11,VOTE Agent[08]
1,talk,40,2,7,VOTE Agent[10]
1,talk,41,2,2,VOTE Agent[10]
1,talk,42,2,6,ESTIMATE Agent[10] WEREWOLF
1,talk,43,2,14,VOTE Agent[01]
1,talk,44,2,10,VOTE Agent[06]
1,talk,45,3,4,Skip
1,talk,46,3,9,Skip
1,talk,47,3,3,Skip
1,talk,48,3,2,Skip
1,talk,49,3,12,Skip
1,talk,50,3,5,BECAUSE (AND (COMINGOUT Agent[05] VILLAGER) (DAY 1 (Agent[08] DIVINED Agent[05] WEREWOLF))) (XOR (ESTIMATE Agent[08] WEREWOLF) (ESTIMATE Agent[08] POSSESSED))
1,talk,51,3,8,VOTE Agent[05]
1,talk,52,3,15,Skip
1,talk,53,3,10,Skip
1,talk,54,3,7,Skip
1,talk,55,3,6,VOTE Agent[10]
1,talk,56,3,11,Skip
1,talk,57,3,1,Skip
1,talk,58,3,13,BECAUSE (DAY 1 (DIVINED Agent[08] WEREWOLF)) (REQUEST ANY (VOTE Agent[08]))
1,talk,59,3,14,Skip
1,talk,60,4,12,Skip
1,talk,61,4,14,Skip
1,talk,62,4,2,Skip
1,talk,63,4,15,Over
1,talk,64,4,3,Skip
1,talk,65,4,6,Skip
1,talk,66,4,9,Skip
1,talk,67,4,7,Skip
1,talk,68,4,4,Skip
1,talk,69,4,8,Skip
1,talk,70,4,13,INQUIRE ANY (VOTE Agent[08])
1,talk,71,4,5,BECAUSE (XOR (ESTIMATE Agent[08] WEREWOLF) (ESTIMATE Agent[08] POSSESSED)) (VOTE Agent[08])
1,talk,72,4,10,Skip
1,talk,73,4,11,Skip
1,talk,74,4,1,Skip
1,talk,75,5,3,Over
1,talk,76,5,5,Skip
1,talk,77,5,7,Over
1,talk,78,5,4,Over
1,talk,79,5,6,Skip
1,talk,80,5,14,Over
1,talk,81,5,15,Over
1,talk,82,5,2,Over
1,talk,83,5,8,Skip
1,talk,84,5,9,Over
1,talk,85,5,13,BECAUSE (DIVINED Agent[08] WEREWOLF) (VOTE Agent[08])
1,talk,86,5,12,Over
1,talk,87,5,11,Over
1,talk,88,5,1,Over
1,talk,89,5,10,Over
1,talk,90,6,8,Over
1,talk,91,6,12,Over
1,talk,92,6,14,Over
1,talk,93,6,4,Over
1,talk,94,6,2,Over
1,talk,95,6,5,Skip
1,talk,96,6,3,Over
1,talk,97,6,7,Over
1,talk,98,6,10,Over
1,talk,99,6,1,Over
1,talk,100,6,13,Skip
1,talk,101,6,9,Over
1,talk,102,6,6,Over
1,talk,103,6,15,Over
1,talk,104,6,11,Over
1,talk,105,7,3,Over
1,talk,106,7,11,Over
1,talk,107,7,8,Over
1,talk,108,7,5,Over
1,talk,109,7,7,Over
1,talk,110,7,10,Over
1,talk,111,7,1,Over
1,talk,112,7,6,Over
1,talk,113,7,14,Over
1,talk,114,7,15,Over
1,talk,115,7,13,Skip
1,talk,116,7,2,Over
1,talk,117,7,9,Over
1,talk,118,7,12,Over
1,talk,119,7,4,Over
1,talk,120,8,6,Over
1,talk,121,8,12,Over
1,talk,122,8,9,Over
1,talk,123,8,3,Over
1,talk,124,8,7,Over
1,talk,125,8,15,Over
1,talk,126,8,2,Over
1,talk,127,8,5,Over
1,talk,128,8,10,Over
1,talk,129,8,14,Over
1,talk,130,8,1,Over
1,talk,131,8,13,Over
1,talk,132,8,8,Over
1,talk,133,8,4,Over
1,talk,134,8,11,Over
1,vote,1,15
1,vote,2,10
1,vote,3,5
1,vote,4,11
1,vote,5,8
1,vote,6,10
1,vote,7,10
1,vote,8,5
1,vote,9,8
1,vote,10,6
1,vote,11,8
1,vote,12,5
1,vote,13,8
1,vote,14,1
1,vote,15,1
1,execute,8,WEREWOLF
1,whisper,0,0,3,BECAUSE (Agent[13] COMINGOUT Agent[13] SEER) (ATTACK Agent[13])
1,whisper,1,0,6,BECAUSE (Agent[10] COMINGOUT Agent[10] MEDIUM) (ATTACK Agent[10])
1,whisper,2,1,6,Skip
1,whisper,3,1,3,Skip
1,whisper,4,2,3,Skip
1,whisper,5,2,6,Skip
1,whisper,6,3,6,Over
1,whisper,7,3,3,Over
1,guard,9,13,POSSESSED
1,attack,13,false
2,status,1,VILLAGER,ALIVE,Sample9
2,status,2,VILLAGER,ALIVE,Sample12
2,status,3,WEREWOLF,ALIVE,Sample8
2,status,4,VILLAGER,ALIVE,Sample11
2,status,5,VILLAGER,ALIVE,Sample7
2,status,6,WEREWOLF,ALIVE,Sample10
2,status,7,VILLAGER,ALIVE,Sample6
2,status,8,WEREWOLF,DEAD,Sample5
2,status,9,BODYGUARD,ALIVE,Sample4
2,status,10,MEDIUM,ALIVE,Sample3
2,status,11,SEER,ALIVE,Sample14
2,status,12,VILLAGER,ALIVE,Sample2
2,status,13,POSSESSED,ALIVE,Sample13
2,status,14,VILLAGER,ALIVE,Sample1
2,status,15,VILLAGER,ALIVE,cash_dqn
2,talk,0,0,11,BECAUSE (AND (COMINGOUT Agent[11] SEER) (Agent[13] COMINGOUT Agent[13] SEER)) (XOR (ESTIMATE Agent[13] WEREWOLF) (ESTIMATE Agent[13] POSSESSED))
2,talk,1,0,7,Skip
2,talk,2,0,2,Skip
2,talk,3,0,1,Skip
2,talk,4,0,3,ESTIMATE Agent[02] WEREWOLF
2,talk,5,0,15,Skip
2,talk,6,0,6,IDENTIFIED Agent[08] HUMAN
2,talk,7,0,9,Skip
2,talk,8,0,10,DAY 2 (IDENTIFIED Agent[08] WEREWOLF)
2,talk,9,0,12,Skip
2,talk,10,0,5,Skip
2,talk,11,0,4,Skip
2,talk,12,0,13,DAY 2 (DIVINED Agent[14] HUMAN)
2,talk,13,0,14,Skip
2,talk,14,1,9,Skip
2,talk,15,1,1,Skip
2,talk,16,1,13,BECAUSE (AND (COMINGOUT Agent[13] SEER) (Agent[11] COMINGOUT Agent[11] SEER)) (XOR (ESTIMATE Agent[11] WEREWOLF) (ESTIMATE Agent[11] POSSESSED))
2,talk,17,1,5,Skip
2,talk,18,1,6,ESTIMATE Agent[10] WEREWOLF
2,talk,19,1,10,BECAUSE (AND (COMINGOUT Agent[10] MEDIUM) (Agent[06] COMINGOUT Agent[06] MEDIUM)) (XOR (ESTIMATE Agent[06] WEREWOLF) (ESTIMATE Agent[06] POSSESSED))
2,talk,20,1,4,Skip
2,talk,21,1,15,VOTE Agent[10]
2,talk,22,1,3,Skip
2,talk,23,1,7,Skip
2,talk,24,1,14,Skip
2,talk,25,1,12,Skip
2,talk,26,1,11,Skip
2,talk,27,1,2,Skip
2,talk,28,2,15,Skip
2,talk,29,2,11,BECAUSE (XOR (ESTIMATE Agent[13] WEREWOLF) (ESTIMATE Agent[13] POSSESSED)) (VOTE Agent[13])
2,talk,30,2,3,VOTE Agent[02]
2,talk,31,2,4,VOTE Agent[14]
2,talk,32,2,5,VOTE Agent[09]
2,talk,33,2,1,VOTE Agent[15]
2,talk,34,2,14,VOTE Agent[11]
2,talk,35,2,13,BECAUSE (XOR (ESTIMATE Agent[11] WEREWOLF) (ESTIMATE Agent[11] POSSESSED)) (VOTE Agent[11])
2,talk,36,2,10,BECAUSE (XOR (ESTIMATE Agent[06] WEREWOLF) (ESTIMATE Agent[06] POSSESSED)) (VOTE Agent[06])
2,talk,37,2,7,VOTE Agent[04]
2,talk,38,2,6,VOTE Agent[10]
2,talk,39,2,2,VOTE Agent[10]
2,talk,40,2,12,VOTE Agent[02]
2,talk,41,2,9,VOTE Agent[04]
2,talk,42,3,2,Skip
2,talk,43,3,7,Skip
2,talk,44,3,3,Skip
2,talk,45,3,11,Skip
2,talk,46,3,4,Skip
2,talk,47,3,10,Skip
2,talk,48,3,12,Skip
2,talk,49,3,13,Skip
2,talk,50,3,1,Skip
2,talk,51,3,9,Skip
2,talk,52,3,6,Skip
2,talk,53,3,15,Skip
2,talk,54,3,5,Skip
2,talk,55,3,14,Skip
2,talk,56,4,9,Skip
2,talk,57,4,3,Skip
2,talk,58,4,5,Skip
2,talk,59,4,14,Skip
2,talk,60,4,11,Skip
2,talk,61,4,13,Skip
2,talk,62,4,6,Skip
2,talk,63,4,12,Skip
2,talk,64,4,10,Skip
2,talk,65,4,15,Over
2,talk,66,4,1,Skip
2,talk,67,4,7,Skip
2,talk,68,4,4,Skip
2,talk,69,4,2,Skip
2,talk,70,5,7,Over
2,talk,71,5,15,Over
2,talk,72,5,9,Over
2,talk,73,5,1,Over
2,talk,74,5,14,Over
2,talk,75,5,13,Over
2,talk,76,5,4,Over
2,talk,77,5,6,Over
2,talk,78,5,10,Over
2,talk,79,5,2,Over
2,talk,80,5,3,Over
2,talk,81,5,12,Over
2,talk,82,5,5,Over
2,talk,83,5,11,Over
2,vote,1,15
2,vote,2,10
2,vote,3,2
2,vote,4,14
2,vote,5,9
2,vote,6,10
2,vote,7,4
2,vote,9,4
2,vote,10,6
2,vote,11,13
2,vote,12,2
2,vote,13,11
2,vote,14,11
2,vote,15,2
2,execute,2,VILLAGER
2,divine,11,13,HUMAN
2,whisper,0,0,6,BECAUSE (Agent[13] COMINGOUT Agent[13] SEER) (ATTACK Agent[13])
2,whisper,1,0,3,BECAUSE (Agent[11] COMINGOUT Agent[11] SEER) (ATTACK Agent[11])
2,whisper,2,1,3,Skip
2,whisper,3,1,6,Skip
2,whisper,4,2,6,Skip
2,whisper,5,2,3,Skip
2,whisper,6,3,6,Over
2,whisper,7,3,3,Over
2,guard,9,13,POSSESSED
2,attack,5,true
3,status,1,VILLAGER,ALIVE,Sample9
3,status,2,VILLAGER,DEAD,Sample12
3,status,3,WEREWOLF,ALIVE,Sample8
3,status,4,VILLAGER,ALIVE,Sample11
3,status,5,VILLAGER,DEAD,Sample7
3,status,6,WEREWOLF,ALIVE,Sample10
3,status,7,VILLAGER,ALIVE,Sample6
3,status,8,WEREWOLF,DEAD,Sample5
3,status,9,BODYGUARD,ALIVE,Sample4
3,status,10,MEDIUM,ALIVE,Sample3
3,status,11,SEER,ALIVE,Sample14
3,status,12,VILLAGER,ALIVE,Sample2
3,status,13,POSSESSED,ALIVE,Sample13
3,status,14,VILLAGER,ALIVE,Sample1
3,status,15,VILLAGER,ALIVE,cash_dqn
3,talk,0,0,10,DAY 3 (IDENTIFIED Agent[02] HUMAN)
3,talk,1,0,3,ESTIMATE Agent[13] WEREWOLF
3,talk,2,0,4,Skip
3,talk,3,0,7,Skip
3,talk,4,0,6,IDENTIFIED Agent[02] HUMAN
3,talk,5,0,15,Skip
3,talk,6,0,11,DAY 3 (DIVINED Agent[13] HUMAN)
3,talk,7,0,14,Skip
3,talk,8,0,12,Skip
3,talk,9,0,13,DAY 3 (DIVINED Agent[11] HUMAN)
3,talk,10,0,9,Skip
3,talk,11,0,1,Skip
3,talk,12,1,7,Skip
3,talk,13,1,6,ESTIMATE Agent[10] WEREWOLF
3,talk,14,1,14,Skip
3,talk,15,1,10,BECAUSE (AND (COMINGOUT Agent[10] MEDIUM) (Agent[06] COMINGOUT Agent[06] MEDIUM)) (XOR (ESTIMATE Agent[06] WEREWOLF) (ESTIMATE Agent[06] POSSESSED))
3,talk,16,1,4,Skip
3,talk,17,1,13,BECAUSE (AND (DAY 1 (DIVINED Agent[08] WEREWOLF)) (DAY 2 (Agent[06] IDENTIFIED Agent[08] HUMAN))) (XOR (ESTIMATE Agent[06] WEREWOLF) (ESTIMATE Agent[06] POSSESSED))
3,talk,18,1,12,Skip
3,talk,19,1,15,VOTE Agent[10]
3,talk,20,1,11,BECAUSE (AND (AND (COMINGOUT Agent[11] SEER) (Agent[13] COMINGOUT Agent[13] SEER)) (DIVINED Agent[13] HUMAN)) (ESTIMATE Agent[13] POSSESSED)
3,talk,21,1,9,Skip
3,talk,22,1,1,Skip
3,talk,23,1,3,Skip
3,talk,24,2,7,VOTE Agent[15]
3,talk,25,2,6,VOTE Agent[10]
3,talk,26,2,14,VOTE Agent[01]
3,talk,27,2,10,BECAUSE (XOR (ESTIMATE Agent[06] WEREWOLF) (ESTIMATE Agent[06] POSSESSED)) (VOTE Agent[06])
3,talk,28,2,9,VOTE Agent[10]
3,talk,29,2,15,Skip
3,talk,30,2,1,VOTE Agent[04]
3,talk,31,2,13,BECAUSE (XOR (ESTIMATE Agent[06] WEREWOLF) (ESTIMATE Agent[06] POSSESSED)) (VOTE Agent[06])
3,talk,32,2,4,VOTE Agent[06]
3,talk,33,2,12,VOTE Agent[06]
3,talk,34,2,11,VOTE Agent[05]
3,talk,35,2,3,VOTE Agent[13]
3,talk,36,3,15,Skip
3,talk,37,3,10,Skip
3,talk,38,3,11,Skip
3,talk,39,3,14,Skip
3,talk,40,3,6,Skip
3,talk,41,3,7,Skip
3,talk,42,3,4,Skip
3,talk,43,3,13,Skip
3,talk,44,3,3,Skip
3,talk,45,3,1,Skip
3,talk,46,3,9,Skip
3,talk,47,3,12,Skip
3,talk,48,4,13,Skip
3,talk,49,4,6,Skip
3,talk,50,4,4,Skip
3,talk,51,4,12,Skip
3,talk,52,4,7,Skip
3,talk,53,4,3,Skip
3,talk,54,4,15,Over
3,talk,55,4,14,Skip
3,talk,56,4,9,Skip
3,talk,57,4,11,Skip
3,talk,58,4,10,Skip
3,talk,59,4,1,Skip
3,talk,60,5,14,Over
3,talk,61,5,15,Over
3,talk,62,5,1,Over
3,talk,63,5,12,Over
3,talk,64,5,7,Over
3,talk,65,5,3,Over
3,talk,66,5,4,Over
3,talk,67,5,9,Over
3,talk,68,5,6,Over
3,talk,69,5,13,Over
3,talk,70,5,10,Over
3,talk,71,5,11,Over
3,vote,1,4
3,vote,3,13
3,vote,4,6
3,vote,6,10
3,vote,7,15
3,vote,9,10
3,vote,10,6
3,vote,11,7
3,vote,12,6
3,vote,13,6
3,vote,14,1
3,vote,15,9
3,execute,6,WEREWOLF
3,divine,11,3,WEREWOLF
3,guard,9,13,POSSESSED
3,attackVote,3,13
3,attack,13,false
4,status,1,VILLAGER,ALIVE,Sample9
4,status,2,VILLAGER,DEAD,Sample12
4,status,3,WEREWOLF,ALIVE,Sample8
4,status,4,VILLAGER,ALIVE,Sample11
4,status,5,VILLAGER,DEAD,Sample7
4,status,6,WEREWOLF,DEAD,Sample10
4,status,7,VILLAGER,ALIVE,Sample6
4,status,8,WEREWOLF,DEAD,Sample5
4,status,9,BODYGUARD,ALIVE,Sample4
4,status,10,MEDIUM,ALIVE,Sample3
4,status,11,SEER,ALIVE,Sample14
4,status,12,VILLAGER,ALIVE,Sample2
4,status,13,POSSESSED,ALIVE,Sample13
4,status,14,VILLAGER,ALIVE,Sample1
4,status,15,VILLAGER,ALIVE,cash_dqn
4,talk,0,0,14,Skip
4,talk,1,0,9,Skip
4,talk,2,0,10,DAY 4 (IDENTIFIED Agent[06] WEREWOLF)
4,talk,3,0,4,Skip
4,talk,4,0,7,Skip
4,talk,5,0,15,Skip
4,talk,6,0,11,DAY 4 (DIVINED Agent[03] WEREWOLF)
4,talk,7,0,1,Skip
4,talk,8,0,3,ESTIMATE Agent[11] WEREWOLF
4,talk,9,0,12,Skip
4,talk,10,0,13,DAY 4 (DIVINED Agent[01] HUMAN)
4,talk,11,1,12,Skip
4,talk,12,1,7,Skip
4,talk,13,1,1,Skip
4,talk,14,1,3,Skip
4,talk,15,1,9,Skip
4,talk,16,1,13,BECAUSE (AND (COMINGOUT Agent[13] SEER) (Agent[11] COMINGOUT Agent[11] SEER)) (XOR (ESTIMATE Agent[11] WEREWOLF) (ESTIMATE Agent[11] POSSESSED))
4,talk,17,1,15,VOTE Agent[10]
4,talk,18,1,11,BECAUSE (DAY 4 (DIVINED Agent[03] WEREWOLF)) (REQUEST ANY (VOTE Agent[03]))
4,talk,19,1,10,Skip
4,talk,20,1,4,Skip
4,talk,21,1,14,Skip
4,talk,22,2,9,VOTE Agent[11]
4,talk,23,2,11,INQUIRE ANY (VOTE Agent[03])
4,talk,24,2,10,VOTE Agent[07]
4,talk,25,2,3,VOTE Agent[11]
4,talk,26,2,12,VOTE Agent[03]
4,talk,27,2,15,Skip
4,talk,28,2,1,VOTE Agent[12]
4,talk,29,2,7,VOTE Agent[03]
4,talk,30,2,14,VOTE Agent[15]
4,talk,31,2,4,VOTE Agent[07]
4,talk,32,2,13,BECAUSE (XOR (ESTIMATE Agent[11] WEREWOLF) (ESTIMATE Agent[11] POSSESSED)) (VOTE Agent[11])
4,talk,33,3,11,BECAUSE (DIVINED Agent[03] WEREWOLF) (VOTE Agent[03])
4,talk,34,3,9,Skip
4,talk,35,3,15,Skip
4,talk,36,3,7,Skip
4,talk,37,3,10,Skip
4,talk,38,3,1,Skip
4,talk,39,3,13,Skip
4,talk,40,3,14,Skip
4,talk,41,3,3,Skip
4,talk,42,3,4,Skip
4,talk,43,3,12,Skip
4,talk,44,4,9,Skip
4,talk,45,4,15,Over
4,talk,46,4,14,Skip
4,talk,47,4,1,Skip
4,talk,48,4,7,Skip
4,talk,49,4,13,Skip
4,talk,50,4,3,Skip
4,talk,51,4,10,Skip
4,talk,52,4,12,Skip
4,talk,53,4,11,Skip
4,talk,54,4,4,Skip
4,talk,55,5,10,Over
4,talk,56,5,1,Over
4,talk,57,5,3,Over
4,talk,58,5,11,Skip
4,talk,59,5,7,Over
4,talk,60,5,9,Over
4,talk,61,5,13,Over
4,talk,62,5,15,Over
4,talk,63,5,12,Over
4,talk,64,5,14,Over
4,talk,65,5,4,Over
4,talk,66,6,12,Over
4,talk,67,6,4,Over
4,talk,68,6,1,Over
4,talk,69,6,11,Over
4,talk,70,6,7,Over
4,talk,71,6,3,Over
4,talk,72,6,15,Over
4,talk,73,6,13,Over
4,talk,74,6,14,Over
4,talk,75,6,10,Over
4,talk,76,6,9,Over
4,vote,1,12
4,vote,3,11
4,vote,4,7
4,vote,7,3
4,vote,9,11
4,vote,10,7
4,vote,11,3
4,vote,12,3
4,vote,13,11
4,vote,14,15
4,vote,15,3
4,execute,3,WEREWOLF
4,divine,11,9,HUMAN
4,guard,9,13,POSSESSED
5,status,1,VILLAGER,ALIVE,Sample9
5,status,2,VILLAGER,DEAD,Sample12
5,status,3,WEREWOLF,DEAD,Sample8
5,status,4,VILLAGER,ALIVE,Sample11
5,status,5,VILLAGER,DEAD,Sample7
5,status,6,WEREWOLF,DEAD,Sample10
5,status,7,VILLAGER,ALIVE,Sample6
5,status,8,WEREWOLF,DEAD,Sample5
5,status,9,BODYGUARD,ALIVE,Sample4
5,status,10,MEDIUM,ALIVE,Sample3
5,status,11,SEER,ALIVE,Sample14
5,status,12,VILLAGER,ALIVE,Sample2
5,status,13,POSSESSED,ALIVE,Sample13
5,status,14,VILLAGER,ALIVE,Sample1
5,status,15,VILLAGER,ALIVE,cash_dqn
5,result,10,0,VILLAGER
