0,status,1,VILLAGER,ALIVE,Sample9
0,status,2,VILLAGER,ALIVE,Sample12
0,status,3,VILLAGER,ALIVE,Sample8
0,status,4,SEER,ALIVE,Sample11
0,status,5,VILLAGER,ALIVE,Sample7
0,status,6,WEREWOLF,ALIVE,Sample10
0,status,7,POSSESSED,ALIVE,Sample6
0,status,8,VILLAGER,ALIVE,Sample5
0,status,9,VILLAGER,ALIVE,Sample4
0,status,10,VILLAGER,ALIVE,Sample3
0,status,11,WEREWOLF,ALIVE,Sample14
0,status,12,VILLAGER,ALIVE,Sample2
0,status,13,MEDIUM,ALIVE,Sample13
0,status,14,BODYGUARD,ALIVE,Sample1
0,status,15,WEREWOLF,ALIVE,cash_dqn
0,whisper,0,0,11,COMINGOUT Agent[11] VILLAGER
0,whisper,1,0,15,Over
0,whisper,2,0,6,COMINGOUT Agent[06] VILLAGER
0,whisper,3,1,15,Over
0,whisper,4,1,6,ATTACK Agent[04]
0,whisper,5,1,11,ATTACK Agent[05]
0,whisper,6,2,11,Skip
0,whisper,7,2,15,Over
0,whisper,8,2,6,Skip
0,whisper,9,3,15,Over
0,whisper,10,3,6,Skip
0,whisper,11,3,11,Skip
0,whisper,12,4,6,Over
0,whisper,13,4,11,Over
0,whisper,14,4,15,Over
0,divine,4,6,WEREWOLF
1,status,1,VILLAGER,ALIVE,Sample9
1,status,2,VILLAGER,ALIVE,Sample12
1,status,3,VILLAGER,ALIVE,Sample8
1,status,4,SEER,ALIVE,Sample11
1,status,5,VILLAGER,ALIVE,Sample7
1,status,6,WEREWOLF,ALIVE,Sample10
1,status,7,POSSESSED,ALIVE,Sample6
1,status,8,VILLAGER,ALIVE,Sample5
1,status,9,VILLAGER,ALIVE,Sample4
1,status,10,VILLAGER,ALIVE,Sample3
1,status,11,WEREWOLF,ALIVE,Sample14
1,status,12,VILLAGER,ALIVE,Sample2
1,status,13,MEDIUM,ALIVE,Sample13
1,status,14,BODYGUARD,ALIVE,Sample1
1,status,15,WEREWOLF,ALIVE,cash_dqn
1,talk,0,0,2,Skip
1,talk,1,0,12,Skip
1,talk,2,0,14,Skip
1,talk,3,0,1,Skip
1,talk,4,0,8,Skip
1,talk,5,0,13,COMINGOUT Agent[13] MEDIUM
1,talk,6,0,15,Over
1,talk,7,0,7,Skip
1,talk,8,0,3,Skip
1,talk,9,0,5,Skip
1,talk,10,0,6,ESTIMATE Agent[13] WEREWOLF
1,talk,11,0,4,COMINGOUT Agent[04] SEER
1,talk,12,0,9,Skip
1,talk,13,0,11,ESTIMATE Agent[04] WEREWOLF
1,talk,14,0,10,Skip
1,talk,15,1,3,Skip
1,talk,16,1,11,Skip
1,talk,17,1,13,Skip
1,talk,18,1,10,Skip
1,talk,19,1,1,Skip
1,talk,20,1,5,Skip
1,talk,21,1,12,Skip
1,talk,22,1,8,Skip
1,talk,23,1,4,DAY 1 (DIVINED Agent[06] WEREWOLF)
1,talk,24,1,14,Skip
1,talk,25,1,15,Over
1,talk,26,1,6,Skip
1,talk,27,1,9,Skip
1,talk,28,1,7,COMINGOUT Agent[07] SEER
1,talk,29,1,2,Skip
1,talk,30,2,13,VOTE Agent[06]
1,talk,31,2,7,DAY 1 (DIVINED Agent[04] WEREWOLF)
1,talk,32,2,5,VOTE Agent[02]
1,talk,33,2,2,VOTE Agent[13]
1,talk,34,2,12,VOTE Agent[06]
1,talk,35,2,11,VOTE Agent[04]
1,talk,36,2,3,VOTE Agent[08]
1,talk,37,2,15,Over
1,talk,38,2,14,VOTE Agent[10]
1,talk,39,2,9,VOTE Agent[15]
1,talk,40,2,4,BECAUSE (DAY 1 (DIVINED Agent[06] WEREWOLF)) (REQUEST ANY (VOTE Agent[06]))
1,talk,41,2,8,VOTE Agent[14]
1,talk,42,2,10,VOTE Agent[14]
1,talk,43,2,1,VOTE Agent[12]
1,talk,44,2,6,VOTE Agent[13]
1,talk,45,3,9,Skip
1,talk,46,3,7,BECAUSE (DAY 1 (DIVINED Agent[04] WEREWOLF)) (REQUEST ANY (VOTE Agent[04]))
1,talk,47,3,14,Skip
1,talk,48,3,13,Skip
1,talk,49,3,12,Skip
1,talk,50,3,4,INQUIRE ANY (VOTE Agent[06])
1,talk,51,3,5,Skip
1,talk,52,3,8,Skip
1,talk,53,3,10,Skip
1,talk,54,3,15,Over
1,talk,55,3,11,Skip
1,talk,56,3,1,Skip
1,talk,57,3,3,Skip
1,talk,58,3,6,Skip
1,talk,59,3,2,Skip
1,talk,60,4,6,Skip
1,talk,61,4,4,BECAUSE (DIVINED Agent[06] WEREWOLF) (VOTE Agent[06])
1,talk,62,4,15,Over
1,talk,63,4,7,INQUIRE ANY (VOTE Agent[04])
1,talk,64,4,10,Skip
1,talk,65,4,14,Skip
1,talk,66,4,1,Skip
1,talk,67,4,2,Skip
1,talk,68,4,12,Skip
1,talk,69,4,8,Skip
1,talk,70,4,5,Skip
1,talk,71,4,11,Skip
1,talk,72,4,9,Skip
1,talk,73,4,3,Skip
1,talk,74,4,13,Skip
1,talk,75,5,7,BECAUSE (DIVINED Agent[04] WEREWOLF) (VOTE Agent[04])
1,talk,76,5,6,Over
1,talk,77,5,5,Over
1,talk,78,5,15,Over
1,talk,79,5,13,Over
1,talk,80,5,4,Skip
1,talk,81,5,9,Over
1,talk,82,5,2,Over
1,talk,83,5,12,Over
1,talk,84,5,11,Over
1,talk,85,5,1,Over
1,talk,86,5,8,Over
1,talk,87,5,10,Over
1,talk,88,5,3,Over
1,talk,89,5,14,Over
1,talk,90,6,13,Over
1,talk,91,6,12,Over
1,talk,92,6,9,Over
1,talk,93,6,4,Skip
1,talk,94,6,14,Over
1,talk,95,6,8,Over
1,talk,96,6,11,Over
1,talk,97,6,10,Over
1,talk,98,6,2,Over
1,talk,99,6,7,Skip
1,talk,100,6,5,Over
1,talk,101,6,1,Over
1,talk,102,6,3,Over
1,talk,103,6,6,Over
1,talk,104,6,15,Over
1,talk,105,7,9,Over
1,talk,106,7,14,Over
1,talk,107,7,8,Over
1,talk,108,7,5,Over
1,talk,109,7,6,Over
1,talk,110,7,13,Over
1,talk,111,7,12,Over
1,talk,112,7,1,Over
1,talk,113,7,11,Over
1,talk,114,7,2,Over
1,talk,115,7,15,Over
1,talk,116,7,10,Over
1,talk,117,7,3,Over
1,talk,118,7,7,Skip
1,talk,119,7,4,Over
1,talk,120,8,7,Over
1,talk,121,8,2,Over
1,talk,122,8,11,Over
1,talk,123,8,4,Over
1,talk,124,8,3,Over
1,talk,125,8,15,Over
1,talk,126,8,1,Over
1,talk,127,8,5,Over
1,talk,128,8,12,Over
1,talk,129,8,6,Over
1,talk,130,8,13,Over
1,talk,131,8,9,Over
1,talk,132,8,14,Over
1,talk,133,8,8,Over
1,talk,134,8,10,Over
1,vote,1,12
1,vote,2,13
1,vote,3,8
1,vote,4,6
1,vote,5,2
1,vote,6,13
1,vote,7,4
1,vote,8,14
1,vote,9,15
1,vote,10,14
1,vote,11,4
1,vote,12,6
1,vote,13,6
1,vote,14,10
1,vote,15,10
1,execute,6,WEREWOLF
1,divine,4,5,HUMAN
1,whisper,0,0,11,BECAUSE (AND (NOT (COMINGOUT Agent[07] WEREWOLF)) (NOT (COMINGOUT Agent[04] WEREWOLF)) (DAY 1 (Agent[07] DIVINED Agent[04] WEREWOLF))) (ESTIMATE Agent[07] POSSESSED)
1,whisper,1,0,15,Over
1,whisper,2,1,15,Over
1,whisper,3,1,11,BECAUSE (Agent[13] COMINGOUT Agent[13] MEDIUM) (ATTACK Agent[13])
1,whisper,4,2,11,Skip
1,whisper,5,2,15,Over
1,whisper,6,3,15,Over
1,whisper,7,3,11,Skip
1,whisper,8,4,15,Over
1,whisper,9,4,11,Over
1,guard,14,4,SEER
1,attackVote,15,13
1,attack,13,true
2,status,1,VILLAGER,ALIVE,Sample9
2,status,2,VILLAGER,ALIVE,Sample12
2,status,3,VILLAGER,ALIVE,Sample8
2,status,4,SEER,ALIVE,Sample11
2,status,5,VILLAGER,ALIVE,Sample7
2,status,6,WEREWOLF,DEAD,Sample10
2,status,7,POSSESSED,ALIVE,Sample6
2,status,8,VILLAGER,ALIVE,Sample5
2,status,9,VILLAGER,ALIVE,Sample4
2,status,10,VILLAGER,ALIVE,Sample3
2,status,11,WEREWOLF,ALIVE,Sample14
2,status,12,VILLAGER,ALIVE,Sample2
2,status,13,MEDIUM,DEAD,Sample13
2,status,14,BODYGUARD,ALIVE,Sample1
2,status,15,WEREWOLF,ALIVE,cash_dqn
2,talk,0,0,7,DAY 2 (DIVINED Agent[08] HUMAN)
2,talk,1,0,9,Skip
2,talk,2,0,1,Skip
2,talk,3,0,4,DAY 2 (DIVINED Agent[05] HUMAN)
2,talk,4,0,12,Skip
2,talk,5,0,11,ESTIMATE Agent[14] WEREWOLF
2,talk,6,0,14,Skip
2,talk,7,0,2,Skip
2,talk,8,0,3,Skip
2,talk,9,0,10,Skip
2,talk,10,0,5,Skip
2,talk,11,0,8,Skip
2,talk,12,0,15,Over
2,talk,13,1,15,Over
2,talk,14,1,3,Skip
2,talk,15,1,1,Skip
2,talk,16,1,9,Skip
2,talk,17,1,10,Skip
2,talk,18,1,2,Skip
2,talk,19,1,12,Skip
2,talk,20,1,11,Skip
2,talk,21,1,4,BECAUSE (AND (COMINGOUT Agent[04] SEER) (Agent[07] COMINGOUT Agent[07] SEER)) (XOR (ESTIMATE Agent[07] WEREWOLF) (ESTIMATE Agent[07] POSSESSED))
2,talk,22,1,14,Skip
2,talk,23,1,5,Skip
2,talk,24,1,7,BECAUSE (DAY 1 (DIVINED Agent[04] WEREWOLF)) (REQUEST ANY (VOTE Agent[04]))
2,talk,25,1,8,Skip
2,talk,26,2,14,VOTE Agent[10]
2,talk,27,2,5,VOTE Agent[04]
2,talk,28,2,10,VOTE Agent[03]
2,talk,29,2,8,VOTE Agent[04]
2,talk,30,2,12,VOTE Agent[05]
2,talk,31,2,7,INQUIRE ANY (VOTE Agent[04])
2,talk,32,2,4,BECAUSE (XOR (ESTIMATE Agent[07] WEREWOLF) (ESTIMATE Agent[07] POSSESSED)) (VOTE Agent[07])
2,talk,33,2,11,VOTE Agent[14]
2,talk,34,2,2,VOTE Agent[14]
2,talk,35,2,15,Over
2,talk,36,2,3,VOTE Agent[07]
2,talk,37,2,1,VOTE Agent[04]
2,talk,38,2,9,VOTE Agent[04]
2,talk,39,3,12,Skip
2,talk,40,3,4,Skip
2,talk,41,3,14,Skip
2,talk,42,3,11,Skip
2,talk,43,3,8,Skip
2,talk,44,3,15,Over
2,talk,45,3,5,Skip
2,talk,46,3,2,Skip
2,talk,47,3,9,Skip
2,talk,48,3,3,Skip
2,talk,49,3,1,Skip
2,talk,50,3,10,Skip
2,talk,51,3,7,BECAUSE (DIVINED Agent[04] WEREWOLF) (VOTE Agent[04])
2,talk,52,4,15,Over
2,talk,53,4,5,Skip
2,talk,54,4,7,Skip
2,talk,55,4,14,Skip
2,talk,56,4,1,Skip
2,talk,57,4,2,Skip
2,talk,58,4,4,Skip
2,talk,59,4,12,Skip
2,talk,60,4,9,Skip
2,talk,61,4,8,Skip
2,talk,62,4,11,Skip
2,talk,63,4,3,Skip
2,talk,64,4,10,Skip
2,talk,65,5,4,Over
2,talk,66,5,15,Over
2,talk,67,5,2,Over
2,talk,68,5,1,Over
2,talk,69,5,3,Over
2,talk,70,5,9,Over
2,talk,71,5,10,Over
2,talk,72,5,8,Over
2,talk,73,5,7,Skip
2,talk,74,5,12,Over
2,talk,75,5,14,Over
2,talk,76,5,11,Over
2,talk,77,5,5,Over
2,talk,78,6,2,Over
2,talk,79,6,8,Over
2,talk,80,6,12,Over
2,talk,81,6,10,Over
2,talk,82,6,7,Over
2,talk,83,6,4,Over
2,talk,84,6,15,Over
2,talk,85,6,14,Over
2,talk,86,6,11,Over
2,talk,87,6,3,Over
2,talk,88,6,1,Over
2,talk,89,6,5,Over
2,talk,90,6,9,Over
2,vote,1,4
2,vote,2,14
2,vote,3,7
2,vote,4,7
2,vote,5,4
2,vote,7,4
2,vote,8,4
2,vote,9,4
2,vote,10,3
2,vote,11,14
2,vote,12,5
2,vote,14,10
2,vote,15,7
2,execute,4,SEER
2,whisper,0,0,11,ATTACK Agent[03]
2,whisper,1,0,15,Over
2,whisper,2,1,11,Skip
2,whisper,3,1,15,Over
2,whisper,4,2,15,Over
2,whisper,5,2,11,Skip
2,whisper,6,3,15,Over
2,whisper,7,3,11,Over
2,guard,14,7,POSSESSED
2,attackVote,15,2
2,attack,2,true
3,status,1,VILLAGER,ALIVE,Sample9
3,status,2,VILLAGER,DEAD,Sample12
3,status,3,VILLAGER,ALIVE,Sample8
3,status,4,SEER,DEAD,Sample11
3,status,5,VILLAGER,ALIVE,Sample7
3,status,6,WEREWOLF,DEAD,Sample10
3,status,7,POSSESSED,ALIVE,Sample6
3,status,8,VILLAGER,ALIVE,Sample5
3,status,9,VILLAGER,ALIVE,Sample4
3,status,10,VILLAGER,ALIVE,Sample3
3,status,11,WEREWOLF,ALIVE,Sample14
3,status,12,VILLAGER,ALIVE,Sample2
3,status,13,MEDIUM,DEAD,Sample13
3,status,14,BODYGUARD,ALIVE,Sample1
3,status,15,WEREWOLF,ALIVE,cash_dqn
3,talk,0,0,3,Skip
3,talk,1,0,12,Skip
3,talk,2,0,15,Over
3,talk,3,0,14,Skip
3,talk,4,0,10,Skip
3,talk,5,0,9,Skip
3,talk,6,0,8,Skip
3,talk,7,0,5,Skip
3,talk,8,0,11,ESTIMATE Agent[14] WEREWOLF
3,talk,9,0,7,DAY 3 (DIVINED Agent[09] HUMAN)
3,talk,10,0,1,Skip
3,talk,11,1,7,Skip
3,talk,12,1,12,Skip
3,talk,13,1,1,Skip
3,talk,14,1,11,Skip
3,talk,15,1,5,Skip
3,talk,16,1,14,Skip
3,talk,17,1,3,Skip
3,talk,18,1,9,Skip
3,talk,19,1,10,Skip
3,talk,20,1,8,Skip
3,talk,21,1,15,Over
3,talk,22,2,5,VOTE Agent[07]
3,talk,23,2,11,VOTE Agent[14]
3,talk,24,2,14,VOTE Agent[03]
3,talk,25,2,10,VOTE Agent[15]
3,talk,26,2,9,VOTE Agent[10]
3,talk,27,2,1,VOTE Agent[09]
3,talk,28,2,7,VOTE Agent[02]
3,talk,29,2,8,VOTE Agent[05]
3,talk,30,2,15,Over
3,talk,31,2,3,VOTE Agent[11]
3,talk,32,2,12,VOTE Agent[05]
3,talk,33,3,8,Skip
3,talk,34,3,10,Skip
3,talk,35,3,1,Skip
3,talk,36,3,3,Skip
3,talk,37,3,12,Skip
3,talk,38,3,14,Skip
3,talk,39,3,9,Skip
3,talk,40,3,5,Skip
3,talk,41,3,7,Skip
3,talk,42,3,15,Over
3,talk,43,3,11,Skip
3,talk,44,4,5,Skip
3,talk,45,4,1,Skip
3,talk,46,4,11,Skip
3,talk,47,4,14,Skip
3,talk,48,4,10,Skip
3,talk,49,4,15,Over
3,talk,50,4,7,Skip
3,talk,51,4,12,Skip
3,talk,52,4,9,Skip
3,talk,53,4,3,Skip
3,talk,54,4,8,Skip
3,talk,55,5,10,Over
3,talk,56,5,15,Over
3,talk,57,5,1,Over
3,talk,58,5,7,Over
3,talk,59,5,3,Over
3,talk,60,5,12,Over
3,talk,61,5,5,Over
3,talk,62,5,14,Over
3,talk,63,5,9,Over
3,talk,64,5,8,Over
3,talk,65,5,11,Over
3,vote,1,9
3,vote,3,11
3,vote,5,7
3,vote,7,3
3,vote,8,5
3,vote,9,10
3,vote,10,15
3,vote,11,14
3,vote,12,5
3,vote,14,3
3,vote,15,5
3,execute,5,VILLAGER
3,whisper,0,0,11,ATTACK Agent[14]
3,whisper,1,0,15,Over
3,whisper,2,1,15,Over
3,whisper,3,1,11,Skip
3,whisper,4,2,15,Over
3,whisper,5,2,11,Skip
3,whisper,6,3,15,Over
3,whisper,7,3,11,Over
3,guard,14,7,POSSESSED
3,attackVote,15,8
3,attack,8,true
4,status,1,VILLAGER,ALIVE,Sample9
4,status,2,VILLAGER,DEAD,Sample12
4,status,3,VILLAGER,ALIVE,Sample8
4,status,4,SEER,DEAD,Sample11
4,status,5,VILLAGER,DEAD,Sample7
4,status,6,WEREWOLF,DEAD,Sample10
4,status,7,POSSESSED,ALIVE,Sample6
4,status,8,VILLAGER,DEAD,Sample5
4,status,9,VILLAGER,ALIVE,Sample4
4,status,10,VILLAGER,ALIVE,Sample3
4,status,11,WEREWOLF,ALIVE,Sample14
4,status,12,VILLAGER,ALIVE,Sample2
4,status,13,MEDIUM,DEAD,Sample13
4,status,14,BODYGUARD,ALIVE,Sample1
4,status,15,WEREWOLF,ALIVE,cash_dqn
4,talk,0,0,12,Skip
4,talk,1,0,1,Skip
4,talk,2,0,11,ESTIMATE Agent[14] WEREWOLF
4,talk,3,0,10,Skip
4,talk,4,0,7,DAY 4 (DIVINED Agent[10] HUMAN)
4,talk,5,0,15,Over
4,talk,6,0,9,Skip
4,talk,7,0,14,Skip
4,talk,8,0,3,Skip
4,talk,9,1,15,Over
4,talk,10,1,14,Skip
4,talk,11,1,12,Skip
4,talk,12,1,3,Skip
4,talk,13,1,11,Skip
4,talk,14,1,9,Skip
4,talk,15,1,7,Skip
4,talk,16,1,10,Skip
4,talk,17,1,1,Skip
4,talk,18,2,10,VOTE Agent[03]
4,talk,19,2,3,VOTE Agent[07]
4,talk,20,2,15,Over
4,talk,21,2,14,VOTE Agent[10]
4,talk,22,2,7,VOTE Agent[14]
4,talk,23,2,1,VOTE Agent[12]
4,talk,24,2,11,VOTE Agent[14]
4,talk,25,2,12,VOTE Agent[07]
4,talk,26,2,9,VOTE Agent[14]
4,talk,27,3,15,Over
4,talk,28,3,7,Skip
4,talk,29,3,12,Skip
4,talk,30,3,10,Skip
4,talk,31,3,9,Skip
4,talk,32,3,14,Skip
4,talk,33,3,3,Skip
4,talk,34,3,1,Skip
4,talk,35,3,11,Skip
4,talk,36,4,11,Skip
4,talk,37,4,1,Skip
4,talk,38,4,9,Skip
4,talk,39,4,10,Skip
4,talk,40,4,3,Skip
4,talk,41,4,14,Skip
4,talk,42,4,12,Skip
4,talk,43,4,7,Skip
4,talk,44,4,15,Over
4,talk,45,5,14,Over
4,talk,46,5,7,Over
4,talk,47,5,3,Over
4,talk,48,5,15,Over
4,talk,49,5,1,Over
4,talk,50,5,10,Over
4,talk,51,5,11,Over
4,talk,52,5,12,Over
4,talk,53,5,9,Over
4,vote,1,12
4,vote,3,7
4,vote,7,14
4,vote,9,14
4,vote,10,3
4,vote,11,14
4,vote,12,7
4,vote,14,10
4,vote,15,11
4,execute,14,BODYGUARD
4,whisper,0,0,15,Over
4,whisper,1,0,11,ATTACK Agent[03]
4,whisper,2,1,15,Over
4,whisper,3,1,11,Skip
4,whisper,4,2,15,Over
4,whisper,5,2,11,Skip
4,whisper,6,3,11,Over
4,whisper,7,3,15,Over
4,attackVote,15,10
4,attack,10,true
5,status,1,VILLAGER,ALIVE,Sample9
5,status,2,VILLAGER,DEAD,Sample12
5,status,3,VILLAGER,ALIVE,Sample8
5,status,4,SEER,DEAD,Sample11
5,status,5,VILLAGER,DEAD,Sample7
5,status,6,WEREWOLF,DEAD,Sample10
5,status,7,POSSESSED,ALIVE,Sample6
5,status,8,VILLAGER,DEAD,Sample5
5,status,9,VILLAGER,ALIVE,Sample4
5,status,10,VILLAGER,DEAD,Sample3
5,status,11,WEREWOLF,ALIVE,Sample14
5,status,12,VILLAGER,ALIVE,Sample2
5,status,13,MEDIUM,DEAD,Sample13
5,status,14,BODYGUARD,DEAD,Sample1
5,status,15,WEREWOLF,ALIVE,cash_dqn
5,talk,0,0,12,Skip
5,talk,1,0,7,DAY 5 (DIVINED Agent[01] HUMAN)
5,talk,2,0,1,Skip
5,talk,3,0,15,Over
5,talk,4,0,11,ESTIMATE Agent[01] WEREWOLF
5,talk,5,0,9,Skip
5,talk,6,0,3,Skip
5,talk,7,1,15,Over
5,talk,8,1,1,Skip
5,talk,9,1,9,Skip
5,talk,10,1,11,Skip
5,talk,11,1,3,Skip
5,talk,12,1,7,Skip
5,talk,13,1,12,Skip
5,talk,14,2,11,VOTE Agent[01]
5,talk,15,2,1,VOTE Agent[12]
5,talk,16,2,15,Over
5,talk,17,2,3,VOTE Agent[07]
5,talk,18,2,7,VOTE Agent[03]
5,talk,19,2,9,VOTE Agent[12]
5,talk,20,2,12,VOTE Agent[03]
5,talk,21,3,3,Skip
5,talk,22,3,15,Over
5,talk,23,3,9,Skip
5,talk,24,3,7,Skip
5,talk,25,3,12,Skip
5,talk,26,3,11,Skip
5,talk,27,3,1,Skip
5,talk,28,4,1,Skip
5,talk,29,4,11,Skip
5,talk,30,4,7,Skip
5,talk,31,4,3,Skip
5,talk,32,4,12,Skip
5,talk,33,4,15,Over
5,talk,34,4,9,Skip
5,talk,35,5,11,Over
5,talk,36,5,3,Over
5,talk,37,5,12,Over
5,talk,38,5,7,Over
5,talk,39,5,15,Over
5,talk,40,5,1,Over
5,talk,41,5,9,Over
5,vote,1,12
5,vote,3,7
5,vote,7,3
5,vote,9,12
5,vote,11,1
5,vote,12,3
5,vote,15,9
5,vote,1,12
5,vote,3,7
5,vote,7,3
5,vote,9,12
5,vote,11,1
5,vote,12,3
5,vote,15,7
5,execute,7,POSSESSED
5,whisper,0,0,15,Over
5,whisper,1,0,11,ATTACK Agent[09]
5,whisper,2,1,15,Over
5,whisper,3,1,11,Skip
5,whisper,4,2,15,Over
5,whisper,5,2,11,Skip
5,whisper,6,3,15,Over
5,whisper,7,3,11,Over
5,attackVote,15,3
5,attack,3,true
6,status,1,VILLAGER,ALIVE,Sample9
6,status,2,VILLAGER,DEAD,Sample12
6,status,3,VILLAGER,DEAD,Sample8
6,status,4,SEER,DEAD,Sample11
6,status,5,VILLAGER,DEAD,Sample7
6,status,6,WEREWOLF,DEAD,Sample10
6,status,7,POSSESSED,DEAD,Sample6
6,status,8,VILLAGER,DEAD,Sample5
6,status,9,VILLAGER,ALIVE,Sample4
6,status,10,VILLAGER,DEAD,Sample3
6,status,11,WEREWOLF,ALIVE,Sample14
6,status,12,VILLAGER,ALIVE,Sample2
6,status,13,MEDIUM,DEAD,Sample13
6,status,14,BODYGUARD,DEAD,Sample1
6,status,15,WEREWOLF,ALIVE,cash_dqn
6,talk,0,0,12,Skip
6,talk,1,0,11,ESTIMATE Agent[09] WEREWOLF
6,talk,2,0,15,Over
6,talk,3,0,9,Skip
6,talk,4,0,1,Skip
6,talk,5,1,9,Skip
6,talk,6,1,15,Over
6,talk,7,1,11,Skip
6,talk,8,1,1,Skip
6,talk,9,1,12,Skip
6,talk,10,2,9,VOTE Agent[11]
6,talk,11,2,12,VOTE Agent[01]
6,talk,12,2,1,VOTE Agent[11]
6,talk,13,2,15,Over
6,talk,14,2,11,VOTE Agent[09]
6,talk,15,3,9,Skip
6,talk,16,3,12,Skip
6,talk,17,3,1,Skip
6,talk,18,3,15,Over
6,talk,19,3,11,Skip
6,talk,20,4,9,Skip
6,talk,21,4,12,Skip
6,talk,22,4,1,Skip
6,talk,23,4,15,Over
6,talk,24,4,11,Skip
6,talk,25,5,15,Over
6,talk,26,5,12,Over
6,talk,27,5,1,Over
6,talk,28,5,9,Over
6,talk,29,5,11,Over
6,vote,1,11
6,vote,9,11
6,vote,11,9
6,vote,12,1
6,vote,15,1
6,vote,1,11
6,vote,9,11
6,vote,11,9
6,vote,12,1
6,vote,15,11
6,execute,11,WEREWOLF
6,attackVote,15,1
6,attack,1,true
7,status,1,VILLAGER,DEAD,Sample9
7,status,2,VILLAGER,DEAD,Sample12
7,status,3,VILLAGER,DEAD,Sample8
7,status,4,SEER,DEAD,Sample11
7,status,5,VILLAGER,DEAD,Sample7
7,status,6,WEREWOLF,DEAD,Sample10
7,status,7,POSSESSED,DEAD,Sample6
7,status,8,VILLAGER,DEAD,Sample5
7,status,9,VILLAGER,ALIVE,Sample4
7,status,10,VILLAGER,DEAD,Sample3
7,status,11,WEREWOLF,DEAD,Sample14
7,status,12,VILLAGER,ALIVE,Sample2
7,status,13,MEDIUM,DEAD,Sample13
7,status,14,BODYGUARD,DEAD,Sample1
7,status,15,WEREWOLF,ALIVE,cash_dqn
7,talk,0,0,9,Skip
7,talk,1,0,15,Over
7,talk,2,0,12,Skip
7,talk,3,1,12,Skip
7,talk,4,1,9,Skip
7,talk,5,1,15,Over
7,talk,6,2,9,VOTE Agent[15]
7,talk,7,2,12,VOTE Agent[15]
7,talk,8,2,15,Over
7,talk,9,3,15,Over
7,talk,10,3,12,Skip
7,talk,11,3,9,Skip
7,talk,12,4,9,Skip
7,talk,13,4,12,Skip
7,talk,14,4,15,Over
7,talk,15,5,12,Over
7,talk,16,5,9,Over
7,talk,17,5,15,Over
7,vote,9,15
7,vote,12,15
7,vote,15,9
7,execute,15,WEREWOLF
8,status,1,VILLAGER,DEAD,Sample9
8,status,2,VILLAGER,DEAD,Sample12
8,status,3,VILLAGER,DEAD,Sample8
8,status,4,SEER,DEAD,Sample11
8,status,5,VILLAGER,DEAD,Sample7
8,status,6,WEREWOLF,DEAD,Sample10
8,status,7,POSSESSED,DEAD,Sample6
8,status,8,VILLAGER,DEAD,Sample5
8,status,9,VILLAGER,ALIVE,Sample4
8,status,10,VILLAGER,DEAD,Sample3
8,status,11,WEREWOLF,DEAD,Sample14
8,status,12,VILLAGER,ALIVE,Sample2
8,status,13,MEDIUM,DEAD,Sample13
8,status,14,BODYGUARD,DEAD,Sample1
8,status,15,WEREWOLF,DEAD,cash_dqn
8,result,2,0,VILLAGER
