0,status,1,SEER,ALIVE,Sample9
0,status,2,VILLAGER,ALIVE,Sample12
0,status,3,WEREWOLF,ALIVE,Sample8
0,status,4,VILLAGER,ALIVE,Sample11
0,status,5,VILLAGER,ALIVE,Sample7
0,status,6,VILLAGER,ALIVE,Sample10
0,status,7,VILLAGER,ALIVE,Sample6
0,status,8,WEREWOLF,ALIVE,Sample5
0,status,9,VILLAGER,ALIVE,Sample4
0,status,10,VILLAGER,ALIVE,Sample3
0,status,11,POSSESSED,ALIVE,Sample14
0,status,12,MEDIUM,ALIVE,Sample2
0,status,13,BODYGUARD,ALIVE,Sample13
0,status,14,VILLAGER,ALIVE,Sample1
0,status,15,WEREWOLF,ALIVE,cash_dqn
0,whisper,0,0,8,COMINGOUT Agent[08] MEDIUM
0,whisper,1,0,15,Over
0,whisper,2,0,3,COMINGOUT Agent[03] VILLAGER
0,whisper,3,1,15,Over
0,whisper,4,1,3,ATTACK Agent[05]
0,whisper,5,1,8,ATTACK Agent[07]
0,whisper,6,2,8,Skip
0,whisper,7,2,3,Skip
0,whisper,8,2,15,Over
0,whisper,9,3,15,Over
0,whisper,10,3,8,Skip
0,whisper,11,3,3,Skip
0,whisper,12,4,8,Over
0,whisper,13,4,3,Over
0,whisper,14,4,15,Over
0,divine,1,10,HUMAN
1,status,1,SEER,ALIVE,Sample9
1,status,2,VILLAGER,ALIVE,Sample12
1,status,3,WEREWOLF,ALIVE,Sample8
1,status,4,VILLAGER,ALIVE,Sample11
1,status,5,VILLAGER,ALIVE,Sample7
1,status,6,VILLAGER,ALIVE,Sample10
1,status,7,VILLAGER,ALIVE,Sample6
1,status,8,WEREWOLF,ALIVE,Sample5
1,status,9,VILLAGER,ALIVE,Sample4
1,status,10,VILLAGER,ALIVE,Sample3
1,status,11,POSSESSED,ALIVE,Sample14
1,status,12,MEDIUM,ALIVE,Sample2
1,status,13,BODYGUARD,ALIVE,Sample13
1,status,14,VILLAGER,ALIVE,Sample1
1,status,15,WEREWOLF,ALIVE,cash_dqn
1,talk,0,0,1,Skip
1,talk,1,0,6,Skip
1,talk,2,0,3,ESTIMATE Agent[12] WEREWOLF
1,talk,3,0,11,Skip
1,talk,4,0,5,Skip
1,talk,5,0,7,Skip
1,talk,6,0,9,Skip
1,talk,7,0,12,COMINGOUT Agent[12] MEDIUM
1,talk,8,0,2,Skip
1,talk,9,0,14,Skip
1,talk,10,0,13,Skip
1,talk,11,0,10,Skip
1,talk,12,0,15,Over
1,talk,13,0,8,ESTIMATE Agent[07] WEREWOLF
1,talk,14,0,4,Skip
1,talk,15,1,2,Skip
1,talk,16,1,1,Skip
1,talk,17,1,10,Skip
1,talk,18,1,9,Skip
1,talk,19,1,6,Skip
1,talk,20,1,12,Skip
1,talk,21,1,8,COMINGOUT Agent[08] MEDIUM
1,talk,22,1,15,Over
1,talk,23,1,14,Skip
1,talk,24,1,11,Skip
1,talk,25,1,3,Skip
1,talk,26,1,7,Skip
1,talk,27,1,13,Skip
1,talk,28,1,5,Skip
1,talk,29,1,4,Skip
1,talk,30,2,6,VOTE Agent[10]
1,talk,31,2,7,VOTE Agent[08]
1,talk,32,2,8,ESTIMATE Agent[12] WEREWOLF
1,talk,33,2,12,BECAUSE (AND (COMINGOUT Agent[12] MEDIUM) (Agent[08] COMINGOUT Agent[08] MEDIUM)) (XOR (ESTIMATE Agent[08] WEREWOLF) (ESTIMATE Agent[08] POSSESSED))
1,talk,34,2,14,VOTE Agent[02]
1,talk,35,2,2,VOTE Agent[13]
1,talk,36,2,9,VOTE Agent[01]
1,talk,37,2,15,Over
1,talk,38,2,13,VOTE Agent[10]
1,talk,39,2,4,VOTE Agent[14]
1,talk,40,2,10,VOTE Agent[08]
1,talk,41,2,3,VOTE Agent[12]
1,talk,42,2,11,VOTE Agent[09]
1,talk,43,2,5,VOTE Agent[01]
1,talk,44,2,1,VOTE Agent[11]
1,talk,45,3,8,VOTE Agent[12]
1,talk,46,3,13,Skip
1,talk,47,3,4,Skip
1,talk,48,3,14,Skip
1,talk,49,3,11,Skip
1,talk,50,3,6,Skip
1,talk,51,3,3,Skip
1,talk,52,3,9,Skip
1,talk,53,3,2,Skip
1,talk,54,3,1,Skip
1,talk,55,3,10,Skip
1,talk,56,3,5,Skip
1,talk,57,3,12,BECAUSE (XOR (ESTIMATE Agent[08] WEREWOLF) (ESTIMATE Agent[08] POSSESSED)) (VOTE Agent[08])
1,talk,58,3,7,Skip
1,talk,59,3,15,Over
1,talk,60,4,6,Skip
1,talk,61,4,15,Over
1,talk,62,4,7,Skip
1,talk,63,4,8,Skip
1,talk,64,4,14,Skip
1,talk,65,4,1,Skip
1,talk,66,4,5,Skip
1,talk,67,4,13,Skip
1,talk,68,4,2,Skip
1,talk,69,4,12,Skip
1,talk,70,4,10,Skip
1,talk,71,4,9,Skip
1,talk,72,4,4,Skip
1,talk,73,4,11,Skip
1,talk,74,4,3,Skip
1,talk,75,5,15,Over
1,talk,76,5,13,Over
1,talk,77,5,4,Over
1,talk,78,5,11,Over
1,talk,79,5,7,Over
1,talk,80,5,10,Over
1,talk,81,5,8,Skip
1,talk,82,5,1,Over
1,talk,83,5,6,Over
1,talk,84,5,14,Over
1,talk,85,5,12,Skip
1,talk,86,5,9,Over
1,talk,87,5,3,Over
1,talk,88,5,2,Over
1,talk,89,5,5,Over
1,talk,90,6,8,Over
1,talk,91,6,2,Over
1,talk,92,6,15,Over
1,talk,93,6,5,Over
1,talk,94,6,10,Over
1,talk,95,6,7,Over
1,talk,96,6,12,Over
1,talk,97,6,14,Over
1,talk,98,6,3,Over
1,talk,99,6,11,Over
1,talk,100,6,6,Over
1,talk,101,6,13,Over
1,talk,102,6,4,Over
1,talk,103,6,9,Over
1,talk,104,6,1,Over
1,vote,1,11
1,vote,2,13
1,vote,3,12
1,vote,4,14
1,vote,5,1
1,vote,6,10
1,vote,7,8
1,vote,8,12
1,vote,9,1
1,vote,10,8
1,vote,11,9
1,vote,12,8
1,vote,13,10
1,vote,14,2
1,vote,15,1
1,vote,1,11
1,vote,2,13
1,vote,3,12
1,vote,4,14
1,vote,5,1
1,vote,6,10
1,vote,7,8
1,vote,8,12
1,vote,9,1
1,vote,10,8
1,vote,11,9
1,vote,12,8
1,vote,13,10
1,vote,14,2
1,vote,15,5
1,execute,8,WEREWOLF
1,divine,1,7,HUMAN
1,whisper,0,0,15,Over
1,whisper,1,0,3,BECAUSE (Agent[12] COMINGOUT Agent[12] MEDIUM) (ATTACK Agent[12])
1,whisper,2,1,15,Over
1,whisper,3,1,3,Skip
1,whisper,4,2,3,Skip
1,whisper,5,2,15,Over
1,whisper,6,3,3,Over
1,whisper,7,3,15,Over
1,guard,13,12,MEDIUM
1,attackVote,15,5
1,attack,5,true
2,status,1,SEER,ALIVE,Sample9
2,status,2,VILLAGER,ALIVE,Sample12
2,status,3,WEREWOLF,ALIVE,Sample8
2,status,4,VILLAGER,ALIVE,Sample11
2,status,5,VILLAGER,DEAD,Sample7
2,status,6,VILLAGER,ALIVE,Sample10
2,status,7,VILLAGER,ALIVE,Sample6
2,status,8,WEREWOLF,DEAD,Sample5
2,status,9,VILLAGER,ALIVE,Sample4
2,status,10,VILLAGER,ALIVE,Sample3
2,status,11,POSSESSED,ALIVE,Sample14
2,status,12,MEDIUM,ALIVE,Sample2
2,status,13,BODYGUARD,ALIVE,Sample13
2,status,14,VILLAGER,ALIVE,Sample1
2,status,15,WEREWOLF,ALIVE,cash_dqn
2,talk,0,0,2,Skip
2,talk,1,0,7,Skip
2,talk,2,0,15,Over
2,talk,3,0,6,Skip
2,talk,4,0,10,Skip
2,talk,5,0,11,Skip
2,talk,6,0,1,COMINGOUT Agent[01] SEER
2,talk,7,0,13,Skip
2,talk,8,0,9,Skip
2,talk,9,0,14,Skip
2,talk,10,0,4,Skip
2,talk,11,0,3,ESTIMATE Agent[07] WEREWOLF
2,talk,12,0,12,DAY 2 (IDENTIFIED Agent[08] WEREWOLF)
2,talk,13,1,11,COMINGOUT Agent[11] SEER
2,talk,14,1,2,Skip
2,talk,15,1,15,Over
2,talk,16,1,13,Skip
2,talk,17,1,14,Skip
2,talk,18,1,1,AND (DAY 1 (DIVINED Agent[10] HUMAN)) (DAY 2 (DIVINED Agent[07] HUMAN))
2,talk,19,1,10,Skip
2,talk,20,1,7,Skip
2,talk,21,1,9,Skip
2,talk,22,1,3,Skip
2,talk,23,1,6,Skip
2,talk,24,1,12,Skip
2,talk,25,1,4,Skip
2,talk,26,2,10,VOTE Agent[11]
2,talk,27,2,7,VOTE Agent[03]
2,talk,28,2,6,VOTE Agent[15]
2,talk,29,2,4,VOTE Agent[07]
2,talk,30,2,1,BECAUSE (AND (COMINGOUT Agent[01] SEER) (Agent[11] COMINGOUT Agent[11] SEER)) (XOR (ESTIMATE Agent[11] WEREWOLF) (ESTIMATE Agent[11] POSSESSED))
2,talk,31,2,3,VOTE Agent[07]
2,talk,32,2,14,VOTE Agent[01]
2,talk,33,2,9,VOTE Agent[11]
2,talk,34,2,15,Over
2,talk,35,2,13,VOTE Agent[07]
2,talk,36,2,11,AND (DAY 1 (DIVINED Agent[09] HUMAN)) (DAY 2 (DIVINED Agent[01] WEREWOLF))
2,talk,37,2,2,VOTE Agent[07]
2,talk,38,2,12,VOTE Agent[13]
2,talk,39,3,6,Skip
2,talk,40,3,11,BECAUSE (DAY 2 (DIVINED Agent[01] WEREWOLF)) (REQUEST ANY (VOTE Agent[01]))
2,talk,41,3,9,Skip
2,talk,42,3,15,Over
2,talk,43,3,2,Skip
2,talk,44,3,4,Skip
2,talk,45,3,1,BECAUSE (XOR (ESTIMATE Agent[11] WEREWOLF) (ESTIMATE Agent[11] POSSESSED)) (VOTE Agent[11])
2,talk,46,3,13,Skip
2,talk,47,3,7,Skip
2,talk,48,3,12,Skip
2,talk,49,3,14,Skip
2,talk,50,3,10,Skip
2,talk,51,3,3,Skip
2,talk,52,4,13,Skip
2,talk,53,4,3,Skip
2,talk,54,4,7,Skip
2,talk,55,4,15,Over
2,talk,56,4,12,Skip
2,talk,57,4,11,INQUIRE ANY (VOTE Agent[01])
2,talk,58,4,14,Skip
2,talk,59,4,6,Skip
2,talk,60,4,4,Skip
2,talk,61,4,2,Skip
2,talk,62,4,9,Skip
2,talk,63,4,10,Skip
2,talk,64,4,1,Skip
2,talk,65,5,3,Over
2,talk,66,5,15,Over
2,talk,67,5,2,Over
2,talk,68,5,10,Over
2,talk,69,5,14,Over
2,talk,70,5,9,Over
2,talk,71,5,13,Over
2,talk,72,5,11,BECAUSE (DIVINED Agent[01] WEREWOLF) (VOTE Agent[01])
2,talk,73,5,4,Over
2,talk,74,5,7,Over
2,talk,75,5,1,Skip
2,talk,76,5,6,Over
2,talk,77,5,12,Over
2,talk,78,6,12,Over
2,talk,79,6,3,Over
2,talk,80,6,10,Over
2,talk,81,6,11,Skip
2,talk,82,6,6,Over
2,talk,83,6,9,Over
2,talk,84,6,14,Over
2,talk,85,6,15,Over
2,talk,86,6,1,Over
2,talk,87,6,4,Over
2,talk,88,6,13,Over
2,talk,89,6,2,Over
2,talk,90,6,7,Over
2,talk,91,7,12,Over
2,talk,92,7,14,Over
2,talk,93,7,3,Over
2,talk,94,7,11,Skip
2,talk,95,7,9,Over
2,talk,96,7,2,Over
2,talk,97,7,13,Over
2,talk,98,7,15,Over
2,talk,99,7,1,Over
2,talk,100,7,10,Over
2,talk,101,7,7,Over
2,talk,102,7,4,Over
2,talk,103,7,6,Over
2,talk,104,8,1,Over
2,talk,105,8,6,Over
2,talk,106,8,11,Over
2,talk,107,8,4,Over
2,talk,108,8,3,Over
2,talk,109,8,15,Over
2,talk,110,8,12,Over
2,talk,111,8,14,Over
2,talk,112,8,9,Over
2,talk,113,8,10,Over
2,talk,114,8,2,Over
2,talk,115,8,13,Over
2,talk,116,8,7,Over
2,vote,1,11
2,vote,2,7
2,vote,3,7
2,vote,4,7
2,vote,6,15
2,vote,7,3
2,vote,9,11
2,vote,10,11
2,vote,11,1
2,vote,12,13
2,vote,13,7
2,vote,14,1
2,vote,15,9
2,execute,7,VILLAGER
2,divine,1,11,HUMAN
2,whisper,0,0,3,BECAUSE (AND (NOT (COMINGOUT Agent[11] WEREWOLF)) (NOT (COMINGOUT Agent[01] WEREWOLF)) (DAY 2 (Agent[11] DIVINED Agent[01] WEREWOLF))) (ESTIMATE Agent[11] POSSESSED)
2,whisper,1,0,15,Over
2,whisper,2,1,3,BECAUSE (Agent[12] COMINGOUT Agent[12] MEDIUM) (ATTACK Agent[12])
2,whisper,3,1,15,Over
2,whisper,4,2,3,Skip
2,whisper,5,2,15,Over
2,whisper,6,3,15,Over
2,whisper,7,3,3,Skip
2,whisper,8,4,15,Over
2,whisper,9,4,3,Over
2,guard,13,1,SEER
2,attackVote,15,2
2,attack,2,true
3,status,1,SEER,ALIVE,Sample9
3,status,2,VILLAGER,DEAD,Sample12
3,status,3,WEREWOLF,ALIVE,Sample8
3,status,4,VILLAGER,ALIVE,Sample11
3,status,5,VILLAGER,DEAD,Sample7
3,status,6,VILLAGER,ALIVE,Sample10
3,status,7,VILLAGER,DEAD,Sample6
3,status,8,WEREWOLF,DEAD,Sample5
3,status,9,VILLAGER,ALIVE,Sample4
3,status,10,VILLAGER,ALIVE,Sample3
3,status,11,POSSESSED,ALIVE,Sample14
3,status,12,MEDIUM,ALIVE,Sample2
3,status,13,BODYGUARD,ALIVE,Sample13
3,status,14,VILLAGER,ALIVE,Sample1
3,status,15,WEREWOLF,ALIVE,cash_dqn
3,talk,0,0,3,ESTIMATE Agent[04] WEREWOLF
3,talk,1,0,12,DAY 3 (IDENTIFIED Agent[07] HUMAN)
3,talk,2,0,11,DAY 3 (DIVINED Agent[13] HUMAN)
3,talk,3,0,9,Skip
3,talk,4,0,6,Skip
3,talk,5,0,1,DAY 3 (DIVINED Agent[11] HUMAN)
3,talk,6,0,10,Skip
3,talk,7,0,15,Over
3,talk,8,0,13,Skip
3,talk,9,0,14,Skip
3,talk,10,0,4,Skip
3,talk,11,1,11,BECAUSE (DAY 2 (DIVINED Agent[01] WEREWOLF)) (REQUEST ANY (VOTE Agent[01]))
3,talk,12,1,1,BECAUSE (AND (AND (COMINGOUT Agent[01] SEER) (Agent[11] COMINGOUT Agent[11] SEER)) (DIVINED Agent[11] HUMAN)) (ESTIMATE Agent[11] POSSESSED)
3,talk,13,1,4,Skip
3,talk,14,1,12,Skip
3,talk,15,1,3,Skip
3,talk,16,1,6,Skip
3,talk,17,1,14,Skip
3,talk,18,1,10,Skip
3,talk,19,1,13,Skip
3,talk,20,1,15,Over
3,talk,21,1,9,Skip
3,talk,22,2,10,VOTE Agent[11]
3,talk,23,2,11,INQUIRE ANY (VOTE Agent[01])
3,talk,24,2,14,VOTE Agent[13]
3,talk,25,2,15,Over
3,talk,26,2,4,VOTE Agent[15]
3,talk,27,2,1,VOTE Agent[15]
3,talk,28,2,12,VOTE Agent[10]
3,talk,29,2,3,VOTE Agent[04]
3,talk,30,2,9,VOTE Agent[15]
3,talk,31,2,6,VOTE Agent[01]
3,talk,32,2,13,VOTE Agent[04]
3,talk,33,3,9,Skip
3,talk,34,3,6,Skip
3,talk,35,3,11,BECAUSE (DIVINED Agent[01] WEREWOLF) (VOTE Agent[01])
3,talk,36,3,15,Over
3,talk,37,3,3,Skip
3,talk,38,3,10,Skip
3,talk,39,3,4,Skip
3,talk,40,3,14,Skip
3,talk,41,3,13,Skip
3,talk,42,3,12,Skip
3,talk,43,3,1,Skip
3,talk,44,4,1,Skip
3,talk,45,4,14,Skip
3,talk,46,4,3,Skip
3,talk,47,4,15,Over
3,talk,48,4,10,Skip
3,talk,49,4,12,Skip
3,talk,50,4,4,Skip
3,talk,51,4,6,Skip
3,talk,52,4,13,Skip
3,talk,53,4,11,Skip
3,talk,54,4,9,Skip
3,talk,55,5,15,Over
3,talk,56,5,3,Over
3,talk,57,5,10,Over
3,talk,58,5,4,Over
3,talk,59,5,9,Over
3,talk,60,5,11,Skip
3,talk,61,5,12,Over
3,talk,62,5,1,Over
3,talk,63,5,14,Over
3,talk,64,5,6,Over
3,talk,65,5,13,Over
3,talk,66,6,4,Over
3,talk,67,6,6,Over
3,talk,68,6,3,Over
3,talk,69,6,14,Over
3,talk,70,6,15,Over
3,talk,71,6,1,Over
3,talk,72,6,11,Over
3,talk,73,6,10,Over
3,talk,74,6,13,Over
3,talk,75,6,9,Over
3,talk,76,6,12,Over
3,vote,1,15
3,vote,3,4
3,vote,4,15
3,vote,6,1
3,vote,9,15
3,vote,10,11
3,vote,11,1
3,vote,12,10
3,vote,13,4
3,vote,14,13
3,vote,15,9
3,execute,15,WEREWOLF
3,divine,1,4,HUMAN
3,guard,13,11,POSSESSED
3,attackVote,3,1
3,attack,1,true
4,status,1,SEER,DEAD,Sample9
4,status,2,VILLAGER,DEAD,Sample12
4,status,3,WEREWOLF,ALIVE,Sample8
4,status,4,VILLAGER,ALIVE,Sample11
4,status,5,VILLAGER,DEAD,Sample7
4,status,6,VILLAGER,ALIVE,Sample10
4,status,7,VILLAGER,DEAD,Sample6
4,status,8,WEREWOLF,DEAD,Sample5
4,status,9,VILLAGER,ALIVE,Sample4
4,status,10,VILLAGER,ALIVE,Sample3
4,status,11,POSSESSED,ALIVE,Sample14
4,status,12,MEDIUM,ALIVE,Sample2
4,status,13,BODYGUARD,ALIVE,Sample13
4,status,14,VILLAGER,ALIVE,Sample1
4,status,15,WEREWOLF,DEAD,cash_dqn
4,talk,0,0,12,DAY 4 (IDENTIFIED Agent[15] WEREWOLF)
4,talk,1,0,13,BECAUSE (AND (ANY ATTACKED Agent[01]) (DAY 2 (Agent[11] DIVINED Agent[01] WEREWOLF))) (XOR (ESTIMATE Agent[11] WEREWOLF) (ESTIMATE Agent[11] POSSESSED))
4,talk,2,0,11,DAY 4 (DIVINED Agent[14] HUMAN)
4,talk,3,0,4,BECAUSE (AND (ANY ATTACKED Agent[01]) (DAY 2 (Agent[11] DIVINED Agent[01] WEREWOLF))) (XOR (ESTIMATE Agent[11] WEREWOLF) (ESTIMATE Agent[11] POSSESSED))
4,talk,4,0,14,BECAUSE (AND (ANY ATTACKED Agent[01]) (DAY 2 (Agent[11] DIVINED Agent[01] WEREWOLF))) (XOR (ESTIMATE Agent[11] WEREWOLF) (ESTIMATE Agent[11] POSSESSED))
4,talk,5,0,10,BECAUSE (AND (ANY ATTACKED Agent[01]) (DAY 2 (Agent[11] DIVINED Agent[01] WEREWOLF))) (XOR (ESTIMATE Agent[11] WEREWOLF) (ESTIMATE Agent[11] POSSESSED))
4,talk,6,0,9,BECAUSE (AND (ANY ATTACKED Agent[01]) (DAY 2 (Agent[11] DIVINED Agent[01] WEREWOLF))) (XOR (ESTIMATE Agent[11] WEREWOLF) (ESTIMATE Agent[11] POSSESSED))
4,talk,7,0,6,BECAUSE (AND (ANY ATTACKED Agent[01]) (DAY 2 (Agent[11] DIVINED Agent[01] WEREWOLF))) (XOR (ESTIMATE Agent[11] WEREWOLF) (ESTIMATE Agent[11] POSSESSED))
4,talk,8,0,3,ESTIMATE Agent[09] WEREWOLF
4,talk,9,1,14,Skip
4,talk,10,1,3,Skip
4,talk,11,1,12,BECAUSE (AND (ANY ATTACKED Agent[01]) (DAY 2 (Agent[11] DIVINED Agent[01] WEREWOLF))) (XOR (ESTIMATE Agent[11] WEREWOLF) (ESTIMATE Agent[11] POSSESSED))
4,talk,12,1,6,Skip
4,talk,13,1,13,Skip
4,talk,14,1,11,Skip
4,talk,15,1,4,Skip
4,talk,16,1,9,Skip
4,talk,17,1,10,Skip
4,talk,18,2,12,BECAUSE (XOR (ESTIMATE Agent[11] WEREWOLF) (ESTIMATE Agent[11] POSSESSED)) (VOTE Agent[11])
4,talk,19,2,3,VOTE Agent[09]
4,talk,20,2,9,BECAUSE (XOR (ESTIMATE Agent[11] WEREWOLF) (ESTIMATE Agent[11] POSSESSED)) (VOTE Agent[11])
4,talk,21,2,4,BECAUSE (XOR (ESTIMATE Agent[11] WEREWOLF) (ESTIMATE Agent[11] POSSESSED)) (VOTE Agent[11])
4,talk,22,2,14,BECAUSE (XOR (ESTIMATE Agent[11] WEREWOLF) (ESTIMATE Agent[11] POSSESSED)) (VOTE Agent[11])
4,talk,23,2,13,BECAUSE (XOR (ESTIMATE Agent[11] WEREWOLF) (ESTIMATE Agent[11] POSSESSED)) (VOTE Agent[11])
4,talk,24,2,6,BECAUSE (XOR (ESTIMATE Agent[11] WEREWOLF) (ESTIMATE Agent[11] POSSESSED)) (VOTE Agent[11])
4,talk,25,2,11,VOTE Agent[03]
4,talk,26,2,10,BECAUSE (XOR (ESTIMATE Agent[11] WEREWOLF) (ESTIMATE Agent[11] POSSESSED)) (VOTE Agent[11])
4,talk,27,3,14,Skip
4,talk,28,3,10,Skip
4,talk,29,3,13,Skip
4,talk,30,3,3,Skip
4,talk,31,3,12,Skip
4,talk,32,3,9,Skip
4,talk,33,3,6,Skip
4,talk,34,3,11,Skip
4,talk,35,3,4,Skip
4,talk,36,4,13,Skip
4,talk,37,4,9,Skip
4,talk,38,4,14,Skip
4,talk,39,4,6,Skip
4,talk,40,4,4,Skip
4,talk,41,4,12,Skip
4,talk,42,4,11,Skip
4,talk,43,4,10,Skip
4,talk,44,4,3,Skip
4,talk,45,5,12,Over
4,talk,46,5,11,Over
4,talk,47,5,13,Over
4,talk,48,5,6,Over
4,talk,49,5,4,Over
4,talk,50,5,14,Over
4,talk,51,5,3,Over
4,talk,52,5,9,Over
4,talk,53,5,10,Over
4,vote,3,9
4,vote,4,11
4,vote,6,11
4,vote,9,11
4,vote,10,11
4,vote,11,3
4,vote,12,11
4,vote,13,11
4,vote,14,11
4,execute,11,POSSESSED
4,guard,13,12,MEDIUM
4,attackVote,3,12
4,attack,12,false
5,status,1,SEER,DEAD,Sample9
5,status,2,VILLAGER,DEAD,Sample12
5,status,3,WEREWOLF,ALIVE,Sample8
5,status,4,VILLAGER,ALIVE,Sample11
5,status,5,VILLAGER,DEAD,Sample7
5,status,6,VILLAGER,ALIVE,Sample10
5,status,7,VILLAGER,DEAD,Sample6
5,status,8,WEREWOLF,DEAD,Sample5
5,status,9,VILLAGER,ALIVE,Sample4
5,status,10,VILLAGER,ALIVE,Sample3
5,status,11,POSSESSED,DEAD,Sample14
5,status,12,MEDIUM,ALIVE,Sample2
5,status,13,BODYGUARD,ALIVE,Sample13
5,status,14,VILLAGER,ALIVE,Sample1
5,status,15,WEREWOLF,DEAD,cash_dqn
5,talk,0,0,9,Skip
5,talk,1,0,13,Skip
5,talk,2,0,3,ESTIMATE Agent[12] WEREWOLF
5,talk,3,0,4,Skip
5,talk,4,0,12,DAY 5 (IDENTIFIED Agent[11] HUMAN)
5,talk,5,0,14,Skip
5,talk,6,0,6,Skip
5,talk,7,0,10,Skip
5,talk,8,1,9,Skip
5,talk,9,1,3,Skip
5,talk,10,1,10,Skip
5,talk,11,1,6,Skip
5,talk,12,1,12,Skip
5,talk,13,1,14,Skip
5,talk,14,1,13,Skip
5,talk,15,1,4,Skip
5,talk,16,2,12,VOTE Agent[04]
5,talk,17,2,4,VOTE Agent[06]
5,talk,18,2,13,VOTE Agent[09]
5,talk,19,2,14,VOTE Agent[04]
5,talk,20,2,9,VOTE Agent[12]
5,talk,21,2,3,VOTE Agent[12]
5,talk,22,2,10,VOTE Agent[13]
5,talk,23,2,6,VOTE Agent[04]
5,talk,24,3,14,Skip
5,talk,25,3,9,Skip
5,talk,26,3,12,Skip
5,talk,27,3,3,Skip
5,talk,28,3,13,Skip
5,talk,29,3,4,Skip
5,talk,30,3,10,Skip
5,talk,31,3,6,Skip
5,talk,32,4,6,Skip
5,talk,33,4,9,Skip
5,talk,34,4,10,Skip
5,talk,35,4,14,Skip
5,talk,36,4,13,Skip
5,talk,37,4,12,Skip
5,talk,38,4,4,Skip
5,talk,39,4,3,Skip
5,talk,40,5,10,Over
5,talk,41,5,4,Over
5,talk,42,5,9,Over
5,talk,43,5,6,Over
5,talk,44,5,12,Over
5,talk,45,5,14,Over
5,talk,46,5,3,Over
5,talk,47,5,13,Over
5,vote,3,12
5,vote,4,6
5,vote,6,4
5,vote,9,12
5,vote,10,13
5,vote,12,4
5,vote,13,9
5,vote,14,4
5,execute,4,VILLAGER
5,guard,13,12,MEDIUM
5,attackVote,3,12
5,attack,12,false
6,status,1,SEER,DEAD,Sample9
6,status,2,VILLAGER,DEAD,Sample12
6,status,3,WEREWOLF,ALIVE,Sample8
6,status,4,VILLAGER,DEAD,Sample11
6,status,5,VILLAGER,DEAD,Sample7
6,status,6,VILLAGER,ALIVE,Sample10
6,status,7,VILLAGER,DEAD,Sample6
6,status,8,WEREWOLF,DEAD,Sample5
6,status,9,VILLAGER,ALIVE,Sample4
6,status,10,VILLAGER,ALIVE,Sample3
6,status,11,POSSESSED,DEAD,Sample14
6,status,12,MEDIUM,ALIVE,Sample2
6,status,13,BODYGUARD,ALIVE,Sample13
6,status,14,VILLAGER,ALIVE,Sample1
6,status,15,WEREWOLF,DEAD,cash_dqn
6,talk,0,0,12,DAY 6 (IDENTIFIED Agent[04] HUMAN)
6,talk,1,0,9,Skip
6,talk,2,0,6,Skip
6,talk,3,0,13,Skip
6,talk,4,0,14,Skip
6,talk,5,0,3,ESTIMATE Agent[12] WEREWOLF
6,talk,6,0,10,Skip
6,talk,7,1,13,Skip
6,talk,8,1,6,Skip
6,talk,9,1,12,Skip
6,talk,10,1,10,Skip
6,talk,11,1,14,Skip
6,talk,12,1,9,Skip
6,talk,13,1,3,Skip
6,talk,14,2,3,VOTE Agent[12]
6,talk,15,2,6,VOTE Agent[14]
6,talk,16,2,14,VOTE Agent[12]
6,talk,17,2,10,VOTE Agent[13]
6,talk,18,2,13,VOTE Agent[03]
6,talk,19,2,12,VOTE Agent[13]
6,talk,20,2,9,VOTE Agent[13]
6,talk,21,3,14,Skip
6,talk,22,3,13,Skip
6,talk,23,3,6,Skip
6,talk,24,3,12,Skip
6,talk,25,3,9,Skip
6,talk,26,3,3,Skip
6,talk,27,3,10,Skip
6,talk,28,4,6,Skip
6,talk,29,4,9,Skip
6,talk,30,4,3,Skip
6,talk,31,4,10,Skip
6,talk,32,4,12,Skip
6,talk,33,4,14,Skip
6,talk,34,4,13,Skip
6,talk,35,5,13,Over
6,talk,36,5,6,Over
6,talk,37,5,3,Over
6,talk,38,5,10,Over
6,talk,39,5,12,Over
6,talk,40,5,14,Over
6,talk,41,5,9,Over
6,vote,3,12
6,vote,6,14
6,vote,9,13
6,vote,10,13
6,vote,12,13
6,vote,13,3
6,vote,14,12
6,execute,13,BODYGUARD
6,attackVote,3,12
6,attack,12,true
7,status,1,SEER,DEAD,Sample9
7,status,2,VILLAGER,DEAD,Sample12
7,status,3,WEREWOLF,ALIVE,Sample8
7,status,4,VILLAGER,DEAD,Sample11
7,status,5,VILLAGER,DEAD,Sample7
7,status,6,VILLAGER,ALIVE,Sample10
7,status,7,VILLAGER,DEAD,Sample6
7,status,8,WEREWOLF,DEAD,Sample5
7,status,9,VILLAGER,ALIVE,Sample4
7,status,10,VILLAGER,ALIVE,Sample3
7,status,11,POSSESSED,DEAD,Sample14
7,status,12,MEDIUM,DEAD,Sample2
7,status,13,BODYGUARD,DEAD,Sample13
7,status,14,VILLAGER,ALIVE,Sample1
7,status,15,WEREWOLF,DEAD,cash_dqn
7,talk,0,0,3,ESTIMATE Agent[14] WEREWOLF
7,talk,1,0,9,Skip
7,talk,2,0,14,Skip
7,talk,3,0,10,Skip
7,talk,4,0,6,Skip
7,talk,5,1,14,Skip
7,talk,6,1,10,Skip
7,talk,7,1,3,Skip
7,talk,8,1,9,Skip
7,talk,9,1,6,Skip
7,talk,10,2,14,VOTE Agent[10]
7,talk,11,2,6,VOTE Agent[09]
7,talk,12,2,9,VOTE Agent[06]
7,talk,13,2,3,VOTE Agent[14]
7,talk,14,2,10,VOTE Agent[09]
7,talk,15,3,14,Skip
7,talk,16,3,3,Skip
7,talk,17,3,10,Skip
7,talk,18,3,9,Skip
7,talk,19,3,6,Skip
7,talk,20,4,3,Skip
7,talk,21,4,14,Skip
7,talk,22,4,6,Skip
7,talk,23,4,9,Skip
7,talk,24,4,10,Skip
7,talk,25,5,6,Over
7,talk,26,5,14,Over
7,talk,27,5,3,Over
7,talk,28,5,10,Over
7,talk,29,5,9,Over
7,vote,3,14
7,vote,6,9
7,vote,9,6
7,vote,10,9
7,vote,14,10
7,execute,9,VILLAGER
7,attackVote,3,14
7,attack,14,true
8,status,1,SEER,DEAD,Sample9
8,status,2,VILLAGER,DEAD,Sample12
8,status,3,WEREWOLF,ALIVE,Sample8
8,status,4,VILLAGER,DEAD,Sample11
8,status,5,VILLAGER,DEAD,Sample7
8,status,6,VILLAGER,ALIVE,Sample10
8,status,7,VILLAGER,DEAD,Sample6
8,status,8,WEREWOLF,DEAD,Sample5
8,status,9,VILLAGER,DEAD,Sample4
8,status,10,VILLAGER,ALIVE,Sample3
8,status,11,POSSESSED,DEAD,Sample14
8,status,12,MEDIUM,DEAD,Sample2
8,status,13,BODYGUARD,DEAD,Sample13
8,status,14,VILLAGER,DEAD,Sample1
8,status,15,WEREWOLF,DEAD,cash_dqn
8,talk,0,0,10,Skip
8,talk,1,0,3,ESTIMATE Agent[06] WEREWOLF
8,talk,2,0,6,Skip
8,talk,3,1,10,Skip
8,talk,4,1,6,Skip
8,talk,5,1,3,Skip
8,talk,6,2,6,VOTE Agent[03]
8,talk,7,2,10,VOTE Agent[06]
8,talk,8,2,3,VOTE Agent[06]
8,talk,9,3,3,Skip
8,talk,10,3,6,Skip
8,talk,11,3,10,Skip
8,talk,12,4,10,Skip
8,talk,13,4,6,Skip
8,talk,14,4,3,Skip
8,talk,15,5,10,Over
8,talk,16,5,3,Over
8,talk,17,5,6,Over
8,vote,3,6
8,vote,6,3
8,vote,10,6
8,execute,6,VILLAGER
8,attackVote,3,10
8,attack,10,true
9,status,1,SEER,DEAD,Sample9
9,status,2,VILLAGER,DEAD,Sample12
9,status,3,WEREWOLF,ALIVE,Sample8
9,status,4,VILLAGER,DEAD,Sample11
9,status,5,VILLAGER,DEAD,Sample7
9,status,6,VILLAGER,DEAD,Sample10
9,status,7,VILLAGER,DEAD,Sample6
9,status,8,WEREWOLF,DEAD,Sample5
9,status,9,VILLAGER,DEAD,Sample4
9,status,10,VILLAGER,DEAD,Sample3
9,status,11,POSSESSED,DEAD,Sample14
9,status,12,MEDIUM,DEAD,Sample2
9,status,13,BODYGUARD,DEAD,Sample13
9,status,14,VILLAGER,DEAD,Sample1
9,status,15,WEREWOLF,DEAD,cash_dqn
9,result,0,1,WEREWOLF
