0,status,1,VILLAGER,ALIVE,Sample9
0,status,2,VILLAGER,ALIVE,Sample12
0,status,3,POSSESSED,ALIVE,Sample8
0,status,4,BODYGUARD,ALIVE,Sample11
0,status,5,VILLAGER,ALIVE,Sample7
0,status,6,VILLAGER,ALIVE,Sample10
0,status,7,SEER,ALIVE,Sample6
0,status,8,VILLAGER,ALIVE,Sample5
0,status,9,VILLAGER,ALIVE,Sample4
0,status,10,WEREWOLF,ALIVE,Sample3
0,status,11,MEDIUM,ALIVE,Sample14
0,status,12,VILLAGER,ALIVE,Sample2
0,status,13,WEREWOLF,ALIVE,Sample13
0,status,14,VILLAGER,ALIVE,Sample1
0,status,15,WEREWOLF,ALIVE,cash_dqn
0,whisper,0,0,10,COMINGOUT Agent[10] VILLAGER
0,whisper,1,0,13,COMINGOUT Agent[13] SEER
0,whisper,2,0,15,Over
0,whisper,3,1,13,ATTACK Agent[01]
0,whisper,4,1,15,Over
0,whisper,5,1,10,ATTACK Agent[08]
0,whisper,6,2,15,Over
0,whisper,7,2,13,Skip
0,whisper,8,2,10,Skip
0,whisper,9,3,15,Over
0,whisper,10,3,10,Skip
0,whisper,11,3,13,Skip
0,whisper,12,4,10,Over
0,whisper,13,4,15,Over
0,whisper,14,4,13,Over
0,divine,7,3,HUMAN
1,status,1,VILLAGER,ALIVE,Sample9
1,status,2,VILLAGER,ALIVE,Sample12
1,status,3,POSSESSED,ALIVE,Sample8
1,status,4,BODYGUARD,ALIVE,Sample11
1,status,5,VILLAGER,ALIVE,Sample7
1,status,6,VILLAGER,ALIVE,Sample10
1,status,7,SEER,ALIVE,Sample6
1,status,8,VILLAGER,ALIVE,Sample5
1,status,9,VILLAGER,ALIVE,Sample4
1,status,10,WEREWOLF,ALIVE,Sample3
1,status,11,MEDIUM,ALIVE,Sample14
1,status,12,VILLAGER,ALIVE,Sample2
1,status,13,WEREWOLF,ALIVE,Sample13
1,status,14,VILLAGER,ALIVE,Sample1
1,status,15,WEREWOLF,ALIVE,cash_dqn
1,talk,0,0,12,Skip
1,talk,1,0,13,ESTIMATE Agent[11] WEREWOLF
1,talk,2,0,3,Skip
1,talk,3,0,10,ESTIMATE Agent[03] WEREWOLF
1,talk,4,0,4,Skip
1,talk,5,0,14,Skip
1,talk,6,0,15,Over
1,talk,7,0,6,Skip
1,talk,8,0,9,Skip
1,talk,9,0,7,Skip
1,talk,10,0,2,Skip
1,talk,11,0,1,Skip
1,talk,12,0,8,Skip
1,talk,13,0,5,Skip
1,talk,14,0,11,COMINGOUT Agent[11] MEDIUM
1,talk,15,1,10,Skip
1,talk,16,1,1,Skip
1,talk,17,1,13,Skip
1,talk,18,1,6,Skip
1,talk,19,1,12,Skip
1,talk,20,1,3,Skip
1,talk,21,1,9,Skip
1,talk,22,1,2,Skip
1,talk,23,1,15,Over
1,talk,24,1,11,Skip
1,talk,25,1,8,Skip
1,talk,26,1,5,Skip
1,talk,27,1,7,Skip
1,talk,28,1,14,Skip
1,talk,29,1,4,Skip
1,talk,30,2,7,VOTE Agent[14]
1,talk,31,2,14,VOTE Agent[03]
1,talk,32,2,12,VOTE Agent[08]
1,talk,33,2,1,VOTE Agent[06]
1,talk,34,2,9,VOTE Agent[11]
1,talk,35,2,4,VOTE Agent[03]
1,talk,36,2,3,VOTE Agent[14]
1,talk,37,2,6,VOTE Agent[04]
1,talk,38,2,10,VOTE Agent[03]
1,talk,39,2,15,Over
1,talk,40,2,13,VOTE Agent[11]
1,talk,41,2,2,VOTE Agent[08]
1,talk,42,2,8,VOTE Agent[14]
1,talk,43,2,5,VOTE Agent[08]
1,talk,44,2,11,VOTE Agent[07]
1,talk,45,3,13,Skip
1,talk,46,3,11,Skip
1,talk,47,3,3,Skip
1,talk,48,3,15,Over
1,talk,49,3,9,Skip
1,talk,50,3,5,Skip
1,talk,51,3,1,Skip
1,talk,52,3,4,Skip
1,talk,53,3,8,Skip
1,talk,54,3,10,Skip
1,talk,55,3,6,Skip
1,talk,56,3,7,Skip
1,talk,57,3,14,Skip
1,talk,58,3,2,Skip
1,talk,59,3,12,Skip
1,talk,60,4,2,Skip
1,talk,61,4,13,Skip
1,talk,62,4,7,Skip
1,talk,63,4,4,Skip
1,talk,64,4,9,Skip
1,talk,65,4,6,Skip
1,talk,66,4,3,Skip
1,talk,67,4,10,Skip
1,talk,68,4,15,Over
1,talk,69,4,5,Skip
1,talk,70,4,11,Skip
1,talk,71,4,14,Skip
1,talk,72,4,12,Skip
1,talk,73,4,1,Skip
1,talk,74,4,8,Skip
1,talk,75,5,6,Over
1,talk,76,5,9,Over
1,talk,77,5,2,Over
1,talk,78,5,7,Over
1,talk,79,5,1,Over
1,talk,80,5,3,Over
1,talk,81,5,8,Over
1,talk,82,5,15,Over
1,talk,83,5,12,Over
1,talk,84,5,5,Over
1,talk,85,5,14,Over
1,talk,86,5,10,Over
1,talk,87,5,13,Over
1,talk,88,5,11,Over
1,talk,89,5,4,Over
1,vote,1,6
1,vote,2,8
1,vote,3,14
1,vote,4,3
1,vote,5,8
1,vote,6,4
1,vote,7,14
1,vote,8,14
1,vote,9,11
1,vote,10,3
1,vote,11,7
1,vote,12,8
1,vote,13,11
1,vote,14,3
1,vote,15,2
1,vote,1,6
1,vote,2,8
1,vote,3,14
1,vote,4,3
1,vote,5,8
1,vote,6,4
1,vote,7,14
1,vote,8,14
1,vote,9,11
1,vote,10,3
1,vote,11,7
1,vote,12,8
1,vote,13,11
1,vote,14,3
1,vote,15,1
1,execute,8,VILLAGER
1,divine,7,6,HUMAN
1,whisper,0,0,10,BECAUSE (Agent[11] COMINGOUT Agent[11] MEDIUM) (ATTACK Agent[11])
1,whisper,1,0,13,BECAUSE (Agent[11] COMINGOUT Agent[11] MEDIUM) (ATTACK Agent[11])
1,whisper,2,0,15,Over
1,whisper,3,1,10,Skip
1,whisper,4,1,13,Skip
1,whisper,5,1,15,Over
1,whisper,6,2,15,Over
1,whisper,7,2,13,Skip
1,whisper,8,2,10,Skip
1,whisper,9,3,13,Over
1,whisper,10,3,10,Over
1,whisper,11,3,15,Over
1,guard,4,11,MEDIUM
1,attackVote,15,14
1,attack,14,true
2,status,1,VILLAGER,ALIVE,Sample9
2,status,2,VILLAGER,ALIVE,Sample12
2,status,3,POSSESSED,ALIVE,Sample8
2,status,4,BODYGUARD,ALIVE,Sample11
2,status,5,VILLAGER,ALIVE,Sample7
2,status,6,VILLAGER,ALIVE,Sample10
2,status,7,SEER,ALIVE,Sample6
2,status,8,VILLAGER,DEAD,Sample5
2,status,9,VILLAGER,ALIVE,Sample4
2,status,10,WEREWOLF,ALIVE,Sample3
2,status,11,MEDIUM,ALIVE,Sample14
2,status,12,VILLAGER,ALIVE,Sample2
2,status,13,WEREWOLF,ALIVE,Sample13
2,status,14,VILLAGER,DEAD,Sample1
2,status,15,WEREWOLF,ALIVE,cash_dqn
2,talk,0,0,13,ESTIMATE Agent[01] WEREWOLF
2,talk,1,0,11,DAY 2 (IDENTIFIED Agent[08] HUMAN)
2,talk,2,0,5,Skip
2,talk,3,0,7,Skip
2,talk,4,0,10,ESTIMATE Agent[01] WEREWOLF
2,talk,5,0,12,Skip
2,talk,6,0,1,Skip
2,talk,7,0,15,Over
2,talk,8,0,6,Skip
2,talk,9,0,4,Skip
2,talk,10,0,3,Skip
2,talk,11,0,9,Skip
2,talk,12,0,2,Skip
2,talk,13,1,12,Skip
2,talk,14,1,3,Skip
2,talk,15,1,1,Skip
2,talk,16,1,6,Skip
2,talk,17,1,9,Skip
2,talk,18,1,15,Over
2,talk,19,1,10,Skip
2,talk,20,1,7,Skip
2,talk,21,1,2,Skip
2,talk,22,1,13,Skip
2,talk,23,1,4,Skip
2,talk,24,1,5,Skip
2,talk,25,1,11,Skip
2,talk,26,2,11,VOTE Agent[01]
2,talk,27,2,5,VOTE Agent[01]
2,talk,28,2,13,VOTE Agent[01]
2,talk,29,2,4,VOTE Agent[01]
2,talk,30,2,2,VOTE Agent[11]
2,talk,31,2,12,VOTE Agent[05]
2,talk,32,2,6,VOTE Agent[15]
2,talk,33,2,1,VOTE Agent[10]
2,talk,34,2,3,VOTE Agent[02]
2,talk,35,2,10,VOTE Agent[01]
2,talk,36,2,15,Over
2,talk,37,2,7,VOTE Agent[01]
2,talk,38,2,9,VOTE Agent[01]
2,talk,39,3,2,Skip
2,talk,40,3,10,Skip
2,talk,41,3,12,Skip
2,talk,42,3,11,Skip
2,talk,43,3,9,Skip
2,talk,44,3,3,Skip
2,talk,45,3,13,Skip
2,talk,46,3,15,Over
2,talk,47,3,7,Skip
2,talk,48,3,6,Skip
2,talk,49,3,1,Skip
2,talk,50,3,5,Skip
2,talk,51,3,4,Skip
2,talk,52,4,3,Skip
2,talk,53,4,15,Over
2,talk,54,4,9,Skip
2,talk,55,4,5,Skip
2,talk,56,4,2,Skip
2,talk,57,4,13,Skip
2,talk,58,4,1,Skip
2,talk,59,4,7,Skip
2,talk,60,4,6,Skip
2,talk,61,4,10,Skip
2,talk,62,4,12,Skip
2,talk,63,4,11,Skip
2,talk,64,4,4,Skip
2,talk,65,5,9,Over
2,talk,66,5,7,Over
2,talk,67,5,15,Over
2,talk,68,5,6,Over
2,talk,69,5,13,Over
2,talk,70,5,4,Over
2,talk,71,5,2,Over
2,talk,72,5,5,Over
2,talk,73,5,3,Over
2,talk,74,5,1,Over
2,talk,75,5,12,Over
2,talk,76,5,11,Over
2,talk,77,5,10,Over
2,vote,1,10
2,vote,2,11
2,vote,3,2
2,vote,4,1
2,vote,5,1
2,vote,6,15
2,vote,7,1
2,vote,9,1
2,vote,10,1
2,vote,11,1
2,vote,12,5
2,vote,13,1
2,vote,15,6
2,execute,1,VILLAGER
2,divine,7,15,WEREWOLF
2,whisper,0,0,10,BECAUSE (Agent[11] COMINGOUT Agent[11] MEDIUM) (ATTACK Agent[11])
2,whisper,1,0,15,Over
2,whisper,2,0,13,BECAUSE (Agent[11] COMINGOUT Agent[11] MEDIUM) (ATTACK Agent[11])
2,whisper,3,1,15,Over
2,whisper,4,1,10,Skip
2,whisper,5,1,13,Skip
2,whisper,6,2,13,Skip
2,whisper,7,2,15,Over
2,whisper,8,2,10,Skip
2,whisper,9,3,13,Over
2,whisper,10,3,10,Over
2,whisper,11,3,15,Over
2,guard,4,11,MEDIUM
2,attackVote,15,11
2,attack,11,false
3,status,1,VILLAGER,DEAD,Sample9
3,status,2,VILLAGER,ALIVE,Sample12
3,status,3,POSSESSED,ALIVE,Sample8
3,status,4,BODYGUARD,ALIVE,Sample11
3,status,5,VILLAGER,ALIVE,Sample7
3,status,6,VILLAGER,ALIVE,Sample10
3,status,7,SEER,ALIVE,Sample6
3,status,8,VILLAGER,DEAD,Sample5
3,status,9,VILLAGER,ALIVE,Sample4
3,status,10,WEREWOLF,ALIVE,Sample3
3,status,11,MEDIUM,ALIVE,Sample14
3,status,12,VILLAGER,ALIVE,Sample2
3,status,13,WEREWOLF,ALIVE,Sample13
3,status,14,VILLAGER,DEAD,Sample1
3,status,15,WEREWOLF,ALIVE,cash_dqn
3,talk,0,0,3,Skip
3,talk,1,0,9,Skip
3,talk,2,0,7,COMINGOUT Agent[07] SEER
3,talk,3,0,13,COMINGOUT Agent[13] SEER
3,talk,4,0,5,Skip
3,talk,5,0,6,Skip
3,talk,6,0,4,Skip
3,talk,7,0,12,Skip
3,talk,8,0,15,Over
3,talk,9,0,2,Skip
3,talk,10,0,11,DAY 3 (IDENTIFIED Agent[01] HUMAN)
3,talk,11,0,10,ESTIMATE Agent[11] WEREWOLF
3,talk,12,1,11,Skip
3,talk,13,1,6,Skip
3,talk,14,1,4,Skip
3,talk,15,1,7,AND (DAY 1 (DIVINED Agent[03] HUMAN)) (DAY 2 (DIVINED Agent[06] HUMAN)) (DAY 3 (DIVINED Agent[15] WEREWOLF))
3,talk,16,1,9,Skip
3,talk,17,1,13,ESTIMATE Agent[11] WEREWOLF
3,talk,18,1,2,Skip
3,talk,19,1,5,Skip
3,talk,20,1,12,Skip
3,talk,21,1,15,Over
3,talk,22,1,10,Skip
3,talk,23,1,3,COMINGOUT Agent[03] SEER
3,talk,24,2,10,VOTE Agent[11]
3,talk,25,2,11,VOTE Agent[15]
3,talk,26,2,7,BECAUSE (DAY 3 (DIVINED Agent[15] WEREWOLF)) (REQUEST ANY (VOTE Agent[15]))
3,talk,27,2,9,VOTE Agent[07]
3,talk,28,2,6,VOTE Agent[13]
3,talk,29,2,2,VOTE Agent[03]
3,talk,30,2,5,VOTE Agent[09]
3,talk,31,2,13,DIVINED Agent[11] WEREWOLF
3,talk,32,2,3,AND (DAY 1 (DIVINED Agent[08] HUMAN)) (DAY 2 (DIVINED Agent[06] HUMAN)) (DAY 3 (DIVINED Agent[07] WEREWOLF))
3,talk,33,2,15,Over
3,talk,34,2,4,VOTE Agent[13]
3,talk,35,2,12,VOTE Agent[15]
3,talk,36,3,10,Skip
3,talk,37,3,9,Skip
3,talk,38,3,13,DIVINED Agent[01] WEREWOLF
3,talk,39,3,7,INQUIRE ANY (VOTE Agent[15])
3,talk,40,3,2,Skip
3,talk,41,3,6,Skip
3,talk,42,3,3,BECAUSE (DAY 3 (DIVINED Agent[07] WEREWOLF)) (REQUEST ANY (VOTE Agent[07]))
3,talk,43,3,4,Skip
3,talk,44,3,15,Over
3,talk,45,3,5,Skip
3,talk,46,3,12,Skip
3,talk,47,3,11,BECAUSE (AND (COMINGOUT Agent[11] MEDIUM) (DAY 3 (Agent[13] DIVINED Agent[11] WEREWOLF))) (XOR (ESTIMATE Agent[13] WEREWOLF) (ESTIMATE Agent[13] POSSESSED))
3,talk,48,4,2,Skip
3,talk,49,4,4,Skip
3,talk,50,4,13,DIVINED Agent[02] WEREWOLF
3,talk,51,4,5,Skip
3,talk,52,4,6,Skip
3,talk,53,4,9,Skip
3,talk,54,4,3,INQUIRE ANY (VOTE Agent[07])
3,talk,55,4,7,BECAUSE (DIVINED Agent[15] WEREWOLF) (VOTE Agent[15])
3,talk,56,4,11,BECAUSE (XOR (ESTIMATE Agent[13] WEREWOLF) (ESTIMATE Agent[13] POSSESSED)) (VOTE Agent[13])
3,talk,57,4,12,Skip
3,talk,58,4,15,Over
3,talk,59,4,10,Skip
3,talk,60,5,7,Skip
3,talk,61,5,11,Skip
3,talk,62,5,9,Over
3,talk,63,5,5,Over
3,talk,64,5,4,Over
3,talk,65,5,6,Over
3,talk,66,5,2,BECAUSE (AND (COMINGOUT Agent[02] VILLAGER) (DAY 3 (Agent[13] DIVINED Agent[02] WEREWOLF))) (XOR (ESTIMATE Agent[13] WEREWOLF) (ESTIMATE Agent[13] POSSESSED))
3,talk,67,5,3,BECAUSE (DIVINED Agent[07] WEREWOLF) (VOTE Agent[07])
3,talk,68,5,13,VOTE Agent[11]
3,talk,69,5,12,Over
3,talk,70,5,10,Over
3,talk,71,5,15,Over
3,talk,72,6,11,Skip
3,talk,73,6,10,Over
3,talk,74,6,12,Over
3,talk,75,6,2,BECAUSE (XOR (ESTIMATE Agent[13] WEREWOLF) (ESTIMATE Agent[13] POSSESSED)) (VOTE Agent[13])
3,talk,76,6,6,Over
3,talk,77,6,9,Over
3,talk,78,6,4,Over
3,talk,79,6,5,Over
3,talk,80,6,7,Skip
3,talk,81,6,15,Over
3,talk,82,6,3,Skip
3,talk,83,6,13,Skip
3,talk,84,7,7,Over
3,talk,85,7,3,Skip
3,talk,86,7,2,Skip
3,talk,87,7,6,Over
3,talk,88,7,9,Over
3,talk,89,7,13,Skip
3,talk,90,7,11,Over
3,talk,91,7,10,Over
3,talk,92,7,4,Over
3,talk,93,7,15,Over
3,talk,94,7,5,Over
3,talk,95,7,12,Over
3,talk,96,8,2,Skip
3,talk,97,8,5,Over
3,talk,98,8,10,Over
3,talk,99,8,3,Over
3,talk,100,8,9,Over
3,talk,101,8,7,Over
3,talk,102,8,6,Over
3,talk,103,8,13,Over
3,talk,104,8,11,Over
3,talk,105,8,4,Over
3,talk,106,8,12,Over
3,talk,107,8,15,Over
3,talk,108,9,2,Over
3,talk,109,9,10,Over
3,talk,110,9,12,Over
3,talk,111,9,11,Over
3,talk,112,9,7,Over
3,talk,113,9,9,Over
3,talk,114,9,4,Over
3,talk,115,9,13,Over
3,talk,116,9,5,Over
3,talk,117,9,15,Over
3,talk,118,9,3,Over
3,talk,119,9,6,Over
3,vote,2,13
3,vote,3,7
3,vote,4,13
3,vote,5,9
3,vote,6,13
3,vote,7,15
3,vote,9,7
3,vote,10,11
3,vote,11,13
3,vote,12,15
3,vote,13,11
3,vote,15,11
3,execute,13,WEREWOLF
3,divine,7,2,HUMAN
3,whisper,0,0,15,Over
3,whisper,1,0,10,BECAUSE (AND (NOT (COMINGOUT Agent[03] WEREWOLF)) (NOT (COMINGOUT Agent[07] WEREWOLF)) (DAY 3 (Agent[03] DIVINED Agent[07] WEREWOLF))) (ESTIMATE Agent[03] POSSESSED)
3,whisper,2,1,10,BECAUSE (Agent[07] COMINGOUT Agent[07] SEER) (ATTACK Agent[07])
3,whisper,3,1,15,Over
3,whisper,4,2,10,Skip
3,whisper,5,2,15,Over
3,whisper,6,3,10,Skip
3,whisper,7,3,15,Over
3,whisper,8,4,15,Over
3,whisper,9,4,10,Over
3,guard,4,11,MEDIUM
3,attackVote,15,2
3,attack,2,true
4,status,1,VILLAGER,DEAD,Sample9
4,status,2,VILLAGER,DEAD,Sample12
4,status,3,POSSESSED,ALIVE,Sample8
4,status,4,BODYGUARD,ALIVE,Sample11
4,status,5,VILLAGER,ALIVE,Sample7
4,status,6,VILLAGER,ALIVE,Sample10
4,status,7,SEER,ALIVE,Sample6
4,status,8,VILLAGER,DEAD,Sample5
4,status,9,VILLAGER,ALIVE,Sample4
4,status,10,WEREWOLF,ALIVE,Sample3
4,status,11,MEDIUM,ALIVE,Sample14
4,status,12,VILLAGER,ALIVE,Sample2
4,status,13,WEREWOLF,DEAD,Sample13
4,status,14,VILLAGER,DEAD,Sample1
4,status,15,WEREWOLF,ALIVE,cash_dqn
4,talk,0,0,12,Skip
4,talk,1,0,11,DAY 4 (IDENTIFIED Agent[13] WEREWOLF)
4,talk,2,0,7,DAY 4 (DIVINED Agent[02] HUMAN)
4,talk,3,0,9,Skip
4,talk,4,0,6,Skip
4,talk,5,0,4,Skip
4,talk,6,0,5,Skip
4,talk,7,0,10,ESTIMATE Agent[11] WEREWOLF
4,talk,8,0,15,Over
4,talk,9,0,3,DAY 4 (DIVINED Agent[15] HUMAN)
4,talk,10,1,6,Skip
4,talk,11,1,11,Skip
4,talk,12,1,3,BECAUSE (DAY 3 (DIVINED Agent[07] WEREWOLF)) (REQUEST ANY (VOTE Agent[07]))
4,talk,13,1,12,Skip
4,talk,14,1,7,BECAUSE (DAY 3 (DIVINED Agent[15] WEREWOLF)) (REQUEST ANY (VOTE Agent[15]))
4,talk,15,1,4,Skip
4,talk,16,1,9,Skip
4,talk,17,1,5,Skip
4,talk,18,1,15,Over
4,talk,19,1,10,Skip
4,talk,20,2,5,VOTE Agent[03]
4,talk,21,2,7,INQUIRE ANY (VOTE Agent[15])
4,talk,22,2,9,VOTE Agent[15]
4,talk,23,2,6,VOTE Agent[09]
4,talk,24,2,15,Over
4,talk,25,2,4,VOTE Agent[09]
4,talk,26,2,3,INQUIRE ANY (VOTE Agent[07])
4,talk,27,2,12,VOTE Agent[05]
4,talk,28,2,10,VOTE Agent[11]
4,talk,29,2,11,VOTE Agent[04]
4,talk,30,3,10,Skip
4,talk,31,3,12,Skip
4,talk,32,3,7,BECAUSE (DIVINED Agent[15] WEREWOLF) (VOTE Agent[15])
4,talk,33,3,11,Skip
4,talk,34,3,6,Skip
4,talk,35,3,5,Skip
4,talk,36,3,15,Over
4,talk,37,3,9,Skip
4,talk,38,3,4,Skip
4,talk,39,3,3,BECAUSE (DIVINED Agent[07] WEREWOLF) (VOTE Agent[07])
4,talk,40,4,3,Skip
4,talk,41,4,12,Skip
4,talk,42,4,7,Skip
4,talk,43,4,15,Over
4,talk,44,4,4,Skip
4,talk,45,4,6,Skip
4,talk,46,4,5,Skip
4,talk,47,4,11,Skip
4,talk,48,4,10,Skip
4,talk,49,4,9,Skip
4,talk,50,5,9,Over
4,talk,51,5,11,Over
4,talk,52,5,15,Over
4,talk,53,5,12,Over
4,talk,54,5,3,Skip
4,talk,55,5,10,Over
4,talk,56,5,5,Over
4,talk,57,5,7,Skip
4,talk,58,5,6,Over
4,talk,59,5,4,Over
4,talk,60,6,5,Over
4,talk,61,6,10,Over
4,talk,62,6,3,Over
4,talk,63,6,9,Over
4,talk,64,6,7,Over
4,talk,65,6,12,Over
4,talk,66,6,11,Over
4,talk,67,6,6,Over
4,talk,68,6,4,Over
4,talk,69,6,15,Over
4,vote,3,7
4,vote,4,9
4,vote,5,3
4,vote,6,9
4,vote,7,15
4,vote,9,15
4,vote,10,11
4,vote,11,4
4,vote,12,5
4,vote,15,6
4,vote,3,7
4,vote,4,9
4,vote,5,3
4,vote,6,9
4,vote,7,15
4,vote,9,15
4,vote,10,11
4,vote,11,4
4,vote,12,5
4,vote,15,4
4,execute,9,VILLAGER
4,divine,7,10,WEREWOLF
4,whisper,0,0,15,Over
4,whisper,1,0,10,BECAUSE (Agent[11] COMINGOUT Agent[11] MEDIUM) (ATTACK Agent[11])
4,whisper,2,1,15,Over
4,whisper,3,1,10,Skip
4,whisper,4,2,15,Over
4,whisper,5,2,10,Skip
4,whisper,6,3,15,Over
4,whisper,7,3,10,Over
4,guard,4,3,POSSESSED
4,attackVote,15,12
4,attack,12,true
5,status,1,VILLAGER,DEAD,Sample9
5,status,2,VILLAGER,DEAD,Sample12
5,status,3,POSSESSED,ALIVE,Sample8
5,status,4,BODYGUARD,ALIVE,Sample11
5,status,5,VILLAGER,ALIVE,Sample7
5,status,6,VILLAGER,ALIVE,Sample10
5,status,7,SEER,ALIVE,Sample6
5,status,8,VILLAGER,DEAD,Sample5
5,status,9,VILLAGER,DEAD,Sample4
5,status,10,WEREWOLF,ALIVE,Sample3
5,status,11,MEDIUM,ALIVE,Sample14
5,status,12,VILLAGER,DEAD,Sample2
5,status,13,WEREWOLF,DEAD,Sample13
5,status,14,VILLAGER,DEAD,Sample1
5,status,15,WEREWOLF,ALIVE,cash_dqn
5,talk,0,0,10,ESTIMATE Agent[07] WEREWOLF
5,talk,1,0,15,Over
5,talk,2,0,6,Skip
5,talk,3,0,11,DAY 5 (IDENTIFIED Agent[09] HUMAN)
5,talk,4,0,4,Skip
5,talk,5,0,5,Skip
5,talk,6,0,7,DAY 5 (DIVINED Agent[10] WEREWOLF)
5,talk,7,0,3,DAY 5 (DIVINED Agent[10] HUMAN)
5,talk,8,1,11,Skip
5,talk,9,1,3,BECAUSE (DAY 3 (DIVINED Agent[07] WEREWOLF)) (REQUEST ANY (VOTE Agent[07]))
5,talk,10,1,7,BECAUSE (DAY 3 (DIVINED Agent[15] WEREWOLF)) (REQUEST ANY (VOTE Agent[15]))
5,talk,11,1,10,Skip
5,talk,12,1,15,Over
5,talk,13,1,6,Skip
5,talk,14,1,5,Skip
5,talk,15,1,4,Skip
5,talk,16,2,10,VOTE Agent[07]
5,talk,17,2,11,VOTE Agent[03]
5,talk,18,2,15,Over
5,talk,19,2,7,INQUIRE ANY (VOTE Agent[15])
5,talk,20,2,4,VOTE Agent[10]
5,talk,21,2,6,VOTE Agent[10]
5,talk,22,2,3,INQUIRE ANY (VOTE Agent[07])
5,talk,23,2,5,VOTE Agent[10]
5,talk,24,3,6,Skip
5,talk,25,3,15,Over
5,talk,26,3,3,BECAUSE (DIVINED Agent[07] WEREWOLF) (VOTE Agent[07])
5,talk,27,3,10,Skip
5,talk,28,3,11,Skip
5,talk,29,3,5,Skip
5,talk,30,3,4,Skip
5,talk,31,3,7,BECAUSE (DIVINED Agent[15] WEREWOLF) (VOTE Agent[15])
5,talk,32,4,10,Skip
5,talk,33,4,7,Skip
5,talk,34,4,3,Skip
5,talk,35,4,6,Skip
5,talk,36,4,4,Skip
5,talk,37,4,11,Skip
5,talk,38,4,15,Over
5,talk,39,4,5,Skip
5,talk,40,5,15,Over
5,talk,41,5,6,Over
5,talk,42,5,7,Skip
5,talk,43,5,10,Over
5,talk,44,5,3,Skip
5,talk,45,5,5,Over
5,talk,46,5,11,Over
5,talk,47,5,4,Over
5,talk,48,6,11,Over
5,talk,49,6,6,Over
5,talk,50,6,5,Over
5,talk,51,6,3,Over
5,talk,52,6,15,Over
5,talk,53,6,10,Over
5,talk,54,6,4,Over
5,talk,55,6,7,Over
5,vote,3,7
5,vote,4,10
5,vote,5,10
5,vote,6,10
5,vote,7,15
5,vote,10,7
5,vote,11,3
5,vote,15,5
5,execute,10,WEREWOLF
5,divine,7,5,HUMAN
5,guard,4,3,POSSESSED
5,attackVote,15,5
5,attack,5,true
6,status,1,VILLAGER,DEAD,Sample9
6,status,2,VILLAGER,DEAD,Sample12
6,status,3,POSSESSED,ALIVE,Sample8
6,status,4,BODYGUARD,ALIVE,Sample11
6,status,5,VILLAGER,DEAD,Sample7
6,status,6,VILLAGER,ALIVE,Sample10
6,status,7,SEER,ALIVE,Sample6
6,status,8,VILLAGER,DEAD,Sample5
6,status,9,VILLAGER,DEAD,Sample4
6,status,10,WEREWOLF,DEAD,Sample3
6,status,11,MEDIUM,ALIVE,Sample14
6,status,12,VILLAGER,DEAD,Sample2
6,status,13,WEREWOLF,DEAD,Sample13
6,status,14,VILLAGER,DEAD,Sample1
6,status,15,WEREWOLF,ALIVE,cash_dqn
6,talk,0,0,11,DAY 6 (IDENTIFIED Agent[10] WEREWOLF)
6,talk,1,0,15,Over
6,talk,2,0,4,Skip
6,talk,3,0,6,Skip
6,talk,4,0,3,DAY 6 (DIVINED Agent[11] HUMAN)
6,talk,5,0,7,DAY 6 (DIVINED Agent[05] HUMAN)
6,talk,6,1,4,Skip
6,talk,7,1,15,Over
6,talk,8,1,3,BECAUSE (DAY 3 (DIVINED Agent[07] WEREWOLF)) (REQUEST ANY (VOTE Agent[07]))
6,talk,9,1,7,BECAUSE (DAY 3 (DIVINED Agent[15] WEREWOLF)) (REQUEST ANY (VOTE Agent[15]))
6,talk,10,1,6,Skip
6,talk,11,1,11,BECAUSE (AND (DAY 6 (IDENTIFIED Agent[10] WEREWOLF)) (DAY 5 (Agent[03] DIVINED Agent[10] HUMAN))) (XOR (ESTIMATE Agent[03] WEREWOLF) (ESTIMATE Agent[03] POSSESSED))
6,talk,12,2,15,Over
6,talk,13,2,3,INQUIRE ANY (VOTE Agent[07])
6,talk,14,2,6,VOTE Agent[15]
6,talk,15,2,4,VOTE Agent[07]
6,talk,16,2,7,INQUIRE ANY (VOTE Agent[15])
6,talk,17,2,11,BECAUSE (XOR (ESTIMATE Agent[03] WEREWOLF) (ESTIMATE Agent[03] POSSESSED)) (VOTE Agent[03])
6,talk,18,3,3,BECAUSE (DIVINED Agent[07] WEREWOLF) (VOTE Agent[07])
6,talk,19,3,7,BECAUSE (DIVINED Agent[15] WEREWOLF) (VOTE Agent[15])
6,talk,20,3,6,Skip
6,talk,21,3,11,Skip
6,talk,22,3,4,Skip
6,talk,23,3,15,Over
6,talk,24,4,7,Skip
6,talk,25,4,6,Skip
6,talk,26,4,11,Skip
6,talk,27,4,15,Over
6,talk,28,4,3,Skip
6,talk,29,4,4,Skip
6,talk,30,5,11,Over
6,talk,31,5,6,Over
6,talk,32,5,7,Skip
6,talk,33,5,15,Over
6,talk,34,5,4,Over
6,talk,35,5,3,Skip
6,talk,36,6,3,Over
6,talk,37,6,4,Over
6,talk,38,6,15,Over
6,talk,39,6,7,Over
6,talk,40,6,11,Over
6,talk,41,6,6,Over
6,vote,3,7
6,vote,4,7
6,vote,6,15
6,vote,7,15
6,vote,11,3
6,vote,15,7
6,execute,7,SEER
6,guard,4,3,POSSESSED
6,attackVote,15,6
6,attack,6,true
7,status,1,VILLAGER,DEAD,Sample9
7,status,2,VILLAGER,DEAD,Sample12
7,status,3,POSSESSED,ALIVE,Sample8
7,status,4,BODYGUARD,ALIVE,Sample11
7,status,5,VILLAGER,DEAD,Sample7
7,status,6,VILLAGER,DEAD,Sample10
7,status,7,SEER,DEAD,Sample6
7,status,8,VILLAGER,DEAD,Sample5
7,status,9,VILLAGER,DEAD,Sample4
7,status,10,WEREWOLF,DEAD,Sample3
7,status,11,MEDIUM,ALIVE,Sample14
7,status,12,VILLAGER,DEAD,Sample2
7,status,13,WEREWOLF,DEAD,Sample13
7,status,14,VILLAGER,DEAD,Sample1
7,status,15,WEREWOLF,ALIVE,cash_dqn
7,talk,0,0,3,DAY 7 (DIVINED Agent[04] HUMAN)
7,talk,1,0,11,DAY 7 (IDENTIFIED Agent[07] HUMAN)
7,talk,2,0,15,Over
7,talk,3,0,4,Skip
7,talk,4,1,4,Skip
7,talk,5,1,11,BECAUSE (AND (DAY 7 (IDENTIFIED Agent[07] HUMAN)) (DAY 3 (Agent[03] DIVINED Agent[07] WEREWOLF))) (XOR (ESTIMATE Agent[03] WEREWOLF) (ESTIMATE Agent[03] POSSESSED))
7,talk,6,1,15,Over
7,talk,7,1,3,BECAUSE (AND (DAY 5 (DIVINED Agent[10] HUMAN)) (DAY 6 (Agent[11] IDENTIFIED Agent[10] WEREWOLF))) (XOR (ESTIMATE Agent[11] WEREWOLF) (ESTIMATE Agent[11] POSSESSED))
7,talk,8,2,4,VOTE Agent[15]
7,talk,9,2,11,BECAUSE (XOR (ESTIMATE Agent[03] WEREWOLF) (ESTIMATE Agent[03] POSSESSED)) (VOTE Agent[03])
7,talk,10,2,3,BECAUSE (XOR (ESTIMATE Agent[11] WEREWOLF) (ESTIMATE Agent[11] POSSESSED)) (VOTE Agent[11])
7,talk,11,2,15,Over
7,talk,12,3,4,Skip
7,talk,13,3,3,Skip
7,talk,14,3,11,Skip
7,talk,15,3,15,Over
7,talk,16,4,4,Skip
7,talk,17,4,3,Skip
7,talk,18,4,11,Skip
7,talk,19,4,15,Over
7,talk,20,5,4,Over
7,talk,21,5,3,Over
7,talk,22,5,15,Over
7,talk,23,5,11,Over
7,vote,3,11
7,vote,4,15
7,vote,11,3
7,vote,15,4
7,vote,3,11
7,vote,4,15
7,vote,11,3
7,vote,15,11
7,execute,11,MEDIUM
7,guard,4,3,POSSESSED
7,attackVote,15,3
7,attack,3,false
8,status,1,VILLAGER,DEAD,Sample9
8,status,2,VILLAGER,DEAD,Sample12
8,status,3,POSSESSED,ALIVE,Sample8
8,status,4,BODYGUARD,ALIVE,Sample11
8,status,5,VILLAGER,DEAD,Sample7
8,status,6,VILLAGER,DEAD,Sample10
8,status,7,SEER,DEAD,Sample6
8,status,8,VILLAGER,DEAD,Sample5
8,status,9,VILLAGER,DEAD,Sample4
8,status,10,WEREWOLF,DEAD,Sample3
8,status,11,MEDIUM,DEAD,Sample14
8,status,12,VILLAGER,DEAD,Sample2
8,status,13,WEREWOLF,DEAD,Sample13
8,status,14,VILLAGER,DEAD,Sample1
8,status,15,WEREWOLF,ALIVE,cash_dqn
8,talk,0,0,4,Skip
8,talk,1,0,15,Over
8,talk,2,0,3,DAY 8 (DIVINED Agent[03] HUMAN)
8,talk,3,1,15,Over
8,talk,4,1,4,Skip
8,talk,5,1,3,Skip
8,talk,6,2,4,VOTE Agent[15]
8,talk,7,2,15,Over
8,talk,8,2,3,VOTE Agent[01]
8,talk,9,3,4,Skip
8,talk,10,3,15,Over
8,talk,11,3,3,Skip
8,talk,12,4,3,Skip
8,talk,13,4,4,Skip
8,talk,14,4,15,Over
8,talk,15,5,15,Over
8,talk,16,5,3,Over
8,talk,17,5,4,Over
8,vote,3,15
8,vote,4,15
8,vote,15,4
8,execute,15,WEREWOLF
8,guard,4,3,POSSESSED
9,status,1,VILLAGER,DEAD,Sample9
9,status,2,VILLAGER,DEAD,Sample12
9,status,3,POSSESSED,ALIVE,Sample8
9,status,4,BODYGUARD,ALIVE,Sample11
9,status,5,VILLAGER,DEAD,Sample7
9,status,6,VILLAGER,DEAD,Sample10
9,status,7,SEER,DEAD,Sample6
9,status,8,VILLAGER,DEAD,Sample5
9,status,9,VILLAGER,DEAD,Sample4
9,status,10,WEREWOLF,DEAD,Sample3
9,status,11,MEDIUM,DEAD,Sample14
9,status,12,VILLAGER,DEAD,Sample2
9,status,13,WEREWOLF,DEAD,Sample13
9,status,14,VILLAGER,DEAD,Sample1
9,status,15,WEREWOLF,DEAD,cash_dqn
9,result,2,0,VILLAGER
