0,status,1,VILLAGER,ALIVE,Sample9
0,status,2,VILLAGER,ALIVE,Sample12
0,status,3,WEREWOLF,ALIVE,Sample8
0,status,4,WEREWOLF,ALIVE,Sample11
0,status,5,VILLAGER,ALIVE,Sample7
0,status,6,SEER,ALIVE,Sample10
0,status,7,VILLAGER,ALIVE,Sample6
0,status,8,MEDIUM,ALIVE,Sample5
0,status,9,WEREWOLF,ALIVE,Sample4
0,status,10,VILLAGER,ALIVE,Sample3
0,status,11,POSSESSED,ALIVE,Sample14
0,status,12,VILLAGER,ALIVE,Sample2
0,status,13,BODYGUARD,ALIVE,Sample13
0,status,14,VILLAGER,ALIVE,Sample1
0,status,15,VILLAGER,ALIVE,cash_dqn
0,whisper,0,0,9,COMINGOUT Agent[09] SEER
0,whisper,1,0,3,COMINGOUT Agent[03] MEDIUM
0,whisper,2,0,4,COMINGOUT Agent[04] MEDIUM
0,whisper,3,1,3,ATTACK Agent[07]
0,whisper,4,1,9,ATTACK Agent[13]
0,whisper,5,1,4,ATTACK Agent[08]
0,whisper,6,2,4,Skip
0,whisper,7,2,9,Skip
0,whisper,8,2,3,Skip
0,whisper,9,3,4,Skip
0,whisper,10,3,3,Skip
0,whisper,11,3,9,Skip
0,whisper,12,4,4,Over
0,whisper,13,4,3,Over
0,whisper,14,4,9,Over
0,divine,6,3,WEREWOLF
1,status,1,VILLAGER,ALIVE,Sample9
1,status,2,VILLAGER,ALIVE,Sample12
1,status,3,WEREWOLF,ALIVE,Sample8
1,status,4,WEREWOLF,ALIVE,Sample11
1,status,5,VILLAGER,ALIVE,Sample7
1,status,6,SEER,ALIVE,Sample10
1,status,7,VILLAGER,ALIVE,Sample6
1,status,8,MEDIUM,ALIVE,Sample5
1,status,9,WEREWOLF,ALIVE,Sample4
1,status,10,VILLAGER,ALIVE,Sample3
1,status,11,POSSESSED,ALIVE,Sample14
1,status,12,VILLAGER,ALIVE,Sample2
1,status,13,BODYGUARD,ALIVE,Sample13
1,status,14,VILLAGER,ALIVE,Sample1
1,status,15,VILLAGER,ALIVE,cash_dqn
1,talk,0,0,3,ESTIMATE Agent[07] WEREWOLF
1,talk,1,0,1,Skip
1,talk,2,0,2,Skip
1,talk,3,0,10,Skip
1,talk,4,0,14,Skip
1,talk,5,0,13,Skip
1,talk,6,0,6,COMINGOUT Agent[06] SEER
1,talk,7,0,7,Skip
1,talk,8,0,11,Skip
1,talk,9,0,8,Skip
1,talk,10,0,12,Skip
1,talk,11,0,15,Skip
1,talk,12,0,5,Skip
1,talk,13,0,4,ESTIMATE Agent[05] WEREWOLF
1,talk,14,0,9,ESTIMATE Agent[08] WEREWOLF
1,talk,15,1,11,COMINGOUT Agent[11] SEER
1,talk,16,1,13,Skip
1,talk,17,1,12,Skip
1,talk,18,1,15,VOTE Agent[10]
1,talk,19,1,7,Skip
1,talk,20,1,6,DAY 1 (DIVINED Agent[03] WEREWOLF)
1,talk,21,1,9,COMINGOUT Agent[09] SEER
1,talk,22,1,4,Skip
1,talk,23,1,14,Skip
1,talk,24,1,5,Skip
1,talk,25,1,1,Skip
1,talk,26,1,10,Skip
1,talk,27,1,3,Skip
1,talk,28,1,2,Skip
1,talk,29,1,8,Skip
1,talk,30,2,14,VOTE Agent[11]
1,talk,31,2,3,VOTE Agent[07]
1,talk,32,2,4,VOTE Agent[05]
1,talk,33,2,13,VOTE Agent[01]
1,talk,34,2,10,VOTE Agent[06]
1,talk,35,2,5,VOTE Agent[06]
1,talk,36,2,7,VOTE Agent[04]
1,talk,37,2,11,DAY 1 (DIVINED Agent[06] WEREWOLF)
1,talk,38,2,15,Skip
1,talk,39,2,8,VOTE Agent[05]
1,talk,40,2,12,VOTE Agent[05]
1,talk,41,2,1,VOTE Agent[05]
1,talk,42,2,2,VOTE Agent[07]
1,talk,43,2,6,BECAUSE (DAY 1 (DIVINED Agent[03] WEREWOLF)) (REQUEST ANY (VOTE Agent[03]))
1,talk,44,2,9,ESTIMATE Agent[06] WEREWOLF
1,talk,45,3,12,Skip
1,talk,46,3,14,Skip
1,talk,47,3,2,Skip
1,talk,48,3,5,Skip
1,talk,49,3,15,Skip
1,talk,50,3,1,Skip
1,talk,51,3,8,Skip
1,talk,52,3,7,Skip
1,talk,53,3,6,INQUIRE ANY (VOTE Agent[03])
1,talk,54,3,4,Skip
1,talk,55,3,11,BECAUSE (DAY 1 (DIVINED Agent[06] WEREWOLF)) (REQUEST ANY (VOTE Agent[06]))
1,talk,56,3,10,Skip
1,talk,57,3,13,Skip
1,talk,58,3,3,Skip
1,talk,59,3,9,DIVINED Agent[01] HUMAN
1,talk,60,4,12,Skip
1,talk,61,4,2,Skip
1,talk,62,4,8,Skip
1,talk,63,4,1,Skip
1,talk,64,4,3,Skip
1,talk,65,4,13,Skip
1,talk,66,4,4,Skip
1,talk,67,4,6,BECAUSE (DIVINED Agent[03] WEREWOLF) (VOTE Agent[03])
1,talk,68,4,11,INQUIRE ANY (VOTE Agent[06])
1,talk,69,4,14,Skip
1,talk,70,4,7,Skip
1,talk,71,4,9,VOTE Agent[06]
1,talk,72,4,15,Over
1,talk,73,4,10,Skip
1,talk,74,4,5,Skip
1,talk,75,5,5,Over
1,talk,76,5,6,Skip
1,talk,77,5,9,Skip
1,talk,78,5,3,Over
1,talk,79,5,7,Over
1,talk,80,5,12,Over
1,talk,81,5,15,Over
1,talk,82,5,13,Over
1,talk,83,5,11,BECAUSE (DIVINED Agent[06] WEREWOLF) (VOTE Agent[06])
1,talk,84,5,4,Over
1,talk,85,5,2,Over
1,talk,86,5,8,Over
1,talk,87,5,1,Over
1,talk,88,5,14,Over
1,talk,89,5,10,Over
1,talk,90,6,4,Over
1,talk,91,6,14,Over
1,talk,92,6,3,Over
1,talk,93,6,6,Skip
1,talk,94,6,15,Over
1,talk,95,6,11,Skip
1,talk,96,6,9,Skip
1,talk,97,6,8,Over
1,talk,98,6,12,Over
1,talk,99,6,1,Over
1,talk,100,6,13,Over
1,talk,101,6,2,Over
1,talk,102,6,5,Over
1,talk,103,6,10,Over
1,talk,104,6,7,Over
1,talk,105,7,9,Over
1,talk,106,7,6,Over
1,talk,107,7,7,Over
1,talk,108,7,13,Over
1,talk,109,7,10,Over
1,talk,110,7,12,Over
1,talk,111,7,2,Over
1,talk,112,7,11,Skip
1,talk,113,7,4,Over
1,talk,114,7,14,Over
1,talk,115,7,15,Over
1,talk,116,7,5,Over
1,talk,117,7,3,Over
1,talk,118,7,8,Over
1,talk,119,7,1,Over
1,talk,120,8,1,Over
1,talk,121,8,9,Over
1,talk,122,8,10,Over
1,talk,123,8,2,Over
1,talk,124,8,11,Over
1,talk,125,8,7,Over
1,talk,126,8,3,Over
1,talk,127,8,14,Over
1,talk,128,8,13,Over
1,talk,129,8,6,Over
1,talk,130,8,8,Over
1,talk,131,8,5,Over
1,talk,132,8,12,Over
1,talk,133,8,4,Over
1,talk,134,8,15,Over
1,vote,1,5
1,vote,2,7
1,vote,3,7
1,vote,4,5
1,vote,5,6
1,vote,6,3
1,vote,7,4
1,vote,8,5
1,vote,9,6
1,vote,10,6
1,vote,11,6
1,vote,12,5
1,vote,13,1
1,vote,14,11
1,vote,15,5
1,execute,5,VILLAGER
1,divine,6,12,HUMAN
1,whisper,0,0,9,BECAUSE (AND (NOT (COMINGOUT Agent[11] WEREWOLF)) (NOT (COMINGOUT Agent[06] WEREWOLF)) (DAY 1 (Agent[11] DIVINED Agent[06] WEREWOLF))) (ESTIMATE Agent[11] POSSESSED)
1,whisper,1,0,3,BECAUSE (AND (NOT (COMINGOUT Agent[11] WEREWOLF)) (NOT (COMINGOUT Agent[06] WEREWOLF)) (DAY 1 (Agent[11] DIVINED Agent[06] WEREWOLF))) (ESTIMATE Agent[11] POSSESSED)
1,whisper,2,0,4,BECAUSE (AND (NOT (COMINGOUT Agent[11] WEREWOLF)) (NOT (COMINGOUT Agent[06] WEREWOLF)) (DAY 1 (Agent[11] DIVINED Agent[06] WEREWOLF))) (ESTIMATE Agent[11] POSSESSED)
1,whisper,3,1,3,BECAUSE (Agent[06] COMINGOUT Agent[06] SEER) (ATTACK Agent[06])
1,whisper,4,1,4,BECAUSE (Agent[06] COMINGOUT Agent[06] SEER) (ATTACK Agent[06])
1,whisper,5,1,9,BECAUSE (Agent[06] COMINGOUT Agent[06] SEER) (ATTACK Agent[06])
1,whisper,6,2,3,Skip
1,whisper,7,2,4,Skip
1,whisper,8,2,9,Skip
1,whisper,9,3,4,Skip
1,whisper,10,3,9,Skip
1,whisper,11,3,3,Skip
1,whisper,12,4,4,Over
1,whisper,13,4,9,Over
1,whisper,14,4,3,Over
1,guard,13,6,SEER
1,attack,6,false
2,status,1,VILLAGER,ALIVE,Sample9
2,status,2,VILLAGER,ALIVE,Sample12
2,status,3,WEREWOLF,ALIVE,Sample8
2,status,4,WEREWOLF,ALIVE,Sample11
2,status,5,VILLAGER,DEAD,Sample7
2,status,6,SEER,ALIVE,Sample10
2,status,7,VILLAGER,ALIVE,Sample6
2,status,8,MEDIUM,ALIVE,Sample5
2,status,9,WEREWOLF,ALIVE,Sample4
2,status,10,VILLAGER,ALIVE,Sample3
2,status,11,POSSESSED,ALIVE,Sample14
2,status,12,VILLAGER,ALIVE,Sample2
2,status,13,BODYGUARD,ALIVE,Sample13
2,status,14,VILLAGER,ALIVE,Sample1
2,status,15,VILLAGER,ALIVE,cash_dqn
2,talk,0,0,2,Skip
2,talk,1,0,9,DIVINED Agent[15] HUMAN
2,talk,2,0,4,ESTIMATE Agent[08] WEREWOLF
2,talk,3,0,12,Skip
2,talk,4,0,11,DAY 2 (DIVINED Agent[04] HUMAN)
2,talk,5,0,10,Skip
2,talk,6,0,6,DAY 2 (DIVINED Agent[12] HUMAN)
2,talk,7,0,3,ESTIMATE Agent[10] WEREWOLF
2,talk,8,0,15,Skip
2,talk,9,0,7,Skip
2,talk,10,0,8,Skip
2,talk,11,0,14,Skip
2,talk,12,0,13,Skip
2,talk,13,0,1,Skip
2,talk,14,1,6,BECAUSE (DAY 1 (DIVINED Agent[03] WEREWOLF)) (REQUEST ANY (VOTE Agent[03]))
2,talk,15,1,9,ESTIMATE Agent[06] WEREWOLF
2,talk,16,1,10,Skip
2,talk,17,1,7,Skip
2,talk,18,1,12,Skip
2,talk,19,1,13,Skip
2,talk,20,1,15,VOTE Agent[08]
2,talk,21,1,4,Skip
2,talk,22,1,8,Skip
2,talk,23,1,1,Skip
2,talk,24,1,14,Skip
2,talk,25,1,2,Skip
2,talk,26,1,11,BECAUSE (DAY 1 (DIVINED Agent[06] WEREWOLF)) (REQUEST ANY (VOTE Agent[06]))
2,talk,27,1,3,Skip
2,talk,28,2,13,VOTE Agent[14]
2,talk,29,2,10,VOTE Agent[13]
2,talk,30,2,8,VOTE Agent[12]
2,talk,31,2,15,Skip
2,talk,32,2,11,INQUIRE ANY (VOTE Agent[06])
2,talk,33,2,14,VOTE Agent[02]
2,talk,34,2,1,VOTE Agent[03]
2,talk,35,2,3,VOTE Agent[10]
2,talk,36,2,9,VOTE Agent[06]
2,talk,37,2,7,VOTE Agent[11]
2,talk,38,2,4,VOTE Agent[08]
2,talk,39,2,2,VOTE Agent[07]
2,talk,40,2,6,INQUIRE ANY (VOTE Agent[03])
2,talk,41,2,12,VOTE Agent[06]
2,talk,42,3,13,Skip
2,talk,43,3,1,Skip
2,talk,44,3,8,Skip
2,talk,45,3,15,Skip
2,talk,46,3,3,Skip
2,talk,47,3,9,Skip
2,talk,48,3,2,Skip
2,talk,49,3,4,Skip
2,talk,50,3,7,Skip
2,talk,51,3,12,Skip
2,talk,52,3,6,BECAUSE (DIVINED Agent[03] WEREWOLF) (VOTE Agent[03])
2,talk,53,3,11,BECAUSE (DIVINED Agent[06] WEREWOLF) (VOTE Agent[06])
2,talk,54,3,10,Skip
2,talk,55,3,14,Skip
2,talk,56,4,6,Skip
2,talk,57,4,10,Skip
2,talk,58,4,12,Skip
2,talk,59,4,9,Skip
2,talk,60,4,11,Skip
2,talk,61,4,3,Skip
2,talk,62,4,8,Skip
2,talk,63,4,1,Skip
2,talk,64,4,2,Skip
2,talk,65,4,15,Over
2,talk,66,4,7,Skip
2,talk,67,4,4,Skip
2,talk,68,4,14,Skip
2,talk,69,4,13,Skip
2,talk,70,5,6,Skip
2,talk,71,5,7,Over
2,talk,72,5,12,Over
2,talk,73,5,15,Over
2,talk,74,5,8,Over
2,talk,75,5,1,Over
2,talk,76,5,11,Skip
2,talk,77,5,4,Over
2,talk,78,5,13,Over
2,talk,79,5,9,Over
2,talk,80,5,10,Over
2,talk,81,5,14,Over
2,talk,82,5,2,Over
2,talk,83,5,3,Over
2,talk,84,6,7,Over
2,talk,85,6,6,Over
2,talk,86,6,8,Over
2,talk,87,6,3,Over
2,talk,88,6,2,Over
2,talk,89,6,15,Over
2,talk,90,6,11,Over
2,talk,91,6,10,Over
2,talk,92,6,1,Over
2,talk,93,6,4,Over
2,talk,94,6,14,Over
2,talk,95,6,13,Over
2,talk,96,6,9,Over
2,talk,97,6,12,Over
2,vote,1,3
2,vote,2,7
2,vote,3,10
2,vote,4,8
2,vote,6,3
2,vote,7,11
2,vote,8,12
2,vote,9,6
2,vote,10,13
2,vote,11,6
2,vote,12,6
2,vote,13,14
2,vote,14,2
2,vote,15,9
2,execute,6,SEER
2,whisper,0,0,4,ATTACK Agent[08]
2,whisper,1,0,9,ATTACK Agent[15]
2,whisper,2,0,3,ATTACK Agent[13]
2,whisper,3,1,9,Skip
2,whisper,4,1,3,Skip
2,whisper,5,1,4,Skip
2,whisper,6,2,4,Skip
2,whisper,7,2,9,Skip
2,whisper,8,2,3,Skip
2,whisper,9,3,3,Over
2,whisper,10,3,9,Over
2,whisper,11,3,4,Over
2,guard,13,9,WEREWOLF
2,attack,8,true
3,status,1,VILLAGER,ALIVE,Sample9
3,status,2,VILLAGER,ALIVE,Sample12
3,status,3,WEREWOLF,ALIVE,Sample8
3,status,4,WEREWOLF,ALIVE,Sample11
3,status,5,VILLAGER,DEAD,Sample7
3,status,6,SEER,DEAD,Sample10
3,status,7,VILLAGER,ALIVE,Sample6
3,status,8,MEDIUM,DEAD,Sample5
3,status,9,WEREWOLF,ALIVE,Sample4
3,status,10,VILLAGER,ALIVE,Sample3
3,status,11,POSSESSED,ALIVE,Sample14
3,status,12,VILLAGER,ALIVE,Sample2
3,status,13,BODYGUARD,ALIVE,Sample13
3,status,14,VILLAGER,ALIVE,Sample1
3,status,15,VILLAGER,ALIVE,cash_dqn
3,talk,0,0,15,Skip
3,talk,1,0,13,Skip
3,talk,2,0,11,DAY 3 (DIVINED Agent[10] HUMAN)
3,talk,3,0,12,Skip
3,talk,4,0,1,Skip
3,talk,5,0,4,COMINGOUT Agent[04] MEDIUM
3,talk,6,0,3,COMINGOUT Agent[03] MEDIUM
3,talk,7,0,14,Skip
3,talk,8,0,7,Skip
3,talk,9,0,10,Skip
3,talk,10,0,2,Skip
3,talk,11,0,9,DIVINED Agent[02] WEREWOLF
3,talk,12,1,11,BECAUSE (AND (COMINGOUT Agent[11] SEER) (Agent[09] COMINGOUT Agent[09] SEER)) (XOR (ESTIMATE Agent[09] WEREWOLF) (ESTIMATE Agent[09] POSSESSED))
3,talk,13,1,7,Skip
3,talk,14,1,3,ESTIMATE Agent[01] WEREWOLF
3,talk,15,1,1,Skip
3,talk,16,1,9,ESTIMATE Agent[02] WEREWOLF
3,talk,17,1,10,Skip
3,talk,18,1,2,BECAUSE (AND (COMINGOUT Agent[02] VILLAGER) (DAY 3 (Agent[09] DIVINED Agent[02] WEREWOLF))) (XOR (ESTIMATE Agent[09] WEREWOLF) (ESTIMATE Agent[09] POSSESSED))
3,talk,19,1,14,Skip
3,talk,20,1,13,Skip
3,talk,21,1,12,Skip
3,talk,22,1,15,VOTE Agent[02]
3,talk,23,1,4,ESTIMATE Agent[01] WEREWOLF
3,talk,24,2,1,VOTE Agent[09]
3,talk,25,2,15,Skip
3,talk,26,2,3,IDENTIFIED Agent[05] WEREWOLF
3,talk,27,2,14,VOTE Agent[10]
3,talk,28,2,7,VOTE Agent[14]
3,talk,29,2,12,VOTE Agent[09]
3,talk,30,2,2,BECAUSE (XOR (ESTIMATE Agent[09] WEREWOLF) (ESTIMATE Agent[09] POSSESSED)) (VOTE Agent[09])
3,talk,31,2,13,VOTE Agent[12]
3,talk,32,2,11,BECAUSE (XOR (ESTIMATE Agent[09] WEREWOLF) (ESTIMATE Agent[09] POSSESSED)) (VOTE Agent[09])
3,talk,33,2,4,IDENTIFIED Agent[05] HUMAN
3,talk,34,2,10,VOTE Agent[04]
3,talk,35,2,9,VOTE Agent[02]
3,talk,36,3,9,Skip
3,talk,37,3,13,Skip
3,talk,38,3,11,Skip
3,talk,39,3,3,IDENTIFIED Agent[06] WEREWOLF
3,talk,40,3,7,Skip
3,talk,41,3,4,IDENTIFIED Agent[06] WEREWOLF
3,talk,42,3,14,Skip
3,talk,43,3,15,Skip
3,talk,44,3,10,Skip
3,talk,45,3,2,Skip
3,talk,46,3,1,Skip
3,talk,47,3,12,Skip
3,talk,48,4,10,Skip
3,talk,49,4,15,Over
3,talk,50,4,9,Skip
3,talk,51,4,14,Skip
3,talk,52,4,13,Skip
3,talk,53,4,12,Skip
3,talk,54,4,1,Skip
3,talk,55,4,4,VOTE Agent[01]
3,talk,56,4,11,Skip
3,talk,57,4,7,Skip
3,talk,58,4,3,VOTE Agent[01]
3,talk,59,4,2,Skip
3,talk,60,5,9,Over
3,talk,61,5,3,Skip
3,talk,62,5,13,Over
3,talk,63,5,7,Over
3,talk,64,5,11,Over
3,talk,65,5,10,Over
3,talk,66,5,2,Over
3,talk,67,5,12,Over
3,talk,68,5,15,Over
3,talk,69,5,14,Over
3,talk,70,5,1,Over
3,talk,71,5,4,Skip
3,talk,72,6,14,Over
3,talk,73,6,2,Over
3,talk,74,6,7,Over
3,talk,75,6,9,Over
3,talk,76,6,1,Over
3,talk,77,6,4,Skip
3,talk,78,6,13,Over
3,talk,79,6,3,Skip
3,talk,80,6,15,Over
3,talk,81,6,11,Over
3,talk,82,6,12,Over
3,talk,83,6,10,Over
3,talk,84,7,13,Over
3,talk,85,7,9,Over
3,talk,86,7,10,Over
3,talk,87,7,15,Over
3,talk,88,7,11,Over
3,talk,89,7,2,Over
3,talk,90,7,3,Over
3,talk,91,7,1,Over
3,talk,92,7,4,Over
3,talk,93,7,12,Over
3,talk,94,7,7,Over
3,talk,95,7,14,Over
3,vote,1,9
3,vote,2,9
3,vote,3,1
3,vote,4,1
3,vote,7,14
3,vote,9,2
3,vote,10,4
3,vote,11,9
3,vote,12,9
3,vote,13,12
3,vote,14,10
3,vote,15,1
3,execute,9,WEREWOLF
3,whisper,0,0,4,ATTACK Agent[12]
3,whisper,1,0,3,ATTACK Agent[14]
3,whisper,2,1,3,Skip
3,whisper,3,1,4,Skip
3,whisper,4,2,4,Skip
3,whisper,5,2,3,Skip
3,whisper,6,3,4,Over
3,whisper,7,3,3,Over
3,guard,13,11,POSSESSED
3,attack,10,true
4,status,1,VILLAGER,ALIVE,Sample9
4,status,2,VILLAGER,ALIVE,Sample12
4,status,3,WEREWOLF,ALIVE,Sample8
4,status,4,WEREWOLF,ALIVE,Sample11
4,status,5,VILLAGER,DEAD,Sample7
4,status,6,SEER,DEAD,Sample10
4,status,7,VILLAGER,ALIVE,Sample6
4,status,8,MEDIUM,DEAD,Sample5
4,status,9,WEREWOLF,DEAD,Sample4
4,status,10,VILLAGER,DEAD,Sample3
4,status,11,POSSESSED,ALIVE,Sample14
4,status,12,VILLAGER,ALIVE,Sample2
4,status,13,BODYGUARD,ALIVE,Sample13
4,status,14,VILLAGER,ALIVE,Sample1
4,status,15,VILLAGER,ALIVE,cash_dqn
4,talk,0,0,12,Skip
4,talk,1,0,4,IDENTIFIED Agent[09] HUMAN
4,talk,2,0,2,Skip
4,talk,3,0,15,Skip
4,talk,4,0,13,Skip
4,talk,5,0,7,Skip
4,talk,6,0,1,Skip
4,talk,7,0,11,DAY 4 (DIVINED Agent[15] HUMAN)
4,talk,8,0,3,IDENTIFIED Agent[09] HUMAN
4,talk,9,0,14,Skip
4,talk,10,1,7,Skip
4,talk,11,1,11,Skip
4,talk,12,1,12,Skip
4,talk,13,1,2,Skip
4,talk,14,1,4,ESTIMATE Agent[02] WEREWOLF
4,talk,15,1,15,VOTE Agent[07]
4,talk,16,1,3,ESTIMATE Agent[02] WEREWOLF
4,talk,17,1,1,Skip
4,talk,18,1,14,Skip
4,talk,19,1,13,Skip
4,talk,20,2,13,VOTE Agent[11]
4,talk,21,2,14,VOTE Agent[12]
4,talk,22,2,15,Skip
4,talk,23,2,11,VOTE Agent[08]
4,talk,24,2,1,VOTE Agent[02]
4,talk,25,2,2,VOTE Agent[07]
4,talk,26,2,4,VOTE Agent[02]
4,talk,27,2,7,VOTE Agent[03]
4,talk,28,2,3,VOTE Agent[02]
4,talk,29,2,12,VOTE Agent[15]
4,talk,30,3,13,Skip
4,talk,31,3,2,Skip
4,talk,32,3,7,Skip
4,talk,33,3,1,Skip
4,talk,34,3,3,Skip
4,talk,35,3,11,Skip
4,talk,36,3,12,Skip
4,talk,37,3,14,Skip
4,talk,38,3,4,Skip
4,talk,39,3,15,Skip
4,talk,40,4,7,Skip
4,talk,41,4,12,Skip
4,talk,42,4,14,Skip
4,talk,43,4,11,Skip
4,talk,44,4,1,Skip
4,talk,45,4,3,Skip
4,talk,46,4,15,Over
4,talk,47,4,2,Skip
4,talk,48,4,13,Skip
4,talk,49,4,4,Skip
4,talk,50,5,4,Over
4,talk,51,5,3,Over
4,talk,52,5,14,Over
4,talk,53,5,15,Over
4,talk,54,5,1,Over
4,talk,55,5,11,Over
4,talk,56,5,12,Over
4,talk,57,5,2,Over
4,talk,58,5,13,Over
4,talk,59,5,7,Over
4,vote,1,2
4,vote,2,7
4,vote,3,2
4,vote,4,2
4,vote,7,3
4,vote,11,13
4,vote,12,15
4,vote,13,11
4,vote,14,12
4,vote,15,2
4,execute,2,VILLAGER
4,whisper,0,0,3,ATTACK Agent[01]
4,whisper,1,0,4,ATTACK Agent[07]
4,whisper,2,1,3,Skip
4,whisper,3,1,4,Skip
4,whisper,4,2,3,Skip
4,whisper,5,2,4,Skip
4,whisper,6,3,4,Over
4,whisper,7,3,3,Over
4,guard,13,11,POSSESSED
4,attack,11,false
5,status,1,VILLAGER,ALIVE,Sample9
5,status,2,VILLAGER,DEAD,Sample12
5,status,3,WEREWOLF,ALIVE,Sample8
5,status,4,WEREWOLF,ALIVE,Sample11
5,status,5,VILLAGER,DEAD,Sample7
5,status,6,SEER,DEAD,Sample10
5,status,7,VILLAGER,ALIVE,Sample6
5,status,8,MEDIUM,DEAD,Sample5
5,status,9,WEREWOLF,DEAD,Sample4
5,status,10,VILLAGER,DEAD,Sample3
5,status,11,POSSESSED,ALIVE,Sample14
5,status,12,VILLAGER,ALIVE,Sample2
5,status,13,BODYGUARD,ALIVE,Sample13
5,status,14,VILLAGER,ALIVE,Sample1
5,status,15,VILLAGER,ALIVE,cash_dqn
5,talk,0,0,12,Skip
5,talk,1,0,1,Skip
5,talk,2,0,3,IDENTIFIED Agent[02] HUMAN
5,talk,3,0,15,Skip
5,talk,4,0,4,IDENTIFIED Agent[02] HUMAN
5,talk,5,0,7,Skip
5,talk,6,0,14,Skip
5,talk,7,0,13,Skip
5,talk,8,0,11,DAY 5 (DIVINED Agent[01] HUMAN)
5,talk,9,1,14,Skip
5,talk,10,1,11,Skip
5,talk,11,1,1,Skip
5,talk,12,1,4,ESTIMATE Agent[15] WEREWOLF
5,talk,13,1,3,ESTIMATE Agent[14] WEREWOLF
5,talk,14,1,15,VOTE Agent[07]
5,talk,15,1,12,Skip
5,talk,16,1,13,Skip
5,talk,17,1,7,Skip
5,talk,18,2,11,VOTE Agent[12]
5,talk,19,2,7,VOTE Agent[04]
5,talk,20,2,12,VOTE Agent[04]
5,talk,21,2,14,VOTE Agent[03]
5,talk,22,2,15,Skip
5,talk,23,2,13,VOTE Agent[03]
5,talk,24,2,4,VOTE Agent[15]
5,talk,25,2,3,VOTE Agent[14]
5,talk,26,2,1,VOTE Agent[04]
5,talk,27,3,13,Skip
5,talk,28,3,3,Skip
5,talk,29,3,15,Skip
5,talk,30,3,12,Skip
5,talk,31,3,4,Skip
5,talk,32,3,14,Skip
5,talk,33,3,11,Skip
5,talk,34,3,1,Skip
5,talk,35,3,7,Skip
5,talk,36,4,12,Skip
5,talk,37,4,11,Skip
5,talk,38,4,4,Skip
5,talk,39,4,1,Skip
5,talk,40,4,13,Skip
5,talk,41,4,3,Skip
5,talk,42,4,14,Skip
5,talk,43,4,15,Over
5,talk,44,4,7,Skip
5,talk,45,5,12,Over
5,talk,46,5,14,Over
5,talk,47,5,7,Over
5,talk,48,5,3,Over
5,talk,49,5,13,Over
5,talk,50,5,15,Over
5,talk,51,5,11,Over
5,talk,52,5,4,Over
5,talk,53,5,1,Over
5,vote,1,4
5,vote,3,14
5,vote,4,15
5,vote,7,4
5,vote,11,12
5,vote,12,4
5,vote,13,3
5,vote,14,3
5,vote,15,3
5,vote,1,4
5,vote,3,14
5,vote,4,15
5,vote,7,4
5,vote,11,12
5,vote,12,4
5,vote,13,3
5,vote,14,3
5,vote,15,11
5,execute,4,WEREWOLF
5,guard,13,11,POSSESSED
5,attackVote,3,7
5,attack,7,true
6,status,1,VILLAGER,ALIVE,Sample9
6,status,2,VILLAGER,DEAD,Sample12
6,status,3,WEREWOLF,ALIVE,Sample8
6,status,4,WEREWOLF,DEAD,Sample11
6,status,5,VILLAGER,DEAD,Sample7
6,status,6,SEER,DEAD,Sample10
6,status,7,VILLAGER,DEAD,Sample6
6,status,8,MEDIUM,DEAD,Sample5
6,status,9,WEREWOLF,DEAD,Sample4
6,status,10,VILLAGER,DEAD,Sample3
6,status,11,POSSESSED,ALIVE,Sample14
6,status,12,VILLAGER,ALIVE,Sample2
6,status,13,BODYGUARD,ALIVE,Sample13
6,status,14,VILLAGER,ALIVE,Sample1
6,status,15,VILLAGER,ALIVE,cash_dqn
6,talk,0,0,14,Skip
6,talk,1,0,1,Skip
6,talk,2,0,13,Skip
6,talk,3,0,15,Skip
6,talk,4,0,3,IDENTIFIED Agent[04] HUMAN
6,talk,5,0,12,Skip
6,talk,6,0,11,DAY 6 (DIVINED Agent[12] HUMAN)
6,talk,7,1,13,Skip
6,talk,8,1,3,ESTIMATE Agent[12] WEREWOLF
6,talk,9,1,15,VOTE Agent[07]
6,talk,10,1,14,Skip
6,talk,11,1,12,Skip
6,talk,12,1,11,Skip
6,talk,13,1,1,Skip
6,talk,14,2,13,VOTE Agent[12]
6,talk,15,2,12,VOTE Agent[01]
6,talk,16,2,3,VOTE Agent[12]
6,talk,17,2,14,VOTE Agent[13]
6,talk,18,2,15,Skip
6,talk,19,2,1,VOTE Agent[15]
6,talk,20,2,11,VOTE Agent[14]
6,talk,21,3,3,Skip
6,talk,22,3,13,Skip
6,talk,23,3,11,Skip
6,talk,24,3,15,Skip
6,talk,25,3,14,Skip
6,talk,26,3,1,Skip
6,talk,27,3,12,Skip
6,talk,28,4,14,Skip
6,talk,29,4,11,Skip
6,talk,30,4,12,Skip
6,talk,31,4,1,Skip
6,talk,32,4,3,Skip
6,talk,33,4,15,Over
6,talk,34,4,13,Skip
6,talk,35,5,14,Over
6,talk,36,5,1,Over
6,talk,37,5,13,Over
6,talk,38,5,11,Over
6,talk,39,5,15,Over
6,talk,40,5,12,Over
6,talk,41,5,3,Over
6,vote,1,15
6,vote,3,12
6,vote,11,14
6,vote,12,1
6,vote,13,12
6,vote,14,13
6,vote,15,11
6,execute,12,VILLAGER
6,guard,13,11,POSSESSED
6,attackVote,3,15
6,attack,15,true
7,status,1,VILLAGER,ALIVE,Sample9
7,status,2,VILLAGER,DEAD,Sample12
7,status,3,WEREWOLF,ALIVE,Sample8
7,status,4,WEREWOLF,DEAD,Sample11
7,status,5,VILLAGER,DEAD,Sample7
7,status,6,SEER,DEAD,Sample10
7,status,7,VILLAGER,DEAD,Sample6
7,status,8,MEDIUM,DEAD,Sample5
7,status,9,WEREWOLF,DEAD,Sample4
7,status,10,VILLAGER,DEAD,Sample3
7,status,11,POSSESSED,ALIVE,Sample14
7,status,12,VILLAGER,DEAD,Sample2
7,status,13,BODYGUARD,ALIVE,Sample13
7,status,14,VILLAGER,ALIVE,Sample1
7,status,15,VILLAGER,DEAD,cash_dqn
7,talk,0,0,14,Skip
7,talk,1,0,3,IDENTIFIED Agent[12] HUMAN
7,talk,2,0,11,DAY 7 (DIVINED Agent[13] HUMAN)
7,talk,3,0,1,Skip
7,talk,4,0,13,Skip
7,talk,5,1,13,Skip
7,talk,6,1,14,Skip
7,talk,7,1,11,Skip
7,talk,8,1,1,Skip
7,talk,9,1,3,ESTIMATE Agent[13] WEREWOLF
7,talk,10,2,3,VOTE Agent[13]
7,talk,11,2,1,VOTE Agent[13]
7,talk,12,2,13,VOTE Agent[01]
7,talk,13,2,14,VOTE Agent[11]
7,talk,14,2,11,VOTE Agent[07]
7,talk,15,3,3,Skip
7,talk,16,3,11,Skip
7,talk,17,3,14,Skip
7,talk,18,3,13,Skip
7,talk,19,3,1,Skip
7,talk,20,4,3,Skip
7,talk,21,4,11,Skip
7,talk,22,4,13,Skip
7,talk,23,4,14,Skip
7,talk,24,4,1,Skip
7,talk,25,5,13,Over
7,talk,26,5,14,Over
7,talk,27,5,11,Over
7,talk,28,5,1,Over
7,talk,29,5,3,Over
7,vote,1,13
7,vote,3,13
7,vote,11,3
7,vote,13,1
7,vote,14,11
7,execute,13,BODYGUARD
7,attackVote,3,14
7,attack,14,true
8,status,1,VILLAGER,ALIVE,Sample9
8,status,2,VILLAGER,DEAD,Sample12
8,status,3,WEREWOLF,ALIVE,Sample8
8,status,4,WEREWOLF,DEAD,Sample11
8,status,5,VILLAGER,DEAD,Sample7
8,status,6,SEER,DEAD,Sample10
8,status,7,VILLAGER,DEAD,Sample6
8,status,8,MEDIUM,DEAD,Sample5
8,status,9,WEREWOLF,DEAD,Sample4
8,status,10,VILLAGER,DEAD,Sample3
8,status,11,POSSESSED,ALIVE,Sample14
8,status,12,VILLAGER,DEAD,Sample2
8,status,13,BODYGUARD,DEAD,Sample13
8,status,14,VILLAGER,DEAD,Sample1
8,status,15,VILLAGER,DEAD,cash_dqn
8,talk,0,0,1,Skip
8,talk,1,0,11,DAY 8 (DIVINED Agent[03] HUMAN)
8,talk,2,0,3,IDENTIFIED Agent[13] WEREWOLF
8,talk,3,1,1,Skip
8,talk,4,1,3,ESTIMATE Agent[01] WEREWOLF
8,talk,5,1,11,BECAUSE (AND (DAY 7 (DIVINED Agent[13] HUMAN)) (DAY 8 (Agent[03] IDENTIFIED Agent[13] WEREWOLF))) (XOR (ESTIMATE Agent[03] WEREWOLF) (ESTIMATE Agent[03] POSSESSED))
8,talk,6,2,11,BECAUSE (XOR (ESTIMATE Agent[03] WEREWOLF) (ESTIMATE Agent[03] POSSESSED)) (VOTE Agent[03])
8,talk,7,2,1,VOTE Agent[11]
8,talk,8,2,3,VOTE Agent[01]
8,talk,9,3,3,Skip
8,talk,10,3,11,Skip
8,talk,11,3,1,Skip
8,talk,12,4,3,Skip
8,talk,13,4,11,Skip
8,talk,14,4,1,Skip
8,talk,15,5,3,Over
8,talk,16,5,11,Over
8,talk,17,5,1,Over
8,vote,1,11
8,vote,3,1
8,vote,11,3
8,vote,1,11
8,vote,3,1
8,vote,11,3
8,execute,11,POSSESSED
8,attackVote,3,1
8,attack,1,true
9,status,1,VILLAGER,DEAD,Sample9
9,status,2,VILLAGER,DEAD,Sample12
9,status,3,WEREWOLF,ALIVE,Sample8
9,status,4,WEREWOLF,DEAD,Sample11
9,status,5,VILLAGER,DEAD,Sample7
9,status,6,SEER,DEAD,Sample10
9,status,7,VILLAGER,DEAD,Sample6
9,status,8,MEDIUM,DEAD,Sample5
9,status,9,WEREWOLF,DEAD,Sample4
9,status,10,VILLAGER,DEAD,Sample3
9,status,11,POSSESSED,DEAD,Sample14
9,status,12,VILLAGER,DEAD,Sample2
9,status,13,BODYGUARD,DEAD,Sample13
9,status,14,VILLAGER,DEAD,Sample1
9,status,15,VILLAGER,DEAD,cash_dqn
9,result,0,1,WEREWOLF
