0,status,1,VILLAGER,ALIVE,Sample9
0,status,2,VILLAGER,ALIVE,Sample12
0,status,3,WEREWOLF,ALIVE,Sample8
0,status,4,BODYGUARD,ALIVE,Sample11
0,status,5,WEREWOLF,ALIVE,Sample7
0,status,6,VILLAGER,ALIVE,Sample10
0,status,7,SEER,ALIVE,Sample6
0,status,8,VILLAGER,ALIVE,Sample5
0,status,9,WEREWOLF,ALIVE,Sample4
0,status,10,VILLAGER,ALIVE,Sample3
0,status,11,MEDIUM,ALIVE,Sample14
0,status,12,VILLAGER,ALIVE,Sample2
0,status,13,VILLAGER,ALIVE,Sample13
0,status,14,POSSESSED,ALIVE,Sample1
0,status,15,VILLAGER,ALIVE,cash_dqn
0,whisper,0,0,9,COMINGOUT Agent[09] SEER
0,whisper,1,0,5,COMINGOUT Agent[05] MEDIUM
0,whisper,2,0,3,COMINGOUT Agent[03] VILLAGER
0,whisper,3,1,3,ATTACK Agent[08]
0,whisper,4,1,9,ATTACK Agent[10]
0,whisper,5,1,5,ATTACK Agent[15]
0,whisper,6,2,5,Skip
0,whisper,7,2,9,Skip
0,whisper,8,2,3,Skip
0,whisper,9,3,5,Skip
0,whisper,10,3,9,Skip
0,whisper,11,3,3,Skip
0,whisper,12,4,3,Over
0,whisper,13,4,9,Over
0,whisper,14,4,5,Over
0,divine,7,1,HUMAN
1,status,1,VILLAGER,ALIVE,Sample9
1,status,2,VILLAGER,ALIVE,Sample12
1,status,3,WEREWOLF,ALIVE,Sample8
1,status,4,BODYGUARD,ALIVE,Sample11
1,status,5,WEREWOLF,ALIVE,Sample7
1,status,6,VILLAGER,ALIVE,Sample10
1,status,7,SEER,ALIVE,Sample6
1,status,8,VILLAGER,ALIVE,Sample5
1,status,9,WEREWOLF,ALIVE,Sample4
1,status,10,VILLAGER,ALIVE,Sample3
1,status,11,MEDIUM,ALIVE,Sample14
1,status,12,VILLAGER,ALIVE,Sample2
1,status,13,VILLAGER,ALIVE,Sample13
1,status,14,POSSESSED,ALIVE,Sample1
1,status,15,VILLAGER,ALIVE,cash_dqn
1,talk,0,0,8,Skip
1,talk,1,0,9,ESTIMATE Agent[06] WEREWOLF
1,talk,2,0,5,ESTIMATE Agent[14] WEREWOLF
1,talk,3,0,7,Skip
1,talk,4,0,15,Skip
1,talk,5,0,10,Skip
1,talk,6,0,1,Skip
1,talk,7,0,13,Skip
1,talk,8,0,2,Skip
1,talk,9,0,12,Skip
1,talk,10,0,4,Skip
1,talk,11,0,6,Skip
1,talk,12,0,3,ESTIMATE Agent[12] WEREWOLF
1,talk,13,0,14,Skip
1,talk,14,0,11,COMINGOUT Agent[11] MEDIUM
1,talk,15,1,11,Skip
1,talk,16,1,9,Skip
1,talk,17,1,2,Skip
1,talk,18,1,15,VOTE Agent[10]
1,talk,19,1,1,Skip
1,talk,20,1,12,Skip
1,talk,21,1,14,Skip
1,talk,22,1,3,Skip
1,talk,23,1,6,Skip
1,talk,24,1,8,Skip
1,talk,25,1,7,Skip
1,talk,26,1,5,COMINGOUT Agent[05] MEDIUM
1,talk,27,1,13,Skip
1,talk,28,1,4,Skip
1,talk,29,1,10,Skip
1,talk,30,2,10,VOTE Agent[11]
1,talk,31,2,14,VOTE Agent[09]
1,talk,32,2,15,Skip
1,talk,33,2,13,VOTE Agent[03]
1,talk,34,2,3,VOTE Agent[12]
1,talk,35,2,1,VOTE Agent[03]
1,talk,36,2,7,VOTE Agent[06]
1,talk,37,2,2,VOTE Agent[14]
1,talk,38,2,6,VOTE Agent[04]
1,talk,39,2,11,VOTE Agent[05]
1,talk,40,2,5,ESTIMATE Agent[11] WEREWOLF
1,talk,41,2,8,VOTE Agent[04]
1,talk,42,2,12,VOTE Agent[03]
1,talk,43,2,9,VOTE Agent[06]
1,talk,44,2,4,VOTE Agent[06]
1,talk,45,3,1,Skip
1,talk,46,3,9,Skip
1,talk,47,3,2,Skip
1,talk,48,3,15,Skip
1,talk,49,3,7,Skip
1,talk,50,3,6,Skip
1,talk,51,3,14,Skip
1,talk,52,3,13,Skip
1,talk,53,3,11,Skip
1,talk,54,3,3,Skip
1,talk,55,3,10,Skip
1,talk,56,3,5,VOTE Agent[11]
1,talk,57,3,12,Skip
1,talk,58,3,4,Skip
1,talk,59,3,8,Skip
1,talk,60,4,7,Skip
1,talk,61,4,12,Skip
1,talk,62,4,10,Skip
1,talk,63,4,6,Skip
1,talk,64,4,1,Skip
1,talk,65,4,4,Skip
1,talk,66,4,15,Over
1,talk,67,4,2,Skip
1,talk,68,4,13,Skip
1,talk,69,4,5,Skip
1,talk,70,4,3,Skip
1,talk,71,4,11,Skip
1,talk,72,4,8,Skip
1,talk,73,4,14,Skip
1,talk,74,4,9,Skip
1,talk,75,5,1,Over
1,talk,76,5,14,Over
1,talk,77,5,7,Over
1,talk,78,5,8,Over
1,talk,79,5,6,Over
1,talk,80,5,11,Over
1,talk,81,5,5,Skip
1,talk,82,5,4,Over
1,talk,83,5,13,Over
1,talk,84,5,2,Over
1,talk,85,5,12,Over
1,talk,86,5,9,Over
1,talk,87,5,10,Over
1,talk,88,5,15,Over
1,talk,89,5,3,Over
1,talk,90,6,12,Over
1,talk,91,6,11,Over
1,talk,92,6,8,Over
1,talk,93,6,3,Over
1,talk,94,6,10,Over
1,talk,95,6,7,Over
1,talk,96,6,6,Over
1,talk,97,6,1,Over
1,talk,98,6,14,Over
1,talk,99,6,2,Over
1,talk,100,6,4,Over
1,talk,101,6,9,Over
1,talk,102,6,15,Over
1,talk,103,6,5,Over
1,talk,104,6,13,Over
1,vote,1,3
1,vote,2,14
1,vote,3,12
1,vote,4,6
1,vote,5,11
1,vote,6,4
1,vote,7,6
1,vote,8,4
1,vote,9,6
1,vote,10,11
1,vote,11,5
1,vote,12,3
1,vote,13,3
1,vote,14,9
1,vote,15,1
1,vote,1,3
1,vote,2,14
1,vote,3,12
1,vote,4,6
1,vote,5,11
1,vote,6,4
1,vote,7,6
1,vote,8,4
1,vote,9,6
1,vote,10,11
1,vote,11,5
1,vote,12,3
1,vote,13,3
1,vote,14,9
1,vote,15,11
1,execute,11,MEDIUM
1,divine,7,2,HUMAN
1,whisper,0,0,3,ATTACK Agent[13]
1,whisper,1,0,9,ATTACK Agent[12]
1,whisper,2,0,5,ATTACK Agent[04]
1,whisper,3,1,5,Skip
1,whisper,4,1,9,Skip
1,whisper,5,1,3,Skip
1,whisper,6,2,5,Skip
1,whisper,7,2,3,Skip
1,whisper,8,2,9,Skip
1,whisper,9,3,3,Over
1,whisper,10,3,5,Over
1,whisper,11,3,9,Over
1,guard,4,5,WEREWOLF
1,attack,6,true
2,status,1,VILLAGER,ALIVE,Sample9
2,status,2,VILLAGER,ALIVE,Sample12
2,status,3,WEREWOLF,ALIVE,Sample8
2,status,4,BODYGUARD,ALIVE,Sample11
2,status,5,WEREWOLF,ALIVE,Sample7
2,status,6,VILLAGER,DEAD,Sample10
2,status,7,SEER,ALIVE,Sample6
2,status,8,VILLAGER,ALIVE,Sample5
2,status,9,WEREWOLF,ALIVE,Sample4
2,status,10,VILLAGER,ALIVE,Sample3
2,status,11,MEDIUM,DEAD,Sample14
2,status,12,VILLAGER,ALIVE,Sample2
2,status,13,VILLAGER,ALIVE,Sample13
2,status,14,POSSESSED,ALIVE,Sample1
2,status,15,VILLAGER,ALIVE,cash_dqn
2,talk,0,0,9,COMINGOUT Agent[09] SEER
2,talk,1,0,1,Skip
2,talk,2,0,7,Skip
2,talk,3,0,13,Skip
2,talk,4,0,5,IDENTIFIED Agent[11] WEREWOLF
2,talk,5,0,10,Skip
2,talk,6,0,2,Skip
2,talk,7,0,12,Skip
2,talk,8,0,14,Skip
2,talk,9,0,15,Skip
2,talk,10,0,4,Skip
2,talk,11,0,3,ESTIMATE Agent[10] WEREWOLF
2,talk,12,0,8,Skip
2,talk,13,1,7,COMINGOUT Agent[07] SEER
2,talk,14,1,2,Skip
2,talk,15,1,1,Skip
2,talk,16,1,8,Skip
2,talk,17,1,10,Skip
2,talk,18,1,3,Skip
2,talk,19,1,13,Skip
2,talk,20,1,9,ESTIMATE Agent[14] WEREWOLF
2,talk,21,1,12,Skip
2,talk,22,1,14,COMINGOUT Agent[14] SEER
2,talk,23,1,4,Skip
2,talk,24,1,15,VOTE Agent[08]
2,talk,25,1,5,ESTIMATE Agent[14] WEREWOLF
2,talk,26,2,8,VOTE Agent[03]
2,talk,27,2,9,DIVINED Agent[01] HUMAN
2,talk,28,2,10,VOTE Agent[01]
2,talk,29,2,2,VOTE Agent[09]
2,talk,30,2,13,VOTE Agent[07]
2,talk,31,2,5,VOTE Agent[14]
2,talk,32,2,12,VOTE Agent[04]
2,talk,33,2,15,Skip
2,talk,34,2,4,VOTE Agent[14]
2,talk,35,2,7,AND (DAY 1 (DIVINED Agent[01] HUMAN)) (DAY 2 (DIVINED Agent[02] HUMAN))
2,talk,36,2,3,VOTE Agent[10]
2,talk,37,2,14,AND (DAY 1 (DIVINED Agent[13] HUMAN)) (DAY 2 (DIVINED Agent[09] WEREWOLF))
2,talk,38,2,1,VOTE Agent[03]
2,talk,39,3,5,Skip
2,talk,40,3,15,Skip
2,talk,41,3,13,Skip
2,talk,42,3,4,Skip
2,talk,43,3,12,Skip
2,talk,44,3,8,Skip
2,talk,45,3,10,Skip
2,talk,46,3,3,Skip
2,talk,47,3,1,Skip
2,talk,48,3,9,DIVINED Agent[04] HUMAN
2,talk,49,3,14,BECAUSE (DAY 2 (DIVINED Agent[09] WEREWOLF)) (REQUEST ANY (VOTE Agent[09]))
2,talk,50,3,7,BECAUSE (AND (COMINGOUT Agent[07] SEER) (Agent[09] COMINGOUT Agent[09] SEER)) (XOR (ESTIMATE Agent[09] WEREWOLF) (ESTIMATE Agent[09] POSSESSED))
2,talk,51,3,2,Skip
2,talk,52,4,1,Skip
2,talk,53,4,13,Skip
2,talk,54,4,7,BECAUSE (XOR (ESTIMATE Agent[09] WEREWOLF) (ESTIMATE Agent[09] POSSESSED)) (VOTE Agent[09])
2,talk,55,4,2,Skip
2,talk,56,4,14,INQUIRE ANY (VOTE Agent[09])
2,talk,57,4,9,VOTE Agent[14]
2,talk,58,4,3,Skip
2,talk,59,4,12,Skip
2,talk,60,4,10,Skip
2,talk,61,4,8,Skip
2,talk,62,4,15,Over
2,talk,63,4,4,Skip
2,talk,64,4,5,Skip
2,talk,65,5,1,Over
2,talk,66,5,9,Skip
2,talk,67,5,13,Over
2,talk,68,5,4,Over
2,talk,69,5,3,Over
2,talk,70,5,2,Over
2,talk,71,5,14,BECAUSE (DIVINED Agent[09] WEREWOLF) (VOTE Agent[09])
2,talk,72,5,5,Over
2,talk,73,5,10,Over
2,talk,74,5,8,Over
2,talk,75,5,7,Skip
2,talk,76,5,12,Over
2,talk,77,5,15,Over
2,talk,78,6,1,Over
2,talk,79,6,2,Over
2,talk,80,6,9,Skip
2,talk,81,6,4,Over
2,talk,82,6,8,Over
2,talk,83,6,3,Over
2,talk,84,6,12,Over
2,talk,85,6,13,Over
2,talk,86,6,14,Skip
2,talk,87,6,7,Skip
2,talk,88,6,15,Over
2,talk,89,6,10,Over
2,talk,90,6,5,Over
2,talk,91,7,10,Over
2,talk,92,7,13,Over
2,talk,93,7,9,Over
2,talk,94,7,3,Over
2,talk,95,7,4,Over
2,talk,96,7,15,Over
2,talk,97,7,5,Over
2,talk,98,7,7,Over
2,talk,99,7,8,Over
2,talk,100,7,12,Over
2,talk,101,7,2,Over
2,talk,102,7,14,Skip
2,talk,103,7,1,Over
2,talk,104,8,10,Over
2,talk,105,8,14,Over
2,talk,106,8,8,Over
2,talk,107,8,9,Over
2,talk,108,8,12,Over
2,talk,109,8,4,Over
2,talk,110,8,7,Over
2,talk,111,8,2,Over
2,talk,112,8,13,Over
2,talk,113,8,3,Over
2,talk,114,8,1,Over
2,talk,115,8,5,Over
2,talk,116,8,15,Over
2,vote,1,3
2,vote,2,9
2,vote,3,10
2,vote,4,14
2,vote,5,14
2,vote,7,9
2,vote,8,3
2,vote,9,14
2,vote,10,1
2,vote,12,4
2,vote,13,7
2,vote,14,9
2,vote,15,4
2,vote,1,3
2,vote,2,9
2,vote,3,10
2,vote,4,14
2,vote,5,14
2,vote,7,9
2,vote,8,3
2,vote,9,14
2,vote,10,1
2,vote,12,4
2,vote,13,7
2,vote,14,9
2,vote,15,10
2,execute,9,WEREWOLF
2,whisper,0,0,5,BECAUSE (Agent[07] COMINGOUT Agent[07] SEER) (ATTACK Agent[07])
2,whisper,1,0,3,BECAUSE (Agent[14] COMINGOUT Agent[14] SEER) (ATTACK Agent[14])
2,whisper,2,1,3,Skip
2,whisper,3,1,5,Skip
2,whisper,4,2,5,Skip
2,whisper,5,2,3,Skip
2,whisper,6,3,5,Over
2,whisper,7,3,3,Over
2,guard,4,14,POSSESSED
2,attack,1,true
3,status,1,VILLAGER,DEAD,Sample9
3,status,2,VILLAGER,ALIVE,Sample12
3,status,3,WEREWOLF,ALIVE,Sample8
3,status,4,BODYGUARD,ALIVE,Sample11
3,status,5,WEREWOLF,ALIVE,Sample7
3,status,6,VILLAGER,DEAD,Sample10
3,status,7,SEER,ALIVE,Sample6
3,status,8,VILLAGER,ALIVE,Sample5
3,status,9,WEREWOLF,DEAD,Sample4
3,status,10,VILLAGER,ALIVE,Sample3
3,status,11,MEDIUM,DEAD,Sample14
3,status,12,VILLAGER,ALIVE,Sample2
3,status,13,VILLAGER,ALIVE,Sample13
3,status,14,POSSESSED,ALIVE,Sample1
3,status,15,VILLAGER,ALIVE,cash_dqn
3,talk,0,0,5,IDENTIFIED Agent[09] HUMAN
3,talk,1,0,8,Skip
3,talk,2,0,13,Skip
3,talk,3,0,2,Skip
3,talk,4,0,4,Skip
3,talk,5,0,10,Skip
3,talk,6,0,3,ESTIMATE Agent[12] WEREWOLF
3,talk,7,0,14,DAY 3 (DIVINED Agent[08] HUMAN)
3,talk,8,0,7,BECAUSE (AND (COMINGOUT Agent[07] SEER) (Agent[14] COMINGOUT Agent[14] SEER)) (XOR (ESTIMATE Agent[14] WEREWOLF) (ESTIMATE Agent[14] POSSESSED))
3,talk,9,0,12,Skip
3,talk,10,0,15,Skip
3,talk,11,1,8,Skip
3,talk,12,1,14,BECAUSE (AND (COMINGOUT Agent[14] SEER) (Agent[07] COMINGOUT Agent[07] SEER)) (XOR (ESTIMATE Agent[07] WEREWOLF) (ESTIMATE Agent[07] POSSESSED))
3,talk,13,1,2,Skip
3,talk,14,1,15,VOTE Agent[07]
3,talk,15,1,3,Skip
3,talk,16,1,4,Skip
3,talk,17,1,7,Skip
3,talk,18,1,12,Skip
3,talk,19,1,10,Skip
3,talk,20,1,13,Skip
3,talk,21,1,5,ESTIMATE Agent[14] WEREWOLF
3,talk,22,2,5,VOTE Agent[14]
3,talk,23,2,4,VOTE Agent[02]
3,talk,24,2,14,BECAUSE (XOR (ESTIMATE Agent[07] WEREWOLF) (ESTIMATE Agent[07] POSSESSED)) (VOTE Agent[07])
3,talk,25,2,12,VOTE Agent[07]
3,talk,26,2,8,VOTE Agent[14]
3,talk,27,2,10,VOTE Agent[04]
3,talk,28,2,2,VOTE Agent[08]
3,talk,29,2,13,VOTE Agent[12]
3,talk,30,2,7,BECAUSE (XOR (ESTIMATE Agent[14] WEREWOLF) (ESTIMATE Agent[14] POSSESSED)) (VOTE Agent[14])
3,talk,31,2,15,Skip
3,talk,32,2,3,VOTE Agent[12]
3,talk,33,3,7,Skip
3,talk,34,3,4,Skip
3,talk,35,3,15,Skip
3,talk,36,3,14,Skip
3,talk,37,3,12,Skip
3,talk,38,3,3,Skip
3,talk,39,3,8,Skip
3,talk,40,3,5,Skip
3,talk,41,3,13,Skip
3,talk,42,3,2,Skip
3,talk,43,3,10,Skip
3,talk,44,4,10,Skip
3,talk,45,4,3,Skip
3,talk,46,4,8,Skip
3,talk,47,4,7,Skip
3,talk,48,4,2,Skip
3,talk,49,4,14,Skip
3,talk,50,4,5,Skip
3,talk,51,4,13,Skip
3,talk,52,4,12,Skip
3,talk,53,4,15,Over
3,talk,54,4,4,Skip
3,talk,55,5,10,Over
3,talk,56,5,15,Over
3,talk,57,5,14,Over
3,talk,58,5,3,Over
3,talk,59,5,5,Over
3,talk,60,5,4,Over
3,talk,61,5,8,Over
3,talk,62,5,13,Over
3,talk,63,5,7,Over
3,talk,64,5,2,Over
3,talk,65,5,12,Over
3,vote,2,8
3,vote,3,12
3,vote,4,2
3,vote,5,14
3,vote,7,14
3,vote,8,14
3,vote,10,4
3,vote,12,7
3,vote,13,12
3,vote,14,7
3,vote,15,8
3,execute,14,POSSESSED
3,whisper,0,0,5,BECAUSE (Agent[07] COMINGOUT Agent[07] SEER) (ATTACK Agent[07])
3,whisper,1,0,3,BECAUSE (Agent[07] COMINGOUT Agent[07] SEER) (ATTACK Agent[07])
3,whisper,2,1,3,Skip
3,whisper,3,1,5,Skip
3,whisper,4,2,5,Skip
3,whisper,5,2,3,Skip
3,whisper,6,3,3,Over
3,whisper,7,3,5,Over
3,guard,4,7,SEER
3,attack,12,true
4,status,1,VILLAGER,DEAD,Sample9
4,status,2,VILLAGER,ALIVE,Sample12
4,status,3,WEREWOLF,ALIVE,Sample8
4,status,4,BODYGUARD,ALIVE,Sample11
4,status,5,WEREWOLF,ALIVE,Sample7
4,status,6,VILLAGER,DEAD,Sample10
4,status,7,SEER,ALIVE,Sample6
4,status,8,VILLAGER,ALIVE,Sample5
4,status,9,WEREWOLF,DEAD,Sample4
4,status,10,VILLAGER,ALIVE,Sample3
4,status,11,MEDIUM,DEAD,Sample14
4,status,12,VILLAGER,DEAD,Sample2
4,status,13,VILLAGER,ALIVE,Sample13
4,status,14,POSSESSED,DEAD,Sample1
4,status,15,VILLAGER,ALIVE,cash_dqn
4,talk,0,0,15,Skip
4,talk,1,0,2,Skip
4,talk,2,0,8,Skip
4,talk,3,0,13,Skip
4,talk,4,0,5,IDENTIFIED Agent[14] WEREWOLF
4,talk,5,0,3,ESTIMATE Agent[15] WEREWOLF
4,talk,6,0,7,Skip
4,talk,7,0,10,Skip
4,talk,8,0,4,Skip
4,talk,9,1,8,Skip
4,talk,10,1,7,Skip
4,talk,11,1,4,Skip
4,talk,12,1,5,ESTIMATE Agent[07] WEREWOLF
4,talk,13,1,10,Skip
4,talk,14,1,3,Skip
4,talk,15,1,2,Skip
4,talk,16,1,13,Skip
4,talk,17,1,15,VOTE Agent[07]
4,talk,18,2,5,VOTE Agent[07]
4,talk,19,2,7,BECAUSE (XOR (ESTIMATE Agent[14] WEREWOLF) (ESTIMATE Agent[14] POSSESSED)) (VOTE Agent[14])
4,talk,20,2,3,VOTE Agent[15]
4,talk,21,2,15,Skip
4,talk,22,2,4,VOTE Agent[07]
4,talk,23,2,8,VOTE Agent[07]
4,talk,24,2,2,VOTE Agent[13]
4,talk,25,2,10,VOTE Agent[15]
4,talk,26,2,13,VOTE Agent[10]
4,talk,27,3,13,Skip
4,talk,28,3,5,Skip
4,talk,29,3,8,Skip
4,talk,30,3,4,Skip
4,talk,31,3,15,Skip
4,talk,32,3,7,Skip
4,talk,33,3,2,Skip
4,talk,34,3,10,Skip
4,talk,35,3,3,Skip
4,talk,36,4,15,Over
4,talk,37,4,2,Skip
4,talk,38,4,7,Skip
4,talk,39,4,13,Skip
4,talk,40,4,10,Skip
4,talk,41,4,3,Skip
4,talk,42,4,8,Skip
4,talk,43,4,5,Skip
4,talk,44,4,4,Skip
4,talk,45,5,8,Over
4,talk,46,5,4,Over
4,talk,47,5,15,Over
4,talk,48,5,7,Over
4,talk,49,5,5,Over
4,talk,50,5,13,Over
4,talk,51,5,10,Over
4,talk,52,5,2,Over
4,talk,53,5,3,Over
4,vote,2,13
4,vote,3,15
4,vote,4,7
4,vote,5,7
4,vote,7,4
4,vote,8,7
4,vote,10,15
4,vote,13,10
4,vote,15,8
4,execute,7,SEER
4,whisper,0,0,3,ATTACK Agent[04]
4,whisper,1,0,5,ATTACK Agent[04]
4,whisper,2,1,5,Skip
4,whisper,3,1,3,Skip
4,whisper,4,2,5,Skip
4,whisper,5,2,3,Skip
4,whisper,6,3,5,Over
4,whisper,7,3,3,Over
4,guard,4,5,WEREWOLF
4,attack,4,true
5,status,1,VILLAGER,DEAD,Sample9
5,status,2,VILLAGER,ALIVE,Sample12
5,status,3,WEREWOLF,ALIVE,Sample8
5,status,4,BODYGUARD,DEAD,Sample11
5,status,5,WEREWOLF,ALIVE,Sample7
5,status,6,VILLAGER,DEAD,Sample10
5,status,7,SEER,DEAD,Sample6
5,status,8,VILLAGER,ALIVE,Sample5
5,status,9,WEREWOLF,DEAD,Sample4
5,status,10,VILLAGER,ALIVE,Sample3
5,status,11,MEDIUM,DEAD,Sample14
5,status,12,VILLAGER,DEAD,Sample2
5,status,13,VILLAGER,ALIVE,Sample13
5,status,14,POSSESSED,DEAD,Sample1
5,status,15,VILLAGER,ALIVE,cash_dqn
5,talk,0,0,5,IDENTIFIED Agent[07] WEREWOLF
5,talk,1,0,3,ESTIMATE Agent[02] WEREWOLF
5,talk,2,0,2,Skip
5,talk,3,0,15,Skip
5,talk,4,0,8,Skip
5,talk,5,0,13,Skip
5,talk,6,0,10,Skip
5,talk,7,1,5,ESTIMATE Agent[10] WEREWOLF
5,talk,8,1,15,VOTE Agent[07]
5,talk,9,1,8,Skip
5,talk,10,1,10,Skip
5,talk,11,1,13,Skip
5,talk,12,1,2,Skip
5,talk,13,1,3,Skip
5,talk,14,2,15,Skip
5,talk,15,2,3,VOTE Agent[02]
5,talk,16,2,5,VOTE Agent[10]
5,talk,17,2,10,VOTE Agent[08]
5,talk,18,2,13,VOTE Agent[15]
5,talk,19,2,2,VOTE Agent[15]
5,talk,20,2,8,VOTE Agent[10]
5,talk,21,3,3,Skip
5,talk,22,3,10,Skip
5,talk,23,3,13,Skip
5,talk,24,3,8,Skip
5,talk,25,3,2,Skip
5,talk,26,3,5,Skip
5,talk,27,3,15,Skip
5,talk,28,4,13,Skip
5,talk,29,4,15,Over
5,talk,30,4,8,Skip
5,talk,31,4,5,Skip
5,talk,32,4,10,Skip
5,talk,33,4,2,Skip
5,talk,34,4,3,Skip
5,talk,35,5,2,Over
5,talk,36,5,5,Over
5,talk,37,5,10,Over
5,talk,38,5,15,Over
5,talk,39,5,3,Over
5,talk,40,5,8,Over
5,talk,41,5,13,Over
5,vote,2,15
5,vote,3,2
5,vote,5,10
5,vote,8,10
5,vote,10,8
5,vote,13,15
5,vote,15,2
5,vote,2,15
5,vote,3,2
5,vote,5,10
5,vote,8,10
5,vote,10,8
5,vote,13,15
5,vote,15,8
5,execute,10,VILLAGER
5,whisper,0,0,3,ATTACK Agent[02]
5,whisper,1,0,5,ATTACK Agent[13]
5,whisper,2,1,5,Skip
5,whisper,3,1,3,Skip
5,whisper,4,2,3,Skip
5,whisper,5,2,5,Skip
5,whisper,6,3,3,Over
5,whisper,7,3,5,Over
5,attack,8,true
6,status,1,VILLAGER,DEAD,Sample9
6,status,2,VILLAGER,ALIVE,Sample12
6,status,3,WEREWOLF,ALIVE,Sample8
6,status,4,BODYGUARD,DEAD,Sample11
6,status,5,WEREWOLF,ALIVE,Sample7
6,status,6,VILLAGER,DEAD,Sample10
6,status,7,SEER,DEAD,Sample6
6,status,8,VILLAGER,DEAD,Sample5
6,status,9,WEREWOLF,DEAD,Sample4
6,status,10,VILLAGER,DEAD,Sample3
6,status,11,MEDIUM,DEAD,Sample14
6,status,12,VILLAGER,DEAD,Sample2
6,status,13,VILLAGER,ALIVE,Sample13
6,status,14,POSSESSED,DEAD,Sample1
6,status,15,VILLAGER,ALIVE,cash_dqn
6,talk,0,0,15,Skip
6,talk,1,0,5,IDENTIFIED Agent[10] HUMAN
6,talk,2,0,3,ESTIMATE Agent[15] WEREWOLF
6,talk,3,0,13,Skip
6,talk,4,0,2,Skip
6,talk,5,1,3,Skip
6,talk,6,1,13,Skip
6,talk,7,1,2,Skip
6,talk,8,1,15,VOTE Agent[07]
6,talk,9,1,5,ESTIMATE Agent[13] WEREWOLF
6,talk,10,2,15,Skip
6,talk,11,2,3,VOTE Agent[15]
6,talk,12,2,5,VOTE Agent[13]
6,talk,13,2,2,VOTE Agent[03]
6,talk,14,2,13,VOTE Agent[02]
6,talk,15,3,3,Skip
6,talk,16,3,13,Skip
6,talk,17,3,2,Skip
6,talk,18,3,5,Skip
6,talk,19,3,15,Skip
6,talk,20,4,2,Skip
6,talk,21,4,15,Over
6,talk,22,4,5,Skip
6,talk,23,4,3,Skip
6,talk,24,4,13,Skip
6,talk,25,5,15,Over
6,talk,26,5,2,Over
6,talk,27,5,3,Over
6,talk,28,5,13,Over
6,talk,29,5,5,Over
6,vote,2,3
6,vote,3,15
6,vote,5,13
6,vote,13,2
6,vote,15,5
6,vote,2,3
6,vote,3,15
6,vote,5,13
6,vote,13,2
6,vote,15,13
6,execute,13,VILLAGER
6,whisper,0,0,5,ATTACK Agent[15]
6,whisper,1,0,3,ATTACK Agent[15]
6,whisper,2,1,5,Skip
6,whisper,3,1,3,Skip
6,whisper,4,2,3,Skip
6,whisper,5,2,5,Skip
6,whisper,6,3,5,Over
6,whisper,7,3,3,Over
6,attack,15,true
7,status,1,VILLAGER,DEAD,Sample9
7,status,2,VILLAGER,ALIVE,Sample12
7,status,3,WEREWOLF,ALIVE,Sample8
7,status,4,BODYGUARD,DEAD,Sample11
7,status,5,WEREWOLF,ALIVE,Sample7
7,status,6,VILLAGER,DEAD,Sample10
7,status,7,SEER,DEAD,Sample6
7,status,8,VILLAGER,DEAD,Sample5
7,status,9,WEREWOLF,DEAD,Sample4
7,status,10,VILLAGER,DEAD,Sample3
7,status,11,MEDIUM,DEAD,Sample14
7,status,12,VILLAGER,DEAD,Sample2
7,status,13,VILLAGER,DEAD,Sample13
7,status,14,POSSESSED,DEAD,Sample1
7,status,15,VILLAGER,DEAD,cash_dqn
7,result,1,2,WEREWOLF
