0,status,1,WEREWOLF,ALIVE,Sample9
0,status,2,VILLAGER,ALIVE,Sample12
0,status,3,BODYGUARD,ALIVE,Sample8
0,status,4,SEER,ALIVE,Sample11
0,status,5,POSSESSED,ALIVE,Sample7
0,status,6,VILLAGER,ALIVE,Sample10
0,status,7,VILLAGER,ALIVE,Sample6
0,status,8,MEDIUM,ALIVE,Sample5
0,status,9,WEREWOLF,ALIVE,Sample4
0,status,10,WEREWOLF,ALIVE,Sample3
0,status,11,VILLAGER,ALIVE,Sample14
0,status,12,VILLAGER,ALIVE,Sample2
0,status,13,VILLAGER,ALIVE,Sample13
0,status,14,VILLAGER,ALIVE,Sample1
0,status,15,VILLAGER,ALIVE,cash_dqn
0,whisper,0,0,10,COMINGOUT Agent[10] SEER
0,whisper,1,0,1,COMINGOUT Agent[01] SEER
0,whisper,2,0,9,COMINGOUT Agent[09] VILLAGER
0,whisper,3,1,9,ATTACK Agent[03]
0,whisper,4,1,1,ATTACK Agent[05]
0,whisper,5,1,10,ATTACK Agent[11]
0,whisper,6,2,1,Skip
0,whisper,7,2,9,Skip
0,whisper,8,2,10,Skip
0,whisper,9,3,9,Skip
0,whisper,10,3,10,Skip
0,whisper,11,3,1,Skip
0,whisper,12,4,9,Over
0,whisper,13,4,10,Over
0,whisper,14,4,1,Over
0,divine,4,8,HUMAN
1,status,1,WEREWOLF,ALIVE,Sample9
1,status,2,VILLAGER,ALIVE,Sample12
1,status,3,BODYGUARD,ALIVE,Sample8
1,status,4,SEER,ALIVE,Sample11
1,status,5,POSSESSED,ALIVE,Sample7
1,status,6,VILLAGER,ALIVE,Sample10
1,status,7,VILLAGER,ALIVE,Sample6
1,status,8,MEDIUM,ALIVE,Sample5
1,status,9,WEREWOLF,ALIVE,Sample4
1,status,10,WEREWOLF,ALIVE,Sample3
1,status,11,VILLAGER,ALIVE,Sample14
1,status,12,VILLAGER,ALIVE,Sample2
1,status,13,VILLAGER,ALIVE,Sample13
1,status,14,VILLAGER,ALIVE,Sample1
1,status,15,VILLAGER,ALIVE,cash_dqn
1,talk,0,0,5,Skip
1,talk,1,0,3,Skip
1,talk,2,0,2,Skip
1,talk,3,0,14,Skip
1,talk,4,0,11,Skip
1,talk,5,0,9,ESTIMATE Agent[14] WEREWOLF
1,talk,6,0,13,Skip
1,talk,7,0,10,ESTIMATE Agent[12] WEREWOLF
1,talk,8,0,6,Skip
1,talk,9,0,4,Skip
1,talk,10,0,15,Skip
1,talk,11,0,7,Skip
1,talk,12,0,1,ESTIMATE Agent[02] WEREWOLF
1,talk,13,0,8,COMINGOUT Agent[08] MEDIUM
1,talk,14,0,12,Skip
1,talk,15,1,6,Skip
1,talk,16,1,11,Skip
1,talk,17,1,14,Skip
1,talk,18,1,15,VOTE Agent[10]
1,talk,19,1,13,Skip
1,talk,20,1,7,Skip
1,talk,21,1,1,Skip
1,talk,22,1,5,Skip
1,talk,23,1,9,Skip
1,talk,24,1,10,Skip
1,talk,25,1,8,Skip
1,talk,26,1,4,Skip
1,talk,27,1,12,Skip
1,talk,28,1,3,Skip
1,talk,29,1,2,Skip
1,talk,30,2,10,VOTE Agent[12]
1,talk,31,2,4,VOTE Agent[06]
1,talk,32,2,7,VOTE Agent[12]
1,talk,33,2,12,VOTE Agent[02]
1,talk,34,2,2,VOTE Agent[01]
1,talk,35,2,15,Skip
1,talk,36,2,14,VOTE Agent[07]
1,talk,37,2,3,VOTE Agent[09]
1,talk,38,2,11,VOTE Agent[13]
1,talk,39,2,6,VOTE Agent[12]
1,talk,40,2,13,VOTE Agent[06]
1,talk,41,2,5,VOTE Agent[11]
1,talk,42,2,1,VOTE Agent[02]
1,talk,43,2,9,VOTE Agent[14]
1,talk,44,2,8,VOTE Agent[15]
1,talk,45,3,9,Skip
1,talk,46,3,12,Skip
1,talk,47,3,14,Skip
1,talk,48,3,15,Skip
1,talk,49,3,4,Skip
1,talk,50,3,10,Skip
1,talk,51,3,3,Skip
1,talk,52,3,5,Skip
1,talk,53,3,7,Skip
1,talk,54,3,11,Skip
1,talk,55,3,8,Skip
1,talk,56,3,2,Skip
1,talk,57,3,6,Skip
1,talk,58,3,1,Skip
1,talk,59,3,13,Skip
1,talk,60,4,5,Skip
1,talk,61,4,14,Skip
1,talk,62,4,11,Skip
1,talk,63,4,7,Skip
1,talk,64,4,15,Over
1,talk,65,4,4,Skip
1,talk,66,4,2,Skip
1,talk,67,4,10,Skip
1,talk,68,4,13,Skip
1,talk,69,4,3,Skip
1,talk,70,4,8,Skip
1,talk,71,4,12,Skip
1,talk,72,4,1,Skip
1,talk,73,4,6,Skip
1,talk,74,4,9,Skip
1,talk,75,5,11,Over
1,talk,76,5,3,Over
1,talk,77,5,1,Over
1,talk,78,5,15,Over
1,talk,79,5,9,Over
1,talk,80,5,14,Over
1,talk,81,5,12,Over
1,talk,82,5,6,Over
1,talk,83,5,13,Over
1,talk,84,5,7,Over
1,talk,85,5,4,Over
1,talk,86,5,8,Over
1,talk,87,5,2,Over
1,talk,88,5,10,Over
1,talk,89,5,5,Over
1,vote,1,2
1,vote,2,1
1,vote,3,9
1,vote,4,6
1,vote,5,11
1,vote,6,12
1,vote,7,12
1,vote,8,15
1,vote,9,14
1,vote,10,12
1,vote,11,13
1,vote,12,2
1,vote,13,6
1,vote,14,7
1,vote,15,10
1,execute,12,VILLAGER
1,divine,4,3,HUMAN
1,whisper,0,0,1,BECAUSE (Agent[08] COMINGOUT Agent[08] MEDIUM) (ATTACK Agent[08])
1,whisper,1,0,9,BECAUSE (Agent[08] COMINGOUT Agent[08] MEDIUM) (ATTACK Agent[08])
1,whisper,2,0,10,BECAUSE (Agent[08] COMINGOUT Agent[08] MEDIUM) (ATTACK Agent[08])
1,whisper,3,1,1,Skip
1,whisper,4,1,10,Skip
1,whisper,5,1,9,Skip
1,whisper,6,2,1,Skip
1,whisper,7,2,10,Skip
1,whisper,8,2,9,Skip
1,whisper,9,3,10,Over
1,whisper,10,3,1,Over
1,whisper,11,3,9,Over
1,guard,3,8,MEDIUM
1,attack,6,true
2,status,1,WEREWOLF,ALIVE,Sample9
2,status,2,VILLAGER,ALIVE,Sample12
2,status,3,BODYGUARD,ALIVE,Sample8
2,status,4,SEER,ALIVE,Sample11
2,status,5,POSSESSED,ALIVE,Sample7
2,status,6,VILLAGER,DEAD,Sample10
2,status,7,VILLAGER,ALIVE,Sample6
2,status,8,MEDIUM,ALIVE,Sample5
2,status,9,WEREWOLF,ALIVE,Sample4
2,status,10,WEREWOLF,ALIVE,Sample3
2,status,11,VILLAGER,ALIVE,Sample14
2,status,12,VILLAGER,DEAD,Sample2
2,status,13,VILLAGER,ALIVE,Sample13
2,status,14,VILLAGER,ALIVE,Sample1
2,status,15,VILLAGER,ALIVE,cash_dqn
2,talk,0,0,1,COMINGOUT Agent[01] SEER
2,talk,1,0,7,Skip
2,talk,2,0,10,COMINGOUT Agent[10] SEER
2,talk,3,0,5,Skip
2,talk,4,0,13,Skip
2,talk,5,0,8,DAY 2 (IDENTIFIED Agent[12] HUMAN)
2,talk,6,0,3,Skip
2,talk,7,0,4,COMINGOUT Agent[04] SEER
2,talk,8,0,9,ESTIMATE Agent[05] WEREWOLF
2,talk,9,0,2,Skip
2,talk,10,0,11,Skip
2,talk,11,0,15,Skip
2,talk,12,0,14,Skip
2,talk,13,1,1,ESTIMATE Agent[07] WEREWOLF
2,talk,14,1,15,VOTE Agent[07]
2,talk,15,1,10,ESTIMATE Agent[04] WEREWOLF
2,talk,16,1,13,Skip
2,talk,17,1,9,Skip
2,talk,18,1,2,Skip
2,talk,19,1,14,Skip
2,talk,20,1,11,Skip
2,talk,21,1,7,Skip
2,talk,22,1,3,Skip
2,talk,23,1,8,Skip
2,talk,24,1,4,AND (DAY 1 (DIVINED Agent[08] HUMAN)) (DAY 2 (DIVINED Agent[03] HUMAN))
2,talk,25,1,5,COMINGOUT Agent[05] SEER
2,talk,26,2,14,VOTE Agent[10]
2,talk,27,2,10,DIVINED Agent[12] WEREWOLF
2,talk,28,2,11,VOTE Agent[14]
2,talk,29,2,13,VOTE Agent[09]
2,talk,30,2,4,BECAUSE (AND (COMINGOUT Agent[04] SEER) (Agent[10] COMINGOUT Agent[10] SEER)) (XOR (ESTIMATE Agent[10] WEREWOLF) (ESTIMATE Agent[10] POSSESSED))
2,talk,31,2,8,VOTE Agent[13]
2,talk,32,2,15,Skip
2,talk,33,2,3,VOTE Agent[15]
2,talk,34,2,2,VOTE Agent[10]
2,talk,35,2,7,VOTE Agent[08]
2,talk,36,2,9,VOTE Agent[05]
2,talk,37,2,5,AND (DAY 1 (DIVINED Agent[10] HUMAN)) (DAY 2 (DIVINED Agent[01] WEREWOLF))
2,talk,38,2,1,DIVINED Agent[11] HUMAN
2,talk,39,3,5,BECAUSE (DAY 2 (DIVINED Agent[01] WEREWOLF)) (REQUEST ANY (VOTE Agent[01]))
2,talk,40,3,8,BECAUSE (AND (DAY 2 (IDENTIFIED Agent[12] HUMAN)) (DAY 2 (Agent[10] DIVINED Agent[12] WEREWOLF))) (XOR (ESTIMATE Agent[10] WEREWOLF) (ESTIMATE Agent[10] POSSESSED))
2,talk,41,3,4,BECAUSE (XOR (ESTIMATE Agent[10] WEREWOLF) (ESTIMATE Agent[10] POSSESSED)) (VOTE Agent[10])
2,talk,42,3,13,Skip
2,talk,43,3,15,Skip
2,talk,44,3,7,Skip
2,talk,45,3,10,DIVINED Agent[04] WEREWOLF
2,talk,46,3,2,Skip
2,talk,47,3,14,Skip
2,talk,48,3,9,ESTIMATE Agent[02] WEREWOLF
2,talk,49,3,11,Skip
2,talk,50,3,3,Skip
2,talk,51,3,1,DIVINED Agent[04] HUMAN
2,talk,52,4,8,BECAUSE (XOR (ESTIMATE Agent[10] WEREWOLF) (ESTIMATE Agent[10] POSSESSED)) (VOTE Agent[10])
2,talk,53,4,9,VOTE Agent[02]
2,talk,54,4,14,Skip
2,talk,55,4,7,Skip
2,talk,56,4,3,Skip
2,talk,57,4,1,ESTIMATE Agent[04] WEREWOLF
2,talk,58,4,4,Skip
2,talk,59,4,11,Skip
2,talk,60,4,10,VOTE Agent[04]
2,talk,61,4,2,Skip
2,talk,62,4,13,Skip
2,talk,63,4,15,Over
2,talk,64,4,5,INQUIRE ANY (VOTE Agent[01])
2,talk,65,5,5,BECAUSE (DIVINED Agent[01] WEREWOLF) (VOTE Agent[01])
2,talk,66,5,14,Over
2,talk,67,5,11,Over
2,talk,68,5,13,Over
2,talk,69,5,9,Skip
2,talk,70,5,8,Skip
2,talk,71,5,10,Skip
2,talk,72,5,2,Over
2,talk,73,5,7,Over
2,talk,74,5,15,Over
2,talk,75,5,4,Skip
2,talk,76,5,3,Over
2,talk,77,5,1,VOTE Agent[04]
2,talk,78,6,4,Over
2,talk,79,6,1,Skip
2,talk,80,6,15,Over
2,talk,81,6,11,Over
2,talk,82,6,10,Skip
2,talk,83,6,5,Skip
2,talk,84,6,2,Over
2,talk,85,6,14,Over
2,talk,86,6,13,Over
2,talk,87,6,9,Skip
2,talk,88,6,3,Over
2,talk,89,6,7,Over
2,talk,90,6,8,Skip
2,talk,91,7,15,Over
2,talk,92,7,3,Over
2,talk,93,7,4,Over
2,talk,94,7,8,Over
2,talk,95,7,9,Over
2,talk,96,7,13,Over
2,talk,97,7,2,Over
2,talk,98,7,7,Over
2,talk,99,7,1,Skip
2,talk,100,7,14,Over
2,talk,101,7,10,Over
2,talk,102,7,5,Skip
2,talk,103,7,11,Over
2,talk,104,8,15,Over
2,talk,105,8,3,Over
2,talk,106,8,11,Over
2,talk,107,8,13,Over
2,talk,108,8,1,Over
2,talk,109,8,4,Over
2,talk,110,8,9,Over
2,talk,111,8,8,Over
2,talk,112,8,14,Over
2,talk,113,8,2,Over
2,talk,114,8,10,Over
2,talk,115,8,7,Over
2,talk,116,8,5,Over
2,vote,1,4
2,vote,2,10
2,vote,3,15
2,vote,4,10
2,vote,5,1
2,vote,7,8
2,vote,8,10
2,vote,9,2
2,vote,10,4
2,vote,11,14
2,vote,13,9
2,vote,14,10
2,vote,15,11
2,execute,10,WEREWOLF
2,divine,4,1,WEREWOLF
2,whisper,0,0,1,BECAUSE (AND (NOT (COMINGOUT Agent[05] WEREWOLF)) (COMINGOUT Agent[10] WEREWOLF) (DAY 2 (Agent[05] DIVINED Agent[10] HUMAN))) (ESTIMATE Agent[05] POSSESSED)
2,whisper,1,0,9,BECAUSE (AND (NOT (COMINGOUT Agent[05] WEREWOLF)) (COMINGOUT Agent[10] WEREWOLF) (DAY 2 (Agent[05] DIVINED Agent[10] HUMAN))) (ESTIMATE Agent[05] POSSESSED)
2,whisper,2,1,1,BECAUSE (Agent[08] COMINGOUT Agent[08] MEDIUM) (ATTACK Agent[08])
2,whisper,3,1,9,BECAUSE (Agent[08] COMINGOUT Agent[08] MEDIUM) (ATTACK Agent[08])
2,whisper,4,2,9,Skip
2,whisper,5,2,1,Skip
2,whisper,6,3,9,Skip
2,whisper,7,3,1,Skip
2,whisper,8,4,1,Over
2,whisper,9,4,9,Over
2,guard,3,5,POSSESSED
2,attack,13,true
3,status,1,WEREWOLF,ALIVE,Sample9
3,status,2,VILLAGER,ALIVE,Sample12
3,status,3,BODYGUARD,ALIVE,Sample8
3,status,4,SEER,ALIVE,Sample11
3,status,5,POSSESSED,ALIVE,Sample7
3,status,6,VILLAGER,DEAD,Sample10
3,status,7,VILLAGER,ALIVE,Sample6
3,status,8,MEDIUM,ALIVE,Sample5
3,status,9,WEREWOLF,ALIVE,Sample4
3,status,10,WEREWOLF,DEAD,Sample3
3,status,11,VILLAGER,ALIVE,Sample14
3,status,12,VILLAGER,DEAD,Sample2
3,status,13,VILLAGER,DEAD,Sample13
3,status,14,VILLAGER,ALIVE,Sample1
3,status,15,VILLAGER,ALIVE,cash_dqn
3,talk,0,0,3,Skip
3,talk,1,0,9,ESTIMATE Agent[15] WEREWOLF
3,talk,2,0,15,Skip
3,talk,3,0,7,Skip
3,talk,4,0,8,DAY 3 (IDENTIFIED Agent[10] WEREWOLF)
3,talk,5,0,5,DAY 3 (DIVINED Agent[15] HUMAN)
3,talk,6,0,2,Skip
3,talk,7,0,1,DIVINED Agent[15] WEREWOLF
3,talk,8,0,4,DAY 3 (DIVINED Agent[01] WEREWOLF)
3,talk,9,0,11,Skip
3,talk,10,0,14,Skip
3,talk,11,1,15,VOTE Agent[08]
3,talk,12,1,4,BECAUSE (DAY 3 (DIVINED Agent[01] WEREWOLF)) (REQUEST ANY (VOTE Agent[01]))
3,talk,13,1,11,Skip
3,talk,14,1,5,BECAUSE (DAY 2 (DIVINED Agent[01] WEREWOLF)) (REQUEST ANY (VOTE Agent[01]))
3,talk,15,1,2,Skip
3,talk,16,1,9,Skip
3,talk,17,1,1,ESTIMATE Agent[15] WEREWOLF
3,talk,18,1,7,Skip
3,talk,19,1,3,Skip
3,talk,20,1,8,BECAUSE (AND (DAY 3 (IDENTIFIED Agent[10] WEREWOLF)) (DAY 2 (Agent[05] DIVINED Agent[10] HUMAN))) (XOR (ESTIMATE Agent[05] WEREWOLF) (ESTIMATE Agent[05] POSSESSED))
3,talk,21,1,14,Skip
3,talk,22,2,3,VOTE Agent[11]
3,talk,23,2,8,BECAUSE (XOR (ESTIMATE Agent[05] WEREWOLF) (ESTIMATE Agent[05] POSSESSED)) (VOTE Agent[05])
3,talk,24,2,7,VOTE Agent[09]
3,talk,25,2,5,INQUIRE ANY (VOTE Agent[01])
3,talk,26,2,2,VOTE Agent[01]
3,talk,27,2,11,VOTE Agent[03]
3,talk,28,2,14,VOTE Agent[07]
3,talk,29,2,15,Skip
3,talk,30,2,1,VOTE Agent[15]
3,talk,31,2,4,INQUIRE ANY (VOTE Agent[01])
3,talk,32,2,9,VOTE Agent[15]
3,talk,33,3,9,Skip
3,talk,34,3,15,Skip
3,talk,35,3,7,Skip
3,talk,36,3,2,Skip
3,talk,37,3,4,BECAUSE (DIVINED Agent[01] WEREWOLF) (VOTE Agent[01])
3,talk,38,3,3,Skip
3,talk,39,3,5,BECAUSE (DIVINED Agent[01] WEREWOLF) (VOTE Agent[01])
3,talk,40,3,8,Skip
3,talk,41,3,14,Skip
3,talk,42,3,11,Skip
3,talk,43,3,1,Skip
3,talk,44,4,9,Skip
3,talk,45,4,8,Skip
3,talk,46,4,7,Skip
3,talk,47,4,11,Skip
3,talk,48,4,5,Skip
3,talk,49,4,3,Skip
3,talk,50,4,2,Skip
3,talk,51,4,14,Skip
3,talk,52,4,1,Skip
3,talk,53,4,4,Skip
3,talk,54,4,15,Over
3,talk,55,5,15,Over
3,talk,56,5,2,Over
3,talk,57,5,1,Over
3,talk,58,5,11,Over
3,talk,59,5,3,Over
3,talk,60,5,5,Skip
3,talk,61,5,14,Over
3,talk,62,5,9,Over
3,talk,63,5,8,Over
3,talk,64,5,7,Over
3,talk,65,5,4,Skip
3,talk,66,6,15,Over
3,talk,67,6,1,Over
3,talk,68,6,9,Over
3,talk,69,6,2,Over
3,talk,70,6,8,Over
3,talk,71,6,5,Over
3,talk,72,6,14,Over
3,talk,73,6,3,Over
3,talk,74,6,7,Over
3,talk,75,6,11,Over
3,talk,76,6,4,Over
3,vote,1,15
3,vote,2,1
3,vote,3,11
3,vote,4,1
3,vote,5,1
3,vote,7,9
3,vote,8,5
3,vote,9,15
3,vote,11,3
3,vote,14,7
3,vote,15,5
3,execute,1,WEREWOLF
3,guard,3,4,SEER
3,attackVote,9,8
3,attack,8,true
4,status,1,WEREWOLF,DEAD,Sample9
4,status,2,VILLAGER,ALIVE,Sample12
4,status,3,BODYGUARD,ALIVE,Sample8
4,status,4,SEER,ALIVE,Sample11
4,status,5,POSSESSED,ALIVE,Sample7
4,status,6,VILLAGER,DEAD,Sample10
4,status,7,VILLAGER,ALIVE,Sample6
4,status,8,MEDIUM,DEAD,Sample5
4,status,9,WEREWOLF,ALIVE,Sample4
4,status,10,WEREWOLF,DEAD,Sample3
4,status,11,VILLAGER,ALIVE,Sample14
4,status,12,VILLAGER,DEAD,Sample2
4,status,13,VILLAGER,DEAD,Sample13
4,status,14,VILLAGER,ALIVE,Sample1
4,status,15,VILLAGER,ALIVE,cash_dqn
4,talk,0,0,11,Skip
4,talk,1,0,7,Skip
4,talk,2,0,14,Skip
4,talk,3,0,9,ESTIMATE Agent[14] WEREWOLF
4,talk,4,0,4,BECAUSE (AND (COMINGOUT Agent[04] SEER) (Agent[05] COMINGOUT Agent[05] SEER)) (XOR (ESTIMATE Agent[05] WEREWOLF) (ESTIMATE Agent[05] POSSESSED))
4,talk,5,0,15,Skip
4,talk,6,0,2,Skip
4,talk,7,0,3,Skip
4,talk,8,0,5,DAY 4 (DIVINED Agent[11] HUMAN)
4,talk,9,1,15,VOTE Agent[07]
4,talk,10,1,5,BECAUSE (AND (COMINGOUT Agent[05] SEER) (Agent[04] COMINGOUT Agent[04] SEER)) (XOR (ESTIMATE Agent[04] WEREWOLF) (ESTIMATE Agent[04] POSSESSED))
4,talk,11,1,7,Skip
4,talk,12,1,9,Skip
4,talk,13,1,11,Skip
4,talk,14,1,2,Skip
4,talk,15,1,4,Skip
4,talk,16,1,3,Skip
4,talk,17,1,14,Skip
4,talk,18,2,9,VOTE Agent[14]
4,talk,19,2,7,VOTE Agent[15]
4,talk,20,2,14,VOTE Agent[09]
4,talk,21,2,4,BECAUSE (XOR (ESTIMATE Agent[05] WEREWOLF) (ESTIMATE Agent[05] POSSESSED)) (VOTE Agent[05])
4,talk,22,2,15,Skip
4,talk,23,2,3,VOTE Agent[11]
4,talk,24,2,2,VOTE Agent[09]
4,talk,25,2,11,VOTE Agent[09]
4,talk,26,2,5,BECAUSE (XOR (ESTIMATE Agent[04] WEREWOLF) (ESTIMATE Agent[04] POSSESSED)) (VOTE Agent[04])
4,talk,27,3,4,Skip
4,talk,28,3,5,Skip
4,talk,29,3,2,Skip
4,talk,30,3,15,Skip
4,talk,31,3,3,Skip
4,talk,32,3,11,Skip
4,talk,33,3,14,Skip
4,talk,34,3,9,Skip
4,talk,35,3,7,Skip
4,talk,36,4,14,Skip
4,talk,37,4,11,Skip
4,talk,38,4,3,Skip
4,talk,39,4,9,Skip
4,talk,40,4,2,Skip
4,talk,41,4,5,Skip
4,talk,42,4,15,Over
4,talk,43,4,4,Skip
4,talk,44,4,7,Skip
4,talk,45,5,4,Over
4,talk,46,5,14,Over
4,talk,47,5,15,Over
4,talk,48,5,3,Over
4,talk,49,5,9,Over
4,talk,50,5,5,Over
4,talk,51,5,11,Over
4,talk,52,5,7,Over
4,talk,53,5,2,Over
4,vote,2,9
4,vote,3,11
4,vote,4,5
4,vote,5,4
4,vote,7,15
4,vote,9,14
4,vote,11,9
4,vote,14,9
4,vote,15,11
4,execute,9,WEREWOLF
4,divine,4,5,HUMAN
4,guard,3,5,POSSESSED
5,status,1,WEREWOLF,DEAD,Sample9
5,status,2,VILLAGER,ALIVE,Sample12
5,status,3,BODYGUARD,ALIVE,Sample8
5,status,4,SEER,ALIVE,Sample11
5,status,5,POSSESSED,ALIVE,Sample7
5,status,6,VILLAGER,DEAD,Sample10
5,status,7,VILLAGER,ALIVE,Sample6
5,status,8,MEDIUM,DEAD,Sample5
5,status,9,WEREWOLF,DEAD,Sample4
5,status,10,WEREWOLF,DEAD,Sample3
5,status,11,VILLAGER,ALIVE,Sample14
5,status,12,VILLAGER,DEAD,Sample2
5,status,13,VILLAGER,DEAD,Sample13
5,status,14,VILLAGER,ALIVE,Sample1
5,status,15,VILLAGER,ALIVE,cash_dqn
5,result,8,0,VILLAGER
