0,status,1,VILLAGER,ALIVE,Sample9
0,status,2,WEREWOLF,ALIVE,Sample12
0,status,3,VILLAGER,ALIVE,Sample8
0,status,4,VILLAGER,ALIVE,Sample11
0,status,5,WEREWOLF,ALIVE,Sample7
0,status,6,VILLAGER,ALIVE,Sample10
0,status,7,VILLAGER,ALIVE,Sample6
0,status,8,VILLAGER,ALIVE,Sample5
0,status,9,VILLAGER,ALIVE,Sample4
0,status,10,SEER,ALIVE,Sample3
0,status,11,BODYGUARD,ALIVE,Sample14
0,status,12,WEREWOLF,ALIVE,Sample2
0,status,13,POSSESSED,ALIVE,Sample13
0,status,14,MEDIUM,ALIVE,Sample1
0,status,15,VILLAGER,ALIVE,cash_dqn
0,whisper,0,0,12,COMINGOUT Agent[12] MEDIUM
0,whisper,1,0,5,COMINGOUT Agent[05] VILLAGER
0,whisper,2,0,2,COMINGOUT Agent[02] SEER
0,whisper,3,1,5,ATTACK Agent[09]
0,whisper,4,1,12,ATTACK Agent[10]
0,whisper,5,1,2,ATTACK Agent[10]
0,whisper,6,2,2,Skip
0,whisper,7,2,12,Skip
0,whisper,8,2,5,Skip
0,whisper,9,3,5,Skip
0,whisper,10,3,2,Skip
0,whisper,11,3,12,Skip
0,whisper,12,4,2,Over
0,whisper,13,4,12,Over
0,whisper,14,4,5,Over
0,divine,10,1,HUMAN
1,status,1,VILLAGER,ALIVE,Sample9
1,status,2,WEREWOLF,ALIVE,Sample12
1,status,3,VILLAGER,ALIVE,Sample8
1,status,4,VILLAGER,ALIVE,Sample11
1,status,5,WEREWOLF,ALIVE,Sample7
1,status,6,VILLAGER,ALIVE,Sample10
1,status,7,VILLAGER,ALIVE,Sample6
1,status,8,VILLAGER,ALIVE,Sample5
1,status,9,VILLAGER,ALIVE,Sample4
1,status,10,SEER,ALIVE,Sample3
1,status,11,BODYGUARD,ALIVE,Sample14
1,status,12,WEREWOLF,ALIVE,Sample2
1,status,13,POSSESSED,ALIVE,Sample13
1,status,14,MEDIUM,ALIVE,Sample1
1,status,15,VILLAGER,ALIVE,cash_dqn
1,talk,0,0,1,Skip
1,talk,1,0,15,Skip
1,talk,2,0,14,Skip
1,talk,3,0,3,Skip
1,talk,4,0,7,Skip
1,talk,5,0,4,Skip
1,talk,6,0,11,Skip
1,talk,7,0,12,ESTIMATE Agent[04] WEREWOLF
1,talk,8,0,9,Skip
1,talk,9,0,13,Skip
1,talk,10,0,2,ESTIMATE Agent[09] WEREWOLF
1,talk,11,0,8,Skip
1,talk,12,0,6,Skip
1,talk,13,0,10,Skip
1,talk,14,0,5,ESTIMATE Agent[06] WEREWOLF
1,talk,15,1,6,Skip
1,talk,16,1,10,Skip
1,talk,17,1,4,Skip
1,talk,18,1,3,Skip
1,talk,19,1,9,Skip
1,talk,20,1,1,Skip
1,talk,21,1,12,Skip
1,talk,22,1,2,Skip
1,talk,23,1,7,Skip
1,talk,24,1,15,VOTE Agent[10]
1,talk,25,1,13,Skip
1,talk,26,1,5,Skip
1,talk,27,1,14,Skip
1,talk,28,1,11,Skip
1,talk,29,1,8,Skip
1,talk,30,2,4,VOTE Agent[15]
1,talk,31,2,15,Skip
1,talk,32,2,10,VOTE Agent[07]
1,talk,33,2,9,VOTE Agent[15]
1,talk,34,2,7,VOTE Agent[06]
1,talk,35,2,14,VOTE Agent[05]
1,talk,36,2,13,VOTE Agent[01]
1,talk,37,2,11,VOTE Agent[13]
1,talk,38,2,2,VOTE Agent[09]
1,talk,39,2,1,VOTE Agent[13]
1,talk,40,2,12,VOTE Agent[04]
1,talk,41,2,6,VOTE Agent[10]
1,talk,42,2,3,VOTE Agent[13]
1,talk,43,2,5,VOTE Agent[06]
1,talk,44,2,8,VOTE Agent[10]
1,talk,45,3,11,Skip
1,talk,46,3,5,Skip
1,talk,47,3,10,Skip
1,talk,48,3,9,Skip
1,talk,49,3,13,Skip
1,talk,50,3,3,Skip
1,talk,51,3,6,Skip
1,talk,52,3,15,Skip
1,talk,53,3,12,Skip
1,talk,54,3,14,Skip
1,talk,55,3,2,Skip
1,talk,56,3,7,Skip
1,talk,57,3,1,Skip
1,talk,58,3,4,Skip
1,talk,59,3,8,Skip
1,talk,60,4,9,Skip
1,talk,61,4,13,Skip
1,talk,62,4,12,Skip
1,talk,63,4,14,Skip
1,talk,64,4,8,Skip
1,talk,65,4,3,Skip
1,talk,66,4,10,Skip
1,talk,67,4,2,Skip
1,talk,68,4,5,Skip
1,talk,69,4,4,Skip
1,talk,70,4,11,Skip
1,talk,71,4,1,Skip
1,talk,72,4,7,Skip
1,talk,73,4,15,Over
1,talk,74,4,6,Skip
1,talk,75,5,14,Over
1,talk,76,5,15,Over
1,talk,77,5,13,Over
1,talk,78,5,4,Over
1,talk,79,5,10,Over
1,talk,80,5,6,Over
1,talk,81,5,9,Over
1,talk,82,5,12,Over
1,talk,83,5,1,Over
1,talk,84,5,2,Over
1,talk,85,5,5,Over
1,talk,86,5,11,Over
1,talk,87,5,7,Over
1,talk,88,5,8,Over
1,talk,89,5,3,Over
1,vote,1,13
1,vote,2,9
1,vote,3,13
1,vote,4,15
1,vote,5,6
1,vote,6,10
1,vote,7,6
1,vote,8,10
1,vote,9,15
1,vote,10,7
1,vote,11,13
1,vote,12,4
1,vote,13,1
1,vote,14,5
1,vote,15,10
1,vote,1,13
1,vote,2,9
1,vote,3,13
1,vote,4,15
1,vote,5,6
1,vote,6,10
1,vote,7,6
1,vote,8,10
1,vote,9,15
1,vote,10,7
1,vote,11,13
1,vote,12,4
1,vote,13,1
1,vote,14,5
1,vote,15,7
1,execute,13,POSSESSED
1,divine,10,12,WEREWOLF
1,whisper,0,0,2,ATTACK Agent[11]
1,whisper,1,0,5,ATTACK Agent[14]
1,whisper,2,0,12,ATTACK Agent[07]
1,whisper,3,1,2,Skip
1,whisper,4,1,12,Skip
1,whisper,5,1,5,Skip
1,whisper,6,2,5,Skip
1,whisper,7,2,12,Skip
1,whisper,8,2,2,Skip
1,whisper,9,3,12,Over
1,whisper,10,3,2,Over
1,whisper,11,3,5,Over
1,guard,11,9,VILLAGER
1,attack,14,true
2,status,1,VILLAGER,ALIVE,Sample9
2,status,2,WEREWOLF,ALIVE,Sample12
2,status,3,VILLAGER,ALIVE,Sample8
2,status,4,VILLAGER,ALIVE,Sample11
2,status,5,WEREWOLF,ALIVE,Sample7
2,status,6,VILLAGER,ALIVE,Sample10
2,status,7,VILLAGER,ALIVE,Sample6
2,status,8,VILLAGER,ALIVE,Sample5
2,status,9,VILLAGER,ALIVE,Sample4
2,status,10,SEER,ALIVE,Sample3
2,status,11,BODYGUARD,ALIVE,Sample14
2,status,12,WEREWOLF,ALIVE,Sample2
2,status,13,POSSESSED,DEAD,Sample13
2,status,14,MEDIUM,DEAD,Sample1
2,status,15,VILLAGER,ALIVE,cash_dqn
2,talk,0,0,3,Skip
2,talk,1,0,2,ESTIMATE Agent[10] WEREWOLF
2,talk,2,0,6,Skip
2,talk,3,0,7,Skip
2,talk,4,0,5,ESTIMATE Agent[07] WEREWOLF
2,talk,5,0,15,Skip
2,talk,6,0,12,ESTIMATE Agent[09] WEREWOLF
2,talk,7,0,8,Skip
2,talk,8,0,11,Skip
2,talk,9,0,1,Skip
2,talk,10,0,4,Skip
2,talk,11,0,9,Skip
2,talk,12,0,10,COMINGOUT Agent[10] SEER
2,talk,13,1,1,Skip
2,talk,14,1,5,Skip
2,talk,15,1,6,Skip
2,talk,16,1,3,Skip
2,talk,17,1,12,Skip
2,talk,18,1,9,Skip
2,talk,19,1,11,Skip
2,talk,20,1,2,COMINGOUT Agent[02] SEER
2,talk,21,1,4,Skip
2,talk,22,1,15,VOTE Agent[08]
2,talk,23,1,10,AND (DAY 1 (DIVINED Agent[01] HUMAN)) (DAY 2 (DIVINED Agent[12] WEREWOLF))
2,talk,24,1,8,Skip
2,talk,25,1,7,Skip
2,talk,26,2,11,VOTE Agent[09]
2,talk,27,2,12,VOTE Agent[09]
2,talk,28,2,4,VOTE Agent[02]
2,talk,29,2,15,Skip
2,talk,30,2,8,VOTE Agent[11]
2,talk,31,2,3,VOTE Agent[10]
2,talk,32,2,6,VOTE Agent[01]
2,talk,33,2,1,VOTE Agent[12]
2,talk,34,2,7,VOTE Agent[09]
2,talk,35,2,2,DIVINED Agent[05] HUMAN
2,talk,36,2,10,BECAUSE (DAY 2 (DIVINED Agent[12] WEREWOLF)) (REQUEST ANY (VOTE Agent[12]))
2,talk,37,2,5,VOTE Agent[07]
2,talk,38,2,9,VOTE Agent[06]
2,talk,39,3,8,Skip
2,talk,40,3,2,DIVINED Agent[15] HUMAN
2,talk,41,3,4,Skip
2,talk,42,3,5,Skip
2,talk,43,3,10,INQUIRE ANY (VOTE Agent[12])
2,talk,44,3,11,Skip
2,talk,45,3,3,Skip
2,talk,46,3,7,Skip
2,talk,47,3,1,Skip
2,talk,48,3,6,Skip
2,talk,49,3,12,Skip
2,talk,50,3,9,Skip
2,talk,51,3,15,Skip
2,talk,52,4,11,Skip
2,talk,53,4,4,Skip
2,talk,54,4,7,Skip
2,talk,55,4,12,Skip
2,talk,56,4,9,Skip
2,talk,57,4,5,Skip
2,talk,58,4,8,Skip
2,talk,59,4,2,VOTE Agent[10]
2,talk,60,4,10,BECAUSE (DIVINED Agent[12] WEREWOLF) (VOTE Agent[12])
2,talk,61,4,15,Over
2,talk,62,4,6,Skip
2,talk,63,4,3,Skip
2,talk,64,4,1,Skip
2,talk,65,5,4,Over
2,talk,66,5,6,Over
2,talk,67,5,11,Over
2,talk,68,5,10,Skip
2,talk,69,5,5,Over
2,talk,70,5,12,Over
2,talk,71,5,3,Over
2,talk,72,5,1,Over
2,talk,73,5,2,Skip
2,talk,74,5,7,Over
2,talk,75,5,15,Over
2,talk,76,5,8,Over
2,talk,77,5,9,Over
2,talk,78,6,15,Over
2,talk,79,6,9,Over
2,talk,80,6,3,Over
2,talk,81,6,6,Over
2,talk,82,6,2,Skip
2,talk,83,6,8,Over
2,talk,84,6,10,Skip
2,talk,85,6,4,Over
2,talk,86,6,12,Over
2,talk,87,6,11,Over
2,talk,88,6,7,Over
2,talk,89,6,1,Over
2,talk,90,6,5,Over
2,talk,91,7,9,Over
2,talk,92,7,7,Over
2,talk,93,7,5,Over
2,talk,94,7,8,Over
2,talk,95,7,3,Over
2,talk,96,7,11,Over
2,talk,97,7,10,Over
2,talk,98,7,2,Over
2,talk,99,7,4,Over
2,talk,100,7,15,Over
2,talk,101,7,1,Over
2,talk,102,7,6,Over
2,talk,103,7,12,Over
2,vote,1,12
2,vote,2,10
2,vote,3,10
2,vote,4,2
2,vote,5,7
2,vote,6,1
2,vote,7,9
2,vote,8,11
2,vote,9,6
2,vote,10,12
2,vote,11,9
2,vote,12,9
2,vote,15,8
2,execute,9,VILLAGER
2,divine,10,7,HUMAN
2,whisper,0,0,12,BECAUSE (Agent[10] COMINGOUT Agent[10] SEER) (ATTACK Agent[10])
2,whisper,1,0,2,BECAUSE (Agent[10] COMINGOUT Agent[10] SEER) (ATTACK Agent[10])
2,whisper,2,0,5,BECAUSE (Agent[10] COMINGOUT Agent[10] SEER) (ATTACK Agent[10])
2,whisper,3,1,5,Skip
2,whisper,4,1,2,Skip
2,whisper,5,1,12,Skip
2,whisper,6,2,5,Skip
2,whisper,7,2,12,Skip
2,whisper,8,2,2,Skip
2,whisper,9,3,2,Over
2,whisper,10,3,12,Over
2,whisper,11,3,5,Over
2,guard,11,10,SEER
2,attack,4,true
3,status,1,VILLAGER,ALIVE,Sample9
3,status,2,WEREWOLF,ALIVE,Sample12
3,status,3,VILLAGER,ALIVE,Sample8
3,status,4,VILLAGER,DEAD,Sample11
3,status,5,WEREWOLF,ALIVE,Sample7
3,status,6,VILLAGER,ALIVE,Sample10
3,status,7,VILLAGER,ALIVE,Sample6
3,status,8,VILLAGER,ALIVE,Sample5
3,status,9,VILLAGER,DEAD,Sample4
3,status,10,SEER,ALIVE,Sample3
3,status,11,BODYGUARD,ALIVE,Sample14
3,status,12,WEREWOLF,ALIVE,Sample2
3,status,13,POSSESSED,DEAD,Sample13
3,status,14,MEDIUM,DEAD,Sample1
3,status,15,VILLAGER,ALIVE,cash_dqn
3,talk,0,0,5,ESTIMATE Agent[10] WEREWOLF
3,talk,1,0,8,Skip
3,talk,2,0,12,COMINGOUT Agent[12] MEDIUM
3,talk,3,0,15,Skip
3,talk,4,0,3,Skip
3,talk,5,0,2,DIVINED Agent[11] HUMAN
3,talk,6,0,7,Skip
3,talk,7,0,10,DAY 3 (DIVINED Agent[07] HUMAN)
3,talk,8,0,1,Skip
3,talk,9,0,6,Skip
3,talk,10,0,11,Skip
3,talk,11,1,3,Skip
3,talk,12,1,6,Skip
3,talk,13,1,1,Skip
3,talk,14,1,11,Skip
3,talk,15,1,15,VOTE Agent[07]
3,talk,16,1,5,Skip
3,talk,17,1,2,ESTIMATE Agent[10] WEREWOLF
3,talk,18,1,12,ESTIMATE Agent[06] WEREWOLF
3,talk,19,1,8,Skip
3,talk,20,1,7,Skip
3,talk,21,1,10,BECAUSE (DAY 2 (DIVINED Agent[12] WEREWOLF)) (REQUEST ANY (VOTE Agent[12]))
3,talk,22,2,6,VOTE Agent[11]
3,talk,23,2,5,VOTE Agent[10]
3,talk,24,2,2,VOTE Agent[10]
3,talk,25,2,3,VOTE Agent[11]
3,talk,26,2,7,VOTE Agent[10]
3,talk,27,2,12,IDENTIFIED Agent[13] HUMAN
3,talk,28,2,8,VOTE Agent[05]
3,talk,29,2,15,Skip
3,talk,30,2,11,VOTE Agent[06]
3,talk,31,2,1,VOTE Agent[06]
3,talk,32,2,10,INQUIRE ANY (VOTE Agent[12])
3,talk,33,3,12,IDENTIFIED Agent[09] WEREWOLF
3,talk,34,3,8,Skip
3,talk,35,3,6,Skip
3,talk,36,3,10,BECAUSE (DIVINED Agent[12] WEREWOLF) (VOTE Agent[12])
3,talk,37,3,7,Skip
3,talk,38,3,3,Skip
3,talk,39,3,5,Skip
3,talk,40,3,11,Skip
3,talk,41,3,2,Skip
3,talk,42,3,15,Skip
3,talk,43,3,1,Skip
3,talk,44,4,7,Skip
3,talk,45,4,11,Skip
3,talk,46,4,6,Skip
3,talk,47,4,15,Over
3,talk,48,4,3,Skip
3,talk,49,4,10,Skip
3,talk,50,4,1,Skip
3,talk,51,4,2,Skip
3,talk,52,4,8,Skip
3,talk,53,4,5,Skip
3,talk,54,4,12,VOTE Agent[06]
3,talk,55,5,7,Over
3,talk,56,5,15,Over
3,talk,57,5,6,Over
3,talk,58,5,5,Over
3,talk,59,5,10,Skip
3,talk,60,5,12,Skip
3,talk,61,5,2,Over
3,talk,62,5,3,Over
3,talk,63,5,8,Over
3,talk,64,5,11,Over
3,talk,65,5,1,Over
3,talk,66,6,2,Over
3,talk,67,6,8,Over
3,talk,68,6,7,Over
3,talk,69,6,12,Skip
3,talk,70,6,10,Over
3,talk,71,6,6,Over
3,talk,72,6,3,Over
3,talk,73,6,1,Over
3,talk,74,6,15,Over
3,talk,75,6,11,Over
3,talk,76,6,5,Over
3,talk,77,7,3,Over
3,talk,78,7,11,Over
3,talk,79,7,2,Over
3,talk,80,7,12,Over
3,talk,81,7,10,Over
3,talk,82,7,1,Over
3,talk,83,7,8,Over
3,talk,84,7,6,Over
3,talk,85,7,15,Over
3,talk,86,7,5,Over
3,talk,87,7,7,Over
3,vote,1,6
3,vote,2,10
3,vote,3,11
3,vote,5,10
3,vote,6,11
3,vote,7,10
3,vote,8,5
3,vote,10,12
3,vote,11,6
3,vote,12,6
3,vote,15,10
3,execute,10,SEER
3,whisper,0,0,12,ATTACK Agent[06]
3,whisper,1,0,2,ATTACK Agent[07]
3,whisper,2,0,5,ATTACK Agent[01]
3,whisper,3,1,5,Skip
3,whisper,4,1,2,Skip
3,whisper,5,1,12,Skip
3,whisper,6,2,5,Skip
3,whisper,7,2,2,Skip
3,whisper,8,2,12,Skip
3,whisper,9,3,2,Over
3,whisper,10,3,5,Over
3,whisper,11,3,12,Over
3,guard,11,2,WEREWOLF
3,attack,6,true
4,status,1,VILLAGER,ALIVE,Sample9
4,status,2,WEREWOLF,ALIVE,Sample12
4,status,3,VILLAGER,ALIVE,Sample8
4,status,4,VILLAGER,DEAD,Sample11
4,status,5,WEREWOLF,ALIVE,Sample7
4,status,6,VILLAGER,DEAD,Sample10
4,status,7,VILLAGER,ALIVE,Sample6
4,status,8,VILLAGER,ALIVE,Sample5
4,status,9,VILLAGER,DEAD,Sample4
4,status,10,SEER,DEAD,Sample3
4,status,11,BODYGUARD,ALIVE,Sample14
4,status,12,WEREWOLF,ALIVE,Sample2
4,status,13,POSSESSED,DEAD,Sample13
4,status,14,MEDIUM,DEAD,Sample1
4,status,15,VILLAGER,ALIVE,cash_dqn
4,talk,0,0,1,Skip
4,talk,1,0,8,Skip
4,talk,2,0,3,Skip
4,talk,3,0,2,DIVINED Agent[01] HUMAN
4,talk,4,0,12,IDENTIFIED Agent[10] WEREWOLF
4,talk,5,0,15,Skip
4,talk,6,0,11,Skip
4,talk,7,0,5,ESTIMATE Agent[11] WEREWOLF
4,talk,8,0,7,Skip
4,talk,9,1,15,VOTE Agent[08]
4,talk,10,1,5,Skip
4,talk,11,1,3,Skip
4,talk,12,1,1,Skip
4,talk,13,1,12,ESTIMATE Agent[07] WEREWOLF
4,talk,14,1,2,ESTIMATE Agent[03] WEREWOLF
4,talk,15,1,7,Skip
4,talk,16,1,8,Skip
4,talk,17,1,11,Skip
4,talk,18,2,7,VOTE Agent[15]
4,talk,19,2,12,VOTE Agent[07]
4,talk,20,2,8,VOTE Agent[12]
4,talk,21,2,5,VOTE Agent[11]
4,talk,22,2,1,VOTE Agent[08]
4,talk,23,2,15,Skip
4,talk,24,2,2,VOTE Agent[03]
4,talk,25,2,3,VOTE Agent[12]
4,talk,26,2,11,VOTE Agent[01]
4,talk,27,3,7,Skip
4,talk,28,3,1,Skip
4,talk,29,3,5,Skip
4,talk,30,3,11,Skip
4,talk,31,3,3,Skip
4,talk,32,3,8,Skip
4,talk,33,3,12,Skip
4,talk,34,3,2,Skip
4,talk,35,3,15,Skip
4,talk,36,4,7,Skip
4,talk,37,4,3,Skip
4,talk,38,4,8,Skip
4,talk,39,4,2,Skip
4,talk,40,4,11,Skip
4,talk,41,4,15,Over
4,talk,42,4,12,Skip
4,talk,43,4,5,Skip
4,talk,44,4,1,Skip
4,talk,45,5,15,Over
4,talk,46,5,3,Over
4,talk,47,5,12,Over
4,talk,48,5,7,Over
4,talk,49,5,8,Over
4,talk,50,5,11,Over
4,talk,51,5,2,Over
4,talk,52,5,5,Over
4,talk,53,5,1,Over
4,vote,1,8
4,vote,2,3
4,vote,3,12
4,vote,5,11
4,vote,7,15
4,vote,8,12
4,vote,11,1
4,vote,12,7
4,vote,15,1
4,vote,1,8
4,vote,2,3
4,vote,3,12
4,vote,5,11
4,vote,7,15
4,vote,8,12
4,vote,11,1
4,vote,12,7
4,vote,15,11
4,execute,11,BODYGUARD
4,whisper,0,0,2,ATTACK Agent[15]
4,whisper,1,0,12,ATTACK Agent[15]
4,whisper,2,0,5,ATTACK Agent[08]
4,whisper,3,1,12,Skip
4,whisper,4,1,2,Skip
4,whisper,5,1,5,Skip
4,whisper,6,2,5,Skip
4,whisper,7,2,12,Skip
4,whisper,8,2,2,Skip
4,whisper,9,3,5,Over
4,whisper,10,3,12,Over
4,whisper,11,3,2,Over
4,attack,3,true
5,status,1,VILLAGER,ALIVE,Sample9
5,status,2,WEREWOLF,ALIVE,Sample12
5,status,3,VILLAGER,DEAD,Sample8
5,status,4,VILLAGER,DEAD,Sample11
5,status,5,WEREWOLF,ALIVE,Sample7
5,status,6,VILLAGER,DEAD,Sample10
5,status,7,VILLAGER,ALIVE,Sample6
5,status,8,VILLAGER,ALIVE,Sample5
5,status,9,VILLAGER,DEAD,Sample4
5,status,10,SEER,DEAD,Sample3
5,status,11,BODYGUARD,DEAD,Sample14
5,status,12,WEREWOLF,ALIVE,Sample2
5,status,13,POSSESSED,DEAD,Sample13
5,status,14,MEDIUM,DEAD,Sample1
5,status,15,VILLAGER,ALIVE,cash_dqn
5,talk,0,0,5,ESTIMATE Agent[01] WEREWOLF
5,talk,1,0,12,IDENTIFIED Agent[11] HUMAN
5,talk,2,0,2,DIVINED Agent[12] HUMAN
5,talk,3,0,1,Skip
5,talk,4,0,15,Skip
5,talk,5,0,8,Skip
5,talk,6,0,7,Skip
5,talk,7,1,1,Skip
5,talk,8,1,12,ESTIMATE Agent[01] WEREWOLF
5,talk,9,1,5,Skip
5,talk,10,1,8,Skip
5,talk,11,1,2,ESTIMATE Agent[07] WEREWOLF
5,talk,12,1,7,Skip
5,talk,13,1,15,VOTE Agent[07]
5,talk,14,2,5,VOTE Agent[01]
5,talk,15,2,15,Skip
5,talk,16,2,7,VOTE Agent[12]
5,talk,17,2,8,VOTE Agent[07]
5,talk,18,2,1,VOTE Agent[15]
5,talk,19,2,2,VOTE Agent[07]
5,talk,20,2,12,VOTE Agent[01]
5,talk,21,3,15,Skip
5,talk,22,3,8,Skip
5,talk,23,3,7,Skip
5,talk,24,3,2,Skip
5,talk,25,3,5,Skip
5,talk,26,3,12,Skip
5,talk,27,3,1,Skip
5,talk,28,4,5,Skip
5,talk,29,4,12,Skip
5,talk,30,4,1,Skip
5,talk,31,4,7,Skip
5,talk,32,4,8,Skip
5,talk,33,4,2,Skip
5,talk,34,4,15,Over
5,talk,35,5,15,Over
5,talk,36,5,8,Over
5,talk,37,5,2,Over
5,talk,38,5,7,Over
5,talk,39,5,1,Over
5,talk,40,5,5,Over
5,talk,41,5,12,Over
5,vote,1,15
5,vote,2,7
5,vote,5,1
5,vote,7,12
5,vote,8,7
5,vote,12,1
5,vote,15,1
5,execute,1,VILLAGER
5,whisper,0,0,12,ATTACK Agent[08]
5,whisper,1,0,5,ATTACK Agent[08]
5,whisper,2,0,2,ATTACK Agent[15]
5,whisper,3,1,5,Skip
5,whisper,4,1,2,Skip
5,whisper,5,1,12,Skip
5,whisper,6,2,5,Skip
5,whisper,7,2,12,Skip
5,whisper,8,2,2,Skip
5,whisper,9,3,2,Over
5,whisper,10,3,12,Over
5,whisper,11,3,5,Over
5,attack,8,true
6,status,1,VILLAGER,DEAD,Sample9
6,status,2,WEREWOLF,ALIVE,Sample12
6,status,3,VILLAGER,DEAD,Sample8
6,status,4,VILLAGER,DEAD,Sample11
6,status,5,WEREWOLF,ALIVE,Sample7
6,status,6,VILLAGER,DEAD,Sample10
6,status,7,VILLAGER,ALIVE,Sample6
6,status,8,VILLAGER,DEAD,Sample5
6,status,9,VILLAGER,DEAD,Sample4
6,status,10,SEER,DEAD,Sample3
6,status,11,BODYGUARD,DEAD,Sample14
6,status,12,WEREWOLF,ALIVE,Sample2
6,status,13,POSSESSED,DEAD,Sample13
6,status,14,MEDIUM,DEAD,Sample1
6,status,15,VILLAGER,ALIVE,cash_dqn
6,result,2,3,WEREWOLF
