0,status,1,VILLAGER,ALIVE,Sample9
0,status,2,VILLAGER,ALIVE,Sample12
0,status,3,VILLAGER,ALIVE,Sample8
0,status,4,VILLAGER,ALIVE,Sample11
0,status,5,VILLAGER,ALIVE,Sample7
0,status,6,VILLAGER,ALIVE,Sample10
0,status,7,WEREWOLF,ALIVE,Sample6
0,status,8,VILLAGER,ALIVE,Sample5
0,status,9,SEER,ALIVE,Sample4
0,status,10,WEREWOLF,ALIVE,Sample3
0,status,11,MEDIUM,ALIVE,Sample14
0,status,12,WEREWOLF,ALIVE,Sample2
0,status,13,BODYGUARD,ALIVE,Sample13
0,status,14,VILLAGER,ALIVE,Sample1
0,status,15,POSSESSED,ALIVE,cash_dqn
0,whisper,0,0,7,COMINGOUT Agent[07] MEDIUM
0,whisper,1,0,10,COMINGOUT Agent[10] MEDIUM
0,whisper,2,0,12,COMINGOUT Agent[12] VILLAGER
0,whisper,3,1,7,ATTACK Agent[06]
0,whisper,4,1,10,ATTACK Agent[03]
0,whisper,5,1,12,ATTACK Agent[13]
0,whisper,6,2,10,Skip
0,whisper,7,2,7,Skip
0,whisper,8,2,12,Skip
0,whisper,9,3,12,Skip
0,whisper,10,3,7,Skip
0,whisper,11,3,10,Skip
0,whisper,12,4,7,Over
0,whisper,13,4,10,Over
0,whisper,14,4,12,Over
0,divine,9,14,HUMAN
1,status,1,VILLAGER,ALIVE,Sample9
1,status,2,VILLAGER,ALIVE,Sample12
1,status,3,VILLAGER,ALIVE,Sample8
1,status,4,VILLAGER,ALIVE,Sample11
1,status,5,VILLAGER,ALIVE,Sample7
1,status,6,VILLAGER,ALIVE,Sample10
1,status,7,WEREWOLF,ALIVE,Sample6
1,status,8,VILLAGER,ALIVE,Sample5
1,status,9,SEER,ALIVE,Sample4
1,status,10,WEREWOLF,ALIVE,Sample3
1,status,11,MEDIUM,ALIVE,Sample14
1,status,12,WEREWOLF,ALIVE,Sample2
1,status,13,BODYGUARD,ALIVE,Sample13
1,status,14,VILLAGER,ALIVE,Sample1
1,status,15,POSSESSED,ALIVE,cash_dqn
1,talk,0,0,13,Skip
1,talk,1,0,8,Skip
1,talk,2,0,5,Skip
1,talk,3,0,6,Skip
1,talk,4,0,9,Skip
1,talk,5,0,4,Skip
1,talk,6,0,11,Skip
1,talk,7,0,1,Skip
1,talk,8,0,15,Over
1,talk,9,0,10,ESTIMATE Agent[03] WEREWOLF
1,talk,10,0,7,ESTIMATE Agent[05] WEREWOLF
1,talk,11,0,3,Skip
1,talk,12,0,2,Skip
1,talk,13,0,14,Skip
1,talk,14,0,12,ESTIMATE Agent[11] WEREWOLF
1,talk,15,1,12,Skip
1,talk,16,1,4,Skip
1,talk,17,1,1,Skip
1,talk,18,1,3,Skip
1,talk,19,1,7,Skip
1,talk,20,1,11,Skip
1,talk,21,1,5,Skip
1,talk,22,1,10,Skip
1,talk,23,1,2,Skip
1,talk,24,1,8,Skip
1,talk,25,1,6,Skip
1,talk,26,1,15,Over
1,talk,27,1,13,Skip
1,talk,28,1,9,Skip
1,talk,29,1,14,Skip
1,talk,30,2,14,VOTE Agent[08]
1,talk,31,2,7,VOTE Agent[05]
1,talk,32,2,6,VOTE Agent[15]
1,talk,33,2,13,VOTE Agent[11]
1,talk,34,2,9,VOTE Agent[08]
1,talk,35,2,4,VOTE Agent[10]
1,talk,36,2,8,VOTE Agent[05]
1,talk,37,2,12,VOTE Agent[11]
1,talk,38,2,1,VOTE Agent[08]
1,talk,39,2,3,VOTE Agent[04]
1,talk,40,2,11,VOTE Agent[15]
1,talk,41,2,2,VOTE Agent[07]
1,talk,42,2,10,VOTE Agent[03]
1,talk,43,2,15,Over
1,talk,44,2,5,VOTE Agent[08]
1,talk,45,3,1,Skip
1,talk,46,3,10,Skip
1,talk,47,3,8,Skip
1,talk,48,3,14,Skip
1,talk,49,3,15,Over
1,talk,50,3,3,Skip
1,talk,51,3,13,Skip
1,talk,52,3,4,Skip
1,talk,53,3,12,Skip
1,talk,54,3,11,Skip
1,talk,55,3,5,Skip
1,talk,56,3,9,Skip
1,talk,57,3,2,Skip
1,talk,58,3,6,Skip
1,talk,59,3,7,Skip
1,talk,60,4,10,Skip
1,talk,61,4,14,Skip
1,talk,62,4,2,Skip
1,talk,63,4,9,Skip
1,talk,64,4,6,Skip
1,talk,65,4,8,Skip
1,talk,66,4,5,Skip
1,talk,67,4,11,Skip
1,talk,68,4,12,Skip
1,talk,69,4,1,Skip
1,talk,70,4,15,Over
1,talk,71,4,7,Skip
1,talk,72,4,3,Skip
1,talk,73,4,13,Skip
1,talk,74,4,4,Skip
1,talk,75,5,8,Over
1,talk,76,5,9,Over
1,talk,77,5,3,Over
1,talk,78,5,7,Over
1,talk,79,5,2,Over
1,talk,80,5,10,Over
1,talk,81,5,1,Over
1,talk,82,5,15,Over
1,talk,83,5,6,Over
1,talk,84,5,4,Over
1,talk,85,5,14,Over
1,talk,86,5,5,Over
1,talk,87,5,11,Over
1,talk,88,5,13,Over
1,talk,89,5,12,Over
1,vote,1,8
1,vote,2,7
1,vote,3,4
1,vote,4,10
1,vote,5,8
1,vote,6,15
1,vote,7,5
1,vote,8,5
1,vote,9,8
1,vote,10,3
1,vote,11,15
1,vote,12,11
1,vote,13,11
1,vote,14,8
1,vote,15,10
1,execute,8,VILLAGER
1,divine,9,15,HUMAN
1,whisper,0,0,10,ATTACK Agent[14]
1,whisper,1,0,7,ATTACK Agent[11]
1,whisper,2,0,12,ATTACK Agent[01]
1,whisper,3,1,12,Skip
1,whisper,4,1,7,Skip
1,whisper,5,1,10,Skip
1,whisper,6,2,7,Skip
1,whisper,7,2,10,Skip
1,whisper,8,2,12,Skip
1,whisper,9,3,10,Over
1,whisper,10,3,12,Over
1,whisper,11,3,7,Over
1,guard,13,1,VILLAGER
1,attack,5,true
2,status,1,VILLAGER,ALIVE,Sample9
2,status,2,VILLAGER,ALIVE,Sample12
2,status,3,VILLAGER,ALIVE,Sample8
2,status,4,VILLAGER,ALIVE,Sample11
2,status,5,VILLAGER,DEAD,Sample7
2,status,6,VILLAGER,ALIVE,Sample10
2,status,7,WEREWOLF,ALIVE,Sample6
2,status,8,VILLAGER,DEAD,Sample5
2,status,9,SEER,ALIVE,Sample4
2,status,10,WEREWOLF,ALIVE,Sample3
2,status,11,MEDIUM,ALIVE,Sample14
2,status,12,WEREWOLF,ALIVE,Sample2
2,status,13,BODYGUARD,ALIVE,Sample13
2,status,14,VILLAGER,ALIVE,Sample1
2,status,15,POSSESSED,ALIVE,cash_dqn
2,talk,0,0,14,Skip
2,talk,1,0,11,Skip
2,talk,2,0,1,Skip
2,talk,3,0,15,Over
2,talk,4,0,2,Skip
2,talk,5,0,4,Skip
2,talk,6,0,7,COMINGOUT Agent[07] MEDIUM
2,talk,7,0,13,Skip
2,talk,8,0,6,Skip
2,talk,9,0,12,ESTIMATE Agent[01] WEREWOLF
2,talk,10,0,9,COMINGOUT Agent[09] SEER
2,talk,11,0,3,Skip
2,talk,12,0,10,COMINGOUT Agent[10] MEDIUM
2,talk,13,1,4,Skip
2,talk,14,1,10,ESTIMATE Agent[13] WEREWOLF
2,talk,15,1,7,ESTIMATE Agent[13] WEREWOLF
2,talk,16,1,1,Skip
2,talk,17,1,11,COMINGOUT Agent[11] MEDIUM
2,talk,18,1,12,Skip
2,talk,19,1,14,Skip
2,talk,20,1,13,Skip
2,talk,21,1,6,Skip
2,talk,22,1,9,AND (DAY 1 (DIVINED Agent[14] HUMAN)) (DAY 2 (DIVINED Agent[15] HUMAN))
2,talk,23,1,3,Skip
2,talk,24,1,15,Over
2,talk,25,1,2,Skip
2,talk,26,2,2,VOTE Agent[03]
2,talk,27,2,14,VOTE Agent[12]
2,talk,28,2,4,VOTE Agent[06]
2,talk,29,2,13,VOTE Agent[06]
2,talk,30,2,12,VOTE Agent[01]
2,talk,31,2,6,VOTE Agent[10]
2,talk,32,2,10,IDENTIFIED Agent[08] WEREWOLF
2,talk,33,2,9,VOTE Agent[06]
2,talk,34,2,1,VOTE Agent[13]
2,talk,35,2,11,DAY 2 (IDENTIFIED Agent[08] HUMAN)
2,talk,36,2,3,VOTE Agent[12]
2,talk,37,2,15,Over
2,talk,38,2,7,IDENTIFIED Agent[08] WEREWOLF
2,talk,39,3,10,ESTIMATE Agent[11] WEREWOLF
2,talk,40,3,14,Skip
2,talk,41,3,15,Over
2,talk,42,3,11,BECAUSE (AND (COMINGOUT Agent[11] MEDIUM) (Agent[10] COMINGOUT Agent[10] MEDIUM)) (XOR (ESTIMATE Agent[10] WEREWOLF) (ESTIMATE Agent[10] POSSESSED))
2,talk,43,3,7,ESTIMATE Agent[11] WEREWOLF
2,talk,44,3,9,Skip
2,talk,45,3,13,Skip
2,talk,46,3,4,Skip
2,talk,47,3,2,Skip
2,talk,48,3,6,Skip
2,talk,49,3,1,Skip
2,talk,50,3,12,Skip
2,talk,51,3,3,Skip
2,talk,52,4,10,VOTE Agent[11]
2,talk,53,4,1,Skip
2,talk,54,4,15,Over
2,talk,55,4,12,Skip
2,talk,56,4,11,BECAUSE (XOR (ESTIMATE Agent[10] WEREWOLF) (ESTIMATE Agent[10] POSSESSED)) (VOTE Agent[10])
2,talk,57,4,14,Skip
2,talk,58,4,13,Skip
2,talk,59,4,6,Skip
2,talk,60,4,4,Skip
2,talk,61,4,3,Skip
2,talk,62,4,2,Skip
2,talk,63,4,7,VOTE Agent[11]
2,talk,64,4,9,Skip
2,talk,65,5,3,Over
2,talk,66,5,15,Over
2,talk,67,5,10,Skip
2,talk,68,5,14,Over
2,talk,69,5,12,Over
2,talk,70,5,7,Skip
2,talk,71,5,6,Over
2,talk,72,5,9,Over
2,talk,73,5,13,Over
2,talk,74,5,4,Over
2,talk,75,5,2,Over
2,talk,76,5,11,Skip
2,talk,77,5,1,Over
2,talk,78,6,7,Skip
2,talk,79,6,10,Skip
2,talk,80,6,12,Over
2,talk,81,6,6,Over
2,talk,82,6,3,Over
2,talk,83,6,2,Over
2,talk,84,6,4,Over
2,talk,85,6,1,Over
2,talk,86,6,14,Over
2,talk,87,6,11,Skip
2,talk,88,6,13,Over
2,talk,89,6,9,Over
2,talk,90,6,15,Over
2,talk,91,7,1,Over
2,talk,92,7,3,Over
2,talk,93,7,13,Over
2,talk,94,7,2,Over
2,talk,95,7,6,Over
2,talk,96,7,11,Over
2,talk,97,7,14,Over
2,talk,98,7,9,Over
2,talk,99,7,4,Over
2,talk,100,7,7,Over
2,talk,101,7,12,Over
2,talk,102,7,10,Over
2,talk,103,7,15,Over
2,vote,1,13
2,vote,2,3
2,vote,3,12
2,vote,4,6
2,vote,6,10
2,vote,7,11
2,vote,9,6
2,vote,10,11
2,vote,11,10
2,vote,12,1
2,vote,13,6
2,vote,14,12
2,vote,15,1
2,execute,6,VILLAGER
2,divine,9,1,HUMAN
2,whisper,0,0,10,BECAUSE (Agent[09] COMINGOUT Agent[09] SEER) (ATTACK Agent[09])
2,whisper,1,0,12,BECAUSE (Agent[11] COMINGOUT Agent[11] MEDIUM) (ATTACK Agent[11])
2,whisper,2,0,7,BECAUSE (Agent[11] COMINGOUT Agent[11] MEDIUM) (ATTACK Agent[11])
2,whisper,3,1,7,Skip
2,whisper,4,1,10,Skip
2,whisper,5,1,12,Skip
2,whisper,6,2,7,Skip
2,whisper,7,2,10,Skip
2,whisper,8,2,12,Skip
2,whisper,9,3,7,Over
2,whisper,10,3,12,Over
2,whisper,11,3,10,Over
2,guard,13,9,SEER
2,attack,4,true
3,status,1,VILLAGER,ALIVE,Sample9
3,status,2,VILLAGER,ALIVE,Sample12
3,status,3,VILLAGER,ALIVE,Sample8
3,status,4,VILLAGER,DEAD,Sample11
3,status,5,VILLAGER,DEAD,Sample7
3,status,6,VILLAGER,DEAD,Sample10
3,status,7,WEREWOLF,ALIVE,Sample6
3,status,8,VILLAGER,DEAD,Sample5
3,status,9,SEER,ALIVE,Sample4
3,status,10,WEREWOLF,ALIVE,Sample3
3,status,11,MEDIUM,ALIVE,Sample14
3,status,12,WEREWOLF,ALIVE,Sample2
3,status,13,BODYGUARD,ALIVE,Sample13
3,status,14,VILLAGER,ALIVE,Sample1
3,status,15,POSSESSED,ALIVE,cash_dqn
3,talk,0,0,7,IDENTIFIED Agent[06] WEREWOLF
3,talk,1,0,3,Skip
3,talk,2,0,2,Skip
3,talk,3,0,13,Skip
3,talk,4,0,9,DAY 3 (DIVINED Agent[01] HUMAN)
3,talk,5,0,12,ESTIMATE Agent[14] WEREWOLF
3,talk,6,0,1,Skip
3,talk,7,0,14,Skip
3,talk,8,0,11,DAY 3 (IDENTIFIED Agent[06] HUMAN)
3,talk,9,0,10,IDENTIFIED Agent[06] WEREWOLF
3,talk,10,0,15,Over
3,talk,11,1,7,ESTIMATE Agent[11] WEREWOLF
3,talk,12,1,2,Skip
3,talk,13,1,13,Skip
3,talk,14,1,3,Skip
3,talk,15,1,15,Over
3,talk,16,1,12,Skip
3,talk,17,1,1,Skip
3,talk,18,1,14,Skip
3,talk,19,1,9,Skip
3,talk,20,1,10,ESTIMATE Agent[11] WEREWOLF
3,talk,21,1,11,BECAUSE (AND (COMINGOUT Agent[11] MEDIUM) (Agent[07] COMINGOUT Agent[07] MEDIUM)) (XOR (ESTIMATE Agent[07] WEREWOLF) (ESTIMATE Agent[07] POSSESSED))
3,talk,22,2,9,VOTE Agent[02]
3,talk,23,2,10,VOTE Agent[11]
3,talk,24,2,15,Over
3,talk,25,2,1,VOTE Agent[10]
3,talk,26,2,2,VOTE Agent[15]
3,talk,27,2,3,VOTE Agent[11]
3,talk,28,2,14,VOTE Agent[15]
3,talk,29,2,11,BECAUSE (XOR (ESTIMATE Agent[07] WEREWOLF) (ESTIMATE Agent[07] POSSESSED)) (VOTE Agent[07])
3,talk,30,2,12,VOTE Agent[14]
3,talk,31,2,13,VOTE Agent[14]
3,talk,32,2,7,VOTE Agent[11]
3,talk,33,3,15,Over
3,talk,34,3,14,Skip
3,talk,35,3,12,Skip
3,talk,36,3,10,Skip
3,talk,37,3,2,Skip
3,talk,38,3,13,Skip
3,talk,39,3,9,Skip
3,talk,40,3,7,Skip
3,talk,41,3,3,Skip
3,talk,42,3,1,Skip
3,talk,43,3,11,Skip
3,talk,44,4,2,Skip
3,talk,45,4,1,Skip
3,talk,46,4,14,Skip
3,talk,47,4,12,Skip
3,talk,48,4,3,Skip
3,talk,49,4,11,Skip
3,talk,50,4,13,Skip
3,talk,51,4,7,Skip
3,talk,52,4,10,Skip
3,talk,53,4,15,Over
3,talk,54,4,9,Skip
3,talk,55,5,14,Over
3,talk,56,5,9,Over
3,talk,57,5,11,Over
3,talk,58,5,1,Over
3,talk,59,5,15,Over
3,talk,60,5,12,Over
3,talk,61,5,7,Over
3,talk,62,5,13,Over
3,talk,63,5,10,Over
3,talk,64,5,3,Over
3,talk,65,5,2,Over
3,vote,1,10
3,vote,2,15
3,vote,3,11
3,vote,7,11
3,vote,9,2
3,vote,10,11
3,vote,11,7
3,vote,12,14
3,vote,13,14
3,vote,14,15
3,vote,15,9
3,execute,11,MEDIUM
3,divine,9,13,HUMAN
3,whisper,0,0,7,BECAUSE (Agent[09] COMINGOUT Agent[09] SEER) (ATTACK Agent[09])
3,whisper,1,0,10,BECAUSE (Agent[09] COMINGOUT Agent[09] SEER) (ATTACK Agent[09])
3,whisper,2,0,12,BECAUSE (Agent[09] COMINGOUT Agent[09] SEER) (ATTACK Agent[09])
3,whisper,3,1,12,Skip
3,whisper,4,1,7,Skip
3,whisper,5,1,10,Skip
3,whisper,6,2,12,Skip
3,whisper,7,2,10,Skip
3,whisper,8,2,7,Skip
3,whisper,9,3,12,Over
3,whisper,10,3,7,Over
3,whisper,11,3,10,Over
3,guard,13,9,SEER
3,attack,15,true
4,status,1,VILLAGER,ALIVE,Sample9
4,status,2,VILLAGER,ALIVE,Sample12
4,status,3,VILLAGER,ALIVE,Sample8
4,status,4,VILLAGER,DEAD,Sample11
4,status,5,VILLAGER,DEAD,Sample7
4,status,6,VILLAGER,DEAD,Sample10
4,status,7,WEREWOLF,ALIVE,Sample6
4,status,8,VILLAGER,DEAD,Sample5
4,status,9,SEER,ALIVE,Sample4
4,status,10,WEREWOLF,ALIVE,Sample3
4,status,11,MEDIUM,DEAD,Sample14
4,status,12,WEREWOLF,ALIVE,Sample2
4,status,13,BODYGUARD,ALIVE,Sample13
4,status,14,VILLAGER,ALIVE,Sample1
4,status,15,POSSESSED,DEAD,cash_dqn
4,talk,0,0,10,IDENTIFIED Agent[11] WEREWOLF
4,talk,1,0,2,Skip
4,talk,2,0,9,DAY 4 (DIVINED Agent[13] HUMAN)
4,talk,3,0,13,Skip
4,talk,4,0,1,Skip
4,talk,5,0,7,IDENTIFIED Agent[11] WEREWOLF
4,talk,6,0,3,Skip
4,talk,7,0,12,ESTIMATE Agent[01] WEREWOLF
4,talk,8,0,14,Skip
4,talk,9,1,14,Skip
4,talk,10,1,1,Skip
4,talk,11,1,9,Skip
4,talk,12,1,7,ESTIMATE Agent[14] WEREWOLF
4,talk,13,1,3,Skip
4,talk,14,1,2,Skip
4,talk,15,1,12,Skip
4,talk,16,1,13,Skip
4,talk,17,1,10,ESTIMATE Agent[01] WEREWOLF
4,talk,18,2,1,VOTE Agent[10]
4,talk,19,2,3,VOTE Agent[09]
4,talk,20,2,10,VOTE Agent[01]
4,talk,21,2,13,VOTE Agent[14]
4,talk,22,2,14,VOTE Agent[13]
4,talk,23,2,7,VOTE Agent[14]
4,talk,24,2,2,VOTE Agent[03]
4,talk,25,2,12,VOTE Agent[01]
4,talk,26,2,9,VOTE Agent[08]
4,talk,27,3,14,Skip
4,talk,28,3,3,Skip
4,talk,29,3,12,Skip
4,talk,30,3,7,Skip
4,talk,31,3,1,Skip
4,talk,32,3,10,Skip
4,talk,33,3,13,Skip
4,talk,34,3,2,Skip
4,talk,35,3,9,Skip
4,talk,36,4,7,Skip
4,talk,37,4,3,Skip
4,talk,38,4,9,Skip
4,talk,39,4,13,Skip
4,talk,40,4,1,Skip
4,talk,41,4,12,Skip
4,talk,42,4,2,Skip
4,talk,43,4,10,Skip
4,talk,44,4,14,Skip
4,talk,45,5,12,Over
4,talk,46,5,7,Over
4,talk,47,5,10,Over
4,talk,48,5,14,Over
4,talk,49,5,9,Over
4,talk,50,5,3,Over
4,talk,51,5,13,Over
4,talk,52,5,2,Over
4,talk,53,5,1,Over
4,vote,1,10
4,vote,2,3
4,vote,3,9
4,vote,7,14
4,vote,9,3
4,vote,10,1
4,vote,12,1
4,vote,13,14
4,vote,14,13
4,vote,1,10
4,vote,2,3
4,vote,3,9
4,vote,7,14
4,vote,9,12
4,vote,10,1
4,vote,12,1
4,vote,13,14
4,vote,14,13
4,execute,14,VILLAGER
4,divine,9,2,HUMAN
4,whisper,0,0,10,BECAUSE (Agent[09] COMINGOUT Agent[09] SEER) (ATTACK Agent[09])
4,whisper,1,0,7,BECAUSE (Agent[09] COMINGOUT Agent[09] SEER) (ATTACK Agent[09])
4,whisper,2,0,12,BECAUSE (Agent[09] COMINGOUT Agent[09] SEER) (ATTACK Agent[09])
4,whisper,3,1,12,Skip
4,whisper,4,1,7,Skip
4,whisper,5,1,10,Skip
4,whisper,6,2,10,Skip
4,whisper,7,2,7,Skip
4,whisper,8,2,12,Skip
4,whisper,9,3,12,Over
4,whisper,10,3,7,Over
4,whisper,11,3,10,Over
4,guard,13,9,SEER
4,attack,3,true
5,status,1,VILLAGER,ALIVE,Sample9
5,status,2,VILLAGER,ALIVE,Sample12
5,status,3,VILLAGER,DEAD,Sample8
5,status,4,VILLAGER,DEAD,Sample11
5,status,5,VILLAGER,DEAD,Sample7
5,status,6,VILLAGER,DEAD,Sample10
5,status,7,WEREWOLF,ALIVE,Sample6
5,status,8,VILLAGER,DEAD,Sample5
5,status,9,SEER,ALIVE,Sample4
5,status,10,WEREWOLF,ALIVE,Sample3
5,status,11,MEDIUM,DEAD,Sample14
5,status,12,WEREWOLF,ALIVE,Sample2
5,status,13,BODYGUARD,ALIVE,Sample13
5,status,14,VILLAGER,DEAD,Sample1
5,status,15,POSSESSED,DEAD,cash_dqn
5,talk,0,0,9,DAY 5 (DIVINED Agent[02] HUMAN)
5,talk,1,0,12,ESTIMATE Agent[02] WEREWOLF
5,talk,2,0,1,Skip
5,talk,3,0,13,Skip
5,talk,4,0,2,Skip
5,talk,5,0,7,IDENTIFIED Agent[14] HUMAN
5,talk,6,0,10,IDENTIFIED Agent[14] HUMAN
5,talk,7,1,13,Skip
5,talk,8,1,1,Skip
5,talk,9,1,2,Skip
5,talk,10,1,7,ESTIMATE Agent[13] WEREWOLF
5,talk,11,1,10,ESTIMATE Agent[01] WEREWOLF
5,talk,12,1,9,Skip
5,talk,13,1,12,Skip
5,talk,14,2,9,VOTE Agent[10]
5,talk,15,2,7,VOTE Agent[13]
5,talk,16,2,12,VOTE Agent[02]
5,talk,17,2,13,VOTE Agent[10]
5,talk,18,2,10,VOTE Agent[01]
5,talk,19,2,1,VOTE Agent[13]
5,talk,20,2,2,VOTE Agent[09]
5,talk,21,3,7,Skip
5,talk,22,3,9,Skip
5,talk,23,3,2,Skip
5,talk,24,3,13,Skip
5,talk,25,3,12,Skip
5,talk,26,3,10,Skip
5,talk,27,3,1,Skip
5,talk,28,4,2,Skip
5,talk,29,4,9,Skip
5,talk,30,4,1,Skip
5,talk,31,4,10,Skip
5,talk,32,4,7,Skip
5,talk,33,4,13,Skip
5,talk,34,4,12,Skip
5,talk,35,5,10,Over
5,talk,36,5,9,Over
5,talk,37,5,1,Over
5,talk,38,5,2,Over
5,talk,39,5,7,Over
5,talk,40,5,12,Over
5,talk,41,5,13,Over
5,vote,1,13
5,vote,2,9
5,vote,7,13
5,vote,9,10
5,vote,10,1
5,vote,12,2
5,vote,13,10
5,vote,1,13
5,vote,2,9
5,vote,7,13
5,vote,9,10
5,vote,10,1
5,vote,12,2
5,vote,13,10
5,execute,10,WEREWOLF
5,divine,9,12,WEREWOLF
5,whisper,0,0,12,BECAUSE (Agent[09] COMINGOUT Agent[09] SEER) (ATTACK Agent[09])
5,whisper,1,0,7,BECAUSE (Agent[09] COMINGOUT Agent[09] SEER) (ATTACK Agent[09])
5,whisper,2,1,12,Skip
5,whisper,3,1,7,Skip
5,whisper,4,2,7,Skip
5,whisper,5,2,12,Skip
5,whisper,6,3,12,Over
5,whisper,7,3,7,Over
5,guard,13,9,SEER
5,attack,9,false
6,status,1,VILLAGER,ALIVE,Sample9
6,status,2,VILLAGER,ALIVE,Sample12
6,status,3,VILLAGER,DEAD,Sample8
6,status,4,VILLAGER,DEAD,Sample11
6,status,5,VILLAGER,DEAD,Sample7
6,status,6,VILLAGER,DEAD,Sample10
6,status,7,WEREWOLF,ALIVE,Sample6
6,status,8,VILLAGER,DEAD,Sample5
6,status,9,SEER,ALIVE,Sample4
6,status,10,WEREWOLF,DEAD,Sample3
6,status,11,MEDIUM,DEAD,Sample14
6,status,12,WEREWOLF,ALIVE,Sample2
6,status,13,BODYGUARD,ALIVE,Sample13
6,status,14,VILLAGER,DEAD,Sample1
6,status,15,POSSESSED,DEAD,cash_dqn
6,talk,0,0,12,ESTIMATE Agent[09] WEREWOLF
6,talk,1,0,9,DAY 6 (DIVINED Agent[12] WEREWOLF)
6,talk,2,0,13,Skip
6,talk,3,0,2,Skip
6,talk,4,0,1,Skip
6,talk,5,0,7,IDENTIFIED Agent[10] HUMAN
6,talk,6,1,12,Skip
6,talk,7,1,9,BECAUSE (DAY 6 (DIVINED Agent[12] WEREWOLF)) (REQUEST ANY (VOTE Agent[12]))
6,talk,8,1,13,Skip
6,talk,9,1,2,Skip
6,talk,10,1,7,ESTIMATE Agent[02] WEREWOLF
6,talk,11,1,1,Skip
6,talk,12,2,12,VOTE Agent[09]
6,talk,13,2,1,VOTE Agent[07]
6,talk,14,2,7,VOTE Agent[02]
6,talk,15,2,13,VOTE Agent[12]
6,talk,16,2,2,VOTE Agent[01]
6,talk,17,2,9,INQUIRE ANY (VOTE Agent[12])
6,talk,18,3,1,Skip
6,talk,19,3,2,Skip
6,talk,20,3,13,Skip
6,talk,21,3,12,Skip
6,talk,22,3,7,Skip
6,talk,23,3,9,BECAUSE (DIVINED Agent[12] WEREWOLF) (VOTE Agent[12])
6,talk,24,4,7,Skip
6,talk,25,4,1,Skip
6,talk,26,4,2,Skip
6,talk,27,4,13,Skip
6,talk,28,4,9,Skip
6,talk,29,4,12,Skip
6,talk,30,5,9,Skip
6,talk,31,5,12,Over
6,talk,32,5,13,Over
6,talk,33,5,7,Over
6,talk,34,5,2,Over
6,talk,35,5,1,Over
6,talk,36,6,7,Over
6,talk,37,6,1,Over
6,talk,38,6,12,Over
6,talk,39,6,13,Over
6,talk,40,6,9,Over
6,talk,41,6,2,Over
6,vote,1,7
6,vote,2,1
6,vote,7,2
6,vote,9,12
6,vote,12,9
6,vote,13,12
6,execute,12,WEREWOLF
6,divine,9,7,WEREWOLF
6,guard,13,9,SEER
6,attackVote,7,9
6,attack,9,false
7,status,1,VILLAGER,ALIVE,Sample9
7,status,2,VILLAGER,ALIVE,Sample12
7,status,3,VILLAGER,DEAD,Sample8
7,status,4,VILLAGER,DEAD,Sample11
7,status,5,VILLAGER,DEAD,Sample7
7,status,6,VILLAGER,DEAD,Sample10
7,status,7,WEREWOLF,ALIVE,Sample6
7,status,8,VILLAGER,DEAD,Sample5
7,status,9,SEER,ALIVE,Sample4
7,status,10,WEREWOLF,DEAD,Sample3
7,status,11,MEDIUM,DEAD,Sample14
7,status,12,WEREWOLF,DEAD,Sample2
7,status,13,BODYGUARD,ALIVE,Sample13
7,status,14,VILLAGER,DEAD,Sample1
7,status,15,POSSESSED,DEAD,cash_dqn
7,talk,0,0,1,Skip
7,talk,1,0,7,IDENTIFIED Agent[12] HUMAN
7,talk,2,0,2,Skip
7,talk,3,0,9,DAY 7 (DIVINED Agent[07] WEREWOLF)
7,talk,4,0,13,Skip
7,talk,5,1,2,Skip
7,talk,6,1,9,BECAUSE (DAY 7 (DIVINED Agent[07] WEREWOLF)) (REQUEST ANY (VOTE Agent[07]))
7,talk,7,1,13,Skip
7,talk,8,1,7,ESTIMATE Agent[01] WEREWOLF
7,talk,9,1,1,Skip
7,talk,10,2,13,VOTE Agent[02]
7,talk,11,2,2,VOTE Agent[13]
7,talk,12,2,1,VOTE Agent[02]
7,talk,13,2,9,INQUIRE ANY (VOTE Agent[07])
7,talk,14,2,7,VOTE Agent[01]
7,talk,15,3,13,Skip
7,talk,16,3,9,BECAUSE (DIVINED Agent[07] WEREWOLF) (VOTE Agent[07])
7,talk,17,3,2,Skip
7,talk,18,3,1,Skip
7,talk,19,3,7,Skip
7,talk,20,4,13,Skip
7,talk,21,4,2,Skip
7,talk,22,4,1,Skip
7,talk,23,4,7,Skip
7,talk,24,4,9,Skip
7,talk,25,5,7,Over
7,talk,26,5,13,Over
7,talk,27,5,2,Over
7,talk,28,5,1,Over
7,talk,29,5,9,Skip
7,talk,30,6,2,Over
7,talk,31,6,13,Over
7,talk,32,6,7,Over
7,talk,33,6,9,Over
7,talk,34,6,1,Over
7,vote,1,2
7,vote,2,13
7,vote,7,1
7,vote,9,7
7,vote,13,2
7,execute,2,VILLAGER
7,guard,13,9,SEER
7,attackVote,7,9
7,attack,9,false
8,status,1,VILLAGER,ALIVE,Sample9
8,status,2,VILLAGER,DEAD,Sample12
8,status,3,VILLAGER,DEAD,Sample8
8,status,4,VILLAGER,DEAD,Sample11
8,status,5,VILLAGER,DEAD,Sample7
8,status,6,VILLAGER,DEAD,Sample10
8,status,7,WEREWOLF,ALIVE,Sample6
8,status,8,VILLAGER,DEAD,Sample5
8,status,9,SEER,ALIVE,Sample4
8,status,10,WEREWOLF,DEAD,Sample3
8,status,11,MEDIUM,DEAD,Sample14
8,status,12,WEREWOLF,DEAD,Sample2
8,status,13,BODYGUARD,ALIVE,Sample13
8,status,14,VILLAGER,DEAD,Sample1
8,status,15,POSSESSED,DEAD,cash_dqn
8,talk,0,0,9,BECAUSE (DAY 7 (DIVINED Agent[07] WEREWOLF)) (REQUEST ANY (VOTE Agent[07]))
8,talk,1,0,7,IDENTIFIED Agent[02] HUMAN
8,talk,2,0,13,Skip
8,talk,3,0,1,Skip
8,talk,4,1,13,Skip
8,talk,5,1,7,ESTIMATE Agent[13] WEREWOLF
8,talk,6,1,1,Skip
8,talk,7,1,9,INQUIRE ANY (VOTE Agent[07])
8,talk,8,2,1,VOTE Agent[09]
8,talk,9,2,7,VOTE Agent[13]
8,talk,10,2,9,BECAUSE (DIVINED Agent[07] WEREWOLF) (VOTE Agent[07])
8,talk,11,2,13,VOTE Agent[01]
8,talk,12,3,1,Skip
8,talk,13,3,9,Skip
8,talk,14,3,7,Skip
8,talk,15,3,13,Skip
8,talk,16,4,1,Skip
8,talk,17,4,7,Skip
8,talk,18,4,13,Skip
8,talk,19,4,9,Skip
8,talk,20,5,9,Over
8,talk,21,5,1,Over
8,talk,22,5,7,Over
8,talk,23,5,13,Over
8,vote,1,9
8,vote,7,13
8,vote,9,7
8,vote,13,1
8,vote,1,9
8,vote,7,13
8,vote,9,7
8,vote,13,1
8,execute,9,SEER
8,guard,13,7,WEREWOLF
8,attackVote,7,1
8,attack,1,true
9,status,1,VILLAGER,DEAD,Sample9
9,status,2,VILLAGER,DEAD,Sample12
9,status,3,VILLAGER,DEAD,Sample8
9,status,4,VILLAGER,DEAD,Sample11
9,status,5,VILLAGER,DEAD,Sample7
9,status,6,VILLAGER,DEAD,Sample10
9,status,7,WEREWOLF,ALIVE,Sample6
9,status,8,VILLAGER,DEAD,Sample5
9,status,9,SEER,DEAD,Sample4
9,status,10,WEREWOLF,DEAD,Sample3
9,status,11,MEDIUM,DEAD,Sample14
9,status,12,WEREWOLF,DEAD,Sample2
9,status,13,BODYGUARD,ALIVE,Sample13
9,status,14,VILLAGER,DEAD,Sample1
9,status,15,POSSESSED,DEAD,cash_dqn
9,result,1,1,WEREWOLF
