0,status,1,VILLAGER,ALIVE,Sample9
0,status,2,VILLAGER,ALIVE,Sample12
0,status,3,SEER,ALIVE,Sample8
0,status,4,POSSESSED,ALIVE,Sample11
0,status,5,VILLAGER,ALIVE,Sample7
0,status,6,BODYGUARD,ALIVE,Sample10
0,status,7,VILLAGER,ALIVE,Sample6
0,status,8,WEREWOLF,ALIVE,Sample5
0,status,9,VILLAGER,ALIVE,Sample4
0,status,10,WEREWOLF,ALIVE,Sample3
0,status,11,VILLAGER,ALIVE,Sample14
0,status,12,VILLAGER,ALIVE,Sample2
0,status,13,MEDIUM,ALIVE,Sample13
0,status,14,VILLAGER,ALIVE,Sample1
0,status,15,WEREWOLF,ALIVE,cash_dqn
0,whisper,0,0,15,Over
0,whisper,1,0,10,COMINGOUT Agent[10] VILLAGER
0,whisper,2,0,8,COMINGOUT Agent[08] VILLAGER
0,whisper,3,1,8,ATTACK Agent[09]
0,whisper,4,1,10,ATTACK Agent[12]
0,whisper,5,1,15,Over
0,whisper,6,2,15,Over
0,whisper,7,2,10,Skip
0,whisper,8,2,8,Skip
0,whisper,9,3,10,Skip
0,whisper,10,3,15,Over
0,whisper,11,3,8,Skip
0,whisper,12,4,15,Over
0,whisper,13,4,8,Over
0,whisper,14,4,10,Over
0,divine,3,5,HUMAN
1,status,1,VILLAGER,ALIVE,Sample9
1,status,2,VILLAGER,ALIVE,Sample12
1,status,3,SEER,ALIVE,Sample8
1,status,4,POSSESSED,ALIVE,Sample11
1,status,5,VILLAGER,ALIVE,Sample7
1,status,6,BODYGUARD,ALIVE,Sample10
1,status,7,VILLAGER,ALIVE,Sample6
1,status,8,WEREWOLF,ALIVE,Sample5
1,status,9,VILLAGER,ALIVE,Sample4
1,status,10,WEREWOLF,ALIVE,Sample3
1,status,11,VILLAGER,ALIVE,Sample14
1,status,12,VILLAGER,ALIVE,Sample2
1,status,13,MEDIUM,ALIVE,Sample13
1,status,14,VILLAGER,ALIVE,Sample1
1,status,15,WEREWOLF,ALIVE,cash_dqn
1,talk,0,0,8,ESTIMATE Agent[04] WEREWOLF
1,talk,1,0,6,Skip
1,talk,2,0,14,Skip
1,talk,3,0,10,ESTIMATE Agent[13] WEREWOLF
1,talk,4,0,12,Skip
1,talk,5,0,5,Skip
1,talk,6,0,2,Skip
1,talk,7,0,9,Skip
1,talk,8,0,7,Skip
1,talk,9,0,15,Over
1,talk,10,0,11,Skip
1,talk,11,0,13,Skip
1,talk,12,0,3,Skip
1,talk,13,0,4,Skip
1,talk,14,0,1,Skip
1,talk,15,1,2,Skip
1,talk,16,1,1,Skip
1,talk,17,1,8,Skip
1,talk,18,1,13,Skip
1,talk,19,1,14,Skip
1,talk,20,1,15,Over
1,talk,21,1,3,Skip
1,talk,22,1,10,Skip
1,talk,23,1,6,Skip
1,talk,24,1,5,Skip
1,talk,25,1,11,Skip
1,talk,26,1,12,Skip
1,talk,27,1,7,Skip
1,talk,28,1,4,Skip
1,talk,29,1,9,Skip
1,talk,30,2,8,VOTE Agent[04]
1,talk,31,2,14,VOTE Agent[15]
1,talk,32,2,12,VOTE Agent[15]
1,talk,33,2,1,VOTE Agent[10]
1,talk,34,2,13,VOTE Agent[09]
1,talk,35,2,10,VOTE Agent[13]
1,talk,36,2,11,VOTE Agent[09]
1,talk,37,2,5,VOTE Agent[10]
1,talk,38,2,3,VOTE Agent[15]
1,talk,39,2,15,Over
1,talk,40,2,7,VOTE Agent[12]
1,talk,41,2,4,VOTE Agent[13]
1,talk,42,2,6,VOTE Agent[10]
1,talk,43,2,9,VOTE Agent[08]
1,talk,44,2,2,VOTE Agent[13]
1,talk,45,3,3,Skip
1,talk,46,3,14,Skip
1,talk,47,3,8,Skip
1,talk,48,3,9,Skip
1,talk,49,3,15,Over
1,talk,50,3,12,Skip
1,talk,51,3,2,Skip
1,talk,52,3,6,Skip
1,talk,53,3,10,Skip
1,talk,54,3,11,Skip
1,talk,55,3,5,Skip
1,talk,56,3,13,Skip
1,talk,57,3,7,Skip
1,talk,58,3,4,Skip
1,talk,59,3,1,Skip
1,talk,60,4,6,Skip
1,talk,61,4,11,Skip
1,talk,62,4,1,Skip
1,talk,63,4,7,Skip
1,talk,64,4,13,Skip
1,talk,65,4,4,Skip
1,talk,66,4,12,Skip
1,talk,67,4,8,Skip
1,talk,68,4,14,Skip
1,talk,69,4,15,Over
1,talk,70,4,3,Skip
1,talk,71,4,2,Skip
1,talk,72,4,9,Skip
1,talk,73,4,5,Skip
1,talk,74,4,10,Skip
1,talk,75,5,1,Over
1,talk,76,5,11,Over
1,talk,77,5,8,Over
1,talk,78,5,12,Over
1,talk,79,5,4,Over
1,talk,80,5,14,Over
1,talk,81,5,5,Over
1,talk,82,5,2,Over
1,talk,83,5,7,Over
1,talk,84,5,3,Over
1,talk,85,5,15,Over
1,talk,86,5,13,Over
1,talk,87,5,9,Over
1,talk,88,5,6,Over
1,talk,89,5,10,Over
1,vote,1,10
1,vote,2,13
1,vote,3,15
1,vote,4,13
1,vote,5,10
1,vote,6,10
1,vote,7,12
1,vote,8,4
1,vote,9,8
1,vote,10,13
1,vote,11,9
1,vote,12,15
1,vote,13,9
1,vote,14,15
1,vote,15,5
1,vote,1,10
1,vote,2,13
1,vote,3,15
1,vote,4,13
1,vote,5,10
1,vote,6,10
1,vote,7,12
1,vote,8,4
1,vote,9,8
1,vote,10,13
1,vote,11,9
1,vote,12,15
1,vote,13,9
1,vote,14,15
1,vote,15,11
1,execute,15,WEREWOLF
1,divine,3,6,HUMAN
1,whisper,0,0,10,ATTACK Agent[14]
1,whisper,1,0,8,ATTACK Agent[12]
1,whisper,2,1,10,Skip
1,whisper,3,1,8,Skip
1,whisper,4,2,8,Skip
1,whisper,5,2,10,Skip
1,whisper,6,3,8,Over
1,whisper,7,3,10,Over
1,guard,6,13,MEDIUM
1,attack,13,false
2,status,1,VILLAGER,ALIVE,Sample9
2,status,2,VILLAGER,ALIVE,Sample12
2,status,3,SEER,ALIVE,Sample8
2,status,4,POSSESSED,ALIVE,Sample11
2,status,5,VILLAGER,ALIVE,Sample7
2,status,6,BODYGUARD,ALIVE,Sample10
2,status,7,VILLAGER,ALIVE,Sample6
2,status,8,WEREWOLF,ALIVE,Sample5
2,status,9,VILLAGER,ALIVE,Sample4
2,status,10,WEREWOLF,ALIVE,Sample3
2,status,11,VILLAGER,ALIVE,Sample14
2,status,12,VILLAGER,ALIVE,Sample2
2,status,13,MEDIUM,ALIVE,Sample13
2,status,14,VILLAGER,ALIVE,Sample1
2,status,15,WEREWOLF,DEAD,cash_dqn
2,talk,0,0,1,Skip
2,talk,1,0,5,Skip
2,talk,2,0,7,Skip
2,talk,3,0,6,Skip
2,talk,4,0,14,Skip
2,talk,5,0,9,Skip
2,talk,6,0,3,Skip
2,talk,7,0,11,Skip
2,talk,8,0,2,Skip
2,talk,9,0,13,COMINGOUT Agent[13] MEDIUM
2,talk,10,0,12,Skip
2,talk,11,0,8,ESTIMATE Agent[07] WEREWOLF
2,talk,12,0,4,Skip
2,talk,13,0,10,ESTIMATE Agent[02] WEREWOLF
2,talk,14,1,11,Skip
2,talk,15,1,7,Skip
2,talk,16,1,3,Skip
2,talk,17,1,6,Skip
2,talk,18,1,13,DAY 2 (IDENTIFIED Agent[15] WEREWOLF)
2,talk,19,1,9,Skip
2,talk,20,1,14,Skip
2,talk,21,1,2,Skip
2,talk,22,1,8,Skip
2,talk,23,1,12,Skip
2,talk,24,1,10,Skip
2,talk,25,1,1,Skip
2,talk,26,1,5,Skip
2,talk,27,1,4,Skip
2,talk,28,2,5,VOTE Agent[09]
2,talk,29,2,14,VOTE Agent[07]
2,talk,30,2,6,VOTE Agent[05]
2,talk,31,2,10,VOTE Agent[02]
2,talk,32,2,3,VOTE Agent[08]
2,talk,33,2,7,VOTE Agent[01]
2,talk,34,2,11,VOTE Agent[03]
2,talk,35,2,13,VOTE Agent[10]
2,talk,36,2,2,VOTE Agent[08]
2,talk,37,2,8,VOTE Agent[07]
2,talk,38,2,4,VOTE Agent[02]
2,talk,39,2,1,VOTE Agent[06]
2,talk,40,2,12,VOTE Agent[03]
2,talk,41,2,9,VOTE Agent[04]
2,talk,42,3,6,Skip
2,talk,43,3,7,Skip
2,talk,44,3,5,Skip
2,talk,45,3,10,Skip
2,talk,46,3,2,Skip
2,talk,47,3,1,Skip
2,talk,48,3,3,Skip
2,talk,49,3,11,Skip
2,talk,50,3,4,Skip
2,talk,51,3,14,Skip
2,talk,52,3,12,Skip
2,talk,53,3,9,Skip
2,talk,54,3,8,Skip
2,talk,55,3,13,Skip
2,talk,56,4,3,Skip
2,talk,57,4,6,Skip
2,talk,58,4,9,Skip
2,talk,59,4,2,Skip
2,talk,60,4,7,Skip
2,talk,61,4,12,Skip
2,talk,62,4,5,Skip
2,talk,63,4,10,Skip
2,talk,64,4,8,Skip
2,talk,65,4,14,Skip
2,talk,66,4,4,Skip
2,talk,67,4,1,Skip
2,talk,68,4,13,Skip
2,talk,69,4,11,Skip
2,talk,70,5,13,Over
2,talk,71,5,12,Over
2,talk,72,5,6,Over
2,talk,73,5,11,Over
2,talk,74,5,2,Over
2,talk,75,5,8,Over
2,talk,76,5,14,Over
2,talk,77,5,7,Over
2,talk,78,5,3,Over
2,talk,79,5,9,Over
2,talk,80,5,4,Over
2,talk,81,5,1,Over
2,talk,82,5,5,Over
2,talk,83,5,10,Over
2,vote,1,6
2,vote,2,8
2,vote,3,8
2,vote,4,2
2,vote,5,9
2,vote,6,5
2,vote,7,1
2,vote,8,7
2,vote,9,4
2,vote,10,2
2,vote,11,3
2,vote,12,3
2,vote,13,10
2,vote,14,7
2,vote,1,6
2,vote,2,8
2,vote,3,8
2,vote,4,2
2,vote,5,9
2,vote,6,5
2,vote,7,1
2,vote,8,7
2,vote,9,4
2,vote,10,2
2,vote,11,3
2,vote,12,3
2,vote,13,10
2,vote,14,7
2,execute,7,VILLAGER
2,divine,3,4,HUMAN
2,whisper,0,0,10,BECAUSE (Agent[13] COMINGOUT Agent[13] MEDIUM) (ATTACK Agent[13])
2,whisper,1,0,8,BECAUSE (Agent[13] COMINGOUT Agent[13] MEDIUM) (ATTACK Agent[13])
2,whisper,2,1,8,Skip
2,whisper,3,1,10,Skip
2,whisper,4,2,8,Skip
2,whisper,5,2,10,Skip
2,whisper,6,3,8,Over
2,whisper,7,3,10,Over
2,guard,6,13,MEDIUM
2,attack,14,true
3,status,1,VILLAGER,ALIVE,Sample9
3,status,2,VILLAGER,ALIVE,Sample12
3,status,3,SEER,ALIVE,Sample8
3,status,4,POSSESSED,ALIVE,Sample11
3,status,5,VILLAGER,ALIVE,Sample7
3,status,6,BODYGUARD,ALIVE,Sample10
3,status,7,VILLAGER,DEAD,Sample6
3,status,8,WEREWOLF,ALIVE,Sample5
3,status,9,VILLAGER,ALIVE,Sample4
3,status,10,WEREWOLF,ALIVE,Sample3
3,status,11,VILLAGER,ALIVE,Sample14
3,status,12,VILLAGER,ALIVE,Sample2
3,status,13,MEDIUM,ALIVE,Sample13
3,status,14,VILLAGER,DEAD,Sample1
3,status,15,WEREWOLF,DEAD,cash_dqn
3,talk,0,0,10,ESTIMATE Agent[03] WEREWOLF
3,talk,1,0,6,Skip
3,talk,2,0,9,Skip
3,talk,3,0,8,ESTIMATE Agent[09] WEREWOLF
3,talk,4,0,2,Skip
3,talk,5,0,4,Skip
3,talk,6,0,12,Skip
3,talk,7,0,3,COMINGOUT Agent[03] SEER
3,talk,8,0,5,Skip
3,talk,9,0,1,Skip
3,talk,10,0,11,Skip
3,talk,11,0,13,DAY 3 (IDENTIFIED Agent[07] HUMAN)
3,talk,12,1,12,Skip
3,talk,13,1,5,Skip
3,talk,14,1,11,Skip
3,talk,15,1,1,Skip
3,talk,16,1,8,Skip
3,talk,17,1,3,AND (DAY 1 (DIVINED Agent[05] HUMAN)) (DAY 2 (DIVINED Agent[06] HUMAN)) (DAY 3 (DIVINED Agent[04] HUMAN))
3,talk,18,1,2,Skip
3,talk,19,1,4,COMINGOUT Agent[04] SEER
3,talk,20,1,10,Skip
3,talk,21,1,9,Skip
3,talk,22,1,6,Skip
3,talk,23,1,13,Skip
3,talk,24,2,13,VOTE Agent[02]
3,talk,25,2,2,VOTE Agent[11]
3,talk,26,2,8,VOTE Agent[09]
3,talk,27,2,5,VOTE Agent[06]
3,talk,28,2,3,BECAUSE (AND (AND (COMINGOUT Agent[03] SEER) (Agent[04] COMINGOUT Agent[04] SEER)) (DIVINED Agent[04] HUMAN)) (ESTIMATE Agent[04] POSSESSED)
3,talk,29,2,9,VOTE Agent[04]
3,talk,30,2,11,VOTE Agent[03]
3,talk,31,2,10,VOTE Agent[03]
3,talk,32,2,4,AND (DAY 1 (DIVINED Agent[14] HUMAN)) (DAY 2 (DIVINED Agent[10] HUMAN)) (DAY 3 (DIVINED Agent[03] WEREWOLF))
3,talk,33,2,6,VOTE Agent[04]
3,talk,34,2,1,VOTE Agent[03]
3,talk,35,2,12,VOTE Agent[02]
3,talk,36,3,8,Skip
3,talk,37,3,10,Skip
3,talk,38,3,12,Skip
3,talk,39,3,3,VOTE Agent[07]
3,talk,40,3,6,Skip
3,talk,41,3,13,Skip
3,talk,42,3,2,Skip
3,talk,43,3,11,Skip
3,talk,44,3,1,Skip
3,talk,45,3,4,BECAUSE (DAY 3 (DIVINED Agent[03] WEREWOLF)) (REQUEST ANY (VOTE Agent[03]))
3,talk,46,3,5,Skip
3,talk,47,3,9,Skip
3,talk,48,4,1,Skip
3,talk,49,4,13,Skip
3,talk,50,4,6,Skip
3,talk,51,4,12,Skip
3,talk,52,4,9,Skip
3,talk,53,4,11,Skip
3,talk,54,4,2,Skip
3,talk,55,4,3,Skip
3,talk,56,4,10,Skip
3,talk,57,4,4,INQUIRE ANY (VOTE Agent[03])
3,talk,58,4,8,Skip
3,talk,59,4,5,Skip
3,talk,60,5,11,Over
3,talk,61,5,2,Over
3,talk,62,5,6,Over
3,talk,63,5,8,Over
3,talk,64,5,9,Over
3,talk,65,5,12,Over
3,talk,66,5,1,Over
3,talk,67,5,4,BECAUSE (DIVINED Agent[03] WEREWOLF) (VOTE Agent[03])
3,talk,68,5,13,Over
3,talk,69,5,10,Over
3,talk,70,5,5,Over
3,talk,71,5,3,Skip
3,talk,72,6,6,Over
3,talk,73,6,5,Over
3,talk,74,6,1,Over
3,talk,75,6,10,Over
3,talk,76,6,4,Skip
3,talk,77,6,12,Over
3,talk,78,6,13,Over
3,talk,79,6,8,Over
3,talk,80,6,3,Over
3,talk,81,6,9,Over
3,talk,82,6,2,Over
3,talk,83,6,11,Over
3,talk,84,7,3,Over
3,talk,85,7,8,Over
3,talk,86,7,9,Over
3,talk,87,7,4,Skip
3,talk,88,7,12,Over
3,talk,89,7,13,Over
3,talk,90,7,5,Over
3,talk,91,7,2,Over
3,talk,92,7,6,Over
3,talk,93,7,11,Over
3,talk,94,7,1,Over
3,talk,95,7,10,Over
3,talk,96,8,8,Over
3,talk,97,8,5,Over
3,talk,98,8,1,Over
3,talk,99,8,9,Over
3,talk,100,8,11,Over
3,talk,101,8,12,Over
3,talk,102,8,3,Over
3,talk,103,8,4,Over
3,talk,104,8,10,Over
3,talk,105,8,2,Over
3,talk,106,8,13,Over
3,talk,107,8,6,Over
3,vote,1,3
3,vote,2,11
3,vote,3,11
3,vote,4,3
3,vote,5,6
3,vote,6,4
3,vote,8,9
3,vote,9,4
3,vote,10,3
3,vote,11,3
3,vote,12,2
3,vote,13,2
3,execute,3,SEER
3,whisper,0,0,10,BECAUSE (AND (NOT (COMINGOUT Agent[04] WEREWOLF)) (COMINGOUT Agent[10] WEREWOLF) (DAY 3 (Agent[04] DIVINED Agent[10] HUMAN))) (ESTIMATE Agent[04] POSSESSED)
3,whisper,1,0,8,BECAUSE (AND (NOT (COMINGOUT Agent[04] WEREWOLF)) (COMINGOUT Agent[10] WEREWOLF) (DAY 3 (Agent[04] DIVINED Agent[10] HUMAN))) (ESTIMATE Agent[04] POSSESSED)
3,whisper,2,1,10,BECAUSE (Agent[13] COMINGOUT Agent[13] MEDIUM) (ATTACK Agent[13])
3,whisper,3,1,8,BECAUSE (Agent[13] COMINGOUT Agent[13] MEDIUM) (ATTACK Agent[13])
3,whisper,4,2,8,Skip
3,whisper,5,2,10,Skip
3,whisper,6,3,8,Skip
3,whisper,7,3,10,Skip
3,whisper,8,4,8,Over
3,whisper,9,4,10,Over
3,guard,6,4,POSSESSED
3,attack,12,true
4,status,1,VILLAGER,ALIVE,Sample9
4,status,2,VILLAGER,ALIVE,Sample12
4,status,3,SEER,DEAD,Sample8
4,status,4,POSSESSED,ALIVE,Sample11
4,status,5,VILLAGER,ALIVE,Sample7
4,status,6,BODYGUARD,ALIVE,Sample10
4,status,7,VILLAGER,DEAD,Sample6
4,status,8,WEREWOLF,ALIVE,Sample5
4,status,9,VILLAGER,ALIVE,Sample4
4,status,10,WEREWOLF,ALIVE,Sample3
4,status,11,VILLAGER,ALIVE,Sample14
4,status,12,VILLAGER,DEAD,Sample2
4,status,13,MEDIUM,ALIVE,Sample13
4,status,14,VILLAGER,DEAD,Sample1
4,status,15,WEREWOLF,DEAD,cash_dqn
4,talk,0,0,10,ESTIMATE Agent[02] WEREWOLF
4,talk,1,0,5,Skip
4,talk,2,0,6,Skip
4,talk,3,0,8,ESTIMATE Agent[06] WEREWOLF
4,talk,4,0,11,Skip
4,talk,5,0,4,DAY 4 (DIVINED Agent[05] HUMAN)
4,talk,6,0,2,Skip
4,talk,7,0,13,DAY 4 (IDENTIFIED Agent[03] HUMAN)
4,talk,8,0,9,Skip
4,talk,9,0,1,Skip
4,talk,10,1,11,Skip
4,talk,11,1,9,Skip
4,talk,12,1,1,Skip
4,talk,13,1,10,Skip
4,talk,14,1,8,Skip
4,talk,15,1,13,BECAUSE (AND (DAY 4 (IDENTIFIED Agent[03] HUMAN)) (DAY 3 (Agent[04] DIVINED Agent[03] WEREWOLF))) (XOR (ESTIMATE Agent[04] WEREWOLF) (ESTIMATE Agent[04] POSSESSED))
4,talk,16,1,5,Skip
4,talk,17,1,2,Skip
4,talk,18,1,4,BECAUSE (AND (DAY 3 (DIVINED Agent[03] WEREWOLF)) (DAY 4 (Agent[13] IDENTIFIED Agent[03] HUMAN))) (XOR (ESTIMATE Agent[13] WEREWOLF) (ESTIMATE Agent[13] POSSESSED))
4,talk,19,1,6,Skip
4,talk,20,2,11,VOTE Agent[13]
4,talk,21,2,4,BECAUSE (XOR (ESTIMATE Agent[13] WEREWOLF) (ESTIMATE Agent[13] POSSESSED)) (VOTE Agent[13])
4,talk,22,2,6,VOTE Agent[08]
4,talk,23,2,1,VOTE Agent[02]
4,talk,24,2,9,VOTE Agent[02]
4,talk,25,2,8,VOTE Agent[06]
4,talk,26,2,2,VOTE Agent[06]
4,talk,27,2,5,VOTE Agent[08]
4,talk,28,2,13,BECAUSE (XOR (ESTIMATE Agent[04] WEREWOLF) (ESTIMATE Agent[04] POSSESSED)) (VOTE Agent[04])
4,talk,29,2,10,VOTE Agent[02]
4,talk,30,3,6,Skip
4,talk,31,3,13,Skip
4,talk,32,3,4,Skip
4,talk,33,3,8,Skip
4,talk,34,3,10,Skip
4,talk,35,3,5,Skip
4,talk,36,3,2,Skip
4,talk,37,3,1,Skip
4,talk,38,3,9,Skip
4,talk,39,3,11,Skip
4,talk,40,4,2,Skip
4,talk,41,4,4,Skip
4,talk,42,4,13,Skip
4,talk,43,4,8,Skip
4,talk,44,4,1,Skip
4,talk,45,4,9,Skip
4,talk,46,4,5,Skip
4,talk,47,4,6,Skip
4,talk,48,4,10,Skip
4,talk,49,4,11,Skip
4,talk,50,5,8,Over
4,talk,51,5,6,Over
4,talk,52,5,13,Over
4,talk,53,5,10,Over
4,talk,54,5,5,Over
4,talk,55,5,1,Over
4,talk,56,5,9,Over
4,talk,57,5,2,Over
4,talk,58,5,11,Over
4,talk,59,5,4,Over
4,vote,1,2
4,vote,2,6
4,vote,4,13
4,vote,5,8
4,vote,6,8
4,vote,8,6
4,vote,9,2
4,vote,10,2
4,vote,11,13
4,vote,13,4
4,execute,2,VILLAGER
4,whisper,0,0,10,BECAUSE (Agent[13] COMINGOUT Agent[13] MEDIUM) (ATTACK Agent[13])
4,whisper,1,0,8,BECAUSE (Agent[13] COMINGOUT Agent[13] MEDIUM) (ATTACK Agent[13])
4,whisper,2,1,10,Skip
4,whisper,3,1,8,Skip
4,whisper,4,2,10,Skip
4,whisper,5,2,8,Skip
4,whisper,6,3,10,Over
4,whisper,7,3,8,Over
4,guard,6,4,POSSESSED
4,attack,11,true
5,status,1,VILLAGER,ALIVE,Sample9
5,status,2,VILLAGER,DEAD,Sample12
5,status,3,SEER,DEAD,Sample8
5,status,4,POSSESSED,ALIVE,Sample11
5,status,5,VILLAGER,ALIVE,Sample7
5,status,6,BODYGUARD,ALIVE,Sample10
5,status,7,VILLAGER,DEAD,Sample6
5,status,8,WEREWOLF,ALIVE,Sample5
5,status,9,VILLAGER,ALIVE,Sample4
5,status,10,WEREWOLF,ALIVE,Sample3
5,status,11,VILLAGER,DEAD,Sample14
5,status,12,VILLAGER,DEAD,Sample2
5,status,13,MEDIUM,ALIVE,Sample13
5,status,14,VILLAGER,DEAD,Sample1
5,status,15,WEREWOLF,DEAD,cash_dqn
5,talk,0,0,9,Skip
5,talk,1,0,6,Skip
5,talk,2,0,4,DAY 5 (DIVINED Agent[01] HUMAN)
5,talk,3,0,5,Skip
5,talk,4,0,13,DAY 5 (IDENTIFIED Agent[02] HUMAN)
5,talk,5,0,1,Skip
5,talk,6,0,8,ESTIMATE Agent[09] WEREWOLF
5,talk,7,0,10,ESTIMATE Agent[13] WEREWOLF
5,talk,8,1,8,Skip
5,talk,9,1,10,Skip
5,talk,10,1,13,BECAUSE (AND (DAY 4 (IDENTIFIED Agent[03] HUMAN)) (DAY 3 (Agent[04] DIVINED Agent[03] WEREWOLF))) (XOR (ESTIMATE Agent[04] WEREWOLF) (ESTIMATE Agent[04] POSSESSED))
5,talk,11,1,1,Skip
5,talk,12,1,6,Skip
5,talk,13,1,5,Skip
5,talk,14,1,4,BECAUSE (AND (DAY 3 (DIVINED Agent[03] WEREWOLF)) (DAY 4 (Agent[13] IDENTIFIED Agent[03] HUMAN))) (XOR (ESTIMATE Agent[13] WEREWOLF) (ESTIMATE Agent[13] POSSESSED))
5,talk,15,1,9,Skip
5,talk,16,2,8,VOTE Agent[09]
5,talk,17,2,13,BECAUSE (XOR (ESTIMATE Agent[04] WEREWOLF) (ESTIMATE Agent[04] POSSESSED)) (VOTE Agent[04])
5,talk,18,2,6,VOTE Agent[05]
5,talk,19,2,4,BECAUSE (XOR (ESTIMATE Agent[13] WEREWOLF) (ESTIMATE Agent[13] POSSESSED)) (VOTE Agent[13])
5,talk,20,2,10,VOTE Agent[13]
5,talk,21,2,5,VOTE Agent[13]
5,talk,22,2,1,VOTE Agent[13]
5,talk,23,2,9,VOTE Agent[01]
5,talk,24,3,6,Skip
5,talk,25,3,4,Skip
5,talk,26,3,1,Skip
5,talk,27,3,5,Skip
5,talk,28,3,9,Skip
5,talk,29,3,13,Skip
5,talk,30,3,10,Skip
5,talk,31,3,8,Skip
5,talk,32,4,8,Skip
5,talk,33,4,13,Skip
5,talk,34,4,6,Skip
5,talk,35,4,1,Skip
5,talk,36,4,9,Skip
5,talk,37,4,4,Skip
5,talk,38,4,10,Skip
5,talk,39,4,5,Skip
5,talk,40,5,13,Over
5,talk,41,5,1,Over
5,talk,42,5,8,Over
5,talk,43,5,4,Over
5,talk,44,5,6,Over
5,talk,45,5,10,Over
5,talk,46,5,5,Over
5,talk,47,5,9,Over
5,vote,1,13
5,vote,4,13
5,vote,5,13
5,vote,6,5
5,vote,8,9
5,vote,9,1
5,vote,10,13
5,vote,13,4
5,execute,13,MEDIUM
5,whisper,0,0,10,ATTACK Agent[09]
5,whisper,1,0,8,ATTACK Agent[09]
5,whisper,2,1,8,Skip
5,whisper,3,1,10,Skip
5,whisper,4,2,8,Skip
5,whisper,5,2,10,Skip
5,whisper,6,3,8,Over
5,whisper,7,3,10,Over
5,guard,6,4,POSSESSED
5,attack,4,false
6,status,1,VILLAGER,ALIVE,Sample9
6,status,2,VILLAGER,DEAD,Sample12
6,status,3,SEER,DEAD,Sample8
6,status,4,POSSESSED,ALIVE,Sample11
6,status,5,VILLAGER,ALIVE,Sample7
6,status,6,BODYGUARD,ALIVE,Sample10
6,status,7,VILLAGER,DEAD,Sample6
6,status,8,WEREWOLF,ALIVE,Sample5
6,status,9,VILLAGER,ALIVE,Sample4
6,status,10,WEREWOLF,ALIVE,Sample3
6,status,11,VILLAGER,DEAD,Sample14
6,status,12,VILLAGER,DEAD,Sample2
6,status,13,MEDIUM,DEAD,Sample13
6,status,14,VILLAGER,DEAD,Sample1
6,status,15,WEREWOLF,DEAD,cash_dqn
6,talk,0,0,6,Skip
6,talk,1,0,4,DAY 6 (DIVINED Agent[09] HUMAN)
6,talk,2,0,9,Skip
6,talk,3,0,1,Skip
6,talk,4,0,5,Skip
6,talk,5,0,8,ESTIMATE Agent[01] WEREWOLF
6,talk,6,0,10,ESTIMATE Agent[09] WEREWOLF
6,talk,7,1,6,Skip
6,talk,8,1,10,Skip
6,talk,9,1,5,Skip
6,talk,10,1,8,Skip
6,talk,11,1,4,Skip
6,talk,12,1,1,Skip
6,talk,13,1,9,Skip
6,talk,14,2,5,VOTE Agent[04]
6,talk,15,2,4,VOTE Agent[11]
6,talk,16,2,8,VOTE Agent[01]
6,talk,17,2,9,VOTE Agent[08]
6,talk,18,2,6,VOTE Agent[01]
6,talk,19,2,1,VOTE Agent[04]
6,talk,20,2,10,VOTE Agent[09]
6,talk,21,3,9,Skip
6,talk,22,3,1,Skip
6,talk,23,3,8,Skip
6,talk,24,3,6,Skip
6,talk,25,3,4,Skip
6,talk,26,3,5,Skip
6,talk,27,3,10,Skip
6,talk,28,4,10,Skip
6,talk,29,4,9,Skip
6,talk,30,4,5,Skip
6,talk,31,4,1,Skip
6,talk,32,4,4,Skip
6,talk,33,4,8,Skip
6,talk,34,4,6,Skip
6,talk,35,5,1,Over
6,talk,36,5,6,Over
6,talk,37,5,4,Over
6,talk,38,5,10,Over
6,talk,39,5,5,Over
6,talk,40,5,8,Over
6,talk,41,5,9,Over
6,vote,1,4
6,vote,4,10
6,vote,5,4
6,vote,6,1
6,vote,8,1
6,vote,9,8
6,vote,10,9
6,vote,1,4
6,vote,4,1
6,vote,5,4
6,vote,6,1
6,vote,8,1
6,vote,9,8
6,vote,10,9
6,execute,1,VILLAGER
6,whisper,0,0,8,ATTACK Agent[09]
6,whisper,1,0,10,ATTACK Agent[06]
6,whisper,2,1,10,Skip
6,whisper,3,1,8,Skip
6,whisper,4,2,10,Skip
6,whisper,5,2,8,Skip
6,whisper,6,3,8,Over
6,whisper,7,3,10,Over
6,guard,6,4,POSSESSED
6,attack,4,false
7,status,1,VILLAGER,DEAD,Sample9
7,status,2,VILLAGER,DEAD,Sample12
7,status,3,SEER,DEAD,Sample8
7,status,4,POSSESSED,ALIVE,Sample11
7,status,5,VILLAGER,ALIVE,Sample7
7,status,6,BODYGUARD,ALIVE,Sample10
7,status,7,VILLAGER,DEAD,Sample6
7,status,8,WEREWOLF,ALIVE,Sample5
7,status,9,VILLAGER,ALIVE,Sample4
7,status,10,WEREWOLF,ALIVE,Sample3
7,status,11,VILLAGER,DEAD,Sample14
7,status,12,VILLAGER,DEAD,Sample2
7,status,13,MEDIUM,DEAD,Sample13
7,status,14,VILLAGER,DEAD,Sample1
7,status,15,WEREWOLF,DEAD,cash_dqn
7,talk,0,0,8,ESTIMATE Agent[05] WEREWOLF
7,talk,1,0,10,ESTIMATE Agent[06] WEREWOLF
7,talk,2,0,9,Skip
7,talk,3,0,4,DAY 7 (DIVINED Agent[06] HUMAN)
7,talk,4,0,5,Skip
7,talk,5,0,6,Skip
7,talk,6,1,9,Skip
7,talk,7,1,6,Skip
7,talk,8,1,8,Skip
7,talk,9,1,10,Skip
7,talk,10,1,5,Skip
7,talk,11,1,4,Skip
7,talk,12,2,5,VOTE Agent[04]
7,talk,13,2,9,VOTE Agent[06]
7,talk,14,2,4,VOTE Agent[12]
7,talk,15,2,6,VOTE Agent[10]
7,talk,16,2,8,VOTE Agent[05]
7,talk,17,2,10,VOTE Agent[06]
7,talk,18,3,9,Skip
7,talk,19,3,8,Skip
7,talk,20,3,6,Skip
7,talk,21,3,4,Skip
7,talk,22,3,10,Skip
7,talk,23,3,5,Skip
7,talk,24,4,10,Skip
7,talk,25,4,6,Skip
7,talk,26,4,8,Skip
7,talk,27,4,4,Skip
7,talk,28,4,9,Skip
7,talk,29,4,5,Skip
7,talk,30,5,5,Over
7,talk,31,5,10,Over
7,talk,32,5,9,Over
7,talk,33,5,6,Over
7,talk,34,5,8,Over
7,talk,35,5,4,Over
7,vote,4,5
7,vote,5,4
7,vote,6,10
7,vote,8,5
7,vote,9,6
7,vote,10,6
7,vote,4,10
7,vote,5,4
7,vote,6,10
7,vote,8,5
7,vote,9,6
7,vote,10,6
7,execute,10,WEREWOLF
7,guard,6,4,POSSESSED
7,attackVote,8,5
7,attack,5,true
8,status,1,VILLAGER,DEAD,Sample9
8,status,2,VILLAGER,DEAD,Sample12
8,status,3,SEER,DEAD,Sample8
8,status,4,POSSESSED,ALIVE,Sample11
8,status,5,VILLAGER,DEAD,Sample7
8,status,6,BODYGUARD,ALIVE,Sample10
8,status,7,VILLAGER,DEAD,Sample6
8,status,8,WEREWOLF,ALIVE,Sample5
8,status,9,VILLAGER,ALIVE,Sample4
8,status,10,WEREWOLF,DEAD,Sample3
8,status,11,VILLAGER,DEAD,Sample14
8,status,12,VILLAGER,DEAD,Sample2
8,status,13,MEDIUM,DEAD,Sample13
8,status,14,VILLAGER,DEAD,Sample1
8,status,15,WEREWOLF,DEAD,cash_dqn
8,talk,0,0,6,Skip
8,talk,1,0,8,ESTIMATE Agent[06] WEREWOLF
8,talk,2,0,4,DAY 8 (DIVINED Agent[08] HUMAN)
8,talk,3,0,9,Skip
8,talk,4,1,6,Skip
8,talk,5,1,4,Skip
8,talk,6,1,9,Skip
8,talk,7,1,8,Skip
8,talk,8,2,6,VOTE Agent[09]
8,talk,9,2,4,BECAUSE (XOR (ESTIMATE Agent[13] WEREWOLF) (ESTIMATE Agent[13] POSSESSED)) (VOTE Agent[13])
8,talk,10,2,8,VOTE Agent[06]
8,talk,11,2,9,VOTE Agent[06]
8,talk,12,3,4,Skip
8,talk,13,3,6,Skip
8,talk,14,3,9,Skip
8,talk,15,3,8,Skip
8,talk,16,4,6,Skip
8,talk,17,4,8,Skip
8,talk,18,4,9,Skip
8,talk,19,4,4,Skip
8,talk,20,5,6,Over
8,talk,21,5,8,Over
8,talk,22,5,9,Over
8,talk,23,5,4,Over
8,vote,4,6
8,vote,6,9
8,vote,8,6
8,vote,9,6
8,execute,6,BODYGUARD
8,attackVote,8,9
8,attack,9,true
9,status,1,VILLAGER,DEAD,Sample9
9,status,2,VILLAGER,DEAD,Sample12
9,status,3,SEER,DEAD,Sample8
9,status,4,POSSESSED,ALIVE,Sample11
9,status,5,VILLAGER,DEAD,Sample7
9,status,6,BODYGUARD,DEAD,Sample10
9,status,7,VILLAGER,DEAD,Sample6
9,status,8,WEREWOLF,ALIVE,Sample5
9,status,9,VILLAGER,DEAD,Sample4
9,status,10,WEREWOLF,DEAD,Sample3
9,status,11,VILLAGER,DEAD,Sample14
9,status,12,VILLAGER,DEAD,Sample2
9,status,13,MEDIUM,DEAD,Sample13
9,status,14,VILLAGER,DEAD,Sample1
9,status,15,WEREWOLF,DEAD,cash_dqn
9,result,1,1,WEREWOLF
