0,status,1,MEDIUM,ALIVE,Sample9
0,status,2,WEREWOLF,ALIVE,Sample12
0,status,3,VILLAGER,ALIVE,Sample8
0,status,4,VILLAGER,ALIVE,Sample11
0,status,5,VILLAGER,ALIVE,Sample7
0,status,6,VILLAGER,ALIVE,Sample10
0,status,7,VILLAGER,ALIVE,Sample6
0,status,8,VILLAGER,ALIVE,Sample5
0,status,9,BODYGUARD,ALIVE,Sample4
0,status,10,POSSESSED,ALIVE,Sample3
0,status,11,VILLAGER,ALIVE,Sample14
0,status,12,WEREWOLF,ALIVE,Sample2
0,status,13,VILLAGER,ALIVE,Sample13
0,status,14,SEER,ALIVE,Sample1
0,status,15,WEREWOLF,ALIVE,cash_dqn
0,whisper,0,0,2,COMINGOUT Agent[02] SEER
0,whisper,1,0,12,COMINGOUT Agent[12] SEER
0,whisper,2,0,15,Over
0,whisper,3,1,2,ATTACK Agent[06]
0,whisper,4,1,12,ATTACK Agent[14]
0,whisper,5,1,15,Over
0,whisper,6,2,15,Over
0,whisper,7,2,12,Skip
0,whisper,8,2,2,Skip
0,whisper,9,3,2,Skip
0,whisper,10,3,15,Over
0,whisper,11,3,12,Skip
0,whisper,12,4,12,Over
0,whisper,13,4,2,Over
0,whisper,14,4,15,Over
0,divine,14,10,HUMAN
1,status,1,MEDIUM,ALIVE,Sample9
1,status,2,WEREWOLF,ALIVE,Sample12
1,status,3,VILLAGER,ALIVE,Sample8
1,status,4,VILLAGER,ALIVE,Sample11
1,status,5,VILLAGER,ALIVE,Sample7
1,status,6,VILLAGER,ALIVE,Sample10
1,status,7,VILLAGER,ALIVE,Sample6
1,status,8,VILLAGER,ALIVE,Sample5
1,status,9,BODYGUARD,ALIVE,Sample4
1,status,10,POSSESSED,ALIVE,Sample3
1,status,11,VILLAGER,ALIVE,Sample14
1,status,12,WEREWOLF,ALIVE,Sample2
1,status,13,VILLAGER,ALIVE,Sample13
1,status,14,SEER,ALIVE,Sample1
1,status,15,WEREWOLF,ALIVE,cash_dqn
1,talk,0,0,9,Skip
1,talk,1,0,10,Skip
1,talk,2,0,3,Skip
1,talk,3,0,12,ESTIMATE Agent[04] WEREWOLF
1,talk,4,0,2,ESTIMATE Agent[09] WEREWOLF
1,talk,5,0,6,Skip
1,talk,6,0,4,Skip
1,talk,7,0,8,Skip
1,talk,8,0,7,Skip
1,talk,9,0,1,Skip
1,talk,10,0,15,Over
1,talk,11,0,5,Skip
1,talk,12,0,14,Skip
1,talk,13,0,13,Skip
1,talk,14,0,11,Skip
1,talk,15,1,15,Over
1,talk,16,1,7,Skip
1,talk,17,1,4,Skip
1,talk,18,1,11,Skip
1,talk,19,1,6,Skip
1,talk,20,1,2,Skip
1,talk,21,1,14,Skip
1,talk,22,1,3,Skip
1,talk,23,1,13,Skip
1,talk,24,1,9,Skip
1,talk,25,1,12,Skip
1,talk,26,1,1,Skip
1,talk,27,1,8,Skip
1,talk,28,1,10,Skip
1,talk,29,1,5,Skip
1,talk,30,2,1,VOTE Agent[04]
1,talk,31,2,6,VOTE Agent[08]
1,talk,32,2,15,Over
1,talk,33,2,2,VOTE Agent[09]
1,talk,34,2,9,VOTE Agent[03]
1,talk,35,2,10,VOTE Agent[03]
1,talk,36,2,14,VOTE Agent[05]
1,talk,37,2,13,VOTE Agent[05]
1,talk,38,2,12,VOTE Agent[04]
1,talk,39,2,5,VOTE Agent[10]
1,talk,40,2,8,VOTE Agent[09]
1,talk,41,2,4,VOTE Agent[01]
1,talk,42,2,7,VOTE Agent[10]
1,talk,43,2,11,VOTE Agent[03]
1,talk,44,2,3,VOTE Agent[14]
1,talk,45,3,8,Skip
1,talk,46,3,1,Skip
1,talk,47,3,15,Over
1,talk,48,3,12,Skip
1,talk,49,3,14,Skip
1,talk,50,3,7,Skip
1,talk,51,3,6,Skip
1,talk,52,3,11,Skip
1,talk,53,3,13,Skip
1,talk,54,3,2,Skip
1,talk,55,3,4,Skip
1,talk,56,3,9,Skip
1,talk,57,3,5,Skip
1,talk,58,3,10,Skip
1,talk,59,3,3,Skip
1,talk,60,4,2,Skip
1,talk,61,4,10,Skip
1,talk,62,4,8,Skip
1,talk,63,4,1,Skip
1,talk,64,4,5,Skip
1,talk,65,4,11,Skip
1,talk,66,4,14,Skip
1,talk,67,4,3,Skip
1,talk,68,4,7,Skip
1,talk,69,4,15,Over
1,talk,70,4,12,Skip
1,talk,71,4,6,Skip
1,talk,72,4,13,Skip
1,talk,73,4,4,Skip
1,talk,74,4,9,Skip
1,talk,75,5,3,Over
1,talk,76,5,8,Over
1,talk,77,5,7,Over
1,talk,78,5,5,Over
1,talk,79,5,13,Over
1,talk,80,5,10,Over
1,talk,81,5,2,Over
1,talk,82,5,4,Over
1,talk,83,5,6,Over
1,talk,84,5,15,Over
1,talk,85,5,11,Over
1,talk,86,5,1,Over
1,talk,87,5,9,Over
1,talk,88,5,14,Over
1,talk,89,5,12,Over
1,vote,1,4
1,vote,2,9
1,vote,3,14
1,vote,4,1
1,vote,5,10
1,vote,6,8
1,vote,7,10
1,vote,8,9
1,vote,9,3
1,vote,10,3
1,vote,11,3
1,vote,12,4
1,vote,13,5
1,vote,14,5
1,vote,15,4
1,vote,1,4
1,vote,2,9
1,vote,3,14
1,vote,4,1
1,vote,5,10
1,vote,6,8
1,vote,7,10
1,vote,8,9
1,vote,9,3
1,vote,10,3
1,vote,11,3
1,vote,12,4
1,vote,13,5
1,vote,14,5
1,vote,15,7
1,execute,3,VILLAGER
1,divine,14,5,HUMAN
1,whisper,0,0,12,ATTACK Agent[04]
1,whisper,1,0,2,ATTACK Agent[08]
1,whisper,2,0,15,Over
1,whisper,3,1,2,Skip
1,whisper,4,1,15,Over
1,whisper,5,1,12,Skip
1,whisper,6,2,2,Skip
1,whisper,7,2,15,Over
1,whisper,8,2,12,Skip
1,whisper,9,3,2,Over
1,whisper,10,3,15,Over
1,whisper,11,3,12,Over
1,guard,9,12,WEREWOLF
1,attackVote,15,13
1,attack,13,true
2,status,1,MEDIUM,ALIVE,Sample9
2,status,2,WEREWOLF,ALIVE,Sample12
2,status,3,VILLAGER,DEAD,Sample8
2,status,4,VILLAGER,ALIVE,Sample11
2,status,5,VILLAGER,ALIVE,Sample7
2,status,6,VILLAGER,ALIVE,Sample10
2,status,7,VILLAGER,ALIVE,Sample6
2,status,8,VILLAGER,ALIVE,Sample5
2,status,9,BODYGUARD,ALIVE,Sample4
2,status,10,POSSESSED,ALIVE,Sample3
2,status,11,VILLAGER,ALIVE,Sample14
2,status,12,WEREWOLF,ALIVE,Sample2
2,status,13,VILLAGER,DEAD,Sample13
2,status,14,SEER,ALIVE,Sample1
2,status,15,WEREWOLF,ALIVE,cash_dqn
2,talk,0,0,14,Skip
2,talk,1,0,6,Skip
2,talk,2,0,9,Skip
2,talk,3,0,4,Skip
2,talk,4,0,15,Over
2,talk,5,0,10,Skip
2,talk,6,0,12,COMINGOUT Agent[12] SEER
2,talk,7,0,2,ESTIMATE Agent[01] WEREWOLF
2,talk,8,0,8,Skip
2,talk,9,0,7,Skip
2,talk,10,0,11,Skip
2,talk,11,0,5,Skip
2,talk,12,0,1,COMINGOUT Agent[01] MEDIUM
2,talk,13,1,2,Skip
2,talk,14,1,9,Skip
2,talk,15,1,1,DAY 2 (IDENTIFIED Agent[03] HUMAN)
2,talk,16,1,11,Skip
2,talk,17,1,10,COMINGOUT Agent[10] SEER
2,talk,18,1,14,COMINGOUT Agent[14] SEER
2,talk,19,1,15,Over
2,talk,20,1,6,Skip
2,talk,21,1,5,Skip
2,talk,22,1,12,ESTIMATE Agent[10] WEREWOLF
2,talk,23,1,7,Skip
2,talk,24,1,4,Skip
2,talk,25,1,8,Skip
2,talk,26,2,12,DIVINED Agent[13] HUMAN
2,talk,27,2,15,Over
2,talk,28,2,4,VOTE Agent[14]
2,talk,29,2,7,VOTE Agent[12]
2,talk,30,2,10,AND (DAY 1 (DIVINED Agent[11] HUMAN)) (DAY 2 (DIVINED Agent[12] WEREWOLF))
2,talk,31,2,8,VOTE Agent[09]
2,talk,32,2,9,VOTE Agent[15]
2,talk,33,2,2,VOTE Agent[01]
2,talk,34,2,1,VOTE Agent[06]
2,talk,35,2,6,VOTE Agent[09]
2,talk,36,2,11,VOTE Agent[06]
2,talk,37,2,14,AND (DAY 1 (DIVINED Agent[10] HUMAN)) (DAY 2 (DIVINED Agent[05] HUMAN))
2,talk,38,2,5,VOTE Agent[15]
2,talk,39,3,10,BECAUSE (DAY 2 (DIVINED Agent[12] WEREWOLF)) (REQUEST ANY (VOTE Agent[12]))
2,talk,40,3,6,Skip
2,talk,41,3,2,Skip
2,talk,42,3,11,Skip
2,talk,43,3,14,BECAUSE (AND (COMINGOUT Agent[14] SEER) (Agent[12] COMINGOUT Agent[12] SEER)) (XOR (ESTIMATE Agent[12] WEREWOLF) (ESTIMATE Agent[12] POSSESSED))
2,talk,44,3,9,Skip
2,talk,45,3,7,Skip
2,talk,46,3,5,Skip
2,talk,47,3,4,Skip
2,talk,48,3,1,Skip
2,talk,49,3,8,Skip
2,talk,50,3,15,Over
2,talk,51,3,12,DIVINED Agent[15] HUMAN
2,talk,52,4,9,Skip
2,talk,53,4,12,VOTE Agent[10]
2,talk,54,4,4,Skip
2,talk,55,4,8,Skip
2,talk,56,4,11,Skip
2,talk,57,4,7,Skip
2,talk,58,4,15,Over
2,talk,59,4,14,BECAUSE (AND (AND (COMINGOUT Agent[14] SEER) (Agent[10] COMINGOUT Agent[10] SEER)) (DIVINED Agent[10] HUMAN)) (ESTIMATE Agent[10] POSSESSED)
2,talk,60,4,10,INQUIRE ANY (VOTE Agent[12])
2,talk,61,4,5,Skip
2,talk,62,4,1,Skip
2,talk,63,4,2,Skip
2,talk,64,4,6,Skip
2,talk,65,5,6,Over
2,talk,66,5,1,Over
2,talk,67,5,5,Over
2,talk,68,5,4,Over
2,talk,69,5,9,Over
2,talk,70,5,14,BECAUSE (XOR (ESTIMATE Agent[12] WEREWOLF) (ESTIMATE Agent[12] POSSESSED)) (VOTE Agent[12])
2,talk,71,5,7,Over
2,talk,72,5,2,Over
2,talk,73,5,10,BECAUSE (DIVINED Agent[12] WEREWOLF) (VOTE Agent[12])
2,talk,74,5,11,Over
2,talk,75,5,8,Over
2,talk,76,5,12,Skip
2,talk,77,5,15,Over
2,talk,78,6,11,Over
2,talk,79,6,8,Over
2,talk,80,6,4,Over
2,talk,81,6,1,Over
2,talk,82,6,7,Over
2,talk,83,6,9,Over
2,talk,84,6,14,Skip
2,talk,85,6,2,Over
2,talk,86,6,10,Skip
2,talk,87,6,12,Skip
2,talk,88,6,15,Over
2,talk,89,6,6,Over
2,talk,90,6,5,Over
2,talk,91,7,14,Skip
2,talk,92,7,8,Over
2,talk,93,7,6,Over
2,talk,94,7,10,Skip
2,talk,95,7,4,Over
2,talk,96,7,2,Over
2,talk,97,7,15,Over
2,talk,98,7,5,Over
2,talk,99,7,12,Over
2,talk,100,7,1,Over
2,talk,101,7,11,Over
2,talk,102,7,9,Over
2,talk,103,7,7,Over
2,talk,104,8,1,Over
2,talk,105,8,11,Over
2,talk,106,8,7,Over
2,talk,107,8,12,Over
2,talk,108,8,4,Over
2,talk,109,8,9,Over
2,talk,110,8,6,Over
2,talk,111,8,14,Over
2,talk,112,8,8,Over
2,talk,113,8,2,Over
2,talk,114,8,5,Over
2,talk,115,8,10,Over
2,talk,116,8,15,Over
2,vote,1,6
2,vote,2,1
2,vote,4,14
2,vote,5,15
2,vote,6,9
2,vote,7,12
2,vote,8,9
2,vote,9,15
2,vote,10,12
2,vote,11,6
2,vote,12,10
2,vote,14,12
2,vote,15,9
2,vote,1,6
2,vote,2,1
2,vote,4,14
2,vote,5,15
2,vote,6,9
2,vote,7,12
2,vote,8,9
2,vote,9,15
2,vote,10,12
2,vote,11,6
2,vote,12,10
2,vote,14,12
2,vote,15,6
2,execute,6,VILLAGER
2,divine,14,12,WEREWOLF
2,whisper,0,0,12,BECAUSE (Agent[10] COMINGOUT Agent[10] SEER) (ATTACK Agent[10])
2,whisper,1,0,15,Over
2,whisper,2,0,2,COMINGOUT Agent[02] VILLAGER
2,whisper,3,1,2,BECAUSE (Agent[01] COMINGOUT Agent[01] MEDIUM) (ATTACK Agent[01])
2,whisper,4,1,15,Over
2,whisper,5,1,12,Skip
2,whisper,6,2,2,Skip
2,whisper,7,2,12,Skip
2,whisper,8,2,15,Over
2,whisper,9,3,12,Over
2,whisper,10,3,15,Over
2,whisper,11,3,2,Skip
2,whisper,12,4,2,Over
2,whisper,13,4,15,Over
2,whisper,14,4,12,Over
2,guard,9,14,SEER
2,attackVote,15,7
2,attack,7,true
3,status,1,MEDIUM,ALIVE,Sample9
3,status,2,WEREWOLF,ALIVE,Sample12
3,status,3,VILLAGER,DEAD,Sample8
3,status,4,VILLAGER,ALIVE,Sample11
3,status,5,VILLAGER,ALIVE,Sample7
3,status,6,VILLAGER,DEAD,Sample10
3,status,7,VILLAGER,DEAD,Sample6
3,status,8,VILLAGER,ALIVE,Sample5
3,status,9,BODYGUARD,ALIVE,Sample4
3,status,10,POSSESSED,ALIVE,Sample3
3,status,11,VILLAGER,ALIVE,Sample14
3,status,12,WEREWOLF,ALIVE,Sample2
3,status,13,VILLAGER,DEAD,Sample13
3,status,14,SEER,ALIVE,Sample1
3,status,15,WEREWOLF,ALIVE,cash_dqn
3,talk,0,0,1,DAY 3 (IDENTIFIED Agent[06] HUMAN)
3,talk,1,0,2,ESTIMATE Agent[11] WEREWOLF
3,talk,2,0,15,Over
3,talk,3,0,11,Skip
3,talk,4,0,10,DAY 3 (DIVINED Agent[15] HUMAN)
3,talk,5,0,14,DAY 3 (DIVINED Agent[12] WEREWOLF)
3,talk,6,0,5,Skip
3,talk,7,0,9,Skip
3,talk,8,0,4,Skip
3,talk,9,0,8,Skip
3,talk,10,0,12,DIVINED Agent[04] WEREWOLF
3,talk,11,1,8,Skip
3,talk,12,1,2,Skip
3,talk,13,1,4,BECAUSE (AND (COMINGOUT Agent[04] VILLAGER) (DAY 3 (Agent[12] DIVINED Agent[04] WEREWOLF))) (XOR (ESTIMATE Agent[12] WEREWOLF) (ESTIMATE Agent[12] POSSESSED))
3,talk,14,1,15,Over
3,talk,15,1,12,ESTIMATE Agent[10] WEREWOLF
3,talk,16,1,1,Skip
3,talk,17,1,14,BECAUSE (DAY 3 (DIVINED Agent[12] WEREWOLF)) (REQUEST ANY (VOTE Agent[12]))
3,talk,18,1,10,BECAUSE (DAY 2 (DIVINED Agent[12] WEREWOLF)) (REQUEST ANY (VOTE Agent[12]))
3,talk,19,1,9,Skip
3,talk,20,1,5,Skip
3,talk,21,1,11,Skip
3,talk,22,2,2,VOTE Agent[11]
3,talk,23,2,1,VOTE Agent[15]
3,talk,24,2,12,ESTIMATE Agent[04] WEREWOLF
3,talk,25,2,5,VOTE Agent[02]
3,talk,26,2,9,VOTE Agent[05]
3,talk,27,2,4,BECAUSE (XOR (ESTIMATE Agent[12] WEREWOLF) (ESTIMATE Agent[12] POSSESSED)) (VOTE Agent[12])
3,talk,28,2,8,VOTE Agent[12]
3,talk,29,2,14,INQUIRE ANY (VOTE Agent[12])
3,talk,30,2,15,Over
3,talk,31,2,11,VOTE Agent[02]
3,talk,32,2,10,INQUIRE ANY (VOTE Agent[12])
3,talk,33,3,11,Skip
3,talk,34,3,14,BECAUSE (DIVINED Agent[12] WEREWOLF) (VOTE Agent[12])
3,talk,35,3,8,Skip
3,talk,36,3,12,VOTE Agent[04]
3,talk,37,3,5,Skip
3,talk,38,3,4,Skip
3,talk,39,3,1,Skip
3,talk,40,3,15,Over
3,talk,41,3,9,Skip
3,talk,42,3,2,Skip
3,talk,43,3,10,BECAUSE (DIVINED Agent[12] WEREWOLF) (VOTE Agent[12])
3,talk,44,4,5,Skip
3,talk,45,4,15,Over
3,talk,46,4,12,Skip
3,talk,47,4,4,Skip
3,talk,48,4,10,Skip
3,talk,49,4,8,Skip
3,talk,50,4,2,Skip
3,talk,51,4,1,Skip
3,talk,52,4,14,Skip
3,talk,53,4,9,Skip
3,talk,54,4,11,Skip
3,talk,55,5,11,Over
3,talk,56,5,5,Over
3,talk,57,5,15,Over
3,talk,58,5,14,Skip
3,talk,59,5,2,Over
3,talk,60,5,8,Over
3,talk,61,5,12,Skip
3,talk,62,5,10,Skip
3,talk,63,5,4,Over
3,talk,64,5,9,Over
3,talk,65,5,1,Over
3,talk,66,6,12,Over
3,talk,67,6,9,Over
3,talk,68,6,2,Over
3,talk,69,6,10,Over
3,talk,70,6,4,Over
3,talk,71,6,15,Over
3,talk,72,6,11,Over
3,talk,73,6,8,Over
3,talk,74,6,14,Over
3,talk,75,6,1,Over
3,talk,76,6,5,Over
3,vote,1,15
3,vote,2,11
3,vote,4,12
3,vote,5,2
3,vote,8,12
3,vote,9,5
3,vote,10,12
3,vote,11,2
3,vote,12,4
3,vote,14,12
3,vote,15,11
3,execute,12,WEREWOLF
3,whisper,0,0,2,BECAUSE (AND (NOT (COMINGOUT Agent[10] WEREWOLF)) (COMINGOUT Agent[15] WEREWOLF) (DAY 3 (Agent[10] DIVINED Agent[15] HUMAN))) (ESTIMATE Agent[10] POSSESSED)
3,whisper,1,0,15,Over
3,whisper,2,1,2,BECAUSE (Agent[14] COMINGOUT Agent[14] SEER) (ATTACK Agent[14])
3,whisper,3,1,15,Over
3,whisper,4,2,15,Over
3,whisper,5,2,2,Skip
3,whisper,6,3,15,Over
3,whisper,7,3,2,Skip
3,whisper,8,4,2,Over
3,whisper,9,4,15,Over
3,guard,9,10,POSSESSED
3,attackVote,15,11
3,attack,11,true
4,status,1,MEDIUM,ALIVE,Sample9
4,status,2,WEREWOLF,ALIVE,Sample12
4,status,3,VILLAGER,DEAD,Sample8
4,status,4,VILLAGER,ALIVE,Sample11
4,status,5,VILLAGER,ALIVE,Sample7
4,status,6,VILLAGER,DEAD,Sample10
4,status,7,VILLAGER,DEAD,Sample6
4,status,8,VILLAGER,ALIVE,Sample5
4,status,9,BODYGUARD,ALIVE,Sample4
4,status,10,POSSESSED,ALIVE,Sample3
4,status,11,VILLAGER,DEAD,Sample14
4,status,12,WEREWOLF,DEAD,Sample2
4,status,13,VILLAGER,DEAD,Sample13
4,status,14,SEER,ALIVE,Sample1
4,status,15,WEREWOLF,ALIVE,cash_dqn
4,talk,0,0,1,DAY 4 (IDENTIFIED Agent[12] WEREWOLF)
4,talk,1,0,8,Skip
4,talk,2,0,2,ESTIMATE Agent[09] WEREWOLF
4,talk,3,0,5,Skip
4,talk,4,0,9,Skip
4,talk,5,0,10,DAY 4 (DIVINED Agent[01] HUMAN)
4,talk,6,0,4,Skip
4,talk,7,0,15,Over
4,talk,8,0,14,Skip
4,talk,9,1,8,Skip
4,talk,10,1,15,Over
4,talk,11,1,1,Skip
4,talk,12,1,9,Skip
4,talk,13,1,14,Skip
4,talk,14,1,5,Skip
4,talk,15,1,2,Skip
4,talk,16,1,4,Skip
4,talk,17,1,10,BECAUSE (AND (COMINGOUT Agent[10] SEER) (Agent[14] COMINGOUT Agent[14] SEER)) (XOR (ESTIMATE Agent[14] WEREWOLF) (ESTIMATE Agent[14] POSSESSED))
4,talk,18,2,15,Over
4,talk,19,2,14,VOTE Agent[06]
4,talk,20,2,2,VOTE Agent[09]
4,talk,21,2,5,VOTE Agent[01]
4,talk,22,2,10,BECAUSE (XOR (ESTIMATE Agent[14] WEREWOLF) (ESTIMATE Agent[14] POSSESSED)) (VOTE Agent[14])
4,talk,23,2,1,VOTE Agent[04]
4,talk,24,2,8,VOTE Agent[10]
4,talk,25,2,9,VOTE Agent[14]
4,talk,26,2,4,VOTE Agent[02]
4,talk,27,3,8,Skip
4,talk,28,3,10,Skip
4,talk,29,3,5,Skip
4,talk,30,3,14,Skip
4,talk,31,3,4,Skip
4,talk,32,3,9,Skip
4,talk,33,3,1,Skip
4,talk,34,3,2,Skip
4,talk,35,3,15,Over
4,talk,36,4,14,Skip
4,talk,37,4,5,Skip
4,talk,38,4,2,Skip
4,talk,39,4,9,Skip
4,talk,40,4,1,Skip
4,talk,41,4,15,Over
4,talk,42,4,4,Skip
4,talk,43,4,8,Skip
4,talk,44,4,10,Skip
4,talk,45,5,1,Over
4,talk,46,5,10,Over
4,talk,47,5,9,Over
4,talk,48,5,15,Over
4,talk,49,5,5,Over
4,talk,50,5,14,Over
4,talk,51,5,8,Over
4,talk,52,5,2,Over
4,talk,53,5,4,Over
4,vote,1,4
4,vote,2,9
4,vote,4,2
4,vote,5,1
4,vote,8,10
4,vote,9,14
4,vote,10,14
4,vote,14,1
4,vote,15,8
4,vote,1,4
4,vote,2,9
4,vote,4,2
4,vote,5,1
4,vote,8,10
4,vote,9,14
4,vote,10,14
4,vote,14,2
4,vote,15,1
4,execute,2,WEREWOLF
4,divine,14,4,HUMAN
4,guard,9,10,POSSESSED
4,attackVote,15,9
4,attack,9,true
5,status,1,MEDIUM,ALIVE,Sample9
5,status,2,WEREWOLF,DEAD,Sample12
5,status,3,VILLAGER,DEAD,Sample8
5,status,4,VILLAGER,ALIVE,Sample11
5,status,5,VILLAGER,ALIVE,Sample7
5,status,6,VILLAGER,DEAD,Sample10
5,status,7,VILLAGER,DEAD,Sample6
5,status,8,VILLAGER,ALIVE,Sample5
5,status,9,BODYGUARD,DEAD,Sample4
5,status,10,POSSESSED,ALIVE,Sample3
5,status,11,VILLAGER,DEAD,Sample14
5,status,12,WEREWOLF,DEAD,Sample2
5,status,13,VILLAGER,DEAD,Sample13
5,status,14,SEER,ALIVE,Sample1
5,status,15,WEREWOLF,ALIVE,cash_dqn
5,talk,0,0,14,DAY 5 (DIVINED Agent[04] HUMAN)
5,talk,1,0,5,Skip
5,talk,2,0,15,Over
5,talk,3,0,4,Skip
5,talk,4,0,1,DAY 5 (IDENTIFIED Agent[02] WEREWOLF)
5,talk,5,0,8,Skip
5,talk,6,0,10,DAY 5 (DIVINED Agent[08] HUMAN)
5,talk,7,1,4,Skip
5,talk,8,1,5,Skip
5,talk,9,1,1,Skip
5,talk,10,1,10,BECAUSE (AND (COMINGOUT Agent[10] SEER) (Agent[14] COMINGOUT Agent[14] SEER)) (XOR (ESTIMATE Agent[14] WEREWOLF) (ESTIMATE Agent[14] POSSESSED))
5,talk,11,1,8,Skip
5,talk,12,1,14,Skip
5,talk,13,1,15,Over
5,talk,14,2,14,VOTE Agent[07]
5,talk,15,2,4,VOTE Agent[05]
5,talk,16,2,15,Over
5,talk,17,2,1,VOTE Agent[15]
5,talk,18,2,8,VOTE Agent[15]
5,talk,19,2,5,VOTE Agent[10]
5,talk,20,2,10,BECAUSE (XOR (ESTIMATE Agent[14] WEREWOLF) (ESTIMATE Agent[14] POSSESSED)) (VOTE Agent[14])
5,talk,21,3,5,Skip
5,talk,22,3,14,Skip
5,talk,23,3,1,Skip
5,talk,24,3,15,Over
5,talk,25,3,8,Skip
5,talk,26,3,4,Skip
5,talk,27,3,10,Skip
5,talk,28,4,8,Skip
5,talk,29,4,1,Skip
5,talk,30,4,14,Skip
5,talk,31,4,4,Skip
5,talk,32,4,5,Skip
5,talk,33,4,15,Over
5,talk,34,4,10,Skip
5,talk,35,5,1,Over
5,talk,36,5,10,Over
5,talk,37,5,4,Over
5,talk,38,5,8,Over
5,talk,39,5,14,Over
5,talk,40,5,15,Over
5,talk,41,5,5,Over
5,vote,1,15
5,vote,4,5
5,vote,5,10
5,vote,8,15
5,vote,10,14
5,vote,14,4
5,vote,15,14
5,vote,1,15
5,vote,4,5
5,vote,5,10
5,vote,8,15
5,vote,10,14
5,vote,14,15
5,vote,15,5
5,execute,15,WEREWOLF
5,divine,14,8,HUMAN
6,status,1,MEDIUM,ALIVE,Sample9
6,status,2,WEREWOLF,DEAD,Sample12
6,status,3,VILLAGER,DEAD,Sample8
6,status,4,VILLAGER,ALIVE,Sample11
6,status,5,VILLAGER,ALIVE,Sample7
6,status,6,VILLAGER,DEAD,Sample10
6,status,7,VILLAGER,DEAD,Sample6
6,status,8,VILLAGER,ALIVE,Sample5
6,status,9,BODYGUARD,DEAD,Sample4
6,status,10,POSSESSED,ALIVE,Sample3
6,status,11,VILLAGER,DEAD,Sample14
6,status,12,WEREWOLF,DEAD,Sample2
6,status,13,VILLAGER,DEAD,Sample13
6,status,14,SEER,ALIVE,Sample1
6,status,15,WEREWOLF,DEAD,cash_dqn
6,result,6,0,VILLAGER
