0,status,1,POSSESSED,ALIVE,Sample9
0,status,2,VILLAGER,ALIVE,Sample12
0,status,3,VILLAGER,ALIVE,Sample8
0,status,4,WEREWOLF,ALIVE,Sample11
0,status,5,VILLAGER,ALIVE,Sample7
0,status,6,VILLAGER,ALIVE,Sample10
0,status,7,BODYGUARD,ALIVE,Sample6
0,status,8,VILLAGER,ALIVE,Sample5
0,status,9,VILLAGER,ALIVE,Sample4
0,status,10,WEREWOLF,ALIVE,Sample3
0,status,11,WEREWOLF,ALIVE,Sample14
0,status,12,VILLAGER,ALIVE,Sample2
0,status,13,SEER,ALIVE,Sample13
0,status,14,VILLAGER,ALIVE,Sample1
0,status,15,MEDIUM,ALIVE,cash_dqn
0,whisper,0,0,11,COMINGOUT Agent[11] MEDIUM
0,whisper,1,0,10,COMINGOUT Agent[10] MEDIUM
0,whisper,2,0,4,COMINGOUT Agent[04] VILLAGER
0,whisper,3,1,10,ATTACK Agent[05]
0,whisper,4,1,4,ATTACK Agent[02]
0,whisper,5,1,11,ATTACK Agent[15]
0,whisper,6,2,11,Skip
0,whisper,7,2,4,Skip
0,whisper,8,2,10,Skip
0,whisper,9,3,10,Skip
0,whisper,10,3,11,Skip
0,whisper,11,3,4,Skip
0,whisper,12,4,4,Over
0,whisper,13,4,11,Over
0,whisper,14,4,10,Over
0,divine,13,3,HUMAN
1,status,1,POSSESSED,ALIVE,Sample9
1,status,2,VILLAGER,ALIVE,Sample12
1,status,3,VILLAGER,ALIVE,Sample8
1,status,4,WEREWOLF,ALIVE,Sample11
1,status,5,VILLAGER,ALIVE,Sample7
1,status,6,VILLAGER,ALIVE,Sample10
1,status,7,BODYGUARD,ALIVE,Sample6
1,status,8,VILLAGER,ALIVE,Sample5
1,status,9,VILLAGER,ALIVE,Sample4
1,status,10,WEREWOLF,ALIVE,Sample3
1,status,11,WEREWOLF,ALIVE,Sample14
1,status,12,VILLAGER,ALIVE,Sample2
1,status,13,SEER,ALIVE,Sample13
1,status,14,VILLAGER,ALIVE,Sample1
1,status,15,MEDIUM,ALIVE,cash_dqn
1,talk,0,0,14,Skip
1,talk,1,0,10,ESTIMATE Agent[12] WEREWOLF
1,talk,2,0,1,Skip
1,talk,3,0,13,Skip
1,talk,4,0,6,Skip
1,talk,5,0,3,Skip
1,talk,6,0,5,Skip
1,talk,7,0,7,Skip
1,talk,8,0,8,Skip
1,talk,9,0,2,Skip
1,talk,10,0,12,Skip
1,talk,11,0,4,ESTIMATE Agent[13] WEREWOLF
1,talk,12,0,15,Over
1,talk,13,0,11,COMINGOUT Agent[11] MEDIUM
1,talk,14,0,9,Skip
1,talk,15,1,2,Skip
1,talk,16,1,15,Over
1,talk,17,1,12,Skip
1,talk,18,1,8,Skip
1,talk,19,1,13,Skip
1,talk,20,1,10,Skip
1,talk,21,1,11,ESTIMATE Agent[01] WEREWOLF
1,talk,22,1,3,Skip
1,talk,23,1,5,Skip
1,talk,24,1,7,Skip
1,talk,25,1,1,Skip
1,talk,26,1,9,Skip
1,talk,27,1,4,Skip
1,talk,28,1,6,Skip
1,talk,29,1,14,Skip
1,talk,30,2,11,VOTE Agent[01]
1,talk,31,2,9,VOTE Agent[03]
1,talk,32,2,8,VOTE Agent[07]
1,talk,33,2,13,VOTE Agent[06]
1,talk,34,2,12,VOTE Agent[03]
1,talk,35,2,5,VOTE Agent[01]
1,talk,36,2,4,VOTE Agent[13]
1,talk,37,2,6,VOTE Agent[03]
1,talk,38,2,3,VOTE Agent[09]
1,talk,39,2,10,VOTE Agent[12]
1,talk,40,2,7,VOTE Agent[09]
1,talk,41,2,1,VOTE Agent[02]
1,talk,42,2,14,VOTE Agent[03]
1,talk,43,2,15,Over
1,talk,44,2,2,VOTE Agent[03]
1,talk,45,3,10,Skip
1,talk,46,3,9,Skip
1,talk,47,3,3,Skip
1,talk,48,3,1,Skip
1,talk,49,3,11,Skip
1,talk,50,3,15,Over
1,talk,51,3,4,Skip
1,talk,52,3,2,Skip
1,talk,53,3,7,Skip
1,talk,54,3,6,Skip
1,talk,55,3,13,Skip
1,talk,56,3,14,Skip
1,talk,57,3,12,Skip
1,talk,58,3,8,Skip
1,talk,59,3,5,Skip
1,talk,60,4,10,Skip
1,talk,61,4,8,Skip
1,talk,62,4,5,Skip
1,talk,63,4,12,Skip
1,talk,64,4,9,Skip
1,talk,65,4,6,Skip
1,talk,66,4,2,Skip
1,talk,67,4,15,Over
1,talk,68,4,11,Skip
1,talk,69,4,13,Skip
1,talk,70,4,3,Skip
1,talk,71,4,14,Skip
1,talk,72,4,1,Skip
1,talk,73,4,7,Skip
1,talk,74,4,4,Skip
1,talk,75,5,1,Over
1,talk,76,5,14,Over
1,talk,77,5,8,Over
1,talk,78,5,12,Over
1,talk,79,5,13,Over
1,talk,80,5,3,Over
1,talk,81,5,9,Over
1,talk,82,5,11,Over
1,talk,83,5,5,Over
1,talk,84,5,2,Over
1,talk,85,5,15,Over
1,talk,86,5,10,Over
1,talk,87,5,6,Over
1,talk,88,5,7,Over
1,talk,89,5,4,Over
1,vote,1,2
1,vote,2,3
1,vote,3,9
1,vote,4,13
1,vote,5,1
1,vote,6,3
1,vote,7,9
1,vote,8,7
1,vote,9,3
1,vote,10,12
1,vote,11,1
1,vote,12,3
1,vote,13,6
1,vote,14,3
1,vote,15,4
1,execute,3,VILLAGER
1,divine,13,11,WEREWOLF
1,whisper,0,0,4,ATTACK Agent[13]
1,whisper,1,0,11,ATTACK Agent[15]
1,whisper,2,0,10,COMINGOUT Agent[10] VILLAGER
1,whisper,3,1,11,Skip
1,whisper,4,1,4,Skip
1,whisper,5,1,10,ATTACK Agent[09]
1,whisper,6,2,10,Skip
1,whisper,7,2,4,Skip
1,whisper,8,2,11,Skip
1,whisper,9,3,4,Over
1,whisper,10,3,11,Over
1,whisper,11,3,10,Skip
1,whisper,12,4,4,Over
1,whisper,13,4,11,Over
1,whisper,14,4,10,Over
1,guard,7,11,WEREWOLF
1,attack,6,true
2,status,1,POSSESSED,ALIVE,Sample9
2,status,2,VILLAGER,ALIVE,Sample12
2,status,3,VILLAGER,DEAD,Sample8
2,status,4,WEREWOLF,ALIVE,Sample11
2,status,5,VILLAGER,ALIVE,Sample7
2,status,6,VILLAGER,DEAD,Sample10
2,status,7,BODYGUARD,ALIVE,Sample6
2,status,8,VILLAGER,ALIVE,Sample5
2,status,9,VILLAGER,ALIVE,Sample4
2,status,10,WEREWOLF,ALIVE,Sample3
2,status,11,WEREWOLF,ALIVE,Sample14
2,status,12,VILLAGER,ALIVE,Sample2
2,status,13,SEER,ALIVE,Sample13
2,status,14,VILLAGER,ALIVE,Sample1
2,status,15,MEDIUM,ALIVE,cash_dqn
2,talk,0,0,15,Over
2,talk,1,0,11,IDENTIFIED Agent[03] HUMAN
2,talk,2,0,10,ESTIMATE Agent[08] WEREWOLF
2,talk,3,0,7,Skip
2,talk,4,0,5,Skip
2,talk,5,0,13,COMINGOUT Agent[13] SEER
2,talk,6,0,1,Skip
2,talk,7,0,8,Skip
2,talk,8,0,2,Skip
2,talk,9,0,14,Skip
2,talk,10,0,4,ESTIMATE Agent[02] WEREWOLF
2,talk,11,0,9,Skip
2,talk,12,0,12,Skip
2,talk,13,1,10,Skip
2,talk,14,1,12,Skip
2,talk,15,1,4,Skip
2,talk,16,1,11,ESTIMATE Agent[02] WEREWOLF
2,talk,17,1,7,Skip
2,talk,18,1,13,AND (DAY 1 (DIVINED Agent[03] HUMAN)) (DAY 2 (DIVINED Agent[11] WEREWOLF))
2,talk,19,1,2,Skip
2,talk,20,1,9,Skip
2,talk,21,1,1,COMINGOUT Agent[01] SEER
2,talk,22,1,8,Skip
2,talk,23,1,14,Skip
2,talk,24,1,5,Skip
2,talk,25,1,15,Over
2,talk,26,2,2,VOTE Agent[09]
2,talk,27,2,7,VOTE Agent[01]
2,talk,28,2,11,VOTE Agent[02]
2,talk,29,2,13,BECAUSE (DAY 2 (DIVINED Agent[11] WEREWOLF)) (REQUEST ANY (VOTE Agent[11]))
2,talk,30,2,14,VOTE Agent[08]
2,talk,31,2,1,AND (DAY 1 (DIVINED Agent[06] HUMAN)) (DAY 2 (DIVINED Agent[13] WEREWOLF))
2,talk,32,2,10,VOTE Agent[08]
2,talk,33,2,15,Over
2,talk,34,2,9,VOTE Agent[14]
2,talk,35,2,5,VOTE Agent[10]
2,talk,36,2,12,VOTE Agent[09]
2,talk,37,2,4,VOTE Agent[02]
2,talk,38,2,8,VOTE Agent[02]
2,talk,39,3,8,Skip
2,talk,40,3,9,Skip
2,talk,41,3,15,Over
2,talk,42,3,13,INQUIRE ANY (VOTE Agent[11])
2,talk,43,3,12,Skip
2,talk,44,3,10,Skip
2,talk,45,3,14,Skip
2,talk,46,3,11,Skip
2,talk,47,3,4,Skip
2,talk,48,3,7,Skip
2,talk,49,3,1,BECAUSE (DAY 2 (DIVINED Agent[13] WEREWOLF)) (REQUEST ANY (VOTE Agent[13]))
2,talk,50,3,2,Skip
2,talk,51,3,5,Skip
2,talk,52,4,11,Skip
2,talk,53,4,14,Skip
2,talk,54,4,12,Skip
2,talk,55,4,5,Skip
2,talk,56,4,9,Skip
2,talk,57,4,8,Skip
2,talk,58,4,1,INQUIRE ANY (VOTE Agent[13])
2,talk,59,4,2,Skip
2,talk,60,4,4,Skip
2,talk,61,4,15,Over
2,talk,62,4,13,BECAUSE (DIVINED Agent[11] WEREWOLF) (VOTE Agent[11])
2,talk,63,4,7,Skip
2,talk,64,4,10,Skip
2,talk,65,5,12,Over
2,talk,66,5,2,Over
2,talk,67,5,15,Over
2,talk,68,5,14,Over
2,talk,69,5,13,Skip
2,talk,70,5,1,BECAUSE (DIVINED Agent[13] WEREWOLF) (VOTE Agent[13])
2,talk,71,5,4,Over
2,talk,72,5,5,Over
2,talk,73,5,9,Over
2,talk,74,5,10,Over
2,talk,75,5,11,Over
2,talk,76,5,7,Over
2,talk,77,5,8,Over
2,talk,78,6,10,Over
2,talk,79,6,4,Over
2,talk,80,6,12,Over
2,talk,81,6,8,Over
2,talk,82,6,14,Over
2,talk,83,6,15,Over
2,talk,84,6,11,Over
2,talk,85,6,13,Skip
2,talk,86,6,9,Over
2,talk,87,6,5,Over
2,talk,88,6,2,Over
2,talk,89,6,7,Over
2,talk,90,6,1,Skip
2,talk,91,7,10,Over
2,talk,92,7,11,Over
2,talk,93,7,13,Over
2,talk,94,7,4,Over
2,talk,95,7,15,Over
2,talk,96,7,9,Over
2,talk,97,7,1,Skip
2,talk,98,7,7,Over
2,talk,99,7,2,Over
2,talk,100,7,5,Over
2,talk,101,7,14,Over
2,talk,102,7,12,Over
2,talk,103,7,8,Over
2,talk,104,8,15,Over
2,talk,105,8,8,Over
2,talk,106,8,2,Over
2,talk,107,8,14,Over
2,talk,108,8,4,Over
2,talk,109,8,9,Over
2,talk,110,8,7,Over
2,talk,111,8,5,Over
2,talk,112,8,13,Over
2,talk,113,8,12,Over
2,talk,114,8,10,Over
2,talk,115,8,1,Over
2,talk,116,8,11,Over
2,vote,1,13
2,vote,2,9
2,vote,4,2
2,vote,5,10
2,vote,7,1
2,vote,8,2
2,vote,9,14
2,vote,10,8
2,vote,11,2
2,vote,12,9
2,vote,13,11
2,vote,14,8
2,vote,15,13
2,execute,2,VILLAGER
2,divine,13,14,HUMAN
2,whisper,0,0,10,BECAUSE (AND (NOT (COMINGOUT Agent[01] WEREWOLF)) (NOT (COMINGOUT Agent[13] WEREWOLF)) (DAY 2 (Agent[01] DIVINED Agent[13] WEREWOLF))) (ESTIMATE Agent[01] POSSESSED)
2,whisper,1,0,11,BECAUSE (AND (NOT (COMINGOUT Agent[01] WEREWOLF)) (NOT (COMINGOUT Agent[13] WEREWOLF)) (DAY 2 (Agent[01] DIVINED Agent[13] WEREWOLF))) (ESTIMATE Agent[01] POSSESSED)
2,whisper,2,0,4,BECAUSE (AND (NOT (COMINGOUT Agent[01] WEREWOLF)) (NOT (COMINGOUT Agent[13] WEREWOLF)) (DAY 2 (Agent[01] DIVINED Agent[13] WEREWOLF))) (ESTIMATE Agent[01] POSSESSED)
2,whisper,3,1,11,BECAUSE (Agent[13] COMINGOUT Agent[13] SEER) (ATTACK Agent[13])
2,whisper,4,1,4,BECAUSE (Agent[13] COMINGOUT Agent[13] SEER) (ATTACK Agent[13])
2,whisper,5,1,10,BECAUSE (Agent[13] COMINGOUT Agent[13] SEER) (ATTACK Agent[13])
2,whisper,6,2,10,Skip
2,whisper,7,2,11,Skip
2,whisper,8,2,4,Skip
2,whisper,9,3,4,Skip
2,whisper,10,3,11,Skip
2,whisper,11,3,10,Skip
2,whisper,12,4,11,Over
2,whisper,13,4,10,Over
2,whisper,14,4,4,Over
2,guard,7,1,POSSESSED
2,attack,5,true
3,status,1,POSSESSED,ALIVE,Sample9
3,status,2,VILLAGER,DEAD,Sample12
3,status,3,VILLAGER,DEAD,Sample8
3,status,4,WEREWOLF,ALIVE,Sample11
3,status,5,VILLAGER,DEAD,Sample7
3,status,6,VILLAGER,DEAD,Sample10
3,status,7,BODYGUARD,ALIVE,Sample6
3,status,8,VILLAGER,ALIVE,Sample5
3,status,9,VILLAGER,ALIVE,Sample4
3,status,10,WEREWOLF,ALIVE,Sample3
3,status,11,WEREWOLF,ALIVE,Sample14
3,status,12,VILLAGER,ALIVE,Sample2
3,status,13,SEER,ALIVE,Sample13
3,status,14,VILLAGER,ALIVE,Sample1
3,status,15,MEDIUM,ALIVE,cash_dqn
3,talk,0,0,1,DAY 3 (DIVINED Agent[15] HUMAN)
3,talk,1,0,8,Skip
3,talk,2,0,7,Skip
3,talk,3,0,11,IDENTIFIED Agent[02] HUMAN
3,talk,4,0,4,ESTIMATE Agent[12] WEREWOLF
3,talk,5,0,10,ESTIMATE Agent[15] WEREWOLF
3,talk,6,0,9,Skip
3,talk,7,0,12,Skip
3,talk,8,0,15,Over
3,talk,9,0,13,DAY 3 (DIVINED Agent[14] HUMAN)
3,talk,10,0,14,Skip
3,talk,11,1,8,Skip
3,talk,12,1,11,ESTIMATE Agent[15] WEREWOLF
3,talk,13,1,9,Skip
3,talk,14,1,7,Skip
3,talk,15,1,1,BECAUSE (DAY 2 (DIVINED Agent[13] WEREWOLF)) (REQUEST ANY (VOTE Agent[13]))
3,talk,16,1,10,Skip
3,talk,17,1,4,Skip
3,talk,18,1,12,Skip
3,talk,19,1,14,Skip
3,talk,20,1,15,Over
3,talk,21,1,13,BECAUSE (DAY 2 (DIVINED Agent[11] WEREWOLF)) (REQUEST ANY (VOTE Agent[11]))
3,talk,22,2,4,VOTE Agent[12]
3,talk,23,2,9,VOTE Agent[08]
3,talk,24,2,15,Over
3,talk,25,2,10,VOTE Agent[15]
3,talk,26,2,11,VOTE Agent[15]
3,talk,27,2,14,VOTE Agent[07]
3,talk,28,2,7,VOTE Agent[01]
3,talk,29,2,8,VOTE Agent[15]
3,talk,30,2,1,INQUIRE ANY (VOTE Agent[13])
3,talk,31,2,12,VOTE Agent[09]
3,talk,32,2,13,INQUIRE ANY (VOTE Agent[11])
3,talk,33,3,7,Skip
3,talk,34,3,13,BECAUSE (DIVINED Agent[11] WEREWOLF) (VOTE Agent[11])
3,talk,35,3,4,Skip
3,talk,36,3,10,Skip
3,talk,37,3,14,Skip
3,talk,38,3,9,Skip
3,talk,39,3,1,BECAUSE (DIVINED Agent[13] WEREWOLF) (VOTE Agent[13])
3,talk,40,3,11,Skip
3,talk,41,3,12,Skip
3,talk,42,3,15,Over
3,talk,43,3,8,Skip
3,talk,44,4,15,Over
3,talk,45,4,4,Skip
3,talk,46,4,13,Skip
3,talk,47,4,1,Skip
3,talk,48,4,11,Skip
3,talk,49,4,12,Skip
3,talk,50,4,7,Skip
3,talk,51,4,10,Skip
3,talk,52,4,14,Skip
3,talk,53,4,9,Skip
3,talk,54,4,8,Skip
3,talk,55,5,13,Skip
3,talk,56,5,4,Over
3,talk,57,5,12,Over
3,talk,58,5,9,Over
3,talk,59,5,10,Over
3,talk,60,5,14,Over
3,talk,61,5,15,Over
3,talk,62,5,7,Over
3,talk,63,5,8,Over
3,talk,64,5,1,Skip
3,talk,65,5,11,Over
3,talk,66,6,12,Over
3,talk,67,6,11,Over
3,talk,68,6,9,Over
3,talk,69,6,10,Over
3,talk,70,6,13,Over
3,talk,71,6,14,Over
3,talk,72,6,1,Over
3,talk,73,6,8,Over
3,talk,74,6,15,Over
3,talk,75,6,4,Over
3,talk,76,6,7,Over
3,vote,1,13
3,vote,4,12
3,vote,7,1
3,vote,8,15
3,vote,9,8
3,vote,10,15
3,vote,11,15
3,vote,12,9
3,vote,13,11
3,vote,14,7
3,vote,15,9
3,execute,15,MEDIUM
3,divine,13,8,HUMAN
3,whisper,0,0,11,BECAUSE (Agent[13] COMINGOUT Agent[13] SEER) (ATTACK Agent[13])
3,whisper,1,0,10,BECAUSE (Agent[13] COMINGOUT Agent[13] SEER) (ATTACK Agent[13])
3,whisper,2,0,4,BECAUSE (Agent[13] COMINGOUT Agent[13] SEER) (ATTACK Agent[13])
3,whisper,3,1,11,Skip
3,whisper,4,1,10,Skip
3,whisper,5,1,4,Skip
3,whisper,6,2,10,Skip
3,whisper,7,2,4,Skip
3,whisper,8,2,11,Skip
3,whisper,9,3,10,Over
3,whisper,10,3,4,Over
3,whisper,11,3,11,Over
3,guard,7,1,POSSESSED
3,attack,7,true
4,status,1,POSSESSED,ALIVE,Sample9
4,status,2,VILLAGER,DEAD,Sample12
4,status,3,VILLAGER,DEAD,Sample8
4,status,4,WEREWOLF,ALIVE,Sample11
4,status,5,VILLAGER,DEAD,Sample7
4,status,6,VILLAGER,DEAD,Sample10
4,status,7,BODYGUARD,DEAD,Sample6
4,status,8,VILLAGER,ALIVE,Sample5
4,status,9,VILLAGER,ALIVE,Sample4
4,status,10,WEREWOLF,ALIVE,Sample3
4,status,11,WEREWOLF,ALIVE,Sample14
4,status,12,VILLAGER,ALIVE,Sample2
4,status,13,SEER,ALIVE,Sample13
4,status,14,VILLAGER,ALIVE,Sample1
4,status,15,MEDIUM,DEAD,cash_dqn
4,talk,0,0,4,ESTIMATE Agent[08] WEREWOLF
4,talk,1,0,11,IDENTIFIED Agent[15] HUMAN
4,talk,2,0,13,DAY 4 (DIVINED Agent[08] HUMAN)
4,talk,3,0,14,Skip
4,talk,4,0,9,Skip
4,talk,5,0,1,DAY 4 (DIVINED Agent[11] HUMAN)
4,talk,6,0,12,Skip
4,talk,7,0,10,ESTIMATE Agent[13] WEREWOLF
4,talk,8,0,8,Skip
4,talk,9,1,10,Skip
4,talk,10,1,9,Skip
4,talk,11,1,11,ESTIMATE Agent[13] WEREWOLF
4,talk,12,1,4,Skip
4,talk,13,1,14,Skip
4,talk,14,1,8,Skip
4,talk,15,1,12,Skip
4,talk,16,1,13,BECAUSE (DAY 2 (DIVINED Agent[11] WEREWOLF)) (REQUEST ANY (VOTE Agent[11]))
4,talk,17,1,1,BECAUSE (DAY 2 (DIVINED Agent[13] WEREWOLF)) (REQUEST ANY (VOTE Agent[13]))
4,talk,18,2,12,VOTE Agent[04]
4,talk,19,2,13,INQUIRE ANY (VOTE Agent[11])
4,talk,20,2,8,VOTE Agent[13]
4,talk,21,2,9,VOTE Agent[14]
4,talk,22,2,1,INQUIRE ANY (VOTE Agent[13])
4,talk,23,2,4,VOTE Agent[08]
4,talk,24,2,10,VOTE Agent[13]
4,talk,25,2,14,VOTE Agent[04]
4,talk,26,2,11,VOTE Agent[13]
4,talk,27,3,13,BECAUSE (DIVINED Agent[11] WEREWOLF) (VOTE Agent[11])
4,talk,28,3,8,Skip
4,talk,29,3,11,Skip
4,talk,30,3,9,Skip
4,talk,31,3,14,Skip
4,talk,32,3,10,Skip
4,talk,33,3,1,BECAUSE (DIVINED Agent[13] WEREWOLF) (VOTE Agent[13])
4,talk,34,3,12,Skip
4,talk,35,3,4,Skip
4,talk,36,4,9,Skip
4,talk,37,4,10,Skip
4,talk,38,4,13,Skip
4,talk,39,4,8,Skip
4,talk,40,4,14,Skip
4,talk,41,4,1,Skip
4,talk,42,4,11,Skip
4,talk,43,4,12,Skip
4,talk,44,4,4,Skip
4,talk,45,5,9,Over
4,talk,46,5,1,Skip
4,talk,47,5,11,Over
4,talk,48,5,4,Over
4,talk,49,5,14,Over
4,talk,50,5,12,Over
4,talk,51,5,8,Over
4,talk,52,5,10,Over
4,talk,53,5,13,Skip
4,talk,54,6,4,Over
4,talk,55,6,11,Over
4,talk,56,6,10,Over
4,talk,57,6,13,Over
4,talk,58,6,8,Over
4,talk,59,6,12,Over
4,talk,60,6,14,Over
4,talk,61,6,1,Over
4,talk,62,6,9,Over
4,vote,1,13
4,vote,4,8
4,vote,8,13
4,vote,9,14
4,vote,10,13
4,vote,11,13
4,vote,12,4
4,vote,13,11
4,vote,14,4
4,execute,13,SEER
4,whisper,0,0,4,ATTACK Agent[14]
4,whisper,1,0,10,ATTACK Agent[14]
4,whisper,2,0,11,ATTACK Agent[09]
4,whisper,3,1,4,Skip
4,whisper,4,1,11,Skip
4,whisper,5,1,10,Skip
4,whisper,6,2,10,Skip
4,whisper,7,2,4,Skip
4,whisper,8,2,11,Skip
4,whisper,9,3,11,Over
4,whisper,10,3,4,Over
4,whisper,11,3,10,Over
4,attack,14,true
5,status,1,POSSESSED,ALIVE,Sample9
5,status,2,VILLAGER,DEAD,Sample12
5,status,3,VILLAGER,DEAD,Sample8
5,status,4,WEREWOLF,ALIVE,Sample11
5,status,5,VILLAGER,DEAD,Sample7
5,status,6,VILLAGER,DEAD,Sample10
5,status,7,BODYGUARD,DEAD,Sample6
5,status,8,VILLAGER,ALIVE,Sample5
5,status,9,VILLAGER,ALIVE,Sample4
5,status,10,WEREWOLF,ALIVE,Sample3
5,status,11,WEREWOLF,ALIVE,Sample14
5,status,12,VILLAGER,ALIVE,Sample2
5,status,13,SEER,DEAD,Sample13
5,status,14,VILLAGER,DEAD,Sample1
5,status,15,MEDIUM,DEAD,cash_dqn
5,talk,0,0,1,DAY 5 (DIVINED Agent[10] HUMAN)
5,talk,1,0,11,IDENTIFIED Agent[13] WEREWOLF
5,talk,2,0,12,Skip
5,talk,3,0,9,Skip
5,talk,4,0,4,ESTIMATE Agent[12] WEREWOLF
5,talk,5,0,8,Skip
5,talk,6,0,10,ESTIMATE Agent[12] WEREWOLF
5,talk,7,1,11,ESTIMATE Agent[12] WEREWOLF
5,talk,8,1,8,Skip
5,talk,9,1,12,Skip
5,talk,10,1,9,Skip
5,talk,11,1,1,Skip
5,talk,12,1,10,Skip
5,talk,13,1,4,Skip
5,talk,14,2,1,VOTE Agent[07]
5,talk,15,2,12,VOTE Agent[11]
5,talk,16,2,8,VOTE Agent[04]
5,talk,17,2,9,VOTE Agent[11]
5,talk,18,2,4,VOTE Agent[12]
5,talk,19,2,10,VOTE Agent[12]
5,talk,20,2,11,VOTE Agent[12]
5,talk,21,3,11,Skip
5,talk,22,3,12,Skip
5,talk,23,3,1,Skip
5,talk,24,3,9,Skip
5,talk,25,3,10,Skip
5,talk,26,3,4,Skip
5,talk,27,3,8,Skip
5,talk,28,4,4,Skip
5,talk,29,4,1,Skip
5,talk,30,4,10,Skip
5,talk,31,4,11,Skip
5,talk,32,4,12,Skip
5,talk,33,4,8,Skip
5,talk,34,4,9,Skip
5,talk,35,5,10,Over
5,talk,36,5,11,Over
5,talk,37,5,1,Over
5,talk,38,5,4,Over
5,talk,39,5,8,Over
5,talk,40,5,9,Over
5,talk,41,5,12,Over
5,vote,1,10
5,vote,4,12
5,vote,8,4
5,vote,9,11
5,vote,10,12
5,vote,11,12
5,vote,12,11
5,execute,12,VILLAGER
5,whisper,0,0,4,ATTACK Agent[08]
5,whisper,1,0,11,ATTACK Agent[09]
5,whisper,2,0,10,ATTACK Agent[09]
5,whisper,3,1,11,Skip
5,whisper,4,1,10,Skip
5,whisper,5,1,4,Skip
5,whisper,6,2,4,Skip
5,whisper,7,2,10,Skip
5,whisper,8,2,11,Skip
5,whisper,9,3,4,Over
5,whisper,10,3,10,Over
5,whisper,11,3,11,Over
5,attack,1,true
6,status,1,POSSESSED,DEAD,Sample9
6,status,2,VILLAGER,DEAD,Sample12
6,status,3,VILLAGER,DEAD,Sample8
6,status,4,WEREWOLF,ALIVE,Sample11
6,status,5,VILLAGER,DEAD,Sample7
6,status,6,VILLAGER,DEAD,Sample10
6,status,7,BODYGUARD,DEAD,Sample6
6,status,8,VILLAGER,ALIVE,Sample5
6,status,9,VILLAGER,ALIVE,Sample4
6,status,10,WEREWOLF,ALIVE,Sample3
6,status,11,WEREWOLF,ALIVE,Sample14
6,status,12,VILLAGER,DEAD,Sample2
6,status,13,SEER,DEAD,Sample13
6,status,14,VILLAGER,DEAD,Sample1
6,status,15,MEDIUM,DEAD,cash_dqn
6,result,2,3,WEREWOLF
