0,status,1,VILLAGER,ALIVE,Sample9
0,status,2,VILLAGER,ALIVE,Sample12
0,status,3,WEREWOLF,ALIVE,Sample8
0,status,4,POSSESSED,ALIVE,Sample11
0,status,5,SEER,ALIVE,Sample7
0,status,6,VILLAGER,ALIVE,Sample10
0,status,7,VILLAGER,ALIVE,Sample6
0,status,8,WEREWOLF,ALIVE,Sample5
0,status,9,VILLAGER,ALIVE,Sample4
0,status,10,VILLAGER,ALIVE,Sample3
0,status,11,MEDIUM,ALIVE,Sample14
0,status,12,VILLAGER,ALIVE,Sample2
0,status,13,BODYGUARD,ALIVE,Sample13
0,status,14,VILLAGER,ALIVE,Sample1
0,status,15,WEREWOLF,ALIVE,cash_dqn
0,whisper,0,0,8,COMINGOUT Agent[08] SEER
0,whisper,1,0,15,Over
0,whisper,2,0,3,COMINGOUT Agent[03] SEER
0,whisper,3,1,8,ATTACK Agent[06]
0,whisper,4,1,3,ATTACK Agent[04]
0,whisper,5,1,15,Over
0,whisper,6,2,15,Over
0,whisper,7,2,8,Skip
0,whisper,8,2,3,Skip
0,whisper,9,3,3,Skip
0,whisper,10,3,8,Skip
0,whisper,11,3,15,Over
0,whisper,12,4,15,Over
0,whisper,13,4,8,Over
0,whisper,14,4,3,Over
0,divine,5,8,WEREWOLF
1,status,1,VILLAGER,ALIVE,Sample9
1,status,2,VILLAGER,ALIVE,Sample12
1,status,3,WEREWOLF,ALIVE,Sample8
1,status,4,POSSESSED,ALIVE,Sample11
1,status,5,SEER,ALIVE,Sample7
1,status,6,VILLAGER,ALIVE,Sample10
1,status,7,VILLAGER,ALIVE,Sample6
1,status,8,WEREWOLF,ALIVE,Sample5
1,status,9,VILLAGER,ALIVE,Sample4
1,status,10,VILLAGER,ALIVE,Sample3
1,status,11,MEDIUM,ALIVE,Sample14
1,status,12,VILLAGER,ALIVE,Sample2
1,status,13,BODYGUARD,ALIVE,Sample13
1,status,14,VILLAGER,ALIVE,Sample1
1,status,15,WEREWOLF,ALIVE,cash_dqn
1,talk,0,0,8,ESTIMATE Agent[01] WEREWOLF
1,talk,1,0,10,Skip
1,talk,2,0,6,Skip
1,talk,3,0,1,Skip
1,talk,4,0,5,COMINGOUT Agent[05] SEER
1,talk,5,0,14,Skip
1,talk,6,0,11,Skip
1,talk,7,0,9,Skip
1,talk,8,0,15,Over
1,talk,9,0,7,Skip
1,talk,10,0,2,Skip
1,talk,11,0,13,Skip
1,talk,12,0,12,Skip
1,talk,13,0,3,COMINGOUT Agent[03] SEER
1,talk,14,0,4,Skip
1,talk,15,1,4,COMINGOUT Agent[04] SEER
1,talk,16,1,3,ESTIMATE Agent[14] WEREWOLF
1,talk,17,1,13,Skip
1,talk,18,1,15,Over
1,talk,19,1,11,Skip
1,talk,20,1,9,Skip
1,talk,21,1,1,Skip
1,talk,22,1,2,Skip
1,talk,23,1,14,Skip
1,talk,24,1,12,Skip
1,talk,25,1,7,Skip
1,talk,26,1,8,Skip
1,talk,27,1,5,DAY 1 (DIVINED Agent[08] WEREWOLF)
1,talk,28,1,10,Skip
1,talk,29,1,6,Skip
1,talk,30,2,10,VOTE Agent[07]
1,talk,31,2,11,VOTE Agent[04]
1,talk,32,2,2,VOTE Agent[05]
1,talk,33,2,1,VOTE Agent[15]
1,talk,34,2,6,VOTE Agent[03]
1,talk,35,2,3,DIVINED Agent[14] WEREWOLF
1,talk,36,2,9,VOTE Agent[05]
1,talk,37,2,13,VOTE Agent[11]
1,talk,38,2,15,Over
1,talk,39,2,14,VOTE Agent[05]
1,talk,40,2,4,DAY 1 (DIVINED Agent[03] WEREWOLF)
1,talk,41,2,7,VOTE Agent[04]
1,talk,42,2,12,VOTE Agent[10]
1,talk,43,2,8,VOTE Agent[01]
1,talk,44,2,5,BECAUSE (DAY 1 (DIVINED Agent[08] WEREWOLF)) (REQUEST ANY (VOTE Agent[08]))
1,talk,45,3,9,Skip
1,talk,46,3,10,Skip
1,talk,47,3,4,BECAUSE (DAY 1 (DIVINED Agent[03] WEREWOLF)) (REQUEST ANY (VOTE Agent[03]))
1,talk,48,3,2,Skip
1,talk,49,3,3,VOTE Agent[14]
1,talk,50,3,1,Skip
1,talk,51,3,5,INQUIRE ANY (VOTE Agent[08])
1,talk,52,3,6,Skip
1,talk,53,3,13,Skip
1,talk,54,3,7,Skip
1,talk,55,3,15,Over
1,talk,56,3,11,Skip
1,talk,57,3,14,BECAUSE (AND (COMINGOUT Agent[14] VILLAGER) (DAY 1 (Agent[03] DIVINED Agent[14] WEREWOLF))) (XOR (ESTIMATE Agent[03] WEREWOLF) (ESTIMATE Agent[03] POSSESSED))
1,talk,58,3,12,Skip
1,talk,59,3,8,Skip
1,talk,60,4,6,Skip
1,talk,61,4,1,Skip
1,talk,62,4,2,Skip
1,talk,63,4,10,Skip
1,talk,64,4,12,Skip
1,talk,65,4,5,BECAUSE (DIVINED Agent[08] WEREWOLF) (VOTE Agent[08])
1,talk,66,4,3,Skip
1,talk,67,4,7,Skip
1,talk,68,4,14,BECAUSE (XOR (ESTIMATE Agent[03] WEREWOLF) (ESTIMATE Agent[03] POSSESSED)) (VOTE Agent[03])
1,talk,69,4,4,INQUIRE ANY (VOTE Agent[03])
1,talk,70,4,13,Skip
1,talk,71,4,9,Skip
1,talk,72,4,11,Skip
1,talk,73,4,15,Over
1,talk,74,4,8,Skip
1,talk,75,5,9,Over
1,talk,76,5,6,Over
1,talk,77,5,5,Skip
1,talk,78,5,13,Over
1,talk,79,5,10,Over
1,talk,80,5,7,Over
1,talk,81,5,4,BECAUSE (DIVINED Agent[03] WEREWOLF) (VOTE Agent[03])
1,talk,82,5,8,Over
1,talk,83,5,1,Over
1,talk,84,5,3,Skip
1,talk,85,5,14,Skip
1,talk,86,5,2,Over
1,talk,87,5,11,Over
1,talk,88,5,15,Over
1,talk,89,5,12,Over
1,talk,90,6,9,Over
1,talk,91,6,2,Over
1,talk,92,6,7,Over
1,talk,93,6,12,Over
1,talk,94,6,13,Over
1,talk,95,6,14,Skip
1,talk,96,6,8,Over
1,talk,97,6,10,Over
1,talk,98,6,3,Over
1,talk,99,6,1,Over
1,talk,100,6,4,Skip
1,talk,101,6,15,Over
1,talk,102,6,5,Skip
1,talk,103,6,11,Over
1,talk,104,6,6,Over
1,talk,105,7,3,Over
1,talk,106,7,11,Over
1,talk,107,7,2,Over
1,talk,108,7,7,Over
1,talk,109,7,10,Over
1,talk,110,7,1,Over
1,talk,111,7,6,Over
1,talk,112,7,14,Over
1,talk,113,7,9,Over
1,talk,114,7,8,Over
1,talk,115,7,5,Over
1,talk,116,7,4,Skip
1,talk,117,7,12,Over
1,talk,118,7,15,Over
1,talk,119,7,13,Over
1,talk,120,8,5,Over
1,talk,121,8,2,Over
1,talk,122,8,14,Over
1,talk,123,8,1,Over
1,talk,124,8,3,Over
1,talk,125,8,12,Over
1,talk,126,8,10,Over
1,talk,127,8,9,Over
1,talk,128,8,13,Over
1,talk,129,8,4,Over
1,talk,130,8,6,Over
1,talk,131,8,7,Over
1,talk,132,8,11,Over
1,talk,133,8,8,Over
1,talk,134,8,15,Over
1,vote,1,15
1,vote,2,5
1,vote,3,14
1,vote,4,3
1,vote,5,8
1,vote,6,3
1,vote,7,4
1,vote,8,1
1,vote,9,5
1,vote,10,7
1,vote,11,4
1,vote,12,10
1,vote,13,11
1,vote,14,3
1,vote,15,14
1,execute,3,WEREWOLF
1,divine,5,9,HUMAN
1,whisper,0,0,15,Over
1,whisper,1,0,8,COMINGOUT Agent[08] VILLAGER
1,whisper,2,1,8,BECAUSE (Agent[05] COMINGOUT Agent[05] SEER) (ATTACK Agent[05])
1,whisper,3,1,15,Over
1,whisper,4,2,8,Skip
1,whisper,5,2,15,Over
1,whisper,6,3,8,Skip
1,whisper,7,3,15,Over
1,whisper,8,4,15,Over
1,whisper,9,4,8,Over
1,guard,13,4,POSSESSED
1,attackVote,15,4
1,attack,4,false
2,status,1,VILLAGER,ALIVE,Sample9
2,status,2,VILLAGER,ALIVE,Sample12
2,status,3,WEREWOLF,DEAD,Sample8
2,status,4,POSSESSED,ALIVE,Sample11
2,status,5,SEER,ALIVE,Sample7
2,status,6,VILLAGER,ALIVE,Sample10
2,status,7,VILLAGER,ALIVE,Sample6
2,status,8,WEREWOLF,ALIVE,Sample5
2,status,9,VILLAGER,ALIVE,Sample4
2,status,10,VILLAGER,ALIVE,Sample3
2,status,11,MEDIUM,ALIVE,Sample14
2,status,12,VILLAGER,ALIVE,Sample2
2,status,13,BODYGUARD,ALIVE,Sample13
2,status,14,VILLAGER,ALIVE,Sample1
2,status,15,WEREWOLF,ALIVE,cash_dqn
2,talk,0,0,5,DAY 2 (DIVINED Agent[09] HUMAN)
2,talk,1,0,13,Skip
2,talk,2,0,4,DAY 2 (DIVINED Agent[12] HUMAN)
2,talk,3,0,8,ESTIMATE Agent[04] WEREWOLF
2,talk,4,0,11,COMINGOUT Agent[11] MEDIUM
2,talk,5,0,2,Skip
2,talk,6,0,1,Skip
2,talk,7,0,6,Skip
2,talk,8,0,9,Skip
2,talk,9,0,15,Over
2,talk,10,0,12,Skip
2,talk,11,0,7,Skip
2,talk,12,0,14,Skip
2,talk,13,0,10,Skip
2,talk,14,1,1,Skip
2,talk,15,1,12,Skip
2,talk,16,1,5,BECAUSE (DAY 1 (DIVINED Agent[08] WEREWOLF)) (REQUEST ANY (VOTE Agent[08]))
2,talk,17,1,2,Skip
2,talk,18,1,9,Skip
2,talk,19,1,8,Skip
2,talk,20,1,11,DAY 2 (IDENTIFIED Agent[03] WEREWOLF)
2,talk,21,1,14,Skip
2,talk,22,1,7,Skip
2,talk,23,1,6,Skip
2,talk,24,1,4,BECAUSE (AND (COMINGOUT Agent[04] SEER) (Agent[05] COMINGOUT Agent[05] SEER)) (XOR (ESTIMATE Agent[05] WEREWOLF) (ESTIMATE Agent[05] POSSESSED))
2,talk,25,1,10,Skip
2,talk,26,1,15,Over
2,talk,27,1,13,Skip
2,talk,28,2,9,VOTE Agent[06]
2,talk,29,2,12,VOTE Agent[08]
2,talk,30,2,13,VOTE Agent[15]
2,talk,31,2,8,VOTE Agent[04]
2,talk,32,2,11,VOTE Agent[05]
2,talk,33,2,7,VOTE Agent[15]
2,talk,34,2,5,INQUIRE ANY (VOTE Agent[08])
2,talk,35,2,10,VOTE Agent[12]
2,talk,36,2,6,VOTE Agent[02]
2,talk,37,2,14,VOTE Agent[05]
2,talk,38,2,4,BECAUSE (XOR (ESTIMATE Agent[05] WEREWOLF) (ESTIMATE Agent[05] POSSESSED)) (VOTE Agent[05])
2,talk,39,2,1,VOTE Agent[04]
2,talk,40,2,15,Over
2,talk,41,2,2,VOTE Agent[01]
2,talk,42,3,12,Skip
2,talk,43,3,11,Skip
2,talk,44,3,15,Over
2,talk,45,3,2,Skip
2,talk,46,3,8,Skip
2,talk,47,3,10,Skip
2,talk,48,3,9,Skip
2,talk,49,3,5,BECAUSE (DIVINED Agent[08] WEREWOLF) (VOTE Agent[08])
2,talk,50,3,6,Skip
2,talk,51,3,13,Skip
2,talk,52,3,7,Skip
2,talk,53,3,4,Skip
2,talk,54,3,14,Skip
2,talk,55,3,1,Skip
2,talk,56,4,6,Skip
2,talk,57,4,13,Skip
2,talk,58,4,15,Over
2,talk,59,4,5,Skip
2,talk,60,4,1,Skip
2,talk,61,4,4,Skip
2,talk,62,4,12,Skip
2,talk,63,4,2,Skip
2,talk,64,4,11,Skip
2,talk,65,4,7,Skip
2,talk,66,4,9,Skip
2,talk,67,4,14,Skip
2,talk,68,4,8,Skip
2,talk,69,4,10,Skip
2,talk,70,5,7,Over
2,talk,71,5,11,Over
2,talk,72,5,1,Over
2,talk,73,5,4,Over
2,talk,74,5,6,Over
2,talk,75,5,14,Over
2,talk,76,5,13,Over
2,talk,77,5,9,Over
2,talk,78,5,2,Over
2,talk,79,5,15,Over
2,talk,80,5,8,Over
2,talk,81,5,5,Skip
2,talk,82,5,12,Over
2,talk,83,5,10,Over
2,talk,84,6,6,Over
2,talk,85,6,12,Over
2,talk,86,6,4,Over
2,talk,87,6,8,Over
2,talk,88,6,14,Over
2,talk,89,6,13,Over
2,talk,90,6,15,Over
2,talk,91,6,10,Over
2,talk,92,6,11,Over
2,talk,93,6,2,Over
2,talk,94,6,1,Over
2,talk,95,6,5,Over
2,talk,96,6,7,Over
2,talk,97,6,9,Over
2,vote,1,4
2,vote,2,1
2,vote,4,5
2,vote,5,8
2,vote,6,2
2,vote,7,15
2,vote,8,4
2,vote,9,6
2,vote,10,12
2,vote,11,5
2,vote,12,8
2,vote,13,15
2,vote,14,5
2,vote,15,8
2,vote,1,4
2,vote,2,1
2,vote,4,5
2,vote,5,8
2,vote,6,2
2,vote,7,15
2,vote,8,4
2,vote,9,6
2,vote,10,12
2,vote,11,5
2,vote,12,8
2,vote,13,15
2,vote,14,5
2,vote,15,6
2,execute,5,SEER
2,whisper,0,0,15,Over
2,whisper,1,0,8,BECAUSE (Agent[04] COMINGOUT Agent[04] SEER) (ATTACK Agent[04])
2,whisper,2,1,15,Over
2,whisper,3,1,8,Skip
2,whisper,4,2,15,Over
2,whisper,5,2,8,Skip
2,whisper,6,3,15,Over
2,whisper,7,3,8,Over
2,guard,13,4,POSSESSED
2,attackVote,15,10
2,attack,10,true
3,status,1,VILLAGER,ALIVE,Sample9
3,status,2,VILLAGER,ALIVE,Sample12
3,status,3,WEREWOLF,DEAD,Sample8
3,status,4,POSSESSED,ALIVE,Sample11
3,status,5,SEER,DEAD,Sample7
3,status,6,VILLAGER,ALIVE,Sample10
3,status,7,VILLAGER,ALIVE,Sample6
3,status,8,WEREWOLF,ALIVE,Sample5
3,status,9,VILLAGER,ALIVE,Sample4
3,status,10,VILLAGER,DEAD,Sample3
3,status,11,MEDIUM,ALIVE,Sample14
3,status,12,VILLAGER,ALIVE,Sample2
3,status,13,BODYGUARD,ALIVE,Sample13
3,status,14,VILLAGER,ALIVE,Sample1
3,status,15,WEREWOLF,ALIVE,cash_dqn
3,talk,0,0,1,Skip
3,talk,1,0,15,Over
3,talk,2,0,7,Skip
3,talk,3,0,14,Skip
3,talk,4,0,12,Skip
3,talk,5,0,11,DAY 3 (IDENTIFIED Agent[05] HUMAN)
3,talk,6,0,6,Skip
3,talk,7,0,4,DAY 3 (DIVINED Agent[02] HUMAN)
3,talk,8,0,9,Skip
3,talk,9,0,8,ESTIMATE Agent[06] WEREWOLF
3,talk,10,0,13,Skip
3,talk,11,0,2,Skip
3,talk,12,1,15,Over
3,talk,13,1,4,Skip
3,talk,14,1,13,Skip
3,talk,15,1,6,Skip
3,talk,16,1,1,Skip
3,talk,17,1,11,Skip
3,talk,18,1,9,Skip
3,talk,19,1,12,Skip
3,talk,20,1,2,Skip
3,talk,21,1,14,Skip
3,talk,22,1,8,Skip
3,talk,23,1,7,Skip
3,talk,24,2,14,VOTE Agent[08]
3,talk,25,2,12,VOTE Agent[01]
3,talk,26,2,1,VOTE Agent[09]
3,talk,27,2,9,VOTE Agent[04]
3,talk,28,2,4,VOTE Agent[06]
3,talk,29,2,11,VOTE Agent[04]
3,talk,30,2,15,Over
3,talk,31,2,13,VOTE Agent[06]
3,talk,32,2,8,VOTE Agent[06]
3,talk,33,2,6,VOTE Agent[13]
3,talk,34,2,2,VOTE Agent[14]
3,talk,35,2,7,VOTE Agent[11]
3,talk,36,3,8,Skip
3,talk,37,3,4,Skip
3,talk,38,3,6,Skip
3,talk,39,3,2,Skip
3,talk,40,3,15,Over
3,talk,41,3,1,Skip
3,talk,42,3,7,Skip
3,talk,43,3,11,Skip
3,talk,44,3,9,Skip
3,talk,45,3,13,Skip
3,talk,46,3,12,Skip
3,talk,47,3,14,Skip
3,talk,48,4,11,Skip
3,talk,49,4,14,Skip
3,talk,50,4,7,Skip
3,talk,51,4,15,Over
3,talk,52,4,4,Skip
3,talk,53,4,6,Skip
3,talk,54,4,12,Skip
3,talk,55,4,13,Skip
3,talk,56,4,2,Skip
3,talk,57,4,1,Skip
3,talk,58,4,8,Skip
3,talk,59,4,9,Skip
3,talk,60,5,7,Over
3,talk,61,5,15,Over
3,talk,62,5,2,Over
3,talk,63,5,9,Over
3,talk,64,5,11,Over
3,talk,65,5,13,Over
3,talk,66,5,12,Over
3,talk,67,5,14,Over
3,talk,68,5,1,Over
3,talk,69,5,4,Over
3,talk,70,5,6,Over
3,talk,71,5,8,Over
3,vote,1,9
3,vote,2,14
3,vote,4,6
3,vote,6,13
3,vote,7,11
3,vote,8,6
3,vote,9,4
3,vote,11,4
3,vote,12,1
3,vote,13,6
3,vote,14,8
3,vote,15,8
3,execute,6,VILLAGER
3,whisper,0,0,8,BECAUSE (Agent[04] COMINGOUT Agent[04] SEER) (ATTACK Agent[04])
3,whisper,1,0,15,Over
3,whisper,2,1,8,Skip
3,whisper,3,1,15,Over
3,whisper,4,2,8,Skip
3,whisper,5,2,15,Over
3,whisper,6,3,15,Over
3,whisper,7,3,8,Over
3,guard,13,4,POSSESSED
3,attackVote,15,14
3,attack,14,true
4,status,1,VILLAGER,ALIVE,Sample9
4,status,2,VILLAGER,ALIVE,Sample12
4,status,3,WEREWOLF,DEAD,Sample8
4,status,4,POSSESSED,ALIVE,Sample11
4,status,5,SEER,DEAD,Sample7
4,status,6,VILLAGER,DEAD,Sample10
4,status,7,VILLAGER,ALIVE,Sample6
4,status,8,WEREWOLF,ALIVE,Sample5
4,status,9,VILLAGER,ALIVE,Sample4
4,status,10,VILLAGER,DEAD,Sample3
4,status,11,MEDIUM,ALIVE,Sample14
4,status,12,VILLAGER,ALIVE,Sample2
4,status,13,BODYGUARD,ALIVE,Sample13
4,status,14,VILLAGER,DEAD,Sample1
4,status,15,WEREWOLF,ALIVE,cash_dqn
4,talk,0,0,4,DAY 4 (DIVINED Agent[15] HUMAN)
4,talk,1,0,15,Over
4,talk,2,0,13,Skip
4,talk,3,0,12,Skip
4,talk,4,0,8,ESTIMATE Agent[09] WEREWOLF
4,talk,5,0,9,Skip
4,talk,6,0,11,DAY 4 (IDENTIFIED Agent[06] HUMAN)
4,talk,7,0,2,Skip
4,talk,8,0,7,Skip
4,talk,9,0,1,Skip
4,talk,10,1,8,Skip
4,talk,11,1,9,Skip
4,talk,12,1,4,Skip
4,talk,13,1,1,Skip
4,talk,14,1,15,Over
4,talk,15,1,7,Skip
4,talk,16,1,13,Skip
4,talk,17,1,2,Skip
4,talk,18,1,12,Skip
4,talk,19,1,11,Skip
4,talk,20,2,15,Over
4,talk,21,2,4,VOTE Agent[08]
4,talk,22,2,1,VOTE Agent[13]
4,talk,23,2,11,VOTE Agent[15]
4,talk,24,2,9,VOTE Agent[08]
4,talk,25,2,2,VOTE Agent[07]
4,talk,26,2,12,VOTE Agent[09]
4,talk,27,2,7,VOTE Agent[09]
4,talk,28,2,8,VOTE Agent[09]
4,talk,29,2,13,VOTE Agent[11]
4,talk,30,3,13,Skip
4,talk,31,3,11,Skip
4,talk,32,3,7,Skip
4,talk,33,3,9,Skip
4,talk,34,3,12,Skip
4,talk,35,3,1,Skip
4,talk,36,3,4,Skip
4,talk,37,3,15,Over
4,talk,38,3,2,Skip
4,talk,39,3,8,Skip
4,talk,40,4,9,Skip
4,talk,41,4,2,Skip
4,talk,42,4,4,Skip
4,talk,43,4,15,Over
4,talk,44,4,13,Skip
4,talk,45,4,12,Skip
4,talk,46,4,1,Skip
4,talk,47,4,11,Skip
4,talk,48,4,7,Skip
4,talk,49,4,8,Skip
4,talk,50,5,13,Over
4,talk,51,5,7,Over
4,talk,52,5,8,Over
4,talk,53,5,4,Over
4,talk,54,5,1,Over
4,talk,55,5,11,Over
4,talk,56,5,2,Over
4,talk,57,5,15,Over
4,talk,58,5,9,Over
4,talk,59,5,12,Over
4,vote,1,13
4,vote,2,7
4,vote,4,8
4,vote,7,9
4,vote,8,9
4,vote,9,8
4,vote,11,15
4,vote,12,9
4,vote,13,11
4,vote,15,13
4,execute,9,VILLAGER
4,whisper,0,0,15,Over
4,whisper,1,0,8,BECAUSE (AND (NOT (COMINGOUT Agent[04] WEREWOLF)) (COMINGOUT Agent[15] WEREWOLF) (DAY 4 (Agent[04] DIVINED Agent[15] HUMAN))) (ESTIMATE Agent[04] POSSESSED)
4,whisper,2,1,15,Over
4,whisper,3,1,8,BECAUSE (Agent[11] COMINGOUT Agent[11] MEDIUM) (ATTACK Agent[11])
4,whisper,4,2,15,Over
4,whisper,5,2,8,Skip
4,whisper,6,3,8,Skip
4,whisper,7,3,15,Over
4,whisper,8,4,15,Over
4,whisper,9,4,8,Over
4,guard,13,4,POSSESSED
4,attackVote,15,1
4,attack,1,true
5,status,1,VILLAGER,DEAD,Sample9
5,status,2,VILLAGER,ALIVE,Sample12
5,status,3,WEREWOLF,DEAD,Sample8
5,status,4,POSSESSED,ALIVE,Sample11
5,status,5,SEER,DEAD,Sample7
5,status,6,VILLAGER,DEAD,Sample10
5,status,7,VILLAGER,ALIVE,Sample6
5,status,8,WEREWOLF,ALIVE,Sample5
5,status,9,VILLAGER,DEAD,Sample4
5,status,10,VILLAGER,DEAD,Sample3
5,status,11,MEDIUM,ALIVE,Sample14
5,status,12,VILLAGER,ALIVE,Sample2
5,status,13,BODYGUARD,ALIVE,Sample13
5,status,14,VILLAGER,DEAD,Sample1
5,status,15,WEREWOLF,ALIVE,cash_dqn
5,talk,0,0,13,Skip
5,talk,1,0,8,ESTIMATE Agent[13] WEREWOLF
5,talk,2,0,4,DAY 5 (DIVINED Agent[13] HUMAN)
5,talk,3,0,2,Skip
5,talk,4,0,15,Over
5,talk,5,0,11,DAY 5 (IDENTIFIED Agent[09] HUMAN)
5,talk,6,0,7,Skip
5,talk,7,0,12,Skip
5,talk,8,1,4,Skip
5,talk,9,1,2,Skip
5,talk,10,1,11,Skip
5,talk,11,1,12,Skip
5,talk,12,1,8,Skip
5,talk,13,1,15,Over
5,talk,14,1,7,Skip
5,talk,15,1,13,Skip
5,talk,16,2,13,VOTE Agent[12]
5,talk,17,2,7,VOTE Agent[12]
5,talk,18,2,4,VOTE Agent[08]
5,talk,19,2,11,VOTE Agent[07]
5,talk,20,2,12,VOTE Agent[04]
5,talk,21,2,15,Over
5,talk,22,2,2,VOTE Agent[15]
5,talk,23,2,8,VOTE Agent[13]
5,talk,24,3,8,Skip
5,talk,25,3,4,Skip
5,talk,26,3,2,Skip
5,talk,27,3,12,Skip
5,talk,28,3,7,Skip
5,talk,29,3,15,Over
5,talk,30,3,11,Skip
5,talk,31,3,13,Skip
5,talk,32,4,13,Skip
5,talk,33,4,8,Skip
5,talk,34,4,12,Skip
5,talk,35,4,4,Skip
5,talk,36,4,11,Skip
5,talk,37,4,2,Skip
5,talk,38,4,7,Skip
5,talk,39,4,15,Over
5,talk,40,5,11,Over
5,talk,41,5,12,Over
5,talk,42,5,2,Over
5,talk,43,5,15,Over
5,talk,44,5,8,Over
5,talk,45,5,7,Over
5,talk,46,5,4,Over
5,talk,47,5,13,Over
5,vote,2,15
5,vote,4,8
5,vote,7,12
5,vote,8,13
5,vote,11,7
5,vote,12,4
5,vote,13,12
5,vote,15,12
5,execute,12,VILLAGER
5,whisper,0,0,15,Over
5,whisper,1,0,8,BECAUSE (Agent[11] COMINGOUT Agent[11] MEDIUM) (ATTACK Agent[11])
5,whisper,2,1,8,Skip
5,whisper,3,1,15,Over
5,whisper,4,2,15,Over
5,whisper,5,2,8,Skip
5,whisper,6,3,8,Over
5,whisper,7,3,15,Over
5,guard,13,4,POSSESSED
5,attackVote,15,11
5,attack,11,true
6,status,1,VILLAGER,DEAD,Sample9
6,status,2,VILLAGER,ALIVE,Sample12
6,status,3,WEREWOLF,DEAD,Sample8
6,status,4,POSSESSED,ALIVE,Sample11
6,status,5,SEER,DEAD,Sample7
6,status,6,VILLAGER,DEAD,Sample10
6,status,7,VILLAGER,ALIVE,Sample6
6,status,8,WEREWOLF,ALIVE,Sample5
6,status,9,VILLAGER,DEAD,Sample4
6,status,10,VILLAGER,DEAD,Sample3
6,status,11,MEDIUM,DEAD,Sample14
6,status,12,VILLAGER,DEAD,Sample2
6,status,13,BODYGUARD,ALIVE,Sample13
6,status,14,VILLAGER,DEAD,Sample1
6,status,15,WEREWOLF,ALIVE,cash_dqn
6,talk,0,0,4,DAY 6 (DIVINED Agent[07] HUMAN)
6,talk,1,0,13,Skip
6,talk,2,0,2,Skip
6,talk,3,0,15,Over
6,talk,4,0,8,ESTIMATE Agent[13] WEREWOLF
6,talk,5,0,7,Skip
6,talk,6,1,13,Skip
6,talk,7,1,2,Skip
6,talk,8,1,8,Skip
6,talk,9,1,15,Over
6,talk,10,1,7,Skip
6,talk,11,1,4,Skip
6,talk,12,2,2,VOTE Agent[15]
6,talk,13,2,7,VOTE Agent[08]
6,talk,14,2,8,VOTE Agent[13]
6,talk,15,2,4,VOTE Agent[01]
6,talk,16,2,15,Over
6,talk,17,2,13,VOTE Agent[08]
6,talk,18,3,15,Over
6,talk,19,3,4,Skip
6,talk,20,3,2,Skip
6,talk,21,3,13,Skip
6,talk,22,3,8,Skip
6,talk,23,3,7,Skip
6,talk,24,4,8,Skip
6,talk,25,4,2,Skip
6,talk,26,4,15,Over
6,talk,27,4,7,Skip
6,talk,28,4,4,Skip
6,talk,29,4,13,Skip
6,talk,30,5,8,Over
6,talk,31,5,15,Over
6,talk,32,5,7,Over
6,talk,33,5,4,Over
6,talk,34,5,2,Over
6,talk,35,5,13,Over
6,vote,2,15
6,vote,4,13
6,vote,7,8
6,vote,8,13
6,vote,13,8
6,vote,15,8
6,execute,8,WEREWOLF
6,guard,13,4,POSSESSED
6,attackVote,15,13
6,attack,13,true
7,status,1,VILLAGER,DEAD,Sample9
7,status,2,VILLAGER,ALIVE,Sample12
7,status,3,WEREWOLF,DEAD,Sample8
7,status,4,POSSESSED,ALIVE,Sample11
7,status,5,SEER,DEAD,Sample7
7,status,6,VILLAGER,DEAD,Sample10
7,status,7,VILLAGER,ALIVE,Sample6
7,status,8,WEREWOLF,DEAD,Sample5
7,status,9,VILLAGER,DEAD,Sample4
7,status,10,VILLAGER,DEAD,Sample3
7,status,11,MEDIUM,DEAD,Sample14
7,status,12,VILLAGER,DEAD,Sample2
7,status,13,BODYGUARD,DEAD,Sample13
7,status,14,VILLAGER,DEAD,Sample1
7,status,15,WEREWOLF,ALIVE,cash_dqn
7,talk,0,0,15,Over
7,talk,1,0,7,Skip
7,talk,2,0,4,DAY 7 (DIVINED Agent[04] HUMAN)
7,talk,3,0,2,Skip
7,talk,4,1,4,Skip
7,talk,5,1,7,Skip
7,talk,6,1,2,Skip
7,talk,7,1,15,Over
7,talk,8,2,7,VOTE Agent[15]
7,talk,9,2,4,BECAUSE (XOR (ESTIMATE Agent[05] WEREWOLF) (ESTIMATE Agent[05] POSSESSED)) (VOTE Agent[05])
7,talk,10,2,15,Over
7,talk,11,2,2,VOTE Agent[07]
7,talk,12,3,2,Skip
7,talk,13,3,15,Over
7,talk,14,3,7,Skip
7,talk,15,3,4,Skip
7,talk,16,4,7,Skip
7,talk,17,4,2,Skip
7,talk,18,4,4,Skip
7,talk,19,4,15,Over
7,talk,20,5,2,Over
7,talk,21,5,4,Over
7,talk,22,5,7,Over
7,talk,23,5,15,Over
7,vote,2,7
7,vote,4,2
7,vote,7,15
7,vote,15,4
7,vote,2,7
7,vote,4,15
7,vote,7,15
7,vote,15,7
7,execute,15,WEREWOLF
8,status,1,VILLAGER,DEAD,Sample9
8,status,2,VILLAGER,ALIVE,Sample12
8,status,3,WEREWOLF,DEAD,Sample8
8,status,4,POSSESSED,ALIVE,Sample11
8,status,5,SEER,DEAD,Sample7
8,status,6,VILLAGER,DEAD,Sample10
8,status,7,VILLAGER,ALIVE,Sample6
8,status,8,WEREWOLF,DEAD,Sample5
8,status,9,VILLAGER,DEAD,Sample4
8,status,10,VILLAGER,DEAD,Sample3
8,status,11,MEDIUM,DEAD,Sample14
8,status,12,VILLAGER,DEAD,Sample2
8,status,13,BODYGUARD,DEAD,Sample13
8,status,14,VILLAGER,DEAD,Sample1
8,status,15,WEREWOLF,DEAD,cash_dqn
8,result,3,0,VILLAGER
