0,status,1,VILLAGER,ALIVE,Sample9
0,status,2,SEER,ALIVE,Sample12
0,status,3,WEREWOLF,ALIVE,Sample8
0,status,4,POSSESSED,ALIVE,Sample11
0,status,5,WEREWOLF,ALIVE,Sample7
0,status,6,VILLAGER,ALIVE,Sample10
0,status,7,VILLAGER,ALIVE,Sample6
0,status,8,WEREWOLF,ALIVE,Sample5
0,status,9,VILLAGER,ALIVE,Sample4
0,status,10,MEDIUM,ALIVE,Sample3
0,status,11,VILLAGER,ALIVE,Sample14
0,status,12,VILLAGER,ALIVE,Sample2
0,status,13,VILLAGER,ALIVE,Sample13
0,status,14,BODYGUARD,ALIVE,Sample1
0,status,15,VILLAGER,ALIVE,cash_dqn
0,whisper,0,0,3,COMINGOUT Agent[03] VILLAGER
0,whisper,1,0,8,COMINGOUT Agent[08] MEDIUM
0,whisper,2,0,5,COMINGOUT Agent[05] SEER
0,whisper,3,1,8,ATTACK Agent[13]
0,whisper,4,1,5,ATTACK Agent[04]
0,whisper,5,1,3,ATTACK Agent[07]
0,whisper,6,2,3,Skip
0,whisper,7,2,8,Skip
0,whisper,8,2,5,Skip
0,whisper,9,3,8,Skip
0,whisper,10,3,3,Skip
0,whisper,11,3,5,Skip
0,whisper,12,4,8,Over
0,whisper,13,4,3,Over
0,whisper,14,4,5,Over
0,divine,2,9,HUMAN
1,status,1,VILLAGER,ALIVE,Sample9
1,status,2,SEER,ALIVE,Sample12
1,status,3,WEREWOLF,ALIVE,Sample8
1,status,4,POSSESSED,ALIVE,Sample11
1,status,5,WEREWOLF,ALIVE,Sample7
1,status,6,VILLAGER,ALIVE,Sample10
1,status,7,VILLAGER,ALIVE,Sample6
1,status,8,WEREWOLF,ALIVE,Sample5
1,status,9,VILLAGER,ALIVE,Sample4
1,status,10,MEDIUM,ALIVE,Sample3
1,status,11,VILLAGER,ALIVE,Sample14
1,status,12,VILLAGER,ALIVE,Sample2
1,status,13,VILLAGER,ALIVE,Sample13
1,status,14,BODYGUARD,ALIVE,Sample1
1,status,15,VILLAGER,ALIVE,cash_dqn
1,talk,0,0,3,ESTIMATE Agent[01] WEREWOLF
1,talk,1,0,1,Skip
1,talk,2,0,2,COMINGOUT Agent[02] SEER
1,talk,3,0,7,Skip
1,talk,4,0,10,Skip
1,talk,5,0,6,Skip
1,talk,6,0,14,Skip
1,talk,7,0,5,ESTIMATE Agent[14] WEREWOLF
1,talk,8,0,11,Skip
1,talk,9,0,4,Skip
1,talk,10,0,12,Skip
1,talk,11,0,13,Skip
1,talk,12,0,8,COMINGOUT Agent[08] MEDIUM
1,talk,13,0,9,Skip
1,talk,14,0,15,Skip
1,talk,15,1,6,Skip
1,talk,16,1,7,Skip
1,talk,17,1,5,COMINGOUT Agent[05] SEER
1,talk,18,1,10,COMINGOUT Agent[10] MEDIUM
1,talk,19,1,8,ESTIMATE Agent[12] WEREWOLF
1,talk,20,1,4,COMINGOUT Agent[04] SEER
1,talk,21,1,1,Skip
1,talk,22,1,12,Skip
1,talk,23,1,15,VOTE Agent[10]
1,talk,24,1,11,Skip
1,talk,25,1,9,Skip
1,talk,26,1,14,Skip
1,talk,27,1,3,Skip
1,talk,28,1,2,DAY 1 (DIVINED Agent[09] HUMAN)
1,talk,29,1,13,Skip
1,talk,30,2,4,DAY 1 (DIVINED Agent[02] WEREWOLF)
1,talk,31,2,1,VOTE Agent[04]
1,talk,32,2,14,VOTE Agent[15]
1,talk,33,2,5,ESTIMATE Agent[02] WEREWOLF
1,talk,34,2,8,ESTIMATE Agent[10] WEREWOLF
1,talk,35,2,9,VOTE Agent[06]
1,talk,36,2,3,VOTE Agent[01]
1,talk,37,2,6,VOTE Agent[03]
1,talk,38,2,7,VOTE Agent[02]
1,talk,39,2,10,BECAUSE (AND (COMINGOUT Agent[10] MEDIUM) (Agent[08] COMINGOUT Agent[08] MEDIUM)) (XOR (ESTIMATE Agent[08] WEREWOLF) (ESTIMATE Agent[08] POSSESSED))
1,talk,40,2,12,VOTE Agent[14]
1,talk,41,2,2,VOTE Agent[04]
1,talk,42,2,11,VOTE Agent[09]
1,talk,43,2,13,VOTE Agent[03]
1,talk,44,2,15,Skip
1,talk,45,3,14,Skip
1,talk,46,3,9,Skip
1,talk,47,3,6,Skip
1,talk,48,3,4,BECAUSE (DAY 1 (DIVINED Agent[02] WEREWOLF)) (REQUEST ANY (VOTE Agent[02]))
1,talk,49,3,1,Skip
1,talk,50,3,15,Skip
1,talk,51,3,13,Skip
1,talk,52,3,12,Skip
1,talk,53,3,3,Skip
1,talk,54,3,11,Skip
1,talk,55,3,2,Skip
1,talk,56,3,10,BECAUSE (XOR (ESTIMATE Agent[08] WEREWOLF) (ESTIMATE Agent[08] POSSESSED)) (VOTE Agent[08])
1,talk,57,3,5,DIVINED Agent[01] HUMAN
1,talk,58,3,8,VOTE Agent[10]
1,talk,59,3,7,Skip
1,talk,60,4,11,Skip
1,talk,61,4,3,Skip
1,talk,62,4,13,Skip
1,talk,63,4,7,Skip
1,talk,64,4,4,INQUIRE ANY (VOTE Agent[02])
1,talk,65,4,2,Skip
1,talk,66,4,6,Skip
1,talk,67,4,12,Skip
1,talk,68,4,5,VOTE Agent[02]
1,talk,69,4,15,Over
1,talk,70,4,10,Skip
1,talk,71,4,14,Skip
1,talk,72,4,9,Skip
1,talk,73,4,1,Skip
1,talk,74,4,8,Skip
1,talk,75,5,3,Over
1,talk,76,5,9,Over
1,talk,77,5,6,Over
1,talk,78,5,8,Skip
1,talk,79,5,13,Over
1,talk,80,5,7,Over
1,talk,81,5,1,Over
1,talk,82,5,14,Over
1,talk,83,5,12,Over
1,talk,84,5,5,Skip
1,talk,85,5,2,Over
1,talk,86,5,15,Over
1,talk,87,5,11,Over
1,talk,88,5,10,Skip
1,talk,89,5,4,BECAUSE (DIVINED Agent[02] WEREWOLF) (VOTE Agent[02])
1,talk,90,6,5,Skip
1,talk,91,6,4,Skip
1,talk,92,6,13,Over
1,talk,93,6,8,Over
1,talk,94,6,12,Over
1,talk,95,6,2,Over
1,talk,96,6,1,Over
1,talk,97,6,15,Over
1,talk,98,6,7,Over
1,talk,99,6,9,Over
1,talk,100,6,10,Over
1,talk,101,6,6,Over
1,talk,102,6,14,Over
1,talk,103,6,3,Over
1,talk,104,6,11,Over
1,talk,105,7,6,Over
1,talk,106,7,12,Over
1,talk,107,7,9,Over
1,talk,108,7,14,Over
1,talk,109,7,8,Over
1,talk,110,7,3,Over
1,talk,111,7,15,Over
1,talk,112,7,10,Over
1,talk,113,7,1,Over
1,talk,114,7,7,Over
1,talk,115,7,13,Over
1,talk,116,7,5,Over
1,talk,117,7,11,Over
1,talk,118,7,4,Skip
1,talk,119,7,2,Over
1,talk,120,8,14,Over
1,talk,121,8,9,Over
1,talk,122,8,8,Over
1,talk,123,8,1,Over
1,talk,124,8,6,Over
1,talk,125,8,4,Over
1,talk,126,8,2,Over
1,talk,127,8,13,Over
1,talk,128,8,7,Over
1,talk,129,8,10,Over
1,talk,130,8,11,Over
1,talk,131,8,15,Over
1,talk,132,8,3,Over
1,talk,133,8,12,Over
1,talk,134,8,5,Over
1,vote,1,4
1,vote,2,4
1,vote,3,1
1,vote,4,2
1,vote,5,2
1,vote,6,3
1,vote,7,2
1,vote,8,10
1,vote,9,6
1,vote,10,8
1,vote,11,9
1,vote,12,14
1,vote,13,3
1,vote,14,15
1,vote,15,14
1,execute,2,SEER
1,whisper,0,0,8,BECAUSE (AND (NOT (COMINGOUT Agent[04] WEREWOLF)) (NOT (COMINGOUT Agent[02] WEREWOLF)) (DAY 1 (Agent[04] DIVINED Agent[02] WEREWOLF))) (ESTIMATE Agent[04] POSSESSED)
1,whisper,1,0,3,BECAUSE (AND (NOT (COMINGOUT Agent[04] WEREWOLF)) (NOT (COMINGOUT Agent[02] WEREWOLF)) (DAY 1 (Agent[04] DIVINED Agent[02] WEREWOLF))) (ESTIMATE Agent[04] POSSESSED)
1,whisper,2,0,5,BECAUSE (AND (NOT (COMINGOUT Agent[04] WEREWOLF)) (NOT (COMINGOUT Agent[02] WEREWOLF)) (DAY 1 (Agent[04] DIVINED Agent[02] WEREWOLF))) (ESTIMATE Agent[04] POSSESSED)
1,whisper,3,1,5,BECAUSE (Agent[10] COMINGOUT Agent[10] MEDIUM) (ATTACK Agent[10])
1,whisper,4,1,8,BECAUSE (Agent[10] COMINGOUT Agent[10] MEDIUM) (ATTACK Agent[10])
1,whisper,5,1,3,BECAUSE (Agent[10] COMINGOUT Agent[10] MEDIUM) (ATTACK Agent[10])
1,whisper,6,2,5,Skip
1,whisper,7,2,3,Skip
1,whisper,8,2,8,Skip
1,whisper,9,3,8,Skip
1,whisper,10,3,5,Skip
1,whisper,11,3,3,Skip
1,whisper,12,4,3,Over
1,whisper,13,4,8,Over
1,whisper,14,4,5,Over
1,guard,14,5,WEREWOLF
1,attack,10,true
2,status,1,VILLAGER,ALIVE,Sample9
2,status,2,SEER,DEAD,Sample12
2,status,3,WEREWOLF,ALIVE,Sample8
2,status,4,POSSESSED,ALIVE,Sample11
2,status,5,WEREWOLF,ALIVE,Sample7
2,status,6,VILLAGER,ALIVE,Sample10
2,status,7,VILLAGER,ALIVE,Sample6
2,status,8,WEREWOLF,ALIVE,Sample5
2,status,9,VILLAGER,ALIVE,Sample4
2,status,10,MEDIUM,DEAD,Sample3
2,status,11,VILLAGER,ALIVE,Sample14
2,status,12,VILLAGER,ALIVE,Sample2
2,status,13,VILLAGER,ALIVE,Sample13
2,status,14,BODYGUARD,ALIVE,Sample1
2,status,15,VILLAGER,ALIVE,cash_dqn
2,talk,0,0,4,DAY 2 (DIVINED Agent[11] HUMAN)
2,talk,1,0,15,Skip
2,talk,2,0,1,Skip
2,talk,3,0,13,Skip
2,talk,4,0,3,ESTIMATE Agent[14] WEREWOLF
2,talk,5,0,11,Skip
2,talk,6,0,7,Skip
2,talk,7,0,12,Skip
2,talk,8,0,5,DIVINED Agent[14] HUMAN
2,talk,9,0,6,Skip
2,talk,10,0,9,Skip
2,talk,11,0,8,IDENTIFIED Agent[02] WEREWOLF
2,talk,12,0,14,Skip
2,talk,13,1,6,Skip
2,talk,14,1,15,VOTE Agent[07]
2,talk,15,1,4,BECAUSE (AND (COMINGOUT Agent[04] SEER) (Agent[05] COMINGOUT Agent[05] SEER)) (XOR (ESTIMATE Agent[05] WEREWOLF) (ESTIMATE Agent[05] POSSESSED))
2,talk,16,1,1,Skip
2,talk,17,1,11,Skip
2,talk,18,1,9,Skip
2,talk,19,1,7,Skip
2,talk,20,1,8,ESTIMATE Agent[09] WEREWOLF
2,talk,21,1,5,ESTIMATE Agent[06] WEREWOLF
2,talk,22,1,13,Skip
2,talk,23,1,12,Skip
2,talk,24,1,3,Skip
2,talk,25,1,14,Skip
2,talk,26,2,8,VOTE Agent[09]
2,talk,27,2,11,VOTE Agent[15]
2,talk,28,2,13,VOTE Agent[15]
2,talk,29,2,15,Skip
2,talk,30,2,6,VOTE Agent[03]
2,talk,31,2,9,VOTE Agent[12]
2,talk,32,2,7,VOTE Agent[01]
2,talk,33,2,1,VOTE Agent[07]
2,talk,34,2,14,VOTE Agent[01]
2,talk,35,2,12,VOTE Agent[15]
2,talk,36,2,5,VOTE Agent[06]
2,talk,37,2,4,BECAUSE (XOR (ESTIMATE Agent[05] WEREWOLF) (ESTIMATE Agent[05] POSSESSED)) (VOTE Agent[05])
2,talk,38,2,3,VOTE Agent[14]
2,talk,39,3,4,Skip
2,talk,40,3,11,Skip
2,talk,41,3,13,Skip
2,talk,42,3,8,Skip
2,talk,43,3,14,Skip
2,talk,44,3,15,Skip
2,talk,45,3,1,Skip
2,talk,46,3,7,Skip
2,talk,47,3,12,Skip
2,talk,48,3,6,Skip
2,talk,49,3,9,Skip
2,talk,50,3,5,Skip
2,talk,51,3,3,Skip
2,talk,52,4,15,Over
2,talk,53,4,5,Skip
2,talk,54,4,7,Skip
2,talk,55,4,11,Skip
2,talk,56,4,13,Skip
2,talk,57,4,12,Skip
2,talk,58,4,14,Skip
2,talk,59,4,4,Skip
2,talk,60,4,1,Skip
2,talk,61,4,6,Skip
2,talk,62,4,9,Skip
2,talk,63,4,8,Skip
2,talk,64,4,3,Skip
2,talk,65,5,7,Over
2,talk,66,5,11,Over
2,talk,67,5,3,Over
2,talk,68,5,9,Over
2,talk,69,5,15,Over
2,talk,70,5,1,Over
2,talk,71,5,13,Over
2,talk,72,5,14,Over
2,talk,73,5,6,Over
2,talk,74,5,12,Over
2,talk,75,5,5,Over
2,talk,76,5,8,Over
2,talk,77,5,4,Over
2,vote,1,7
2,vote,3,14
2,vote,4,5
2,vote,5,6
2,vote,6,3
2,vote,7,1
2,vote,8,9
2,vote,9,12
2,vote,11,15
2,vote,12,15
2,vote,13,15
2,vote,14,1
2,vote,15,5
2,execute,15,VILLAGER
2,whisper,0,0,8,ATTACK Agent[13]
2,whisper,1,0,5,ATTACK Agent[07]
2,whisper,2,0,3,ATTACK Agent[06]
2,whisper,3,1,8,Skip
2,whisper,4,1,5,Skip
2,whisper,5,1,3,Skip
2,whisper,6,2,5,Skip
2,whisper,7,2,8,Skip
2,whisper,8,2,3,Skip
2,whisper,9,3,5,Over
2,whisper,10,3,3,Over
2,whisper,11,3,8,Over
2,guard,14,5,WEREWOLF
2,attack,12,true
3,status,1,VILLAGER,ALIVE,Sample9
3,status,2,SEER,DEAD,Sample12
3,status,3,WEREWOLF,ALIVE,Sample8
3,status,4,POSSESSED,ALIVE,Sample11
3,status,5,WEREWOLF,ALIVE,Sample7
3,status,6,VILLAGER,ALIVE,Sample10
3,status,7,VILLAGER,ALIVE,Sample6
3,status,8,WEREWOLF,ALIVE,Sample5
3,status,9,VILLAGER,ALIVE,Sample4
3,status,10,MEDIUM,DEAD,Sample3
3,status,11,VILLAGER,ALIVE,Sample14
3,status,12,VILLAGER,DEAD,Sample2
3,status,13,VILLAGER,ALIVE,Sample13
3,status,14,BODYGUARD,ALIVE,Sample1
3,status,15,VILLAGER,DEAD,cash_dqn
3,talk,0,0,6,Skip
3,talk,1,0,5,DIVINED Agent[03] HUMAN
3,talk,2,0,8,IDENTIFIED Agent[15] WEREWOLF
3,talk,3,0,11,Skip
3,talk,4,0,7,Skip
3,talk,5,0,4,DAY 3 (DIVINED Agent[03] HUMAN)
3,talk,6,0,1,Skip
3,talk,7,0,14,Skip
3,talk,8,0,13,Skip
3,talk,9,0,9,Skip
3,talk,10,0,3,ESTIMATE Agent[13] WEREWOLF
3,talk,11,1,13,Skip
3,talk,12,1,5,ESTIMATE Agent[13] WEREWOLF
3,talk,13,1,3,Skip
3,talk,14,1,9,Skip
3,talk,15,1,8,ESTIMATE Agent[13] WEREWOLF
3,talk,16,1,4,BECAUSE (AND (COMINGOUT Agent[04] SEER) (Agent[05] COMINGOUT Agent[05] SEER)) (XOR (ESTIMATE Agent[05] WEREWOLF) (ESTIMATE Agent[05] POSSESSED))
3,talk,17,1,7,Skip
3,talk,18,1,1,Skip
3,talk,19,1,6,Skip
3,talk,20,1,11,Skip
3,talk,21,1,14,Skip
3,talk,22,2,11,VOTE Agent[03]
3,talk,23,2,4,BECAUSE (XOR (ESTIMATE Agent[05] WEREWOLF) (ESTIMATE Agent[05] POSSESSED)) (VOTE Agent[05])
3,talk,24,2,9,VOTE Agent[03]
3,talk,25,2,7,VOTE Agent[03]
3,talk,26,2,1,VOTE Agent[11]
3,talk,27,2,5,VOTE Agent[13]
3,talk,28,2,13,VOTE Agent[11]
3,talk,29,2,3,VOTE Agent[13]
3,talk,30,2,14,VOTE Agent[05]
3,talk,31,2,6,VOTE Agent[03]
3,talk,32,2,8,VOTE Agent[13]
3,talk,33,3,4,Skip
3,talk,34,3,1,Skip
3,talk,35,3,3,Skip
3,talk,36,3,11,Skip
3,talk,37,3,5,Skip
3,talk,38,3,9,Skip
3,talk,39,3,13,Skip
3,talk,40,3,6,Skip
3,talk,41,3,14,Skip
3,talk,42,3,8,Skip
3,talk,43,3,7,Skip
3,talk,44,4,8,Skip
3,talk,45,4,13,Skip
3,talk,46,4,6,Skip
3,talk,47,4,1,Skip
3,talk,48,4,4,Skip
3,talk,49,4,9,Skip
3,talk,50,4,5,Skip
3,talk,51,4,14,Skip
3,talk,52,4,7,Skip
3,talk,53,4,3,Skip
3,talk,54,4,11,Skip
3,talk,55,5,5,Over
3,talk,56,5,6,Over
3,talk,57,5,11,Over
3,talk,58,5,3,Over
3,talk,59,5,13,Over
3,talk,60,5,1,Over
3,talk,61,5,4,Over
3,talk,62,5,14,Over
3,talk,63,5,9,Over
3,talk,64,5,8,Over
3,talk,65,5,7,Over
3,vote,1,11
3,vote,3,13
3,vote,4,5
3,vote,5,13
3,vote,6,3
3,vote,7,3
3,vote,8,13
3,vote,9,3
3,vote,11,3
3,vote,13,11
3,vote,14,5
3,execute,3,WEREWOLF
3,whisper,0,0,5,ATTACK Agent[14]
3,whisper,1,0,8,ATTACK Agent[06]
3,whisper,2,1,8,Skip
3,whisper,3,1,5,Skip
3,whisper,4,2,5,Skip
3,whisper,5,2,8,Skip
3,whisper,6,3,5,Over
3,whisper,7,3,8,Over
3,guard,14,5,WEREWOLF
3,attack,14,true
4,status,1,VILLAGER,ALIVE,Sample9
4,status,2,SEER,DEAD,Sample12
4,status,3,WEREWOLF,DEAD,Sample8
4,status,4,POSSESSED,ALIVE,Sample11
4,status,5,WEREWOLF,ALIVE,Sample7
4,status,6,VILLAGER,ALIVE,Sample10
4,status,7,VILLAGER,ALIVE,Sample6
4,status,8,WEREWOLF,ALIVE,Sample5
4,status,9,VILLAGER,ALIVE,Sample4
4,status,10,MEDIUM,DEAD,Sample3
4,status,11,VILLAGER,ALIVE,Sample14
4,status,12,VILLAGER,DEAD,Sample2
4,status,13,VILLAGER,ALIVE,Sample13
4,status,14,BODYGUARD,DEAD,Sample1
4,status,15,VILLAGER,DEAD,cash_dqn
4,talk,0,0,9,Skip
4,talk,1,0,8,IDENTIFIED Agent[03] HUMAN
4,talk,2,0,6,Skip
4,talk,3,0,7,Skip
4,talk,4,0,13,Skip
4,talk,5,0,11,Skip
4,talk,6,0,4,DAY 4 (DIVINED Agent[08] HUMAN)
4,talk,7,0,1,Skip
4,talk,8,0,5,DIVINED Agent[11] HUMAN
4,talk,9,1,11,Skip
4,talk,10,1,1,Skip
4,talk,11,1,6,Skip
4,talk,12,1,8,ESTIMATE Agent[06] WEREWOLF
4,talk,13,1,4,BECAUSE (AND (COMINGOUT Agent[04] SEER) (Agent[05] COMINGOUT Agent[05] SEER)) (XOR (ESTIMATE Agent[05] WEREWOLF) (ESTIMATE Agent[05] POSSESSED))
4,talk,14,1,7,Skip
4,talk,15,1,9,Skip
4,talk,16,1,13,Skip
4,talk,17,1,5,ESTIMATE Agent[09] WEREWOLF
4,talk,18,2,9,VOTE Agent[13]
4,talk,19,2,8,VOTE Agent[06]
4,talk,20,2,7,VOTE Agent[04]
4,talk,21,2,6,VOTE Agent[08]
4,talk,22,2,5,VOTE Agent[09]
4,talk,23,2,4,BECAUSE (XOR (ESTIMATE Agent[05] WEREWOLF) (ESTIMATE Agent[05] POSSESSED)) (VOTE Agent[05])
4,talk,24,2,11,VOTE Agent[01]
4,talk,25,2,1,VOTE Agent[04]
4,talk,26,2,13,VOTE Agent[06]
4,talk,27,3,5,Skip
4,talk,28,3,9,Skip
4,talk,29,3,4,Skip
4,talk,30,3,8,Skip
4,talk,31,3,11,Skip
4,talk,32,3,1,Skip
4,talk,33,3,13,Skip
4,talk,34,3,6,Skip
4,talk,35,3,7,Skip
4,talk,36,4,11,Skip
4,talk,37,4,8,Skip
4,talk,38,4,5,Skip
4,talk,39,4,6,Skip
4,talk,40,4,4,Skip
4,talk,41,4,1,Skip
4,talk,42,4,7,Skip
4,talk,43,4,9,Skip
4,talk,44,4,13,Skip
4,talk,45,5,6,Over
4,talk,46,5,9,Over
4,talk,47,5,8,Over
4,talk,48,5,11,Over
4,talk,49,5,1,Over
4,talk,50,5,5,Over
4,talk,51,5,7,Over
4,talk,52,5,13,Over
4,talk,53,5,4,Over
4,vote,1,4
4,vote,4,5
4,vote,5,9
4,vote,6,8
4,vote,7,4
4,vote,8,6
4,vote,9,13
4,vote,11,1
4,vote,13,6
4,vote,1,4
4,vote,4,5
4,vote,5,9
4,vote,6,8
4,vote,7,4
4,vote,8,6
4,vote,9,13
4,vote,11,1
4,vote,13,6
4,execute,6,VILLAGER
4,whisper,0,0,8,ATTACK Agent[13]
4,whisper,1,0,5,ATTACK Agent[07]
4,whisper,2,1,5,Skip
4,whisper,3,1,8,Skip
4,whisper,4,2,5,Skip
4,whisper,5,2,8,Skip
4,whisper,6,3,8,Over
4,whisper,7,3,5,Over
4,attack,4,true
5,status,1,VILLAGER,ALIVE,Sample9
5,status,2,SEER,DEAD,Sample12
5,status,3,WEREWOLF,DEAD,Sample8
5,status,4,POSSESSED,DEAD,Sample11
5,status,5,WEREWOLF,ALIVE,Sample7
5,status,6,VILLAGER,DEAD,Sample10
5,status,7,VILLAGER,ALIVE,Sample6
5,status,8,WEREWOLF,ALIVE,Sample5
5,status,9,VILLAGER,ALIVE,Sample4
5,status,10,MEDIUM,DEAD,Sample3
5,status,11,VILLAGER,ALIVE,Sample14
5,status,12,VILLAGER,DEAD,Sample2
5,status,13,VILLAGER,ALIVE,Sample13
5,status,14,BODYGUARD,DEAD,Sample1
5,status,15,VILLAGER,DEAD,cash_dqn
5,talk,0,0,13,Skip
5,talk,1,0,5,DIVINED Agent[08] HUMAN
5,talk,2,0,9,Skip
5,talk,3,0,8,IDENTIFIED Agent[06] WEREWOLF
5,talk,4,0,11,Skip
5,talk,5,0,1,Skip
5,talk,6,0,7,Skip
5,talk,7,1,8,ESTIMATE Agent[13] WEREWOLF
5,talk,8,1,5,ESTIMATE Agent[07] WEREWOLF
5,talk,9,1,7,Skip
5,talk,10,1,13,Skip
5,talk,11,1,9,Skip
5,talk,12,1,1,Skip
5,talk,13,1,11,Skip
5,talk,14,2,7,VOTE Agent[05]
5,talk,15,2,1,VOTE Agent[08]
5,talk,16,2,5,VOTE Agent[07]
5,talk,17,2,11,VOTE Agent[09]
5,talk,18,2,9,VOTE Agent[01]
5,talk,19,2,8,VOTE Agent[13]
5,talk,20,2,13,VOTE Agent[08]
5,talk,21,3,8,Skip
5,talk,22,3,5,Skip
5,talk,23,3,1,Skip
5,talk,24,3,9,Skip
5,talk,25,3,11,Skip
5,talk,26,3,7,Skip
5,talk,27,3,13,Skip
5,talk,28,4,11,Skip
5,talk,29,4,9,Skip
5,talk,30,4,5,Skip
5,talk,31,4,7,Skip
5,talk,32,4,8,Skip
5,talk,33,4,1,Skip
5,talk,34,4,13,Skip
5,talk,35,5,8,Over
5,talk,36,5,9,Over
5,talk,37,5,11,Over
5,talk,38,5,7,Over
5,talk,39,5,13,Over
5,talk,40,5,5,Over
5,talk,41,5,1,Over
5,vote,1,8
5,vote,5,7
5,vote,7,5
5,vote,8,13
5,vote,9,1
5,vote,11,9
5,vote,13,8
5,execute,8,WEREWOLF
5,attackVote,5,11
5,attack,11,true
6,status,1,VILLAGER,ALIVE,Sample9
6,status,2,SEER,DEAD,Sample12
6,status,3,WEREWOLF,DEAD,Sample8
6,status,4,POSSESSED,DEAD,Sample11
6,status,5,WEREWOLF,ALIVE,Sample7
6,status,6,VILLAGER,DEAD,Sample10
6,status,7,VILLAGER,ALIVE,Sample6
6,status,8,WEREWOLF,DEAD,Sample5
6,status,9,VILLAGER,ALIVE,Sample4
6,status,10,MEDIUM,DEAD,Sample3
6,status,11,VILLAGER,DEAD,Sample14
6,status,12,VILLAGER,DEAD,Sample2
6,status,13,VILLAGER,ALIVE,Sample13
6,status,14,BODYGUARD,DEAD,Sample1
6,status,15,VILLAGER,DEAD,cash_dqn
6,talk,0,0,9,Skip
6,talk,1,0,5,DIVINED Agent[07] HUMAN
6,talk,2,0,7,Skip
6,talk,3,0,1,Skip
6,talk,4,0,13,Skip
6,talk,5,1,7,Skip
6,talk,6,1,1,Skip
6,talk,7,1,9,Skip
6,talk,8,1,5,ESTIMATE Agent[09] WEREWOLF
6,talk,9,1,13,Skip
6,talk,10,2,13,VOTE Agent[07]
6,talk,11,2,5,VOTE Agent[09]
6,talk,12,2,1,VOTE Agent[09]
6,talk,13,2,9,VOTE Agent[13]
6,talk,14,2,7,VOTE Agent[13]
6,talk,15,3,7,Skip
6,talk,16,3,9,Skip
6,talk,17,3,13,Skip
6,talk,18,3,5,Skip
6,talk,19,3,1,Skip
6,talk,20,4,9,Skip
6,talk,21,4,5,Skip
6,talk,22,4,7,Skip
6,talk,23,4,1,Skip
6,talk,24,4,13,Skip
6,talk,25,5,9,Over
6,talk,26,5,7,Over
6,talk,27,5,1,Over
6,talk,28,5,13,Over
6,talk,29,5,5,Over
6,vote,1,9
6,vote,5,9
6,vote,7,13
6,vote,9,13
6,vote,13,7
6,vote,1,9
6,vote,5,9
6,vote,7,13
6,vote,9,13
6,vote,13,7
6,execute,9,VILLAGER
6,attackVote,5,1
6,attack,1,true
7,status,1,VILLAGER,DEAD,Sample9
7,status,2,SEER,DEAD,Sample12
7,status,3,WEREWOLF,DEAD,Sample8
7,status,4,POSSESSED,DEAD,Sample11
7,status,5,WEREWOLF,ALIVE,Sample7
7,status,6,VILLAGER,DEAD,Sample10
7,status,7,VILLAGER,ALIVE,Sample6
7,status,8,WEREWOLF,DEAD,Sample5
7,status,9,VILLAGER,DEAD,Sample4
7,status,10,MEDIUM,DEAD,Sample3
7,status,11,VILLAGER,DEAD,Sample14
7,status,12,VILLAGER,DEAD,Sample2
7,status,13,VILLAGER,ALIVE,Sample13
7,status,14,BODYGUARD,DEAD,Sample1
7,status,15,VILLAGER,DEAD,cash_dqn
7,talk,0,0,5,DIVINED Agent[13] WEREWOLF
7,talk,1,0,13,Skip
7,talk,2,0,7,Skip
7,talk,3,1,7,Skip
7,talk,4,1,5,ESTIMATE Agent[13] WEREWOLF
7,talk,5,1,13,BECAUSE (AND (COMINGOUT Agent[13] VILLAGER) (DAY 7 (Agent[05] DIVINED Agent[13] WEREWOLF))) (XOR (ESTIMATE Agent[05] WEREWOLF) (ESTIMATE Agent[05] POSSESSED))
7,talk,6,2,7,VOTE Agent[13]
7,talk,7,2,13,BECAUSE (XOR (ESTIMATE Agent[05] WEREWOLF) (ESTIMATE Agent[05] POSSESSED)) (VOTE Agent[05])
7,talk,8,2,5,VOTE Agent[13]
7,talk,9,3,13,Skip
7,talk,10,3,7,Skip
7,talk,11,3,5,Skip
7,talk,12,4,13,Skip
7,talk,13,4,5,Skip
7,talk,14,4,7,Skip
7,talk,15,5,5,Over
7,talk,16,5,13,Over
7,talk,17,5,7,Over
7,vote,5,13
7,vote,7,13
7,vote,13,5
7,execute,13,VILLAGER
7,attackVote,5,7
7,attack,7,true
8,status,1,VILLAGER,DEAD,Sample9
8,status,2,SEER,DEAD,Sample12
8,status,3,WEREWOLF,DEAD,Sample8
8,status,4,POSSESSED,DEAD,Sample11
8,status,5,WEREWOLF,ALIVE,Sample7
8,status,6,VILLAGER,DEAD,Sample10
8,status,7,VILLAGER,DEAD,Sample6
8,status,8,WEREWOLF,DEAD,Sample5
8,status,9,VILLAGER,DEAD,Sample4
8,status,10,MEDIUM,DEAD,Sample3
8,status,11,VILLAGER,DEAD,Sample14
8,status,12,VILLAGER,DEAD,Sample2
8,status,13,VILLAGER,DEAD,Sample13
8,status,14,BODYGUARD,DEAD,Sample1
8,status,15,VILLAGER,DEAD,cash_dqn
8,result,0,1,WEREWOLF
