0,status,1,VILLAGER,ALIVE,Sample9
0,status,2,VILLAGER,ALIVE,Sample12
0,status,3,WEREWOLF,ALIVE,Sample8
0,status,4,WEREWOLF,ALIVE,Sample11
0,status,5,VILLAGER,ALIVE,Sample7
0,status,6,POSSESSED,ALIVE,Sample10
0,status,7,WEREWOLF,ALIVE,Sample6
0,status,8,VILLAGER,ALIVE,Sample5
0,status,9,BODYGUARD,ALIVE,Sample4
0,status,10,VILLAGER,ALIVE,Sample3
0,status,11,MEDIUM,ALIVE,Sample14
0,status,12,VILLAGER,ALIVE,Sample2
0,status,13,VILLAGER,ALIVE,Sample13
0,status,14,SEER,ALIVE,Sample1
0,status,15,VILLAGER,ALIVE,cash_dqn
0,whisper,0,0,4,COMINGOUT Agent[04] VILLAGER
0,whisper,1,0,7,COMINGOUT Agent[07] SEER
0,whisper,2,0,3,COMINGOUT Agent[03] MEDIUM
0,whisper,3,1,4,ATTACK Agent[06]
0,whisper,4,1,3,ATTACK Agent[01]
0,whisper,5,1,7,ATTACK Agent[02]
0,whisper,6,2,7,Skip
0,whisper,7,2,4,Skip
0,whisper,8,2,3,Skip
0,whisper,9,3,4,Skip
0,whisper,10,3,3,Skip
0,whisper,11,3,7,Skip
0,whisper,12,4,4,Over
0,whisper,13,4,7,Over
0,whisper,14,4,3,Over
0,divine,14,11,HUMAN
1,status,1,VILLAGER,ALIVE,Sample9
1,status,2,VILLAGER,ALIVE,Sample12
1,status,3,WEREWOLF,ALIVE,Sample8
1,status,4,WEREWOLF,ALIVE,Sample11
1,status,5,VILLAGER,ALIVE,Sample7
1,status,6,POSSESSED,ALIVE,Sample10
1,status,7,WEREWOLF,ALIVE,Sample6
1,status,8,VILLAGER,ALIVE,Sample5
1,status,9,BODYGUARD,ALIVE,Sample4
1,status,10,VILLAGER,ALIVE,Sample3
1,status,11,MEDIUM,ALIVE,Sample14
1,status,12,VILLAGER,ALIVE,Sample2
1,status,13,VILLAGER,ALIVE,Sample13
1,status,14,SEER,ALIVE,Sample1
1,status,15,VILLAGER,ALIVE,cash_dqn
1,talk,0,0,1,Skip
1,talk,1,0,13,Skip
1,talk,2,0,9,Skip
1,talk,3,0,6,Skip
1,talk,4,0,15,Skip
1,talk,5,0,14,COMINGOUT Agent[14] SEER
1,talk,6,0,10,Skip
1,talk,7,0,3,COMINGOUT Agent[03] MEDIUM
1,talk,8,0,5,Skip
1,talk,9,0,7,ESTIMATE Agent[12] WEREWOLF
1,talk,10,0,8,Skip
1,talk,11,0,11,Skip
1,talk,12,0,4,ESTIMATE Agent[15] WEREWOLF
1,talk,13,0,2,Skip
1,talk,14,0,12,Skip
1,talk,15,1,5,Skip
1,talk,16,1,1,Skip
1,talk,17,1,10,Skip
1,talk,18,1,15,VOTE Agent[10]
1,talk,19,1,4,Skip
1,talk,20,1,13,Skip
1,talk,21,1,6,COMINGOUT Agent[06] SEER
1,talk,22,1,11,COMINGOUT Agent[11] MEDIUM
1,talk,23,1,8,Skip
1,talk,24,1,12,Skip
1,talk,25,1,9,Skip
1,talk,26,1,3,ESTIMATE Agent[15] WEREWOLF
1,talk,27,1,7,COMINGOUT Agent[07] SEER
1,talk,28,1,2,Skip
1,talk,29,1,14,DAY 1 (DIVINED Agent[11] HUMAN)
1,talk,30,2,3,ESTIMATE Agent[11] WEREWOLF
1,talk,31,2,9,VOTE Agent[15]
1,talk,32,2,14,VOTE Agent[07]
1,talk,33,2,8,VOTE Agent[04]
1,talk,34,2,11,BECAUSE (AND (COMINGOUT Agent[11] MEDIUM) (Agent[03] COMINGOUT Agent[03] MEDIUM)) (XOR (ESTIMATE Agent[03] WEREWOLF) (ESTIMATE Agent[03] POSSESSED))
1,talk,35,2,2,VOTE Agent[10]
1,talk,36,2,4,VOTE Agent[15]
1,talk,37,2,6,DAY 1 (DIVINED Agent[14] WEREWOLF)
1,talk,38,2,12,VOTE Agent[08]
1,talk,39,2,10,VOTE Agent[15]
1,talk,40,2,5,VOTE Agent[04]
1,talk,41,2,15,Skip
1,talk,42,2,13,VOTE Agent[02]
1,talk,43,2,1,VOTE Agent[06]
1,talk,44,2,7,DIVINED Agent[12] WEREWOLF
1,talk,45,3,4,Skip
1,talk,46,3,13,Skip
1,talk,47,3,10,Skip
1,talk,48,3,8,Skip
1,talk,49,3,7,VOTE Agent[12]
1,talk,50,3,6,VOTE Agent[14]
1,talk,51,3,12,BECAUSE (AND (COMINGOUT Agent[12] VILLAGER) (DAY 1 (Agent[07] DIVINED Agent[12] WEREWOLF))) (XOR (ESTIMATE Agent[07] WEREWOLF) (ESTIMATE Agent[07] POSSESSED))
1,talk,52,3,14,Skip
1,talk,53,3,3,VOTE Agent[11]
1,talk,54,3,5,Skip
1,talk,55,3,9,Skip
1,talk,56,3,15,Skip
1,talk,57,3,2,Skip
1,talk,58,3,1,Skip
1,talk,59,3,11,BECAUSE (XOR (ESTIMATE Agent[03] WEREWOLF) (ESTIMATE Agent[03] POSSESSED)) (VOTE Agent[03])
1,talk,60,4,14,Skip
1,talk,61,4,5,Skip
1,talk,62,4,15,Over
1,talk,63,4,7,Skip
1,talk,64,4,8,Skip
1,talk,65,4,10,Skip
1,talk,66,4,6,Skip
1,talk,67,4,4,Skip
1,talk,68,4,12,BECAUSE (XOR (ESTIMATE Agent[07] WEREWOLF) (ESTIMATE Agent[07] POSSESSED)) (VOTE Agent[07])
1,talk,69,4,11,Skip
1,talk,70,4,9,Skip
1,talk,71,4,3,Skip
1,talk,72,4,2,Skip
1,talk,73,4,1,Skip
1,talk,74,4,13,Skip
1,talk,75,5,11,Skip
1,talk,76,5,4,Over
1,talk,77,5,8,Over
1,talk,78,5,12,Skip
1,talk,79,5,3,Skip
1,talk,80,5,15,Over
1,talk,81,5,5,Over
1,talk,82,5,7,Skip
1,talk,83,5,6,Skip
1,talk,84,5,13,Over
1,talk,85,5,9,Over
1,talk,86,5,1,Over
1,talk,87,5,14,Over
1,talk,88,5,2,Over
1,talk,89,5,10,Over
1,talk,90,6,7,Over
1,talk,91,6,11,Over
1,talk,92,6,6,Over
1,talk,93,6,9,Over
1,talk,94,6,3,Over
1,talk,95,6,13,Over
1,talk,96,6,12,Skip
1,talk,97,6,15,Over
1,talk,98,6,1,Over
1,talk,99,6,14,Over
1,talk,100,6,10,Over
1,talk,101,6,2,Over
1,talk,102,6,5,Over
1,talk,103,6,8,Over
1,talk,104,6,4,Over
1,talk,105,7,10,Over
1,talk,106,7,8,Over
1,talk,107,7,13,Over
1,talk,108,7,7,Over
1,talk,109,7,11,Over
1,talk,110,7,6,Over
1,talk,111,7,3,Over
1,talk,112,7,15,Over
1,talk,113,7,5,Over
1,talk,114,7,2,Over
1,talk,115,7,9,Over
1,talk,116,7,12,Over
1,talk,117,7,14,Over
1,talk,118,7,1,Over
1,talk,119,7,4,Over
1,vote,1,6
1,vote,2,10
1,vote,3,11
1,vote,4,15
1,vote,5,4
1,vote,6,14
1,vote,7,12
1,vote,8,4
1,vote,9,15
1,vote,10,15
1,vote,11,3
1,vote,12,7
1,vote,13,2
1,vote,14,7
1,vote,15,10
1,execute,15,VILLAGER
1,divine,14,6,HUMAN
1,whisper,0,0,3,BECAUSE (AND (NOT (COMINGOUT Agent[06] WEREWOLF)) (NOT (COMINGOUT Agent[14] WEREWOLF)) (DAY 1 (Agent[06] DIVINED Agent[14] WEREWOLF))) (ESTIMATE Agent[06] POSSESSED)
1,whisper,1,0,4,BECAUSE (AND (NOT (COMINGOUT Agent[06] WEREWOLF)) (NOT (COMINGOUT Agent[14] WEREWOLF)) (DAY 1 (Agent[06] DIVINED Agent[14] WEREWOLF))) (ESTIMATE Agent[06] POSSESSED)
1,whisper,2,0,7,BECAUSE (AND (NOT (COMINGOUT Agent[06] WEREWOLF)) (NOT (COMINGOUT Agent[14] WEREWOLF)) (DAY 1 (Agent[06] DIVINED Agent[14] WEREWOLF))) (ESTIMATE Agent[06] POSSESSED)
1,whisper,3,1,3,BECAUSE (Agent[11] COMINGOUT Agent[11] MEDIUM) (ATTACK Agent[11])
1,whisper,4,1,7,BECAUSE (Agent[11] COMINGOUT Agent[11] MEDIUM) (ATTACK Agent[11])
1,whisper,5,1,4,BECAUSE (Agent[11] COMINGOUT Agent[11] MEDIUM) (ATTACK Agent[11])
1,whisper,6,2,7,Skip
1,whisper,7,2,3,Skip
1,whisper,8,2,4,Skip
1,whisper,9,3,7,Skip
1,whisper,10,3,4,Skip
1,whisper,11,3,3,Skip
1,whisper,12,4,7,Over
1,whisper,13,4,3,Over
1,whisper,14,4,4,Over
1,guard,9,6,POSSESSED
1,attack,12,true
2,status,1,VILLAGER,ALIVE,Sample9
2,status,2,VILLAGER,ALIVE,Sample12
2,status,3,WEREWOLF,ALIVE,Sample8
2,status,4,WEREWOLF,ALIVE,Sample11
2,status,5,VILLAGER,ALIVE,Sample7
2,status,6,POSSESSED,ALIVE,Sample10
2,status,7,WEREWOLF,ALIVE,Sample6
2,status,8,VILLAGER,ALIVE,Sample5
2,status,9,BODYGUARD,ALIVE,Sample4
2,status,10,VILLAGER,ALIVE,Sample3
2,status,11,MEDIUM,ALIVE,Sample14
2,status,12,VILLAGER,DEAD,Sample2
2,status,13,VILLAGER,ALIVE,Sample13
2,status,14,SEER,ALIVE,Sample1
2,status,15,VILLAGER,DEAD,cash_dqn
2,talk,0,0,1,BECAUSE (AND (ANY ATTACKED Agent[12]) (DAY 1 (Agent[07] DIVINED Agent[12] WEREWOLF))) (XOR (ESTIMATE Agent[07] WEREWOLF) (ESTIMATE Agent[07] POSSESSED))
2,talk,1,0,6,DAY 2 (DIVINED Agent[07] HUMAN)
2,talk,2,0,10,BECAUSE (AND (ANY ATTACKED Agent[12]) (DAY 1 (Agent[07] DIVINED Agent[12] WEREWOLF))) (XOR (ESTIMATE Agent[07] WEREWOLF) (ESTIMATE Agent[07] POSSESSED))
2,talk,3,0,4,ESTIMATE Agent[09] WEREWOLF
2,talk,4,0,14,DAY 2 (DIVINED Agent[06] HUMAN)
2,talk,5,0,8,BECAUSE (AND (ANY ATTACKED Agent[12]) (DAY 1 (Agent[07] DIVINED Agent[12] WEREWOLF))) (XOR (ESTIMATE Agent[07] WEREWOLF) (ESTIMATE Agent[07] POSSESSED))
2,talk,6,0,11,DAY 2 (IDENTIFIED Agent[15] HUMAN)
2,talk,7,0,3,IDENTIFIED Agent[15] WEREWOLF
2,talk,8,0,2,BECAUSE (AND (ANY ATTACKED Agent[12]) (DAY 1 (Agent[07] DIVINED Agent[12] WEREWOLF))) (XOR (ESTIMATE Agent[07] WEREWOLF) (ESTIMATE Agent[07] POSSESSED))
2,talk,9,0,7,DIVINED Agent[01] HUMAN
2,talk,10,0,9,BECAUSE (AND (ANY ATTACKED Agent[12]) (DAY 1 (Agent[07] DIVINED Agent[12] WEREWOLF))) (XOR (ESTIMATE Agent[07] WEREWOLF) (ESTIMATE Agent[07] POSSESSED))
2,talk,11,0,13,BECAUSE (AND (ANY ATTACKED Agent[12]) (DAY 1 (Agent[07] DIVINED Agent[12] WEREWOLF))) (XOR (ESTIMATE Agent[07] WEREWOLF) (ESTIMATE Agent[07] POSSESSED))
2,talk,12,0,5,BECAUSE (AND (ANY ATTACKED Agent[12]) (DAY 1 (Agent[07] DIVINED Agent[12] WEREWOLF))) (XOR (ESTIMATE Agent[07] WEREWOLF) (ESTIMATE Agent[07] POSSESSED))
2,talk,13,1,10,Skip
2,talk,14,1,8,Skip
2,talk,15,1,2,Skip
2,talk,16,1,9,Skip
2,talk,17,1,13,Skip
2,talk,18,1,6,BECAUSE (DAY 1 (DIVINED Agent[14] WEREWOLF)) (REQUEST ANY (VOTE Agent[14]))
2,talk,19,1,4,Skip
2,talk,20,1,7,ESTIMATE Agent[14] WEREWOLF
2,talk,21,1,3,ESTIMATE Agent[11] WEREWOLF
2,talk,22,1,1,Skip
2,talk,23,1,5,Skip
2,talk,24,1,14,BECAUSE (AND (AND (COMINGOUT Agent[14] SEER) (Agent[06] COMINGOUT Agent[06] SEER)) (DIVINED Agent[06] HUMAN)) (ESTIMATE Agent[06] POSSESSED)
2,talk,25,1,11,BECAUSE (AND (COMINGOUT Agent[11] MEDIUM) (Agent[03] COMINGOUT Agent[03] MEDIUM)) (XOR (ESTIMATE Agent[03] WEREWOLF) (ESTIMATE Agent[03] POSSESSED))
2,talk,26,2,9,BECAUSE (XOR (ESTIMATE Agent[07] WEREWOLF) (ESTIMATE Agent[07] POSSESSED)) (VOTE Agent[07])
2,talk,27,2,8,BECAUSE (XOR (ESTIMATE Agent[07] WEREWOLF) (ESTIMATE Agent[07] POSSESSED)) (VOTE Agent[07])
2,talk,28,2,10,BECAUSE (XOR (ESTIMATE Agent[07] WEREWOLF) (ESTIMATE Agent[07] POSSESSED)) (VOTE Agent[07])
2,talk,29,2,3,VOTE Agent[11]
2,talk,30,2,7,VOTE Agent[14]
2,talk,31,2,1,BECAUSE (XOR (ESTIMATE Agent[07] WEREWOLF) (ESTIMATE Agent[07] POSSESSED)) (VOTE Agent[07])
2,talk,32,2,11,BECAUSE (XOR (ESTIMATE Agent[03] WEREWOLF) (ESTIMATE Agent[03] POSSESSED)) (VOTE Agent[03])
2,talk,33,2,6,INQUIRE ANY (VOTE Agent[14])
2,talk,34,2,14,BECAUSE (AND (COMINGOUT Agent[14] SEER) (Agent[07] COMINGOUT Agent[07] SEER)) (XOR (ESTIMATE Agent[07] WEREWOLF) (ESTIMATE Agent[07] POSSESSED))
2,talk,35,2,5,BECAUSE (XOR (ESTIMATE Agent[07] WEREWOLF) (ESTIMATE Agent[07] POSSESSED)) (VOTE Agent[07])
2,talk,36,2,13,BECAUSE (XOR (ESTIMATE Agent[07] WEREWOLF) (ESTIMATE Agent[07] POSSESSED)) (VOTE Agent[07])
2,talk,37,2,2,BECAUSE (XOR (ESTIMATE Agent[07] WEREWOLF) (ESTIMATE Agent[07] POSSESSED)) (VOTE Agent[07])
2,talk,38,2,4,VOTE Agent[09]
2,talk,39,3,13,Skip
2,talk,40,3,5,Skip
2,talk,41,3,3,Skip
2,talk,42,3,14,BECAUSE (XOR (ESTIMATE Agent[07] WEREWOLF) (ESTIMATE Agent[07] POSSESSED)) (VOTE Agent[07])
2,talk,43,3,9,Skip
2,talk,44,3,7,Skip
2,talk,45,3,4,Skip
2,talk,46,3,11,Skip
2,talk,47,3,1,Skip
2,talk,48,3,8,Skip
2,talk,49,3,2,Skip
2,talk,50,3,6,BECAUSE (DIVINED Agent[14] WEREWOLF) (VOTE Agent[14])
2,talk,51,3,10,Skip
2,talk,52,4,4,Skip
2,talk,53,4,11,Skip
2,talk,54,4,8,Skip
2,talk,55,4,9,Skip
2,talk,56,4,2,Skip
2,talk,57,4,14,Skip
2,talk,58,4,6,Skip
2,talk,59,4,13,Skip
2,talk,60,4,3,Skip
2,talk,61,4,1,Skip
2,talk,62,4,10,Skip
2,talk,63,4,5,Skip
2,talk,64,4,7,Skip
2,talk,65,5,3,Over
2,talk,66,5,5,Over
2,talk,67,5,10,Over
2,talk,68,5,9,Over
2,talk,69,5,13,Over
2,talk,70,5,2,Over
2,talk,71,5,8,Over
2,talk,72,5,6,Skip
2,talk,73,5,1,Over
2,talk,74,5,7,Over
2,talk,75,5,11,Over
2,talk,76,5,4,Over
2,talk,77,5,14,Skip
2,talk,78,6,8,Over
2,talk,79,6,13,Over
2,talk,80,6,4,Over
2,talk,81,6,2,Over
2,talk,82,6,1,Over
2,talk,83,6,9,Over
2,talk,84,6,10,Over
2,talk,85,6,7,Over
2,talk,86,6,5,Over
2,talk,87,6,3,Over
2,talk,88,6,14,Over
2,talk,89,6,6,Over
2,talk,90,6,11,Over
2,vote,1,7
2,vote,2,7
2,vote,3,11
2,vote,4,9
2,vote,5,7
2,vote,6,14
2,vote,7,14
2,vote,8,7
2,vote,9,7
2,vote,10,7
2,vote,11,3
2,vote,13,7
2,vote,14,7
2,execute,7,WEREWOLF
2,whisper,0,0,4,BECAUSE (Agent[14] COMINGOUT Agent[14] SEER) (ATTACK Agent[14])
2,whisper,1,0,3,BECAUSE (Agent[14] COMINGOUT Agent[14] SEER) (ATTACK Agent[14])
2,whisper,2,1,4,Skip
2,whisper,3,1,3,Skip
2,whisper,4,2,4,Skip
2,whisper,5,2,3,Skip
2,whisper,6,3,3,Over
2,whisper,7,3,4,Over
2,guard,9,6,POSSESSED
2,attack,13,true
3,status,1,VILLAGER,ALIVE,Sample9
3,status,2,VILLAGER,ALIVE,Sample12
3,status,3,WEREWOLF,ALIVE,Sample8
3,status,4,WEREWOLF,ALIVE,Sample11
3,status,5,VILLAGER,ALIVE,Sample7
3,status,6,POSSESSED,ALIVE,Sample10
3,status,7,WEREWOLF,DEAD,Sample6
3,status,8,VILLAGER,ALIVE,Sample5
3,status,9,BODYGUARD,ALIVE,Sample4
3,status,10,VILLAGER,ALIVE,Sample3
3,status,11,MEDIUM,ALIVE,Sample14
3,status,12,VILLAGER,DEAD,Sample2
3,status,13,VILLAGER,DEAD,Sample13
3,status,14,SEER,ALIVE,Sample1
3,status,15,VILLAGER,DEAD,cash_dqn
3,talk,0,0,9,Skip
3,talk,1,0,1,Skip
3,talk,2,0,10,Skip
3,talk,3,0,11,DAY 3 (IDENTIFIED Agent[07] WEREWOLF)
3,talk,4,0,3,IDENTIFIED Agent[07] HUMAN
3,talk,5,0,6,DAY 3 (DIVINED Agent[09] HUMAN)
3,talk,6,0,4,ESTIMATE Agent[05] WEREWOLF
3,talk,7,0,14,Skip
3,talk,8,0,8,Skip
3,talk,9,0,2,Skip
3,talk,10,0,5,Skip
3,talk,11,1,6,BECAUSE (DAY 1 (DIVINED Agent[14] WEREWOLF)) (REQUEST ANY (VOTE Agent[14]))
3,talk,12,1,5,Skip
3,talk,13,1,4,Skip
3,talk,14,1,8,Skip
3,talk,15,1,9,Skip
3,talk,16,1,1,Skip
3,talk,17,1,11,BECAUSE (AND (DAY 3 (IDENTIFIED Agent[07] WEREWOLF)) (DAY 2 (Agent[06] DIVINED Agent[07] HUMAN))) (XOR (ESTIMATE Agent[06] WEREWOLF) (ESTIMATE Agent[06] POSSESSED))
3,talk,18,1,3,ESTIMATE Agent[11] WEREWOLF
3,talk,19,1,10,Skip
3,talk,20,1,14,Skip
3,talk,21,1,2,Skip
3,talk,22,2,2,VOTE Agent[08]
3,talk,23,2,1,VOTE Agent[02]
3,talk,24,2,3,VOTE Agent[11]
3,talk,25,2,6,INQUIRE ANY (VOTE Agent[14])
3,talk,26,2,9,VOTE Agent[06]
3,talk,27,2,8,VOTE Agent[03]
3,talk,28,2,11,BECAUSE (XOR (ESTIMATE Agent[06] WEREWOLF) (ESTIMATE Agent[06] POSSESSED)) (VOTE Agent[06])
3,talk,29,2,5,VOTE Agent[14]
3,talk,30,2,10,VOTE Agent[05]
3,talk,31,2,14,VOTE Agent[03]
3,talk,32,2,4,VOTE Agent[05]
3,talk,33,3,6,BECAUSE (DIVINED Agent[14] WEREWOLF) (VOTE Agent[14])
3,talk,34,3,8,Skip
3,talk,35,3,9,Skip
3,talk,36,3,2,Skip
3,talk,37,3,3,Skip
3,talk,38,3,14,Skip
3,talk,39,3,11,Skip
3,talk,40,3,4,Skip
3,talk,41,3,10,Skip
3,talk,42,3,1,Skip
3,talk,43,3,5,Skip
3,talk,44,4,4,Skip
3,talk,45,4,5,Skip
3,talk,46,4,3,Skip
3,talk,47,4,14,Skip
3,talk,48,4,6,Skip
3,talk,49,4,8,Skip
3,talk,50,4,11,Skip
3,talk,51,4,10,Skip
3,talk,52,4,9,Skip
3,talk,53,4,1,Skip
3,talk,54,4,2,Skip
3,talk,55,5,10,Over
3,talk,56,5,6,Skip
3,talk,57,5,9,Over
3,talk,58,5,1,Over
3,talk,59,5,3,Over
3,talk,60,5,5,Over
3,talk,61,5,8,Over
3,talk,62,5,2,Over
3,talk,63,5,11,Over
3,talk,64,5,4,Over
3,talk,65,5,14,Over
3,talk,66,6,11,Over
3,talk,67,6,9,Over
3,talk,68,6,14,Over
3,talk,69,6,1,Over
3,talk,70,6,6,Over
3,talk,71,6,2,Over
3,talk,72,6,10,Over
3,talk,73,6,8,Over
3,talk,74,6,5,Over
3,talk,75,6,3,Over
3,talk,76,6,4,Over
3,vote,1,2
3,vote,2,8
3,vote,3,11
3,vote,4,5
3,vote,5,14
3,vote,6,14
3,vote,8,3
3,vote,9,6
3,vote,10,5
3,vote,11,6
3,vote,14,3
3,vote,1,2
3,vote,2,8
3,vote,3,11
3,vote,4,5
3,vote,5,14
3,vote,6,14
3,vote,8,3
3,vote,9,6
3,vote,10,5
3,vote,11,6
3,vote,14,3
3,execute,3,WEREWOLF
3,divine,14,9,HUMAN
3,guard,9,14,SEER
3,attackVote,4,14
3,attack,14,false
4,status,1,VILLAGER,ALIVE,Sample9
4,status,2,VILLAGER,ALIVE,Sample12
4,status,3,WEREWOLF,DEAD,Sample8
4,status,4,WEREWOLF,ALIVE,Sample11
4,status,5,VILLAGER,ALIVE,Sample7
4,status,6,POSSESSED,ALIVE,Sample10
4,status,7,WEREWOLF,DEAD,Sample6
4,status,8,VILLAGER,ALIVE,Sample5
4,status,9,BODYGUARD,ALIVE,Sample4
4,status,10,VILLAGER,ALIVE,Sample3
4,status,11,MEDIUM,ALIVE,Sample14
4,status,12,VILLAGER,DEAD,Sample2
4,status,13,VILLAGER,DEAD,Sample13
4,status,14,SEER,ALIVE,Sample1
4,status,15,VILLAGER,DEAD,cash_dqn
4,talk,0,0,11,DAY 4 (IDENTIFIED Agent[03] WEREWOLF)
4,talk,1,0,2,Skip
4,talk,2,0,1,Skip
4,talk,3,0,9,Skip
4,talk,4,0,8,Skip
4,talk,5,0,14,DAY 4 (DIVINED Agent[09] HUMAN)
4,talk,6,0,6,DAY 4 (DIVINED Agent[04] HUMAN)
4,talk,7,0,10,Skip
4,talk,8,0,4,ESTIMATE Agent[10] WEREWOLF
4,talk,9,0,5,Skip
4,talk,10,1,14,Skip
4,talk,11,1,10,Skip
4,talk,12,1,1,Skip
4,talk,13,1,2,Skip
4,talk,14,1,5,Skip
4,talk,15,1,8,Skip
4,talk,16,1,6,BECAUSE (DAY 1 (DIVINED Agent[14] WEREWOLF)) (REQUEST ANY (VOTE Agent[14]))
4,talk,17,1,11,BECAUSE (AND (DAY 3 (IDENTIFIED Agent[07] WEREWOLF)) (DAY 2 (Agent[06] DIVINED Agent[07] HUMAN))) (XOR (ESTIMATE Agent[06] WEREWOLF) (ESTIMATE Agent[06] POSSESSED))
4,talk,18,1,9,Skip
4,talk,19,1,4,Skip
4,talk,20,2,14,VOTE Agent[13]
4,talk,21,2,4,VOTE Agent[10]
4,talk,22,2,1,VOTE Agent[11]
4,talk,23,2,2,VOTE Agent[08]
4,talk,24,2,6,INQUIRE ANY (VOTE Agent[14])
4,talk,25,2,10,VOTE Agent[11]
4,talk,26,2,8,VOTE Agent[04]
4,talk,27,2,5,VOTE Agent[04]
4,talk,28,2,9,VOTE Agent[04]
4,talk,29,2,11,BECAUSE (XOR (ESTIMATE Agent[06] WEREWOLF) (ESTIMATE Agent[06] POSSESSED)) (VOTE Agent[06])
4,talk,30,3,8,Skip
4,talk,31,3,4,Skip
4,talk,32,3,5,Skip
4,talk,33,3,9,Skip
4,talk,34,3,10,Skip
4,talk,35,3,2,Skip
4,talk,36,3,6,BECAUSE (DIVINED Agent[14] WEREWOLF) (VOTE Agent[14])
4,talk,37,3,14,Skip
4,talk,38,3,11,Skip
4,talk,39,3,1,Skip
4,talk,40,4,1,Skip
4,talk,41,4,14,Skip
4,talk,42,4,2,Skip
4,talk,43,4,8,Skip
4,talk,44,4,9,Skip
4,talk,45,4,5,Skip
4,talk,46,4,10,Skip
4,talk,47,4,6,Skip
4,talk,48,4,4,Skip
4,talk,49,4,11,Skip
4,talk,50,5,2,Over
4,talk,51,5,11,Over
4,talk,52,5,9,Over
4,talk,53,5,10,Over
4,talk,54,5,14,Over
4,talk,55,5,6,Skip
4,talk,56,5,8,Over
4,talk,57,5,1,Over
4,talk,58,5,5,Over
4,talk,59,5,4,Over
4,talk,60,6,5,Over
4,talk,61,6,6,Over
4,talk,62,6,8,Over
4,talk,63,6,14,Over
4,talk,64,6,11,Over
4,talk,65,6,1,Over
4,talk,66,6,10,Over
4,talk,67,6,9,Over
4,talk,68,6,2,Over
4,talk,69,6,4,Over
4,vote,1,11
4,vote,2,8
4,vote,4,10
4,vote,5,4
4,vote,6,14
4,vote,8,4
4,vote,9,4
4,vote,10,11
4,vote,11,6
4,vote,14,5
4,execute,4,WEREWOLF
4,divine,14,8,HUMAN
4,guard,9,14,SEER
5,status,1,VILLAGER,ALIVE,Sample9
5,status,2,VILLAGER,ALIVE,Sample12
5,status,3,WEREWOLF,DEAD,Sample8
5,status,4,WEREWOLF,DEAD,Sample11
5,status,5,VILLAGER,ALIVE,Sample7
5,status,6,POSSESSED,ALIVE,Sample10
5,status,7,WEREWOLF,DEAD,Sample6
5,status,8,VILLAGER,ALIVE,Sample5
5,status,9,BODYGUARD,ALIVE,Sample4
5,status,10,VILLAGER,ALIVE,Sample3
5,status,11,MEDIUM,ALIVE,Sample14
5,status,12,VILLAGER,DEAD,Sample2
5,status,13,VILLAGER,DEAD,Sample13
5,status,14,SEER,ALIVE,Sample1
5,status,15,VILLAGER,DEAD,cash_dqn
5,result,9,0,VILLAGER
