0,status,1,MEDIUM,ALIVE,Sample9
0,status,2,VILLAGER,ALIVE,Sample12
0,status,3,VILLAGER,ALIVE,Sample8
0,status,4,VILLAGER,ALIVE,Sample11
0,status,5,WEREWOLF,ALIVE,Sample7
0,status,6,VILLAGER,ALIVE,Sample10
0,status,7,SEER,ALIVE,Sample6
0,status,8,BODYGUARD,ALIVE,Sample5
0,status,9,POSSESSED,ALIVE,Sample4
0,status,10,VILLAGER,ALIVE,Sample3
0,status,11,VILLAGER,ALIVE,Sample14
0,status,12,WEREWOLF,ALIVE,Sample2
0,status,13,VILLAGER,ALIVE,Sample13
0,status,14,VILLAGER,ALIVE,Sample1
0,status,15,WEREWOLF,ALIVE,cash_dqn
0,whisper,0,0,15,Over
0,whisper,1,0,12,COMINGOUT Agent[12] SEER
0,whisper,2,0,5,COMINGOUT Agent[05] SEER
0,whisper,3,1,15,Over
0,whisper,4,1,5,ATTACK Agent[04]
0,whisper,5,1,12,ATTACK Agent[02]
0,whisper,6,2,12,Skip
0,whisper,7,2,5,Skip
0,whisper,8,2,15,Over
0,whisper,9,3,15,Over
0,whisper,10,3,12,Skip
0,whisper,11,3,5,Skip
0,whisper,12,4,15,Over
0,whisper,13,4,12,Over
0,whisper,14,4,5,Over
0,divine,7,3,HUMAN
1,status,1,MEDIUM,ALIVE,Sample9
1,status,2,VILLAGER,ALIVE,Sample12
1,status,3,VILLAGER,ALIVE,Sample8
1,status,4,VILLAGER,ALIVE,Sample11
1,status,5,WEREWOLF,ALIVE,Sample7
1,status,6,VILLAGER,ALIVE,Sample10
1,status,7,SEER,ALIVE,Sample6
1,status,8,BODYGUARD,ALIVE,Sample5
1,status,9,POSSESSED,ALIVE,Sample4
1,status,10,VILLAGER,ALIVE,Sample3
1,status,11,VILLAGER,ALIVE,Sample14
1,status,12,WEREWOLF,ALIVE,Sample2
1,status,13,VILLAGER,ALIVE,Sample13
1,status,14,VILLAGER,ALIVE,Sample1
1,status,15,WEREWOLF,ALIVE,cash_dqn
1,talk,0,0,9,Skip
1,talk,1,0,3,Skip
1,talk,2,0,6,Skip
1,talk,3,0,2,Skip
1,talk,4,0,11,Skip
1,talk,5,0,5,COMINGOUT Agent[05] SEER
1,talk,6,0,13,Skip
1,talk,7,0,4,Skip
1,talk,8,0,7,Skip
1,talk,9,0,1,COMINGOUT Agent[01] MEDIUM
1,talk,10,0,10,Skip
1,talk,11,0,14,Skip
1,talk,12,0,15,Over
1,talk,13,0,12,ESTIMATE Agent[03] WEREWOLF
1,talk,14,0,8,Skip
1,talk,15,1,6,Skip
1,talk,16,1,7,COMINGOUT Agent[07] SEER
1,talk,17,1,13,Skip
1,talk,18,1,4,Skip
1,talk,19,1,5,ESTIMATE Agent[13] WEREWOLF
1,talk,20,1,9,COMINGOUT Agent[09] SEER
1,talk,21,1,8,Skip
1,talk,22,1,10,Skip
1,talk,23,1,1,Skip
1,talk,24,1,12,Skip
1,talk,25,1,11,Skip
1,talk,26,1,15,Over
1,talk,27,1,2,Skip
1,talk,28,1,14,Skip
1,talk,29,1,3,Skip
1,talk,30,2,9,DAY 1 (DIVINED Agent[05] WEREWOLF)
1,talk,31,2,12,VOTE Agent[03]
1,talk,32,2,3,VOTE Agent[01]
1,talk,33,2,7,DAY 1 (DIVINED Agent[03] HUMAN)
1,talk,34,2,15,Over
1,talk,35,2,13,VOTE Agent[05]
1,talk,36,2,4,VOTE Agent[15]
1,talk,37,2,5,DIVINED Agent[13] WEREWOLF
1,talk,38,2,14,VOTE Agent[09]
1,talk,39,2,11,VOTE Agent[13]
1,talk,40,2,10,VOTE Agent[08]
1,talk,41,2,2,VOTE Agent[13]
1,talk,42,2,6,VOTE Agent[02]
1,talk,43,2,1,VOTE Agent[11]
1,talk,44,2,8,VOTE Agent[09]
1,talk,45,3,13,Skip
1,talk,46,3,7,BECAUSE (AND (COMINGOUT Agent[07] SEER) (Agent[05] COMINGOUT Agent[05] SEER)) (XOR (ESTIMATE Agent[05] WEREWOLF) (ESTIMATE Agent[05] POSSESSED))
1,talk,47,3,3,Skip
1,talk,48,3,5,VOTE Agent[13]
1,talk,49,3,2,Skip
1,talk,50,3,4,Skip
1,talk,51,3,8,Skip
1,talk,52,3,10,Skip
1,talk,53,3,12,Skip
1,talk,54,3,15,Over
1,talk,55,3,1,Skip
1,talk,56,3,14,Skip
1,talk,57,3,6,Skip
1,talk,58,3,11,Skip
1,talk,59,3,9,BECAUSE (DAY 1 (DIVINED Agent[05] WEREWOLF)) (REQUEST ANY (VOTE Agent[05]))
1,talk,60,4,2,Skip
1,talk,61,4,10,Skip
1,talk,62,4,3,Skip
1,talk,63,4,6,Skip
1,talk,64,4,9,INQUIRE ANY (VOTE Agent[05])
1,talk,65,4,12,Skip
1,talk,66,4,5,Skip
1,talk,67,4,15,Over
1,talk,68,4,13,Skip
1,talk,69,4,7,BECAUSE (XOR (ESTIMATE Agent[05] WEREWOLF) (ESTIMATE Agent[05] POSSESSED)) (VOTE Agent[05])
1,talk,70,4,8,Skip
1,talk,71,4,4,Skip
1,talk,72,4,1,Skip
1,talk,73,4,11,Skip
1,talk,74,4,14,Skip
1,talk,75,5,4,Over
1,talk,76,5,5,Skip
1,talk,77,5,7,Skip
1,talk,78,5,3,Over
1,talk,79,5,2,Over
1,talk,80,5,10,Over
1,talk,81,5,14,Over
1,talk,82,5,12,Over
1,talk,83,5,15,Over
1,talk,84,5,8,Over
1,talk,85,5,13,Over
1,talk,86,5,1,Over
1,talk,87,5,6,Over
1,talk,88,5,9,BECAUSE (DIVINED Agent[05] WEREWOLF) (VOTE Agent[05])
1,talk,89,5,11,Over
1,talk,90,6,14,Over
1,talk,91,6,5,Over
1,talk,92,6,7,Skip
1,talk,93,6,4,Over
1,talk,94,6,10,Over
1,talk,95,6,15,Over
1,talk,96,6,1,Over
1,talk,97,6,3,Over
1,talk,98,6,13,Over
1,talk,99,6,8,Over
1,talk,100,6,2,Over
1,talk,101,6,9,Skip
1,talk,102,6,12,Over
1,talk,103,6,11,Over
1,talk,104,6,6,Over
1,talk,105,7,13,Over
1,talk,106,7,8,Over
1,talk,107,7,10,Over
1,talk,108,7,14,Over
1,talk,109,7,3,Over
1,talk,110,7,1,Over
1,talk,111,7,2,Over
1,talk,112,7,4,Over
1,talk,113,7,7,Over
1,talk,114,7,11,Over
1,talk,115,7,5,Over
1,talk,116,7,12,Over
1,talk,117,7,15,Over
1,talk,118,7,6,Over
1,talk,119,7,9,Skip
1,talk,120,8,6,Over
1,talk,121,8,8,Over
1,talk,122,8,1,Over
1,talk,123,8,15,Over
1,talk,124,8,3,Over
1,talk,125,8,14,Over
1,talk,126,8,7,Over
1,talk,127,8,5,Over
1,talk,128,8,4,Over
1,talk,129,8,11,Over
1,talk,130,8,9,Over
1,talk,131,8,10,Over
1,talk,132,8,12,Over
1,talk,133,8,13,Over
1,talk,134,8,2,Over
1,vote,1,11
1,vote,2,13
1,vote,3,1
1,vote,4,15
1,vote,5,13
1,vote,6,2
1,vote,7,5
1,vote,8,9
1,vote,9,5
1,vote,10,8
1,vote,11,13
1,vote,12,3
1,vote,13,5
1,vote,14,9
1,vote,15,1
1,vote,1,11
1,vote,2,13
1,vote,3,1
1,vote,4,15
1,vote,5,13
1,vote,6,2
1,vote,7,5
1,vote,8,9
1,vote,9,5
1,vote,10,8
1,vote,11,13
1,vote,12,3
1,vote,13,5
1,vote,14,9
1,vote,15,3
1,execute,5,WEREWOLF
1,divine,7,9,HUMAN
1,whisper,0,0,15,Over
1,whisper,1,0,12,COMINGOUT Agent[12] VILLAGER
1,whisper,2,1,12,BECAUSE (Agent[07] COMINGOUT Agent[07] SEER) (ATTACK Agent[07])
1,whisper,3,1,15,Over
1,whisper,4,2,12,Skip
1,whisper,5,2,15,Over
1,whisper,6,3,12,Skip
1,whisper,7,3,15,Over
1,whisper,8,4,12,Over
1,whisper,9,4,15,Over
1,guard,8,7,SEER
1,attackVote,15,1
1,attack,1,true
2,status,1,MEDIUM,DEAD,Sample9
2,status,2,VILLAGER,ALIVE,Sample12
2,status,3,VILLAGER,ALIVE,Sample8
2,status,4,VILLAGER,ALIVE,Sample11
2,status,5,WEREWOLF,DEAD,Sample7
2,status,6,VILLAGER,ALIVE,Sample10
2,status,7,SEER,ALIVE,Sample6
2,status,8,BODYGUARD,ALIVE,Sample5
2,status,9,POSSESSED,ALIVE,Sample4
2,status,10,VILLAGER,ALIVE,Sample3
2,status,11,VILLAGER,ALIVE,Sample14
2,status,12,WEREWOLF,ALIVE,Sample2
2,status,13,VILLAGER,ALIVE,Sample13
2,status,14,VILLAGER,ALIVE,Sample1
2,status,15,WEREWOLF,ALIVE,cash_dqn
2,talk,0,0,11,Skip
2,talk,1,0,10,Skip
2,talk,2,0,12,ESTIMATE Agent[04] WEREWOLF
2,talk,3,0,6,Skip
2,talk,4,0,2,Skip
2,talk,5,0,13,Skip
2,talk,6,0,8,Skip
2,talk,7,0,7,DAY 2 (DIVINED Agent[09] HUMAN)
2,talk,8,0,9,DAY 2 (DIVINED Agent[03] HUMAN)
2,talk,9,0,14,Skip
2,talk,10,0,4,Skip
2,talk,11,0,3,Skip
2,talk,12,0,15,Over
2,talk,13,1,8,Skip
2,talk,14,1,14,Skip
2,talk,15,1,15,Over
2,talk,16,1,12,Skip
2,talk,17,1,7,BECAUSE (AND (AND (COMINGOUT Agent[07] SEER) (Agent[09] COMINGOUT Agent[09] SEER)) (DIVINED Agent[09] HUMAN)) (ESTIMATE Agent[09] POSSESSED)
2,talk,18,1,10,Skip
2,talk,19,1,11,Skip
2,talk,20,1,2,Skip
2,talk,21,1,13,Skip
2,talk,22,1,3,Skip
2,talk,23,1,4,Skip
2,talk,24,1,9,BECAUSE (AND (COMINGOUT Agent[09] SEER) (Agent[07] COMINGOUT Agent[07] SEER)) (XOR (ESTIMATE Agent[07] WEREWOLF) (ESTIMATE Agent[07] POSSESSED))
2,talk,25,1,6,Skip
2,talk,26,2,9,BECAUSE (XOR (ESTIMATE Agent[07] WEREWOLF) (ESTIMATE Agent[07] POSSESSED)) (VOTE Agent[07])
2,talk,27,2,8,VOTE Agent[10]
2,talk,28,2,4,VOTE Agent[12]
2,talk,29,2,10,VOTE Agent[15]
2,talk,30,2,12,VOTE Agent[04]
2,talk,31,2,6,VOTE Agent[08]
2,talk,32,2,7,VOTE Agent[13]
2,talk,33,2,14,VOTE Agent[15]
2,talk,34,2,15,Over
2,talk,35,2,3,VOTE Agent[13]
2,talk,36,2,11,VOTE Agent[02]
2,talk,37,2,13,VOTE Agent[09]
2,talk,38,2,2,VOTE Agent[03]
2,talk,39,3,14,Skip
2,talk,40,3,3,Skip
2,talk,41,3,10,Skip
2,talk,42,3,2,Skip
2,talk,43,3,11,Skip
2,talk,44,3,8,Skip
2,talk,45,3,12,Skip
2,talk,46,3,6,Skip
2,talk,47,3,9,Skip
2,talk,48,3,4,Skip
2,talk,49,3,7,Skip
2,talk,50,3,15,Over
2,talk,51,3,13,Skip
2,talk,52,4,11,Skip
2,talk,53,4,14,Skip
2,talk,54,4,7,Skip
2,talk,55,4,4,Skip
2,talk,56,4,12,Skip
2,talk,57,4,3,Skip
2,talk,58,4,13,Skip
2,talk,59,4,2,Skip
2,talk,60,4,6,Skip
2,talk,61,4,8,Skip
2,talk,62,4,10,Skip
2,talk,63,4,15,Over
2,talk,64,4,9,Skip
2,talk,65,5,8,Over
2,talk,66,5,3,Over
2,talk,67,5,10,Over
2,talk,68,5,9,Over
2,talk,69,5,2,Over
2,talk,70,5,7,Over
2,talk,71,5,6,Over
2,talk,72,5,13,Over
2,talk,73,5,11,Over
2,talk,74,5,15,Over
2,talk,75,5,14,Over
2,talk,76,5,4,Over
2,talk,77,5,12,Over
2,vote,2,3
2,vote,3,13
2,vote,4,12
2,vote,6,8
2,vote,7,13
2,vote,8,10
2,vote,9,7
2,vote,10,15
2,vote,11,2
2,vote,12,4
2,vote,13,9
2,vote,14,15
2,vote,15,4
2,vote,2,3
2,vote,3,13
2,vote,4,12
2,vote,6,8
2,vote,7,13
2,vote,8,10
2,vote,9,7
2,vote,10,15
2,vote,11,2
2,vote,12,4
2,vote,13,9
2,vote,14,15
2,vote,15,8
2,execute,13,VILLAGER
2,divine,7,2,HUMAN
2,whisper,0,0,12,BECAUSE (Agent[09] COMINGOUT Agent[09] SEER) (ATTACK Agent[09])
2,whisper,1,0,15,Over
2,whisper,2,1,12,Skip
2,whisper,3,1,15,Over
2,whisper,4,2,15,Over
2,whisper,5,2,12,Skip
2,whisper,6,3,12,Over
2,whisper,7,3,15,Over
2,guard,8,9,POSSESSED
2,attackVote,15,11
2,attack,11,true
3,status,1,MEDIUM,DEAD,Sample9
3,status,2,VILLAGER,ALIVE,Sample12
3,status,3,VILLAGER,ALIVE,Sample8
3,status,4,VILLAGER,ALIVE,Sample11
3,status,5,WEREWOLF,DEAD,Sample7
3,status,6,VILLAGER,ALIVE,Sample10
3,status,7,SEER,ALIVE,Sample6
3,status,8,BODYGUARD,ALIVE,Sample5
3,status,9,POSSESSED,ALIVE,Sample4
3,status,10,VILLAGER,ALIVE,Sample3
3,status,11,VILLAGER,DEAD,Sample14
3,status,12,WEREWOLF,ALIVE,Sample2
3,status,13,VILLAGER,DEAD,Sample13
3,status,14,VILLAGER,ALIVE,Sample1
3,status,15,WEREWOLF,ALIVE,cash_dqn
3,talk,0,0,3,Skip
3,talk,1,0,6,Skip
3,talk,2,0,15,Over
3,talk,3,0,8,Skip
3,talk,4,0,14,Skip
3,talk,5,0,7,DAY 3 (DIVINED Agent[02] HUMAN)
3,talk,6,0,10,Skip
3,talk,7,0,12,ESTIMATE Agent[06] WEREWOLF
3,talk,8,0,9,DAY 3 (DIVINED Agent[06] HUMAN)
3,talk,9,0,4,Skip
3,talk,10,0,2,Skip
3,talk,11,1,10,Skip
3,talk,12,1,3,Skip
3,talk,13,1,2,Skip
3,talk,14,1,12,Skip
3,talk,15,1,4,Skip
3,talk,16,1,6,Skip
3,talk,17,1,9,BECAUSE (AND (COMINGOUT Agent[09] SEER) (Agent[07] COMINGOUT Agent[07] SEER)) (XOR (ESTIMATE Agent[07] WEREWOLF) (ESTIMATE Agent[07] POSSESSED))
3,talk,18,1,15,Over
3,talk,19,1,7,Skip
3,talk,20,1,14,Skip
3,talk,21,1,8,Skip
3,talk,22,2,7,VOTE Agent[01]
3,talk,23,2,12,VOTE Agent[06]
3,talk,24,2,8,VOTE Agent[09]
3,talk,25,2,4,VOTE Agent[07]
3,talk,26,2,2,VOTE Agent[09]
3,talk,27,2,15,Over
3,talk,28,2,10,VOTE Agent[14]
3,talk,29,2,14,VOTE Agent[10]
3,talk,30,2,9,BECAUSE (XOR (ESTIMATE Agent[07] WEREWOLF) (ESTIMATE Agent[07] POSSESSED)) (VOTE Agent[07])
3,talk,31,2,6,VOTE Agent[08]
3,talk,32,2,3,VOTE Agent[14]
3,talk,33,3,15,Over
3,talk,34,3,9,Skip
3,talk,35,3,3,Skip
3,talk,36,3,7,Skip
3,talk,37,3,4,Skip
3,talk,38,3,10,Skip
3,talk,39,3,8,Skip
3,talk,40,3,6,Skip
3,talk,41,3,12,Skip
3,talk,42,3,14,Skip
3,talk,43,3,2,Skip
3,talk,44,4,12,Skip
3,talk,45,4,2,Skip
3,talk,46,4,10,Skip
3,talk,47,4,15,Over
3,talk,48,4,6,Skip
3,talk,49,4,3,Skip
3,talk,50,4,7,Skip
3,talk,51,4,14,Skip
3,talk,52,4,8,Skip
3,talk,53,4,9,Skip
3,talk,54,4,4,Skip
3,talk,55,5,9,Over
3,talk,56,5,14,Over
3,talk,57,5,3,Over
3,talk,58,5,6,Over
3,talk,59,5,4,Over
3,talk,60,5,12,Over
3,talk,61,5,15,Over
3,talk,62,5,2,Over
3,talk,63,5,10,Over
3,talk,64,5,7,Over
3,talk,65,5,8,Over
3,vote,2,9
3,vote,3,14
3,vote,4,7
3,vote,6,8
3,vote,7,3
3,vote,8,9
3,vote,9,7
3,vote,10,14
3,vote,12,6
3,vote,14,10
3,vote,15,4
3,vote,2,9
3,vote,3,14
3,vote,4,7
3,vote,6,8
3,vote,7,15
3,vote,8,9
3,vote,9,7
3,vote,10,14
3,vote,12,6
3,vote,14,10
3,vote,15,9
3,execute,9,POSSESSED
3,divine,7,6,HUMAN
3,whisper,0,0,15,Over
3,whisper,1,0,12,BECAUSE (Agent[07] COMINGOUT Agent[07] SEER) (ATTACK Agent[07])
3,whisper,2,1,15,Over
3,whisper,3,1,12,Skip
3,whisper,4,2,12,Skip
3,whisper,5,2,15,Over
3,whisper,6,3,12,Over
3,whisper,7,3,15,Over
3,guard,8,7,SEER
3,attackVote,15,6
3,attack,6,true
4,status,1,MEDIUM,DEAD,Sample9
4,status,2,VILLAGER,ALIVE,Sample12
4,status,3,VILLAGER,ALIVE,Sample8
4,status,4,VILLAGER,ALIVE,Sample11
4,status,5,WEREWOLF,DEAD,Sample7
4,status,6,VILLAGER,DEAD,Sample10
4,status,7,SEER,ALIVE,Sample6
4,status,8,BODYGUARD,ALIVE,Sample5
4,status,9,POSSESSED,DEAD,Sample4
4,status,10,VILLAGER,ALIVE,Sample3
4,status,11,VILLAGER,DEAD,Sample14
4,status,12,WEREWOLF,ALIVE,Sample2
4,status,13,VILLAGER,DEAD,Sample13
4,status,14,VILLAGER,ALIVE,Sample1
4,status,15,WEREWOLF,ALIVE,cash_dqn
4,talk,0,0,12,ESTIMATE Agent[14] WEREWOLF
4,talk,1,0,14,Skip
4,talk,2,0,7,DAY 4 (DIVINED Agent[06] HUMAN)
4,talk,3,0,10,Skip
4,talk,4,0,8,Skip
4,talk,5,0,4,Skip
4,talk,6,0,2,Skip
4,talk,7,0,3,Skip
4,talk,8,0,15,Over
4,talk,9,1,2,Skip
4,talk,10,1,7,Skip
4,talk,11,1,3,Skip
4,talk,12,1,8,Skip
4,talk,13,1,14,Skip
4,talk,14,1,12,Skip
4,talk,15,1,15,Over
4,talk,16,1,4,Skip
4,talk,17,1,10,Skip
4,talk,18,2,12,VOTE Agent[14]
4,talk,19,2,7,VOTE Agent[13]
4,talk,20,2,2,VOTE Agent[15]
4,talk,21,2,3,VOTE Agent[02]
4,talk,22,2,14,VOTE Agent[08]
4,talk,23,2,4,VOTE Agent[03]
4,talk,24,2,15,Over
4,talk,25,2,10,VOTE Agent[07]
4,talk,26,2,8,VOTE Agent[02]
4,talk,27,3,4,Skip
4,talk,28,3,15,Over
4,talk,29,3,14,Skip
4,talk,30,3,10,Skip
4,talk,31,3,7,Skip
4,talk,32,3,3,Skip
4,talk,33,3,2,Skip
4,talk,34,3,12,Skip
4,talk,35,3,8,Skip
4,talk,36,4,10,Skip
4,talk,37,4,7,Skip
4,talk,38,4,14,Skip
4,talk,39,4,3,Skip
4,talk,40,4,4,Skip
4,talk,41,4,15,Over
4,talk,42,4,2,Skip
4,talk,43,4,8,Skip
4,talk,44,4,12,Skip
4,talk,45,5,8,Over
4,talk,46,5,4,Over
4,talk,47,5,15,Over
4,talk,48,5,7,Over
4,talk,49,5,3,Over
4,talk,50,5,14,Over
4,talk,51,5,10,Over
4,talk,52,5,12,Over
4,talk,53,5,2,Over
4,vote,2,15
4,vote,3,2
4,vote,4,3
4,vote,7,14
4,vote,8,2
4,vote,10,7
4,vote,12,14
4,vote,14,8
4,vote,15,2
4,execute,2,VILLAGER
4,divine,7,15,WEREWOLF
4,whisper,0,0,15,Over
4,whisper,1,0,12,BECAUSE (Agent[07] COMINGOUT Agent[07] SEER) (ATTACK Agent[07])
4,whisper,2,1,12,Skip
4,whisper,3,1,15,Over
4,whisper,4,2,12,Skip
4,whisper,5,2,15,Over
4,whisper,6,3,15,Over
4,whisper,7,3,12,Over
4,guard,8,7,SEER
4,attackVote,15,7
4,attack,7,false
5,status,1,MEDIUM,DEAD,Sample9
5,status,2,VILLAGER,DEAD,Sample12
5,status,3,VILLAGER,ALIVE,Sample8
5,status,4,VILLAGER,ALIVE,Sample11
5,status,5,WEREWOLF,DEAD,Sample7
5,status,6,VILLAGER,DEAD,Sample10
5,status,7,SEER,ALIVE,Sample6
5,status,8,BODYGUARD,ALIVE,Sample5
5,status,9,POSSESSED,DEAD,Sample4
5,status,10,VILLAGER,ALIVE,Sample3
5,status,11,VILLAGER,DEAD,Sample14
5,status,12,WEREWOLF,ALIVE,Sample2
5,status,13,VILLAGER,DEAD,Sample13
5,status,14,VILLAGER,ALIVE,Sample1
5,status,15,WEREWOLF,ALIVE,cash_dqn
5,talk,0,0,15,Over
5,talk,1,0,10,Skip
5,talk,2,0,4,Skip
5,talk,3,0,12,ESTIMATE Agent[14] WEREWOLF
5,talk,4,0,7,DAY 5 (DIVINED Agent[15] WEREWOLF)
5,talk,5,0,14,Skip
5,talk,6,0,3,Skip
5,talk,7,0,8,Skip
5,talk,8,1,10,Skip
5,talk,9,1,7,BECAUSE (DAY 5 (DIVINED Agent[15] WEREWOLF)) (REQUEST ANY (VOTE Agent[15]))
5,talk,10,1,4,Skip
5,talk,11,1,3,Skip
5,talk,12,1,12,Skip
5,talk,13,1,8,Skip
5,talk,14,1,15,Over
5,talk,15,1,14,Skip
5,talk,16,2,8,VOTE Agent[04]
5,talk,17,2,10,VOTE Agent[12]
5,talk,18,2,15,Over
5,talk,19,2,12,VOTE Agent[14]
5,talk,20,2,7,INQUIRE ANY (VOTE Agent[15])
5,talk,21,2,4,VOTE Agent[08]
5,talk,22,2,3,VOTE Agent[07]
5,talk,23,2,14,VOTE Agent[15]
5,talk,24,3,3,Skip
5,talk,25,3,10,Skip
5,talk,26,3,12,Skip
5,talk,27,3,14,Skip
5,talk,28,3,4,Skip
5,talk,29,3,8,Skip
5,talk,30,3,15,Over
5,talk,31,3,7,BECAUSE (DIVINED Agent[15] WEREWOLF) (VOTE Agent[15])
5,talk,32,4,4,Skip
5,talk,33,4,8,Skip
5,talk,34,4,15,Over
5,talk,35,4,7,Skip
5,talk,36,4,12,Skip
5,talk,37,4,3,Skip
5,talk,38,4,14,Skip
5,talk,39,4,10,Skip
5,talk,40,5,14,Over
5,talk,41,5,12,Over
5,talk,42,5,3,Over
5,talk,43,5,10,Over
5,talk,44,5,4,Over
5,talk,45,5,8,Over
5,talk,46,5,7,Skip
5,talk,47,5,15,Over
5,talk,48,6,8,Over
5,talk,49,6,10,Over
5,talk,50,6,7,Over
5,talk,51,6,14,Over
5,talk,52,6,3,Over
5,talk,53,6,4,Over
5,talk,54,6,15,Over
5,talk,55,6,12,Over
5,vote,3,7
5,vote,4,8
5,vote,7,15
5,vote,8,4
5,vote,10,12
5,vote,12,14
5,vote,14,15
5,vote,15,7
5,vote,3,7
5,vote,4,8
5,vote,7,15
5,vote,8,4
5,vote,10,12
5,vote,12,14
5,vote,14,15
5,vote,15,3
5,execute,15,WEREWOLF
5,divine,7,12,WEREWOLF
5,guard,8,7,SEER
5,attackVote,12,7
5,attack,7,false
6,status,1,MEDIUM,DEAD,Sample9
6,status,2,VILLAGER,DEAD,Sample12
6,status,3,VILLAGER,ALIVE,Sample8
6,status,4,VILLAGER,ALIVE,Sample11
6,status,5,WEREWOLF,DEAD,Sample7
6,status,6,VILLAGER,DEAD,Sample10
6,status,7,SEER,ALIVE,Sample6
6,status,8,BODYGUARD,ALIVE,Sample5
6,status,9,POSSESSED,DEAD,Sample4
6,status,10,VILLAGER,ALIVE,Sample3
6,status,11,VILLAGER,DEAD,Sample14
6,status,12,WEREWOLF,ALIVE,Sample2
6,status,13,VILLAGER,DEAD,Sample13
6,status,14,VILLAGER,ALIVE,Sample1
6,status,15,WEREWOLF,DEAD,cash_dqn
6,talk,0,0,3,Skip
6,talk,1,0,10,Skip
6,talk,2,0,14,Skip
6,talk,3,0,4,Skip
6,talk,4,0,7,DAY 6 (DIVINED Agent[12] WEREWOLF)
6,talk,5,0,8,Skip
6,talk,6,0,12,ESTIMATE Agent[14] WEREWOLF
6,talk,7,1,14,Skip
6,talk,8,1,8,Skip
6,talk,9,1,3,Skip
6,talk,10,1,7,BECAUSE (DAY 6 (DIVINED Agent[12] WEREWOLF)) (REQUEST ANY (VOTE Agent[12]))
6,talk,11,1,10,Skip
6,talk,12,1,12,Skip
6,talk,13,1,4,Skip
6,talk,14,2,4,VOTE Agent[10]
6,talk,15,2,14,VOTE Agent[12]
6,talk,16,2,7,INQUIRE ANY (VOTE Agent[12])
6,talk,17,2,8,VOTE Agent[14]
6,talk,18,2,3,VOTE Agent[14]
6,talk,19,2,10,VOTE Agent[04]
6,talk,20,2,12,VOTE Agent[14]
6,talk,21,3,10,Skip
6,talk,22,3,8,Skip
6,talk,23,3,3,Skip
6,talk,24,3,12,Skip
6,talk,25,3,14,Skip
6,talk,26,3,4,Skip
6,talk,27,3,7,BECAUSE (DIVINED Agent[12] WEREWOLF) (VOTE Agent[12])
6,talk,28,4,3,Skip
6,talk,29,4,10,Skip
6,talk,30,4,8,Skip
6,talk,31,4,7,Skip
6,talk,32,4,4,Skip
6,talk,33,4,14,Skip
6,talk,34,4,12,Skip
6,talk,35,5,10,Over
6,talk,36,5,3,Over
6,talk,37,5,8,Over
6,talk,38,5,4,Over
6,talk,39,5,14,Over
6,talk,40,5,12,Over
6,talk,41,5,7,Skip
6,talk,42,6,14,Over
6,talk,43,6,3,Over
6,talk,44,6,10,Over
6,talk,45,6,7,Over
6,talk,46,6,8,Over
6,talk,47,6,12,Over
6,talk,48,6,4,Over
6,vote,3,14
6,vote,4,10
6,vote,7,12
6,vote,8,14
6,vote,10,4
6,vote,12,14
6,vote,14,12
6,execute,14,VILLAGER
6,divine,7,4,HUMAN
6,guard,8,7,SEER
6,attackVote,12,7
6,attack,7,false
7,status,1,MEDIUM,DEAD,Sample9
7,status,2,VILLAGER,DEAD,Sample12
7,status,3,VILLAGER,ALIVE,Sample8
7,status,4,VILLAGER,ALIVE,Sample11
7,status,5,WEREWOLF,DEAD,Sample7
7,status,6,VILLAGER,DEAD,Sample10
7,status,7,SEER,ALIVE,Sample6
7,status,8,BODYGUARD,ALIVE,Sample5
7,status,9,POSSESSED,DEAD,Sample4
7,status,10,VILLAGER,ALIVE,Sample3
7,status,11,VILLAGER,DEAD,Sample14
7,status,12,WEREWOLF,ALIVE,Sample2
7,status,13,VILLAGER,DEAD,Sample13
7,status,14,VILLAGER,DEAD,Sample1
7,status,15,WEREWOLF,DEAD,cash_dqn
7,talk,0,0,4,Skip
7,talk,1,0,3,Skip
7,talk,2,0,7,DAY 7 (DIVINED Agent[04] HUMAN)
7,talk,3,0,12,ESTIMATE Agent[03] WEREWOLF
7,talk,4,0,10,Skip
7,talk,5,0,8,Skip
7,talk,6,1,3,Skip
7,talk,7,1,8,Skip
7,talk,8,1,10,Skip
7,talk,9,1,4,Skip
7,talk,10,1,12,Skip
7,talk,11,1,7,BECAUSE (DAY 6 (DIVINED Agent[12] WEREWOLF)) (REQUEST ANY (VOTE Agent[12]))
7,talk,12,2,7,INQUIRE ANY (VOTE Agent[12])
7,talk,13,2,8,VOTE Agent[10]
7,talk,14,2,12,VOTE Agent[03]
7,talk,15,2,4,VOTE Agent[08]
7,talk,16,2,3,VOTE Agent[10]
7,talk,17,2,10,VOTE Agent[08]
7,talk,18,3,8,Skip
7,talk,19,3,12,Skip
7,talk,20,3,3,Skip
7,talk,21,3,7,BECAUSE (DIVINED Agent[12] WEREWOLF) (VOTE Agent[12])
7,talk,22,3,4,Skip
7,talk,23,3,10,Skip
7,talk,24,4,10,Skip
7,talk,25,4,7,Skip
7,talk,26,4,4,Skip
7,talk,27,4,3,Skip
7,talk,28,4,8,Skip
7,talk,29,4,12,Skip
7,talk,30,5,10,Over
7,talk,31,5,7,Skip
7,talk,32,5,8,Over
7,talk,33,5,12,Over
7,talk,34,5,3,Over
7,talk,35,5,4,Over
7,talk,36,6,8,Over
7,talk,37,6,3,Over
7,talk,38,6,4,Over
7,talk,39,6,10,Over
7,talk,40,6,7,Over
7,talk,41,6,12,Over
7,vote,3,10
7,vote,4,8
7,vote,7,12
7,vote,8,10
7,vote,10,8
7,vote,12,3
7,vote,3,10
7,vote,4,8
7,vote,7,12
7,vote,8,10
7,vote,10,8
7,vote,12,3
7,execute,10,VILLAGER
7,divine,7,8,HUMAN
7,guard,8,7,SEER
7,attackVote,12,7
7,attack,7,false
8,status,1,MEDIUM,DEAD,Sample9
8,status,2,VILLAGER,DEAD,Sample12
8,status,3,VILLAGER,ALIVE,Sample8
8,status,4,VILLAGER,ALIVE,Sample11
8,status,5,WEREWOLF,DEAD,Sample7
8,status,6,VILLAGER,DEAD,Sample10
8,status,7,SEER,ALIVE,Sample6
8,status,8,BODYGUARD,ALIVE,Sample5
8,status,9,POSSESSED,DEAD,Sample4
8,status,10,VILLAGER,DEAD,Sample3
8,status,11,VILLAGER,DEAD,Sample14
8,status,12,WEREWOLF,ALIVE,Sample2
8,status,13,VILLAGER,DEAD,Sample13
8,status,14,VILLAGER,DEAD,Sample1
8,status,15,WEREWOLF,DEAD,cash_dqn
8,talk,0,0,4,Skip
8,talk,1,0,12,ESTIMATE Agent[04] WEREWOLF
8,talk,2,0,3,Skip
8,talk,3,0,7,DAY 8 (DIVINED Agent[08] HUMAN)
8,talk,4,0,8,Skip
8,talk,5,1,4,Skip
8,talk,6,1,8,Skip
8,talk,7,1,3,Skip
8,talk,8,1,7,BECAUSE (DAY 6 (DIVINED Agent[12] WEREWOLF)) (REQUEST ANY (VOTE Agent[12]))
8,talk,9,1,12,Skip
8,talk,10,2,3,VOTE Agent[07]
8,talk,11,2,12,VOTE Agent[04]
8,talk,12,2,7,INQUIRE ANY (VOTE Agent[12])
8,talk,13,2,4,VOTE Agent[07]
8,talk,14,2,8,VOTE Agent[12]
8,talk,15,3,4,Skip
8,talk,16,3,12,Skip
8,talk,17,3,8,Skip
8,talk,18,3,3,Skip
8,talk,19,3,7,BECAUSE (DIVINED Agent[12] WEREWOLF) (VOTE Agent[12])
8,talk,20,4,7,Skip
8,talk,21,4,12,Skip
8,talk,22,4,3,Skip
8,talk,23,4,4,Skip
8,talk,24,4,8,Skip
8,talk,25,5,12,Over
8,talk,26,5,8,Over
8,talk,27,5,4,Over
8,talk,28,5,3,Over
8,talk,29,5,7,Skip
8,talk,30,6,4,Over
8,talk,31,6,8,Over
8,talk,32,6,7,Over
8,talk,33,6,3,Over
8,talk,34,6,12,Over
8,vote,3,7
8,vote,4,7
8,vote,7,12
8,vote,8,12
8,vote,12,4
8,vote,3,7
8,vote,4,7
8,vote,7,12
8,vote,8,12
8,vote,12,4
8,execute,7,SEER
8,guard,8,4,VILLAGER
8,attackVote,12,3
8,attack,3,true
9,status,1,MEDIUM,DEAD,Sample9
9,status,2,VILLAGER,DEAD,Sample12
9,status,3,VILLAGER,DEAD,Sample8
9,status,4,VILLAGER,ALIVE,Sample11
9,status,5,WEREWOLF,DEAD,Sample7
9,status,6,VILLAGER,DEAD,Sample10
9,status,7,SEER,DEAD,Sample6
9,status,8,BODYGUARD,ALIVE,Sample5
9,status,9,POSSESSED,DEAD,Sample4
9,status,10,VILLAGER,DEAD,Sample3
9,status,11,VILLAGER,DEAD,Sample14
9,status,12,WEREWOLF,ALIVE,Sample2
9,status,13,VILLAGER,DEAD,Sample13
9,status,14,VILLAGER,DEAD,Sample1
9,status,15,WEREWOLF,DEAD,cash_dqn
9,talk,0,0,4,Skip
9,talk,1,0,8,Skip
9,talk,2,0,12,ESTIMATE Agent[08] WEREWOLF
9,talk,3,1,4,Skip
9,talk,4,1,12,Skip
9,talk,5,1,8,Skip
9,talk,6,2,12,VOTE Agent[08]
9,talk,7,2,4,VOTE Agent[12]
9,talk,8,2,8,VOTE Agent[12]
9,talk,9,3,8,Skip
9,talk,10,3,4,Skip
9,talk,11,3,12,Skip
9,talk,12,4,4,Skip
9,talk,13,4,8,Skip
9,talk,14,4,12,Skip
9,talk,15,5,12,Over
9,talk,16,5,8,Over
9,talk,17,5,4,Over
9,vote,4,12
9,vote,8,12
9,vote,12,8
9,execute,12,WEREWOLF
9,guard,8,4,VILLAGER
10,status,1,MEDIUM,DEAD,Sample9
10,status,2,VILLAGER,DEAD,Sample12
10,status,3,VILLAGER,DEAD,Sample8
10,status,4,VILLAGER,ALIVE,Sample11
10,status,5,WEREWOLF,DEAD,Sample7
10,status,6,VILLAGER,DEAD,Sample10
10,status,7,SEER,DEAD,Sample6
10,status,8,BODYGUARD,ALIVE,Sample5
10,status,9,POSSESSED,DEAD,Sample4
10,status,10,VILLAGER,DEAD,Sample3
10,status,11,VILLAGER,DEAD,Sample14
10,status,12,WEREWOLF,DEAD,Sample2
10,status,13,VILLAGER,DEAD,Sample13
10,status,14,VILLAGER,DEAD,Sample1
10,status,15,WEREWOLF,DEAD,cash_dqn
10,result,2,0,VILLAGER
