0,status,1,VILLAGER,ALIVE,Sample9
0,status,2,WEREWOLF,ALIVE,Sample12
0,status,3,WEREWOLF,ALIVE,Sample8
0,status,4,WEREWOLF,ALIVE,Sample11
0,status,5,VILLAGER,ALIVE,Sample7
0,status,6,SEER,ALIVE,Sample10
0,status,7,MEDIUM,ALIVE,Sample6
0,status,8,VILLAGER,ALIVE,Sample5
0,status,9,VILLAGER,ALIVE,Sample4
0,status,10,BODYGUARD,ALIVE,Sample3
0,status,11,POSSESSED,ALIVE,Sample14
0,status,12,VILLAGER,ALIVE,Sample2
0,status,13,VILLAGER,ALIVE,Sample13
0,status,14,VILLAGER,ALIVE,Sample1
0,status,15,VILLAGER,ALIVE,cash_dqn
0,whisper,0,0,4,COMINGOUT Agent[04] SEER
0,whisper,1,0,2,COMINGOUT Agent[02] SEER
0,whisper,2,0,3,COMINGOUT Agent[03] VILLAGER
0,whisper,3,1,2,ATTACK Agent[12]
0,whisper,4,1,3,ATTACK Agent[01]
0,whisper,5,1,4,ATTACK Agent[14]
0,whisper,6,2,2,Skip
0,whisper,7,2,4,Skip
0,whisper,8,2,3,Skip
0,whisper,9,3,2,Skip
0,whisper,10,3,4,Skip
0,whisper,11,3,3,Skip
0,whisper,12,4,2,Over
0,whisper,13,4,3,Over
0,whisper,14,4,4,Over
0,divine,6,13,HUMAN
1,status,1,VILLAGER,ALIVE,Sample9
1,status,2,WEREWOLF,ALIVE,Sample12
1,status,3,WEREWOLF,ALIVE,Sample8
1,status,4,WEREWOLF,ALIVE,Sample11
1,status,5,VILLAGER,ALIVE,Sample7
1,status,6,SEER,ALIVE,Sample10
1,status,7,MEDIUM,ALIVE,Sample6
1,status,8,VILLAGER,ALIVE,Sample5
1,status,9,VILLAGER,ALIVE,Sample4
1,status,10,BODYGUARD,ALIVE,Sample3
1,status,11,POSSESSED,ALIVE,Sample14
1,status,12,VILLAGER,ALIVE,Sample2
1,status,13,VILLAGER,ALIVE,Sample13
1,status,14,VILLAGER,ALIVE,Sample1
1,status,15,VILLAGER,ALIVE,cash_dqn
1,talk,0,0,11,Skip
1,talk,1,0,6,COMINGOUT Agent[06] SEER
1,talk,2,0,15,Skip
1,talk,3,0,4,ESTIMATE Agent[01] WEREWOLF
1,talk,4,0,14,Skip
1,talk,5,0,10,Skip
1,talk,6,0,1,Skip
1,talk,7,0,13,Skip
1,talk,8,0,3,ESTIMATE Agent[14] WEREWOLF
1,talk,9,0,5,Skip
1,talk,10,0,2,ESTIMATE Agent[15] WEREWOLF
1,talk,11,0,12,Skip
1,talk,12,0,8,Skip
1,talk,13,0,9,Skip
1,talk,14,0,7,Skip
1,talk,15,1,1,Skip
1,talk,16,1,9,Skip
1,talk,17,1,4,COMINGOUT Agent[04] SEER
1,talk,18,1,3,Skip
1,talk,19,1,14,Skip
1,talk,20,1,8,Skip
1,talk,21,1,15,VOTE Agent[10]
1,talk,22,1,5,Skip
1,talk,23,1,13,Skip
1,talk,24,1,10,Skip
1,talk,25,1,7,Skip
1,talk,26,1,2,COMINGOUT Agent[02] SEER
1,talk,27,1,12,Skip
1,talk,28,1,6,DAY 1 (DIVINED Agent[13] HUMAN)
1,talk,29,1,11,COMINGOUT Agent[11] SEER
1,talk,30,2,13,VOTE Agent[15]
1,talk,31,2,2,DIVINED Agent[15] WEREWOLF
1,talk,32,2,5,VOTE Agent[01]
1,talk,33,2,9,VOTE Agent[14]
1,talk,34,2,3,VOTE Agent[14]
1,talk,35,2,6,VOTE Agent[02]
1,talk,36,2,4,DIVINED Agent[01] WEREWOLF
1,talk,37,2,14,VOTE Agent[01]
1,talk,38,2,7,VOTE Agent[03]
1,talk,39,2,15,Skip
1,talk,40,2,8,VOTE Agent[04]
1,talk,41,2,12,VOTE Agent[07]
1,talk,42,2,10,VOTE Agent[15]
1,talk,43,2,11,DAY 1 (DIVINED Agent[06] WEREWOLF)
1,talk,44,2,1,VOTE Agent[10]
1,talk,45,3,7,Skip
1,talk,46,3,8,Skip
1,talk,47,3,3,Skip
1,talk,48,3,12,Skip
1,talk,49,3,6,Skip
1,talk,50,3,13,Skip
1,talk,51,3,11,VOTE Agent[06]
1,talk,52,3,5,Skip
1,talk,53,3,4,VOTE Agent[01]
1,talk,54,3,14,Skip
1,talk,55,3,2,VOTE Agent[15]
1,talk,56,3,15,Skip
1,talk,57,3,10,Skip
1,talk,58,3,1,BECAUSE (AND (COMINGOUT Agent[01] VILLAGER) (DAY 1 (Agent[04] DIVINED Agent[01] WEREWOLF))) (XOR (ESTIMATE Agent[04] WEREWOLF) (ESTIMATE Agent[04] POSSESSED))
1,talk,59,3,9,Skip
1,talk,60,4,11,Skip
1,talk,61,4,2,Skip
1,talk,62,4,7,Skip
1,talk,63,4,5,Skip
1,talk,64,4,4,Skip
1,talk,65,4,1,BECAUSE (XOR (ESTIMATE Agent[04] WEREWOLF) (ESTIMATE Agent[04] POSSESSED)) (VOTE Agent[04])
1,talk,66,4,8,Skip
1,talk,67,4,15,Over
1,talk,68,4,12,Skip
1,talk,69,4,6,Skip
1,talk,70,4,10,Skip
1,talk,71,4,14,Skip
1,talk,72,4,13,Skip
1,talk,73,4,3,Skip
1,talk,74,4,9,Skip
1,talk,75,5,6,Over
1,talk,76,5,15,Over
1,talk,77,5,2,Skip
1,talk,78,5,9,Over
1,talk,79,5,8,Over
1,talk,80,5,4,Skip
1,talk,81,5,1,Skip
1,talk,82,5,12,Over
1,talk,83,5,5,Over
1,talk,84,5,14,Over
1,talk,85,5,13,Over
1,talk,86,5,7,Over
1,talk,87,5,10,Over
1,talk,88,5,3,Over
1,talk,89,5,11,Skip
1,talk,90,6,1,Skip
1,talk,91,6,5,Over
1,talk,92,6,14,Over
1,talk,93,6,4,Over
1,talk,94,6,15,Over
1,talk,95,6,8,Over
1,talk,96,6,9,Over
1,talk,97,6,13,Over
1,talk,98,6,12,Over
1,talk,99,6,2,Over
1,talk,100,6,10,Over
1,talk,101,6,3,Over
1,talk,102,6,11,Over
1,talk,103,6,6,Over
1,talk,104,6,7,Over
1,talk,105,7,2,Over
1,talk,106,7,5,Over
1,talk,107,7,11,Over
1,talk,108,7,15,Over
1,talk,109,7,9,Over
1,talk,110,7,13,Over
1,talk,111,7,6,Over
1,talk,112,7,3,Over
1,talk,113,7,4,Over
1,talk,114,7,7,Over
1,talk,115,7,8,Over
1,talk,116,7,14,Over
1,talk,117,7,1,Over
1,talk,118,7,12,Over
1,talk,119,7,10,Over
1,vote,1,4
1,vote,2,15
1,vote,3,14
1,vote,4,1
1,vote,5,1
1,vote,6,2
1,vote,7,3
1,vote,8,4
1,vote,9,14
1,vote,10,15
1,vote,11,6
1,vote,12,7
1,vote,13,15
1,vote,14,1
1,vote,15,4
1,vote,1,4
1,vote,2,15
1,vote,3,14
1,vote,4,1
1,vote,5,1
1,vote,6,2
1,vote,7,3
1,vote,8,4
1,vote,9,14
1,vote,10,15
1,vote,11,6
1,vote,12,7
1,vote,13,15
1,vote,14,1
1,vote,15,11
1,execute,1,VILLAGER
1,divine,6,11,HUMAN
1,whisper,0,0,4,BECAUSE (AND (NOT (COMINGOUT Agent[11] WEREWOLF)) (NOT (COMINGOUT Agent[06] WEREWOLF)) (DAY 1 (Agent[11] DIVINED Agent[06] WEREWOLF))) (ESTIMATE Agent[11] POSSESSED)
1,whisper,1,0,3,BECAUSE (AND (NOT (COMINGOUT Agent[11] WEREWOLF)) (NOT (COMINGOUT Agent[06] WEREWOLF)) (DAY 1 (Agent[11] DIVINED Agent[06] WEREWOLF))) (ESTIMATE Agent[11] POSSESSED)
1,whisper,2,0,2,BECAUSE (AND (NOT (COMINGOUT Agent[11] WEREWOLF)) (NOT (COMINGOUT Agent[06] WEREWOLF)) (DAY 1 (Agent[11] DIVINED Agent[06] WEREWOLF))) (ESTIMATE Agent[11] POSSESSED)
1,whisper,3,1,2,BECAUSE (Agent[06] COMINGOUT Agent[06] SEER) (ATTACK Agent[06])
1,whisper,4,1,4,BECAUSE (Agent[06] COMINGOUT Agent[06] SEER) (ATTACK Agent[06])
1,whisper,5,1,3,BECAUSE (Agent[06] COMINGOUT Agent[06] SEER) (ATTACK Agent[06])
1,whisper,6,2,3,Skip
1,whisper,7,2,4,Skip
1,whisper,8,2,2,Skip
1,whisper,9,3,3,Skip
1,whisper,10,3,4,Skip
1,whisper,11,3,2,Skip
1,whisper,12,4,2,Over
1,whisper,13,4,4,Over
1,whisper,14,4,3,Over
1,guard,10,6,SEER
1,attack,12,true
2,status,1,VILLAGER,DEAD,Sample9
2,status,2,WEREWOLF,ALIVE,Sample12
2,status,3,WEREWOLF,ALIVE,Sample8
2,status,4,WEREWOLF,ALIVE,Sample11
2,status,5,VILLAGER,ALIVE,Sample7
2,status,6,SEER,ALIVE,Sample10
2,status,7,MEDIUM,ALIVE,Sample6
2,status,8,VILLAGER,ALIVE,Sample5
2,status,9,VILLAGER,ALIVE,Sample4
2,status,10,BODYGUARD,ALIVE,Sample3
2,status,11,POSSESSED,ALIVE,Sample14
2,status,12,VILLAGER,DEAD,Sample2
2,status,13,VILLAGER,ALIVE,Sample13
2,status,14,VILLAGER,ALIVE,Sample1
2,status,15,VILLAGER,ALIVE,cash_dqn
2,talk,0,0,11,DAY 2 (DIVINED Agent[08] HUMAN)
2,talk,1,0,9,Skip
2,talk,2,0,3,ESTIMATE Agent[08] WEREWOLF
2,talk,3,0,13,Skip
2,talk,4,0,4,DIVINED Agent[15] WEREWOLF
2,talk,5,0,2,DIVINED Agent[05] WEREWOLF
2,talk,6,0,6,DAY 2 (DIVINED Agent[11] HUMAN)
2,talk,7,0,5,Skip
2,talk,8,0,15,Skip
2,talk,9,0,7,COMINGOUT Agent[07] MEDIUM
2,talk,10,0,14,Skip
2,talk,11,0,8,Skip
2,talk,12,0,10,Skip
2,talk,13,1,14,Skip
2,talk,14,1,10,Skip
2,talk,15,1,15,VOTE Agent[07]
2,talk,16,1,7,DAY 2 (IDENTIFIED Agent[01] HUMAN)
2,talk,17,1,5,BECAUSE (AND (COMINGOUT Agent[05] VILLAGER) (DAY 2 (Agent[02] DIVINED Agent[05] WEREWOLF))) (XOR (ESTIMATE Agent[02] WEREWOLF) (ESTIMATE Agent[02] POSSESSED))
2,talk,18,1,3,Skip
2,talk,19,1,11,BECAUSE (DAY 1 (DIVINED Agent[06] WEREWOLF)) (REQUEST ANY (VOTE Agent[06]))
2,talk,20,1,4,ESTIMATE Agent[15] WEREWOLF
2,talk,21,1,13,Skip
2,talk,22,1,2,ESTIMATE Agent[05] WEREWOLF
2,talk,23,1,6,BECAUSE (AND (AND (COMINGOUT Agent[06] SEER) (Agent[11] COMINGOUT Agent[11] SEER)) (DIVINED Agent[11] HUMAN)) (ESTIMATE Agent[11] POSSESSED)
2,talk,24,1,9,Skip
2,talk,25,1,8,Skip
2,talk,26,2,9,VOTE Agent[15]
2,talk,27,2,7,BECAUSE (AND (DAY 2 (IDENTIFIED Agent[01] HUMAN)) (DAY 1 (Agent[04] DIVINED Agent[01] WEREWOLF))) (XOR (ESTIMATE Agent[04] WEREWOLF) (ESTIMATE Agent[04] POSSESSED))
2,talk,28,2,13,VOTE Agent[15]
2,talk,29,2,15,Skip
2,talk,30,2,11,INQUIRE ANY (VOTE Agent[06])
2,talk,31,2,5,BECAUSE (XOR (ESTIMATE Agent[02] WEREWOLF) (ESTIMATE Agent[02] POSSESSED)) (VOTE Agent[02])
2,talk,32,2,2,VOTE Agent[05]
2,talk,33,2,4,VOTE Agent[15]
2,talk,34,2,3,VOTE Agent[08]
2,talk,35,2,14,VOTE Agent[03]
2,talk,36,2,8,VOTE Agent[05]
2,talk,37,2,6,BECAUSE (AND (COMINGOUT Agent[06] SEER) (Agent[02] COMINGOUT Agent[02] SEER)) (XOR (ESTIMATE Agent[02] WEREWOLF) (ESTIMATE Agent[02] POSSESSED))
2,talk,38,2,10,VOTE Agent[03]
2,talk,39,3,9,Skip
2,talk,40,3,8,Skip
2,talk,41,3,13,Skip
2,talk,42,3,3,Skip
2,talk,43,3,11,BECAUSE (DIVINED Agent[06] WEREWOLF) (VOTE Agent[06])
2,talk,44,3,14,Skip
2,talk,45,3,15,Skip
2,talk,46,3,10,Skip
2,talk,47,3,6,BECAUSE (XOR (ESTIMATE Agent[02] WEREWOLF) (ESTIMATE Agent[02] POSSESSED)) (VOTE Agent[02])
2,talk,48,3,5,Skip
2,talk,49,3,7,BECAUSE (XOR (ESTIMATE Agent[04] WEREWOLF) (ESTIMATE Agent[04] POSSESSED)) (VOTE Agent[04])
2,talk,50,3,4,Skip
2,talk,51,3,2,Skip
2,talk,52,4,6,Skip
2,talk,53,4,7,Skip
2,talk,54,4,5,Skip
2,talk,55,4,2,Skip
2,talk,56,4,14,Skip
2,talk,57,4,8,Skip
2,talk,58,4,4,Skip
2,talk,59,4,15,Over
2,talk,60,4,13,Skip
2,talk,61,4,11,Skip
2,talk,62,4,10,Skip
2,talk,63,4,9,Skip
2,talk,64,4,3,Skip
2,talk,65,5,3,Over
2,talk,66,5,10,Over
2,talk,67,5,13,Over
2,talk,68,5,11,Skip
2,talk,69,5,5,Over
2,talk,70,5,2,Over
2,talk,71,5,7,Skip
2,talk,72,5,9,Over
2,talk,73,5,14,Over
2,talk,74,5,15,Over
2,talk,75,5,6,Skip
2,talk,76,5,4,Over
2,talk,77,5,8,Over
2,talk,78,6,14,Over
2,talk,79,6,4,Over
2,talk,80,6,3,Over
2,talk,81,6,15,Over
2,talk,82,6,2,Over
2,talk,83,6,8,Over
2,talk,84,6,9,Over
2,talk,85,6,13,Over
2,talk,86,6,5,Over
2,talk,87,6,10,Over
2,talk,88,6,11,Over
2,talk,89,6,7,Over
2,talk,90,6,6,Over
2,vote,2,5
2,vote,3,8
2,vote,4,15
2,vote,5,2
2,vote,6,2
2,vote,7,4
2,vote,8,5
2,vote,9,15
2,vote,10,3
2,vote,11,6
2,vote,13,15
2,vote,14,3
2,vote,15,3
2,vote,2,5
2,vote,3,8
2,vote,4,15
2,vote,5,2
2,vote,6,2
2,vote,7,4
2,vote,8,5
2,vote,9,15
2,vote,10,3
2,vote,11,6
2,vote,13,15
2,vote,14,3
2,vote,15,11
2,execute,15,VILLAGER
2,divine,6,2,WEREWOLF
2,whisper,0,0,3,BECAUSE (Agent[07] COMINGOUT Agent[07] MEDIUM) (ATTACK Agent[07])
2,whisper,1,0,4,BECAUSE (Agent[07] COMINGOUT Agent[07] MEDIUM) (ATTACK Agent[07])
2,whisper,2,0,2,BECAUSE (Agent[06] COMINGOUT Agent[06] SEER) (ATTACK Agent[06])
2,whisper,3,1,2,Skip
2,whisper,4,1,3,Skip
2,whisper,5,1,4,Skip
2,whisper,6,2,4,Skip
2,whisper,7,2,3,Skip
2,whisper,8,2,2,Skip
2,whisper,9,3,2,Over
2,whisper,10,3,4,Over
2,whisper,11,3,3,Over
2,guard,10,6,SEER
2,attack,5,true
3,status,1,VILLAGER,DEAD,Sample9
3,status,2,WEREWOLF,ALIVE,Sample12
3,status,3,WEREWOLF,ALIVE,Sample8
3,status,4,WEREWOLF,ALIVE,Sample11
3,status,5,VILLAGER,DEAD,Sample7
3,status,6,SEER,ALIVE,Sample10
3,status,7,MEDIUM,ALIVE,Sample6
3,status,8,VILLAGER,ALIVE,Sample5
3,status,9,VILLAGER,ALIVE,Sample4
3,status,10,BODYGUARD,ALIVE,Sample3
3,status,11,POSSESSED,ALIVE,Sample14
3,status,12,VILLAGER,DEAD,Sample2
3,status,13,VILLAGER,ALIVE,Sample13
3,status,14,VILLAGER,ALIVE,Sample1
3,status,15,VILLAGER,DEAD,cash_dqn
3,talk,0,0,10,BECAUSE (AND (ANY ATTACKED Agent[05]) (DAY 2 (Agent[02] DIVINED Agent[05] WEREWOLF))) (XOR (ESTIMATE Agent[02] WEREWOLF) (ESTIMATE Agent[02] POSSESSED))
3,talk,1,0,13,BECAUSE (AND (ANY ATTACKED Agent[05]) (DAY 2 (Agent[02] DIVINED Agent[05] WEREWOLF))) (XOR (ESTIMATE Agent[02] WEREWOLF) (ESTIMATE Agent[02] POSSESSED))
3,talk,2,0,14,BECAUSE (AND (ANY ATTACKED Agent[05]) (DAY 2 (Agent[02] DIVINED Agent[05] WEREWOLF))) (XOR (ESTIMATE Agent[02] WEREWOLF) (ESTIMATE Agent[02] POSSESSED))
3,talk,3,0,11,DAY 3 (DIVINED Agent[03] HUMAN)
3,talk,4,0,4,DIVINED Agent[07] WEREWOLF
3,talk,5,0,9,BECAUSE (AND (ANY ATTACKED Agent[05]) (DAY 2 (Agent[02] DIVINED Agent[05] WEREWOLF))) (XOR (ESTIMATE Agent[02] WEREWOLF) (ESTIMATE Agent[02] POSSESSED))
3,talk,6,0,8,BECAUSE (AND (ANY ATTACKED Agent[05]) (DAY 2 (Agent[02] DIVINED Agent[05] WEREWOLF))) (XOR (ESTIMATE Agent[02] WEREWOLF) (ESTIMATE Agent[02] POSSESSED))
3,talk,7,0,3,ESTIMATE Agent[10] WEREWOLF
3,talk,8,0,6,DAY 3 (DIVINED Agent[02] WEREWOLF)
3,talk,9,0,2,DIVINED Agent[08] WEREWOLF
3,talk,10,0,7,DAY 3 (IDENTIFIED Agent[15] HUMAN)
3,talk,11,1,13,Skip
3,talk,12,1,9,Skip
3,talk,13,1,11,BECAUSE (DAY 1 (DIVINED Agent[06] WEREWOLF)) (REQUEST ANY (VOTE Agent[06]))
3,talk,14,1,8,Skip
3,talk,15,1,14,Skip
3,talk,16,1,2,ESTIMATE Agent[06] WEREWOLF
3,talk,17,1,3,Skip
3,talk,18,1,4,ESTIMATE Agent[07] WEREWOLF
3,talk,19,1,7,BECAUSE (AND (DAY 3 (IDENTIFIED Agent[15] HUMAN)) (DAY 1 (Agent[02] DIVINED Agent[15] WEREWOLF))) (XOR (ESTIMATE Agent[02] WEREWOLF) (ESTIMATE Agent[02] POSSESSED))
3,talk,20,1,6,BECAUSE (DAY 3 (DIVINED Agent[02] WEREWOLF)) (REQUEST ANY (VOTE Agent[02]))
3,talk,21,1,10,Skip
3,talk,22,2,9,BECAUSE (XOR (ESTIMATE Agent[02] WEREWOLF) (ESTIMATE Agent[02] POSSESSED)) (VOTE Agent[02])
3,talk,23,2,2,VOTE Agent[06]
3,talk,24,2,8,BECAUSE (XOR (ESTIMATE Agent[02] WEREWOLF) (ESTIMATE Agent[02] POSSESSED)) (VOTE Agent[02])
3,talk,25,2,11,INQUIRE ANY (VOTE Agent[06])
3,talk,26,2,3,VOTE Agent[10]
3,talk,27,2,14,BECAUSE (XOR (ESTIMATE Agent[02] WEREWOLF) (ESTIMATE Agent[02] POSSESSED)) (VOTE Agent[02])
3,talk,28,2,4,VOTE Agent[07]
3,talk,29,2,13,BECAUSE (XOR (ESTIMATE Agent[02] WEREWOLF) (ESTIMATE Agent[02] POSSESSED)) (VOTE Agent[02])
3,talk,30,2,10,BECAUSE (XOR (ESTIMATE Agent[02] WEREWOLF) (ESTIMATE Agent[02] POSSESSED)) (VOTE Agent[02])
3,talk,31,2,7,BECAUSE (XOR (ESTIMATE Agent[02] WEREWOLF) (ESTIMATE Agent[02] POSSESSED)) (VOTE Agent[02])
3,talk,32,2,6,INQUIRE ANY (VOTE Agent[02])
3,talk,33,3,13,Skip
3,talk,34,3,8,Skip
3,talk,35,3,6,BECAUSE (DIVINED Agent[02] WEREWOLF) (VOTE Agent[02])
3,talk,36,3,14,Skip
3,talk,37,3,9,Skip
3,talk,38,3,7,Skip
3,talk,39,3,4,Skip
3,talk,40,3,11,BECAUSE (DIVINED Agent[06] WEREWOLF) (VOTE Agent[06])
3,talk,41,3,3,Skip
3,talk,42,3,2,Skip
3,talk,43,3,10,Skip
3,talk,44,4,4,Skip
3,talk,45,4,11,Skip
3,talk,46,4,3,Skip
3,talk,47,4,7,Skip
3,talk,48,4,10,Skip
3,talk,49,4,14,Skip
3,talk,50,4,2,Skip
3,talk,51,4,9,Skip
3,talk,52,4,8,Skip
3,talk,53,4,13,Skip
3,talk,54,4,6,Skip
3,talk,55,5,6,Skip
3,talk,56,5,2,Over
3,talk,57,5,13,Over
3,talk,58,5,9,Over
3,talk,59,5,4,Over
3,talk,60,5,14,Over
3,talk,61,5,8,Over
3,talk,62,5,7,Over
3,talk,63,5,3,Over
3,talk,64,5,10,Over
3,talk,65,5,11,Skip
3,talk,66,6,9,Over
3,talk,67,6,11,Over
3,talk,68,6,4,Over
3,talk,69,6,14,Over
3,talk,70,6,7,Over
3,talk,71,6,13,Over
3,talk,72,6,6,Over
3,talk,73,6,8,Over
3,talk,74,6,2,Over
3,talk,75,6,10,Over
3,talk,76,6,3,Over
3,vote,2,6
3,vote,3,10
3,vote,4,7
3,vote,6,2
3,vote,7,2
3,vote,8,2
3,vote,9,2
3,vote,10,2
3,vote,11,6
3,vote,13,2
3,vote,14,2
3,execute,2,WEREWOLF
3,divine,6,4,WEREWOLF
3,whisper,0,0,4,BECAUSE (Agent[06] COMINGOUT Agent[06] SEER) (ATTACK Agent[06])
3,whisper,1,0,3,BECAUSE (Agent[06] COMINGOUT Agent[06] SEER) (ATTACK Agent[06])
3,whisper,2,1,3,Skip
3,whisper,3,1,4,Skip
3,whisper,4,2,4,Skip
3,whisper,5,2,3,Skip
3,whisper,6,3,3,Over
3,whisper,7,3,4,Over
3,guard,10,4,WEREWOLF
3,attack,7,true
4,status,1,VILLAGER,DEAD,Sample9
4,status,2,WEREWOLF,DEAD,Sample12
4,status,3,WEREWOLF,ALIVE,Sample8
4,status,4,WEREWOLF,ALIVE,Sample11
4,status,5,VILLAGER,DEAD,Sample7
4,status,6,SEER,ALIVE,Sample10
4,status,7,MEDIUM,DEAD,Sample6
4,status,8,VILLAGER,ALIVE,Sample5
4,status,9,VILLAGER,ALIVE,Sample4
4,status,10,BODYGUARD,ALIVE,Sample3
4,status,11,POSSESSED,ALIVE,Sample14
4,status,12,VILLAGER,DEAD,Sample2
4,status,13,VILLAGER,ALIVE,Sample13
4,status,14,VILLAGER,ALIVE,Sample1
4,status,15,VILLAGER,DEAD,cash_dqn
4,talk,0,0,8,BECAUSE (AND (ANY ATTACKED Agent[07]) (DAY 3 (Agent[04] DIVINED Agent[07] WEREWOLF))) (XOR (ESTIMATE Agent[04] WEREWOLF) (ESTIMATE Agent[04] POSSESSED))
4,talk,1,0,10,BECAUSE (AND (ANY ATTACKED Agent[07]) (DAY 3 (Agent[04] DIVINED Agent[07] WEREWOLF))) (XOR (ESTIMATE Agent[04] WEREWOLF) (ESTIMATE Agent[04] POSSESSED))
4,talk,2,0,14,BECAUSE (AND (ANY ATTACKED Agent[07]) (DAY 3 (Agent[04] DIVINED Agent[07] WEREWOLF))) (XOR (ESTIMATE Agent[04] WEREWOLF) (ESTIMATE Agent[04] POSSESSED))
4,talk,3,0,9,BECAUSE (AND (ANY ATTACKED Agent[07]) (DAY 3 (Agent[04] DIVINED Agent[07] WEREWOLF))) (XOR (ESTIMATE Agent[04] WEREWOLF) (ESTIMATE Agent[04] POSSESSED))
4,talk,4,0,3,ESTIMATE Agent[10] WEREWOLF
4,talk,5,0,11,DAY 4 (DIVINED Agent[09] HUMAN)
4,talk,6,0,4,DIVINED Agent[09] HUMAN
4,talk,7,0,6,DAY 4 (DIVINED Agent[04] WEREWOLF)
4,talk,8,0,13,BECAUSE (AND (ANY ATTACKED Agent[07]) (DAY 3 (Agent[04] DIVINED Agent[07] WEREWOLF))) (XOR (ESTIMATE Agent[04] WEREWOLF) (ESTIMATE Agent[04] POSSESSED))
4,talk,9,1,8,Skip
4,talk,10,1,3,Skip
4,talk,11,1,14,Skip
4,talk,12,1,9,Skip
4,talk,13,1,10,Skip
4,talk,14,1,4,ESTIMATE Agent[06] WEREWOLF
4,talk,15,1,11,BECAUSE (DAY 1 (DIVINED Agent[06] WEREWOLF)) (REQUEST ANY (VOTE Agent[06]))
4,talk,16,1,13,Skip
4,talk,17,1,6,BECAUSE (DAY 4 (DIVINED Agent[04] WEREWOLF)) (REQUEST ANY (VOTE Agent[04]))
4,talk,18,2,10,BECAUSE (XOR (ESTIMATE Agent[04] WEREWOLF) (ESTIMATE Agent[04] POSSESSED)) (VOTE Agent[04])
4,talk,19,2,14,BECAUSE (XOR (ESTIMATE Agent[04] WEREWOLF) (ESTIMATE Agent[04] POSSESSED)) (VOTE Agent[04])
4,talk,20,2,3,VOTE Agent[10]
4,talk,21,2,9,BECAUSE (XOR (ESTIMATE Agent[04] WEREWOLF) (ESTIMATE Agent[04] POSSESSED)) (VOTE Agent[04])
4,talk,22,2,6,INQUIRE ANY (VOTE Agent[04])
4,talk,23,2,13,BECAUSE (XOR (ESTIMATE Agent[04] WEREWOLF) (ESTIMATE Agent[04] POSSESSED)) (VOTE Agent[04])
4,talk,24,2,8,BECAUSE (XOR (ESTIMATE Agent[04] WEREWOLF) (ESTIMATE Agent[04] POSSESSED)) (VOTE Agent[04])
4,talk,25,2,4,VOTE Agent[06]
4,talk,26,2,11,INQUIRE ANY (VOTE Agent[06])
4,talk,27,3,8,Skip
4,talk,28,3,13,Skip
4,talk,29,3,11,BECAUSE (DIVINED Agent[06] WEREWOLF) (VOTE Agent[06])
4,talk,30,3,6,BECAUSE (DIVINED Agent[04] WEREWOLF) (VOTE Agent[04])
4,talk,31,3,10,Skip
4,talk,32,3,9,Skip
4,talk,33,3,3,Skip
4,talk,34,3,14,Skip
4,talk,35,3,4,Skip
4,talk,36,4,11,Skip
4,talk,37,4,4,Skip
4,talk,38,4,13,Skip
4,talk,39,4,3,Skip
4,talk,40,4,6,Skip
4,talk,41,4,9,Skip
4,talk,42,4,14,Skip
4,talk,43,4,8,Skip
4,talk,44,4,10,Skip
4,talk,45,5,11,Skip
4,talk,46,5,9,Over
4,talk,47,5,6,Skip
4,talk,48,5,10,Over
4,talk,49,5,13,Over
4,talk,50,5,8,Over
4,talk,51,5,14,Over
4,talk,52,5,4,Over
4,talk,53,5,3,Over
4,talk,54,6,4,Over
4,talk,55,6,11,Over
4,talk,56,6,9,Over
4,talk,57,6,14,Over
4,talk,58,6,6,Over
4,talk,59,6,13,Over
4,talk,60,6,10,Over
4,talk,61,6,3,Over
4,talk,62,6,8,Over
4,vote,3,10
4,vote,4,6
4,vote,6,4
4,vote,8,4
4,vote,9,4
4,vote,10,4
4,vote,11,6
4,vote,13,4
4,vote,14,4
4,execute,4,WEREWOLF
4,guard,10,11,POSSESSED
4,attackVote,3,6
4,attack,6,true
5,status,1,VILLAGER,DEAD,Sample9
5,status,2,WEREWOLF,DEAD,Sample12
5,status,3,WEREWOLF,ALIVE,Sample8
5,status,4,WEREWOLF,DEAD,Sample11
5,status,5,VILLAGER,DEAD,Sample7
5,status,6,SEER,DEAD,Sample10
5,status,7,MEDIUM,DEAD,Sample6
5,status,8,VILLAGER,ALIVE,Sample5
5,status,9,VILLAGER,ALIVE,Sample4
5,status,10,BODYGUARD,ALIVE,Sample3
5,status,11,POSSESSED,ALIVE,Sample14
5,status,12,VILLAGER,DEAD,Sample2
5,status,13,VILLAGER,ALIVE,Sample13
5,status,14,VILLAGER,ALIVE,Sample1
5,status,15,VILLAGER,DEAD,cash_dqn
5,talk,0,0,13,BECAUSE (AND (ANY ATTACKED Agent[06]) (DAY 1 (Agent[11] DIVINED Agent[06] WEREWOLF))) (XOR (ESTIMATE Agent[11] WEREWOLF) (ESTIMATE Agent[11] POSSESSED))
5,talk,1,0,3,ESTIMATE Agent[08] WEREWOLF
5,talk,2,0,10,BECAUSE (AND (ANY ATTACKED Agent[06]) (DAY 1 (Agent[11] DIVINED Agent[06] WEREWOLF))) (XOR (ESTIMATE Agent[11] WEREWOLF) (ESTIMATE Agent[11] POSSESSED))
5,talk,3,0,11,DAY 5 (DIVINED Agent[13] HUMAN)
5,talk,4,0,14,BECAUSE (AND (ANY ATTACKED Agent[06]) (DAY 1 (Agent[11] DIVINED Agent[06] WEREWOLF))) (XOR (ESTIMATE Agent[11] WEREWOLF) (ESTIMATE Agent[11] POSSESSED))
5,talk,5,0,8,BECAUSE (AND (ANY ATTACKED Agent[06]) (DAY 1 (Agent[11] DIVINED Agent[06] WEREWOLF))) (XOR (ESTIMATE Agent[11] WEREWOLF) (ESTIMATE Agent[11] POSSESSED))
5,talk,6,0,9,BECAUSE (AND (ANY ATTACKED Agent[06]) (DAY 1 (Agent[11] DIVINED Agent[06] WEREWOLF))) (XOR (ESTIMATE Agent[11] WEREWOLF) (ESTIMATE Agent[11] POSSESSED))
5,talk,7,1,13,Skip
5,talk,8,1,14,Skip
5,talk,9,1,11,Skip
5,talk,10,1,8,Skip
5,talk,11,1,10,Skip
5,talk,12,1,3,Skip
5,talk,13,1,9,Skip
5,talk,14,2,13,BECAUSE (XOR (ESTIMATE Agent[11] WEREWOLF) (ESTIMATE Agent[11] POSSESSED)) (VOTE Agent[11])
5,talk,15,2,3,VOTE Agent[08]
5,talk,16,2,8,BECAUSE (XOR (ESTIMATE Agent[11] WEREWOLF) (ESTIMATE Agent[11] POSSESSED)) (VOTE Agent[11])
5,talk,17,2,14,BECAUSE (XOR (ESTIMATE Agent[11] WEREWOLF) (ESTIMATE Agent[11] POSSESSED)) (VOTE Agent[11])
5,talk,18,2,9,BECAUSE (XOR (ESTIMATE Agent[11] WEREWOLF) (ESTIMATE Agent[11] POSSESSED)) (VOTE Agent[11])
5,talk,19,2,10,BECAUSE (XOR (ESTIMATE Agent[11] WEREWOLF) (ESTIMATE Agent[11] POSSESSED)) (VOTE Agent[11])
5,talk,20,2,11,VOTE Agent[05]
5,talk,21,3,9,Skip
5,talk,22,3,11,Skip
5,talk,23,3,13,Skip
5,talk,24,3,8,Skip
5,talk,25,3,10,Skip
5,talk,26,3,3,Skip
5,talk,27,3,14,Skip
5,talk,28,4,13,Skip
5,talk,29,4,8,Skip
5,talk,30,4,3,Skip
5,talk,31,4,14,Skip
5,talk,32,4,10,Skip
5,talk,33,4,9,Skip
5,talk,34,4,11,Skip
5,talk,35,5,8,Over
5,talk,36,5,11,Over
5,talk,37,5,13,Over
5,talk,38,5,14,Over
5,talk,39,5,10,Over
5,talk,40,5,3,Over
5,talk,41,5,9,Over
5,vote,3,8
5,vote,8,11
5,vote,9,11
5,vote,10,11
5,vote,11,9
5,vote,13,11
5,vote,14,11
5,execute,11,POSSESSED
5,guard,10,14,VILLAGER
5,attackVote,3,8
5,attack,8,true
6,status,1,VILLAGER,DEAD,Sample9
6,status,2,WEREWOLF,DEAD,Sample12
6,status,3,WEREWOLF,ALIVE,Sample8
6,status,4,WEREWOLF,DEAD,Sample11
6,status,5,VILLAGER,DEAD,Sample7
6,status,6,SEER,DEAD,Sample10
6,status,7,MEDIUM,DEAD,Sample6
6,status,8,VILLAGER,DEAD,Sample5
6,status,9,VILLAGER,ALIVE,Sample4
6,status,10,BODYGUARD,ALIVE,Sample3
6,status,11,POSSESSED,DEAD,Sample14
6,status,12,VILLAGER,DEAD,Sample2
6,status,13,VILLAGER,ALIVE,Sample13
6,status,14,VILLAGER,ALIVE,Sample1
6,status,15,VILLAGER,DEAD,cash_dqn
6,talk,0,0,13,Skip
6,talk,1,0,9,Skip
6,talk,2,0,10,Skip
6,talk,3,0,14,Skip
6,talk,4,0,3,ESTIMATE Agent[14] WEREWOLF
6,talk,5,1,9,Skip
6,talk,6,1,13,Skip
6,talk,7,1,14,Skip
6,talk,8,1,3,Skip
6,talk,9,1,10,Skip
6,talk,10,2,3,VOTE Agent[14]
6,talk,11,2,10,VOTE Agent[03]
6,talk,12,2,13,VOTE Agent[14]
6,talk,13,2,9,VOTE Agent[03]
6,talk,14,2,14,VOTE Agent[09]
6,talk,15,3,14,Skip
6,talk,16,3,9,Skip
6,talk,17,3,3,Skip
6,talk,18,3,13,Skip
6,talk,19,3,10,Skip
6,talk,20,4,10,Skip
6,talk,21,4,9,Skip
6,talk,22,4,3,Skip
6,talk,23,4,13,Skip
6,talk,24,4,14,Skip
6,talk,25,5,13,Over
6,talk,26,5,3,Over
6,talk,27,5,10,Over
6,talk,28,5,9,Over
6,talk,29,5,14,Over
6,vote,3,14
6,vote,9,3
6,vote,10,3
6,vote,13,14
6,vote,14,9
6,vote,3,14
6,vote,9,3
6,vote,10,3
6,vote,13,14
6,vote,14,9
6,execute,14,VILLAGER
6,guard,10,9,VILLAGER
6,attackVote,3,10
6,attack,10,true
7,status,1,VILLAGER,DEAD,Sample9
7,status,2,WEREWOLF,DEAD,Sample12
7,status,3,WEREWOLF,ALIVE,Sample8
7,status,4,WEREWOLF,DEAD,Sample11
7,status,5,VILLAGER,DEAD,Sample7
7,status,6,SEER,DEAD,Sample10
7,status,7,MEDIUM,DEAD,Sample6
7,status,8,VILLAGER,DEAD,Sample5
7,status,9,VILLAGER,ALIVE,Sample4
7,status,10,BODYGUARD,DEAD,Sample3
7,status,11,POSSESSED,DEAD,Sample14
7,status,12,VILLAGER,DEAD,Sample2
7,status,13,VILLAGER,ALIVE,Sample13
7,status,14,VILLAGER,DEAD,Sample1
7,status,15,VILLAGER,DEAD,cash_dqn
7,talk,0,0,13,Skip
7,talk,1,0,9,Skip
7,talk,2,0,3,ESTIMATE Agent[13] WEREWOLF
7,talk,3,1,9,Skip
7,talk,4,1,13,Skip
7,talk,5,1,3,Skip
7,talk,6,2,13,VOTE Agent[09]
7,talk,7,2,9,VOTE Agent[03]
7,talk,8,2,3,VOTE Agent[13]
7,talk,9,3,13,Skip
7,talk,10,3,9,Skip
7,talk,11,3,3,Skip
7,talk,12,4,3,Skip
7,talk,13,4,9,Skip
7,talk,14,4,13,Skip
7,talk,15,5,13,Over
7,talk,16,5,3,Over
7,talk,17,5,9,Over
7,vote,3,13
7,vote,9,3
7,vote,13,9
7,vote,3,13
7,vote,9,3
7,vote,13,9
7,execute,13,VILLAGER
7,attackVote,3,9
7,attack,9,true
8,status,1,VILLAGER,DEAD,Sample9
8,status,2,WEREWOLF,DEAD,Sample12
8,status,3,WEREWOLF,ALIVE,Sample8
8,status,4,WEREWOLF,DEAD,Sample11
8,status,5,VILLAGER,DEAD,Sample7
8,status,6,SEER,DEAD,Sample10
8,status,7,MEDIUM,DEAD,Sample6
8,status,8,VILLAGER,DEAD,Sample5
8,status,9,VILLAGER,DEAD,Sample4
8,status,10,BODYGUARD,DEAD,Sample3
8,status,11,POSSESSED,DEAD,Sample14
8,status,12,VILLAGER,DEAD,Sample2
8,status,13,VILLAGER,DEAD,Sample13
8,status,14,VILLAGER,DEAD,Sample1
8,status,15,VILLAGER,DEAD,cash_dqn
8,result,0,1,WEREWOLF
