0,status,1,VILLAGER,ALIVE,Sample9
0,status,2,POSSESSED,ALIVE,Sample12
0,status,3,WEREWOLF,ALIVE,Sample8
0,status,4,VILLAGER,ALIVE,Sample11
0,status,5,VILLAGER,ALIVE,Sample7
0,status,6,VILLAGER,ALIVE,Sample10
0,status,7,VILLAGER,ALIVE,Sample6
0,status,8,VILLAGER,ALIVE,Sample5
0,status,9,WEREWOLF,ALIVE,Sample4
0,status,10,BODYGUARD,ALIVE,Sample3
0,status,11,WEREWOLF,ALIVE,Sample14
0,status,12,VILLAGER,ALIVE,Sample2
0,status,13,SEER,ALIVE,Sample13
0,status,14,VILLAGER,ALIVE,Sample1
0,status,15,MEDIUM,ALIVE,cash_dqn
0,whisper,0,0,11,COMINGOUT Agent[11] MEDIUM
0,whisper,1,0,9,COMINGOUT Agent[09] VILLAGER
0,whisper,2,0,3,COMINGOUT Agent[03] MEDIUM
0,whisper,3,1,3,ATTACK Agent[01]
0,whisper,4,1,9,ATTACK Agent[10]
0,whisper,5,1,11,ATTACK Agent[05]
0,whisper,6,2,3,Skip
0,whisper,7,2,11,Skip
0,whisper,8,2,9,Skip
0,whisper,9,3,9,Skip
0,whisper,10,3,11,Skip
0,whisper,11,3,3,Skip
0,whisper,12,4,9,Over
0,whisper,13,4,3,Over
0,whisper,14,4,11,Over
0,divine,13,8,HUMAN
1,status,1,VILLAGER,ALIVE,Sample9
1,status,2,POSSESSED,ALIVE,Sample12
1,status,3,WEREWOLF,ALIVE,Sample8
1,status,4,VILLAGER,ALIVE,Sample11
1,status,5,VILLAGER,ALIVE,Sample7
1,status,6,VILLAGER,ALIVE,Sample10
1,status,7,VILLAGER,ALIVE,Sample6
1,status,8,VILLAGER,ALIVE,Sample5
1,status,9,WEREWOLF,ALIVE,Sample4
1,status,10,BODYGUARD,ALIVE,Sample3
1,status,11,WEREWOLF,ALIVE,Sample14
1,status,12,VILLAGER,ALIVE,Sample2
1,status,13,SEER,ALIVE,Sample13
1,status,14,VILLAGER,ALIVE,Sample1
1,status,15,MEDIUM,ALIVE,cash_dqn
1,talk,0,0,12,Skip
1,talk,1,0,7,Skip
1,talk,2,0,8,Skip
1,talk,3,0,2,Skip
1,talk,4,0,10,Skip
1,talk,5,0,4,Skip
1,talk,6,0,13,Skip
1,talk,7,0,14,Skip
1,talk,8,0,5,Skip
1,talk,9,0,11,ESTIMATE Agent[15] WEREWOLF
1,talk,10,0,1,Skip
1,talk,11,0,3,COMINGOUT Agent[03] MEDIUM
1,talk,12,0,9,ESTIMATE Agent[10] WEREWOLF
1,talk,13,0,15,Over
1,talk,14,0,6,Skip
1,talk,15,1,11,Skip
1,talk,16,1,1,Skip
1,talk,17,1,9,Skip
1,talk,18,1,4,Skip
1,talk,19,1,10,Skip
1,talk,20,1,6,Skip
1,talk,21,1,2,Skip
1,talk,22,1,7,Skip
1,talk,23,1,14,Skip
1,talk,24,1,8,Skip
1,talk,25,1,15,Over
1,talk,26,1,12,Skip
1,talk,27,1,13,Skip
1,talk,28,1,5,Skip
1,talk,29,1,3,ESTIMATE Agent[04] WEREWOLF
1,talk,30,2,1,VOTE Agent[07]
1,talk,31,2,12,VOTE Agent[03]
1,talk,32,2,2,VOTE Agent[14]
1,talk,33,2,11,VOTE Agent[15]
1,talk,34,2,7,VOTE Agent[01]
1,talk,35,2,14,VOTE Agent[13]
1,talk,36,2,5,VOTE Agent[03]
1,talk,37,2,9,VOTE Agent[10]
1,talk,38,2,8,VOTE Agent[09]
1,talk,39,2,15,Over
1,talk,40,2,4,VOTE Agent[09]
1,talk,41,2,13,VOTE Agent[07]
1,talk,42,2,6,VOTE Agent[03]
1,talk,43,2,3,VOTE Agent[04]
1,talk,44,2,10,VOTE Agent[08]
1,talk,45,3,15,Over
1,talk,46,3,2,Skip
1,talk,47,3,7,Skip
1,talk,48,3,10,Skip
1,talk,49,3,1,Skip
1,talk,50,3,14,Skip
1,talk,51,3,9,Skip
1,talk,52,3,8,Skip
1,talk,53,3,11,Skip
1,talk,54,3,6,Skip
1,talk,55,3,5,Skip
1,talk,56,3,4,Skip
1,talk,57,3,12,Skip
1,talk,58,3,13,Skip
1,talk,59,3,3,Skip
1,talk,60,4,9,Skip
1,talk,61,4,6,Skip
1,talk,62,4,3,Skip
1,talk,63,4,13,Skip
1,talk,64,4,2,Skip
1,talk,65,4,10,Skip
1,talk,66,4,11,Skip
1,talk,67,4,12,Skip
1,talk,68,4,1,Skip
1,talk,69,4,7,Skip
1,talk,70,4,8,Skip
1,talk,71,4,15,Over
1,talk,72,4,4,Skip
1,talk,73,4,14,Skip
1,talk,74,4,5,Skip
1,talk,75,5,8,Over
1,talk,76,5,13,Over
1,talk,77,5,7,Over
1,talk,78,5,2,Over
1,talk,79,5,3,Over
1,talk,80,5,11,Over
1,talk,81,5,1,Over
1,talk,82,5,14,Over
1,talk,83,5,4,Over
1,talk,84,5,15,Over
1,talk,85,5,5,Over
1,talk,86,5,10,Over
1,talk,87,5,6,Over
1,talk,88,5,9,Over
1,talk,89,5,12,Over
1,vote,1,7
1,vote,2,14
1,vote,3,4
1,vote,4,9
1,vote,5,3
1,vote,6,3
1,vote,7,1
1,vote,8,9
1,vote,9,10
1,vote,10,8
1,vote,11,15
1,vote,12,3
1,vote,13,7
1,vote,14,13
1,vote,15,1
1,execute,3,WEREWOLF
1,divine,13,4,HUMAN
1,whisper,0,0,11,COMINGOUT Agent[11] VILLAGER
1,whisper,1,0,9,ATTACK Agent[13]
1,whisper,2,1,9,Skip
1,whisper,3,1,11,ATTACK Agent[02]
1,whisper,4,2,11,Skip
1,whisper,5,2,9,Skip
1,whisper,6,3,11,Skip
1,whisper,7,3,9,Over
1,whisper,8,4,11,Over
1,whisper,9,4,9,Over
1,guard,10,2,POSSESSED
1,attack,13,true
2,status,1,VILLAGER,ALIVE,Sample9
2,status,2,POSSESSED,ALIVE,Sample12
2,status,3,WEREWOLF,DEAD,Sample8
2,status,4,VILLAGER,ALIVE,Sample11
2,status,5,VILLAGER,ALIVE,Sample7
2,status,6,VILLAGER,ALIVE,Sample10
2,status,7,VILLAGER,ALIVE,Sample6
2,status,8,VILLAGER,ALIVE,Sample5
2,status,9,WEREWOLF,ALIVE,Sample4
2,status,10,BODYGUARD,ALIVE,Sample3
2,status,11,WEREWOLF,ALIVE,Sample14
2,status,12,VILLAGER,ALIVE,Sample2
2,status,13,SEER,DEAD,Sample13
2,status,14,VILLAGER,ALIVE,Sample1
2,status,15,MEDIUM,ALIVE,cash_dqn
2,talk,0,0,11,ESTIMATE Agent[06] WEREWOLF
2,talk,1,0,1,Skip
2,talk,2,0,15,Over
2,talk,3,0,2,Skip
2,talk,4,0,14,Skip
2,talk,5,0,9,ESTIMATE Agent[05] WEREWOLF
2,talk,6,0,10,Skip
2,talk,7,0,5,Skip
2,talk,8,0,4,Skip
2,talk,9,0,6,Skip
2,talk,10,0,8,Skip
2,talk,11,0,7,Skip
2,talk,12,0,12,Skip
2,talk,13,1,11,Skip
2,talk,14,1,7,Skip
2,talk,15,1,4,Skip
2,talk,16,1,10,Skip
2,talk,17,1,2,Skip
2,talk,18,1,12,Skip
2,talk,19,1,8,Skip
2,talk,20,1,15,Over
2,talk,21,1,14,Skip
2,talk,22,1,1,Skip
2,talk,23,1,6,Skip
2,talk,24,1,5,Skip
2,talk,25,1,9,Skip
2,talk,26,2,4,VOTE Agent[10]
2,talk,27,2,10,VOTE Agent[07]
2,talk,28,2,9,VOTE Agent[05]
2,talk,29,2,12,VOTE Agent[09]
2,talk,30,2,14,VOTE Agent[08]
2,talk,31,2,1,VOTE Agent[10]
2,talk,32,2,2,VOTE Agent[01]
2,talk,33,2,8,VOTE Agent[11]
2,talk,34,2,15,Over
2,talk,35,2,6,VOTE Agent[11]
2,talk,36,2,11,VOTE Agent[06]
2,talk,37,2,5,VOTE Agent[15]
2,talk,38,2,7,VOTE Agent[05]
2,talk,39,3,12,Skip
2,talk,40,3,14,Skip
2,talk,41,3,7,Skip
2,talk,42,3,2,Skip
2,talk,43,3,10,Skip
2,talk,44,3,8,Skip
2,talk,45,3,5,Skip
2,talk,46,3,9,Skip
2,talk,47,3,6,Skip
2,talk,48,3,11,Skip
2,talk,49,3,1,Skip
2,talk,50,3,15,Over
2,talk,51,3,4,Skip
2,talk,52,4,14,Skip
2,talk,53,4,8,Skip
2,talk,54,4,5,Skip
2,talk,55,4,15,Over
2,talk,56,4,2,Skip
2,talk,57,4,11,Skip
2,talk,58,4,7,Skip
2,talk,59,4,9,Skip
2,talk,60,4,4,Skip
2,talk,61,4,10,Skip
2,talk,62,4,1,Skip
2,talk,63,4,12,Skip
2,talk,64,4,6,Skip
2,talk,65,5,12,Over
2,talk,66,5,1,Over
2,talk,67,5,8,Over
2,talk,68,5,14,Over
2,talk,69,5,4,Over
2,talk,70,5,7,Over
2,talk,71,5,6,Over
2,talk,72,5,15,Over
2,talk,73,5,5,Over
2,talk,74,5,10,Over
2,talk,75,5,2,Over
2,talk,76,5,11,Over
2,talk,77,5,9,Over
2,vote,1,10
2,vote,2,1
2,vote,4,10
2,vote,5,15
2,vote,6,11
2,vote,7,5
2,vote,8,11
2,vote,9,5
2,vote,10,7
2,vote,11,6
2,vote,12,9
2,vote,14,8
2,vote,15,11
2,execute,11,WEREWOLF
2,guard,10,5,VILLAGER
2,attackVote,9,7
2,attack,7,true
3,status,1,VILLAGER,ALIVE,Sample9
3,status,2,POSSESSED,ALIVE,Sample12
3,status,3,WEREWOLF,DEAD,Sample8
3,status,4,VILLAGER,ALIVE,Sample11
3,status,5,VILLAGER,ALIVE,Sample7
3,status,6,VILLAGER,ALIVE,Sample10
3,status,7,VILLAGER,DEAD,Sample6
3,status,8,VILLAGER,ALIVE,Sample5
3,status,9,WEREWOLF,ALIVE,Sample4
3,status,10,BODYGUARD,ALIVE,Sample3
3,status,11,WEREWOLF,DEAD,Sample14
3,status,12,VILLAGER,ALIVE,Sample2
3,status,13,SEER,DEAD,Sample13
3,status,14,VILLAGER,ALIVE,Sample1
3,status,15,MEDIUM,ALIVE,cash_dqn
3,talk,0,0,10,Skip
3,talk,1,0,12,Skip
3,talk,2,0,6,Skip
3,talk,3,0,9,ESTIMATE Agent[15] WEREWOLF
3,talk,4,0,4,Skip
3,talk,5,0,1,Skip
3,talk,6,0,2,Skip
3,talk,7,0,8,Skip
3,talk,8,0,14,Skip
3,talk,9,0,5,Skip
3,talk,10,0,15,Over
3,talk,11,1,5,Skip
3,talk,12,1,8,Skip
3,talk,13,1,14,Skip
3,talk,14,1,2,Skip
3,talk,15,1,6,Skip
3,talk,16,1,12,Skip
3,talk,17,1,15,Over
3,talk,18,1,4,Skip
3,talk,19,1,1,Skip
3,talk,20,1,10,Skip
3,talk,21,1,9,Skip
3,talk,22,2,9,VOTE Agent[15]
3,talk,23,2,10,VOTE Agent[09]
3,talk,24,2,2,VOTE Agent[08]
3,talk,25,2,8,VOTE Agent[06]
3,talk,26,2,5,VOTE Agent[06]
3,talk,27,2,6,VOTE Agent[15]
3,talk,28,2,15,Over
3,talk,29,2,14,VOTE Agent[04]
3,talk,30,2,12,VOTE Agent[01]
3,talk,31,2,4,VOTE Agent[09]
3,talk,32,2,1,VOTE Agent[04]
3,talk,33,3,12,Skip
3,talk,34,3,14,Skip
3,talk,35,3,5,Skip
3,talk,36,3,2,Skip
3,talk,37,3,9,Skip
3,talk,38,3,15,Over
3,talk,39,3,4,Skip
3,talk,40,3,10,Skip
3,talk,41,3,8,Skip
3,talk,42,3,6,Skip
3,talk,43,3,1,Skip
3,talk,44,4,9,Skip
3,talk,45,4,10,Skip
3,talk,46,4,4,Skip
3,talk,47,4,12,Skip
3,talk,48,4,1,Skip
3,talk,49,4,6,Skip
3,talk,50,4,2,Skip
3,talk,51,4,14,Skip
3,talk,52,4,5,Skip
3,talk,53,4,8,Skip
3,talk,54,4,15,Over
3,talk,55,5,4,Over
3,talk,56,5,8,Over
3,talk,57,5,12,Over
3,talk,58,5,9,Over
3,talk,59,5,6,Over
3,talk,60,5,15,Over
3,talk,61,5,2,Over
3,talk,62,5,14,Over
3,talk,63,5,10,Over
3,talk,64,5,1,Over
3,talk,65,5,5,Over
3,vote,1,4
3,vote,2,8
3,vote,4,9
3,vote,5,6
3,vote,6,15
3,vote,8,6
3,vote,9,15
3,vote,10,9
3,vote,12,1
3,vote,14,4
3,vote,15,12
3,vote,1,4
3,vote,2,8
3,vote,4,9
3,vote,5,6
3,vote,6,15
3,vote,8,6
3,vote,9,15
3,vote,10,9
3,vote,12,1
3,vote,14,4
3,vote,15,6
3,execute,6,VILLAGER
3,guard,10,9,WEREWOLF
3,attackVote,9,5
3,attack,5,true
4,status,1,VILLAGER,ALIVE,Sample9
4,status,2,POSSESSED,ALIVE,Sample12
4,status,3,WEREWOLF,DEAD,Sample8
4,status,4,VILLAGER,ALIVE,Sample11
4,status,5,VILLAGER,DEAD,Sample7
4,status,6,VILLAGER,DEAD,Sample10
4,status,7,VILLAGER,DEAD,Sample6
4,status,8,VILLAGER,ALIVE,Sample5
4,status,9,WEREWOLF,ALIVE,Sample4
4,status,10,BODYGUARD,ALIVE,Sample3
4,status,11,WEREWOLF,DEAD,Sample14
4,status,12,VILLAGER,ALIVE,Sample2
4,status,13,SEER,DEAD,Sample13
4,status,14,VILLAGER,ALIVE,Sample1
4,status,15,MEDIUM,ALIVE,cash_dqn
4,talk,0,0,4,Skip
4,talk,1,0,8,Skip
4,talk,2,0,2,Skip
4,talk,3,0,9,ESTIMATE Agent[04] WEREWOLF
4,talk,4,0,14,Skip
4,talk,5,0,1,Skip
4,talk,6,0,10,Skip
4,talk,7,0,15,Over
4,talk,8,0,12,Skip
4,talk,9,1,2,Skip
4,talk,10,1,12,Skip
4,talk,11,1,9,Skip
4,talk,12,1,1,Skip
4,talk,13,1,14,Skip
4,talk,14,1,10,Skip
4,talk,15,1,8,Skip
4,talk,16,1,15,Over
4,talk,17,1,4,Skip
4,talk,18,2,4,VOTE Agent[12]
4,talk,19,2,8,VOTE Agent[12]
4,talk,20,2,10,VOTE Agent[12]
4,talk,21,2,14,VOTE Agent[09]
4,talk,22,2,15,Over
4,talk,23,2,1,VOTE Agent[08]
4,talk,24,2,12,VOTE Agent[15]
4,talk,25,2,2,VOTE Agent[11]
4,talk,26,2,9,VOTE Agent[04]
4,talk,27,3,4,Skip
4,talk,28,3,1,Skip
4,talk,29,3,2,Skip
4,talk,30,3,8,Skip
4,talk,31,3,12,Skip
4,talk,32,3,10,Skip
4,talk,33,3,14,Skip
4,talk,34,3,9,Skip
4,talk,35,3,15,Over
4,talk,36,4,15,Over
4,talk,37,4,14,Skip
4,talk,38,4,4,Skip
4,talk,39,4,1,Skip
4,talk,40,4,9,Skip
4,talk,41,4,12,Skip
4,talk,42,4,2,Skip
4,talk,43,4,10,Skip
4,talk,44,4,8,Skip
4,talk,45,5,10,Over
4,talk,46,5,4,Over
4,talk,47,5,2,Over
4,talk,48,5,14,Over
4,talk,49,5,1,Over
4,talk,50,5,15,Over
4,talk,51,5,9,Over
4,talk,52,5,12,Over
4,talk,53,5,8,Over
4,vote,1,8
4,vote,2,15
4,vote,4,12
4,vote,8,12
4,vote,9,4
4,vote,10,12
4,vote,12,15
4,vote,14,9
4,vote,15,10
4,execute,12,VILLAGER
4,guard,10,1,VILLAGER
4,attackVote,9,2
4,attack,2,true
5,status,1,VILLAGER,ALIVE,Sample9
5,status,2,POSSESSED,DEAD,Sample12
5,status,3,WEREWOLF,DEAD,Sample8
5,status,4,VILLAGER,ALIVE,Sample11
5,status,5,VILLAGER,DEAD,Sample7
5,status,6,VILLAGER,DEAD,Sample10
5,status,7,VILLAGER,DEAD,Sample6
5,status,8,VILLAGER,ALIVE,Sample5
5,status,9,WEREWOLF,ALIVE,Sample4
5,status,10,BODYGUARD,ALIVE,Sample3
5,status,11,WEREWOLF,DEAD,Sample14
5,status,12,VILLAGER,DEAD,Sample2
5,status,13,SEER,DEAD,Sample13
5,status,14,VILLAGER,ALIVE,Sample1
5,status,15,MEDIUM,ALIVE,cash_dqn
5,talk,0,0,9,ESTIMATE Agent[04] WEREWOLF
5,talk,1,0,14,Skip
5,talk,2,0,8,Skip
5,talk,3,0,15,Over
5,talk,4,0,10,Skip
5,talk,5,0,4,Skip
5,talk,6,0,1,Skip
5,talk,7,1,9,Skip
5,talk,8,1,15,Over
5,talk,9,1,14,Skip
5,talk,10,1,1,Skip
5,talk,11,1,10,Skip
5,talk,12,1,8,Skip
5,talk,13,1,4,Skip
5,talk,14,2,8,VOTE Agent[10]
5,talk,15,2,1,VOTE Agent[15]
5,talk,16,2,14,VOTE Agent[08]
5,talk,17,2,10,VOTE Agent[15]
5,talk,18,2,4,VOTE Agent[14]
5,talk,19,2,9,VOTE Agent[04]
5,talk,20,2,15,Over
5,talk,21,3,1,Skip
5,talk,22,3,4,Skip
5,talk,23,3,15,Over
5,talk,24,3,14,Skip
5,talk,25,3,10,Skip
5,talk,26,3,8,Skip
5,talk,27,3,9,Skip
5,talk,28,4,10,Skip
5,talk,29,4,1,Skip
5,talk,30,4,14,Skip
5,talk,31,4,4,Skip
5,talk,32,4,8,Skip
5,talk,33,4,9,Skip
5,talk,34,4,15,Over
5,talk,35,5,9,Over
5,talk,36,5,14,Over
5,talk,37,5,4,Over
5,talk,38,5,1,Over
5,talk,39,5,10,Over
5,talk,40,5,15,Over
5,talk,41,5,8,Over
5,vote,1,15
5,vote,4,14
5,vote,8,10
5,vote,9,4
5,vote,10,15
5,vote,14,8
5,vote,15,10
5,vote,1,15
5,vote,4,14
5,vote,8,10
5,vote,9,4
5,vote,10,15
5,vote,14,8
5,vote,15,14
5,execute,15,MEDIUM
5,guard,10,4,VILLAGER
5,attackVote,9,10
5,attack,10,true
6,status,1,VILLAGER,ALIVE,Sample9
6,status,2,POSSESSED,DEAD,Sample12
6,status,3,WEREWOLF,DEAD,Sample8
6,status,4,VILLAGER,ALIVE,Sample11
6,status,5,VILLAGER,DEAD,Sample7
6,status,6,VILLAGER,DEAD,Sample10
6,status,7,VILLAGER,DEAD,Sample6
6,status,8,VILLAGER,ALIVE,Sample5
6,status,9,WEREWOLF,ALIVE,Sample4
6,status,10,BODYGUARD,DEAD,Sample3
6,status,11,WEREWOLF,DEAD,Sample14
6,status,12,VILLAGER,DEAD,Sample2
6,status,13,SEER,DEAD,Sample13
6,status,14,VILLAGER,ALIVE,Sample1
6,status,15,MEDIUM,DEAD,cash_dqn
6,talk,0,0,8,Skip
6,talk,1,0,9,ESTIMATE Agent[14] WEREWOLF
6,talk,2,0,14,Skip
6,talk,3,0,1,Skip
6,talk,4,0,4,Skip
6,talk,5,1,9,Skip
6,talk,6,1,8,Skip
6,talk,7,1,14,Skip
6,talk,8,1,1,Skip
6,talk,9,1,4,Skip
6,talk,10,2,9,VOTE Agent[14]
6,talk,11,2,8,VOTE Agent[01]
6,talk,12,2,14,VOTE Agent[04]
6,talk,13,2,1,VOTE Agent[08]
6,talk,14,2,4,VOTE Agent[09]
6,talk,15,3,1,Skip
6,talk,16,3,4,Skip
6,talk,17,3,14,Skip
6,talk,18,3,9,Skip
6,talk,19,3,8,Skip
6,talk,20,4,14,Skip
6,talk,21,4,9,Skip
6,talk,22,4,1,Skip
6,talk,23,4,4,Skip
6,talk,24,4,8,Skip
6,talk,25,5,4,Over
6,talk,26,5,1,Over
6,talk,27,5,9,Over
6,talk,28,5,8,Over
6,talk,29,5,14,Over
6,vote,1,8
6,vote,4,9
6,vote,8,1
6,vote,9,14
6,vote,14,4
6,vote,1,8
6,vote,4,9
6,vote,8,1
6,vote,9,14
6,vote,14,4
6,execute,1,VILLAGER
6,attackVote,9,14
6,attack,14,true
7,status,1,VILLAGER,DEAD,Sample9
7,status,2,POSSESSED,DEAD,Sample12
7,status,3,WEREWOLF,DEAD,Sample8
7,status,4,VILLAGER,ALIVE,Sample11
7,status,5,VILLAGER,DEAD,Sample7
7,status,6,VILLAGER,DEAD,Sample10
7,status,7,VILLAGER,DEAD,Sample6
7,status,8,VILLAGER,ALIVE,Sample5
7,status,9,WEREWOLF,ALIVE,Sample4
7,status,10,BODYGUARD,DEAD,Sample3
7,status,11,WEREWOLF,DEAD,Sample14
7,status,12,VILLAGER,DEAD,Sample2
7,status,13,SEER,DEAD,Sample13
7,status,14,VILLAGER,DEAD,Sample1
7,status,15,MEDIUM,DEAD,cash_dqn
7,talk,0,0,9,ESTIMATE Agent[08] WEREWOLF
7,talk,1,0,4,Skip
7,talk,2,0,8,Skip
7,talk,3,1,8,Skip
7,talk,4,1,9,Skip
7,talk,5,1,4,Skip
7,talk,6,2,4,VOTE Agent[08]
7,talk,7,2,8,VOTE Agent[04]
7,talk,8,2,9,VOTE Agent[08]
7,talk,9,3,9,Skip
7,talk,10,3,8,Skip
7,talk,11,3,4,Skip
7,talk,12,4,9,Skip
7,talk,13,4,4,Skip
7,talk,14,4,8,Skip
7,talk,15,5,8,Over
7,talk,16,5,4,Over
7,talk,17,5,9,Over
7,vote,4,8
7,vote,8,4
7,vote,9,8
7,execute,8,VILLAGER
7,attackVote,9,4
7,attack,4,true
8,status,1,VILLAGER,DEAD,Sample9
8,status,2,POSSESSED,DEAD,Sample12
8,status,3,WEREWOLF,DEAD,Sample8
8,status,4,VILLAGER,DEAD,Sample11
8,status,5,VILLAGER,DEAD,Sample7
8,status,6,VILLAGER,DEAD,Sample10
8,status,7,VILLAGER,DEAD,Sample6
8,status,8,VILLAGER,DEAD,Sample5
8,status,9,WEREWOLF,ALIVE,Sample4
8,status,10,BODYGUARD,DEAD,Sample3
8,status,11,WEREWOLF,DEAD,Sample14
8,status,12,VILLAGER,DEAD,Sample2
8,status,13,SEER,DEAD,Sample13
8,status,14,VILLAGER,DEAD,Sample1
8,status,15,MEDIUM,DEAD,cash_dqn
8,result,0,1,WEREWOLF
