0,status,1,WEREWOLF,ALIVE,Sample9
0,status,2,VILLAGER,ALIVE,Sample12
0,status,3,WEREWOLF,ALIVE,Sample8
0,status,4,BODYGUARD,ALIVE,Sample11
0,status,5,VILLAGER,ALIVE,Sample7
0,status,6,MEDIUM,ALIVE,Sample10
0,status,7,VILLAGER,ALIVE,Sample6
0,status,8,VILLAGER,ALIVE,Sample5
0,status,9,VILLAGER,ALIVE,Sample4
0,status,10,SEER,ALIVE,Sample3
0,status,11,VILLAGER,ALIVE,Sample14
0,status,12,VILLAGER,ALIVE,Sample2
0,status,13,POSSESSED,ALIVE,Sample13
0,status,14,VILLAGER,ALIVE,Sample1
0,status,15,WEREWOLF,ALIVE,cash_dqn
0,whisper,0,0,15,Over
0,whisper,1,0,3,COMINGOUT Agent[03] SEER
0,whisper,2,0,1,COMINGOUT Agent[01] VILLAGER
0,whisper,3,1,1,ATTACK Agent[14]
0,whisper,4,1,15,Over
0,whisper,5,1,3,ATTACK Agent[13]
0,whisper,6,2,1,Skip
0,whisper,7,2,15,Over
0,whisper,8,2,3,Skip
0,whisper,9,3,3,Skip
0,whisper,10,3,1,Skip
0,whisper,11,3,15,Over
0,whisper,12,4,3,Over
0,whisper,13,4,1,Over
0,whisper,14,4,15,Over
0,divine,10,8,HUMAN
1,status,1,WEREWOLF,ALIVE,Sample9
1,status,2,VILLAGER,ALIVE,Sample12
1,status,3,WEREWOLF,ALIVE,Sample8
1,status,4,BODYGUARD,ALIVE,Sample11
1,status,5,VILLAGER,ALIVE,Sample7
1,status,6,MEDIUM,ALIVE,Sample10
1,status,7,VILLAGER,ALIVE,Sample6
1,status,8,VILLAGER,ALIVE,Sample5
1,status,9,VILLAGER,ALIVE,Sample4
1,status,10,SEER,ALIVE,Sample3
1,status,11,VILLAGER,ALIVE,Sample14
1,status,12,VILLAGER,ALIVE,Sample2
1,status,13,POSSESSED,ALIVE,Sample13
1,status,14,VILLAGER,ALIVE,Sample1
1,status,15,WEREWOLF,ALIVE,cash_dqn
1,talk,0,0,6,Skip
1,talk,1,0,1,ESTIMATE Agent[13] WEREWOLF
1,talk,2,0,15,Over
1,talk,3,0,14,Skip
1,talk,4,0,9,Skip
1,talk,5,0,7,Skip
1,talk,6,0,12,Skip
1,talk,7,0,8,Skip
1,talk,8,0,10,Skip
1,talk,9,0,13,Skip
1,talk,10,0,5,Skip
1,talk,11,0,4,Skip
1,talk,12,0,3,ESTIMATE Agent[10] WEREWOLF
1,talk,13,0,2,Skip
1,talk,14,0,11,Skip
1,talk,15,1,8,Skip
1,talk,16,1,7,Skip
1,talk,17,1,11,Skip
1,talk,18,1,9,Skip
1,talk,19,1,10,Skip
1,talk,20,1,5,Skip
1,talk,21,1,14,Skip
1,talk,22,1,4,Skip
1,talk,23,1,2,Skip
1,talk,24,1,12,Skip
1,talk,25,1,13,Skip
1,talk,26,1,3,Skip
1,talk,27,1,6,Skip
1,talk,28,1,1,Skip
1,talk,29,1,15,Over
1,talk,30,2,8,VOTE Agent[09]
1,talk,31,2,5,VOTE Agent[06]
1,talk,32,2,11,VOTE Agent[03]
1,talk,33,2,1,VOTE Agent[13]
1,talk,34,2,15,Over
1,talk,35,2,4,VOTE Agent[08]
1,talk,36,2,13,VOTE Agent[04]
1,talk,37,2,9,VOTE Agent[11]
1,talk,38,2,10,VOTE Agent[03]
1,talk,39,2,14,VOTE Agent[02]
1,talk,40,2,3,VOTE Agent[10]
1,talk,41,2,7,VOTE Agent[03]
1,talk,42,2,6,VOTE Agent[10]
1,talk,43,2,12,VOTE Agent[15]
1,talk,44,2,2,VOTE Agent[09]
1,talk,45,3,1,Skip
1,talk,46,3,9,Skip
1,talk,47,3,14,Skip
1,talk,48,3,4,Skip
1,talk,49,3,7,Skip
1,talk,50,3,5,Skip
1,talk,51,3,12,Skip
1,talk,52,3,8,Skip
1,talk,53,3,15,Over
1,talk,54,3,11,Skip
1,talk,55,3,3,Skip
1,talk,56,3,2,Skip
1,talk,57,3,10,Skip
1,talk,58,3,13,Skip
1,talk,59,3,6,Skip
1,talk,60,4,5,Skip
1,talk,61,4,3,Skip
1,talk,62,4,12,Skip
1,talk,63,4,4,Skip
1,talk,64,4,2,Skip
1,talk,65,4,8,Skip
1,talk,66,4,9,Skip
1,talk,67,4,7,Skip
1,talk,68,4,1,Skip
1,talk,69,4,6,Skip
1,talk,70,4,15,Over
1,talk,71,4,14,Skip
1,talk,72,4,13,Skip
1,talk,73,4,11,Skip
1,talk,74,4,10,Skip
1,talk,75,5,5,Over
1,talk,76,5,14,Over
1,talk,77,5,10,Over
1,talk,78,5,4,Over
1,talk,79,5,12,Over
1,talk,80,5,13,Over
1,talk,81,5,2,Over
1,talk,82,5,11,Over
1,talk,83,5,9,Over
1,talk,84,5,7,Over
1,talk,85,5,1,Over
1,talk,86,5,3,Over
1,talk,87,5,8,Over
1,talk,88,5,15,Over
1,talk,89,5,6,Over
1,vote,1,13
1,vote,2,9
1,vote,3,10
1,vote,4,8
1,vote,5,6
1,vote,6,10
1,vote,7,3
1,vote,8,9
1,vote,9,11
1,vote,10,3
1,vote,11,3
1,vote,12,15
1,vote,13,4
1,vote,14,2
1,vote,15,4
1,execute,3,WEREWOLF
1,divine,10,5,HUMAN
1,whisper,0,0,1,ATTACK Agent[02]
1,whisper,1,0,15,Over
1,whisper,2,1,1,Skip
1,whisper,3,1,15,Over
1,whisper,4,2,1,Skip
1,whisper,5,2,15,Over
1,whisper,6,3,1,Over
1,whisper,7,3,15,Over
1,guard,4,12,VILLAGER
1,attackVote,15,13
1,attack,13,true
2,status,1,WEREWOLF,ALIVE,Sample9
2,status,2,VILLAGER,ALIVE,Sample12
2,status,3,WEREWOLF,DEAD,Sample8
2,status,4,BODYGUARD,ALIVE,Sample11
2,status,5,VILLAGER,ALIVE,Sample7
2,status,6,MEDIUM,ALIVE,Sample10
2,status,7,VILLAGER,ALIVE,Sample6
2,status,8,VILLAGER,ALIVE,Sample5
2,status,9,VILLAGER,ALIVE,Sample4
2,status,10,SEER,ALIVE,Sample3
2,status,11,VILLAGER,ALIVE,Sample14
2,status,12,VILLAGER,ALIVE,Sample2
2,status,13,POSSESSED,DEAD,Sample13
2,status,14,VILLAGER,ALIVE,Sample1
2,status,15,WEREWOLF,ALIVE,cash_dqn
2,talk,0,0,11,Skip
2,talk,1,0,14,Skip
2,talk,2,0,4,Skip
2,talk,3,0,15,Over
2,talk,4,0,2,Skip
2,talk,5,0,5,Skip
2,talk,6,0,6,COMINGOUT Agent[06] MEDIUM
2,talk,7,0,8,Skip
2,talk,8,0,7,Skip
2,talk,9,0,10,Skip
2,talk,10,0,12,Skip
2,talk,11,0,9,Skip
2,talk,12,0,1,ESTIMATE Agent[06] WEREWOLF
2,talk,13,1,14,Skip
2,talk,14,1,12,Skip
2,talk,15,1,5,Skip
2,talk,16,1,4,Skip
2,talk,17,1,2,Skip
2,talk,18,1,6,DAY 2 (IDENTIFIED Agent[03] WEREWOLF)
2,talk,19,1,7,Skip
2,talk,20,1,10,Skip
2,talk,21,1,11,Skip
2,talk,22,1,1,Skip
2,talk,23,1,15,Over
2,talk,24,1,9,Skip
2,talk,25,1,8,Skip
2,talk,26,2,12,VOTE Agent[14]
2,talk,27,2,11,VOTE Agent[02]
2,talk,28,2,5,VOTE Agent[11]
2,talk,29,2,7,VOTE Agent[02]
2,talk,30,2,2,VOTE Agent[07]
2,talk,31,2,1,VOTE Agent[06]
2,talk,32,2,8,VOTE Agent[06]
2,talk,33,2,10,VOTE Agent[06]
2,talk,34,2,9,VOTE Agent[10]
2,talk,35,2,15,Over
2,talk,36,2,4,VOTE Agent[10]
2,talk,37,2,6,VOTE Agent[15]
2,talk,38,2,14,VOTE Agent[05]
2,talk,39,3,4,Skip
2,talk,40,3,9,Skip
2,talk,41,3,14,Skip
2,talk,42,3,15,Over
2,talk,43,3,7,Skip
2,talk,44,3,8,Skip
2,talk,45,3,2,Skip
2,talk,46,3,11,Skip
2,talk,47,3,12,Skip
2,talk,48,3,6,Skip
2,talk,49,3,1,Skip
2,talk,50,3,5,Skip
2,talk,51,3,10,Skip
2,talk,52,4,10,Skip
2,talk,53,4,9,Skip
2,talk,54,4,1,Skip
2,talk,55,4,4,Skip
2,talk,56,4,7,Skip
2,talk,57,4,15,Over
2,talk,58,4,12,Skip
2,talk,59,4,2,Skip
2,talk,60,4,11,Skip
2,talk,61,4,5,Skip
2,talk,62,4,8,Skip
2,talk,63,4,14,Skip
2,talk,64,4,6,Skip
2,talk,65,5,2,Over
2,talk,66,5,4,Over
2,talk,67,5,6,Over
2,talk,68,5,12,Over
2,talk,69,5,14,Over
2,talk,70,5,7,Over
2,talk,71,5,11,Over
2,talk,72,5,5,Over
2,talk,73,5,15,Over
2,talk,74,5,8,Over
2,talk,75,5,9,Over
2,talk,76,5,1,Over
2,talk,77,5,10,Over
2,vote,1,6
2,vote,2,7
2,vote,4,10
2,vote,5,11
2,vote,6,15
2,vote,7,2
2,vote,8,6
2,vote,9,10
2,vote,10,6
2,vote,11,2
2,vote,12,14
2,vote,14,5
2,vote,15,4
2,execute,6,MEDIUM
2,divine,10,12,HUMAN
2,whisper,0,0,15,Over
2,whisper,1,0,1,ATTACK Agent[08]
2,whisper,2,1,1,Skip
2,whisper,3,1,15,Over
2,whisper,4,2,15,Over
2,whisper,5,2,1,Skip
2,whisper,6,3,1,Over
2,whisper,7,3,15,Over
2,guard,4,9,VILLAGER
2,attackVote,15,5
2,attack,5,true
3,status,1,WEREWOLF,ALIVE,Sample9
3,status,2,VILLAGER,ALIVE,Sample12
3,status,3,WEREWOLF,DEAD,Sample8
3,status,4,BODYGUARD,ALIVE,Sample11
3,status,5,VILLAGER,DEAD,Sample7
3,status,6,MEDIUM,DEAD,Sample10
3,status,7,VILLAGER,ALIVE,Sample6
3,status,8,VILLAGER,ALIVE,Sample5
3,status,9,VILLAGER,ALIVE,Sample4
3,status,10,SEER,ALIVE,Sample3
3,status,11,VILLAGER,ALIVE,Sample14
3,status,12,VILLAGER,ALIVE,Sample2
3,status,13,POSSESSED,DEAD,Sample13
3,status,14,VILLAGER,ALIVE,Sample1
3,status,15,WEREWOLF,ALIVE,cash_dqn
3,talk,0,0,9,Skip
3,talk,1,0,1,ESTIMATE Agent[12] WEREWOLF
3,talk,2,0,12,Skip
3,talk,3,0,14,Skip
3,talk,4,0,8,Skip
3,talk,5,0,10,COMINGOUT Agent[10] SEER
3,talk,6,0,15,Over
3,talk,7,0,2,Skip
3,talk,8,0,4,Skip
3,talk,9,0,11,Skip
3,talk,10,0,7,Skip
3,talk,11,1,1,Skip
3,talk,12,1,11,Skip
3,talk,13,1,14,Skip
3,talk,14,1,7,Skip
3,talk,15,1,4,Skip
3,talk,16,1,2,Skip
3,talk,17,1,10,AND (DAY 1 (DIVINED Agent[08] HUMAN)) (DAY 2 (DIVINED Agent[05] HUMAN)) (DAY 3 (DIVINED Agent[12] HUMAN))
3,talk,18,1,9,Skip
3,talk,19,1,15,Over
3,talk,20,1,12,Skip
3,talk,21,1,8,Skip
3,talk,22,2,9,VOTE Agent[15]
3,talk,23,2,14,VOTE Agent[01]
3,talk,24,2,12,VOTE Agent[02]
3,talk,25,2,1,VOTE Agent[12]
3,talk,26,2,4,VOTE Agent[14]
3,talk,27,2,2,VOTE Agent[14]
3,talk,28,2,11,VOTE Agent[04]
3,talk,29,2,10,VOTE Agent[02]
3,talk,30,2,8,VOTE Agent[01]
3,talk,31,2,7,VOTE Agent[01]
3,talk,32,2,15,Over
3,talk,33,3,7,Skip
3,talk,34,3,9,Skip
3,talk,35,3,12,Skip
3,talk,36,3,10,Skip
3,talk,37,3,4,Skip
3,talk,38,3,15,Over
3,talk,39,3,14,Skip
3,talk,40,3,1,Skip
3,talk,41,3,11,Skip
3,talk,42,3,2,Skip
3,talk,43,3,8,Skip
3,talk,44,4,4,Skip
3,talk,45,4,2,Skip
3,talk,46,4,9,Skip
3,talk,47,4,15,Over
3,talk,48,4,12,Skip
3,talk,49,4,8,Skip
3,talk,50,4,1,Skip
3,talk,51,4,7,Skip
3,talk,52,4,11,Skip
3,talk,53,4,14,Skip
3,talk,54,4,10,Skip
3,talk,55,5,4,Over
3,talk,56,5,11,Over
3,talk,57,5,15,Over
3,talk,58,5,14,Over
3,talk,59,5,2,Over
3,talk,60,5,9,Over
3,talk,61,5,7,Over
3,talk,62,5,12,Over
3,talk,63,5,8,Over
3,talk,64,5,10,Over
3,talk,65,5,1,Over
3,vote,1,12
3,vote,2,14
3,vote,4,14
3,vote,7,1
3,vote,8,1
3,vote,9,15
3,vote,10,2
3,vote,11,4
3,vote,12,2
3,vote,14,1
3,vote,15,14
3,vote,1,12
3,vote,2,14
3,vote,4,14
3,vote,7,1
3,vote,8,1
3,vote,9,15
3,vote,10,2
3,vote,11,4
3,vote,12,2
3,vote,14,1
3,vote,15,14
3,execute,1,WEREWOLF
3,divine,10,4,HUMAN
3,guard,4,10,SEER
3,attackVote,15,8
3,attack,8,true
4,status,1,WEREWOLF,DEAD,Sample9
4,status,2,VILLAGER,ALIVE,Sample12
4,status,3,WEREWOLF,DEAD,Sample8
4,status,4,BODYGUARD,ALIVE,Sample11
4,status,5,VILLAGER,DEAD,Sample7
4,status,6,MEDIUM,DEAD,Sample10
4,status,7,VILLAGER,ALIVE,Sample6
4,status,8,VILLAGER,DEAD,Sample5
4,status,9,VILLAGER,ALIVE,Sample4
4,status,10,SEER,ALIVE,Sample3
4,status,11,VILLAGER,ALIVE,Sample14
4,status,12,VILLAGER,ALIVE,Sample2
4,status,13,POSSESSED,DEAD,Sample13
4,status,14,VILLAGER,ALIVE,Sample1
4,status,15,WEREWOLF,ALIVE,cash_dqn
4,talk,0,0,11,Skip
4,talk,1,0,2,Skip
4,talk,2,0,12,Skip
4,talk,3,0,15,Over
4,talk,4,0,10,DAY 4 (DIVINED Agent[04] HUMAN)
4,talk,5,0,7,Skip
4,talk,6,0,9,Skip
4,talk,7,0,14,Skip
4,talk,8,0,4,Skip
4,talk,9,1,7,Skip
4,talk,10,1,14,Skip
4,talk,11,1,11,Skip
4,talk,12,1,4,Skip
4,talk,13,1,12,Skip
4,talk,14,1,10,Skip
4,talk,15,1,9,Skip
4,talk,16,1,15,Over
4,talk,17,1,2,Skip
4,talk,18,2,9,VOTE Agent[11]
4,talk,19,2,11,VOTE Agent[04]
4,talk,20,2,7,VOTE Agent[02]
4,talk,21,2,4,VOTE Agent[07]
4,talk,22,2,2,VOTE Agent[14]
4,talk,23,2,10,VOTE Agent[15]
4,talk,24,2,12,VOTE Agent[07]
4,talk,25,2,14,VOTE Agent[12]
4,talk,26,2,15,Over
4,talk,27,3,11,Skip
4,talk,28,3,12,Skip
4,talk,29,3,9,Skip
4,talk,30,3,2,Skip
4,talk,31,3,15,Over
4,talk,32,3,7,Skip
4,talk,33,3,14,Skip
4,talk,34,3,10,Skip
4,talk,35,3,4,Skip
4,talk,36,4,2,Skip
4,talk,37,4,9,Skip
4,talk,38,4,11,Skip
4,talk,39,4,14,Skip
4,talk,40,4,15,Over
4,talk,41,4,12,Skip
4,talk,42,4,7,Skip
4,talk,43,4,10,Skip
4,talk,44,4,4,Skip
4,talk,45,5,14,Over
4,talk,46,5,4,Over
4,talk,47,5,2,Over
4,talk,48,5,9,Over
4,talk,49,5,15,Over
4,talk,50,5,10,Over
4,talk,51,5,11,Over
4,talk,52,5,12,Over
4,talk,53,5,7,Over
4,vote,2,14
4,vote,4,7
4,vote,7,2
4,vote,9,11
4,vote,10,15
4,vote,11,4
4,vote,12,7
4,vote,14,12
4,vote,15,11
4,vote,2,14
4,vote,4,7
4,vote,7,2
4,vote,9,11
4,vote,10,15
4,vote,11,4
4,vote,12,7
4,vote,14,12
4,vote,15,7
4,execute,7,VILLAGER
4,divine,10,15,WEREWOLF
4,guard,4,10,SEER
4,attackVote,15,9
4,attack,9,true
5,status,1,WEREWOLF,DEAD,Sample9
5,status,2,VILLAGER,ALIVE,Sample12
5,status,3,WEREWOLF,DEAD,Sample8
5,status,4,BODYGUARD,ALIVE,Sample11
5,status,5,VILLAGER,DEAD,Sample7
5,status,6,MEDIUM,DEAD,Sample10
5,status,7,VILLAGER,DEAD,Sample6
5,status,8,VILLAGER,DEAD,Sample5
5,status,9,VILLAGER,DEAD,Sample4
5,status,10,SEER,ALIVE,Sample3
5,status,11,VILLAGER,ALIVE,Sample14
5,status,12,VILLAGER,ALIVE,Sample2
5,status,13,POSSESSED,DEAD,Sample13
5,status,14,VILLAGER,ALIVE,Sample1
5,status,15,WEREWOLF,ALIVE,cash_dqn
5,talk,0,0,4,Skip
5,talk,1,0,14,Skip
5,talk,2,0,2,Skip
5,talk,3,0,15,Over
5,talk,4,0,11,Skip
5,talk,5,0,10,DAY 5 (DIVINED Agent[15] WEREWOLF)
5,talk,6,0,12,Skip
5,talk,7,1,12,Skip
5,talk,8,1,10,BECAUSE (DAY 5 (DIVINED Agent[15] WEREWOLF)) (REQUEST ANY (VOTE Agent[15]))
5,talk,9,1,2,Skip
5,talk,10,1,4,Skip
5,talk,11,1,14,Skip
5,talk,12,1,15,Over
5,talk,13,1,11,Skip
5,talk,14,2,10,INQUIRE ANY (VOTE Agent[15])
5,talk,15,2,12,VOTE Agent[10]
5,talk,16,2,4,VOTE Agent[11]
5,talk,17,2,11,VOTE Agent[12]
5,talk,18,2,14,VOTE Agent[04]
5,talk,19,2,2,VOTE Agent[15]
5,talk,20,2,15,Over
5,talk,21,3,10,BECAUSE (DIVINED Agent[15] WEREWOLF) (VOTE Agent[15])
5,talk,22,3,4,Skip
5,talk,23,3,11,Skip
5,talk,24,3,2,Skip
5,talk,25,3,14,Skip
5,talk,26,3,15,Over
5,talk,27,3,12,Skip
5,talk,28,4,10,Skip
5,talk,29,4,15,Over
5,talk,30,4,2,Skip
5,talk,31,4,12,Skip
5,talk,32,4,11,Skip
5,talk,33,4,4,Skip
5,talk,34,4,14,Skip
5,talk,35,5,4,Over
5,talk,36,5,12,Over
5,talk,37,5,15,Over
5,talk,38,5,11,Over
5,talk,39,5,14,Over
5,talk,40,5,10,Skip
5,talk,41,5,2,Over
5,talk,42,6,2,Over
5,talk,43,6,14,Over
5,talk,44,6,12,Over
5,talk,45,6,11,Over
5,talk,46,6,15,Over
5,talk,47,6,10,Over
5,talk,48,6,4,Over
5,vote,2,15
5,vote,4,11
5,vote,10,15
5,vote,11,12
5,vote,12,10
5,vote,14,4
5,vote,15,11
5,vote,2,15
5,vote,4,11
5,vote,10,15
5,vote,11,12
5,vote,12,10
5,vote,14,4
5,vote,15,12
5,execute,15,WEREWOLF
5,divine,10,2,HUMAN
5,guard,4,10,SEER
6,status,1,WEREWOLF,DEAD,Sample9
6,status,2,VILLAGER,ALIVE,Sample12
6,status,3,WEREWOLF,DEAD,Sample8
6,status,4,BODYGUARD,ALIVE,Sample11
6,status,5,VILLAGER,DEAD,Sample7
6,status,6,MEDIUM,DEAD,Sample10
6,status,7,VILLAGER,DEAD,Sample6
6,status,8,VILLAGER,DEAD,Sample5
6,status,9,VILLAGER,DEAD,Sample4
6,status,10,SEER,ALIVE,Sample3
6,status,11,VILLAGER,ALIVE,Sample14
6,status,12,VILLAGER,ALIVE,Sample2
6,status,13,POSSESSED,DEAD,Sample13
6,status,14,VILLAGER,ALIVE,Sample1
6,status,15,WEREWOLF,DEAD,cash_dqn
6,result,6,0,VILLAGER
