0,status,1,VILLAGER,ALIVE,Sample9
0,status,2,MEDIUM,ALIVE,Sample12
0,status,3,VILLAGER,ALIVE,Sample8
0,status,4,BODYGUARD,ALIVE,Sample11
0,status,5,VILLAGER,ALIVE,Sample7
0,status,6,WEREWOLF,ALIVE,Sample10
0,status,7,WEREWOLF,ALIVE,Sample6
0,status,8,VILLAGER,ALIVE,Sample5
0,status,9,VILLAGER,ALIVE,Sample4
0,status,10,VILLAGER,ALIVE,Sample3
0,status,11,SEER,ALIVE,Sample14
0,status,12,POSSESSED,ALIVE,Sample2
0,status,13,VILLAGER,ALIVE,Sample13
0,status,14,VILLAGER,ALIVE,Sample1
0,status,15,WEREWOLF,ALIVE,cash_dqn
0,whisper,0,0,7,COMINGOUT Agent[07] SEER
0,whisper,1,0,15,Over
0,whisper,2,0,6,COMINGOUT Agent[06] MEDIUM
0,whisper,3,1,7,ATTACK Agent[13]
0,whisper,4,1,15,Over
0,whisper,5,1,6,ATTACK Agent[04]
0,whisper,6,2,7,Skip
0,whisper,7,2,6,Skip
0,whisper,8,2,15,Over
0,whisper,9,3,6,Skip
0,whisper,10,3,15,Over
0,whisper,11,3,7,Skip
0,whisper,12,4,15,Over
0,whisper,13,4,7,Over
0,whisper,14,4,6,Over
0,divine,11,10,HUMAN
1,status,1,VILLAGER,ALIVE,Sample9
1,status,2,MEDIUM,ALIVE,Sample12
1,status,3,VILLAGER,ALIVE,Sample8
1,status,4,BODYGUARD,ALIVE,Sample11
1,status,5,VILLAGER,ALIVE,Sample7
1,status,6,WEREWOLF,ALIVE,Sample10
1,status,7,WEREWOLF,ALIVE,Sample6
1,status,8,VILLAGER,ALIVE,Sample5
1,status,9,VILLAGER,ALIVE,Sample4
1,status,10,VILLAGER,ALIVE,Sample3
1,status,11,SEER,ALIVE,Sample14
1,status,12,POSSESSED,ALIVE,Sample2
1,status,13,VILLAGER,ALIVE,Sample13
1,status,14,VILLAGER,ALIVE,Sample1
1,status,15,WEREWOLF,ALIVE,cash_dqn
1,talk,0,0,7,ESTIMATE Agent[03] WEREWOLF
1,talk,1,0,14,Skip
1,talk,2,0,5,Skip
1,talk,3,0,4,Skip
1,talk,4,0,2,Skip
1,talk,5,0,10,Skip
1,talk,6,0,11,Skip
1,talk,7,0,1,Skip
1,talk,8,0,15,Over
1,talk,9,0,3,Skip
1,talk,10,0,13,Skip
1,talk,11,0,9,Skip
1,talk,12,0,6,ESTIMATE Agent[12] WEREWOLF
1,talk,13,0,12,Skip
1,talk,14,0,8,Skip
1,talk,15,1,14,Skip
1,talk,16,1,15,Over
1,talk,17,1,8,Skip
1,talk,18,1,11,Skip
1,talk,19,1,13,Skip
1,talk,20,1,2,Skip
1,talk,21,1,5,Skip
1,talk,22,1,12,Skip
1,talk,23,1,10,Skip
1,talk,24,1,4,Skip
1,talk,25,1,9,Skip
1,talk,26,1,3,Skip
1,talk,27,1,7,Skip
1,talk,28,1,6,Skip
1,talk,29,1,1,Skip
1,talk,30,2,14,VOTE Agent[15]
1,talk,31,2,1,VOTE Agent[07]
1,talk,32,2,7,VOTE Agent[03]
1,talk,33,2,13,VOTE Agent[10]
1,talk,34,2,5,VOTE Agent[03]
1,talk,35,2,4,VOTE Agent[15]
1,talk,36,2,11,VOTE Agent[01]
1,talk,37,2,6,VOTE Agent[12]
1,talk,38,2,3,VOTE Agent[05]
1,talk,39,2,9,VOTE Agent[15]
1,talk,40,2,12,VOTE Agent[15]
1,talk,41,2,8,VOTE Agent[06]
1,talk,42,2,10,VOTE Agent[12]
1,talk,43,2,15,Over
1,talk,44,2,2,VOTE Agent[08]
1,talk,45,3,1,Skip
1,talk,46,3,5,Skip
1,talk,47,3,8,Skip
1,talk,48,3,14,Skip
1,talk,49,3,6,Skip
1,talk,50,3,11,Skip
1,talk,51,3,4,Skip
1,talk,52,3,13,Skip
1,talk,53,3,12,Skip
1,talk,54,3,9,Skip
1,talk,55,3,15,Over
1,talk,56,3,3,Skip
1,talk,57,3,7,Skip
1,talk,58,3,10,Skip
1,talk,59,3,2,Skip
1,talk,60,4,9,Skip
1,talk,61,4,10,Skip
1,talk,62,4,13,Skip
1,talk,63,4,4,Skip
1,talk,64,4,11,Skip
1,talk,65,4,3,Skip
1,talk,66,4,12,Skip
1,talk,67,4,15,Over
1,talk,68,4,2,Skip
1,talk,69,4,8,Skip
1,talk,70,4,1,Skip
1,talk,71,4,6,Skip
1,talk,72,4,7,Skip
1,talk,73,4,5,Skip
1,talk,74,4,14,Skip
1,talk,75,5,14,Over
1,talk,76,5,6,Over
1,talk,77,5,15,Over
1,talk,78,5,1,Over
1,talk,79,5,4,Over
1,talk,80,5,9,Over
1,talk,81,5,7,Over
1,talk,82,5,2,Over
1,talk,83,5,3,Over
1,talk,84,5,5,Over
1,talk,85,5,10,Over
1,talk,86,5,13,Over
1,talk,87,5,12,Over
1,talk,88,5,8,Over
1,talk,89,5,11,Over
1,vote,1,7
1,vote,2,8
1,vote,3,5
1,vote,4,15
1,vote,5,3
1,vote,6,12
1,vote,7,3
1,vote,8,6
1,vote,9,15
1,vote,10,12
1,vote,11,1
1,vote,12,15
1,vote,13,10
1,vote,14,15
1,vote,15,1
1,execute,15,WEREWOLF
1,divine,11,8,HUMAN
1,whisper,0,0,6,ATTACK Agent[04]
1,whisper,1,0,7,ATTACK Agent[04]
1,whisper,2,1,7,Skip
1,whisper,3,1,6,Skip
1,whisper,4,2,7,Skip
1,whisper,5,2,6,Skip
1,whisper,6,3,7,Over
1,whisper,7,3,6,Over
1,guard,4,2,MEDIUM
1,attack,14,true
2,status,1,VILLAGER,ALIVE,Sample9
2,status,2,MEDIUM,ALIVE,Sample12
2,status,3,VILLAGER,ALIVE,Sample8
2,status,4,BODYGUARD,ALIVE,Sample11
2,status,5,VILLAGER,ALIVE,Sample7
2,status,6,WEREWOLF,ALIVE,Sample10
2,status,7,WEREWOLF,ALIVE,Sample6
2,status,8,VILLAGER,ALIVE,Sample5
2,status,9,VILLAGER,ALIVE,Sample4
2,status,10,VILLAGER,ALIVE,Sample3
2,status,11,SEER,ALIVE,Sample14
2,status,12,POSSESSED,ALIVE,Sample2
2,status,13,VILLAGER,ALIVE,Sample13
2,status,14,VILLAGER,DEAD,Sample1
2,status,15,WEREWOLF,DEAD,cash_dqn
2,talk,0,0,8,Skip
2,talk,1,0,2,COMINGOUT Agent[02] MEDIUM
2,talk,2,0,1,Skip
2,talk,3,0,9,Skip
2,talk,4,0,12,Skip
2,talk,5,0,10,Skip
2,talk,6,0,11,COMINGOUT Agent[11] SEER
2,talk,7,0,6,COMINGOUT Agent[06] MEDIUM
2,talk,8,0,3,Skip
2,talk,9,0,13,Skip
2,talk,10,0,4,Skip
2,talk,11,0,5,Skip
2,talk,12,0,7,COMINGOUT Agent[07] SEER
2,talk,13,1,6,ESTIMATE Agent[08] WEREWOLF
2,talk,14,1,10,Skip
2,talk,15,1,7,ESTIMATE Agent[11] WEREWOLF
2,talk,16,1,4,Skip
2,talk,17,1,11,AND (DAY 1 (DIVINED Agent[10] HUMAN)) (DAY 2 (DIVINED Agent[08] HUMAN))
2,talk,18,1,2,DAY 2 (IDENTIFIED Agent[15] WEREWOLF)
2,talk,19,1,13,Skip
2,talk,20,1,1,Skip
2,talk,21,1,5,Skip
2,talk,22,1,8,Skip
2,talk,23,1,3,Skip
2,talk,24,1,9,Skip
2,talk,25,1,12,COMINGOUT Agent[12] SEER
2,talk,26,2,8,VOTE Agent[07]
2,talk,27,2,3,VOTE Agent[06]
2,talk,28,2,1,VOTE Agent[12]
2,talk,29,2,12,AND (DAY 1 (DIVINED Agent[01] HUMAN)) (DAY 2 (DIVINED Agent[07] WEREWOLF))
2,talk,30,2,6,IDENTIFIED Agent[15] HUMAN
2,talk,31,2,5,VOTE Agent[09]
2,talk,32,2,4,VOTE Agent[11]
2,talk,33,2,7,DIVINED Agent[15] HUMAN
2,talk,34,2,13,VOTE Agent[06]
2,talk,35,2,10,VOTE Agent[12]
2,talk,36,2,11,BECAUSE (AND (COMINGOUT Agent[11] SEER) (Agent[07] COMINGOUT Agent[07] SEER)) (XOR (ESTIMATE Agent[07] WEREWOLF) (ESTIMATE Agent[07] POSSESSED))
2,talk,37,2,9,VOTE Agent[02]
2,talk,38,2,2,BECAUSE (AND (COMINGOUT Agent[02] MEDIUM) (Agent[06] COMINGOUT Agent[06] MEDIUM)) (XOR (ESTIMATE Agent[06] WEREWOLF) (ESTIMATE Agent[06] POSSESSED))
2,talk,39,3,5,Skip
2,talk,40,3,10,Skip
2,talk,41,3,9,Skip
2,talk,42,3,11,BECAUSE (XOR (ESTIMATE Agent[07] WEREWOLF) (ESTIMATE Agent[07] POSSESSED)) (VOTE Agent[07])
2,talk,43,3,1,Skip
2,talk,44,3,7,DIVINED Agent[11] WEREWOLF
2,talk,45,3,6,ESTIMATE Agent[02] WEREWOLF
2,talk,46,3,13,Skip
2,talk,47,3,4,Skip
2,talk,48,3,2,BECAUSE (XOR (ESTIMATE Agent[06] WEREWOLF) (ESTIMATE Agent[06] POSSESSED)) (VOTE Agent[06])
2,talk,49,3,3,Skip
2,talk,50,3,12,BECAUSE (DAY 2 (DIVINED Agent[07] WEREWOLF)) (REQUEST ANY (VOTE Agent[07]))
2,talk,51,3,8,Skip
2,talk,52,4,4,Skip
2,talk,53,4,2,Skip
2,talk,54,4,10,Skip
2,talk,55,4,9,Skip
2,talk,56,4,3,Skip
2,talk,57,4,8,Skip
2,talk,58,4,11,Skip
2,talk,59,4,13,Skip
2,talk,60,4,5,Skip
2,talk,61,4,6,VOTE Agent[02]
2,talk,62,4,7,VOTE Agent[11]
2,talk,63,4,12,INQUIRE ANY (VOTE Agent[07])
2,talk,64,4,1,Skip
2,talk,65,5,13,Over
2,talk,66,5,12,BECAUSE (DIVINED Agent[07] WEREWOLF) (VOTE Agent[07])
2,talk,67,5,2,Skip
2,talk,68,5,10,Over
2,talk,69,5,1,Over
2,talk,70,5,8,Over
2,talk,71,5,5,Over
2,talk,72,5,11,Skip
2,talk,73,5,6,Skip
2,talk,74,5,4,Over
2,talk,75,5,9,Over
2,talk,76,5,3,Over
2,talk,77,5,7,Skip
2,talk,78,6,2,Over
2,talk,79,6,8,Over
2,talk,80,6,4,Over
2,talk,81,6,5,Over
2,talk,82,6,11,Over
2,talk,83,6,6,Skip
2,talk,84,6,12,Skip
2,talk,85,6,7,Skip
2,talk,86,6,9,Over
2,talk,87,6,10,Over
2,talk,88,6,1,Over
2,talk,89,6,13,Over
2,talk,90,6,3,Over
2,talk,91,7,13,Over
2,talk,92,7,1,Over
2,talk,93,7,4,Over
2,talk,94,7,12,Skip
2,talk,95,7,9,Over
2,talk,96,7,8,Over
2,talk,97,7,7,Over
2,talk,98,7,5,Over
2,talk,99,7,11,Over
2,talk,100,7,2,Over
2,talk,101,7,10,Over
2,talk,102,7,3,Over
2,talk,103,7,6,Over
2,talk,104,8,8,Over
2,talk,105,8,5,Over
2,talk,106,8,4,Over
2,talk,107,8,7,Over
2,talk,108,8,11,Over
2,talk,109,8,3,Over
2,talk,110,8,2,Over
2,talk,111,8,13,Over
2,talk,112,8,1,Over
2,talk,113,8,6,Over
2,talk,114,8,9,Over
2,talk,115,8,10,Over
2,talk,116,8,12,Over
2,vote,1,12
2,vote,2,6
2,vote,3,6
2,vote,4,11
2,vote,5,9
2,vote,6,2
2,vote,7,11
2,vote,8,7
2,vote,9,2
2,vote,10,12
2,vote,11,7
2,vote,12,7
2,vote,13,6
2,vote,1,12
2,vote,2,6
2,vote,3,6
2,vote,4,11
2,vote,5,9
2,vote,6,2
2,vote,7,11
2,vote,8,7
2,vote,9,2
2,vote,10,12
2,vote,11,7
2,vote,12,7
2,vote,13,6
2,execute,7,WEREWOLF
2,guard,4,12,POSSESSED
2,attackVote,6,12
2,attack,12,false
3,status,1,VILLAGER,ALIVE,Sample9
3,status,2,MEDIUM,ALIVE,Sample12
3,status,3,VILLAGER,ALIVE,Sample8
3,status,4,BODYGUARD,ALIVE,Sample11
3,status,5,VILLAGER,ALIVE,Sample7
3,status,6,WEREWOLF,ALIVE,Sample10
3,status,7,WEREWOLF,DEAD,Sample6
3,status,8,VILLAGER,ALIVE,Sample5
3,status,9,VILLAGER,ALIVE,Sample4
3,status,10,VILLAGER,ALIVE,Sample3
3,status,11,SEER,ALIVE,Sample14
3,status,12,POSSESSED,ALIVE,Sample2
3,status,13,VILLAGER,ALIVE,Sample13
3,status,14,VILLAGER,DEAD,Sample1
3,status,15,WEREWOLF,DEAD,cash_dqn
3,talk,0,0,4,Skip
3,talk,1,0,13,Skip
3,talk,2,0,1,Skip
3,talk,3,0,10,Skip
3,talk,4,0,5,Skip
3,talk,5,0,6,IDENTIFIED Agent[07] HUMAN
3,talk,6,0,2,DAY 3 (IDENTIFIED Agent[07] WEREWOLF)
3,talk,7,0,11,BECAUSE (AND (COMINGOUT Agent[11] SEER) (Agent[12] COMINGOUT Agent[12] SEER)) (XOR (ESTIMATE Agent[12] WEREWOLF) (ESTIMATE Agent[12] POSSESSED))
3,talk,8,0,3,Skip
3,talk,9,0,12,DAY 3 (DIVINED Agent[04] HUMAN)
3,talk,10,0,9,Skip
3,talk,11,0,8,Skip
3,talk,12,1,5,Skip
3,talk,13,1,13,Skip
3,talk,14,1,11,Skip
3,talk,15,1,1,Skip
3,talk,16,1,6,ESTIMATE Agent[02] WEREWOLF
3,talk,17,1,10,Skip
3,talk,18,1,8,Skip
3,talk,19,1,9,Skip
3,talk,20,1,2,BECAUSE (AND (COMINGOUT Agent[02] MEDIUM) (Agent[06] COMINGOUT Agent[06] MEDIUM)) (XOR (ESTIMATE Agent[06] WEREWOLF) (ESTIMATE Agent[06] POSSESSED))
3,talk,21,1,4,Skip
3,talk,22,1,3,Skip
3,talk,23,1,12,BECAUSE (AND (COMINGOUT Agent[12] SEER) (Agent[11] COMINGOUT Agent[11] SEER)) (XOR (ESTIMATE Agent[11] WEREWOLF) (ESTIMATE Agent[11] POSSESSED))
3,talk,24,2,3,VOTE Agent[12]
3,talk,25,2,4,VOTE Agent[05]
3,talk,26,2,12,BECAUSE (XOR (ESTIMATE Agent[11] WEREWOLF) (ESTIMATE Agent[11] POSSESSED)) (VOTE Agent[11])
3,talk,27,2,11,BECAUSE (XOR (ESTIMATE Agent[12] WEREWOLF) (ESTIMATE Agent[12] POSSESSED)) (VOTE Agent[12])
3,talk,28,2,2,BECAUSE (XOR (ESTIMATE Agent[06] WEREWOLF) (ESTIMATE Agent[06] POSSESSED)) (VOTE Agent[06])
3,talk,29,2,1,VOTE Agent[11]
3,talk,30,2,9,VOTE Agent[13]
3,talk,31,2,8,VOTE Agent[03]
3,talk,32,2,5,VOTE Agent[11]
3,talk,33,2,13,VOTE Agent[03]
3,talk,34,2,10,VOTE Agent[05]
3,talk,35,2,6,VOTE Agent[02]
3,talk,36,3,8,Skip
3,talk,37,3,10,Skip
3,talk,38,3,3,Skip
3,talk,39,3,9,Skip
3,talk,40,3,5,Skip
3,talk,41,3,11,Skip
3,talk,42,3,2,Skip
3,talk,43,3,6,Skip
3,talk,44,3,13,Skip
3,talk,45,3,4,Skip
3,talk,46,3,12,Skip
3,talk,47,3,1,Skip
3,talk,48,4,13,Skip
3,talk,49,4,2,Skip
3,talk,50,4,5,Skip
3,talk,51,4,1,Skip
3,talk,52,4,6,Skip
3,talk,53,4,9,Skip
3,talk,54,4,3,Skip
3,talk,55,4,12,Skip
3,talk,56,4,8,Skip
3,talk,57,4,4,Skip
3,talk,58,4,10,Skip
3,talk,59,4,11,Skip
3,talk,60,5,3,Over
3,talk,61,5,13,Over
3,talk,62,5,12,Over
3,talk,63,5,10,Over
3,talk,64,5,4,Over
3,talk,65,5,8,Over
3,talk,66,5,6,Over
3,talk,67,5,11,Over
3,talk,68,5,5,Over
3,talk,69,5,2,Over
3,talk,70,5,1,Over
3,talk,71,5,9,Over
3,vote,1,11
3,vote,2,6
3,vote,3,12
3,vote,4,5
3,vote,5,11
3,vote,6,2
3,vote,8,3
3,vote,9,13
3,vote,10,5
3,vote,11,12
3,vote,12,11
3,vote,13,3
3,execute,11,SEER
3,guard,4,12,POSSESSED
3,attackVote,6,12
3,attack,12,false
4,status,1,VILLAGER,ALIVE,Sample9
4,status,2,MEDIUM,ALIVE,Sample12
4,status,3,VILLAGER,ALIVE,Sample8
4,status,4,BODYGUARD,ALIVE,Sample11
4,status,5,VILLAGER,ALIVE,Sample7
4,status,6,WEREWOLF,ALIVE,Sample10
4,status,7,WEREWOLF,DEAD,Sample6
4,status,8,VILLAGER,ALIVE,Sample5
4,status,9,VILLAGER,ALIVE,Sample4
4,status,10,VILLAGER,ALIVE,Sample3
4,status,11,SEER,DEAD,Sample14
4,status,12,POSSESSED,ALIVE,Sample2
4,status,13,VILLAGER,ALIVE,Sample13
4,status,14,VILLAGER,DEAD,Sample1
4,status,15,WEREWOLF,DEAD,cash_dqn
4,talk,0,0,1,Skip
4,talk,1,0,12,DAY 4 (DIVINED Agent[03] HUMAN)
4,talk,2,0,3,Skip
4,talk,3,0,13,Skip
4,talk,4,0,9,Skip
4,talk,5,0,6,IDENTIFIED Agent[11] WEREWOLF
4,talk,6,0,5,Skip
4,talk,7,0,10,Skip
4,talk,8,0,4,Skip
4,talk,9,0,8,Skip
4,talk,10,0,2,DAY 4 (IDENTIFIED Agent[11] HUMAN)
4,talk,11,1,3,Skip
4,talk,12,1,4,Skip
4,talk,13,1,8,Skip
4,talk,14,1,1,Skip
4,talk,15,1,2,BECAUSE (AND (COMINGOUT Agent[02] MEDIUM) (Agent[06] COMINGOUT Agent[06] MEDIUM)) (XOR (ESTIMATE Agent[06] WEREWOLF) (ESTIMATE Agent[06] POSSESSED))
4,talk,16,1,5,Skip
4,talk,17,1,13,Skip
4,talk,18,1,10,Skip
4,talk,19,1,12,BECAUSE (AND (DAY 2 (DIVINED Agent[07] WEREWOLF)) (DAY 3 (Agent[06] IDENTIFIED Agent[07] HUMAN))) (XOR (ESTIMATE Agent[06] WEREWOLF) (ESTIMATE Agent[06] POSSESSED))
4,talk,20,1,9,Skip
4,talk,21,1,6,ESTIMATE Agent[02] WEREWOLF
4,talk,22,2,4,VOTE Agent[13]
4,talk,23,2,9,VOTE Agent[13]
4,talk,24,2,1,VOTE Agent[05]
4,talk,25,2,3,VOTE Agent[08]
4,talk,26,2,8,VOTE Agent[01]
4,talk,27,2,10,VOTE Agent[12]
4,talk,28,2,2,BECAUSE (XOR (ESTIMATE Agent[06] WEREWOLF) (ESTIMATE Agent[06] POSSESSED)) (VOTE Agent[06])
4,talk,29,2,12,BECAUSE (XOR (ESTIMATE Agent[06] WEREWOLF) (ESTIMATE Agent[06] POSSESSED)) (VOTE Agent[06])
4,talk,30,2,13,VOTE Agent[12]
4,talk,31,2,5,VOTE Agent[06]
4,talk,32,2,6,VOTE Agent[02]
4,talk,33,3,6,Skip
4,talk,34,3,8,Skip
4,talk,35,3,9,Skip
4,talk,36,3,4,Skip
4,talk,37,3,1,Skip
4,talk,38,3,10,Skip
4,talk,39,3,5,Skip
4,talk,40,3,3,Skip
4,talk,41,3,2,Skip
4,talk,42,3,13,Skip
4,talk,43,3,12,Skip
4,talk,44,4,5,Skip
4,talk,45,4,4,Skip
4,talk,46,4,12,Skip
4,talk,47,4,8,Skip
4,talk,48,4,2,Skip
4,talk,49,4,6,Skip
4,talk,50,4,9,Skip
4,talk,51,4,10,Skip
4,talk,52,4,1,Skip
4,talk,53,4,3,Skip
4,talk,54,4,13,Skip
4,talk,55,5,3,Over
4,talk,56,5,10,Over
4,talk,57,5,1,Over
4,talk,58,5,9,Over
4,talk,59,5,6,Over
4,talk,60,5,12,Over
4,talk,61,5,4,Over
4,talk,62,5,2,Over
4,talk,63,5,5,Over
4,talk,64,5,8,Over
4,talk,65,5,13,Over
4,vote,1,5
4,vote,2,6
4,vote,3,8
4,vote,4,13
4,vote,5,6
4,vote,6,2
4,vote,8,1
4,vote,9,13
4,vote,10,12
4,vote,12,6
4,vote,13,12
4,execute,6,WEREWOLF
4,guard,4,12,POSSESSED
5,status,1,VILLAGER,ALIVE,Sample9
5,status,2,MEDIUM,ALIVE,Sample12
5,status,3,VILLAGER,ALIVE,Sample8
5,status,4,BODYGUARD,ALIVE,Sample11
5,status,5,VILLAGER,ALIVE,Sample7
5,status,6,WEREWOLF,DEAD,Sample10
5,status,7,WEREWOLF,DEAD,Sample6
5,status,8,VILLAGER,ALIVE,Sample5
5,status,9,VILLAGER,ALIVE,Sample4
5,status,10,VILLAGER,ALIVE,Sample3
5,status,11,SEER,DEAD,Sample14
5,status,12,POSSESSED,ALIVE,Sample2
5,status,13,VILLAGER,ALIVE,Sample13
5,status,14,VILLAGER,DEAD,Sample1
5,status,15,WEREWOLF,DEAD,cash_dqn
5,result,10,0,VILLAGER
