0,status,1,WEREWOLF,ALIVE,Sample9
0,status,2,VILLAGER,ALIVE,Sample12
0,status,3,SEER,ALIVE,Sample8
0,status,4,BODYGUARD,ALIVE,Sample11
0,status,5,VILLAGER,ALIVE,Sample7
0,status,6,VILLAGER,ALIVE,Sample10
0,status,7,WEREWOLF,ALIVE,Sample6
0,status,8,VILLAGER,ALIVE,Sample5
0,status,9,VILLAGER,ALIVE,Sample4
0,status,10,VILLAGER,ALIVE,Sample3
0,status,11,MEDIUM,ALIVE,Sample14
0,status,12,VILLAGER,ALIVE,Sample2
0,status,13,POSSESSED,ALIVE,Sample13
0,status,14,VILLAGER,ALIVE,Sample1
0,status,15,WEREWOLF,ALIVE,cash_dqn
0,whisper,0,0,15,Over
0,whisper,1,0,1,COMINGOUT Agent[01] SEER
0,whisper,2,0,7,COMINGOUT Agent[07] SEER
0,whisper,3,1,1,ATTACK Agent[03]
0,whisper,4,1,7,ATTACK Agent[09]
0,whisper,5,1,15,Over
0,whisper,6,2,15,Over
0,whisper,7,2,1,Skip
0,whisper,8,2,7,Skip
0,whisper,9,3,1,Skip
0,whisper,10,3,15,Over
0,whisper,11,3,7,Skip
0,whisper,12,4,15,Over
0,whisper,13,4,1,Over
0,whisper,14,4,7,Over
0,divine,3,11,HUMAN
1,status,1,WEREWOLF,ALIVE,Sample9
1,status,2,VILLAGER,ALIVE,Sample12
1,status,3,SEER,ALIVE,Sample8
1,status,4,BODYGUARD,ALIVE,Sample11
1,status,5,VILLAGER,ALIVE,Sample7
1,status,6,VILLAGER,ALIVE,Sample10
1,status,7,WEREWOLF,ALIVE,Sample6
1,status,8,VILLAGER,ALIVE,Sample5
1,status,9,VILLAGER,ALIVE,Sample4
1,status,10,VILLAGER,ALIVE,Sample3
1,status,11,MEDIUM,ALIVE,Sample14
1,status,12,VILLAGER,ALIVE,Sample2
1,status,13,POSSESSED,ALIVE,Sample13
1,status,14,VILLAGER,ALIVE,Sample1
1,status,15,WEREWOLF,ALIVE,cash_dqn
1,talk,0,0,14,Skip
1,talk,1,0,4,Skip
1,talk,2,0,12,Skip
1,talk,3,0,8,Skip
1,talk,4,0,1,COMINGOUT Agent[01] SEER
1,talk,5,0,3,Skip
1,talk,6,0,7,COMINGOUT Agent[07] SEER
1,talk,7,0,11,Skip
1,talk,8,0,10,Skip
1,talk,9,0,13,Skip
1,talk,10,0,15,Over
1,talk,11,0,5,Skip
1,talk,12,0,6,Skip
1,talk,13,0,2,Skip
1,talk,14,0,9,Skip
1,talk,15,1,9,Skip
1,talk,16,1,8,Skip
1,talk,17,1,5,Skip
1,talk,18,1,6,Skip
1,talk,19,1,7,ESTIMATE Agent[14] WEREWOLF
1,talk,20,1,11,Skip
1,talk,21,1,1,ESTIMATE Agent[10] WEREWOLF
1,talk,22,1,10,Skip
1,talk,23,1,15,Over
1,talk,24,1,12,Skip
1,talk,25,1,13,COMINGOUT Agent[13] SEER
1,talk,26,1,14,Skip
1,talk,27,1,2,Skip
1,talk,28,1,4,Skip
1,talk,29,1,3,COMINGOUT Agent[03] SEER
1,talk,30,2,7,DIVINED Agent[04] HUMAN
1,talk,31,2,3,DAY 1 (DIVINED Agent[11] HUMAN)
1,talk,32,2,15,Over
1,talk,33,2,13,DAY 1 (DIVINED Agent[01] WEREWOLF)
1,talk,34,2,9,VOTE Agent[02]
1,talk,35,2,11,VOTE Agent[07]
1,talk,36,2,14,VOTE Agent[08]
1,talk,37,2,5,VOTE Agent[12]
1,talk,38,2,4,VOTE Agent[05]
1,talk,39,2,10,VOTE Agent[07]
1,talk,40,2,1,DIVINED Agent[04] HUMAN
1,talk,41,2,12,VOTE Agent[10]
1,talk,42,2,6,VOTE Agent[07]
1,talk,43,2,2,VOTE Agent[07]
1,talk,44,2,8,VOTE Agent[13]
1,talk,45,3,9,Skip
1,talk,46,3,8,Skip
1,talk,47,3,4,Skip
1,talk,48,3,13,BECAUSE (DAY 1 (DIVINED Agent[01] WEREWOLF)) (REQUEST ANY (VOTE Agent[01]))
1,talk,49,3,12,Skip
1,talk,50,3,7,ESTIMATE Agent[03] WEREWOLF
1,talk,51,3,1,ESTIMATE Agent[03] WEREWOLF
1,talk,52,3,10,Skip
1,talk,53,3,6,Skip
1,talk,54,3,11,Skip
1,talk,55,3,5,Skip
1,talk,56,3,15,Over
1,talk,57,3,14,Skip
1,talk,58,3,3,BECAUSE (AND (COMINGOUT Agent[03] SEER) (Agent[07] COMINGOUT Agent[07] SEER)) (XOR (ESTIMATE Agent[07] WEREWOLF) (ESTIMATE Agent[07] POSSESSED))
1,talk,59,3,2,Skip
1,talk,60,4,1,VOTE Agent[03]
1,talk,61,4,4,Skip
1,talk,62,4,14,Skip
1,talk,63,4,15,Over
1,talk,64,4,6,Skip
1,talk,65,4,13,INQUIRE ANY (VOTE Agent[01])
1,talk,66,4,7,VOTE Agent[03]
1,talk,67,4,12,Skip
1,talk,68,4,10,Skip
1,talk,69,4,11,Skip
1,talk,70,4,8,Skip
1,talk,71,4,2,Skip
1,talk,72,4,3,BECAUSE (XOR (ESTIMATE Agent[07] WEREWOLF) (ESTIMATE Agent[07] POSSESSED)) (VOTE Agent[07])
1,talk,73,4,9,Skip
1,talk,74,4,5,Skip
1,talk,75,5,4,Over
1,talk,76,5,12,Over
1,talk,77,5,3,Skip
1,talk,78,5,11,Over
1,talk,79,5,7,Skip
1,talk,80,5,5,Over
1,talk,81,5,1,Skip
1,talk,82,5,10,Over
1,talk,83,5,9,Over
1,talk,84,5,6,Over
1,talk,85,5,15,Over
1,talk,86,5,14,Over
1,talk,87,5,13,BECAUSE (DIVINED Agent[01] WEREWOLF) (VOTE Agent[01])
1,talk,88,5,8,Over
1,talk,89,5,2,Over
1,talk,90,6,4,Over
1,talk,91,6,3,Skip
1,talk,92,6,5,Over
1,talk,93,6,14,Over
1,talk,94,6,8,Over
1,talk,95,6,1,Skip
1,talk,96,6,2,Over
1,talk,97,6,9,Over
1,talk,98,6,11,Over
1,talk,99,6,6,Over
1,talk,100,6,13,Skip
1,talk,101,6,12,Over
1,talk,102,6,10,Over
1,talk,103,6,15,Over
1,talk,104,6,7,Skip
1,talk,105,7,11,Over
1,talk,106,7,13,Skip
1,talk,107,7,7,Over
1,talk,108,7,4,Over
1,talk,109,7,8,Over
1,talk,110,7,14,Over
1,talk,111,7,12,Over
1,talk,112,7,6,Over
1,talk,113,7,5,Over
1,talk,114,7,3,Over
1,talk,115,7,1,Over
1,talk,116,7,9,Over
1,talk,117,7,15,Over
1,talk,118,7,10,Over
1,talk,119,7,2,Over
1,talk,120,8,14,Over
1,talk,121,8,13,Over
1,talk,122,8,4,Over
1,talk,123,8,12,Over
1,talk,124,8,15,Over
1,talk,125,8,8,Over
1,talk,126,8,10,Over
1,talk,127,8,3,Over
1,talk,128,8,11,Over
1,talk,129,8,9,Over
1,talk,130,8,2,Over
1,talk,131,8,1,Over
1,talk,132,8,5,Over
1,talk,133,8,7,Over
1,talk,134,8,6,Over
1,vote,1,3
1,vote,2,7
1,vote,3,7
1,vote,4,5
1,vote,5,12
1,vote,6,7
1,vote,7,3
1,vote,8,13
1,vote,9,2
1,vote,10,7
1,vote,11,7
1,vote,12,10
1,vote,13,1
1,vote,14,8
1,vote,15,7
1,execute,7,WEREWOLF
1,divine,3,13,HUMAN
1,whisper,0,0,1,BECAUSE (Agent[13] COMINGOUT Agent[13] SEER) (ATTACK Agent[13])
1,whisper,1,0,15,Over
1,whisper,2,1,15,Over
1,whisper,3,1,1,Skip
1,whisper,4,2,15,Over
1,whisper,5,2,1,Skip
1,whisper,6,3,1,Over
1,whisper,7,3,15,Over
1,guard,4,3,SEER
1,attackVote,15,10
1,attack,10,true
2,status,1,WEREWOLF,ALIVE,Sample9
2,status,2,VILLAGER,ALIVE,Sample12
2,status,3,SEER,ALIVE,Sample8
2,status,4,BODYGUARD,ALIVE,Sample11
2,status,5,VILLAGER,ALIVE,Sample7
2,status,6,VILLAGER,ALIVE,Sample10
2,status,7,WEREWOLF,DEAD,Sample6
2,status,8,VILLAGER,ALIVE,Sample5
2,status,9,VILLAGER,ALIVE,Sample4
2,status,10,VILLAGER,DEAD,Sample3
2,status,11,MEDIUM,ALIVE,Sample14
2,status,12,VILLAGER,ALIVE,Sample2
2,status,13,POSSESSED,ALIVE,Sample13
2,status,14,VILLAGER,ALIVE,Sample1
2,status,15,WEREWOLF,ALIVE,cash_dqn
2,talk,0,0,6,Skip
2,talk,1,0,15,Over
2,talk,2,0,8,Skip
2,talk,3,0,12,Skip
2,talk,4,0,1,DIVINED Agent[11] HUMAN
2,talk,5,0,14,Skip
2,talk,6,0,3,DAY 2 (DIVINED Agent[13] HUMAN)
2,talk,7,0,9,Skip
2,talk,8,0,4,Skip
2,talk,9,0,2,Skip
2,talk,10,0,5,Skip
2,talk,11,0,13,DAY 2 (DIVINED Agent[14] HUMAN)
2,talk,12,0,11,COMINGOUT Agent[11] MEDIUM
2,talk,13,1,6,Skip
2,talk,14,1,12,Skip
2,talk,15,1,1,ESTIMATE Agent[03] WEREWOLF
2,talk,16,1,15,Over
2,talk,17,1,13,BECAUSE (DAY 1 (DIVINED Agent[01] WEREWOLF)) (REQUEST ANY (VOTE Agent[01]))
2,talk,18,1,2,Skip
2,talk,19,1,3,BECAUSE (AND (AND (COMINGOUT Agent[03] SEER) (Agent[13] COMINGOUT Agent[13] SEER)) (DIVINED Agent[13] HUMAN)) (ESTIMATE Agent[13] POSSESSED)
2,talk,20,1,5,Skip
2,talk,21,1,4,Skip
2,talk,22,1,8,Skip
2,talk,23,1,11,DAY 2 (IDENTIFIED Agent[07] WEREWOLF)
2,talk,24,1,14,Skip
2,talk,25,1,9,Skip
2,talk,26,2,12,VOTE Agent[14]
2,talk,27,2,15,Over
2,talk,28,2,11,VOTE Agent[04]
2,talk,29,2,13,INQUIRE ANY (VOTE Agent[01])
2,talk,30,2,1,VOTE Agent[03]
2,talk,31,2,6,VOTE Agent[08]
2,talk,32,2,2,VOTE Agent[12]
2,talk,33,2,9,VOTE Agent[05]
2,talk,34,2,3,BECAUSE (AND (COMINGOUT Agent[03] SEER) (Agent[01] COMINGOUT Agent[01] SEER)) (XOR (ESTIMATE Agent[01] WEREWOLF) (ESTIMATE Agent[01] POSSESSED))
2,talk,35,2,8,VOTE Agent[11]
2,talk,36,2,4,VOTE Agent[15]
2,talk,37,2,5,VOTE Agent[09]
2,talk,38,2,14,VOTE Agent[09]
2,talk,39,3,1,Skip
2,talk,40,3,3,BECAUSE (XOR (ESTIMATE Agent[01] WEREWOLF) (ESTIMATE Agent[01] POSSESSED)) (VOTE Agent[01])
2,talk,41,3,9,Skip
2,talk,42,3,8,Skip
2,talk,43,3,6,Skip
2,talk,44,3,5,Skip
2,talk,45,3,2,Skip
2,talk,46,3,14,Skip
2,talk,47,3,15,Over
2,talk,48,3,4,Skip
2,talk,49,3,13,BECAUSE (DIVINED Agent[01] WEREWOLF) (VOTE Agent[01])
2,talk,50,3,11,Skip
2,talk,51,3,12,Skip
2,talk,52,4,9,Skip
2,talk,53,4,13,Skip
2,talk,54,4,1,Skip
2,talk,55,4,11,Skip
2,talk,56,4,5,Skip
2,talk,57,4,15,Over
2,talk,58,4,4,Skip
2,talk,59,4,12,Skip
2,talk,60,4,8,Skip
2,talk,61,4,6,Skip
2,talk,62,4,14,Skip
2,talk,63,4,3,Skip
2,talk,64,4,2,Skip
2,talk,65,5,9,Over
2,talk,66,5,6,Over
2,talk,67,5,4,Over
2,talk,68,5,3,Skip
2,talk,69,5,15,Over
2,talk,70,5,11,Over
2,talk,71,5,1,Over
2,talk,72,5,2,Over
2,talk,73,5,5,Over
2,talk,74,5,13,Skip
2,talk,75,5,12,Over
2,talk,76,5,8,Over
2,talk,77,5,14,Over
2,talk,78,6,13,Over
2,talk,79,6,9,Over
2,talk,80,6,2,Over
2,talk,81,6,11,Over
2,talk,82,6,1,Over
2,talk,83,6,6,Over
2,talk,84,6,14,Over
2,talk,85,6,4,Over
2,talk,86,6,5,Over
2,talk,87,6,8,Over
2,talk,88,6,3,Over
2,talk,89,6,15,Over
2,talk,90,6,12,Over
2,vote,1,3
2,vote,2,12
2,vote,3,1
2,vote,4,15
2,vote,5,9
2,vote,6,8
2,vote,8,11
2,vote,9,5
2,vote,11,4
2,vote,12,14
2,vote,13,1
2,vote,14,9
2,vote,15,5
2,vote,1,3
2,vote,2,12
2,vote,3,1
2,vote,4,15
2,vote,5,9
2,vote,6,8
2,vote,8,11
2,vote,9,5
2,vote,11,4
2,vote,12,14
2,vote,13,1
2,vote,14,9
2,vote,15,12
2,execute,1,WEREWOLF
2,guard,4,3,SEER
2,attackVote,15,9
2,attack,9,true
3,status,1,WEREWOLF,DEAD,Sample9
3,status,2,VILLAGER,ALIVE,Sample12
3,status,3,SEER,ALIVE,Sample8
3,status,4,BODYGUARD,ALIVE,Sample11
3,status,5,VILLAGER,ALIVE,Sample7
3,status,6,VILLAGER,ALIVE,Sample10
3,status,7,WEREWOLF,DEAD,Sample6
3,status,8,VILLAGER,ALIVE,Sample5
3,status,9,VILLAGER,DEAD,Sample4
3,status,10,VILLAGER,DEAD,Sample3
3,status,11,MEDIUM,ALIVE,Sample14
3,status,12,VILLAGER,ALIVE,Sample2
3,status,13,POSSESSED,ALIVE,Sample13
3,status,14,VILLAGER,ALIVE,Sample1
3,status,15,WEREWOLF,ALIVE,cash_dqn
3,talk,0,0,12,Skip
3,talk,1,0,14,Skip
3,talk,2,0,2,Skip
3,talk,3,0,3,Skip
3,talk,4,0,8,Skip
3,talk,5,0,13,DAY 3 (DIVINED Agent[12] HUMAN)
3,talk,6,0,4,Skip
3,talk,7,0,6,Skip
3,talk,8,0,11,DAY 3 (IDENTIFIED Agent[01] WEREWOLF)
3,talk,9,0,15,Over
3,talk,10,0,5,Skip
3,talk,11,1,14,Skip
3,talk,12,1,3,Skip
3,talk,13,1,15,Over
3,talk,14,1,8,Skip
3,talk,15,1,4,Skip
3,talk,16,1,12,Skip
3,talk,17,1,11,Skip
3,talk,18,1,2,Skip
3,talk,19,1,6,Skip
3,talk,20,1,13,BECAUSE (AND (COMINGOUT Agent[13] SEER) (Agent[03] COMINGOUT Agent[03] SEER)) (XOR (ESTIMATE Agent[03] WEREWOLF) (ESTIMATE Agent[03] POSSESSED))
3,talk,21,1,5,Skip
3,talk,22,2,6,VOTE Agent[05]
3,talk,23,2,3,VOTE Agent[04]
3,talk,24,2,13,BECAUSE (XOR (ESTIMATE Agent[03] WEREWOLF) (ESTIMATE Agent[03] POSSESSED)) (VOTE Agent[03])
3,talk,25,2,15,Over
3,talk,26,2,12,VOTE Agent[05]
3,talk,27,2,8,VOTE Agent[14]
3,talk,28,2,14,VOTE Agent[08]
3,talk,29,2,11,VOTE Agent[06]
3,talk,30,2,4,VOTE Agent[02]
3,talk,31,2,2,VOTE Agent[04]
3,talk,32,2,5,VOTE Agent[15]
3,talk,33,3,12,Skip
3,talk,34,3,11,Skip
3,talk,35,3,5,Skip
3,talk,36,3,2,Skip
3,talk,37,3,3,Skip
3,talk,38,3,8,Skip
3,talk,39,3,4,Skip
3,talk,40,3,15,Over
3,talk,41,3,14,Skip
3,talk,42,3,13,Skip
3,talk,43,3,6,Skip
3,talk,44,4,5,Skip
3,talk,45,4,14,Skip
3,talk,46,4,15,Over
3,talk,47,4,3,Skip
3,talk,48,4,11,Skip
3,talk,49,4,6,Skip
3,talk,50,4,13,Skip
3,talk,51,4,12,Skip
3,talk,52,4,4,Skip
3,talk,53,4,2,Skip
3,talk,54,4,8,Skip
3,talk,55,5,12,Over
3,talk,56,5,6,Over
3,talk,57,5,13,Over
3,talk,58,5,8,Over
3,talk,59,5,15,Over
3,talk,60,5,4,Over
3,talk,61,5,5,Over
3,talk,62,5,14,Over
3,talk,63,5,2,Over
3,talk,64,5,11,Over
3,talk,65,5,3,Over
3,vote,2,4
3,vote,3,4
3,vote,4,2
3,vote,5,15
3,vote,6,5
3,vote,8,14
3,vote,11,6
3,vote,12,5
3,vote,13,3
3,vote,14,8
3,vote,15,5
3,execute,5,VILLAGER
3,divine,3,15,WEREWOLF
3,guard,4,13,POSSESSED
3,attackVote,15,12
3,attack,12,true
4,status,1,WEREWOLF,DEAD,Sample9
4,status,2,VILLAGER,ALIVE,Sample12
4,status,3,SEER,ALIVE,Sample8
4,status,4,BODYGUARD,ALIVE,Sample11
4,status,5,VILLAGER,DEAD,Sample7
4,status,6,VILLAGER,ALIVE,Sample10
4,status,7,WEREWOLF,DEAD,Sample6
4,status,8,VILLAGER,ALIVE,Sample5
4,status,9,VILLAGER,DEAD,Sample4
4,status,10,VILLAGER,DEAD,Sample3
4,status,11,MEDIUM,ALIVE,Sample14
4,status,12,VILLAGER,DEAD,Sample2
4,status,13,POSSESSED,ALIVE,Sample13
4,status,14,VILLAGER,ALIVE,Sample1
4,status,15,WEREWOLF,ALIVE,cash_dqn
4,talk,0,0,6,Skip
4,talk,1,0,8,Skip
4,talk,2,0,4,Skip
4,talk,3,0,11,DAY 4 (IDENTIFIED Agent[05] HUMAN)
4,talk,4,0,15,Over
4,talk,5,0,3,DAY 4 (DIVINED Agent[15] WEREWOLF)
4,talk,6,0,13,DAY 4 (DIVINED Agent[15] HUMAN)
4,talk,7,0,14,Skip
4,talk,8,0,2,Skip
4,talk,9,1,2,Skip
4,talk,10,1,6,Skip
4,talk,11,1,4,Skip
4,talk,12,1,8,Skip
4,talk,13,1,3,BECAUSE (DAY 4 (DIVINED Agent[15] WEREWOLF)) (REQUEST ANY (VOTE Agent[15]))
4,talk,14,1,14,Skip
4,talk,15,1,13,BECAUSE (AND (COMINGOUT Agent[13] SEER) (Agent[03] COMINGOUT Agent[03] SEER)) (XOR (ESTIMATE Agent[03] WEREWOLF) (ESTIMATE Agent[03] POSSESSED))
4,talk,16,1,15,Over
4,talk,17,1,11,Skip
4,talk,18,2,2,VOTE Agent[14]
4,talk,19,2,6,VOTE Agent[14]
4,talk,20,2,14,VOTE Agent[06]
4,talk,21,2,15,Over
4,talk,22,2,13,BECAUSE (XOR (ESTIMATE Agent[03] WEREWOLF) (ESTIMATE Agent[03] POSSESSED)) (VOTE Agent[03])
4,talk,23,2,11,VOTE Agent[03]
4,talk,24,2,8,VOTE Agent[14]
4,talk,25,2,3,INQUIRE ANY (VOTE Agent[15])
4,talk,26,2,4,VOTE Agent[14]
4,talk,27,3,14,Skip
4,talk,28,3,2,Skip
4,talk,29,3,3,BECAUSE (DIVINED Agent[15] WEREWOLF) (VOTE Agent[15])
4,talk,30,3,15,Over
4,talk,31,3,13,Skip
4,talk,32,3,11,Skip
4,talk,33,3,6,Skip
4,talk,34,3,8,Skip
4,talk,35,3,4,Skip
4,talk,36,4,15,Over
4,talk,37,4,2,Skip
4,talk,38,4,11,Skip
4,talk,39,4,8,Skip
4,talk,40,4,3,Skip
4,talk,41,4,14,Skip
4,talk,42,4,13,Skip
4,talk,43,4,6,Skip
4,talk,44,4,4,Skip
4,talk,45,5,2,Over
4,talk,46,5,8,Over
4,talk,47,5,13,Over
4,talk,48,5,6,Over
4,talk,49,5,4,Over
4,talk,50,5,14,Over
4,talk,51,5,3,Skip
4,talk,52,5,11,Over
4,talk,53,5,15,Over
4,talk,54,6,3,Over
4,talk,55,6,2,Over
4,talk,56,6,11,Over
4,talk,57,6,15,Over
4,talk,58,6,6,Over
4,talk,59,6,4,Over
4,talk,60,6,13,Over
4,talk,61,6,8,Over
4,talk,62,6,14,Over
4,vote,2,14
4,vote,3,15
4,vote,4,14
4,vote,6,14
4,vote,8,14
4,vote,11,3
4,vote,13,3
4,vote,14,6
4,vote,15,8
4,execute,14,VILLAGER
4,divine,3,8,HUMAN
4,guard,4,3,SEER
4,attackVote,15,13
4,attack,13,true
5,status,1,WEREWOLF,DEAD,Sample9
5,status,2,VILLAGER,ALIVE,Sample12
5,status,3,SEER,ALIVE,Sample8
5,status,4,BODYGUARD,ALIVE,Sample11
5,status,5,VILLAGER,DEAD,Sample7
5,status,6,VILLAGER,ALIVE,Sample10
5,status,7,WEREWOLF,DEAD,Sample6
5,status,8,VILLAGER,ALIVE,Sample5
5,status,9,VILLAGER,DEAD,Sample4
5,status,10,VILLAGER,DEAD,Sample3
5,status,11,MEDIUM,ALIVE,Sample14
5,status,12,VILLAGER,DEAD,Sample2
5,status,13,POSSESSED,DEAD,Sample13
5,status,14,VILLAGER,DEAD,Sample1
5,status,15,WEREWOLF,ALIVE,cash_dqn
5,talk,0,0,2,Skip
5,talk,1,0,15,Over
5,talk,2,0,11,DAY 5 (IDENTIFIED Agent[14] HUMAN)
5,talk,3,0,3,DAY 5 (DIVINED Agent[08] HUMAN)
5,talk,4,0,6,Skip
5,talk,5,0,8,Skip
5,talk,6,0,4,Skip
5,talk,7,1,3,BECAUSE (DAY 4 (DIVINED Agent[15] WEREWOLF)) (REQUEST ANY (VOTE Agent[15]))
5,talk,8,1,4,Skip
5,talk,9,1,6,Skip
5,talk,10,1,2,Skip
5,talk,11,1,8,Skip
5,talk,12,1,15,Over
5,talk,13,1,11,Skip
5,talk,14,2,4,VOTE Agent[02]
5,talk,15,2,15,Over
5,talk,16,2,2,VOTE Agent[06]
5,talk,17,2,8,VOTE Agent[15]
5,talk,18,2,6,VOTE Agent[11]
5,talk,19,2,3,INQUIRE ANY (VOTE Agent[15])
5,talk,20,2,11,VOTE Agent[06]
5,talk,21,3,15,Over
5,talk,22,3,6,Skip
5,talk,23,3,3,BECAUSE (DIVINED Agent[15] WEREWOLF) (VOTE Agent[15])
5,talk,24,3,11,Skip
5,talk,25,3,4,Skip
5,talk,26,3,8,Skip
5,talk,27,3,2,Skip
5,talk,28,4,6,Skip
5,talk,29,4,2,Skip
5,talk,30,4,3,Skip
5,talk,31,4,11,Skip
5,talk,32,4,15,Over
5,talk,33,4,4,Skip
5,talk,34,4,8,Skip
5,talk,35,5,2,Over
5,talk,36,5,15,Over
5,talk,37,5,6,Over
5,talk,38,5,4,Over
5,talk,39,5,11,Over
5,talk,40,5,8,Over
5,talk,41,5,3,Skip
5,talk,42,6,4,Over
5,talk,43,6,15,Over
5,talk,44,6,3,Over
5,talk,45,6,11,Over
5,talk,46,6,8,Over
5,talk,47,6,2,Over
5,talk,48,6,6,Over
5,vote,2,6
5,vote,3,15
5,vote,4,2
5,vote,6,11
5,vote,8,15
5,vote,11,6
5,vote,15,2
5,vote,2,6
5,vote,3,15
5,vote,4,2
5,vote,6,11
5,vote,8,15
5,vote,11,6
5,vote,15,8
5,execute,15,WEREWOLF
5,divine,3,2,HUMAN
5,guard,4,3,SEER
6,status,1,WEREWOLF,DEAD,Sample9
6,status,2,VILLAGER,ALIVE,Sample12
6,status,3,SEER,ALIVE,Sample8
6,status,4,BODYGUARD,ALIVE,Sample11
6,status,5,VILLAGER,DEAD,Sample7
6,status,6,VILLAGER,ALIVE,Sample10
6,status,7,WEREWOLF,DEAD,Sample6
6,status,8,VILLAGER,ALIVE,Sample5
6,status,9,VILLAGER,DEAD,Sample4
6,status,10,VILLAGER,DEAD,Sample3
6,status,11,MEDIUM,ALIVE,Sample14
6,status,12,VILLAGER,DEAD,Sample2
6,status,13,POSSESSED,DEAD,Sample13
6,status,14,VILLAGER,DEAD,Sample1
6,status,15,WEREWOLF,DEAD,cash_dqn
6,result,6,0,VILLAGER
