0,status,1,VILLAGER,ALIVE,Sample9
0,status,2,VILLAGER,ALIVE,Sample12
0,status,3,VILLAGER,ALIVE,Sample8
0,status,4,VILLAGER,ALIVE,Sample11
0,status,5,VILLAGER,ALIVE,Sample7
0,status,6,WEREWOLF,ALIVE,Sample10
0,status,7,VILLAGER,ALIVE,Sample6
0,status,8,SEER,ALIVE,Sample5
0,status,9,BODYGUARD,ALIVE,Sample4
0,status,10,WEREWOLF,ALIVE,Sample3
0,status,11,MEDIUM,ALIVE,Sample14
0,status,12,WEREWOLF,ALIVE,Sample2
0,status,13,VILLAGER,ALIVE,Sample13
0,status,14,VILLAGER,ALIVE,Sample1
0,status,15,POSSESSED,ALIVE,cash_dqn
0,whisper,0,0,10,COMINGOUT Agent[10] VILLAGER
0,whisper,1,0,6,COMINGOUT Agent[06] SEER
0,whisper,2,0,12,COMINGOUT Agent[12] SEER
0,whisper,3,1,10,ATTACK Agent[01]
0,whisper,4,1,12,ATTACK Agent[03]
0,whisper,5,1,6,ATTACK Agent[07]
0,whisper,6,2,6,Skip
0,whisper,7,2,10,Skip
0,whisper,8,2,12,Skip
0,whisper,9,3,10,Skip
0,whisper,10,3,12,Skip
0,whisper,11,3,6,Skip
0,whisper,12,4,10,Over
0,whisper,13,4,6,Over
0,whisper,14,4,12,Over
0,divine,8,5,HUMAN
1,status,1,VILLAGER,ALIVE,Sample9
1,status,2,VILLAGER,ALIVE,Sample12
1,status,3,VILLAGER,ALIVE,Sample8
1,status,4,VILLAGER,ALIVE,Sample11
1,status,5,VILLAGER,ALIVE,Sample7
1,status,6,WEREWOLF,ALIVE,Sample10
1,status,7,VILLAGER,ALIVE,Sample6
1,status,8,SEER,ALIVE,Sample5
1,status,9,BODYGUARD,ALIVE,Sample4
1,status,10,WEREWOLF,ALIVE,Sample3
1,status,11,MEDIUM,ALIVE,Sample14
1,status,12,WEREWOLF,ALIVE,Sample2
1,status,13,VILLAGER,ALIVE,Sample13
1,status,14,VILLAGER,ALIVE,Sample1
1,status,15,POSSESSED,ALIVE,cash_dqn
1,talk,0,0,9,Skip
1,talk,1,0,15,Over
1,talk,2,0,11,Skip
1,talk,3,0,7,Skip
1,talk,4,0,14,Skip
1,talk,5,0,4,Skip
1,talk,6,0,3,Skip
1,talk,7,0,12,COMINGOUT Agent[12] SEER
1,talk,8,0,5,Skip
1,talk,9,0,13,Skip
1,talk,10,0,1,Skip
1,talk,11,0,6,ESTIMATE Agent[05] WEREWOLF
1,talk,12,0,2,Skip
1,talk,13,0,10,ESTIMATE Agent[11] WEREWOLF
1,talk,14,0,8,Skip
1,talk,15,1,6,Skip
1,talk,16,1,15,Over
1,talk,17,1,9,Skip
1,talk,18,1,5,Skip
1,talk,19,1,11,Skip
1,talk,20,1,14,Skip
1,talk,21,1,8,COMINGOUT Agent[08] SEER
1,talk,22,1,7,Skip
1,talk,23,1,2,Skip
1,talk,24,1,10,Skip
1,talk,25,1,13,Skip
1,talk,26,1,1,Skip
1,talk,27,1,12,ESTIMATE Agent[15] WEREWOLF
1,talk,28,1,3,Skip
1,talk,29,1,4,Skip
1,talk,30,2,1,VOTE Agent[03]
1,talk,31,2,6,VOTE Agent[05]
1,talk,32,2,12,DIVINED Agent[15] WEREWOLF
1,talk,33,2,10,VOTE Agent[11]
1,talk,34,2,15,Over
1,talk,35,2,5,VOTE Agent[06]
1,talk,36,2,11,VOTE Agent[09]
1,talk,37,2,14,VOTE Agent[01]
1,talk,38,2,2,VOTE Agent[01]
1,talk,39,2,13,VOTE Agent[03]
1,talk,40,2,3,VOTE Agent[07]
1,talk,41,2,4,VOTE Agent[05]
1,talk,42,2,9,VOTE Agent[10]
1,talk,43,2,7,VOTE Agent[06]
1,talk,44,2,8,DAY 1 (DIVINED Agent[05] HUMAN)
1,talk,45,3,13,Skip
1,talk,46,3,5,Skip
1,talk,47,3,7,Skip
1,talk,48,3,15,Over
1,talk,49,3,8,BECAUSE (AND (COMINGOUT Agent[08] SEER) (Agent[12] COMINGOUT Agent[12] SEER)) (XOR (ESTIMATE Agent[12] WEREWOLF) (ESTIMATE Agent[12] POSSESSED))
1,talk,50,3,11,Skip
1,talk,51,3,1,Skip
1,talk,52,3,6,Skip
1,talk,53,3,12,VOTE Agent[15]
1,talk,54,3,10,Skip
1,talk,55,3,2,Skip
1,talk,56,3,4,Skip
1,talk,57,3,9,Skip
1,talk,58,3,14,Skip
1,talk,59,3,3,Skip
1,talk,60,4,4,Skip
1,talk,61,4,7,Skip
1,talk,62,4,5,Skip
1,talk,63,4,15,Over
1,talk,64,4,2,Skip
1,talk,65,4,1,Skip
1,talk,66,4,8,BECAUSE (XOR (ESTIMATE Agent[12] WEREWOLF) (ESTIMATE Agent[12] POSSESSED)) (VOTE Agent[12])
1,talk,67,4,10,Skip
1,talk,68,4,14,Skip
1,talk,69,4,11,Skip
1,talk,70,4,9,Skip
1,talk,71,4,12,Skip
1,talk,72,4,6,Skip
1,talk,73,4,13,Skip
1,talk,74,4,3,Skip
1,talk,75,5,3,Over
1,talk,76,5,2,Over
1,talk,77,5,13,Over
1,talk,78,5,12,Skip
1,talk,79,5,1,Over
1,talk,80,5,10,Over
1,talk,81,5,7,Over
1,talk,82,5,6,Over
1,talk,83,5,8,Skip
1,talk,84,5,9,Over
1,talk,85,5,14,Over
1,talk,86,5,4,Over
1,talk,87,5,11,Over
1,talk,88,5,5,Over
1,talk,89,5,15,Over
1,talk,90,6,13,Over
1,talk,91,6,1,Over
1,talk,92,6,15,Over
1,talk,93,6,6,Over
1,talk,94,6,14,Over
1,talk,95,6,4,Over
1,talk,96,6,7,Over
1,talk,97,6,3,Over
1,talk,98,6,5,Over
1,talk,99,6,2,Over
1,talk,100,6,11,Over
1,talk,101,6,10,Over
1,talk,102,6,8,Skip
1,talk,103,6,9,Over
1,talk,104,6,12,Over
1,talk,105,7,5,Over
1,talk,106,7,3,Over
1,talk,107,7,8,Over
1,talk,108,7,13,Over
1,talk,109,7,2,Over
1,talk,110,7,6,Over
1,talk,111,7,10,Over
1,talk,112,7,11,Over
1,talk,113,7,14,Over
1,talk,114,7,1,Over
1,talk,115,7,7,Over
1,talk,116,7,12,Over
1,talk,117,7,4,Over
1,talk,118,7,9,Over
1,talk,119,7,15,Over
1,vote,1,3
1,vote,2,1
1,vote,3,7
1,vote,4,5
1,vote,5,6
1,vote,6,5
1,vote,7,6
1,vote,8,12
1,vote,9,10
1,vote,10,11
1,vote,11,9
1,vote,12,15
1,vote,13,3
1,vote,14,1
1,vote,15,4
1,vote,1,3
1,vote,2,1
1,vote,3,7
1,vote,4,5
1,vote,5,6
1,vote,6,5
1,vote,7,6
1,vote,8,12
1,vote,9,10
1,vote,10,11
1,vote,11,9
1,vote,12,15
1,vote,13,3
1,vote,14,1
1,vote,15,2
1,execute,3,VILLAGER
1,divine,8,12,WEREWOLF
1,whisper,0,0,10,BECAUSE (Agent[08] COMINGOUT Agent[08] SEER) (ATTACK Agent[08])
1,whisper,1,0,12,BECAUSE (Agent[08] COMINGOUT Agent[08] SEER) (ATTACK Agent[08])
1,whisper,2,0,6,COMINGOUT Agent[06] VILLAGER
1,whisper,3,1,10,Skip
1,whisper,4,1,6,BECAUSE (Agent[08] COMINGOUT Agent[08] SEER) (ATTACK Agent[08])
1,whisper,5,1,12,Skip
1,whisper,6,2,12,Skip
1,whisper,7,2,10,Skip
1,whisper,8,2,6,Skip
1,whisper,9,3,6,Skip
1,whisper,10,3,10,Over
1,whisper,11,3,12,Over
1,whisper,12,4,12,Over
1,whisper,13,4,6,Over
1,whisper,14,4,10,Over
1,guard,9,12,WEREWOLF
1,attack,11,true
2,status,1,VILLAGER,ALIVE,Sample9
2,status,2,VILLAGER,ALIVE,Sample12
2,status,3,VILLAGER,DEAD,Sample8
2,status,4,VILLAGER,ALIVE,Sample11
2,status,5,VILLAGER,ALIVE,Sample7
2,status,6,WEREWOLF,ALIVE,Sample10
2,status,7,VILLAGER,ALIVE,Sample6
2,status,8,SEER,ALIVE,Sample5
2,status,9,BODYGUARD,ALIVE,Sample4
2,status,10,WEREWOLF,ALIVE,Sample3
2,status,11,MEDIUM,DEAD,Sample14
2,status,12,WEREWOLF,ALIVE,Sample2
2,status,13,VILLAGER,ALIVE,Sample13
2,status,14,VILLAGER,ALIVE,Sample1
2,status,15,POSSESSED,ALIVE,cash_dqn
2,talk,0,0,15,Over
2,talk,1,0,5,Skip
2,talk,2,0,1,Skip
2,talk,3,0,10,ESTIMATE Agent[02] WEREWOLF
2,talk,4,0,9,Skip
2,talk,5,0,12,DIVINED Agent[07] HUMAN
2,talk,6,0,14,Skip
2,talk,7,0,6,ESTIMATE Agent[04] WEREWOLF
2,talk,8,0,8,DAY 2 (DIVINED Agent[12] WEREWOLF)
2,talk,9,0,13,Skip
2,talk,10,0,7,Skip
2,talk,11,0,4,Skip
2,talk,12,0,2,Skip
2,talk,13,1,1,Skip
2,talk,14,1,10,Skip
2,talk,15,1,13,Skip
2,talk,16,1,12,ESTIMATE Agent[08] WEREWOLF
2,talk,17,1,7,Skip
2,talk,18,1,4,Skip
2,talk,19,1,14,Skip
2,talk,20,1,5,Skip
2,talk,21,1,8,BECAUSE (DAY 2 (DIVINED Agent[12] WEREWOLF)) (REQUEST ANY (VOTE Agent[12]))
2,talk,22,1,6,Skip
2,talk,23,1,2,Skip
2,talk,24,1,9,Skip
2,talk,25,1,15,Over
2,talk,26,2,5,VOTE Agent[04]
2,talk,27,2,4,VOTE Agent[12]
2,talk,28,2,9,VOTE Agent[01]
2,talk,29,2,14,VOTE Agent[12]
2,talk,30,2,10,VOTE Agent[02]
2,talk,31,2,2,VOTE Agent[06]
2,talk,32,2,6,VOTE Agent[04]
2,talk,33,2,13,VOTE Agent[08]
2,talk,34,2,12,VOTE Agent[08]
2,talk,35,2,8,INQUIRE ANY (VOTE Agent[12])
2,talk,36,2,1,VOTE Agent[08]
2,talk,37,2,7,VOTE Agent[10]
2,talk,38,2,15,Over
2,talk,39,3,14,Skip
2,talk,40,3,8,BECAUSE (DIVINED Agent[12] WEREWOLF) (VOTE Agent[12])
2,talk,41,3,1,Skip
2,talk,42,3,7,Skip
2,talk,43,3,4,Skip
2,talk,44,3,13,Skip
2,talk,45,3,5,Skip
2,talk,46,3,12,Skip
2,talk,47,3,2,Skip
2,talk,48,3,6,Skip
2,talk,49,3,9,Skip
2,talk,50,3,10,Skip
2,talk,51,3,15,Over
2,talk,52,4,2,Skip
2,talk,53,4,15,Over
2,talk,54,4,7,Skip
2,talk,55,4,5,Skip
2,talk,56,4,10,Skip
2,talk,57,4,6,Skip
2,talk,58,4,4,Skip
2,talk,59,4,8,Skip
2,talk,60,4,12,Skip
2,talk,61,4,14,Skip
2,talk,62,4,9,Skip
2,talk,63,4,13,Skip
2,talk,64,4,1,Skip
2,talk,65,5,4,Over
2,talk,66,5,6,Over
2,talk,67,5,1,Over
2,talk,68,5,14,Over
2,talk,69,5,9,Over
2,talk,70,5,8,Skip
2,talk,71,5,7,Over
2,talk,72,5,15,Over
2,talk,73,5,13,Over
2,talk,74,5,10,Over
2,talk,75,5,5,Over
2,talk,76,5,2,Over
2,talk,77,5,12,Over
2,talk,78,6,9,Over
2,talk,79,6,7,Over
2,talk,80,6,12,Over
2,talk,81,6,14,Over
2,talk,82,6,2,Over
2,talk,83,6,15,Over
2,talk,84,6,4,Over
2,talk,85,6,1,Over
2,talk,86,6,13,Over
2,talk,87,6,5,Over
2,talk,88,6,6,Over
2,talk,89,6,10,Over
2,talk,90,6,8,Over
2,vote,1,8
2,vote,2,6
2,vote,4,12
2,vote,5,4
2,vote,6,4
2,vote,7,10
2,vote,8,12
2,vote,9,1
2,vote,10,2
2,vote,12,8
2,vote,13,8
2,vote,14,12
2,vote,15,9
2,vote,1,8
2,vote,2,6
2,vote,4,12
2,vote,5,4
2,vote,6,4
2,vote,7,10
2,vote,8,12
2,vote,9,1
2,vote,10,2
2,vote,12,8
2,vote,13,8
2,vote,14,12
2,vote,15,2
2,execute,12,WEREWOLF
2,whisper,0,0,10,BECAUSE (Agent[08] COMINGOUT Agent[08] SEER) (ATTACK Agent[08])
2,whisper,1,0,6,BECAUSE (Agent[08] COMINGOUT Agent[08] SEER) (ATTACK Agent[08])
2,whisper,2,1,10,Skip
2,whisper,3,1,6,Skip
2,whisper,4,2,10,Skip
2,whisper,5,2,6,Skip
2,whisper,6,3,10,Over
2,whisper,7,3,6,Over
2,guard,9,8,SEER
2,attack,1,true
3,status,1,VILLAGER,DEAD,Sample9
3,status,2,VILLAGER,ALIVE,Sample12
3,status,3,VILLAGER,DEAD,Sample8
3,status,4,VILLAGER,ALIVE,Sample11
3,status,5,VILLAGER,ALIVE,Sample7
3,status,6,WEREWOLF,ALIVE,Sample10
3,status,7,VILLAGER,ALIVE,Sample6
3,status,8,SEER,ALIVE,Sample5
3,status,9,BODYGUARD,ALIVE,Sample4
3,status,10,WEREWOLF,ALIVE,Sample3
3,status,11,MEDIUM,DEAD,Sample14
3,status,12,WEREWOLF,DEAD,Sample2
3,status,13,VILLAGER,ALIVE,Sample13
3,status,14,VILLAGER,ALIVE,Sample1
3,status,15,POSSESSED,ALIVE,cash_dqn
3,talk,0,0,8,Skip
3,talk,1,0,4,Skip
3,talk,2,0,9,Skip
3,talk,3,0,5,Skip
3,talk,4,0,2,Skip
3,talk,5,0,10,ESTIMATE Agent[07] WEREWOLF
3,talk,6,0,15,Over
3,talk,7,0,14,Skip
3,talk,8,0,6,ESTIMATE Agent[15] WEREWOLF
3,talk,9,0,7,Skip
3,talk,10,0,13,Skip
3,talk,11,1,4,Skip
3,talk,12,1,10,Skip
3,talk,13,1,2,Skip
3,talk,14,1,13,Skip
3,talk,15,1,7,Skip
3,talk,16,1,5,Skip
3,talk,17,1,15,Over
3,talk,18,1,6,Skip
3,talk,19,1,14,Skip
3,talk,20,1,9,Skip
3,talk,21,1,8,Skip
3,talk,22,2,2,VOTE Agent[06]
3,talk,23,2,6,VOTE Agent[15]
3,talk,24,2,8,VOTE Agent[07]
3,talk,25,2,4,VOTE Agent[15]
3,talk,26,2,15,Over
3,talk,27,2,10,VOTE Agent[07]
3,talk,28,2,13,VOTE Agent[10]
3,talk,29,2,9,VOTE Agent[04]
3,talk,30,2,14,VOTE Agent[05]
3,talk,31,2,5,VOTE Agent[10]
3,talk,32,2,7,VOTE Agent[10]
3,talk,33,3,4,Skip
3,talk,34,3,13,Skip
3,talk,35,3,6,Skip
3,talk,36,3,8,Skip
3,talk,37,3,5,Skip
3,talk,38,3,2,Skip
3,talk,39,3,9,Skip
3,talk,40,3,14,Skip
3,talk,41,3,7,Skip
3,talk,42,3,15,Over
3,talk,43,3,10,Skip
3,talk,44,4,7,Skip
3,talk,45,4,8,Skip
3,talk,46,4,5,Skip
3,talk,47,4,10,Skip
3,talk,48,4,13,Skip
3,talk,49,4,9,Skip
3,talk,50,4,4,Skip
3,talk,51,4,6,Skip
3,talk,52,4,2,Skip
3,talk,53,4,14,Skip
3,talk,54,4,15,Over
3,talk,55,5,5,Over
3,talk,56,5,4,Over
3,talk,57,5,8,Over
3,talk,58,5,6,Over
3,talk,59,5,2,Over
3,talk,60,5,14,Over
3,talk,61,5,15,Over
3,talk,62,5,7,Over
3,talk,63,5,9,Over
3,talk,64,5,13,Over
3,talk,65,5,10,Over
3,vote,2,6
3,vote,4,15
3,vote,5,10
3,vote,6,15
3,vote,7,10
3,vote,8,7
3,vote,9,4
3,vote,10,7
3,vote,13,10
3,vote,14,5
3,vote,15,14
3,execute,10,WEREWOLF
3,divine,8,14,HUMAN
3,guard,9,8,SEER
3,attackVote,6,8
3,attack,8,false
4,status,1,VILLAGER,DEAD,Sample9
4,status,2,VILLAGER,ALIVE,Sample12
4,status,3,VILLAGER,DEAD,Sample8
4,status,4,VILLAGER,ALIVE,Sample11
4,status,5,VILLAGER,ALIVE,Sample7
4,status,6,WEREWOLF,ALIVE,Sample10
4,status,7,VILLAGER,ALIVE,Sample6
4,status,8,SEER,ALIVE,Sample5
4,status,9,BODYGUARD,ALIVE,Sample4
4,status,10,WEREWOLF,DEAD,Sample3
4,status,11,MEDIUM,DEAD,Sample14
4,status,12,WEREWOLF,DEAD,Sample2
4,status,13,VILLAGER,ALIVE,Sample13
4,status,14,VILLAGER,ALIVE,Sample1
4,status,15,POSSESSED,ALIVE,cash_dqn
4,talk,0,0,14,Skip
4,talk,1,0,6,ESTIMATE Agent[15] WEREWOLF
4,talk,2,0,2,Skip
4,talk,3,0,7,Skip
4,talk,4,0,9,Skip
4,talk,5,0,5,Skip
4,talk,6,0,15,Over
4,talk,7,0,8,DAY 4 (DIVINED Agent[14] HUMAN)
4,talk,8,0,13,Skip
4,talk,9,0,4,Skip
4,talk,10,1,15,Over
4,talk,11,1,14,Skip
4,talk,12,1,4,Skip
4,talk,13,1,7,Skip
4,talk,14,1,6,Skip
4,talk,15,1,9,Skip
4,talk,16,1,8,Skip
4,talk,17,1,13,Skip
4,talk,18,1,2,Skip
4,talk,19,1,5,Skip
4,talk,20,2,4,VOTE Agent[13]
4,talk,21,2,8,VOTE Agent[07]
4,talk,22,2,5,VOTE Agent[07]
4,talk,23,2,6,VOTE Agent[15]
4,talk,24,2,13,VOTE Agent[05]
4,talk,25,2,9,VOTE Agent[13]
4,talk,26,2,2,VOTE Agent[07]
4,talk,27,2,15,Over
4,talk,28,2,14,VOTE Agent[06]
4,talk,29,2,7,VOTE Agent[14]
4,talk,30,3,2,Skip
4,talk,31,3,14,Skip
4,talk,32,3,15,Over
4,talk,33,3,4,Skip
4,talk,34,3,7,Skip
4,talk,35,3,5,Skip
4,talk,36,3,8,Skip
4,talk,37,3,13,Skip
4,talk,38,3,6,Skip
4,talk,39,3,9,Skip
4,talk,40,4,15,Over
4,talk,41,4,6,Skip
4,talk,42,4,7,Skip
4,talk,43,4,9,Skip
4,talk,44,4,8,Skip
4,talk,45,4,4,Skip
4,talk,46,4,5,Skip
4,talk,47,4,13,Skip
4,talk,48,4,14,Skip
4,talk,49,4,2,Skip
4,talk,50,5,2,Over
4,talk,51,5,9,Over
4,talk,52,5,6,Over
4,talk,53,5,8,Over
4,talk,54,5,14,Over
4,talk,55,5,15,Over
4,talk,56,5,13,Over
4,talk,57,5,7,Over
4,talk,58,5,5,Over
4,talk,59,5,4,Over
4,vote,2,7
4,vote,4,13
4,vote,5,7
4,vote,6,15
4,vote,7,14
4,vote,8,7
4,vote,9,13
4,vote,13,5
4,vote,14,6
4,vote,15,5
4,execute,7,VILLAGER
4,divine,8,13,HUMAN
4,guard,9,8,SEER
4,attackVote,6,8
4,attack,8,false
5,status,1,VILLAGER,DEAD,Sample9
5,status,2,VILLAGER,ALIVE,Sample12
5,status,3,VILLAGER,DEAD,Sample8
5,status,4,VILLAGER,ALIVE,Sample11
5,status,5,VILLAGER,ALIVE,Sample7
5,status,6,WEREWOLF,ALIVE,Sample10
5,status,7,VILLAGER,DEAD,Sample6
5,status,8,SEER,ALIVE,Sample5
5,status,9,BODYGUARD,ALIVE,Sample4
5,status,10,WEREWOLF,DEAD,Sample3
5,status,11,MEDIUM,DEAD,Sample14
5,status,12,WEREWOLF,DEAD,Sample2
5,status,13,VILLAGER,ALIVE,Sample13
5,status,14,VILLAGER,ALIVE,Sample1
5,status,15,POSSESSED,ALIVE,cash_dqn
5,talk,0,0,9,Skip
5,talk,1,0,15,Over
5,talk,2,0,8,DAY 5 (DIVINED Agent[13] HUMAN)
5,talk,3,0,2,Skip
5,talk,4,0,6,ESTIMATE Agent[05] WEREWOLF
5,talk,5,0,4,Skip
5,talk,6,0,5,Skip
5,talk,7,0,13,Skip
5,talk,8,0,14,Skip
5,talk,9,1,13,Skip
5,talk,10,1,6,Skip
5,talk,11,1,15,Over
5,talk,12,1,8,Skip
5,talk,13,1,2,Skip
5,talk,14,1,5,Skip
5,talk,15,1,4,Skip
5,talk,16,1,14,Skip
5,talk,17,1,9,Skip
5,talk,18,2,5,VOTE Agent[02]
5,talk,19,2,9,VOTE Agent[02]
5,talk,20,2,13,VOTE Agent[04]
5,talk,21,2,15,Over
5,talk,22,2,14,VOTE Agent[02]
5,talk,23,2,4,VOTE Agent[09]
5,talk,24,2,8,VOTE Agent[04]
5,talk,25,2,2,VOTE Agent[15]
5,talk,26,2,6,VOTE Agent[05]
5,talk,27,3,8,Skip
5,talk,28,3,9,Skip
5,talk,29,3,13,Skip
5,talk,30,3,2,Skip
5,talk,31,3,6,Skip
5,talk,32,3,14,Skip
5,talk,33,3,5,Skip
5,talk,34,3,4,Skip
5,talk,35,3,15,Over
5,talk,36,4,9,Skip
5,talk,37,4,14,Skip
5,talk,38,4,8,Skip
5,talk,39,4,2,Skip
5,talk,40,4,6,Skip
5,talk,41,4,4,Skip
5,talk,42,4,5,Skip
5,talk,43,4,13,Skip
5,talk,44,4,15,Over
5,talk,45,5,5,Over
5,talk,46,5,8,Over
5,talk,47,5,15,Over
5,talk,48,5,13,Over
5,talk,49,5,4,Over
5,talk,50,5,6,Over
5,talk,51,5,9,Over
5,talk,52,5,2,Over
5,talk,53,5,14,Over
5,vote,2,15
5,vote,4,9
5,vote,5,2
5,vote,6,5
5,vote,8,4
5,vote,9,2
5,vote,13,4
5,vote,14,2
5,vote,15,6
5,execute,2,VILLAGER
5,divine,8,4,HUMAN
5,guard,9,8,SEER
5,attackVote,6,8
5,attack,8,false
6,status,1,VILLAGER,DEAD,Sample9
6,status,2,VILLAGER,DEAD,Sample12
6,status,3,VILLAGER,DEAD,Sample8
6,status,4,VILLAGER,ALIVE,Sample11
6,status,5,VILLAGER,ALIVE,Sample7
6,status,6,WEREWOLF,ALIVE,Sample10
6,status,7,VILLAGER,DEAD,Sample6
6,status,8,SEER,ALIVE,Sample5
6,status,9,BODYGUARD,ALIVE,Sample4
6,status,10,WEREWOLF,DEAD,Sample3
6,status,11,MEDIUM,DEAD,Sample14
6,status,12,WEREWOLF,DEAD,Sample2
6,status,13,VILLAGER,ALIVE,Sample13
6,status,14,VILLAGER,ALIVE,Sample1
6,status,15,POSSESSED,ALIVE,cash_dqn
6,talk,0,0,4,Skip
6,talk,1,0,8,DAY 6 (DIVINED Agent[04] HUMAN)
6,talk,2,0,15,Over
6,talk,3,0,9,Skip
6,talk,4,0,6,ESTIMATE Agent[13] WEREWOLF
6,talk,5,0,14,Skip
6,talk,6,0,5,Skip
6,talk,7,0,13,Skip
6,talk,8,1,5,Skip
6,talk,9,1,15,Over
6,talk,10,1,8,Skip
6,talk,11,1,14,Skip
6,talk,12,1,13,Skip
6,talk,13,1,4,Skip
6,talk,14,1,6,Skip
6,talk,15,1,9,Skip
6,talk,16,2,4,VOTE Agent[13]
6,talk,17,2,5,VOTE Agent[04]
6,talk,18,2,8,VOTE Agent[07]
6,talk,19,2,9,VOTE Agent[15]
6,talk,20,2,13,VOTE Agent[06]
6,talk,21,2,14,VOTE Agent[04]
6,talk,22,2,6,VOTE Agent[13]
6,talk,23,2,15,Over
6,talk,24,3,14,Skip
6,talk,25,3,13,Skip
6,talk,26,3,6,Skip
6,talk,27,3,15,Over
6,talk,28,3,8,Skip
6,talk,29,3,4,Skip
6,talk,30,3,9,Skip
6,talk,31,3,5,Skip
6,talk,32,4,5,Skip
6,talk,33,4,6,Skip
6,talk,34,4,15,Over
6,talk,35,4,14,Skip
6,talk,36,4,4,Skip
6,talk,37,4,13,Skip
6,talk,38,4,9,Skip
6,talk,39,4,8,Skip
6,talk,40,5,15,Over
6,talk,41,5,9,Over
6,talk,42,5,13,Over
6,talk,43,5,14,Over
6,talk,44,5,8,Over
6,talk,45,5,5,Over
6,talk,46,5,4,Over
6,talk,47,5,6,Over
6,vote,4,13
6,vote,5,4
6,vote,6,13
6,vote,8,15
6,vote,9,15
6,vote,13,6
6,vote,14,4
6,vote,15,5
6,vote,4,13
6,vote,5,4
6,vote,6,13
6,vote,8,13
6,vote,9,15
6,vote,13,6
6,vote,14,4
6,vote,15,13
6,execute,13,VILLAGER
6,divine,8,6,WEREWOLF
6,guard,9,8,SEER
6,attackVote,6,8
6,attack,8,false
7,status,1,VILLAGER,DEAD,Sample9
7,status,2,VILLAGER,DEAD,Sample12
7,status,3,VILLAGER,DEAD,Sample8
7,status,4,VILLAGER,ALIVE,Sample11
7,status,5,VILLAGER,ALIVE,Sample7
7,status,6,WEREWOLF,ALIVE,Sample10
7,status,7,VILLAGER,DEAD,Sample6
7,status,8,SEER,ALIVE,Sample5
7,status,9,BODYGUARD,ALIVE,Sample4
7,status,10,WEREWOLF,DEAD,Sample3
7,status,11,MEDIUM,DEAD,Sample14
7,status,12,WEREWOLF,DEAD,Sample2
7,status,13,VILLAGER,DEAD,Sample13
7,status,14,VILLAGER,ALIVE,Sample1
7,status,15,POSSESSED,ALIVE,cash_dqn
7,talk,0,0,9,Skip
7,talk,1,0,5,Skip
7,talk,2,0,6,ESTIMATE Agent[15] WEREWOLF
7,talk,3,0,15,Over
7,talk,4,0,8,DAY 7 (DIVINED Agent[06] WEREWOLF)
7,talk,5,0,14,Skip
7,talk,6,0,4,Skip
7,talk,7,1,15,Over
7,talk,8,1,4,Skip
7,talk,9,1,9,Skip
7,talk,10,1,6,Skip
7,talk,11,1,8,BECAUSE (DAY 7 (DIVINED Agent[06] WEREWOLF)) (REQUEST ANY (VOTE Agent[06]))
7,talk,12,1,14,Skip
7,talk,13,1,5,Skip
7,talk,14,2,15,Over
7,talk,15,2,6,VOTE Agent[15]
7,talk,16,2,9,VOTE Agent[14]
7,talk,17,2,4,VOTE Agent[05]
7,talk,18,2,14,VOTE Agent[04]
7,talk,19,2,8,INQUIRE ANY (VOTE Agent[06])
7,talk,20,2,5,VOTE Agent[04]
7,talk,21,3,9,Skip
7,talk,22,3,6,Skip
7,talk,23,3,8,BECAUSE (DIVINED Agent[06] WEREWOLF) (VOTE Agent[06])
7,talk,24,3,15,Over
7,talk,25,3,4,Skip
7,talk,26,3,5,Skip
7,talk,27,3,14,Skip
7,talk,28,4,5,Skip
7,talk,29,4,8,Skip
7,talk,30,4,15,Over
7,talk,31,4,4,Skip
7,talk,32,4,14,Skip
7,talk,33,4,9,Skip
7,talk,34,4,6,Skip
7,talk,35,5,4,Over
7,talk,36,5,6,Over
7,talk,37,5,14,Over
7,talk,38,5,8,Skip
7,talk,39,5,5,Over
7,talk,40,5,9,Over
7,talk,41,5,15,Over
7,talk,42,6,15,Over
7,talk,43,6,9,Over
7,talk,44,6,14,Over
7,talk,45,6,4,Over
7,talk,46,6,6,Over
7,talk,47,6,5,Over
7,talk,48,6,8,Over
7,vote,4,5
7,vote,5,4
7,vote,6,15
7,vote,8,6
7,vote,9,14
7,vote,14,4
7,vote,15,4
7,execute,4,VILLAGER
7,divine,8,9,HUMAN
7,guard,9,8,SEER
7,attackVote,6,8
7,attack,8,false
8,status,1,VILLAGER,DEAD,Sample9
8,status,2,VILLAGER,DEAD,Sample12
8,status,3,VILLAGER,DEAD,Sample8
8,status,4,VILLAGER,DEAD,Sample11
8,status,5,VILLAGER,ALIVE,Sample7
8,status,6,WEREWOLF,ALIVE,Sample10
8,status,7,VILLAGER,DEAD,Sample6
8,status,8,SEER,ALIVE,Sample5
8,status,9,BODYGUARD,ALIVE,Sample4
8,status,10,WEREWOLF,DEAD,Sample3
8,status,11,MEDIUM,DEAD,Sample14
8,status,12,WEREWOLF,DEAD,Sample2
8,status,13,VILLAGER,DEAD,Sample13
8,status,14,VILLAGER,ALIVE,Sample1
8,status,15,POSSESSED,ALIVE,cash_dqn
8,talk,0,0,6,ESTIMATE Agent[09] WEREWOLF
8,talk,1,0,9,Skip
8,talk,2,0,5,Skip
8,talk,3,0,8,DAY 8 (DIVINED Agent[09] HUMAN)
8,talk,4,0,15,Over
8,talk,5,0,14,Skip
8,talk,6,1,14,Skip
8,talk,7,1,15,Over
8,talk,8,1,6,Skip
8,talk,9,1,5,Skip
8,talk,10,1,9,Skip
8,talk,11,1,8,BECAUSE (DAY 7 (DIVINED Agent[06] WEREWOLF)) (REQUEST ANY (VOTE Agent[06]))
8,talk,12,2,15,Over
8,talk,13,2,8,INQUIRE ANY (VOTE Agent[06])
8,talk,14,2,5,VOTE Agent[09]
8,talk,15,2,14,VOTE Agent[06]
8,talk,16,2,9,VOTE Agent[06]
8,talk,17,2,6,VOTE Agent[09]
8,talk,18,3,5,Skip
8,talk,19,3,14,Skip
8,talk,20,3,15,Over
8,talk,21,3,9,Skip
8,talk,22,3,8,BECAUSE (DIVINED Agent[06] WEREWOLF) (VOTE Agent[06])
8,talk,23,3,6,Skip
8,talk,24,4,6,Skip
8,talk,25,4,5,Skip
8,talk,26,4,15,Over
8,talk,27,4,14,Skip
8,talk,28,4,8,Skip
8,talk,29,4,9,Skip
8,talk,30,5,8,Skip
8,talk,31,5,9,Over
8,talk,32,5,15,Over
8,talk,33,5,6,Over
8,talk,34,5,5,Over
8,talk,35,5,14,Over
8,talk,36,6,14,Over
8,talk,37,6,5,Over
8,talk,38,6,15,Over
8,talk,39,6,9,Over
8,talk,40,6,8,Over
8,talk,41,6,6,Over
8,vote,5,9
8,vote,6,9
8,vote,8,6
8,vote,9,6
8,vote,14,6
8,vote,15,14
8,execute,6,WEREWOLF
8,divine,8,15,HUMAN
8,guard,9,8,SEER
9,status,1,VILLAGER,DEAD,Sample9
9,status,2,VILLAGER,DEAD,Sample12
9,status,3,VILLAGER,DEAD,Sample8
9,status,4,VILLAGER,DEAD,Sample11
9,status,5,VILLAGER,ALIVE,Sample7
9,status,6,WEREWOLF,DEAD,Sample10
9,status,7,VILLAGER,DEAD,Sample6
9,status,8,SEER,ALIVE,Sample5
9,status,9,BODYGUARD,ALIVE,Sample4
9,status,10,WEREWOLF,DEAD,Sample3
9,status,11,MEDIUM,DEAD,Sample14
9,status,12,WEREWOLF,DEAD,Sample2
9,status,13,VILLAGER,DEAD,Sample13
9,status,14,VILLAGER,ALIVE,Sample1
9,status,15,POSSESSED,ALIVE,cash_dqn
9,result,5,0,VILLAGER
