0,status,1,VILLAGER,ALIVE,Sample9
0,status,2,WEREWOLF,ALIVE,Sample12
0,status,3,VILLAGER,ALIVE,Sample8
0,status,4,VILLAGER,ALIVE,Sample11
0,status,5,MEDIUM,ALIVE,Sample7
0,status,6,VILLAGER,ALIVE,Sample10
0,status,7,BODYGUARD,ALIVE,Sample6
0,status,8,POSSESSED,ALIVE,Sample5
0,status,9,VILLAGER,ALIVE,Sample4
0,status,10,WEREWOLF,ALIVE,Sample3
0,status,11,VILLAGER,ALIVE,Sample14
0,status,12,VILLAGER,ALIVE,Sample2
0,status,13,VILLAGER,ALIVE,Sample13
0,status,14,SEER,ALIVE,Sample1
0,status,15,WEREWOLF,ALIVE,cash_dqn
0,whisper,0,0,2,COMINGOUT Agent[02] SEER
0,whisper,1,0,10,COMINGOUT Agent[10] VILLAGER
0,whisper,2,0,15,Over
0,whisper,3,1,15,Over
0,whisper,4,1,10,ATTACK Agent[07]
0,whisper,5,1,2,ATTACK Agent[07]
0,whisper,6,2,2,Skip
0,whisper,7,2,10,Skip
0,whisper,8,2,15,Over
0,whisper,9,3,15,Over
0,whisper,10,3,10,Skip
0,whisper,11,3,2,Skip
0,whisper,12,4,10,Over
0,whisper,13,4,15,Over
0,whisper,14,4,2,Over
0,divine,14,8,HUMAN
1,status,1,VILLAGER,ALIVE,Sample9
1,status,2,WEREWOLF,ALIVE,Sample12
1,status,3,VILLAGER,ALIVE,Sample8
1,status,4,VILLAGER,ALIVE,Sample11
1,status,5,MEDIUM,ALIVE,Sample7
1,status,6,VILLAGER,ALIVE,Sample10
1,status,7,BODYGUARD,ALIVE,Sample6
1,status,8,POSSESSED,ALIVE,Sample5
1,status,9,VILLAGER,ALIVE,Sample4
1,status,10,WEREWOLF,ALIVE,Sample3
1,status,11,VILLAGER,ALIVE,Sample14
1,status,12,VILLAGER,ALIVE,Sample2
1,status,13,VILLAGER,ALIVE,Sample13
1,status,14,SEER,ALIVE,Sample1
1,status,15,WEREWOLF,ALIVE,cash_dqn
1,talk,0,0,13,Skip
1,talk,1,0,6,Skip
1,talk,2,0,9,Skip
1,talk,3,0,8,Skip
1,talk,4,0,1,Skip
1,talk,5,0,4,Skip
1,talk,6,0,11,Skip
1,talk,7,0,15,Over
1,talk,8,0,3,Skip
1,talk,9,0,14,Skip
1,talk,10,0,2,ESTIMATE Agent[11] WEREWOLF
1,talk,11,0,5,Skip
1,talk,12,0,7,Skip
1,talk,13,0,10,ESTIMATE Agent[13] WEREWOLF
1,talk,14,0,12,Skip
1,talk,15,1,13,Skip
1,talk,16,1,6,Skip
1,talk,17,1,2,Skip
1,talk,18,1,1,Skip
1,talk,19,1,11,Skip
1,talk,20,1,8,Skip
1,talk,21,1,9,Skip
1,talk,22,1,10,Skip
1,talk,23,1,14,Skip
1,talk,24,1,4,Skip
1,talk,25,1,12,Skip
1,talk,26,1,7,Skip
1,talk,27,1,15,Over
1,talk,28,1,5,Skip
1,talk,29,1,3,Skip
1,talk,30,2,9,VOTE Agent[03]
1,talk,31,2,5,VOTE Agent[11]
1,talk,32,2,15,Over
1,talk,33,2,6,VOTE Agent[03]
1,talk,34,2,12,VOTE Agent[11]
1,talk,35,2,11,VOTE Agent[06]
1,talk,36,2,8,VOTE Agent[04]
1,talk,37,2,7,VOTE Agent[04]
1,talk,38,2,13,VOTE Agent[02]
1,talk,39,2,3,VOTE Agent[14]
1,talk,40,2,2,VOTE Agent[11]
1,talk,41,2,1,VOTE Agent[07]
1,talk,42,2,14,VOTE Agent[12]
1,talk,43,2,10,VOTE Agent[13]
1,talk,44,2,4,VOTE Agent[09]
1,talk,45,3,1,Skip
1,talk,46,3,2,Skip
1,talk,47,3,15,Over
1,talk,48,3,14,Skip
1,talk,49,3,7,Skip
1,talk,50,3,4,Skip
1,talk,51,3,11,Skip
1,talk,52,3,10,Skip
1,talk,53,3,6,Skip
1,talk,54,3,5,Skip
1,talk,55,3,3,Skip
1,talk,56,3,12,Skip
1,talk,57,3,9,Skip
1,talk,58,3,8,Skip
1,talk,59,3,13,Skip
1,talk,60,4,12,Skip
1,talk,61,4,5,Skip
1,talk,62,4,8,Skip
1,talk,63,4,11,Skip
1,talk,64,4,9,Skip
1,talk,65,4,6,Skip
1,talk,66,4,10,Skip
1,talk,67,4,14,Skip
1,talk,68,4,15,Over
1,talk,69,4,7,Skip
1,talk,70,4,13,Skip
1,talk,71,4,4,Skip
1,talk,72,4,3,Skip
1,talk,73,4,2,Skip
1,talk,74,4,1,Skip
1,talk,75,5,5,Over
1,talk,76,5,6,Over
1,talk,77,5,12,Over
1,talk,78,5,1,Over
1,talk,79,5,2,Over
1,talk,80,5,14,Over
1,talk,81,5,9,Over
1,talk,82,5,11,Over
1,talk,83,5,10,Over
1,talk,84,5,15,Over
1,talk,85,5,13,Over
1,talk,86,5,3,Over
1,talk,87,5,4,Over
1,talk,88,5,8,Over
1,talk,89,5,7,Over
1,vote,1,7
1,vote,2,11
1,vote,3,14
1,vote,4,9
1,vote,5,11
1,vote,6,3
1,vote,7,4
1,vote,8,4
1,vote,9,3
1,vote,10,13
1,vote,11,6
1,vote,12,11
1,vote,13,2
1,vote,14,12
1,vote,15,13
1,execute,11,VILLAGER
1,divine,14,4,HUMAN
1,whisper,0,0,2,ATTACK Agent[03]
1,whisper,1,0,15,Over
1,whisper,2,0,10,ATTACK Agent[07]
1,whisper,3,1,15,Over
1,whisper,4,1,2,Skip
1,whisper,5,1,10,Skip
1,whisper,6,2,15,Over
1,whisper,7,2,2,Skip
1,whisper,8,2,10,Skip
1,whisper,9,3,2,Over
1,whisper,10,3,15,Over
1,whisper,11,3,10,Over
1,guard,7,4,VILLAGER
1,attackVote,15,6
1,attack,6,true
2,status,1,VILLAGER,ALIVE,Sample9
2,status,2,WEREWOLF,ALIVE,Sample12
2,status,3,VILLAGER,ALIVE,Sample8
2,status,4,VILLAGER,ALIVE,Sample11
2,status,5,MEDIUM,ALIVE,Sample7
2,status,6,VILLAGER,DEAD,Sample10
2,status,7,BODYGUARD,ALIVE,Sample6
2,status,8,POSSESSED,ALIVE,Sample5
2,status,9,VILLAGER,ALIVE,Sample4
2,status,10,WEREWOLF,ALIVE,Sample3
2,status,11,VILLAGER,DEAD,Sample14
2,status,12,VILLAGER,ALIVE,Sample2
2,status,13,VILLAGER,ALIVE,Sample13
2,status,14,SEER,ALIVE,Sample1
2,status,15,WEREWOLF,ALIVE,cash_dqn
2,talk,0,0,5,Skip
2,talk,1,0,4,Skip
2,talk,2,0,8,Skip
2,talk,3,0,7,Skip
2,talk,4,0,2,ESTIMATE Agent[09] WEREWOLF
2,talk,5,0,1,Skip
2,talk,6,0,14,Skip
2,talk,7,0,3,Skip
2,talk,8,0,9,Skip
2,talk,9,0,10,ESTIMATE Agent[07] WEREWOLF
2,talk,10,0,12,Skip
2,talk,11,0,15,Over
2,talk,12,0,13,Skip
2,talk,13,1,14,Skip
2,talk,14,1,4,Skip
2,talk,15,1,5,Skip
2,talk,16,1,13,Skip
2,talk,17,1,12,Skip
2,talk,18,1,10,Skip
2,talk,19,1,7,Skip
2,talk,20,1,9,Skip
2,talk,21,1,2,Skip
2,talk,22,1,15,Over
2,talk,23,1,1,Skip
2,talk,24,1,8,Skip
2,talk,25,1,3,Skip
2,talk,26,2,7,VOTE Agent[14]
2,talk,27,2,4,VOTE Agent[02]
2,talk,28,2,14,VOTE Agent[09]
2,talk,29,2,15,Over
2,talk,30,2,13,VOTE Agent[09]
2,talk,31,2,12,VOTE Agent[05]
2,talk,32,2,2,VOTE Agent[09]
2,talk,33,2,1,VOTE Agent[10]
2,talk,34,2,9,VOTE Agent[10]
2,talk,35,2,8,VOTE Agent[06]
2,talk,36,2,3,VOTE Agent[15]
2,talk,37,2,5,VOTE Agent[02]
2,talk,38,2,10,VOTE Agent[07]
2,talk,39,3,5,Skip
2,talk,40,3,15,Over
2,talk,41,3,10,Skip
2,talk,42,3,9,Skip
2,talk,43,3,1,Skip
2,talk,44,3,13,Skip
2,talk,45,3,8,Skip
2,talk,46,3,4,Skip
2,talk,47,3,12,Skip
2,talk,48,3,2,Skip
2,talk,49,3,14,Skip
2,talk,50,3,3,Skip
2,talk,51,3,7,Skip
2,talk,52,4,14,Skip
2,talk,53,4,8,Skip
2,talk,54,4,4,Skip
2,talk,55,4,7,Skip
2,talk,56,4,12,Skip
2,talk,57,4,3,Skip
2,talk,58,4,1,Skip
2,talk,59,4,10,Skip
2,talk,60,4,13,Skip
2,talk,61,4,5,Skip
2,talk,62,4,2,Skip
2,talk,63,4,9,Skip
2,talk,64,4,15,Over
2,talk,65,5,3,Over
2,talk,66,5,2,Over
2,talk,67,5,1,Over
2,talk,68,5,14,Over
2,talk,69,5,4,Over
2,talk,70,5,15,Over
2,talk,71,5,7,Over
2,talk,72,5,12,Over
2,talk,73,5,5,Over
2,talk,74,5,13,Over
2,talk,75,5,9,Over
2,talk,76,5,10,Over
2,talk,77,5,8,Over
2,vote,1,10
2,vote,2,9
2,vote,3,15
2,vote,4,2
2,vote,5,2
2,vote,7,14
2,vote,8,15
2,vote,9,10
2,vote,10,7
2,vote,12,5
2,vote,13,9
2,vote,14,9
2,vote,15,8
2,execute,9,VILLAGER
2,divine,14,12,HUMAN
2,whisper,0,0,10,ATTACK Agent[03]
2,whisper,1,0,2,ATTACK Agent[14]
2,whisper,2,0,15,Over
2,whisper,3,1,10,Skip
2,whisper,4,1,15,Over
2,whisper,5,1,2,Skip
2,whisper,6,2,15,Over
2,whisper,7,2,2,Skip
2,whisper,8,2,10,Skip
2,whisper,9,3,10,Over
2,whisper,10,3,2,Over
2,whisper,11,3,15,Over
2,guard,7,2,WEREWOLF
2,attackVote,15,7
2,attack,7,true
3,status,1,VILLAGER,ALIVE,Sample9
3,status,2,WEREWOLF,ALIVE,Sample12
3,status,3,VILLAGER,ALIVE,Sample8
3,status,4,VILLAGER,ALIVE,Sample11
3,status,5,MEDIUM,ALIVE,Sample7
3,status,6,VILLAGER,DEAD,Sample10
3,status,7,BODYGUARD,DEAD,Sample6
3,status,8,POSSESSED,ALIVE,Sample5
3,status,9,VILLAGER,DEAD,Sample4
3,status,10,WEREWOLF,ALIVE,Sample3
3,status,11,VILLAGER,DEAD,Sample14
3,status,12,VILLAGER,ALIVE,Sample2
3,status,13,VILLAGER,ALIVE,Sample13
3,status,14,SEER,ALIVE,Sample1
3,status,15,WEREWOLF,ALIVE,cash_dqn
3,talk,0,0,14,COMINGOUT Agent[14] SEER
3,talk,1,0,12,Skip
3,talk,2,0,5,COMINGOUT Agent[05] MEDIUM
3,talk,3,0,15,Over
3,talk,4,0,3,Skip
3,talk,5,0,8,Skip
3,talk,6,0,10,ESTIMATE Agent[03] WEREWOLF
3,talk,7,0,4,Skip
3,talk,8,0,1,Skip
3,talk,9,0,2,COMINGOUT Agent[02] SEER
3,talk,10,0,13,Skip
3,talk,11,1,2,ESTIMATE Agent[01] WEREWOLF
3,talk,12,1,5,AND (DAY 2 (IDENTIFIED Agent[11] HUMAN)) (DAY 3 (IDENTIFIED Agent[09] HUMAN))
3,talk,13,1,3,Skip
3,talk,14,1,12,Skip
3,talk,15,1,13,Skip
3,talk,16,1,14,AND (DAY 1 (DIVINED Agent[08] HUMAN)) (DAY 2 (DIVINED Agent[04] HUMAN)) (DAY 3 (DIVINED Agent[12] HUMAN))
3,talk,17,1,1,Skip
3,talk,18,1,15,Over
3,talk,19,1,8,COMINGOUT Agent[08] SEER
3,talk,20,1,4,Skip
3,talk,21,1,10,Skip
3,talk,22,2,12,VOTE Agent[15]
3,talk,23,2,3,VOTE Agent[02]
3,talk,24,2,15,Over
3,talk,25,2,2,DIVINED Agent[10] HUMAN
3,talk,26,2,10,VOTE Agent[03]
3,talk,27,2,8,AND (DAY 1 (DIVINED Agent[09] HUMAN)) (DAY 2 (DIVINED Agent[12] HUMAN)) (DAY 3 (DIVINED Agent[02] WEREWOLF))
3,talk,28,2,1,VOTE Agent[05]
3,talk,29,2,13,VOTE Agent[01]
3,talk,30,2,14,BECAUSE (AND (COMINGOUT Agent[14] SEER) (Agent[02] COMINGOUT Agent[02] SEER)) (XOR (ESTIMATE Agent[02] WEREWOLF) (ESTIMATE Agent[02] POSSESSED))
3,talk,31,2,5,VOTE Agent[10]
3,talk,32,2,4,VOTE Agent[03]
3,talk,33,3,12,Skip
3,talk,34,3,1,Skip
3,talk,35,3,15,Over
3,talk,36,3,10,Skip
3,talk,37,3,13,Skip
3,talk,38,3,4,Skip
3,talk,39,3,2,DIVINED Agent[09] WEREWOLF
3,talk,40,3,8,BECAUSE (DAY 3 (DIVINED Agent[02] WEREWOLF)) (REQUEST ANY (VOTE Agent[02]))
3,talk,41,3,3,Skip
3,talk,42,3,14,BECAUSE (AND (AND (COMINGOUT Agent[14] SEER) (Agent[08] COMINGOUT Agent[08] SEER)) (DIVINED Agent[08] HUMAN)) (ESTIMATE Agent[08] POSSESSED)
3,talk,43,3,5,Skip
3,talk,44,4,15,Over
3,talk,45,4,5,BECAUSE (AND (DAY 3 (IDENTIFIED Agent[09] HUMAN)) (DAY 3 (Agent[02] DIVINED Agent[09] WEREWOLF))) (XOR (ESTIMATE Agent[02] WEREWOLF) (ESTIMATE Agent[02] POSSESSED))
3,talk,46,4,8,INQUIRE ANY (VOTE Agent[02])
3,talk,47,4,10,Skip
3,talk,48,4,12,Skip
3,talk,49,4,4,Skip
3,talk,50,4,2,DIVINED Agent[12] HUMAN
3,talk,51,4,13,Skip
3,talk,52,4,1,Skip
3,talk,53,4,3,Skip
3,talk,54,4,14,BECAUSE (XOR (ESTIMATE Agent[02] WEREWOLF) (ESTIMATE Agent[02] POSSESSED)) (VOTE Agent[02])
3,talk,55,5,14,Skip
3,talk,56,5,5,BECAUSE (XOR (ESTIMATE Agent[02] WEREWOLF) (ESTIMATE Agent[02] POSSESSED)) (VOTE Agent[02])
3,talk,57,5,1,Over
3,talk,58,5,2,ESTIMATE Agent[14] WEREWOLF
3,talk,59,5,3,Over
3,talk,60,5,15,Over
3,talk,61,5,10,Over
3,talk,62,5,12,Over
3,talk,63,5,13,Over
3,talk,64,5,8,BECAUSE (DIVINED Agent[02] WEREWOLF) (VOTE Agent[02])
3,talk,65,5,4,Over
3,talk,66,6,14,Skip
3,talk,67,6,4,Over
3,talk,68,6,5,Skip
3,talk,69,6,13,Over
3,talk,70,6,3,Over
3,talk,71,6,10,Over
3,talk,72,6,2,VOTE Agent[14]
3,talk,73,6,12,Over
3,talk,74,6,8,Skip
3,talk,75,6,15,Over
3,talk,76,6,1,Over
3,talk,77,7,4,Over
3,talk,78,7,12,Over
3,talk,79,7,15,Over
3,talk,80,7,10,Over
3,talk,81,7,2,Skip
3,talk,82,7,8,Skip
3,talk,83,7,3,Over
3,talk,84,7,1,Over
3,talk,85,7,14,Over
3,talk,86,7,5,Skip
3,talk,87,7,13,Over
3,talk,88,8,13,Over
3,talk,89,8,15,Over
3,talk,90,8,3,Over
3,talk,91,8,4,Over
3,talk,92,8,8,Over
3,talk,93,8,2,Skip
3,talk,94,8,10,Over
3,talk,95,8,14,Over
3,talk,96,8,1,Over
3,talk,97,8,5,Over
3,talk,98,8,12,Over
3,talk,99,9,13,Over
3,talk,100,9,1,Over
3,talk,101,9,14,Over
3,talk,102,9,10,Over
3,talk,103,9,12,Over
3,talk,104,9,15,Over
3,talk,105,9,5,Over
3,talk,106,9,3,Over
3,talk,107,9,2,Over
3,talk,108,9,8,Over
3,talk,109,9,4,Over
3,vote,1,5
3,vote,2,14
3,vote,3,2
3,vote,4,3
3,vote,5,2
3,vote,8,2
3,vote,10,3
3,vote,12,15
3,vote,13,1
3,vote,14,2
3,vote,15,2
3,execute,2,WEREWOLF
3,whisper,0,0,15,Over
3,whisper,1,0,10,BECAUSE (Agent[08] COMINGOUT Agent[08] SEER) (ATTACK Agent[08])
3,whisper,2,1,15,Over
3,whisper,3,1,10,Skip
3,whisper,4,2,10,Skip
3,whisper,5,2,15,Over
3,whisper,6,3,10,Over
3,whisper,7,3,15,Over
3,attackVote,15,3
3,attack,3,true
4,status,1,VILLAGER,ALIVE,Sample9
4,status,2,WEREWOLF,DEAD,Sample12
4,status,3,VILLAGER,DEAD,Sample8
4,status,4,VILLAGER,ALIVE,Sample11
4,status,5,MEDIUM,ALIVE,Sample7
4,status,6,VILLAGER,DEAD,Sample10
4,status,7,BODYGUARD,DEAD,Sample6
4,status,8,POSSESSED,ALIVE,Sample5
4,status,9,VILLAGER,DEAD,Sample4
4,status,10,WEREWOLF,ALIVE,Sample3
4,status,11,VILLAGER,DEAD,Sample14
4,status,12,VILLAGER,ALIVE,Sample2
4,status,13,VILLAGER,ALIVE,Sample13
4,status,14,SEER,ALIVE,Sample1
4,status,15,WEREWOLF,ALIVE,cash_dqn
4,talk,0,0,4,Skip
4,talk,1,0,10,ESTIMATE Agent[14] WEREWOLF
4,talk,2,0,5,DAY 4 (IDENTIFIED Agent[02] WEREWOLF)
4,talk,3,0,8,DAY 4 (DIVINED Agent[10] HUMAN)
4,talk,4,0,1,Skip
4,talk,5,0,13,Skip
4,talk,6,0,12,Skip
4,talk,7,0,14,Skip
4,talk,8,0,15,Over
4,talk,9,1,5,Skip
4,talk,10,1,14,Skip
4,talk,11,1,12,Skip
4,talk,12,1,8,BECAUSE (AND (COMINGOUT Agent[08] SEER) (Agent[14] COMINGOUT Agent[14] SEER)) (XOR (ESTIMATE Agent[14] WEREWOLF) (ESTIMATE Agent[14] POSSESSED))
4,talk,13,1,13,Skip
4,talk,14,1,10,Skip
4,talk,15,1,4,Skip
4,talk,16,1,1,Skip
4,talk,17,1,15,Over
4,talk,18,2,10,VOTE Agent[14]
4,talk,19,2,15,Over
4,talk,20,2,5,VOTE Agent[15]
4,talk,21,2,4,VOTE Agent[01]
4,talk,22,2,13,VOTE Agent[14]
4,talk,23,2,1,VOTE Agent[13]
4,talk,24,2,14,BECAUSE (XOR (ESTIMATE Agent[02] WEREWOLF) (ESTIMATE Agent[02] POSSESSED)) (VOTE Agent[02])
4,talk,25,2,8,BECAUSE (XOR (ESTIMATE Agent[14] WEREWOLF) (ESTIMATE Agent[14] POSSESSED)) (VOTE Agent[14])
4,talk,26,2,12,VOTE Agent[01]
4,talk,27,3,13,Skip
4,talk,28,3,15,Over
4,talk,29,3,1,Skip
4,talk,30,3,4,Skip
4,talk,31,3,8,Skip
4,talk,32,3,12,Skip
4,talk,33,3,5,Skip
4,talk,34,3,14,Skip
4,talk,35,3,10,Skip
4,talk,36,4,15,Over
4,talk,37,4,5,Skip
4,talk,38,4,8,Skip
4,talk,39,4,10,Skip
4,talk,40,4,1,Skip
4,talk,41,4,13,Skip
4,talk,42,4,12,Skip
4,talk,43,4,4,Skip
4,talk,44,4,14,Skip
4,talk,45,5,13,Over
4,talk,46,5,5,Over
4,talk,47,5,12,Over
4,talk,48,5,4,Over
4,talk,49,5,1,Over
4,talk,50,5,8,Over
4,talk,51,5,10,Over
4,talk,52,5,14,Over
4,talk,53,5,15,Over
4,vote,1,13
4,vote,4,1
4,vote,5,15
4,vote,8,14
4,vote,10,14
4,vote,12,1
4,vote,13,14
4,vote,14,8
4,vote,15,14
4,execute,14,SEER
4,whisper,0,0,15,Over
4,whisper,1,0,10,BECAUSE (AND (NOT (COMINGOUT Agent[08] WEREWOLF)) (COMINGOUT Agent[10] WEREWOLF) (DAY 4 (Agent[08] DIVINED Agent[10] HUMAN))) (ESTIMATE Agent[08] POSSESSED)
4,whisper,2,1,10,BECAUSE (Agent[05] COMINGOUT Agent[05] MEDIUM) (ATTACK Agent[05])
4,whisper,3,1,15,Over
4,whisper,4,2,15,Over
4,whisper,5,2,10,Skip
4,whisper,6,3,15,Over
4,whisper,7,3,10,Skip
4,whisper,8,4,15,Over
4,whisper,9,4,10,Over
4,attackVote,15,12
4,attack,12,true
5,status,1,VILLAGER,ALIVE,Sample9
5,status,2,WEREWOLF,DEAD,Sample12
5,status,3,VILLAGER,DEAD,Sample8
5,status,4,VILLAGER,ALIVE,Sample11
5,status,5,MEDIUM,ALIVE,Sample7
5,status,6,VILLAGER,DEAD,Sample10
5,status,7,BODYGUARD,DEAD,Sample6
5,status,8,POSSESSED,ALIVE,Sample5
5,status,9,VILLAGER,DEAD,Sample4
5,status,10,WEREWOLF,ALIVE,Sample3
5,status,11,VILLAGER,DEAD,Sample14
5,status,12,VILLAGER,DEAD,Sample2
5,status,13,VILLAGER,ALIVE,Sample13
5,status,14,SEER,DEAD,Sample1
5,status,15,WEREWOLF,ALIVE,cash_dqn
5,talk,0,0,13,Skip
5,talk,1,0,4,Skip
5,talk,2,0,8,DAY 5 (DIVINED Agent[05] HUMAN)
5,talk,3,0,5,DAY 5 (IDENTIFIED Agent[14] HUMAN)
5,talk,4,0,15,Over
5,talk,5,0,1,Skip
5,talk,6,0,10,ESTIMATE Agent[01] WEREWOLF
5,talk,7,1,8,Skip
5,talk,8,1,10,Skip
5,talk,9,1,13,Skip
5,talk,10,1,1,Skip
5,talk,11,1,15,Over
5,talk,12,1,4,Skip
5,talk,13,1,5,Skip
5,talk,14,2,4,VOTE Agent[10]
5,talk,15,2,8,VOTE Agent[15]
5,talk,16,2,1,VOTE Agent[13]
5,talk,17,2,15,Over
5,talk,18,2,13,VOTE Agent[05]
5,talk,19,2,10,VOTE Agent[01]
5,talk,20,2,5,VOTE Agent[01]
5,talk,21,3,15,Over
5,talk,22,3,8,Skip
5,talk,23,3,5,Skip
5,talk,24,3,13,Skip
5,talk,25,3,1,Skip
5,talk,26,3,10,Skip
5,talk,27,3,4,Skip
5,talk,28,4,13,Skip
5,talk,29,4,1,Skip
5,talk,30,4,10,Skip
5,talk,31,4,8,Skip
5,talk,32,4,4,Skip
5,talk,33,4,15,Over
5,talk,34,4,5,Skip
5,talk,35,5,15,Over
5,talk,36,5,1,Over
5,talk,37,5,5,Over
5,talk,38,5,8,Over
5,talk,39,5,4,Over
5,talk,40,5,13,Over
5,talk,41,5,10,Over
5,vote,1,13
5,vote,4,10
5,vote,5,1
5,vote,8,15
5,vote,10,1
5,vote,13,5
5,vote,15,13
5,vote,1,13
5,vote,4,10
5,vote,5,1
5,vote,8,15
5,vote,10,1
5,vote,13,5
5,vote,15,8
5,execute,1,VILLAGER
5,whisper,0,0,15,Over
5,whisper,1,0,10,BECAUSE (Agent[05] COMINGOUT Agent[05] MEDIUM) (ATTACK Agent[05])
5,whisper,2,1,10,Skip
5,whisper,3,1,15,Over
5,whisper,4,2,15,Over
5,whisper,5,2,10,Skip
5,whisper,6,3,10,Over
5,whisper,7,3,15,Over
5,attackVote,15,8
5,attack,8,true
6,status,1,VILLAGER,DEAD,Sample9
6,status,2,WEREWOLF,DEAD,Sample12
6,status,3,VILLAGER,DEAD,Sample8
6,status,4,VILLAGER,ALIVE,Sample11
6,status,5,MEDIUM,ALIVE,Sample7
6,status,6,VILLAGER,DEAD,Sample10
6,status,7,BODYGUARD,DEAD,Sample6
6,status,8,POSSESSED,DEAD,Sample5
6,status,9,VILLAGER,DEAD,Sample4
6,status,10,WEREWOLF,ALIVE,Sample3
6,status,11,VILLAGER,DEAD,Sample14
6,status,12,VILLAGER,DEAD,Sample2
6,status,13,VILLAGER,ALIVE,Sample13
6,status,14,SEER,DEAD,Sample1
6,status,15,WEREWOLF,ALIVE,cash_dqn
6,talk,0,0,10,ESTIMATE Agent[05] WEREWOLF
6,talk,1,0,15,Over
6,talk,2,0,5,DAY 6 (IDENTIFIED Agent[01] HUMAN)
6,talk,3,0,13,Skip
6,talk,4,0,4,Skip
6,talk,5,1,10,Skip
6,talk,6,1,15,Over
6,talk,7,1,13,Skip
6,talk,8,1,5,Skip
6,talk,9,1,4,Skip
6,talk,10,2,15,Over
6,talk,11,2,4,VOTE Agent[15]
6,talk,12,2,5,VOTE Agent[04]
6,talk,13,2,13,VOTE Agent[04]
6,talk,14,2,10,VOTE Agent[05]
6,talk,15,3,5,Skip
6,talk,16,3,15,Over
6,talk,17,3,4,Skip
6,talk,18,3,13,Skip
6,talk,19,3,10,Skip
6,talk,20,4,5,Skip
6,talk,21,4,4,Skip
6,talk,22,4,13,Skip
6,talk,23,4,10,Skip
6,talk,24,4,15,Over
6,talk,25,5,4,Over
6,talk,26,5,10,Over
6,talk,27,5,15,Over
6,talk,28,5,5,Over
6,talk,29,5,13,Over
6,vote,4,15
6,vote,5,4
6,vote,10,5
6,vote,13,4
6,vote,15,10
6,execute,4,VILLAGER
6,whisper,0,0,10,BECAUSE (Agent[05] COMINGOUT Agent[05] MEDIUM) (ATTACK Agent[05])
6,whisper,1,0,15,Over
6,whisper,2,1,15,Over
6,whisper,3,1,10,Skip
6,whisper,4,2,10,Skip
6,whisper,5,2,15,Over
6,whisper,6,3,10,Over
6,whisper,7,3,15,Over
6,attackVote,15,13
6,attack,13,true
7,status,1,VILLAGER,DEAD,Sample9
7,status,2,WEREWOLF,DEAD,Sample12
7,status,3,VILLAGER,DEAD,Sample8
7,status,4,VILLAGER,DEAD,Sample11
7,status,5,MEDIUM,ALIVE,Sample7
7,status,6,VILLAGER,DEAD,Sample10
7,status,7,BODYGUARD,DEAD,Sample6
7,status,8,POSSESSED,DEAD,Sample5
7,status,9,VILLAGER,DEAD,Sample4
7,status,10,WEREWOLF,ALIVE,Sample3
7,status,11,VILLAGER,DEAD,Sample14
7,status,12,VILLAGER,DEAD,Sample2
7,status,13,VILLAGER,DEAD,Sample13
7,status,14,SEER,DEAD,Sample1
7,status,15,WEREWOLF,ALIVE,cash_dqn
7,result,1,2,WEREWOLF
