0,status,1,POSSESSED,ALIVE,Sample9
0,status,2,WEREWOLF,ALIVE,Sample12
0,status,3,MEDIUM,ALIVE,Sample8
0,status,4,VILLAGER,ALIVE,Sample11
0,status,5,VILLAGER,ALIVE,Sample7
0,status,6,WEREWOLF,ALIVE,Sample10
0,status,7,VILLAGER,ALIVE,Sample6
0,status,8,VILLAGER,ALIVE,Sample5
0,status,9,WEREWOLF,ALIVE,Sample4
0,status,10,SEER,ALIVE,Sample3
0,status,11,VILLAGER,ALIVE,Sample14
0,status,12,VILLAGER,ALIVE,Sample2
0,status,13,VILLAGER,ALIVE,Sample13
0,status,14,VILLAGER,ALIVE,Sample1
0,status,15,BODYGUARD,ALIVE,cash_dqn
0,whisper,0,0,6,COMINGOUT Agent[06] MEDIUM
0,whisper,1,0,9,COMINGOUT Agent[09] VILLAGER
0,whisper,2,0,2,COMINGOUT Agent[02] VILLAGER
0,whisper,3,1,9,ATTACK Agent[13]
0,whisper,4,1,6,ATTACK Agent[10]
0,whisper,5,1,2,ATTACK Agent[07]
0,whisper,6,2,6,Skip
0,whisper,7,2,2,Skip
0,whisper,8,2,9,Skip
0,whisper,9,3,6,Skip
0,whisper,10,3,9,Skip
0,whisper,11,3,2,Skip
0,whisper,12,4,2,Over
0,whisper,13,4,9,Over
0,whisper,14,4,6,Over
0,divine,10,2,WEREWOLF
1,status,1,POSSESSED,ALIVE,Sample9
1,status,2,WEREWOLF,ALIVE,Sample12
1,status,3,MEDIUM,ALIVE,Sample8
1,status,4,VILLAGER,ALIVE,Sample11
1,status,5,VILLAGER,ALIVE,Sample7
1,status,6,WEREWOLF,ALIVE,Sample10
1,status,7,VILLAGER,ALIVE,Sample6
1,status,8,VILLAGER,ALIVE,Sample5
1,status,9,WEREWOLF,ALIVE,Sample4
1,status,10,SEER,ALIVE,Sample3
1,status,11,VILLAGER,ALIVE,Sample14
1,status,12,VILLAGER,ALIVE,Sample2
1,status,13,VILLAGER,ALIVE,Sample13
1,status,14,VILLAGER,ALIVE,Sample1
1,status,15,BODYGUARD,ALIVE,cash_dqn
1,talk,0,0,14,Skip
1,talk,1,0,12,Skip
1,talk,2,0,5,Skip
1,talk,3,0,6,ESTIMATE Agent[01] WEREWOLF
1,talk,4,0,10,COMINGOUT Agent[10] SEER
1,talk,5,0,4,Skip
1,talk,6,0,7,Skip
1,talk,7,0,8,Skip
1,talk,8,0,9,ESTIMATE Agent[12] WEREWOLF
1,talk,9,0,3,Skip
1,talk,10,0,11,Skip
1,talk,11,0,15,Over
1,talk,12,0,13,Skip
1,talk,13,0,1,Skip
1,talk,14,0,2,ESTIMATE Agent[10] WEREWOLF
1,talk,15,1,6,Skip
1,talk,16,1,2,Skip
1,talk,17,1,14,Skip
1,talk,18,1,9,Skip
1,talk,19,1,10,DAY 1 (DIVINED Agent[02] WEREWOLF)
1,talk,20,1,3,Skip
1,talk,21,1,15,Over
1,talk,22,1,8,Skip
1,talk,23,1,5,Skip
1,talk,24,1,11,Skip
1,talk,25,1,7,Skip
1,talk,26,1,12,Skip
1,talk,27,1,1,COMINGOUT Agent[01] SEER
1,talk,28,1,4,Skip
1,talk,29,1,13,Skip
1,talk,30,2,12,VOTE Agent[11]
1,talk,31,2,11,VOTE Agent[06]
1,talk,32,2,13,VOTE Agent[04]
1,talk,33,2,7,VOTE Agent[11]
1,talk,34,2,10,BECAUSE (DAY 1 (DIVINED Agent[02] WEREWOLF)) (REQUEST ANY (VOTE Agent[02]))
1,talk,35,2,4,VOTE Agent[02]
1,talk,36,2,1,DAY 1 (DIVINED Agent[10] WEREWOLF)
1,talk,37,2,5,VOTE Agent[10]
1,talk,38,2,9,VOTE Agent[12]
1,talk,39,2,15,Over
1,talk,40,2,14,VOTE Agent[07]
1,talk,41,2,2,VOTE Agent[10]
1,talk,42,2,3,VOTE Agent[02]
1,talk,43,2,6,VOTE Agent[01]
1,talk,44,2,8,VOTE Agent[04]
1,talk,45,3,12,Skip
1,talk,46,3,14,Skip
1,talk,47,3,5,Skip
1,talk,48,3,8,Skip
1,talk,49,3,7,Skip
1,talk,50,3,15,Over
1,talk,51,3,6,ESTIMATE Agent[14] WEREWOLF
1,talk,52,3,3,Skip
1,talk,53,3,1,VOTE Agent[10]
1,talk,54,3,10,INQUIRE ANY (VOTE Agent[02])
1,talk,55,3,13,Skip
1,talk,56,3,2,Skip
1,talk,57,3,11,Skip
1,talk,58,3,9,Skip
1,talk,59,3,4,Skip
1,talk,60,4,3,Skip
1,talk,61,4,4,Skip
1,talk,62,4,7,Skip
1,talk,63,4,15,Over
1,talk,64,4,2,Skip
1,talk,65,4,6,VOTE Agent[14]
1,talk,66,4,5,Skip
1,talk,67,4,12,Skip
1,talk,68,4,8,Skip
1,talk,69,4,11,Skip
1,talk,70,4,14,Skip
1,talk,71,4,10,BECAUSE (DIVINED Agent[02] WEREWOLF) (VOTE Agent[02])
1,talk,72,4,1,Skip
1,talk,73,4,9,Skip
1,talk,74,4,13,Skip
1,talk,75,5,14,Over
1,talk,76,5,4,Over
1,talk,77,5,12,Over
1,talk,78,5,7,Over
1,talk,79,5,2,Over
1,talk,80,5,15,Over
1,talk,81,5,8,Over
1,talk,82,5,5,Over
1,talk,83,5,10,Skip
1,talk,84,5,9,Over
1,talk,85,5,3,Over
1,talk,86,5,6,Skip
1,talk,87,5,11,Over
1,talk,88,5,13,Over
1,talk,89,5,1,Skip
1,talk,90,6,2,Over
1,talk,91,6,7,Over
1,talk,92,6,12,Over
1,talk,93,6,14,Over
1,talk,94,6,5,Over
1,talk,95,6,11,Over
1,talk,96,6,8,Over
1,talk,97,6,6,Skip
1,talk,98,6,4,Over
1,talk,99,6,10,Skip
1,talk,100,6,13,Over
1,talk,101,6,3,Over
1,talk,102,6,9,Over
1,talk,103,6,15,Over
1,talk,104,6,1,Over
1,talk,105,7,12,Over
1,talk,106,7,4,Over
1,talk,107,7,1,Over
1,talk,108,7,5,Over
1,talk,109,7,6,Over
1,talk,110,7,14,Over
1,talk,111,7,3,Over
1,talk,112,7,7,Over
1,talk,113,7,13,Over
1,talk,114,7,11,Over
1,talk,115,7,15,Over
1,talk,116,7,2,Over
1,talk,117,7,10,Over
1,talk,118,7,9,Over
1,talk,119,7,8,Over
1,vote,1,10
1,vote,2,10
1,vote,3,2
1,vote,4,2
1,vote,5,10
1,vote,6,14
1,vote,7,11
1,vote,8,4
1,vote,9,12
1,vote,10,2
1,vote,11,6
1,vote,12,11
1,vote,13,4
1,vote,14,7
1,vote,15,10
1,execute,10,SEER
1,whisper,0,0,2,BECAUSE (AND (NOT (COMINGOUT Agent[01] WEREWOLF)) (NOT (COMINGOUT Agent[10] WEREWOLF)) (DAY 1 (Agent[01] DIVINED Agent[10] WEREWOLF))) (ESTIMATE Agent[01] POSSESSED)
1,whisper,1,0,6,BECAUSE (AND (NOT (COMINGOUT Agent[01] WEREWOLF)) (NOT (COMINGOUT Agent[10] WEREWOLF)) (DAY 1 (Agent[01] DIVINED Agent[10] WEREWOLF))) (ESTIMATE Agent[01] POSSESSED)
1,whisper,2,0,9,BECAUSE (AND (NOT (COMINGOUT Agent[01] WEREWOLF)) (NOT (COMINGOUT Agent[10] WEREWOLF)) (DAY 1 (Agent[01] DIVINED Agent[10] WEREWOLF))) (ESTIMATE Agent[01] POSSESSED)
1,whisper,3,1,6,ATTACK Agent[08]
1,whisper,4,1,9,ATTACK Agent[12]
1,whisper,5,1,2,ATTACK Agent[05]
1,whisper,6,2,6,Skip
1,whisper,7,2,2,Skip
1,whisper,8,2,9,Skip
1,whisper,9,3,6,Skip
1,whisper,10,3,2,Skip
1,whisper,11,3,9,Skip
1,whisper,12,4,9,Over
1,whisper,13,4,6,Over
1,whisper,14,4,2,Over
1,guard,15,5,VILLAGER
1,attack,4,true
2,status,1,POSSESSED,ALIVE,Sample9
2,status,2,WEREWOLF,ALIVE,Sample12
2,status,3,MEDIUM,ALIVE,Sample8
2,status,4,VILLAGER,DEAD,Sample11
2,status,5,VILLAGER,ALIVE,Sample7
2,status,6,WEREWOLF,ALIVE,Sample10
2,status,7,VILLAGER,ALIVE,Sample6
2,status,8,VILLAGER,ALIVE,Sample5
2,status,9,WEREWOLF,ALIVE,Sample4
2,status,10,SEER,DEAD,Sample3
2,status,11,VILLAGER,ALIVE,Sample14
2,status,12,VILLAGER,ALIVE,Sample2
2,status,13,VILLAGER,ALIVE,Sample13
2,status,14,VILLAGER,ALIVE,Sample1
2,status,15,BODYGUARD,ALIVE,cash_dqn
2,talk,0,0,6,COMINGOUT Agent[06] MEDIUM
2,talk,1,0,2,ESTIMATE Agent[12] WEREWOLF
2,talk,2,0,5,Skip
2,talk,3,0,3,XOR (ESTIMATE Agent[01] WEREWOLF) (ESTIMATE Agent[01] POSSESSED)
2,talk,4,0,12,Skip
2,talk,5,0,13,Skip
2,talk,6,0,14,Skip
2,talk,7,0,15,Over
2,talk,8,0,11,Skip
2,talk,9,0,1,DAY 2 (DIVINED Agent[12] HUMAN)
2,talk,10,0,7,Skip
2,talk,11,0,9,ESTIMATE Agent[05] WEREWOLF
2,talk,12,0,8,Skip
2,talk,13,1,7,Skip
2,talk,14,1,15,Over
2,talk,15,1,11,Skip
2,talk,16,1,8,Skip
2,talk,17,1,13,Skip
2,talk,18,1,9,Skip
2,talk,19,1,5,Skip
2,talk,20,1,2,Skip
2,talk,21,1,6,ESTIMATE Agent[14] WEREWOLF
2,talk,22,1,14,Skip
2,talk,23,1,3,COMINGOUT Agent[03] MEDIUM
2,talk,24,1,1,Skip
2,talk,25,1,12,Skip
2,talk,26,2,14,VOTE Agent[03]
2,talk,27,2,3,DAY 2 (IDENTIFIED Agent[10] HUMAN)
2,talk,28,2,1,VOTE Agent[11]
2,talk,29,2,11,VOTE Agent[07]
2,talk,30,2,2,VOTE Agent[12]
2,talk,31,2,12,VOTE Agent[08]
2,talk,32,2,15,Over
2,talk,33,2,7,VOTE Agent[13]
2,talk,34,2,13,VOTE Agent[07]
2,talk,35,2,8,VOTE Agent[11]
2,talk,36,2,5,VOTE Agent[09]
2,talk,37,2,9,VOTE Agent[05]
2,talk,38,2,6,IDENTIFIED Agent[10] WEREWOLF
2,talk,39,3,2,Skip
2,talk,40,3,7,Skip
2,talk,41,3,1,BECAUSE (AND (DAY 1 (DIVINED Agent[10] WEREWOLF)) (DAY 2 (Agent[03] IDENTIFIED Agent[10] HUMAN))) (XOR (ESTIMATE Agent[03] WEREWOLF) (ESTIMATE Agent[03] POSSESSED))
2,talk,42,3,9,Skip
2,talk,43,3,12,Skip
2,talk,44,3,13,Skip
2,talk,45,3,8,Skip
2,talk,46,3,5,Skip
2,talk,47,3,15,Over
2,talk,48,3,11,Skip
2,talk,49,3,14,Skip
2,talk,50,3,6,ESTIMATE Agent[03] WEREWOLF
2,talk,51,3,3,BECAUSE (XOR (ESTIMATE Agent[01] WEREWOLF) (ESTIMATE Agent[01] POSSESSED)) (VOTE Agent[01])
2,talk,52,4,6,VOTE Agent[03]
2,talk,53,4,1,BECAUSE (XOR (ESTIMATE Agent[03] WEREWOLF) (ESTIMATE Agent[03] POSSESSED)) (VOTE Agent[03])
2,talk,54,4,7,Skip
2,talk,55,4,9,Skip
2,talk,56,4,15,Over
2,talk,57,4,13,Skip
2,talk,58,4,8,Skip
2,talk,59,4,12,Skip
2,talk,60,4,5,Skip
2,talk,61,4,3,Skip
2,talk,62,4,2,Skip
2,talk,63,4,14,Skip
2,talk,64,4,11,Skip
2,talk,65,5,9,Over
2,talk,66,5,1,Skip
2,talk,67,5,6,Skip
2,talk,68,5,2,Over
2,talk,69,5,3,Skip
2,talk,70,5,8,Over
2,talk,71,5,11,Over
2,talk,72,5,14,Over
2,talk,73,5,5,Over
2,talk,74,5,15,Over
2,talk,75,5,13,Over
2,talk,76,5,12,Over
2,talk,77,5,7,Over
2,talk,78,6,3,Over
2,talk,79,6,5,Over
2,talk,80,6,15,Over
2,talk,81,6,9,Over
2,talk,82,6,13,Over
2,talk,83,6,6,Skip
2,talk,84,6,7,Over
2,talk,85,6,12,Over
2,talk,86,6,2,Over
2,talk,87,6,11,Over
2,talk,88,6,14,Over
2,talk,89,6,8,Over
2,talk,90,6,1,Skip
2,talk,91,7,3,Over
2,talk,92,7,9,Over
2,talk,93,7,11,Over
2,talk,94,7,1,Over
2,talk,95,7,14,Over
2,talk,96,7,12,Over
2,talk,97,7,6,Over
2,talk,98,7,15,Over
2,talk,99,7,13,Over
2,talk,100,7,7,Over
2,talk,101,7,2,Over
2,talk,102,7,5,Over
2,talk,103,7,8,Over
2,vote,1,3
2,vote,2,12
2,vote,3,1
2,vote,5,9
2,vote,6,3
2,vote,7,13
2,vote,8,11
2,vote,9,5
2,vote,11,7
2,vote,12,8
2,vote,13,7
2,vote,14,3
2,vote,15,7
2,vote,1,3
2,vote,2,12
2,vote,3,1
2,vote,5,9
2,vote,6,3
2,vote,7,13
2,vote,8,11
2,vote,9,5
2,vote,11,7
2,vote,12,8
2,vote,13,7
2,vote,14,3
2,vote,15,3
2,execute,3,MEDIUM
2,whisper,0,0,9,ATTACK Agent[12]
2,whisper,1,0,2,ATTACK Agent[11]
2,whisper,2,0,6,ATTACK Agent[11]
2,whisper,3,1,6,Skip
2,whisper,4,1,9,Skip
2,whisper,5,1,2,Skip
2,whisper,6,2,6,Skip
2,whisper,7,2,9,Skip
2,whisper,8,2,2,Skip
2,whisper,9,3,9,Over
2,whisper,10,3,6,Over
2,whisper,11,3,2,Over
2,guard,15,1,POSSESSED
2,attack,12,true
3,status,1,POSSESSED,ALIVE,Sample9
3,status,2,WEREWOLF,ALIVE,Sample12
3,status,3,MEDIUM,DEAD,Sample8
3,status,4,VILLAGER,DEAD,Sample11
3,status,5,VILLAGER,ALIVE,Sample7
3,status,6,WEREWOLF,ALIVE,Sample10
3,status,7,VILLAGER,ALIVE,Sample6
3,status,8,VILLAGER,ALIVE,Sample5
3,status,9,WEREWOLF,ALIVE,Sample4
3,status,10,SEER,DEAD,Sample3
3,status,11,VILLAGER,ALIVE,Sample14
3,status,12,VILLAGER,DEAD,Sample2
3,status,13,VILLAGER,ALIVE,Sample13
3,status,14,VILLAGER,ALIVE,Sample1
3,status,15,BODYGUARD,ALIVE,cash_dqn
3,talk,0,0,11,Skip
3,talk,1,0,9,ESTIMATE Agent[07] WEREWOLF
3,talk,2,0,13,Skip
3,talk,3,0,1,DAY 3 (DIVINED Agent[02] HUMAN)
3,talk,4,0,6,IDENTIFIED Agent[03] WEREWOLF
3,talk,5,0,2,ESTIMATE Agent[13] WEREWOLF
3,talk,6,0,15,Over
3,talk,7,0,7,Skip
3,talk,8,0,14,Skip
3,talk,9,0,8,Skip
3,talk,10,0,5,Skip
3,talk,11,1,1,Skip
3,talk,12,1,11,Skip
3,talk,13,1,8,Skip
3,talk,14,1,7,Skip
3,talk,15,1,2,Skip
3,talk,16,1,15,Over
3,talk,17,1,9,Skip
3,talk,18,1,14,Skip
3,talk,19,1,13,Skip
3,talk,20,1,5,Skip
3,talk,21,1,6,ESTIMATE Agent[05] WEREWOLF
3,talk,22,2,7,VOTE Agent[06]
3,talk,23,2,15,Over
3,talk,24,2,2,VOTE Agent[13]
3,talk,25,2,1,VOTE Agent[15]
3,talk,26,2,11,VOTE Agent[01]
3,talk,27,2,9,VOTE Agent[07]
3,talk,28,2,6,VOTE Agent[05]
3,talk,29,2,14,VOTE Agent[09]
3,talk,30,2,5,VOTE Agent[07]
3,talk,31,2,13,VOTE Agent[01]
3,talk,32,2,8,VOTE Agent[14]
3,talk,33,3,8,Skip
3,talk,34,3,13,Skip
3,talk,35,3,11,Skip
3,talk,36,3,9,Skip
3,talk,37,3,15,Over
3,talk,38,3,2,Skip
3,talk,39,3,14,Skip
3,talk,40,3,5,Skip
3,talk,41,3,6,Skip
3,talk,42,3,7,Skip
3,talk,43,3,1,Skip
3,talk,44,4,7,Skip
3,talk,45,4,6,Skip
3,talk,46,4,8,Skip
3,talk,47,4,15,Over
3,talk,48,4,5,Skip
3,talk,49,4,14,Skip
3,talk,50,4,9,Skip
3,talk,51,4,2,Skip
3,talk,52,4,1,Skip
3,talk,53,4,13,Skip
3,talk,54,4,11,Skip
3,talk,55,5,1,Over
3,talk,56,5,11,Over
3,talk,57,5,9,Over
3,talk,58,5,7,Over
3,talk,59,5,13,Over
3,talk,60,5,6,Over
3,talk,61,5,14,Over
3,talk,62,5,8,Over
3,talk,63,5,2,Over
3,talk,64,5,5,Over
3,talk,65,5,15,Over
3,vote,1,15
3,vote,2,13
3,vote,5,7
3,vote,6,5
3,vote,7,6
3,vote,8,14
3,vote,9,7
3,vote,11,1
3,vote,13,1
3,vote,14,9
3,vote,15,8
3,vote,1,15
3,vote,2,13
3,vote,5,7
3,vote,6,5
3,vote,7,6
3,vote,8,14
3,vote,9,7
3,vote,11,1
3,vote,13,1
3,vote,14,9
3,vote,15,11
3,execute,7,VILLAGER
3,whisper,0,0,6,ATTACK Agent[14]
3,whisper,1,0,9,ATTACK Agent[14]
3,whisper,2,0,2,ATTACK Agent[14]
3,whisper,3,1,2,Skip
3,whisper,4,1,6,Skip
3,whisper,5,1,9,Skip
3,whisper,6,2,2,Skip
3,whisper,7,2,6,Skip
3,whisper,8,2,9,Skip
3,whisper,9,3,2,Over
3,whisper,10,3,9,Over
3,whisper,11,3,6,Over
3,guard,15,1,POSSESSED
3,attack,15,true
4,status,1,POSSESSED,ALIVE,Sample9
4,status,2,WEREWOLF,ALIVE,Sample12
4,status,3,MEDIUM,DEAD,Sample8
4,status,4,VILLAGER,DEAD,Sample11
4,status,5,VILLAGER,ALIVE,Sample7
4,status,6,WEREWOLF,ALIVE,Sample10
4,status,7,VILLAGER,DEAD,Sample6
4,status,8,VILLAGER,ALIVE,Sample5
4,status,9,WEREWOLF,ALIVE,Sample4
4,status,10,SEER,DEAD,Sample3
4,status,11,VILLAGER,ALIVE,Sample14
4,status,12,VILLAGER,DEAD,Sample2
4,status,13,VILLAGER,ALIVE,Sample13
4,status,14,VILLAGER,ALIVE,Sample1
4,status,15,BODYGUARD,DEAD,cash_dqn
4,talk,0,0,14,Skip
4,talk,1,0,5,Skip
4,talk,2,0,9,ESTIMATE Agent[13] WEREWOLF
4,talk,3,0,11,Skip
4,talk,4,0,2,ESTIMATE Agent[08] WEREWOLF
4,talk,5,0,8,Skip
4,talk,6,0,1,DAY 4 (DIVINED Agent[05] HUMAN)
4,talk,7,0,13,Skip
4,talk,8,0,6,IDENTIFIED Agent[07] HUMAN
4,talk,9,1,11,Skip
4,talk,10,1,14,Skip
4,talk,11,1,1,Skip
4,talk,12,1,8,Skip
4,talk,13,1,13,Skip
4,talk,14,1,6,ESTIMATE Agent[11] WEREWOLF
4,talk,15,1,2,Skip
4,talk,16,1,5,Skip
4,talk,17,1,9,Skip
4,talk,18,2,2,VOTE Agent[08]
4,talk,19,2,1,VOTE Agent[11]
4,talk,20,2,5,VOTE Agent[01]
4,talk,21,2,14,VOTE Agent[02]
4,talk,22,2,13,VOTE Agent[06]
4,talk,23,2,8,VOTE Agent[01]
4,talk,24,2,11,VOTE Agent[14]
4,talk,25,2,6,VOTE Agent[11]
4,talk,26,2,9,VOTE Agent[13]
4,talk,27,3,6,Skip
4,talk,28,3,13,Skip
4,talk,29,3,1,Skip
4,talk,30,3,9,Skip
4,talk,31,3,8,Skip
4,talk,32,3,5,Skip
4,talk,33,3,11,Skip
4,talk,34,3,14,Skip
4,talk,35,3,2,Skip
4,talk,36,4,9,Skip
4,talk,37,4,2,Skip
4,talk,38,4,5,Skip
4,talk,39,4,14,Skip
4,talk,40,4,1,Skip
4,talk,41,4,6,Skip
4,talk,42,4,13,Skip
4,talk,43,4,8,Skip
4,talk,44,4,11,Skip
4,talk,45,5,5,Over
4,talk,46,5,9,Over
4,talk,47,5,6,Over
4,talk,48,5,14,Over
4,talk,49,5,2,Over
4,talk,50,5,8,Over
4,talk,51,5,13,Over
4,talk,52,5,11,Over
4,talk,53,5,1,Over
4,vote,1,11
4,vote,2,8
4,vote,5,1
4,vote,6,11
4,vote,8,1
4,vote,9,13
4,vote,11,14
4,vote,13,6
4,vote,14,2
4,vote,1,11
4,vote,2,8
4,vote,5,1
4,vote,6,11
4,vote,8,1
4,vote,9,13
4,vote,11,14
4,vote,13,6
4,vote,14,2
4,execute,11,VILLAGER
4,whisper,0,0,2,ATTACK Agent[14]
4,whisper,1,0,6,ATTACK Agent[13]
4,whisper,2,0,9,ATTACK Agent[05]
4,whisper,3,1,6,Skip
4,whisper,4,1,9,Skip
4,whisper,5,1,2,Skip
4,whisper,6,2,9,Skip
4,whisper,7,2,6,Skip
4,whisper,8,2,2,Skip
4,whisper,9,3,9,Over
4,whisper,10,3,6,Over
4,whisper,11,3,2,Over
4,attack,8,true
5,status,1,POSSESSED,ALIVE,Sample9
5,status,2,WEREWOLF,ALIVE,Sample12
5,status,3,MEDIUM,DEAD,Sample8
5,status,4,VILLAGER,DEAD,Sample11
5,status,5,VILLAGER,ALIVE,Sample7
5,status,6,WEREWOLF,ALIVE,Sample10
5,status,7,VILLAGER,DEAD,Sample6
5,status,8,VILLAGER,DEAD,Sample5
5,status,9,WEREWOLF,ALIVE,Sample4
5,status,10,SEER,DEAD,Sample3
5,status,11,VILLAGER,DEAD,Sample14
5,status,12,VILLAGER,DEAD,Sample2
5,status,13,VILLAGER,ALIVE,Sample13
5,status,14,VILLAGER,ALIVE,Sample1
5,status,15,BODYGUARD,DEAD,cash_dqn
5,talk,0,0,5,Skip
5,talk,1,0,2,ESTIMATE Agent[13] WEREWOLF
5,talk,2,0,1,DAY 5 (DIVINED Agent[14] HUMAN)
5,talk,3,0,14,Skip
5,talk,4,0,13,Skip
5,talk,5,0,6,IDENTIFIED Agent[11] WEREWOLF
5,talk,6,0,9,ESTIMATE Agent[13] WEREWOLF
5,talk,7,1,6,ESTIMATE Agent[13] WEREWOLF
5,talk,8,1,14,Skip
5,talk,9,1,2,Skip
5,talk,10,1,1,Skip
5,talk,11,1,13,Skip
5,talk,12,1,9,Skip
5,talk,13,1,5,Skip
5,talk,14,2,14,VOTE Agent[02]
5,talk,15,2,13,VOTE Agent[09]
5,talk,16,2,2,VOTE Agent[13]
5,talk,17,2,6,VOTE Agent[13]
5,talk,18,2,5,VOTE Agent[02]
5,talk,19,2,1,VOTE Agent[07]
5,talk,20,2,9,VOTE Agent[13]
5,talk,21,3,6,Skip
5,talk,22,3,13,Skip
5,talk,23,3,2,Skip
5,talk,24,3,1,Skip
5,talk,25,3,5,Skip
5,talk,26,3,14,Skip
5,talk,27,3,9,Skip
5,talk,28,4,9,Skip
5,talk,29,4,14,Skip
5,talk,30,4,5,Skip
5,talk,31,4,2,Skip
5,talk,32,4,6,Skip
5,talk,33,4,13,Skip
5,talk,34,4,1,Skip
5,talk,35,5,6,Over
5,talk,36,5,13,Over
5,talk,37,5,14,Over
5,talk,38,5,2,Over
5,talk,39,5,1,Over
5,talk,40,5,9,Over
5,talk,41,5,5,Over
5,vote,1,2
5,vote,2,13
5,vote,5,2
5,vote,6,13
5,vote,9,13
5,vote,13,9
5,vote,14,2
5,vote,1,6
5,vote,2,13
5,vote,5,2
5,vote,6,13
5,vote,9,13
5,vote,13,9
5,vote,14,2
5,execute,13,VILLAGER
5,whisper,0,0,9,ATTACK Agent[05]
5,whisper,1,0,6,ATTACK Agent[14]
5,whisper,2,0,2,ATTACK Agent[05]
5,whisper,3,1,9,Skip
5,whisper,4,1,6,Skip
5,whisper,5,1,2,Skip
5,whisper,6,2,2,Skip
5,whisper,7,2,6,Skip
5,whisper,8,2,9,Skip
5,whisper,9,3,6,Over
5,whisper,10,3,2,Over
5,whisper,11,3,9,Over
5,attack,14,true
6,status,1,POSSESSED,ALIVE,Sample9
6,status,2,WEREWOLF,ALIVE,Sample12
6,status,3,MEDIUM,DEAD,Sample8
6,status,4,VILLAGER,DEAD,Sample11
6,status,5,VILLAGER,ALIVE,Sample7
6,status,6,WEREWOLF,ALIVE,Sample10
6,status,7,VILLAGER,DEAD,Sample6
6,status,8,VILLAGER,DEAD,Sample5
6,status,9,WEREWOLF,ALIVE,Sample4
6,status,10,SEER,DEAD,Sample3
6,status,11,VILLAGER,DEAD,Sample14
6,status,12,VILLAGER,DEAD,Sample2
6,status,13,VILLAGER,DEAD,Sample13
6,status,14,VILLAGER,DEAD,Sample1
6,status,15,BODYGUARD,DEAD,cash_dqn
6,result,2,3,WEREWOLF
