0,status,1,SEER,ALIVE,Sample9
0,status,2,VILLAGER,ALIVE,Sample12
0,status,3,WEREWOLF,ALIVE,Sample8
0,status,4,VILLAGER,ALIVE,Sample11
0,status,5,VILLAGER,ALIVE,Sample7
0,status,6,VILLAGER,ALIVE,Sample10
0,status,7,MEDIUM,ALIVE,Sample6
0,status,8,WEREWOLF,ALIVE,Sample5
0,status,9,WEREWOLF,ALIVE,Sample4
0,status,10,VILLAGER,ALIVE,Sample3
0,status,11,VILLAGER,ALIVE,Sample14
0,status,12,POSSESSED,ALIVE,Sample2
0,status,13,BODYGUARD,ALIVE,Sample13
0,status,14,VILLAGER,ALIVE,Sample1
0,status,15,VILLAGER,ALIVE,cash_dqn
0,whisper,0,0,8,COMINGOUT Agent[08] MEDIUM
0,whisper,1,0,9,COMINGOUT Agent[09] SEER
0,whisper,2,0,3,COMINGOUT Agent[03] MEDIUM
0,whisper,3,1,8,ATTACK Agent[07]
0,whisper,4,1,3,ATTACK Agent[12]
0,whisper,5,1,9,ATTACK Agent[06]
0,whisper,6,2,9,Skip
0,whisper,7,2,8,Skip
0,whisper,8,2,3,Skip
0,whisper,9,3,8,Skip
0,whisper,10,3,9,Skip
0,whisper,11,3,3,Skip
0,whisper,12,4,3,Over
0,whisper,13,4,8,Over
0,whisper,14,4,9,Over
0,divine,1,13,HUMAN
1,status,1,SEER,ALIVE,Sample9
1,status,2,VILLAGER,ALIVE,Sample12
1,status,3,WEREWOLF,ALIVE,Sample8
1,status,4,VILLAGER,ALIVE,Sample11
1,status,5,VILLAGER,ALIVE,Sample7
1,status,6,VILLAGER,ALIVE,Sample10
1,status,7,MEDIUM,ALIVE,Sample6
1,status,8,WEREWOLF,ALIVE,Sample5
1,status,9,WEREWOLF,ALIVE,Sample4
1,status,10,VILLAGER,ALIVE,Sample3
1,status,11,VILLAGER,ALIVE,Sample14
1,status,12,POSSESSED,ALIVE,Sample2
1,status,13,BODYGUARD,ALIVE,Sample13
1,status,14,VILLAGER,ALIVE,Sample1
1,status,15,VILLAGER,ALIVE,cash_dqn
1,talk,0,0,7,COMINGOUT Agent[07] MEDIUM
1,talk,1,0,6,Skip
1,talk,2,0,11,Skip
1,talk,3,0,10,Skip
1,talk,4,0,4,Skip
1,talk,5,0,3,ESTIMATE Agent[15] WEREWOLF
1,talk,6,0,5,Skip
1,talk,7,0,13,Skip
1,talk,8,0,1,COMINGOUT Agent[01] SEER
1,talk,9,0,14,Skip
1,talk,10,0,12,Skip
1,talk,11,0,9,COMINGOUT Agent[09] SEER
1,talk,12,0,15,Skip
1,talk,13,0,2,Skip
1,talk,14,0,8,ESTIMATE Agent[04] WEREWOLF
1,talk,15,1,5,Skip
1,talk,16,1,2,Skip
1,talk,17,1,10,Skip
1,talk,18,1,12,COMINGOUT Agent[12] SEER
1,talk,19,1,13,Skip
1,talk,20,1,11,Skip
1,talk,21,1,3,COMINGOUT Agent[03] MEDIUM
1,talk,22,1,8,COMINGOUT Agent[08] MEDIUM
1,talk,23,1,1,DAY 1 (DIVINED Agent[13] HUMAN)
1,talk,24,1,15,VOTE Agent[05]
1,talk,25,1,14,Skip
1,talk,26,1,7,Skip
1,talk,27,1,4,Skip
1,talk,28,1,6,Skip
1,talk,29,1,9,ESTIMATE Agent[14] WEREWOLF
1,talk,30,2,14,VOTE Agent[08]
1,talk,31,2,13,VOTE Agent[04]
1,talk,32,2,2,VOTE Agent[01]
1,talk,33,2,7,VOTE Agent[08]
1,talk,34,2,10,VOTE Agent[14]
1,talk,35,2,1,BECAUSE (AND (COMINGOUT Agent[01] SEER) (Agent[09] COMINGOUT Agent[09] SEER)) (XOR (ESTIMATE Agent[09] WEREWOLF) (ESTIMATE Agent[09] POSSESSED))
1,talk,36,2,4,VOTE Agent[10]
1,talk,37,2,11,VOTE Agent[05]
1,talk,38,2,6,VOTE Agent[09]
1,talk,39,2,9,DIVINED Agent[14] WEREWOLF
1,talk,40,2,3,ESTIMATE Agent[07] WEREWOLF
1,talk,41,2,5,VOTE Agent[13]
1,talk,42,2,15,Skip
1,talk,43,2,12,DAY 1 (DIVINED Agent[01] WEREWOLF)
1,talk,44,2,8,ESTIMATE Agent[07] WEREWOLF
1,talk,45,3,9,VOTE Agent[14]
1,talk,46,3,14,BECAUSE (AND (COMINGOUT Agent[14] VILLAGER) (DAY 1 (Agent[09] DIVINED Agent[14] WEREWOLF))) (XOR (ESTIMATE Agent[09] WEREWOLF) (ESTIMATE Agent[09] POSSESSED))
1,talk,47,3,13,Skip
1,talk,48,3,2,Skip
1,talk,49,3,5,Skip
1,talk,50,3,11,Skip
1,talk,51,3,15,Skip
1,talk,52,3,7,Skip
1,talk,53,3,8,VOTE Agent[07]
1,talk,54,3,3,VOTE Agent[07]
1,talk,55,3,4,Skip
1,talk,56,3,1,BECAUSE (XOR (ESTIMATE Agent[09] WEREWOLF) (ESTIMATE Agent[09] POSSESSED)) (VOTE Agent[09])
1,talk,57,3,10,Skip
1,talk,58,3,12,BECAUSE (DAY 1 (DIVINED Agent[01] WEREWOLF)) (REQUEST ANY (VOTE Agent[01]))
1,talk,59,3,6,Skip
1,talk,60,4,5,Skip
1,talk,61,4,10,Skip
1,talk,62,4,4,Skip
1,talk,63,4,13,Skip
1,talk,64,4,14,BECAUSE (XOR (ESTIMATE Agent[09] WEREWOLF) (ESTIMATE Agent[09] POSSESSED)) (VOTE Agent[09])
1,talk,65,4,12,INQUIRE ANY (VOTE Agent[01])
1,talk,66,4,3,Skip
1,talk,67,4,11,Skip
1,talk,68,4,1,Skip
1,talk,69,4,2,Skip
1,talk,70,4,7,Skip
1,talk,71,4,8,Skip
1,talk,72,4,6,Skip
1,talk,73,4,9,Skip
1,talk,74,4,15,Over
1,talk,75,5,3,Skip
1,talk,76,5,10,Over
1,talk,77,5,12,BECAUSE (DIVINED Agent[01] WEREWOLF) (VOTE Agent[01])
1,talk,78,5,8,Skip
1,talk,79,5,5,Over
1,talk,80,5,2,Over
1,talk,81,5,1,Skip
1,talk,82,5,6,Over
1,talk,83,5,9,Skip
1,talk,84,5,13,Over
1,talk,85,5,7,Over
1,talk,86,5,15,Over
1,talk,87,5,11,Over
1,talk,88,5,4,Over
1,talk,89,5,14,Skip
1,talk,90,6,2,Over
1,talk,91,6,4,Over
1,talk,92,6,14,Skip
1,talk,93,6,5,Over
1,talk,94,6,12,Skip
1,talk,95,6,6,Over
1,talk,96,6,13,Over
1,talk,97,6,9,Over
1,talk,98,6,11,Over
1,talk,99,6,3,Over
1,talk,100,6,7,Over
1,talk,101,6,10,Over
1,talk,102,6,15,Over
1,talk,103,6,1,Over
1,talk,104,6,8,Over
1,talk,105,7,5,Over
1,talk,106,7,7,Over
1,talk,107,7,2,Over
1,talk,108,7,11,Over
1,talk,109,7,9,Over
1,talk,110,7,1,Over
1,talk,111,7,6,Over
1,talk,112,7,4,Over
1,talk,113,7,14,Over
1,talk,114,7,10,Over
1,talk,115,7,12,Skip
1,talk,116,7,3,Over
1,talk,117,7,8,Over
1,talk,118,7,13,Over
1,talk,119,7,15,Over
1,talk,120,8,1,Over
1,talk,121,8,12,Over
1,talk,122,8,6,Over
1,talk,123,8,11,Over
1,talk,124,8,8,Over
1,talk,125,8,3,Over
1,talk,126,8,2,Over
1,talk,127,8,7,Over
1,talk,128,8,5,Over
1,talk,129,8,14,Over
1,talk,130,8,10,Over
1,talk,131,8,9,Over
1,talk,132,8,13,Over
1,talk,133,8,4,Over
1,talk,134,8,15,Over
1,vote,1,9
1,vote,2,1
1,vote,3,7
1,vote,4,10
1,vote,5,13
1,vote,6,9
1,vote,7,8
1,vote,8,7
1,vote,9,14
1,vote,10,14
1,vote,11,5
1,vote,12,1
1,vote,13,4
1,vote,14,9
1,vote,15,11
1,execute,9,WEREWOLF
1,divine,1,12,HUMAN
1,whisper,0,0,8,BECAUSE (AND (NOT (COMINGOUT Agent[12] WEREWOLF)) (NOT (COMINGOUT Agent[01] WEREWOLF)) (DAY 1 (Agent[12] DIVINED Agent[01] WEREWOLF))) (ESTIMATE Agent[12] POSSESSED)
1,whisper,1,0,3,BECAUSE (AND (NOT (COMINGOUT Agent[12] WEREWOLF)) (NOT (COMINGOUT Agent[01] WEREWOLF)) (DAY 1 (Agent[12] DIVINED Agent[01] WEREWOLF))) (ESTIMATE Agent[12] POSSESSED)
1,whisper,2,1,3,BECAUSE (Agent[07] COMINGOUT Agent[07] MEDIUM) (ATTACK Agent[07])
1,whisper,3,1,8,BECAUSE (Agent[07] COMINGOUT Agent[07] MEDIUM) (ATTACK Agent[07])
1,whisper,4,2,8,Skip
1,whisper,5,2,3,Skip
1,whisper,6,3,8,Skip
1,whisper,7,3,3,Skip
1,whisper,8,4,8,Over
1,whisper,9,4,3,Over
1,guard,13,12,POSSESSED
1,attack,6,true
2,status,1,SEER,ALIVE,Sample9
2,status,2,VILLAGER,ALIVE,Sample12
2,status,3,WEREWOLF,ALIVE,Sample8
2,status,4,VILLAGER,ALIVE,Sample11
2,status,5,VILLAGER,ALIVE,Sample7
2,status,6,VILLAGER,DEAD,Sample10
2,status,7,MEDIUM,ALIVE,Sample6
2,status,8,WEREWOLF,ALIVE,Sample5
2,status,9,WEREWOLF,DEAD,Sample4
2,status,10,VILLAGER,ALIVE,Sample3
2,status,11,VILLAGER,ALIVE,Sample14
2,status,12,POSSESSED,ALIVE,Sample2
2,status,13,BODYGUARD,ALIVE,Sample13
2,status,14,VILLAGER,ALIVE,Sample1
2,status,15,VILLAGER,ALIVE,cash_dqn
2,talk,0,0,12,DAY 2 (DIVINED Agent[07] HUMAN)
2,talk,1,0,8,IDENTIFIED Agent[09] HUMAN
2,talk,2,0,5,Skip
2,talk,3,0,3,IDENTIFIED Agent[09] HUMAN
2,talk,4,0,7,DAY 2 (IDENTIFIED Agent[09] WEREWOLF)
2,talk,5,0,2,Skip
2,talk,6,0,14,Skip
2,talk,7,0,15,Skip
2,talk,8,0,13,Skip
2,talk,9,0,10,Skip
2,talk,10,0,4,Skip
2,talk,11,0,1,DAY 2 (DIVINED Agent[12] HUMAN)
2,talk,12,0,11,Skip
2,talk,13,1,4,Skip
2,talk,14,1,13,Skip
2,talk,15,1,2,Skip
2,talk,16,1,3,ESTIMATE Agent[07] WEREWOLF
2,talk,17,1,5,Skip
2,talk,18,1,11,Skip
2,talk,19,1,1,BECAUSE (AND (AND (COMINGOUT Agent[01] SEER) (Agent[12] COMINGOUT Agent[12] SEER)) (DIVINED Agent[12] HUMAN)) (ESTIMATE Agent[12] POSSESSED)
2,talk,20,1,12,BECAUSE (DAY 1 (DIVINED Agent[01] WEREWOLF)) (REQUEST ANY (VOTE Agent[01]))
2,talk,21,1,7,BECAUSE (AND (COMINGOUT Agent[07] MEDIUM) (Agent[03] COMINGOUT Agent[03] MEDIUM)) (XOR (ESTIMATE Agent[03] WEREWOLF) (ESTIMATE Agent[03] POSSESSED))
2,talk,22,1,10,Skip
2,talk,23,1,8,ESTIMATE Agent[07] WEREWOLF
2,talk,24,1,15,VOTE Agent[07]
2,talk,25,1,14,Skip
2,talk,26,2,5,VOTE Agent[01]
2,talk,27,2,14,VOTE Agent[11]
2,talk,28,2,11,VOTE Agent[02]
2,talk,29,2,4,VOTE Agent[01]
2,talk,30,2,2,VOTE Agent[15]
2,talk,31,2,1,VOTE Agent[02]
2,talk,32,2,13,VOTE Agent[12]
2,talk,33,2,10,VOTE Agent[11]
2,talk,34,2,8,VOTE Agent[07]
2,talk,35,2,12,INQUIRE ANY (VOTE Agent[01])
2,talk,36,2,3,VOTE Agent[07]
2,talk,37,2,15,Skip
2,talk,38,2,7,BECAUSE (XOR (ESTIMATE Agent[03] WEREWOLF) (ESTIMATE Agent[03] POSSESSED)) (VOTE Agent[03])
2,talk,39,3,8,Skip
2,talk,40,3,13,Skip
2,talk,41,3,12,BECAUSE (DIVINED Agent[01] WEREWOLF) (VOTE Agent[01])
2,talk,42,3,1,Skip
2,talk,43,3,11,Skip
2,talk,44,3,4,Skip
2,talk,45,3,7,Skip
2,talk,46,3,15,Skip
2,talk,47,3,2,Skip
2,talk,48,3,3,Skip
2,talk,49,3,5,Skip
2,talk,50,3,10,Skip
2,talk,51,3,14,Skip
2,talk,52,4,7,Skip
2,talk,53,4,14,Skip
2,talk,54,4,15,Over
2,talk,55,4,10,Skip
2,talk,56,4,5,Skip
2,talk,57,4,3,Skip
2,talk,58,4,1,Skip
2,talk,59,4,8,Skip
2,talk,60,4,11,Skip
2,talk,61,4,4,Skip
2,talk,62,4,13,Skip
2,talk,63,4,2,Skip
2,talk,64,4,12,Skip
2,talk,65,5,12,Skip
2,talk,66,5,3,Over
2,talk,67,5,1,Over
2,talk,68,5,7,Over
2,talk,69,5,5,Over
2,talk,70,5,10,Over
2,talk,71,5,15,Over
2,talk,72,5,13,Over
2,talk,73,5,2,Over
2,talk,74,5,11,Over
2,talk,75,5,4,Over
2,talk,76,5,8,Over
2,talk,77,5,14,Over
2,talk,78,6,13,Over
2,talk,79,6,10,Over
2,talk,80,6,2,Over
2,talk,81,6,3,Over
2,talk,82,6,5,Over
2,talk,83,6,4,Over
2,talk,84,6,7,Over
2,talk,85,6,1,Over
2,talk,86,6,12,Over
2,talk,87,6,15,Over
2,talk,88,6,8,Over
2,talk,89,6,11,Over
2,talk,90,6,14,Over
2,vote,1,2
2,vote,2,15
2,vote,3,7
2,vote,4,1
2,vote,5,1
2,vote,7,3
2,vote,8,7
2,vote,10,11
2,vote,11,2
2,vote,12,1
2,vote,13,12
2,vote,14,11
2,vote,15,8
2,execute,1,SEER
2,whisper,0,0,3,BECAUSE (Agent[07] COMINGOUT Agent[07] MEDIUM) (ATTACK Agent[07])
2,whisper,1,0,8,BECAUSE (Agent[07] COMINGOUT Agent[07] MEDIUM) (ATTACK Agent[07])
2,whisper,2,1,8,Skip
2,whisper,3,1,3,Skip
2,whisper,4,2,8,Skip
2,whisper,5,2,3,Skip
2,whisper,6,3,8,Over
2,whisper,7,3,3,Over
2,guard,13,12,POSSESSED
2,attack,13,true
3,status,1,SEER,DEAD,Sample9
3,status,2,VILLAGER,ALIVE,Sample12
3,status,3,WEREWOLF,ALIVE,Sample8
3,status,4,VILLAGER,ALIVE,Sample11
3,status,5,VILLAGER,ALIVE,Sample7
3,status,6,VILLAGER,DEAD,Sample10
3,status,7,MEDIUM,ALIVE,Sample6
3,status,8,WEREWOLF,ALIVE,Sample5
3,status,9,WEREWOLF,DEAD,Sample4
3,status,10,VILLAGER,ALIVE,Sample3
3,status,11,VILLAGER,ALIVE,Sample14
3,status,12,POSSESSED,ALIVE,Sample2
3,status,13,BODYGUARD,DEAD,Sample13
3,status,14,VILLAGER,ALIVE,Sample1
3,status,15,VILLAGER,ALIVE,cash_dqn
3,talk,0,0,7,DAY 3 (IDENTIFIED Agent[01] HUMAN)
3,talk,1,0,14,Skip
3,talk,2,0,3,IDENTIFIED Agent[01] WEREWOLF
3,talk,3,0,10,Skip
3,talk,4,0,4,Skip
3,talk,5,0,11,Skip
3,talk,6,0,2,Skip
3,talk,7,0,8,IDENTIFIED Agent[01] WEREWOLF
3,talk,8,0,5,Skip
3,talk,9,0,12,DAY 3 (DIVINED Agent[04] HUMAN)
3,talk,10,0,15,Skip
3,talk,11,1,7,BECAUSE (AND (DAY 3 (IDENTIFIED Agent[01] HUMAN)) (DAY 1 (Agent[12] DIVINED Agent[01] WEREWOLF))) (XOR (ESTIMATE Agent[12] WEREWOLF) (ESTIMATE Agent[12] POSSESSED))
3,talk,12,1,8,ESTIMATE Agent[07] WEREWOLF
3,talk,13,1,15,VOTE Agent[07]
3,talk,14,1,3,ESTIMATE Agent[07] WEREWOLF
3,talk,15,1,14,Skip
3,talk,16,1,5,Skip
3,talk,17,1,2,Skip
3,talk,18,1,11,Skip
3,talk,19,1,12,BECAUSE (AND (DAY 1 (DIVINED Agent[01] WEREWOLF)) (DAY 3 (Agent[07] IDENTIFIED Agent[01] HUMAN))) (XOR (ESTIMATE Agent[07] WEREWOLF) (ESTIMATE Agent[07] POSSESSED))
3,talk,20,1,4,Skip
3,talk,21,1,10,Skip
3,talk,22,2,8,VOTE Agent[07]
3,talk,23,2,11,VOTE Agent[04]
3,talk,24,2,3,VOTE Agent[07]
3,talk,25,2,15,Skip
3,talk,26,2,5,VOTE Agent[10]
3,talk,27,2,4,VOTE Agent[05]
3,talk,28,2,2,VOTE Agent[08]
3,talk,29,2,10,VOTE Agent[11]
3,talk,30,2,12,BECAUSE (XOR (ESTIMATE Agent[07] WEREWOLF) (ESTIMATE Agent[07] POSSESSED)) (VOTE Agent[07])
3,talk,31,2,7,BECAUSE (XOR (ESTIMATE Agent[12] WEREWOLF) (ESTIMATE Agent[12] POSSESSED)) (VOTE Agent[12])
3,talk,32,2,14,VOTE Agent[10]
3,talk,33,3,8,Skip
3,talk,34,3,15,Skip
3,talk,35,3,3,Skip
3,talk,36,3,12,Skip
3,talk,37,3,11,Skip
3,talk,38,3,4,Skip
3,talk,39,3,2,Skip
3,talk,40,3,5,Skip
3,talk,41,3,14,Skip
3,talk,42,3,10,Skip
3,talk,43,3,7,Skip
3,talk,44,4,12,Skip
3,talk,45,4,7,Skip
3,talk,46,4,8,Skip
3,talk,47,4,4,Skip
3,talk,48,4,2,Skip
3,talk,49,4,15,Over
3,talk,50,4,10,Skip
3,talk,51,4,5,Skip
3,talk,52,4,3,Skip
3,talk,53,4,11,Skip
3,talk,54,4,14,Skip
3,talk,55,5,11,Over
3,talk,56,5,4,Over
3,talk,57,5,7,Over
3,talk,58,5,8,Over
3,talk,59,5,3,Over
3,talk,60,5,2,Over
3,talk,61,5,14,Over
3,talk,62,5,10,Over
3,talk,63,5,12,Over
3,talk,64,5,15,Over
3,talk,65,5,5,Over
3,vote,2,8
3,vote,3,7
3,vote,4,5
3,vote,5,10
3,vote,7,12
3,vote,8,7
3,vote,10,11
3,vote,11,4
3,vote,12,7
3,vote,14,10
3,vote,15,10
3,vote,2,8
3,vote,3,7
3,vote,4,5
3,vote,5,10
3,vote,7,12
3,vote,8,7
3,vote,10,11
3,vote,11,4
3,vote,12,7
3,vote,14,10
3,vote,15,3
3,execute,7,MEDIUM
3,whisper,0,0,3,ATTACK Agent[11]
3,whisper,1,0,8,ATTACK Agent[02]
3,whisper,2,1,3,Skip
3,whisper,3,1,8,Skip
3,whisper,4,2,3,Skip
3,whisper,5,2,8,Skip
3,whisper,6,3,3,Over
3,whisper,7,3,8,Over
3,attack,4,true
4,status,1,SEER,DEAD,Sample9
4,status,2,VILLAGER,ALIVE,Sample12
4,status,3,WEREWOLF,ALIVE,Sample8
4,status,4,VILLAGER,DEAD,Sample11
4,status,5,VILLAGER,ALIVE,Sample7
4,status,6,VILLAGER,DEAD,Sample10
4,status,7,MEDIUM,DEAD,Sample6
4,status,8,WEREWOLF,ALIVE,Sample5
4,status,9,WEREWOLF,DEAD,Sample4
4,status,10,VILLAGER,ALIVE,Sample3
4,status,11,VILLAGER,ALIVE,Sample14
4,status,12,POSSESSED,ALIVE,Sample2
4,status,13,BODYGUARD,DEAD,Sample13
4,status,14,VILLAGER,ALIVE,Sample1
4,status,15,VILLAGER,ALIVE,cash_dqn
4,talk,0,0,15,Skip
4,talk,1,0,2,Skip
4,talk,2,0,14,Skip
4,talk,3,0,12,DAY 4 (DIVINED Agent[15] HUMAN)
4,talk,4,0,11,Skip
4,talk,5,0,3,IDENTIFIED Agent[07] WEREWOLF
4,talk,6,0,5,Skip
4,talk,7,0,10,Skip
4,talk,8,0,8,IDENTIFIED Agent[07] WEREWOLF
4,talk,9,1,8,ESTIMATE Agent[05] WEREWOLF
4,talk,10,1,11,Skip
4,talk,11,1,14,Skip
4,talk,12,1,5,Skip
4,talk,13,1,2,Skip
4,talk,14,1,3,ESTIMATE Agent[10] WEREWOLF
4,talk,15,1,15,VOTE Agent[07]
4,talk,16,1,12,BECAUSE (AND (DAY 2 (DIVINED Agent[07] HUMAN)) (DAY 4 (Agent[03] IDENTIFIED Agent[07] WEREWOLF))) (XOR (ESTIMATE Agent[03] WEREWOLF) (ESTIMATE Agent[03] POSSESSED))
4,talk,17,1,10,Skip
4,talk,18,2,11,VOTE Agent[12]
4,talk,19,2,3,VOTE Agent[10]
4,talk,20,2,14,VOTE Agent[12]
4,talk,21,2,12,BECAUSE (XOR (ESTIMATE Agent[03] WEREWOLF) (ESTIMATE Agent[03] POSSESSED)) (VOTE Agent[03])
4,talk,22,2,15,Skip
4,talk,23,2,10,VOTE Agent[12]
4,talk,24,2,5,VOTE Agent[10]
4,talk,25,2,8,VOTE Agent[05]
4,talk,26,2,2,VOTE Agent[12]
4,talk,27,3,5,Skip
4,talk,28,3,8,Skip
4,talk,29,3,2,Skip
4,talk,30,3,15,Skip
4,talk,31,3,14,Skip
4,talk,32,3,12,Skip
4,talk,33,3,10,Skip
4,talk,34,3,11,Skip
4,talk,35,3,3,Skip
4,talk,36,4,12,Skip
4,talk,37,4,10,Skip
4,talk,38,4,11,Skip
4,talk,39,4,3,Skip
4,talk,40,4,5,Skip
4,talk,41,4,8,Skip
4,talk,42,4,15,Over
4,talk,43,4,2,Skip
4,talk,44,4,14,Skip
4,talk,45,5,12,Over
4,talk,46,5,2,Over
4,talk,47,5,11,Over
4,talk,48,5,8,Over
4,talk,49,5,10,Over
4,talk,50,5,15,Over
4,talk,51,5,14,Over
4,talk,52,5,3,Over
4,talk,53,5,5,Over
4,vote,2,12
4,vote,3,10
4,vote,5,10
4,vote,8,5
4,vote,10,12
4,vote,11,12
4,vote,12,3
4,vote,14,12
4,vote,15,10
4,execute,12,POSSESSED
4,whisper,0,0,8,ATTACK Agent[15]
4,whisper,1,0,3,ATTACK Agent[05]
4,whisper,2,1,8,Skip
4,whisper,3,1,3,Skip
4,whisper,4,2,8,Skip
4,whisper,5,2,3,Skip
4,whisper,6,3,8,Over
4,whisper,7,3,3,Over
4,attack,10,true
5,status,1,SEER,DEAD,Sample9
5,status,2,VILLAGER,ALIVE,Sample12
5,status,3,WEREWOLF,ALIVE,Sample8
5,status,4,VILLAGER,DEAD,Sample11
5,status,5,VILLAGER,ALIVE,Sample7
5,status,6,VILLAGER,DEAD,Sample10
5,status,7,MEDIUM,DEAD,Sample6
5,status,8,WEREWOLF,ALIVE,Sample5
5,status,9,WEREWOLF,DEAD,Sample4
5,status,10,VILLAGER,DEAD,Sample3
5,status,11,VILLAGER,ALIVE,Sample14
5,status,12,POSSESSED,DEAD,Sample2
5,status,13,BODYGUARD,DEAD,Sample13
5,status,14,VILLAGER,ALIVE,Sample1
5,status,15,VILLAGER,ALIVE,cash_dqn
5,talk,0,0,3,IDENTIFIED Agent[12] HUMAN
5,talk,1,0,8,IDENTIFIED Agent[12] HUMAN
5,talk,2,0,11,Skip
5,talk,3,0,5,Skip
5,talk,4,0,14,Skip
5,talk,5,0,15,Skip
5,talk,6,0,2,Skip
5,talk,7,1,8,ESTIMATE Agent[05] WEREWOLF
5,talk,8,1,11,Skip
5,talk,9,1,15,VOTE Agent[07]
5,talk,10,1,5,Skip
5,talk,11,1,2,Skip
5,talk,12,1,14,Skip
5,talk,13,1,3,ESTIMATE Agent[05] WEREWOLF
5,talk,14,2,14,VOTE Agent[15]
5,talk,15,2,11,VOTE Agent[15]
5,talk,16,2,3,VOTE Agent[05]
5,talk,17,2,15,Skip
5,talk,18,2,5,VOTE Agent[03]
5,talk,19,2,8,VOTE Agent[05]
5,talk,20,2,2,VOTE Agent[15]
5,talk,21,3,5,Skip
5,talk,22,3,15,Skip
5,talk,23,3,8,Skip
5,talk,24,3,11,Skip
5,talk,25,3,3,Skip
5,talk,26,3,2,Skip
5,talk,27,3,14,Skip
5,talk,28,4,2,Skip
5,talk,29,4,5,Skip
5,talk,30,4,3,Skip
5,talk,31,4,8,Skip
5,talk,32,4,11,Skip
5,talk,33,4,14,Skip
5,talk,34,4,15,Over
5,talk,35,5,3,Over
5,talk,36,5,14,Over
5,talk,37,5,2,Over
5,talk,38,5,8,Over
5,talk,39,5,11,Over
5,talk,40,5,5,Over
5,talk,41,5,15,Over
5,vote,2,15
5,vote,3,5
5,vote,5,3
5,vote,8,5
5,vote,11,15
5,vote,14,15
5,vote,15,3
5,execute,15,VILLAGER
5,whisper,0,0,3,ATTACK Agent[05]
5,whisper,1,0,8,ATTACK Agent[02]
5,whisper,2,1,3,Skip
5,whisper,3,1,8,Skip
5,whisper,4,2,3,Skip
5,whisper,5,2,8,Skip
5,whisper,6,3,8,Over
5,whisper,7,3,3,Over
5,attack,14,true
6,status,1,SEER,DEAD,Sample9
6,status,2,VILLAGER,ALIVE,Sample12
6,status,3,WEREWOLF,ALIVE,Sample8
6,status,4,VILLAGER,DEAD,Sample11
6,status,5,VILLAGER,ALIVE,Sample7
6,status,6,VILLAGER,DEAD,Sample10
6,status,7,MEDIUM,DEAD,Sample6
6,status,8,WEREWOLF,ALIVE,Sample5
6,status,9,WEREWOLF,DEAD,Sample4
6,status,10,VILLAGER,DEAD,Sample3
6,status,11,VILLAGER,ALIVE,Sample14
6,status,12,POSSESSED,DEAD,Sample2
6,status,13,BODYGUARD,DEAD,Sample13
6,status,14,VILLAGER,DEAD,Sample1
6,status,15,VILLAGER,DEAD,cash_dqn
6,talk,0,0,11,Skip
6,talk,1,0,2,Skip
6,talk,2,0,5,Skip
6,talk,3,0,3,IDENTIFIED Agent[15] WEREWOLF
6,talk,4,0,8,IDENTIFIED Agent[15] HUMAN
6,talk,5,1,11,Skip
6,talk,6,1,2,Skip
6,talk,7,1,8,ESTIMATE Agent[02] WEREWOLF
6,talk,8,1,5,Skip
6,talk,9,1,3,ESTIMATE Agent[02] WEREWOLF
6,talk,10,2,8,VOTE Agent[02]
6,talk,11,2,11,VOTE Agent[02]
6,talk,12,2,5,VOTE Agent[11]
6,talk,13,2,2,VOTE Agent[03]
6,talk,14,2,3,VOTE Agent[02]
6,talk,15,3,11,Skip
6,talk,16,3,8,Skip
6,talk,17,3,2,Skip
6,talk,18,3,5,Skip
6,talk,19,3,3,Skip
6,talk,20,4,3,Skip
6,talk,21,4,5,Skip
6,talk,22,4,8,Skip
6,talk,23,4,2,Skip
6,talk,24,4,11,Skip
6,talk,25,5,2,Over
6,talk,26,5,8,Over
6,talk,27,5,3,Over
6,talk,28,5,5,Over
6,talk,29,5,11,Over
6,vote,2,3
6,vote,3,2
6,vote,5,11
6,vote,8,2
6,vote,11,2
6,execute,2,VILLAGER
6,whisper,0,0,8,ATTACK Agent[11]
6,whisper,1,0,3,ATTACK Agent[11]
6,whisper,2,1,8,Skip
6,whisper,3,1,3,Skip
6,whisper,4,2,3,Skip
6,whisper,5,2,8,Skip
6,whisper,6,3,3,Over
6,whisper,7,3,8,Over
6,attack,11,true
7,status,1,SEER,DEAD,Sample9
7,status,2,VILLAGER,DEAD,Sample12
7,status,3,WEREWOLF,ALIVE,Sample8
7,status,4,VILLAGER,DEAD,Sample11
7,status,5,VILLAGER,ALIVE,Sample7
7,status,6,VILLAGER,DEAD,Sample10
7,status,7,MEDIUM,DEAD,Sample6
7,status,8,WEREWOLF,ALIVE,Sample5
7,status,9,WEREWOLF,DEAD,Sample4
7,status,10,VILLAGER,DEAD,Sample3
7,status,11,VILLAGER,DEAD,Sample14
7,status,12,POSSESSED,DEAD,Sample2
7,status,13,BODYGUARD,DEAD,Sample13
7,status,14,VILLAGER,DEAD,Sample1
7,status,15,VILLAGER,DEAD,cash_dqn
7,result,1,2,WEREWOLF
