0,status,1,WEREWOLF,ALIVE,Sample9
0,status,2,SEER,ALIVE,Sample12
0,status,3,VILLAGER,ALIVE,Sample8
0,status,4,VILLAGER,ALIVE,Sample11
0,status,5,WEREWOLF,ALIVE,Sample7
0,status,6,VILLAGER,ALIVE,Sample10
0,status,7,POSSESSED,ALIVE,Sample6
0,status,8,WEREWOLF,ALIVE,Sample5
0,status,9,BODYGUARD,ALIVE,Sample4
0,status,10,VILLAGER,ALIVE,Sample3
0,status,11,VILLAGER,ALIVE,Sample14
0,status,12,MEDIUM,ALIVE,Sample2
0,status,13,VILLAGER,ALIVE,Sample13
0,status,14,VILLAGER,ALIVE,Sample1
0,status,15,VILLAGER,ALIVE,cash_dqn
0,whisper,0,0,1,COMINGOUT Agent[01] VILLAGER
0,whisper,1,0,5,COMINGOUT Agent[05] VILLAGER
0,whisper,2,0,8,COMINGOUT Agent[08] VILLAGER
0,whisper,3,1,1,ATTACK Agent[11]
0,whisper,4,1,8,ATTACK Agent[12]
0,whisper,5,1,5,ATTACK Agent[11]
0,whisper,6,2,1,Skip
0,whisper,7,2,8,Skip
0,whisper,8,2,5,Skip
0,whisper,9,3,5,Skip
0,whisper,10,3,8,Skip
0,whisper,11,3,1,Skip
0,whisper,12,4,8,Over
0,whisper,13,4,5,Over
0,whisper,14,4,1,Over
0,divine,2,10,HUMAN
1,status,1,WEREWOLF,ALIVE,Sample9
1,status,2,SEER,ALIVE,Sample12
1,status,3,VILLAGER,ALIVE,Sample8
1,status,4,VILLAGER,ALIVE,Sample11
1,status,5,WEREWOLF,ALIVE,Sample7
1,status,6,VILLAGER,ALIVE,Sample10
1,status,7,POSSESSED,ALIVE,Sample6
1,status,8,WEREWOLF,ALIVE,Sample5
1,status,9,BODYGUARD,ALIVE,Sample4
1,status,10,VILLAGER,ALIVE,Sample3
1,status,11,VILLAGER,ALIVE,Sample14
1,status,12,MEDIUM,ALIVE,Sample2
1,status,13,VILLAGER,ALIVE,Sample13
1,status,14,VILLAGER,ALIVE,Sample1
1,status,15,VILLAGER,ALIVE,cash_dqn
1,talk,0,0,13,Skip
1,talk,1,0,4,Skip
1,talk,2,0,10,Skip
1,talk,3,0,14,Skip
1,talk,4,0,6,Skip
1,talk,5,0,7,Skip
1,talk,6,0,8,ESTIMATE Agent[04] WEREWOLF
1,talk,7,0,11,Skip
1,talk,8,0,3,Skip
1,talk,9,0,9,Skip
1,talk,10,0,2,Skip
1,talk,11,0,5,ESTIMATE Agent[09] WEREWOLF
1,talk,12,0,15,Skip
1,talk,13,0,12,Skip
1,talk,14,0,1,ESTIMATE Agent[10] WEREWOLF
1,talk,15,1,13,Skip
1,talk,16,1,15,VOTE Agent[10]
1,talk,17,1,12,Skip
1,talk,18,1,2,Skip
1,talk,19,1,5,Skip
1,talk,20,1,8,Skip
1,talk,21,1,4,Skip
1,talk,22,1,6,Skip
1,talk,23,1,11,Skip
1,talk,24,1,9,Skip
1,talk,25,1,14,Skip
1,talk,26,1,3,Skip
1,talk,27,1,1,Skip
1,talk,28,1,7,Skip
1,talk,29,1,10,Skip
1,talk,30,2,2,VOTE Agent[13]
1,talk,31,2,11,VOTE Agent[06]
1,talk,32,2,3,VOTE Agent[07]
1,talk,33,2,15,Skip
1,talk,34,2,10,VOTE Agent[08]
1,talk,35,2,8,VOTE Agent[04]
1,talk,36,2,6,VOTE Agent[07]
1,talk,37,2,14,VOTE Agent[10]
1,talk,38,2,9,VOTE Agent[04]
1,talk,39,2,13,VOTE Agent[07]
1,talk,40,2,5,VOTE Agent[09]
1,talk,41,2,1,VOTE Agent[10]
1,talk,42,2,12,VOTE Agent[04]
1,talk,43,2,7,VOTE Agent[05]
1,talk,44,2,4,VOTE Agent[06]
1,talk,45,3,5,Skip
1,talk,46,3,14,Skip
1,talk,47,3,8,Skip
1,talk,48,3,12,Skip
1,talk,49,3,15,Skip
1,talk,50,3,11,Skip
1,talk,51,3,6,Skip
1,talk,52,3,10,Skip
1,talk,53,3,9,Skip
1,talk,54,3,7,Skip
1,talk,55,3,1,Skip
1,talk,56,3,13,Skip
1,talk,57,3,2,Skip
1,talk,58,3,3,Skip
1,talk,59,3,4,Skip
1,talk,60,4,4,Skip
1,talk,61,4,12,Skip
1,talk,62,4,10,Skip
1,talk,63,4,11,Skip
1,talk,64,4,2,Skip
1,talk,65,4,15,Over
1,talk,66,4,14,Skip
1,talk,67,4,1,Skip
1,talk,68,4,9,Skip
1,talk,69,4,8,Skip
1,talk,70,4,13,Skip
1,talk,71,4,5,Skip
1,talk,72,4,6,Skip
1,talk,73,4,7,Skip
1,talk,74,4,3,Skip
1,talk,75,5,11,Over
1,talk,76,5,9,Over
1,talk,77,5,13,Over
1,talk,78,5,7,Over
1,talk,79,5,8,Over
1,talk,80,5,12,Over
1,talk,81,5,15,Over
1,talk,82,5,10,Over
1,talk,83,5,4,Over
1,talk,84,5,14,Over
1,talk,85,5,6,Over
1,talk,86,5,2,Over
1,talk,87,5,3,Over
1,talk,88,5,1,Over
1,talk,89,5,5,Over
1,vote,1,10
1,vote,2,13
1,vote,3,7
1,vote,4,6
1,vote,5,9
1,vote,6,7
1,vote,7,5
1,vote,8,4
1,vote,9,4
1,vote,10,8
1,vote,11,6
1,vote,12,4
1,vote,13,7
1,vote,14,10
1,vote,15,5
1,vote,1,10
1,vote,2,13
1,vote,3,7
1,vote,4,6
1,vote,5,9
1,vote,6,7
1,vote,7,5
1,vote,8,4
1,vote,9,4
1,vote,10,8
1,vote,11,6
1,vote,12,4
1,vote,13,7
1,vote,14,10
1,vote,15,4
1,execute,4,VILLAGER
1,divine,2,3,HUMAN
1,whisper,0,0,8,ATTACK Agent[02]
1,whisper,1,0,5,ATTACK Agent[09]
1,whisper,2,0,1,ATTACK Agent[03]
1,whisper,3,1,5,Skip
1,whisper,4,1,8,Skip
1,whisper,5,1,1,Skip
1,whisper,6,2,1,Skip
1,whisper,7,2,5,Skip
1,whisper,8,2,8,Skip
1,whisper,9,3,1,Over
1,whisper,10,3,8,Over
1,whisper,11,3,5,Over
1,guard,9,7,POSSESSED
1,attack,3,true
2,status,1,WEREWOLF,ALIVE,Sample9
2,status,2,SEER,ALIVE,Sample12
2,status,3,VILLAGER,DEAD,Sample8
2,status,4,VILLAGER,DEAD,Sample11
2,status,5,WEREWOLF,ALIVE,Sample7
2,status,6,VILLAGER,ALIVE,Sample10
2,status,7,POSSESSED,ALIVE,Sample6
2,status,8,WEREWOLF,ALIVE,Sample5
2,status,9,BODYGUARD,ALIVE,Sample4
2,status,10,VILLAGER,ALIVE,Sample3
2,status,11,VILLAGER,ALIVE,Sample14
2,status,12,MEDIUM,ALIVE,Sample2
2,status,13,VILLAGER,ALIVE,Sample13
2,status,14,VILLAGER,ALIVE,Sample1
2,status,15,VILLAGER,ALIVE,cash_dqn
2,talk,0,0,2,Skip
2,talk,1,0,1,ESTIMATE Agent[06] WEREWOLF
2,talk,2,0,15,Skip
2,talk,3,0,10,Skip
2,talk,4,0,11,Skip
2,talk,5,0,7,Skip
2,talk,6,0,12,COMINGOUT Agent[12] MEDIUM
2,talk,7,0,5,ESTIMATE Agent[09] WEREWOLF
2,talk,8,0,6,Skip
2,talk,9,0,8,ESTIMATE Agent[02] WEREWOLF
2,talk,10,0,9,Skip
2,talk,11,0,14,Skip
2,talk,12,0,13,Skip
2,talk,13,1,2,Skip
2,talk,14,1,6,Skip
2,talk,15,1,8,Skip
2,talk,16,1,12,DAY 2 (IDENTIFIED Agent[04] HUMAN)
2,talk,17,1,13,Skip
2,talk,18,1,7,Skip
2,talk,19,1,5,Skip
2,talk,20,1,14,Skip
2,talk,21,1,1,Skip
2,talk,22,1,11,Skip
2,talk,23,1,15,VOTE Agent[08]
2,talk,24,1,9,Skip
2,talk,25,1,10,Skip
2,talk,26,2,2,VOTE Agent[09]
2,talk,27,2,9,VOTE Agent[14]
2,talk,28,2,8,VOTE Agent[02]
2,talk,29,2,6,VOTE Agent[10]
2,talk,30,2,11,VOTE Agent[13]
2,talk,31,2,12,VOTE Agent[14]
2,talk,32,2,1,VOTE Agent[06]
2,talk,33,2,10,VOTE Agent[09]
2,talk,34,2,5,VOTE Agent[09]
2,talk,35,2,7,VOTE Agent[14]
2,talk,36,2,15,Skip
2,talk,37,2,14,VOTE Agent[09]
2,talk,38,2,13,VOTE Agent[12]
2,talk,39,3,15,Skip
2,talk,40,3,7,Skip
2,talk,41,3,9,Skip
2,talk,42,3,10,Skip
2,talk,43,3,6,Skip
2,talk,44,3,2,Skip
2,talk,45,3,14,Skip
2,talk,46,3,13,Skip
2,talk,47,3,5,Skip
2,talk,48,3,11,Skip
2,talk,49,3,12,Skip
2,talk,50,3,8,Skip
2,talk,51,3,1,Skip
2,talk,52,4,15,Over
2,talk,53,4,11,Skip
2,talk,54,4,1,Skip
2,talk,55,4,13,Skip
2,talk,56,4,6,Skip
2,talk,57,4,9,Skip
2,talk,58,4,10,Skip
2,talk,59,4,7,Skip
2,talk,60,4,12,Skip
2,talk,61,4,14,Skip
2,talk,62,4,5,Skip
2,talk,63,4,2,Skip
2,talk,64,4,8,Skip
2,talk,65,5,6,Over
2,talk,66,5,15,Over
2,talk,67,5,5,Over
2,talk,68,5,1,Over
2,talk,69,5,13,Over
2,talk,70,5,7,Over
2,talk,71,5,8,Over
2,talk,72,5,14,Over
2,talk,73,5,2,Over
2,talk,74,5,9,Over
2,talk,75,5,10,Over
2,talk,76,5,11,Over
2,talk,77,5,12,Over
2,vote,1,6
2,vote,2,9
2,vote,5,9
2,vote,6,10
2,vote,7,14
2,vote,8,2
2,vote,9,14
2,vote,10,9
2,vote,11,13
2,vote,12,14
2,vote,13,12
2,vote,14,9
2,vote,15,10
2,execute,9,BODYGUARD
2,divine,2,8,WEREWOLF
2,whisper,0,0,8,BECAUSE (Agent[12] COMINGOUT Agent[12] MEDIUM) (ATTACK Agent[12])
2,whisper,1,0,1,BECAUSE (Agent[12] COMINGOUT Agent[12] MEDIUM) (ATTACK Agent[12])
2,whisper,2,0,5,BECAUSE (Agent[12] COMINGOUT Agent[12] MEDIUM) (ATTACK Agent[12])
2,whisper,3,1,1,Skip
2,whisper,4,1,5,Skip
2,whisper,5,1,8,Skip
2,whisper,6,2,5,Skip
2,whisper,7,2,8,Skip
2,whisper,8,2,1,Skip
2,whisper,9,3,8,Over
2,whisper,10,3,1,Over
2,whisper,11,3,5,Over
2,attack,13,true
3,status,1,WEREWOLF,ALIVE,Sample9
3,status,2,SEER,ALIVE,Sample12
3,status,3,VILLAGER,DEAD,Sample8
3,status,4,VILLAGER,DEAD,Sample11
3,status,5,WEREWOLF,ALIVE,Sample7
3,status,6,VILLAGER,ALIVE,Sample10
3,status,7,POSSESSED,ALIVE,Sample6
3,status,8,WEREWOLF,ALIVE,Sample5
3,status,9,BODYGUARD,DEAD,Sample4
3,status,10,VILLAGER,ALIVE,Sample3
3,status,11,VILLAGER,ALIVE,Sample14
3,status,12,MEDIUM,ALIVE,Sample2
3,status,13,VILLAGER,DEAD,Sample13
3,status,14,VILLAGER,ALIVE,Sample1
3,status,15,VILLAGER,ALIVE,cash_dqn
3,talk,0,0,15,Skip
3,talk,1,0,1,ESTIMATE Agent[11] WEREWOLF
3,talk,2,0,12,DAY 3 (IDENTIFIED Agent[09] HUMAN)
3,talk,3,0,14,Skip
3,talk,4,0,5,ESTIMATE Agent[11] WEREWOLF
3,talk,5,0,6,Skip
3,talk,6,0,7,Skip
3,talk,7,0,11,Skip
3,talk,8,0,10,Skip
3,talk,9,0,8,ESTIMATE Agent[02] WEREWOLF
3,talk,10,0,2,COMINGOUT Agent[02] SEER
3,talk,11,1,14,Skip
3,talk,12,1,12,Skip
3,talk,13,1,2,AND (DAY 1 (DIVINED Agent[10] HUMAN)) (DAY 2 (DIVINED Agent[03] HUMAN)) (DAY 3 (DIVINED Agent[08] WEREWOLF))
3,talk,14,1,7,COMINGOUT Agent[07] SEER
3,talk,15,1,11,Skip
3,talk,16,1,8,Skip
3,talk,17,1,10,Skip
3,talk,18,1,5,Skip
3,talk,19,1,1,Skip
3,talk,20,1,6,Skip
3,talk,21,1,15,VOTE Agent[02]
3,talk,22,2,10,VOTE Agent[05]
3,talk,23,2,1,VOTE Agent[11]
3,talk,24,2,11,VOTE Agent[05]
3,talk,25,2,15,Skip
3,talk,26,2,5,VOTE Agent[11]
3,talk,27,2,2,BECAUSE (DAY 3 (DIVINED Agent[08] WEREWOLF)) (REQUEST ANY (VOTE Agent[08]))
3,talk,28,2,8,VOTE Agent[02]
3,talk,29,2,12,VOTE Agent[15]
3,talk,30,2,7,AND (DAY 1 (DIVINED Agent[10] HUMAN)) (DAY 2 (DIVINED Agent[08] HUMAN)) (DAY 3 (DIVINED Agent[02] WEREWOLF))
3,talk,31,2,14,VOTE Agent[08]
3,talk,32,2,6,VOTE Agent[08]
3,talk,33,3,12,Skip
3,talk,34,3,14,Skip
3,talk,35,3,10,Skip
3,talk,36,3,11,Skip
3,talk,37,3,2,INQUIRE ANY (VOTE Agent[08])
3,talk,38,3,15,Skip
3,talk,39,3,6,Skip
3,talk,40,3,5,Skip
3,talk,41,3,8,Skip
3,talk,42,3,1,Skip
3,talk,43,3,7,BECAUSE (DAY 3 (DIVINED Agent[02] WEREWOLF)) (REQUEST ANY (VOTE Agent[02]))
3,talk,44,4,5,Skip
3,talk,45,4,14,Skip
3,talk,46,4,12,Skip
3,talk,47,4,7,INQUIRE ANY (VOTE Agent[02])
3,talk,48,4,11,Skip
3,talk,49,4,1,Skip
3,talk,50,4,15,Over
3,talk,51,4,2,BECAUSE (DIVINED Agent[08] WEREWOLF) (VOTE Agent[08])
3,talk,52,4,10,Skip
3,talk,53,4,6,Skip
3,talk,54,4,8,Skip
3,talk,55,5,14,Over
3,talk,56,5,5,Over
3,talk,57,5,12,Over
3,talk,58,5,10,Over
3,talk,59,5,6,Over
3,talk,60,5,2,Skip
3,talk,61,5,15,Over
3,talk,62,5,11,Over
3,talk,63,5,1,Over
3,talk,64,5,8,Over
3,talk,65,5,7,BECAUSE (DIVINED Agent[02] WEREWOLF) (VOTE Agent[02])
3,talk,66,6,6,Over
3,talk,67,6,1,Over
3,talk,68,6,10,Over
3,talk,69,6,2,Skip
3,talk,70,6,8,Over
3,talk,71,6,12,Over
3,talk,72,6,15,Over
3,talk,73,6,7,Skip
3,talk,74,6,14,Over
3,talk,75,6,5,Over
3,talk,76,6,11,Over
3,talk,77,7,11,Over
3,talk,78,7,15,Over
3,talk,79,7,5,Over
3,talk,80,7,7,Skip
3,talk,81,7,14,Over
3,talk,82,7,10,Over
3,talk,83,7,8,Over
3,talk,84,7,1,Over
3,talk,85,7,12,Over
3,talk,86,7,6,Over
3,talk,87,7,2,Over
3,talk,88,8,15,Over
3,talk,89,8,11,Over
3,talk,90,8,2,Over
3,talk,91,8,5,Over
3,talk,92,8,7,Over
3,talk,93,8,12,Over
3,talk,94,8,10,Over
3,talk,95,8,1,Over
3,talk,96,8,8,Over
3,talk,97,8,14,Over
3,talk,98,8,6,Over
3,vote,1,11
3,vote,2,8
3,vote,5,11
3,vote,6,8
3,vote,7,2
3,vote,8,2
3,vote,10,5
3,vote,11,5
3,vote,12,15
3,vote,14,8
3,vote,15,2
3,vote,1,11
3,vote,2,8
3,vote,5,11
3,vote,6,8
3,vote,7,2
3,vote,8,2
3,vote,10,5
3,vote,11,5
3,vote,12,15
3,vote,14,8
3,vote,15,8
3,execute,8,WEREWOLF
3,divine,2,11,HUMAN
3,whisper,0,0,5,BECAUSE (AND (NOT (COMINGOUT Agent[07] WEREWOLF)) (COMINGOUT Agent[08] WEREWOLF) (DAY 3 (Agent[07] DIVINED Agent[08] HUMAN))) (ESTIMATE Agent[07] POSSESSED)
3,whisper,1,0,1,BECAUSE (AND (NOT (COMINGOUT Agent[07] WEREWOLF)) (COMINGOUT Agent[08] WEREWOLF) (DAY 3 (Agent[07] DIVINED Agent[08] HUMAN))) (ESTIMATE Agent[07] POSSESSED)
3,whisper,2,1,5,BECAUSE (Agent[02] COMINGOUT Agent[02] SEER) (ATTACK Agent[02])
3,whisper,3,1,1,BECAUSE (Agent[02] COMINGOUT Agent[02] SEER) (ATTACK Agent[02])
3,whisper,4,2,5,Skip
3,whisper,5,2,1,Skip
3,whisper,6,3,5,Skip
3,whisper,7,3,1,Skip
3,whisper,8,4,1,Over
3,whisper,9,4,5,Over
3,attack,6,true
4,status,1,WEREWOLF,ALIVE,Sample9
4,status,2,SEER,ALIVE,Sample12
4,status,3,VILLAGER,DEAD,Sample8
4,status,4,VILLAGER,DEAD,Sample11
4,status,5,WEREWOLF,ALIVE,Sample7
4,status,6,VILLAGER,DEAD,Sample10
4,status,7,POSSESSED,ALIVE,Sample6
4,status,8,WEREWOLF,DEAD,Sample5
4,status,9,BODYGUARD,DEAD,Sample4
4,status,10,VILLAGER,ALIVE,Sample3
4,status,11,VILLAGER,ALIVE,Sample14
4,status,12,MEDIUM,ALIVE,Sample2
4,status,13,VILLAGER,DEAD,Sample13
4,status,14,VILLAGER,ALIVE,Sample1
4,status,15,VILLAGER,ALIVE,cash_dqn
4,talk,0,0,2,DAY 4 (DIVINED Agent[11] HUMAN)
4,talk,1,0,10,Skip
4,talk,2,0,14,Skip
4,talk,3,0,11,Skip
4,talk,4,0,12,DAY 4 (IDENTIFIED Agent[08] WEREWOLF)
4,talk,5,0,5,ESTIMATE Agent[15] WEREWOLF
4,talk,6,0,7,DAY 4 (DIVINED Agent[14] HUMAN)
4,talk,7,0,15,Skip
4,talk,8,0,1,ESTIMATE Agent[14] WEREWOLF
4,talk,9,1,11,Skip
4,talk,10,1,14,Skip
4,talk,11,1,1,Skip
4,talk,12,1,10,Skip
4,talk,13,1,15,VOTE Agent[07]
4,talk,14,1,12,BECAUSE (AND (DAY 4 (IDENTIFIED Agent[08] WEREWOLF)) (DAY 3 (Agent[07] DIVINED Agent[08] HUMAN))) (XOR (ESTIMATE Agent[07] WEREWOLF) (ESTIMATE Agent[07] POSSESSED))
4,talk,15,1,5,Skip
4,talk,16,1,2,BECAUSE (AND (COMINGOUT Agent[02] SEER) (Agent[07] COMINGOUT Agent[07] SEER)) (XOR (ESTIMATE Agent[07] WEREWOLF) (ESTIMATE Agent[07] POSSESSED))
4,talk,17,1,7,BECAUSE (DAY 3 (DIVINED Agent[02] WEREWOLF)) (REQUEST ANY (VOTE Agent[02]))
4,talk,18,2,15,Skip
4,talk,19,2,14,VOTE Agent[01]
4,talk,20,2,7,INQUIRE ANY (VOTE Agent[02])
4,talk,21,2,12,BECAUSE (XOR (ESTIMATE Agent[07] WEREWOLF) (ESTIMATE Agent[07] POSSESSED)) (VOTE Agent[07])
4,talk,22,2,1,VOTE Agent[14]
4,talk,23,2,11,VOTE Agent[02]
4,talk,24,2,5,VOTE Agent[15]
4,talk,25,2,2,BECAUSE (XOR (ESTIMATE Agent[07] WEREWOLF) (ESTIMATE Agent[07] POSSESSED)) (VOTE Agent[07])
4,talk,26,2,10,VOTE Agent[12]
4,talk,27,3,5,Skip
4,talk,28,3,14,Skip
4,talk,29,3,7,BECAUSE (DIVINED Agent[02] WEREWOLF) (VOTE Agent[02])
4,talk,30,3,2,Skip
4,talk,31,3,11,Skip
4,talk,32,3,10,Skip
4,talk,33,3,15,Skip
4,talk,34,3,1,Skip
4,talk,35,3,12,Skip
4,talk,36,4,12,Skip
4,talk,37,4,5,Skip
4,talk,38,4,7,Skip
4,talk,39,4,2,Skip
4,talk,40,4,15,Over
4,talk,41,4,1,Skip
4,talk,42,4,14,Skip
4,talk,43,4,10,Skip
4,talk,44,4,11,Skip
4,talk,45,5,2,Over
4,talk,46,5,10,Over
4,talk,47,5,14,Over
4,talk,48,5,12,Over
4,talk,49,5,15,Over
4,talk,50,5,1,Over
4,talk,51,5,7,Skip
4,talk,52,5,5,Over
4,talk,53,5,11,Over
4,talk,54,6,15,Over
4,talk,55,6,12,Over
4,talk,56,6,14,Over
4,talk,57,6,11,Over
4,talk,58,6,10,Over
4,talk,59,6,7,Over
4,talk,60,6,5,Over
4,talk,61,6,2,Over
4,talk,62,6,1,Over
4,vote,1,14
4,vote,2,7
4,vote,5,15
4,vote,7,2
4,vote,10,12
4,vote,11,2
4,vote,12,7
4,vote,14,1
4,vote,15,1
4,vote,1,14
4,vote,2,7
4,vote,5,15
4,vote,7,2
4,vote,10,12
4,vote,11,2
4,vote,12,7
4,vote,14,1
4,vote,15,1
4,execute,1,WEREWOLF
4,divine,2,7,HUMAN
4,attackVote,5,2
4,attack,2,true
5,status,1,WEREWOLF,DEAD,Sample9
5,status,2,SEER,DEAD,Sample12
5,status,3,VILLAGER,DEAD,Sample8
5,status,4,VILLAGER,DEAD,Sample11
5,status,5,WEREWOLF,ALIVE,Sample7
5,status,6,VILLAGER,DEAD,Sample10
5,status,7,POSSESSED,ALIVE,Sample6
5,status,8,WEREWOLF,DEAD,Sample5
5,status,9,BODYGUARD,DEAD,Sample4
5,status,10,VILLAGER,ALIVE,Sample3
5,status,11,VILLAGER,ALIVE,Sample14
5,status,12,MEDIUM,ALIVE,Sample2
5,status,13,VILLAGER,DEAD,Sample13
5,status,14,VILLAGER,ALIVE,Sample1
5,status,15,VILLAGER,ALIVE,cash_dqn
5,talk,0,0,5,ESTIMATE Agent[12] WEREWOLF
5,talk,1,0,14,BECAUSE (AND (ANY ATTACKED Agent[02]) (DAY 3 (Agent[07] DIVINED Agent[02] WEREWOLF))) (XOR (ESTIMATE Agent[07] WEREWOLF) (ESTIMATE Agent[07] POSSESSED))
5,talk,2,0,12,DAY 5 (IDENTIFIED Agent[01] WEREWOLF)
5,talk,3,0,7,DAY 5 (DIVINED Agent[05] HUMAN)
5,talk,4,0,15,Skip
5,talk,5,0,10,BECAUSE (AND (ANY ATTACKED Agent[02]) (DAY 3 (Agent[07] DIVINED Agent[02] WEREWOLF))) (XOR (ESTIMATE Agent[07] WEREWOLF) (ESTIMATE Agent[07] POSSESSED))
5,talk,6,0,11,BECAUSE (AND (ANY ATTACKED Agent[02]) (DAY 3 (Agent[07] DIVINED Agent[02] WEREWOLF))) (XOR (ESTIMATE Agent[07] WEREWOLF) (ESTIMATE Agent[07] POSSESSED))
5,talk,7,1,10,Skip
5,talk,8,1,14,Skip
5,talk,9,1,12,BECAUSE (AND (DAY 4 (IDENTIFIED Agent[08] WEREWOLF)) (DAY 3 (Agent[07] DIVINED Agent[08] HUMAN))) (XOR (ESTIMATE Agent[07] WEREWOLF) (ESTIMATE Agent[07] POSSESSED))
5,talk,10,1,11,Skip
5,talk,11,1,5,Skip
5,talk,12,1,15,VOTE Agent[07]
5,talk,13,1,7,BECAUSE (AND (DAY 2 (DIVINED Agent[08] HUMAN)) (DAY 4 (Agent[12] IDENTIFIED Agent[08] WEREWOLF))) (XOR (ESTIMATE Agent[12] WEREWOLF) (ESTIMATE Agent[12] POSSESSED))
5,talk,14,2,10,BECAUSE (XOR (ESTIMATE Agent[07] WEREWOLF) (ESTIMATE Agent[07] POSSESSED)) (VOTE Agent[07])
5,talk,15,2,12,BECAUSE (XOR (ESTIMATE Agent[07] WEREWOLF) (ESTIMATE Agent[07] POSSESSED)) (VOTE Agent[07])
5,talk,16,2,15,Skip
5,talk,17,2,5,VOTE Agent[12]
5,talk,18,2,11,BECAUSE (XOR (ESTIMATE Agent[07] WEREWOLF) (ESTIMATE Agent[07] POSSESSED)) (VOTE Agent[07])
5,talk,19,2,14,BECAUSE (XOR (ESTIMATE Agent[07] WEREWOLF) (ESTIMATE Agent[07] POSSESSED)) (VOTE Agent[07])
5,talk,20,2,7,BECAUSE (XOR (ESTIMATE Agent[12] WEREWOLF) (ESTIMATE Agent[12] POSSESSED)) (VOTE Agent[12])
5,talk,21,3,15,Skip
5,talk,22,3,7,Skip
5,talk,23,3,11,Skip
5,talk,24,3,5,Skip
5,talk,25,3,12,Skip
5,talk,26,3,14,Skip
5,talk,27,3,10,Skip
5,talk,28,4,10,Skip
5,talk,29,4,7,Skip
5,talk,30,4,5,Skip
5,talk,31,4,11,Skip
5,talk,32,4,15,Over
5,talk,33,4,14,Skip
5,talk,34,4,12,Skip
5,talk,35,5,7,Over
5,talk,36,5,11,Over
5,talk,37,5,10,Over
5,talk,38,5,12,Over
5,talk,39,5,14,Over
5,talk,40,5,15,Over
5,talk,41,5,5,Over
5,vote,5,12
5,vote,7,12
5,vote,10,7
5,vote,11,7
5,vote,12,7
5,vote,14,7
5,vote,15,12
5,execute,7,POSSESSED
5,attackVote,5,12
5,attack,12,true
6,status,1,WEREWOLF,DEAD,Sample9
6,status,2,SEER,DEAD,Sample12
6,status,3,VILLAGER,DEAD,Sample8
6,status,4,VILLAGER,DEAD,Sample11
6,status,5,WEREWOLF,ALIVE,Sample7
6,status,6,VILLAGER,DEAD,Sample10
6,status,7,POSSESSED,DEAD,Sample6
6,status,8,WEREWOLF,DEAD,Sample5
6,status,9,BODYGUARD,DEAD,Sample4
6,status,10,VILLAGER,ALIVE,Sample3
6,status,11,VILLAGER,ALIVE,Sample14
6,status,12,MEDIUM,DEAD,Sample2
6,status,13,VILLAGER,DEAD,Sample13
6,status,14,VILLAGER,ALIVE,Sample1
6,status,15,VILLAGER,ALIVE,cash_dqn
6,talk,0,0,15,Skip
6,talk,1,0,5,ESTIMATE Agent[11] WEREWOLF
6,talk,2,0,14,Skip
6,talk,3,0,10,Skip
6,talk,4,0,11,Skip
6,talk,5,1,11,Skip
6,talk,6,1,14,Skip
6,talk,7,1,15,VOTE Agent[07]
6,talk,8,1,5,Skip
6,talk,9,1,10,Skip
6,talk,10,2,15,Skip
6,talk,11,2,11,VOTE Agent[10]
6,talk,12,2,5,VOTE Agent[11]
6,talk,13,2,14,VOTE Agent[15]
6,talk,14,2,10,VOTE Agent[11]
6,talk,15,3,5,Skip
6,talk,16,3,15,Skip
6,talk,17,3,14,Skip
6,talk,18,3,11,Skip
6,talk,19,3,10,Skip
6,talk,20,4,11,Skip
6,talk,21,4,10,Skip
6,talk,22,4,14,Skip
6,talk,23,4,5,Skip
6,talk,24,4,15,Over
6,talk,25,5,15,Over
6,talk,26,5,10,Over
6,talk,27,5,11,Over
6,talk,28,5,5,Over
6,talk,29,5,14,Over
6,vote,5,11
6,vote,10,11
6,vote,11,10
6,vote,14,15
6,vote,15,10
6,vote,5,11
6,vote,10,11
6,vote,11,10
6,vote,14,15
6,vote,15,5
6,execute,11,VILLAGER
6,attackVote,5,10
6,attack,10,true
7,status,1,WEREWOLF,DEAD,Sample9
7,status,2,SEER,DEAD,Sample12
7,status,3,VILLAGER,DEAD,Sample8
7,status,4,VILLAGER,DEAD,Sample11
7,status,5,WEREWOLF,ALIVE,Sample7
7,status,6,VILLAGER,DEAD,Sample10
7,status,7,POSSESSED,DEAD,Sample6
7,status,8,WEREWOLF,DEAD,Sample5
7,status,9,BODYGUARD,DEAD,Sample4
7,status,10,VILLAGER,DEAD,Sample3
7,status,11,VILLAGER,DEAD,Sample14
7,status,12,MEDIUM,DEAD,Sample2
7,status,13,VILLAGER,DEAD,Sample13
7,status,14,VILLAGER,ALIVE,Sample1
7,status,15,VILLAGER,ALIVE,cash_dqn
7,talk,0,0,14,Skip
7,talk,1,0,5,ESTIMATE Agent[15] WEREWOLF
7,talk,2,0,15,Skip
7,talk,3,1,5,Skip
7,talk,4,1,15,VOTE Agent[07]
7,talk,5,1,14,Skip
7,talk,6,2,15,Skip
7,talk,7,2,5,VOTE Agent[15]
7,talk,8,2,14,VOTE Agent[05]
7,talk,9,3,14,Skip
7,talk,10,3,15,Skip
7,talk,11,3,5,Skip
7,talk,12,4,14,Skip
7,talk,13,4,15,Over
7,talk,14,4,5,Skip
7,talk,15,5,14,Over
7,talk,16,5,15,Over
7,talk,17,5,5,Over
7,vote,5,15
7,vote,14,5
7,vote,15,14
7,vote,5,15
7,vote,14,5
7,vote,15,5
7,execute,5,WEREWOLF
8,status,1,WEREWOLF,DEAD,Sample9
8,status,2,SEER,DEAD,Sample12
8,status,3,VILLAGER,DEAD,Sample8
8,status,4,VILLAGER,DEAD,Sample11
8,status,5,WEREWOLF,DEAD,Sample7
8,status,6,VILLAGER,DEAD,Sample10
8,status,7,POSSESSED,DEAD,Sample6
8,status,8,WEREWOLF,DEAD,Sample5
8,status,9,BODYGUARD,DEAD,Sample4
8,status,10,VILLAGER,DEAD,Sample3
8,status,11,VILLAGER,DEAD,Sample14
8,status,12,MEDIUM,DEAD,Sample2
8,status,13,VILLAGER,DEAD,Sample13
8,status,14,VILLAGER,ALIVE,Sample1
8,status,15,VILLAGER,ALIVE,cash_dqn
8,result,2,0,VILLAGER
