0,status,1,WEREWOLF,ALIVE,Sample9
0,status,2,VILLAGER,ALIVE,Sample12
0,status,3,VILLAGER,ALIVE,Sample8
0,status,4,WEREWOLF,ALIVE,Sample11
0,status,5,SEER,ALIVE,Sample7
0,status,6,VILLAGER,ALIVE,Sample10
0,status,7,VILLAGER,ALIVE,Sample6
0,status,8,WEREWOLF,ALIVE,Sample5
0,status,9,VILLAGER,ALIVE,Sample4
0,status,10,POSSESSED,ALIVE,Sample3
0,status,11,VILLAGER,ALIVE,Sample14
0,status,12,VILLAGER,ALIVE,Sample2
0,status,13,MEDIUM,ALIVE,Sample13
0,status,14,VILLAGER,ALIVE,Sample1
0,status,15,BODYGUARD,ALIVE,cash_dqn
0,whisper,0,0,8,COMINGOUT Agent[08] MEDIUM
0,whisper,1,0,4,COMINGOUT Agent[04] MEDIUM
0,whisper,2,0,1,COMINGOUT Agent[01] SEER
0,whisper,3,1,4,ATTACK Agent[12]
0,whisper,4,1,8,ATTACK Agent[09]
0,whisper,5,1,1,ATTACK Agent[05]
0,whisper,6,2,1,Skip
0,whisper,7,2,8,Skip
0,whisper,8,2,4,Skip
0,whisper,9,3,1,Skip
0,whisper,10,3,8,Skip
0,whisper,11,3,4,Skip
0,whisper,12,4,8,Over
0,whisper,13,4,4,Over
0,whisper,14,4,1,Over
0,divine,5,14,HUMAN
1,status,1,WEREWOLF,ALIVE,Sample9
1,status,2,VILLAGER,ALIVE,Sample12
1,status,3,VILLAGER,ALIVE,Sample8
1,status,4,WEREWOLF,ALIVE,Sample11
1,status,5,SEER,ALIVE,Sample7
1,status,6,VILLAGER,ALIVE,Sample10
1,status,7,VILLAGER,ALIVE,Sample6
1,status,8,WEREWOLF,ALIVE,Sample5
1,status,9,VILLAGER,ALIVE,Sample4
1,status,10,POSSESSED,ALIVE,Sample3
1,status,11,VILLAGER,ALIVE,Sample14
1,status,12,VILLAGER,ALIVE,Sample2
1,status,13,MEDIUM,ALIVE,Sample13
1,status,14,VILLAGER,ALIVE,Sample1
1,status,15,BODYGUARD,ALIVE,cash_dqn
1,talk,0,0,15,Over
1,talk,1,0,7,Skip
1,talk,2,0,6,Skip
1,talk,3,0,5,Skip
1,talk,4,0,13,Skip
1,talk,5,0,14,Skip
1,talk,6,0,3,Skip
1,talk,7,0,8,COMINGOUT Agent[08] MEDIUM
1,talk,8,0,11,Skip
1,talk,9,0,1,ESTIMATE Agent[07] WEREWOLF
1,talk,10,0,2,Skip
1,talk,11,0,10,Skip
1,talk,12,0,9,Skip
1,talk,13,0,12,Skip
1,talk,14,0,4,COMINGOUT Agent[04] MEDIUM
1,talk,15,1,5,Skip
1,talk,16,1,15,Over
1,talk,17,1,10,Skip
1,talk,18,1,9,Skip
1,talk,19,1,11,Skip
1,talk,20,1,1,Skip
1,talk,21,1,7,Skip
1,talk,22,1,13,COMINGOUT Agent[13] MEDIUM
1,talk,23,1,6,Skip
1,talk,24,1,8,ESTIMATE Agent[15] WEREWOLF
1,talk,25,1,3,Skip
1,talk,26,1,12,Skip
1,talk,27,1,4,ESTIMATE Agent[15] WEREWOLF
1,talk,28,1,2,Skip
1,talk,29,1,14,Skip
1,talk,30,2,4,ESTIMATE Agent[13] WEREWOLF
1,talk,31,2,1,VOTE Agent[07]
1,talk,32,2,5,VOTE Agent[13]
1,talk,33,2,3,VOTE Agent[01]
1,talk,34,2,6,VOTE Agent[08]
1,talk,35,2,8,ESTIMATE Agent[13] WEREWOLF
1,talk,36,2,14,VOTE Agent[09]
1,talk,37,2,2,VOTE Agent[07]
1,talk,38,2,15,Over
1,talk,39,2,10,VOTE Agent[02]
1,talk,40,2,11,VOTE Agent[12]
1,talk,41,2,12,VOTE Agent[13]
1,talk,42,2,9,VOTE Agent[08]
1,talk,43,2,7,VOTE Agent[03]
1,talk,44,2,13,BECAUSE (AND (COMINGOUT Agent[13] MEDIUM) (Agent[04] COMINGOUT Agent[04] MEDIUM)) (XOR (ESTIMATE Agent[04] WEREWOLF) (ESTIMATE Agent[04] POSSESSED))
1,talk,45,3,2,Skip
1,talk,46,3,8,VOTE Agent[13]
1,talk,47,3,4,VOTE Agent[13]
1,talk,48,3,12,Skip
1,talk,49,3,14,Skip
1,talk,50,3,9,Skip
1,talk,51,3,13,BECAUSE (XOR (ESTIMATE Agent[04] WEREWOLF) (ESTIMATE Agent[04] POSSESSED)) (VOTE Agent[04])
1,talk,52,3,1,Skip
1,talk,53,3,5,Skip
1,talk,54,3,3,Skip
1,talk,55,3,7,Skip
1,talk,56,3,6,Skip
1,talk,57,3,15,Over
1,talk,58,3,10,Skip
1,talk,59,3,11,Skip
1,talk,60,4,4,Skip
1,talk,61,4,10,Skip
1,talk,62,4,3,Skip
1,talk,63,4,14,Skip
1,talk,64,4,2,Skip
1,talk,65,4,11,Skip
1,talk,66,4,15,Over
1,talk,67,4,6,Skip
1,talk,68,4,5,Skip
1,talk,69,4,9,Skip
1,talk,70,4,8,Skip
1,talk,71,4,7,Skip
1,talk,72,4,13,Skip
1,talk,73,4,1,Skip
1,talk,74,4,12,Skip
1,talk,75,5,7,Over
1,talk,76,5,14,Over
1,talk,77,5,9,Over
1,talk,78,5,5,Over
1,talk,79,5,3,Over
1,talk,80,5,6,Over
1,talk,81,5,2,Over
1,talk,82,5,8,Skip
1,talk,83,5,12,Over
1,talk,84,5,4,Skip
1,talk,85,5,15,Over
1,talk,86,5,11,Over
1,talk,87,5,10,Over
1,talk,88,5,13,Skip
1,talk,89,5,1,Over
1,talk,90,6,15,Over
1,talk,91,6,5,Over
1,talk,92,6,11,Over
1,talk,93,6,2,Over
1,talk,94,6,10,Over
1,talk,95,6,4,Over
1,talk,96,6,12,Over
1,talk,97,6,7,Over
1,talk,98,6,8,Over
1,talk,99,6,14,Over
1,talk,100,6,9,Over
1,talk,101,6,1,Over
1,talk,102,6,3,Over
1,talk,103,6,6,Over
1,talk,104,6,13,Over
1,vote,1,7
1,vote,2,7
1,vote,3,1
1,vote,4,13
1,vote,5,13
1,vote,6,8
1,vote,7,3
1,vote,8,13
1,vote,9,8
1,vote,10,2
1,vote,11,12
1,vote,12,13
1,vote,13,4
1,vote,14,9
1,vote,15,1
1,execute,13,MEDIUM
1,divine,5,2,HUMAN
1,whisper,0,0,4,ATTACK Agent[11]
1,whisper,1,0,8,ATTACK Agent[10]
1,whisper,2,0,1,ATTACK Agent[11]
1,whisper,3,1,1,Skip
1,whisper,4,1,4,Skip
1,whisper,5,1,8,Skip
1,whisper,6,2,1,Skip
1,whisper,7,2,4,Skip
1,whisper,8,2,8,Skip
1,whisper,9,3,1,Over
1,whisper,10,3,4,Over
1,whisper,11,3,8,Over
1,guard,15,8,WEREWOLF
1,attack,7,true
2,status,1,WEREWOLF,ALIVE,Sample9
2,status,2,VILLAGER,ALIVE,Sample12
2,status,3,VILLAGER,ALIVE,Sample8
2,status,4,WEREWOLF,ALIVE,Sample11
2,status,5,SEER,ALIVE,Sample7
2,status,6,VILLAGER,ALIVE,Sample10
2,status,7,VILLAGER,DEAD,Sample6
2,status,8,WEREWOLF,ALIVE,Sample5
2,status,9,VILLAGER,ALIVE,Sample4
2,status,10,POSSESSED,ALIVE,Sample3
2,status,11,VILLAGER,ALIVE,Sample14
2,status,12,VILLAGER,ALIVE,Sample2
2,status,13,MEDIUM,DEAD,Sample13
2,status,14,VILLAGER,ALIVE,Sample1
2,status,15,BODYGUARD,ALIVE,cash_dqn
2,talk,0,0,9,Skip
2,talk,1,0,5,COMINGOUT Agent[05] SEER
2,talk,2,0,1,COMINGOUT Agent[01] SEER
2,talk,3,0,4,IDENTIFIED Agent[13] WEREWOLF
2,talk,4,0,12,Skip
2,talk,5,0,6,Skip
2,talk,6,0,10,Skip
2,talk,7,0,3,Skip
2,talk,8,0,2,Skip
2,talk,9,0,8,IDENTIFIED Agent[13] WEREWOLF
2,talk,10,0,15,Over
2,talk,11,0,14,Skip
2,talk,12,0,11,Skip
2,talk,13,1,6,Skip
2,talk,14,1,4,ESTIMATE Agent[02] WEREWOLF
2,talk,15,1,5,AND (DAY 1 (DIVINED Agent[14] HUMAN)) (DAY 2 (DIVINED Agent[02] HUMAN))
2,talk,16,1,9,Skip
2,talk,17,1,3,Skip
2,talk,18,1,15,Over
2,talk,19,1,1,ESTIMATE Agent[12] WEREWOLF
2,talk,20,1,2,Skip
2,talk,21,1,14,Skip
2,talk,22,1,11,Skip
2,talk,23,1,12,Skip
2,talk,24,1,10,COMINGOUT Agent[10] SEER
2,talk,25,1,8,ESTIMATE Agent[12] WEREWOLF
2,talk,26,2,5,BECAUSE (AND (COMINGOUT Agent[05] SEER) (Agent[01] COMINGOUT Agent[01] SEER)) (XOR (ESTIMATE Agent[01] WEREWOLF) (ESTIMATE Agent[01] POSSESSED))
2,talk,27,2,14,VOTE Agent[02]
2,talk,28,2,11,VOTE Agent[15]
2,talk,29,2,6,VOTE Agent[08]
2,talk,30,2,1,DIVINED Agent[07] WEREWOLF
2,talk,31,2,4,VOTE Agent[02]
2,talk,32,2,3,VOTE Agent[08]
2,talk,33,2,8,VOTE Agent[12]
2,talk,34,2,10,AND (DAY 1 (DIVINED Agent[08] HUMAN)) (DAY 2 (DIVINED Agent[01] WEREWOLF))
2,talk,35,2,12,VOTE Agent[14]
2,talk,36,2,9,VOTE Agent[06]
2,talk,37,2,2,VOTE Agent[06]
2,talk,38,2,15,Over
2,talk,39,3,14,BECAUSE (AND (ANY ATTACKED Agent[07]) (DAY 2 (Agent[01] DIVINED Agent[07] WEREWOLF))) (XOR (ESTIMATE Agent[01] WEREWOLF) (ESTIMATE Agent[01] POSSESSED))
2,talk,40,3,3,BECAUSE (AND (ANY ATTACKED Agent[07]) (DAY 2 (Agent[01] DIVINED Agent[07] WEREWOLF))) (XOR (ESTIMATE Agent[01] WEREWOLF) (ESTIMATE Agent[01] POSSESSED))
2,talk,41,3,12,BECAUSE (AND (ANY ATTACKED Agent[07]) (DAY 2 (Agent[01] DIVINED Agent[07] WEREWOLF))) (XOR (ESTIMATE Agent[01] WEREWOLF) (ESTIMATE Agent[01] POSSESSED))
2,talk,42,3,5,BECAUSE (XOR (ESTIMATE Agent[01] WEREWOLF) (ESTIMATE Agent[01] POSSESSED)) (VOTE Agent[01])
2,talk,43,3,2,BECAUSE (AND (ANY ATTACKED Agent[07]) (DAY 2 (Agent[01] DIVINED Agent[07] WEREWOLF))) (XOR (ESTIMATE Agent[01] WEREWOLF) (ESTIMATE Agent[01] POSSESSED))
2,talk,44,3,4,Skip
2,talk,45,3,11,BECAUSE (AND (ANY ATTACKED Agent[07]) (DAY 2 (Agent[01] DIVINED Agent[07] WEREWOLF))) (XOR (ESTIMATE Agent[01] WEREWOLF) (ESTIMATE Agent[01] POSSESSED))
2,talk,46,3,10,BECAUSE (DAY 2 (DIVINED Agent[01] WEREWOLF)) (REQUEST ANY (VOTE Agent[01]))
2,talk,47,3,15,Over
2,talk,48,3,6,BECAUSE (AND (ANY ATTACKED Agent[07]) (DAY 2 (Agent[01] DIVINED Agent[07] WEREWOLF))) (XOR (ESTIMATE Agent[01] WEREWOLF) (ESTIMATE Agent[01] POSSESSED))
2,talk,49,3,1,DIVINED Agent[05] HUMAN
2,talk,50,3,8,Skip
2,talk,51,3,9,BECAUSE (AND (ANY ATTACKED Agent[07]) (DAY 2 (Agent[01] DIVINED Agent[07] WEREWOLF))) (XOR (ESTIMATE Agent[01] WEREWOLF) (ESTIMATE Agent[01] POSSESSED))
2,talk,52,4,12,BECAUSE (XOR (ESTIMATE Agent[01] WEREWOLF) (ESTIMATE Agent[01] POSSESSED)) (VOTE Agent[01])
2,talk,53,4,3,BECAUSE (XOR (ESTIMATE Agent[01] WEREWOLF) (ESTIMATE Agent[01] POSSESSED)) (VOTE Agent[01])
2,talk,54,4,8,Skip
2,talk,55,4,10,INQUIRE ANY (VOTE Agent[01])
2,talk,56,4,15,Over
2,talk,57,4,6,BECAUSE (XOR (ESTIMATE Agent[01] WEREWOLF) (ESTIMATE Agent[01] POSSESSED)) (VOTE Agent[01])
2,talk,58,4,1,ESTIMATE Agent[05] WEREWOLF
2,talk,59,4,11,BECAUSE (XOR (ESTIMATE Agent[01] WEREWOLF) (ESTIMATE Agent[01] POSSESSED)) (VOTE Agent[01])
2,talk,60,4,5,Skip
2,talk,61,4,14,BECAUSE (XOR (ESTIMATE Agent[01] WEREWOLF) (ESTIMATE Agent[01] POSSESSED)) (VOTE Agent[01])
2,talk,62,4,4,Skip
2,talk,63,4,2,BECAUSE (XOR (ESTIMATE Agent[01] WEREWOLF) (ESTIMATE Agent[01] POSSESSED)) (VOTE Agent[01])
2,talk,64,4,9,BECAUSE (XOR (ESTIMATE Agent[01] WEREWOLF) (ESTIMATE Agent[01] POSSESSED)) (VOTE Agent[01])
2,talk,65,5,3,Skip
2,talk,66,5,11,Skip
2,talk,67,5,1,VOTE Agent[05]
2,talk,68,5,5,Skip
2,talk,69,5,6,Skip
2,talk,70,5,12,Skip
2,talk,71,5,2,Skip
2,talk,72,5,9,Skip
2,talk,73,5,4,Over
2,talk,74,5,14,Skip
2,talk,75,5,15,Over
2,talk,76,5,8,Over
2,talk,77,5,10,BECAUSE (DIVINED Agent[01] WEREWOLF) (VOTE Agent[01])
2,talk,78,6,1,Skip
2,talk,79,6,9,Skip
2,talk,80,6,10,Skip
2,talk,81,6,15,Over
2,talk,82,6,4,Over
2,talk,83,6,2,Skip
2,talk,84,6,8,Over
2,talk,85,6,3,Skip
2,talk,86,6,11,Skip
2,talk,87,6,5,Over
2,talk,88,6,14,Skip
2,talk,89,6,6,Skip
2,talk,90,6,12,Skip
2,talk,91,7,11,Over
2,talk,92,7,2,Over
2,talk,93,7,10,Skip
2,talk,94,7,8,Over
2,talk,95,7,4,Over
2,talk,96,7,12,Over
2,talk,97,7,15,Over
2,talk,98,7,1,Skip
2,talk,99,7,3,Over
2,talk,100,7,5,Over
2,talk,101,7,6,Over
2,talk,102,7,14,Over
2,talk,103,7,9,Over
2,talk,104,8,2,Over
2,talk,105,8,8,Over
2,talk,106,8,4,Over
2,talk,107,8,11,Over
2,talk,108,8,9,Over
2,talk,109,8,6,Over
2,talk,110,8,3,Over
2,talk,111,8,10,Over
2,talk,112,8,1,Over
2,talk,113,8,12,Over
2,talk,114,8,14,Over
2,talk,115,8,15,Over
2,talk,116,8,5,Over
2,vote,1,5
2,vote,2,1
2,vote,3,1
2,vote,4,2
2,vote,5,1
2,vote,6,1
2,vote,8,12
2,vote,9,1
2,vote,10,1
2,vote,11,1
2,vote,12,1
2,vote,14,1
2,vote,15,1
2,execute,1,WEREWOLF
2,whisper,0,0,4,BECAUSE (AND (NOT (COMINGOUT Agent[10] WEREWOLF)) (COMINGOUT Agent[08] WEREWOLF) (DAY 2 (Agent[10] DIVINED Agent[08] HUMAN))) (ESTIMATE Agent[10] POSSESSED)
2,whisper,1,0,8,BECAUSE (AND (NOT (COMINGOUT Agent[10] WEREWOLF)) (COMINGOUT Agent[08] WEREWOLF) (DAY 2 (Agent[10] DIVINED Agent[08] HUMAN))) (ESTIMATE Agent[10] POSSESSED)
2,whisper,2,1,4,BECAUSE (Agent[05] COMINGOUT Agent[05] SEER) (ATTACK Agent[05])
2,whisper,3,1,8,BECAUSE (Agent[05] COMINGOUT Agent[05] SEER) (ATTACK Agent[05])
2,whisper,4,2,4,Skip
2,whisper,5,2,8,Skip
2,whisper,6,3,4,Skip
2,whisper,7,3,8,Skip
2,whisper,8,4,8,Over
2,whisper,9,4,4,Over
2,guard,15,2,VILLAGER
2,attack,2,false
3,status,1,WEREWOLF,DEAD,Sample9
3,status,2,VILLAGER,ALIVE,Sample12
3,status,3,VILLAGER,ALIVE,Sample8
3,status,4,WEREWOLF,ALIVE,Sample11
3,status,5,SEER,ALIVE,Sample7
3,status,6,VILLAGER,ALIVE,Sample10
3,status,7,VILLAGER,DEAD,Sample6
3,status,8,WEREWOLF,ALIVE,Sample5
3,status,9,VILLAGER,ALIVE,Sample4
3,status,10,POSSESSED,ALIVE,Sample3
3,status,11,VILLAGER,ALIVE,Sample14
3,status,12,VILLAGER,ALIVE,Sample2
3,status,13,MEDIUM,DEAD,Sample13
3,status,14,VILLAGER,ALIVE,Sample1
3,status,15,BODYGUARD,ALIVE,cash_dqn
3,talk,0,0,10,DAY 3 (DIVINED Agent[15] HUMAN)
3,talk,1,0,9,Skip
3,talk,2,0,14,Skip
3,talk,3,0,8,IDENTIFIED Agent[01] HUMAN
3,talk,4,0,12,Skip
3,talk,5,0,11,Skip
3,talk,6,0,3,Skip
3,talk,7,0,2,Skip
3,talk,8,0,6,Skip
3,talk,9,0,4,IDENTIFIED Agent[01] HUMAN
3,talk,10,0,15,Over
3,talk,11,0,5,BECAUSE (AND (COMINGOUT Agent[05] SEER) (Agent[10] COMINGOUT Agent[10] SEER)) (XOR (ESTIMATE Agent[10] WEREWOLF) (ESTIMATE Agent[10] POSSESSED))
3,talk,12,1,4,ESTIMATE Agent[11] WEREWOLF
3,talk,13,1,9,Skip
3,talk,14,1,2,Skip
3,talk,15,1,11,Skip
3,talk,16,1,5,Skip
3,talk,17,1,10,BECAUSE (AND (COMINGOUT Agent[10] SEER) (Agent[05] COMINGOUT Agent[05] SEER)) (XOR (ESTIMATE Agent[05] WEREWOLF) (ESTIMATE Agent[05] POSSESSED))
3,talk,18,1,14,Skip
3,talk,19,1,8,ESTIMATE Agent[14] WEREWOLF
3,talk,20,1,3,Skip
3,talk,21,1,12,Skip
3,talk,22,1,15,Over
3,talk,23,1,6,Skip
3,talk,24,2,4,VOTE Agent[11]
3,talk,25,2,5,BECAUSE (XOR (ESTIMATE Agent[10] WEREWOLF) (ESTIMATE Agent[10] POSSESSED)) (VOTE Agent[10])
3,talk,26,2,2,VOTE Agent[05]
3,talk,27,2,9,VOTE Agent[03]
3,talk,28,2,11,VOTE Agent[04]
3,talk,29,2,14,VOTE Agent[04]
3,talk,30,2,10,BECAUSE (XOR (ESTIMATE Agent[05] WEREWOLF) (ESTIMATE Agent[05] POSSESSED)) (VOTE Agent[05])
3,talk,31,2,6,VOTE Agent[09]
3,talk,32,2,12,VOTE Agent[11]
3,talk,33,2,3,VOTE Agent[06]
3,talk,34,2,8,VOTE Agent[14]
3,talk,35,2,15,Over
3,talk,36,3,8,Skip
3,talk,37,3,14,Skip
3,talk,38,3,9,Skip
3,talk,39,3,15,Over
3,talk,40,3,11,Skip
3,talk,41,3,6,Skip
3,talk,42,3,3,Skip
3,talk,43,3,12,Skip
3,talk,44,3,2,Skip
3,talk,45,3,5,Skip
3,talk,46,3,10,Skip
3,talk,47,3,4,Skip
3,talk,48,4,3,Skip
3,talk,49,4,8,Skip
3,talk,50,4,11,Skip
3,talk,51,4,2,Skip
3,talk,52,4,5,Skip
3,talk,53,4,4,Skip
3,talk,54,4,10,Skip
3,talk,55,4,12,Skip
3,talk,56,4,6,Skip
3,talk,57,4,9,Skip
3,talk,58,4,14,Skip
3,talk,59,4,15,Over
3,talk,60,5,15,Over
3,talk,61,5,4,Over
3,talk,62,5,12,Over
3,talk,63,5,6,Over
3,talk,64,5,2,Over
3,talk,65,5,10,Over
3,talk,66,5,8,Over
3,talk,67,5,14,Over
3,talk,68,5,9,Over
3,talk,69,5,3,Over
3,talk,70,5,5,Over
3,talk,71,5,11,Over
3,vote,2,5
3,vote,3,6
3,vote,4,11
3,vote,5,10
3,vote,6,9
3,vote,8,14
3,vote,9,3
3,vote,10,5
3,vote,11,4
3,vote,12,11
3,vote,14,4
3,vote,15,11
3,execute,11,VILLAGER
3,divine,5,10,HUMAN
3,whisper,0,0,4,BECAUSE (Agent[05] COMINGOUT Agent[05] SEER) (ATTACK Agent[05])
3,whisper,1,0,8,BECAUSE (Agent[05] COMINGOUT Agent[05] SEER) (ATTACK Agent[05])
3,whisper,2,1,8,Skip
3,whisper,3,1,4,Skip
3,whisper,4,2,8,Skip
3,whisper,5,2,4,Skip
3,whisper,6,3,4,Over
3,whisper,7,3,8,Over
3,guard,15,4,WEREWOLF
3,attack,12,true
4,status,1,WEREWOLF,DEAD,Sample9
4,status,2,VILLAGER,ALIVE,Sample12
4,status,3,VILLAGER,ALIVE,Sample8
4,status,4,WEREWOLF,ALIVE,Sample11
4,status,5,SEER,ALIVE,Sample7
4,status,6,VILLAGER,ALIVE,Sample10
4,status,7,VILLAGER,DEAD,Sample6
4,status,8,WEREWOLF,ALIVE,Sample5
4,status,9,VILLAGER,ALIVE,Sample4
4,status,10,POSSESSED,ALIVE,Sample3
4,status,11,VILLAGER,DEAD,Sample14
4,status,12,VILLAGER,DEAD,Sample2
4,status,13,MEDIUM,DEAD,Sample13
4,status,14,VILLAGER,ALIVE,Sample1
4,status,15,BODYGUARD,ALIVE,cash_dqn
4,talk,0,0,15,Over
4,talk,1,0,4,IDENTIFIED Agent[11] HUMAN
4,talk,2,0,14,Skip
4,talk,3,0,10,DAY 4 (DIVINED Agent[04] HUMAN)
4,talk,4,0,6,Skip
4,talk,5,0,2,Skip
4,talk,6,0,9,Skip
4,talk,7,0,5,DAY 4 (DIVINED Agent[10] HUMAN)
4,talk,8,0,3,Skip
4,talk,9,0,8,IDENTIFIED Agent[11] HUMAN
4,talk,10,1,6,Skip
4,talk,11,1,14,Skip
4,talk,12,1,10,BECAUSE (AND (DAY 2 (DIVINED Agent[01] WEREWOLF)) (DAY 3 (Agent[04] IDENTIFIED Agent[01] HUMAN))) (XOR (ESTIMATE Agent[04] WEREWOLF) (ESTIMATE Agent[04] POSSESSED))
4,talk,13,1,15,Over
4,talk,14,1,8,ESTIMATE Agent[15] WEREWOLF
4,talk,15,1,3,Skip
4,talk,16,1,2,Skip
4,talk,17,1,9,Skip
4,talk,18,1,4,ESTIMATE Agent[03] WEREWOLF
4,talk,19,1,5,BECAUSE (AND (AND (COMINGOUT Agent[05] SEER) (Agent[10] COMINGOUT Agent[10] SEER)) (DIVINED Agent[10] HUMAN)) (ESTIMATE Agent[10] POSSESSED)
4,talk,20,2,14,VOTE Agent[05]
4,talk,21,2,3,VOTE Agent[09]
4,talk,22,2,8,VOTE Agent[15]
4,talk,23,2,10,BECAUSE (XOR (ESTIMATE Agent[04] WEREWOLF) (ESTIMATE Agent[04] POSSESSED)) (VOTE Agent[04])
4,talk,24,2,2,VOTE Agent[05]
4,talk,25,2,4,VOTE Agent[03]
4,talk,26,2,9,VOTE Agent[15]
4,talk,27,2,15,Over
4,talk,28,2,5,VOTE Agent[12]
4,talk,29,2,6,VOTE Agent[15]
4,talk,30,3,10,Skip
4,talk,31,3,3,Skip
4,talk,32,3,6,Skip
4,talk,33,3,5,Skip
4,talk,34,3,14,Skip
4,talk,35,3,8,Skip
4,talk,36,3,9,Skip
4,talk,37,3,4,Skip
4,talk,38,3,15,Over
4,talk,39,3,2,Skip
4,talk,40,4,2,Skip
4,talk,41,4,3,Skip
4,talk,42,4,4,Skip
4,talk,43,4,6,Skip
4,talk,44,4,14,Skip
4,talk,45,4,15,Over
4,talk,46,4,8,Skip
4,talk,47,4,10,Skip
4,talk,48,4,5,Skip
4,talk,49,4,9,Skip
4,talk,50,5,3,Over
4,talk,51,5,10,Over
4,talk,52,5,6,Over
4,talk,53,5,8,Over
4,talk,54,5,2,Over
4,talk,55,5,15,Over
4,talk,56,5,4,Over
4,talk,57,5,14,Over
4,talk,58,5,9,Over
4,talk,59,5,5,Over
4,vote,2,5
4,vote,3,9
4,vote,4,3
4,vote,5,9
4,vote,6,15
4,vote,8,15
4,vote,9,15
4,vote,10,4
4,vote,14,5
4,vote,15,6
4,execute,15,BODYGUARD
4,divine,5,4,WEREWOLF
4,whisper,0,0,8,BECAUSE (Agent[05] COMINGOUT Agent[05] SEER) (ATTACK Agent[05])
4,whisper,1,0,4,BECAUSE (Agent[05] COMINGOUT Agent[05] SEER) (ATTACK Agent[05])
4,whisper,2,1,8,Skip
4,whisper,3,1,4,Skip
4,whisper,4,2,8,Skip
4,whisper,5,2,4,Skip
4,whisper,6,3,8,Over
4,whisper,7,3,4,Over
4,attack,5,true
5,status,1,WEREWOLF,DEAD,Sample9
5,status,2,VILLAGER,ALIVE,Sample12
5,status,3,VILLAGER,ALIVE,Sample8
5,status,4,WEREWOLF,ALIVE,Sample11
5,status,5,SEER,DEAD,Sample7
5,status,6,VILLAGER,ALIVE,Sample10
5,status,7,VILLAGER,DEAD,Sample6
5,status,8,WEREWOLF,ALIVE,Sample5
5,status,9,VILLAGER,ALIVE,Sample4
5,status,10,POSSESSED,ALIVE,Sample3
5,status,11,VILLAGER,DEAD,Sample14
5,status,12,VILLAGER,DEAD,Sample2
5,status,13,MEDIUM,DEAD,Sample13
5,status,14,VILLAGER,ALIVE,Sample1
5,status,15,BODYGUARD,DEAD,cash_dqn
5,talk,0,0,14,Skip
5,talk,1,0,8,IDENTIFIED Agent[15] WEREWOLF
5,talk,2,0,9,Skip
5,talk,3,0,3,Skip
5,talk,4,0,2,Skip
5,talk,5,0,10,DAY 5 (DIVINED Agent[03] HUMAN)
5,talk,6,0,6,Skip
5,talk,7,0,4,IDENTIFIED Agent[15] WEREWOLF
5,talk,8,1,3,Skip
5,talk,9,1,8,ESTIMATE Agent[06] WEREWOLF
5,talk,10,1,4,ESTIMATE Agent[06] WEREWOLF
5,talk,11,1,14,Skip
5,talk,12,1,6,Skip
5,talk,13,1,10,BECAUSE (AND (DAY 2 (DIVINED Agent[01] WEREWOLF)) (DAY 3 (Agent[08] IDENTIFIED Agent[01] HUMAN))) (XOR (ESTIMATE Agent[08] WEREWOLF) (ESTIMATE Agent[08] POSSESSED))
5,talk,14,1,9,Skip
5,talk,15,1,2,Skip
5,talk,16,2,2,VOTE Agent[10]
5,talk,17,2,6,VOTE Agent[08]
5,talk,18,2,8,VOTE Agent[06]
5,talk,19,2,10,BECAUSE (XOR (ESTIMATE Agent[08] WEREWOLF) (ESTIMATE Agent[08] POSSESSED)) (VOTE Agent[08])
5,talk,20,2,4,VOTE Agent[06]
5,talk,21,2,14,VOTE Agent[10]
5,talk,22,2,9,VOTE Agent[03]
5,talk,23,2,3,VOTE Agent[08]
5,talk,24,3,3,Skip
5,talk,25,3,10,Skip
5,talk,26,3,9,Skip
5,talk,27,3,6,Skip
5,talk,28,3,4,Skip
5,talk,29,3,14,Skip
5,talk,30,3,8,Skip
5,talk,31,3,2,Skip
5,talk,32,4,9,Skip
5,talk,33,4,10,Skip
5,talk,34,4,2,Skip
5,talk,35,4,14,Skip
5,talk,36,4,6,Skip
5,talk,37,4,3,Skip
5,talk,38,4,4,Skip
5,talk,39,4,8,Skip
5,talk,40,5,9,Over
5,talk,41,5,14,Over
5,talk,42,5,2,Over
5,talk,43,5,3,Over
5,talk,44,5,8,Over
5,talk,45,5,10,Over
5,talk,46,5,6,Over
5,talk,47,5,4,Over
5,vote,2,10
5,vote,3,8
5,vote,4,6
5,vote,6,8
5,vote,8,6
5,vote,9,3
5,vote,10,8
5,vote,14,10
5,execute,8,WEREWOLF
5,attackVote,4,14
5,attack,14,true
6,status,1,WEREWOLF,DEAD,Sample9
6,status,2,VILLAGER,ALIVE,Sample12
6,status,3,VILLAGER,ALIVE,Sample8
6,status,4,WEREWOLF,ALIVE,Sample11
6,status,5,SEER,DEAD,Sample7
6,status,6,VILLAGER,ALIVE,Sample10
6,status,7,VILLAGER,DEAD,Sample6
6,status,8,WEREWOLF,DEAD,Sample5
6,status,9,VILLAGER,ALIVE,Sample4
6,status,10,POSSESSED,ALIVE,Sample3
6,status,11,VILLAGER,DEAD,Sample14
6,status,12,VILLAGER,DEAD,Sample2
6,status,13,MEDIUM,DEAD,Sample13
6,status,14,VILLAGER,DEAD,Sample1
6,status,15,BODYGUARD,DEAD,cash_dqn
6,talk,0,0,9,Skip
6,talk,1,0,4,IDENTIFIED Agent[08] HUMAN
6,talk,2,0,6,Skip
6,talk,3,0,10,DAY 6 (DIVINED Agent[09] HUMAN)
6,talk,4,0,3,Skip
6,talk,5,0,2,Skip
6,talk,6,1,3,Skip
6,talk,7,1,9,Skip
6,talk,8,1,10,BECAUSE (AND (DAY 2 (DIVINED Agent[01] WEREWOLF)) (DAY 3 (Agent[04] IDENTIFIED Agent[01] HUMAN))) (XOR (ESTIMATE Agent[04] WEREWOLF) (ESTIMATE Agent[04] POSSESSED))
6,talk,9,1,4,ESTIMATE Agent[09] WEREWOLF
6,talk,10,1,2,Skip
6,talk,11,1,6,Skip
6,talk,12,2,4,VOTE Agent[09]
6,talk,13,2,10,BECAUSE (XOR (ESTIMATE Agent[04] WEREWOLF) (ESTIMATE Agent[04] POSSESSED)) (VOTE Agent[04])
6,talk,14,2,9,VOTE Agent[04]
6,talk,15,2,3,VOTE Agent[09]
6,talk,16,2,6,VOTE Agent[04]
6,talk,17,2,2,VOTE Agent[03]
6,talk,18,3,9,Skip
6,talk,19,3,2,Skip
6,talk,20,3,4,Skip
6,talk,21,3,3,Skip
6,talk,22,3,6,Skip
6,talk,23,3,10,Skip
6,talk,24,4,6,Skip
6,talk,25,4,4,Skip
6,talk,26,4,9,Skip
6,talk,27,4,3,Skip
6,talk,28,4,2,Skip
6,talk,29,4,10,Skip
6,talk,30,5,10,Over
6,talk,31,5,3,Over
6,talk,32,5,6,Over
6,talk,33,5,9,Over
6,talk,34,5,4,Over
6,talk,35,5,2,Over
6,vote,2,3
6,vote,3,9
6,vote,4,9
6,vote,6,4
6,vote,9,4
6,vote,10,4
6,execute,4,WEREWOLF
7,status,1,WEREWOLF,DEAD,Sample9
7,status,2,VILLAGER,ALIVE,Sample12
7,status,3,VILLAGER,ALIVE,Sample8
7,status,4,WEREWOLF,DEAD,Sample11
7,status,5,SEER,DEAD,Sample7
7,status,6,VILLAGER,ALIVE,Sample10
7,status,7,VILLAGER,DEAD,Sample6
7,status,8,WEREWOLF,DEAD,Sample5
7,status,9,VILLAGER,ALIVE,Sample4
7,status,10,POSSESSED,ALIVE,Sample3
7,status,11,VILLAGER,DEAD,Sample14
7,status,12,VILLAGER,DEAD,Sample2
7,status,13,MEDIUM,DEAD,Sample13
7,status,14,VILLAGER,DEAD,Sample1
7,status,15,BODYGUARD,DEAD,cash_dqn
7,result,5,0,VILLAGER
