0,status,1,VILLAGER,ALIVE,Sample9
0,status,2,VILLAGER,ALIVE,Sample12
0,status,3,VILLAGER,ALIVE,Sample8
0,status,4,VILLAGER,ALIVE,Sample11
0,status,5,VILLAGER,ALIVE,Sample7
0,status,6,MEDIUM,ALIVE,Sample10
0,status,7,POSSESSED,ALIVE,Sample6
0,status,8,WEREWOLF,ALIVE,Sample5
0,status,9,VILLAGER,ALIVE,Sample4
0,status,10,VILLAGER,ALIVE,Sample3
0,status,11,VILLAGER,ALIVE,Sample14
0,status,12,SEER,ALIVE,Sample2
0,status,13,WEREWOLF,ALIVE,Sample13
0,status,14,BODYGUARD,ALIVE,Sample1
0,status,15,WEREWOLF,ALIVE,cash_dqn
0,whisper,0,0,13,COMINGOUT Agent[13] MEDIUM
0,whisper,1,0,8,COMINGOUT Agent[08] MEDIUM
0,whisper,2,0,15,Over
0,whisper,3,1,15,Over
0,whisper,4,1,13,ATTACK Agent[05]
0,whisper,5,1,8,ATTACK Agent[05]
0,whisper,6,2,15,Over
0,whisper,7,2,8,Skip
0,whisper,8,2,13,Skip
0,whisper,9,3,13,Skip
0,whisper,10,3,15,Over
0,whisper,11,3,8,Skip
0,whisper,12,4,8,Over
0,whisper,13,4,15,Over
0,whisper,14,4,13,Over
0,divine,12,6,HUMAN
1,status,1,VILLAGER,ALIVE,Sample9
1,status,2,VILLAGER,ALIVE,Sample12
1,status,3,VILLAGER,ALIVE,Sample8
1,status,4,VILLAGER,ALIVE,Sample11
1,status,5,VILLAGER,ALIVE,Sample7
1,status,6,MEDIUM,ALIVE,Sample10
1,status,7,POSSESSED,ALIVE,Sample6
1,status,8,WEREWOLF,ALIVE,Sample5
1,status,9,VILLAGER,ALIVE,Sample4
1,status,10,VILLAGER,ALIVE,Sample3
1,status,11,VILLAGER,ALIVE,Sample14
1,status,12,SEER,ALIVE,Sample2
1,status,13,WEREWOLF,ALIVE,Sample13
1,status,14,BODYGUARD,ALIVE,Sample1
1,status,15,WEREWOLF,ALIVE,cash_dqn
1,talk,0,0,13,ESTIMATE Agent[07] WEREWOLF
1,talk,1,0,7,Skip
1,talk,2,0,4,Skip
1,talk,3,0,11,Skip
1,talk,4,0,10,Skip
1,talk,5,0,5,Skip
1,talk,6,0,9,Skip
1,talk,7,0,2,Skip
1,talk,8,0,15,Over
1,talk,9,0,6,Skip
1,talk,10,0,3,Skip
1,talk,11,0,14,Skip
1,talk,12,0,12,Skip
1,talk,13,0,1,Skip
1,talk,14,0,8,COMINGOUT Agent[08] MEDIUM
1,talk,15,1,3,Skip
1,talk,16,1,12,Skip
1,talk,17,1,14,Skip
1,talk,18,1,5,Skip
1,talk,19,1,7,Skip
1,talk,20,1,9,Skip
1,talk,21,1,2,Skip
1,talk,22,1,8,ESTIMATE Agent[12] WEREWOLF
1,talk,23,1,6,COMINGOUT Agent[06] MEDIUM
1,talk,24,1,15,Over
1,talk,25,1,11,Skip
1,talk,26,1,1,Skip
1,talk,27,1,4,Skip
1,talk,28,1,10,Skip
1,talk,29,1,13,Skip
1,talk,30,2,14,VOTE Agent[07]
1,talk,31,2,1,VOTE Agent[07]
1,talk,32,2,8,ESTIMATE Agent[06] WEREWOLF
1,talk,33,2,2,VOTE Agent[03]
1,talk,34,2,6,BECAUSE (AND (COMINGOUT Agent[06] MEDIUM) (Agent[08] COMINGOUT Agent[08] MEDIUM)) (XOR (ESTIMATE Agent[08] WEREWOLF) (ESTIMATE Agent[08] POSSESSED))
1,talk,35,2,4,VOTE Agent[12]
1,talk,36,2,5,VOTE Agent[09]
1,talk,37,2,9,VOTE Agent[04]
1,talk,38,2,11,VOTE Agent[13]
1,talk,39,2,10,VOTE Agent[06]
1,talk,40,2,12,VOTE Agent[13]
1,talk,41,2,3,VOTE Agent[12]
1,talk,42,2,15,Over
1,talk,43,2,7,VOTE Agent[02]
1,talk,44,2,13,VOTE Agent[07]
1,talk,45,3,8,VOTE Agent[06]
1,talk,46,3,4,Skip
1,talk,47,3,14,Skip
1,talk,48,3,11,Skip
1,talk,49,3,9,Skip
1,talk,50,3,10,Skip
1,talk,51,3,13,Skip
1,talk,52,3,15,Over
1,talk,53,3,1,Skip
1,talk,54,3,5,Skip
1,talk,55,3,7,Skip
1,talk,56,3,6,BECAUSE (XOR (ESTIMATE Agent[08] WEREWOLF) (ESTIMATE Agent[08] POSSESSED)) (VOTE Agent[08])
1,talk,57,3,3,Skip
1,talk,58,3,2,Skip
1,talk,59,3,12,Skip
1,talk,60,4,15,Over
1,talk,61,4,10,Skip
1,talk,62,4,8,Skip
1,talk,63,4,5,Skip
1,talk,64,4,4,Skip
1,talk,65,4,13,Skip
1,talk,66,4,3,Skip
1,talk,67,4,9,Skip
1,talk,68,4,2,Skip
1,talk,69,4,6,Skip
1,talk,70,4,11,Skip
1,talk,71,4,7,Skip
1,talk,72,4,14,Skip
1,talk,73,4,12,Skip
1,talk,74,4,1,Skip
1,talk,75,5,15,Over
1,talk,76,5,14,Over
1,talk,77,5,6,Skip
1,talk,78,5,10,Over
1,talk,79,5,1,Over
1,talk,80,5,13,Over
1,talk,81,5,4,Over
1,talk,82,5,11,Over
1,talk,83,5,2,Over
1,talk,84,5,8,Skip
1,talk,85,5,12,Over
1,talk,86,5,7,Over
1,talk,87,5,3,Over
1,talk,88,5,5,Over
1,talk,89,5,9,Over
1,talk,90,6,2,Over
1,talk,91,6,8,Over
1,talk,92,6,3,Over
1,talk,93,6,5,Over
1,talk,94,6,7,Over
1,talk,95,6,9,Over
1,talk,96,6,15,Over
1,talk,97,6,14,Over
1,talk,98,6,10,Over
1,talk,99,6,6,Over
1,talk,100,6,13,Over
1,talk,101,6,12,Over
1,talk,102,6,11,Over
1,talk,103,6,1,Over
1,talk,104,6,4,Over
1,vote,1,7
1,vote,2,3
1,vote,3,12
1,vote,4,12
1,vote,5,9
1,vote,6,8
1,vote,7,2
1,vote,8,6
1,vote,9,4
1,vote,10,6
1,vote,11,13
1,vote,12,13
1,vote,13,7
1,vote,14,7
1,vote,15,8
1,execute,7,POSSESSED
1,divine,12,2,HUMAN
1,whisper,0,0,8,BECAUSE (Agent[06] COMINGOUT Agent[06] MEDIUM) (ATTACK Agent[06])
1,whisper,1,0,15,Over
1,whisper,2,0,13,COMINGOUT Agent[13] VILLAGER
1,whisper,3,1,8,Skip
1,whisper,4,1,15,Over
1,whisper,5,1,13,BECAUSE (Agent[06] COMINGOUT Agent[06] MEDIUM) (ATTACK Agent[06])
1,whisper,6,2,13,Skip
1,whisper,7,2,8,Skip
1,whisper,8,2,15,Over
1,whisper,9,3,15,Over
1,whisper,10,3,13,Skip
1,whisper,11,3,8,Over
1,whisper,12,4,13,Over
1,whisper,13,4,8,Over
1,whisper,14,4,15,Over
1,guard,14,6,MEDIUM
1,attack,6,false
2,status,1,VILLAGER,ALIVE,Sample9
2,status,2,VILLAGER,ALIVE,Sample12
2,status,3,VILLAGER,ALIVE,Sample8
2,status,4,VILLAGER,ALIVE,Sample11
2,status,5,VILLAGER,ALIVE,Sample7
2,status,6,MEDIUM,ALIVE,Sample10
2,status,7,POSSESSED,DEAD,Sample6
2,status,8,WEREWOLF,ALIVE,Sample5
2,status,9,VILLAGER,ALIVE,Sample4
2,status,10,VILLAGER,ALIVE,Sample3
2,status,11,VILLAGER,ALIVE,Sample14
2,status,12,SEER,ALIVE,Sample2
2,status,13,WEREWOLF,ALIVE,Sample13
2,status,14,BODYGUARD,ALIVE,Sample1
2,status,15,WEREWOLF,ALIVE,cash_dqn
2,talk,0,0,15,Over
2,talk,1,0,14,Skip
2,talk,2,0,5,Skip
2,talk,3,0,1,Skip
2,talk,4,0,4,Skip
2,talk,5,0,10,Skip
2,talk,6,0,2,Skip
2,talk,7,0,13,ESTIMATE Agent[10] WEREWOLF
2,talk,8,0,8,IDENTIFIED Agent[07] HUMAN
2,talk,9,0,12,Skip
2,talk,10,0,9,Skip
2,talk,11,0,3,Skip
2,talk,12,0,6,DAY 2 (IDENTIFIED Agent[07] HUMAN)
2,talk,13,0,11,Skip
2,talk,14,1,2,Skip
2,talk,15,1,11,Skip
2,talk,16,1,6,BECAUSE (AND (COMINGOUT Agent[06] MEDIUM) (Agent[08] COMINGOUT Agent[08] MEDIUM)) (XOR (ESTIMATE Agent[08] WEREWOLF) (ESTIMATE Agent[08] POSSESSED))
2,talk,17,1,4,Skip
2,talk,18,1,14,Skip
2,talk,19,1,3,Skip
2,talk,20,1,5,Skip
2,talk,21,1,15,Over
2,talk,22,1,13,Skip
2,talk,23,1,9,Skip
2,talk,24,1,8,ESTIMATE Agent[06] WEREWOLF
2,talk,25,1,10,Skip
2,talk,26,1,1,Skip
2,talk,27,1,12,Skip
2,talk,28,2,15,Over
2,talk,29,2,10,VOTE Agent[02]
2,talk,30,2,13,VOTE Agent[10]
2,talk,31,2,11,VOTE Agent[13]
2,talk,32,2,6,BECAUSE (XOR (ESTIMATE Agent[08] WEREWOLF) (ESTIMATE Agent[08] POSSESSED)) (VOTE Agent[08])
2,talk,33,2,2,VOTE Agent[13]
2,talk,34,2,5,VOTE Agent[15]
2,talk,35,2,9,VOTE Agent[15]
2,talk,36,2,3,VOTE Agent[01]
2,talk,37,2,4,VOTE Agent[02]
2,talk,38,2,8,VOTE Agent[06]
2,talk,39,2,1,VOTE Agent[09]
2,talk,40,2,14,VOTE Agent[09]
2,talk,41,2,12,VOTE Agent[09]
2,talk,42,3,11,Skip
2,talk,43,3,2,Skip
2,talk,44,3,9,Skip
2,talk,45,3,12,Skip
2,talk,46,3,8,Skip
2,talk,47,3,13,Skip
2,talk,48,3,1,Skip
2,talk,49,3,4,Skip
2,talk,50,3,15,Over
2,talk,51,3,10,Skip
2,talk,52,3,5,Skip
2,talk,53,3,3,Skip
2,talk,54,3,6,Skip
2,talk,55,3,14,Skip
2,talk,56,4,13,Skip
2,talk,57,4,4,Skip
2,talk,58,4,1,Skip
2,talk,59,4,15,Over
2,talk,60,4,10,Skip
2,talk,61,4,8,Skip
2,talk,62,4,2,Skip
2,talk,63,4,5,Skip
2,talk,64,4,14,Skip
2,talk,65,4,11,Skip
2,talk,66,4,3,Skip
2,talk,67,4,12,Skip
2,talk,68,4,9,Skip
2,talk,69,4,6,Skip
2,talk,70,5,6,Over
2,talk,71,5,2,Over
2,talk,72,5,3,Over
2,talk,73,5,1,Over
2,talk,74,5,15,Over
2,talk,75,5,10,Over
2,talk,76,5,11,Over
2,talk,77,5,13,Over
2,talk,78,5,12,Over
2,talk,79,5,9,Over
2,talk,80,5,5,Over
2,talk,81,5,4,Over
2,talk,82,5,8,Over
2,talk,83,5,14,Over
2,vote,1,9
2,vote,2,13
2,vote,3,1
2,vote,4,2
2,vote,5,15
2,vote,6,8
2,vote,8,6
2,vote,9,15
2,vote,10,2
2,vote,11,13
2,vote,12,9
2,vote,13,10
2,vote,14,9
2,vote,15,13
2,vote,1,9
2,vote,2,13
2,vote,3,1
2,vote,4,2
2,vote,5,15
2,vote,6,8
2,vote,8,6
2,vote,9,15
2,vote,10,2
2,vote,11,13
2,vote,12,9
2,vote,13,10
2,vote,14,9
2,vote,15,10
2,execute,9,VILLAGER
2,divine,12,3,HUMAN
2,whisper,0,0,8,BECAUSE (Agent[06] COMINGOUT Agent[06] MEDIUM) (ATTACK Agent[06])
2,whisper,1,0,15,Over
2,whisper,2,0,13,BECAUSE (Agent[06] COMINGOUT Agent[06] MEDIUM) (ATTACK Agent[06])
2,whisper,3,1,13,Skip
2,whisper,4,1,15,Over
2,whisper,5,1,8,Skip
2,whisper,6,2,8,Skip
2,whisper,7,2,13,Skip
2,whisper,8,2,15,Over
2,whisper,9,3,8,Over
2,whisper,10,3,15,Over
2,whisper,11,3,13,Over
2,guard,14,6,MEDIUM
2,attackVote,15,5
2,attack,5,true
3,status,1,VILLAGER,ALIVE,Sample9
3,status,2,VILLAGER,ALIVE,Sample12
3,status,3,VILLAGER,ALIVE,Sample8
3,status,4,VILLAGER,ALIVE,Sample11
3,status,5,VILLAGER,DEAD,Sample7
3,status,6,MEDIUM,ALIVE,Sample10
3,status,7,POSSESSED,DEAD,Sample6
3,status,8,WEREWOLF,ALIVE,Sample5
3,status,9,VILLAGER,DEAD,Sample4
3,status,10,VILLAGER,ALIVE,Sample3
3,status,11,VILLAGER,ALIVE,Sample14
3,status,12,SEER,ALIVE,Sample2
3,status,13,WEREWOLF,ALIVE,Sample13
3,status,14,BODYGUARD,ALIVE,Sample1
3,status,15,WEREWOLF,ALIVE,cash_dqn
3,talk,0,0,14,Skip
3,talk,1,0,12,COMINGOUT Agent[12] SEER
3,talk,2,0,1,Skip
3,talk,3,0,3,Skip
3,talk,4,0,2,Skip
3,talk,5,0,15,Over
3,talk,6,0,4,Skip
3,talk,7,0,8,IDENTIFIED Agent[09] WEREWOLF
3,talk,8,0,10,Skip
3,talk,9,0,6,DAY 3 (IDENTIFIED Agent[09] HUMAN)
3,talk,10,0,13,ESTIMATE Agent[10] WEREWOLF
3,talk,11,0,11,Skip
3,talk,12,1,13,Skip
3,talk,13,1,10,Skip
3,talk,14,1,6,BECAUSE (AND (COMINGOUT Agent[06] MEDIUM) (Agent[08] COMINGOUT Agent[08] MEDIUM)) (XOR (ESTIMATE Agent[08] WEREWOLF) (ESTIMATE Agent[08] POSSESSED))
3,talk,15,1,11,Skip
3,talk,16,1,15,Over
3,talk,17,1,4,Skip
3,talk,18,1,8,ESTIMATE Agent[06] WEREWOLF
3,talk,19,1,12,AND (DAY 1 (DIVINED Agent[06] HUMAN)) (DAY 2 (DIVINED Agent[02] HUMAN)) (DAY 3 (DIVINED Agent[03] HUMAN))
3,talk,20,1,2,Skip
3,talk,21,1,14,Skip
3,talk,22,1,1,Skip
3,talk,23,1,3,Skip
3,talk,24,2,8,VOTE Agent[06]
3,talk,25,2,13,VOTE Agent[10]
3,talk,26,2,3,VOTE Agent[08]
3,talk,27,2,15,Over
3,talk,28,2,6,BECAUSE (XOR (ESTIMATE Agent[08] WEREWOLF) (ESTIMATE Agent[08] POSSESSED)) (VOTE Agent[08])
3,talk,29,2,2,VOTE Agent[06]
3,talk,30,2,11,VOTE Agent[01]
3,talk,31,2,10,VOTE Agent[03]
3,talk,32,2,4,VOTE Agent[15]
3,talk,33,2,12,VOTE Agent[13]
3,talk,34,2,14,VOTE Agent[03]
3,talk,35,2,1,VOTE Agent[14]
3,talk,36,3,2,Skip
3,talk,37,3,6,Skip
3,talk,38,3,11,Skip
3,talk,39,3,1,Skip
3,talk,40,3,13,Skip
3,talk,41,3,3,Skip
3,talk,42,3,12,Skip
3,talk,43,3,8,Skip
3,talk,44,3,15,Over
3,talk,45,3,10,Skip
3,talk,46,3,4,Skip
3,talk,47,3,14,Skip
3,talk,48,4,1,Skip
3,talk,49,4,15,Over
3,talk,50,4,2,Skip
3,talk,51,4,14,Skip
3,talk,52,4,13,Skip
3,talk,53,4,10,Skip
3,talk,54,4,3,Skip
3,talk,55,4,4,Skip
3,talk,56,4,11,Skip
3,talk,57,4,6,Skip
3,talk,58,4,12,Skip
3,talk,59,4,8,Skip
3,talk,60,5,4,Over
3,talk,61,5,8,Over
3,talk,62,5,13,Over
3,talk,63,5,3,Over
3,talk,64,5,6,Over
3,talk,65,5,12,Over
3,talk,66,5,10,Over
3,talk,67,5,11,Over
3,talk,68,5,14,Over
3,talk,69,5,1,Over
3,talk,70,5,2,Over
3,talk,71,5,15,Over
3,vote,1,14
3,vote,2,6
3,vote,3,8
3,vote,4,15
3,vote,6,8
3,vote,8,6
3,vote,10,3
3,vote,11,1
3,vote,12,13
3,vote,13,10
3,vote,14,3
3,vote,15,3
3,execute,3,VILLAGER
3,divine,12,11,HUMAN
3,whisper,0,0,8,BECAUSE (Agent[12] COMINGOUT Agent[12] SEER) (ATTACK Agent[12])
3,whisper,1,0,13,BECAUSE (Agent[06] COMINGOUT Agent[06] MEDIUM) (ATTACK Agent[06])
3,whisper,2,0,15,Over
3,whisper,3,1,8,Skip
3,whisper,4,1,15,Over
3,whisper,5,1,13,Skip
3,whisper,6,2,13,Skip
3,whisper,7,2,8,Skip
3,whisper,8,2,15,Over
3,whisper,9,3,13,Over
3,whisper,10,3,8,Over
3,whisper,11,3,15,Over
3,guard,14,12,SEER
3,attackVote,15,1
3,attack,1,true
4,status,1,VILLAGER,DEAD,Sample9
4,status,2,VILLAGER,ALIVE,Sample12
4,status,3,VILLAGER,DEAD,Sample8
4,status,4,VILLAGER,ALIVE,Sample11
4,status,5,VILLAGER,DEAD,Sample7
4,status,6,MEDIUM,ALIVE,Sample10
4,status,7,POSSESSED,DEAD,Sample6
4,status,8,WEREWOLF,ALIVE,Sample5
4,status,9,VILLAGER,DEAD,Sample4
4,status,10,VILLAGER,ALIVE,Sample3
4,status,11,VILLAGER,ALIVE,Sample14
4,status,12,SEER,ALIVE,Sample2
4,status,13,WEREWOLF,ALIVE,Sample13
4,status,14,BODYGUARD,ALIVE,Sample1
4,status,15,WEREWOLF,ALIVE,cash_dqn
4,talk,0,0,12,DAY 4 (DIVINED Agent[11] HUMAN)
4,talk,1,0,2,Skip
4,talk,2,0,11,Skip
4,talk,3,0,6,DAY 4 (IDENTIFIED Agent[03] HUMAN)
4,talk,4,0,13,ESTIMATE Agent[14] WEREWOLF
4,talk,5,0,4,Skip
4,talk,6,0,14,Skip
4,talk,7,0,15,Over
4,talk,8,0,8,IDENTIFIED Agent[03] HUMAN
4,talk,9,0,10,Skip
4,talk,10,1,10,Skip
4,talk,11,1,11,Skip
4,talk,12,1,2,Skip
4,talk,13,1,13,Skip
4,talk,14,1,14,Skip
4,talk,15,1,8,ESTIMATE Agent[06] WEREWOLF
4,talk,16,1,15,Over
4,talk,17,1,4,Skip
4,talk,18,1,6,BECAUSE (AND (COMINGOUT Agent[06] MEDIUM) (Agent[08] COMINGOUT Agent[08] MEDIUM)) (XOR (ESTIMATE Agent[08] WEREWOLF) (ESTIMATE Agent[08] POSSESSED))
4,talk,19,1,12,Skip
4,talk,20,2,14,VOTE Agent[12]
4,talk,21,2,11,VOTE Agent[08]
4,talk,22,2,8,VOTE Agent[06]
4,talk,23,2,12,VOTE Agent[15]
4,talk,24,2,6,BECAUSE (XOR (ESTIMATE Agent[08] WEREWOLF) (ESTIMATE Agent[08] POSSESSED)) (VOTE Agent[08])
4,talk,25,2,4,VOTE Agent[12]
4,talk,26,2,10,VOTE Agent[04]
4,talk,27,2,13,VOTE Agent[14]
4,talk,28,2,2,VOTE Agent[12]
4,talk,29,2,15,Over
4,talk,30,3,13,Skip
4,talk,31,3,11,Skip
4,talk,32,3,12,Skip
4,talk,33,3,8,Skip
4,talk,34,3,14,Skip
4,talk,35,3,15,Over
4,talk,36,3,10,Skip
4,talk,37,3,4,Skip
4,talk,38,3,6,Skip
4,talk,39,3,2,Skip
4,talk,40,4,14,Skip
4,talk,41,4,11,Skip
4,talk,42,4,10,Skip
4,talk,43,4,2,Skip
4,talk,44,4,6,Skip
4,talk,45,4,12,Skip
4,talk,46,4,15,Over
4,talk,47,4,4,Skip
4,talk,48,4,8,Skip
4,talk,49,4,13,Skip
4,talk,50,5,2,Over
4,talk,51,5,8,Over
4,talk,52,5,6,Over
4,talk,53,5,13,Over
4,talk,54,5,15,Over
4,talk,55,5,4,Over
4,talk,56,5,14,Over
4,talk,57,5,11,Over
4,talk,58,5,10,Over
4,talk,59,5,12,Over
4,vote,2,12
4,vote,4,12
4,vote,6,8
4,vote,8,6
4,vote,10,4
4,vote,11,8
4,vote,12,15
4,vote,13,14
4,vote,14,12
4,vote,15,6
4,execute,12,SEER
4,whisper,0,0,13,BECAUSE (Agent[06] COMINGOUT Agent[06] MEDIUM) (ATTACK Agent[06])
4,whisper,1,0,8,BECAUSE (Agent[06] COMINGOUT Agent[06] MEDIUM) (ATTACK Agent[06])
4,whisper,2,0,15,Over
4,whisper,3,1,8,Skip
4,whisper,4,1,15,Over
4,whisper,5,1,13,Skip
4,whisper,6,2,8,Skip
4,whisper,7,2,13,Skip
4,whisper,8,2,15,Over
4,whisper,9,3,13,Over
4,whisper,10,3,8,Over
4,whisper,11,3,15,Over
4,guard,14,8,WEREWOLF
4,attackVote,15,14
4,attack,14,true
5,status,1,VILLAGER,DEAD,Sample9
5,status,2,VILLAGER,ALIVE,Sample12
5,status,3,VILLAGER,DEAD,Sample8
5,status,4,VILLAGER,ALIVE,Sample11
5,status,5,VILLAGER,DEAD,Sample7
5,status,6,MEDIUM,ALIVE,Sample10
5,status,7,POSSESSED,DEAD,Sample6
5,status,8,WEREWOLF,ALIVE,Sample5
5,status,9,VILLAGER,DEAD,Sample4
5,status,10,VILLAGER,ALIVE,Sample3
5,status,11,VILLAGER,ALIVE,Sample14
5,status,12,SEER,DEAD,Sample2
5,status,13,WEREWOLF,ALIVE,Sample13
5,status,14,BODYGUARD,DEAD,Sample1
5,status,15,WEREWOLF,ALIVE,cash_dqn
5,talk,0,0,8,IDENTIFIED Agent[12] WEREWOLF
5,talk,1,0,6,DAY 5 (IDENTIFIED Agent[12] HUMAN)
5,talk,2,0,10,Skip
5,talk,3,0,15,Over
5,talk,4,0,11,Skip
5,talk,5,0,2,Skip
5,talk,6,0,4,Skip
5,talk,7,0,13,ESTIMATE Agent[06] WEREWOLF
5,talk,8,1,13,Skip
5,talk,9,1,4,Skip
5,talk,10,1,6,BECAUSE (AND (COMINGOUT Agent[06] MEDIUM) (Agent[08] COMINGOUT Agent[08] MEDIUM)) (XOR (ESTIMATE Agent[08] WEREWOLF) (ESTIMATE Agent[08] POSSESSED))
5,talk,11,1,11,Skip
5,talk,12,1,2,Skip
5,talk,13,1,8,ESTIMATE Agent[06] WEREWOLF
5,talk,14,1,15,Over
5,talk,15,1,10,Skip
5,talk,16,2,15,Over
5,talk,17,2,8,VOTE Agent[06]
5,talk,18,2,6,BECAUSE (XOR (ESTIMATE Agent[08] WEREWOLF) (ESTIMATE Agent[08] POSSESSED)) (VOTE Agent[08])
5,talk,19,2,13,VOTE Agent[06]
5,talk,20,2,10,VOTE Agent[11]
5,talk,21,2,2,VOTE Agent[10]
5,talk,22,2,4,VOTE Agent[08]
5,talk,23,2,11,VOTE Agent[06]
5,talk,24,3,6,Skip
5,talk,25,3,13,Skip
5,talk,26,3,11,Skip
5,talk,27,3,4,Skip
5,talk,28,3,2,Skip
5,talk,29,3,10,Skip
5,talk,30,3,15,Over
5,talk,31,3,8,Skip
5,talk,32,4,2,Skip
5,talk,33,4,13,Skip
5,talk,34,4,4,Skip
5,talk,35,4,15,Over
5,talk,36,4,8,Skip
5,talk,37,4,6,Skip
5,talk,38,4,10,Skip
5,talk,39,4,11,Skip
5,talk,40,5,6,Over
5,talk,41,5,13,Over
5,talk,42,5,8,Over
5,talk,43,5,2,Over
5,talk,44,5,15,Over
5,talk,45,5,10,Over
5,talk,46,5,11,Over
5,talk,47,5,4,Over
5,vote,2,10
5,vote,4,8
5,vote,6,8
5,vote,8,6
5,vote,10,11
5,vote,11,6
5,vote,13,6
5,vote,15,13
5,execute,6,MEDIUM
5,whisper,0,0,15,Over
5,whisper,1,0,8,ATTACK Agent[11]
5,whisper,2,0,13,ATTACK Agent[10]
5,whisper,3,1,13,Skip
5,whisper,4,1,8,Skip
5,whisper,5,1,15,Over
5,whisper,6,2,15,Over
5,whisper,7,2,13,Skip
5,whisper,8,2,8,Skip
5,whisper,9,3,8,Over
5,whisper,10,3,13,Over
5,whisper,11,3,15,Over
5,attackVote,15,4
5,attack,4,true
6,status,1,VILLAGER,DEAD,Sample9
6,status,2,VILLAGER,ALIVE,Sample12
6,status,3,VILLAGER,DEAD,Sample8
6,status,4,VILLAGER,DEAD,Sample11
6,status,5,VILLAGER,DEAD,Sample7
6,status,6,MEDIUM,DEAD,Sample10
6,status,7,POSSESSED,DEAD,Sample6
6,status,8,WEREWOLF,ALIVE,Sample5
6,status,9,VILLAGER,DEAD,Sample4
6,status,10,VILLAGER,ALIVE,Sample3
6,status,11,VILLAGER,ALIVE,Sample14
6,status,12,SEER,DEAD,Sample2
6,status,13,WEREWOLF,ALIVE,Sample13
6,status,14,BODYGUARD,DEAD,Sample1
6,status,15,WEREWOLF,ALIVE,cash_dqn
6,result,3,3,WEREWOLF
