0,status,1,VILLAGER,ALIVE,Sample9
0,status,2,WEREWOLF,ALIVE,Sample12
0,status,3,VILLAGER,ALIVE,Sample8
0,status,4,SEER,ALIVE,Sample11
0,status,5,MEDIUM,ALIVE,Sample7
0,status,6,VILLAGER,ALIVE,Sample10
0,status,7,VILLAGER,ALIVE,Sample6
0,status,8,BODYGUARD,ALIVE,Sample5
0,status,9,POSSESSED,ALIVE,Sample4
0,status,10,WEREWOLF,ALIVE,Sample3
0,status,11,VILLAGER,ALIVE,Sample14
0,status,12,VILLAGER,ALIVE,Sample2
0,status,13,VILLAGER,ALIVE,Sample13
0,status,14,VILLAGER,ALIVE,Sample1
0,status,15,WEREWOLF,ALIVE,cash_dqn
0,whisper,0,0,10,COMINGOUT Agent[10] VILLAGER
0,whisper,1,0,15,Over
0,whisper,2,0,2,COMINGOUT Agent[02] MEDIUM
0,whisper,3,1,2,ATTACK Agent[06]
0,whisper,4,1,15,Over
0,whisper,5,1,10,ATTACK Agent[04]
0,whisper,6,2,10,Skip
0,whisper,7,2,15,Over
0,whisper,8,2,2,Skip
0,whisper,9,3,15,Over
0,whisper,10,3,2,Skip
0,whisper,11,3,10,Skip
0,whisper,12,4,2,Over
0,whisper,13,4,15,Over
0,whisper,14,4,10,Over
0,divine,4,1,HUMAN
1,status,1,VILLAGER,ALIVE,Sample9
1,status,2,WEREWOLF,ALIVE,Sample12
1,status,3,VILLAGER,ALIVE,Sample8
1,status,4,SEER,ALIVE,Sample11
1,status,5,MEDIUM,ALIVE,Sample7
1,status,6,VILLAGER,ALIVE,Sample10
1,status,7,VILLAGER,ALIVE,Sample6
1,status,8,BODYGUARD,ALIVE,Sample5
1,status,9,POSSESSED,ALIVE,Sample4
1,status,10,WEREWOLF,ALIVE,Sample3
1,status,11,VILLAGER,ALIVE,Sample14
1,status,12,VILLAGER,ALIVE,Sample2
1,status,13,VILLAGER,ALIVE,Sample13
1,status,14,VILLAGER,ALIVE,Sample1
1,status,15,WEREWOLF,ALIVE,cash_dqn
1,talk,0,0,6,Skip
1,talk,1,0,11,Skip
1,talk,2,0,13,Skip
1,talk,3,0,5,Skip
1,talk,4,0,14,Skip
1,talk,5,0,15,Over
1,talk,6,0,2,ESTIMATE Agent[06] WEREWOLF
1,talk,7,0,1,Skip
1,talk,8,0,7,Skip
1,talk,9,0,12,Skip
1,talk,10,0,3,Skip
1,talk,11,0,8,Skip
1,talk,12,0,4,Skip
1,talk,13,0,10,ESTIMATE Agent[06] WEREWOLF
1,talk,14,0,9,Skip
1,talk,15,1,15,Over
1,talk,16,1,10,Skip
1,talk,17,1,11,Skip
1,talk,18,1,4,Skip
1,talk,19,1,5,Skip
1,talk,20,1,2,Skip
1,talk,21,1,3,Skip
1,talk,22,1,8,Skip
1,talk,23,1,7,Skip
1,talk,24,1,14,Skip
1,talk,25,1,9,Skip
1,talk,26,1,12,Skip
1,talk,27,1,1,Skip
1,talk,28,1,6,Skip
1,talk,29,1,13,Skip
1,talk,30,2,8,VOTE Agent[04]
1,talk,31,2,2,VOTE Agent[06]
1,talk,32,2,14,VOTE Agent[02]
1,talk,33,2,11,VOTE Agent[15]
1,talk,34,2,10,VOTE Agent[06]
1,talk,35,2,6,VOTE Agent[11]
1,talk,36,2,1,VOTE Agent[12]
1,talk,37,2,4,VOTE Agent[05]
1,talk,38,2,15,Over
1,talk,39,2,13,VOTE Agent[06]
1,talk,40,2,9,VOTE Agent[07]
1,talk,41,2,3,VOTE Agent[10]
1,talk,42,2,12,VOTE Agent[07]
1,talk,43,2,5,VOTE Agent[07]
1,talk,44,2,7,VOTE Agent[10]
1,talk,45,3,2,Skip
1,talk,46,3,12,Skip
1,talk,47,3,8,Skip
1,talk,48,3,5,Skip
1,talk,49,3,11,Skip
1,talk,50,3,6,Skip
1,talk,51,3,9,Skip
1,talk,52,3,7,Skip
1,talk,53,3,1,Skip
1,talk,54,3,13,Skip
1,talk,55,3,15,Over
1,talk,56,3,4,Skip
1,talk,57,3,14,Skip
1,talk,58,3,10,Skip
1,talk,59,3,3,Skip
1,talk,60,4,11,Skip
1,talk,61,4,14,Skip
1,talk,62,4,1,Skip
1,talk,63,4,3,Skip
1,talk,64,4,12,Skip
1,talk,65,4,8,Skip
1,talk,66,4,6,Skip
1,talk,67,4,4,Skip
1,talk,68,4,5,Skip
1,talk,69,4,9,Skip
1,talk,70,4,13,Skip
1,talk,71,4,10,Skip
1,talk,72,4,2,Skip
1,talk,73,4,15,Over
1,talk,74,4,7,Skip
1,talk,75,5,14,Over
1,talk,76,5,5,Over
1,talk,77,5,8,Over
1,talk,78,5,13,Over
1,talk,79,5,15,Over
1,talk,80,5,3,Over
1,talk,81,5,10,Over
1,talk,82,5,1,Over
1,talk,83,5,2,Over
1,talk,84,5,6,Over
1,talk,85,5,7,Over
1,talk,86,5,4,Over
1,talk,87,5,12,Over
1,talk,88,5,11,Over
1,talk,89,5,9,Over
1,vote,1,12
1,vote,2,6
1,vote,3,10
1,vote,4,5
1,vote,5,7
1,vote,6,11
1,vote,7,10
1,vote,8,4
1,vote,9,7
1,vote,10,6
1,vote,11,15
1,vote,12,7
1,vote,13,6
1,vote,14,2
1,vote,15,5
1,vote,1,12
1,vote,2,6
1,vote,3,10
1,vote,4,5
1,vote,5,7
1,vote,6,11
1,vote,7,10
1,vote,8,4
1,vote,9,7
1,vote,10,6
1,vote,11,15
1,vote,12,7
1,vote,13,6
1,vote,14,2
1,vote,15,14
1,execute,6,VILLAGER
1,divine,4,11,HUMAN
1,whisper,0,0,15,Over
1,whisper,1,0,2,ATTACK Agent[05]
1,whisper,2,0,10,ATTACK Agent[04]
1,whisper,3,1,2,Skip
1,whisper,4,1,10,Skip
1,whisper,5,1,15,Over
1,whisper,6,2,2,Skip
1,whisper,7,2,15,Over
1,whisper,8,2,10,Skip
1,whisper,9,3,10,Over
1,whisper,10,3,15,Over
1,whisper,11,3,2,Over
1,guard,8,9,POSSESSED
1,attackVote,15,8
1,attack,8,true
2,status,1,VILLAGER,ALIVE,Sample9
2,status,2,WEREWOLF,ALIVE,Sample12
2,status,3,VILLAGER,ALIVE,Sample8
2,status,4,SEER,ALIVE,Sample11
2,status,5,MEDIUM,ALIVE,Sample7
2,status,6,VILLAGER,DEAD,Sample10
2,status,7,VILLAGER,ALIVE,Sample6
2,status,8,BODYGUARD,DEAD,Sample5
2,status,9,POSSESSED,ALIVE,Sample4
2,status,10,WEREWOLF,ALIVE,Sample3
2,status,11,VILLAGER,ALIVE,Sample14
2,status,12,VILLAGER,ALIVE,Sample2
2,status,13,VILLAGER,ALIVE,Sample13
2,status,14,VILLAGER,ALIVE,Sample1
2,status,15,WEREWOLF,ALIVE,cash_dqn
2,talk,0,0,5,Skip
2,talk,1,0,12,Skip
2,talk,2,0,11,Skip
2,talk,3,0,13,Skip
2,talk,4,0,10,ESTIMATE Agent[03] WEREWOLF
2,talk,5,0,15,Over
2,talk,6,0,14,Skip
2,talk,7,0,9,Skip
2,talk,8,0,3,Skip
2,talk,9,0,1,Skip
2,talk,10,0,4,Skip
2,talk,11,0,2,ESTIMATE Agent[07] WEREWOLF
2,talk,12,0,7,Skip
2,talk,13,1,13,Skip
2,talk,14,1,11,Skip
2,talk,15,1,5,Skip
2,talk,16,1,7,Skip
2,talk,17,1,14,Skip
2,talk,18,1,12,Skip
2,talk,19,1,1,Skip
2,talk,20,1,10,Skip
2,talk,21,1,9,Skip
2,talk,22,1,2,Skip
2,talk,23,1,15,Over
2,talk,24,1,4,Skip
2,talk,25,1,3,Skip
2,talk,26,2,14,VOTE Agent[02]
2,talk,27,2,5,VOTE Agent[07]
2,talk,28,2,11,VOTE Agent[15]
2,talk,29,2,1,VOTE Agent[11]
2,talk,30,2,10,VOTE Agent[03]
2,talk,31,2,4,VOTE Agent[08]
2,talk,32,2,7,VOTE Agent[02]
2,talk,33,2,2,VOTE Agent[07]
2,talk,34,2,13,VOTE Agent[03]
2,talk,35,2,3,VOTE Agent[12]
2,talk,36,2,9,VOTE Agent[03]
2,talk,37,2,15,Over
2,talk,38,2,12,VOTE Agent[11]
2,talk,39,3,5,Skip
2,talk,40,3,13,Skip
2,talk,41,3,2,Skip
2,talk,42,3,15,Over
2,talk,43,3,9,Skip
2,talk,44,3,14,Skip
2,talk,45,3,3,Skip
2,talk,46,3,7,Skip
2,talk,47,3,12,Skip
2,talk,48,3,11,Skip
2,talk,49,3,1,Skip
2,talk,50,3,4,Skip
2,talk,51,3,10,Skip
2,talk,52,4,15,Over
2,talk,53,4,13,Skip
2,talk,54,4,2,Skip
2,talk,55,4,7,Skip
2,talk,56,4,14,Skip
2,talk,57,4,12,Skip
2,talk,58,4,4,Skip
2,talk,59,4,10,Skip
2,talk,60,4,5,Skip
2,talk,61,4,3,Skip
2,talk,62,4,1,Skip
2,talk,63,4,9,Skip
2,talk,64,4,11,Skip
2,talk,65,5,13,Over
2,talk,66,5,2,Over
2,talk,67,5,10,Over
2,talk,68,5,5,Over
2,talk,69,5,15,Over
2,talk,70,5,12,Over
2,talk,71,5,7,Over
2,talk,72,5,1,Over
2,talk,73,5,3,Over
2,talk,74,5,14,Over
2,talk,75,5,9,Over
2,talk,76,5,11,Over
2,talk,77,5,4,Over
2,vote,1,11
2,vote,2,7
2,vote,3,12
2,vote,4,14
2,vote,5,7
2,vote,7,2
2,vote,9,3
2,vote,10,3
2,vote,11,15
2,vote,12,11
2,vote,13,3
2,vote,14,2
2,vote,15,10
2,execute,3,VILLAGER
2,divine,4,9,HUMAN
2,whisper,0,0,10,ATTACK Agent[05]
2,whisper,1,0,15,Over
2,whisper,2,0,2,ATTACK Agent[05]
2,whisper,3,1,15,Over
2,whisper,4,1,2,Skip
2,whisper,5,1,10,Skip
2,whisper,6,2,15,Over
2,whisper,7,2,2,Skip
2,whisper,8,2,10,Skip
2,whisper,9,3,15,Over
2,whisper,10,3,10,Over
2,whisper,11,3,2,Over
2,attackVote,15,11
2,attack,11,true
3,status,1,VILLAGER,ALIVE,Sample9
3,status,2,WEREWOLF,ALIVE,Sample12
3,status,3,VILLAGER,DEAD,Sample8
3,status,4,SEER,ALIVE,Sample11
3,status,5,MEDIUM,ALIVE,Sample7
3,status,6,VILLAGER,DEAD,Sample10
3,status,7,VILLAGER,ALIVE,Sample6
3,status,8,BODYGUARD,DEAD,Sample5
3,status,9,POSSESSED,ALIVE,Sample4
3,status,10,WEREWOLF,ALIVE,Sample3
3,status,11,VILLAGER,DEAD,Sample14
3,status,12,VILLAGER,ALIVE,Sample2
3,status,13,VILLAGER,ALIVE,Sample13
3,status,14,VILLAGER,ALIVE,Sample1
3,status,15,WEREWOLF,ALIVE,cash_dqn
3,talk,0,0,1,Skip
3,talk,1,0,9,Skip
3,talk,2,0,14,Skip
3,talk,3,0,13,Skip
3,talk,4,0,4,COMINGOUT Agent[04] SEER
3,talk,5,0,2,COMINGOUT Agent[02] MEDIUM
3,talk,6,0,7,Skip
3,talk,7,0,10,ESTIMATE Agent[04] WEREWOLF
3,talk,8,0,12,Skip
3,talk,9,0,15,Over
3,talk,10,0,5,COMINGOUT Agent[05] MEDIUM
3,talk,11,1,1,Skip
3,talk,12,1,9,COMINGOUT Agent[09] SEER
3,talk,13,1,5,AND (DAY 2 (IDENTIFIED Agent[06] HUMAN)) (DAY 3 (IDENTIFIED Agent[03] HUMAN))
3,talk,14,1,4,AND (DAY 1 (DIVINED Agent[01] HUMAN)) (DAY 2 (DIVINED Agent[11] HUMAN)) (DAY 3 (DIVINED Agent[09] HUMAN))
3,talk,15,1,2,ESTIMATE Agent[05] WEREWOLF
3,talk,16,1,14,Skip
3,talk,17,1,10,Skip
3,talk,18,1,15,Over
3,talk,19,1,13,Skip
3,talk,20,1,12,Skip
3,talk,21,1,7,Skip
3,talk,22,2,5,BECAUSE (AND (COMINGOUT Agent[05] MEDIUM) (Agent[02] COMINGOUT Agent[02] MEDIUM)) (XOR (ESTIMATE Agent[02] WEREWOLF) (ESTIMATE Agent[02] POSSESSED))
3,talk,23,2,2,IDENTIFIED Agent[06] HUMAN
3,talk,24,2,9,AND (DAY 1 (DIVINED Agent[07] HUMAN)) (DAY 2 (DIVINED Agent[05] HUMAN)) (DAY 3 (DIVINED Agent[04] WEREWOLF))
3,talk,25,2,7,VOTE Agent[04]
3,talk,26,2,4,BECAUSE (AND (AND (COMINGOUT Agent[04] SEER) (Agent[09] COMINGOUT Agent[09] SEER)) (DIVINED Agent[09] HUMAN)) (ESTIMATE Agent[09] POSSESSED)
3,talk,27,2,10,VOTE Agent[04]
3,talk,28,2,13,VOTE Agent[05]
3,talk,29,2,14,VOTE Agent[09]
3,talk,30,2,1,VOTE Agent[02]
3,talk,31,2,12,VOTE Agent[10]
3,talk,32,2,15,Over
3,talk,33,3,5,BECAUSE (XOR (ESTIMATE Agent[02] WEREWOLF) (ESTIMATE Agent[02] POSSESSED)) (VOTE Agent[02])
3,talk,34,3,10,Skip
3,talk,35,3,9,VOTE Agent[04]
3,talk,36,3,7,Skip
3,talk,37,3,15,Over
3,talk,38,3,14,Skip
3,talk,39,3,13,Skip
3,talk,40,3,12,Skip
3,talk,41,3,1,Skip
3,talk,42,3,4,VOTE Agent[15]
3,talk,43,3,2,IDENTIFIED Agent[03] WEREWOLF
3,talk,44,4,14,Skip
3,talk,45,4,4,Skip
3,talk,46,4,2,VOTE Agent[05]
3,talk,47,4,15,Over
3,talk,48,4,5,Skip
3,talk,49,4,12,Skip
3,talk,50,4,7,Skip
3,talk,51,4,1,Skip
3,talk,52,4,13,Skip
3,talk,53,4,10,Skip
3,talk,54,4,9,Skip
3,talk,55,5,1,Over
3,talk,56,5,5,Skip
3,talk,57,5,13,Over
3,talk,58,5,2,Skip
3,talk,59,5,12,Over
3,talk,60,5,15,Over
3,talk,61,5,14,Over
3,talk,62,5,10,Over
3,talk,63,5,7,Over
3,talk,64,5,9,Skip
3,talk,65,5,4,Skip
3,talk,66,6,4,Over
3,talk,67,6,12,Over
3,talk,68,6,5,Over
3,talk,69,6,15,Over
3,talk,70,6,9,Over
3,talk,71,6,1,Over
3,talk,72,6,10,Over
3,talk,73,6,13,Over
3,talk,74,6,2,Skip
3,talk,75,6,7,Over
3,talk,76,6,14,Over
3,talk,77,7,15,Over
3,talk,78,7,5,Over
3,talk,79,7,14,Over
3,talk,80,7,10,Over
3,talk,81,7,13,Over
3,talk,82,7,2,Over
3,talk,83,7,12,Over
3,talk,84,7,9,Over
3,talk,85,7,7,Over
3,talk,86,7,1,Over
3,talk,87,7,4,Over
3,vote,1,2
3,vote,2,5
3,vote,4,15
3,vote,5,2
3,vote,7,4
3,vote,9,4
3,vote,10,4
3,vote,12,10
3,vote,13,5
3,vote,14,9
3,vote,15,5
3,vote,1,2
3,vote,2,5
3,vote,4,15
3,vote,5,2
3,vote,7,4
3,vote,9,4
3,vote,10,4
3,vote,12,10
3,vote,13,5
3,vote,14,9
3,vote,15,12
3,execute,4,SEER
3,whisper,0,0,10,BECAUSE (AND (NOT (COMINGOUT Agent[09] WEREWOLF)) (NOT (COMINGOUT Agent[04] WEREWOLF)) (DAY 3 (Agent[09] DIVINED Agent[04] WEREWOLF))) (ESTIMATE Agent[09] POSSESSED)
3,whisper,1,0,15,Over
3,whisper,2,0,2,BECAUSE (AND (NOT (COMINGOUT Agent[09] WEREWOLF)) (NOT (COMINGOUT Agent[04] WEREWOLF)) (DAY 3 (Agent[09] DIVINED Agent[04] WEREWOLF))) (ESTIMATE Agent[09] POSSESSED)
3,whisper,3,1,15,Over
3,whisper,4,1,2,BECAUSE (Agent[05] COMINGOUT Agent[05] MEDIUM) (ATTACK Agent[05])
3,whisper,5,1,10,BECAUSE (Agent[05] COMINGOUT Agent[05] MEDIUM) (ATTACK Agent[05])
3,whisper,6,2,15,Over
3,whisper,7,2,2,Skip
3,whisper,8,2,10,Skip
3,whisper,9,3,2,Skip
3,whisper,10,3,15,Over
3,whisper,11,3,10,Skip
3,whisper,12,4,10,Over
3,whisper,13,4,15,Over
3,whisper,14,4,2,Over
3,attackVote,15,12
3,attack,12,true
4,status,1,VILLAGER,ALIVE,Sample9
4,status,2,WEREWOLF,ALIVE,Sample12
4,status,3,VILLAGER,DEAD,Sample8
4,status,4,SEER,DEAD,Sample11
4,status,5,MEDIUM,ALIVE,Sample7
4,status,6,VILLAGER,DEAD,Sample10
4,status,7,VILLAGER,ALIVE,Sample6
4,status,8,BODYGUARD,DEAD,Sample5
4,status,9,POSSESSED,ALIVE,Sample4
4,status,10,WEREWOLF,ALIVE,Sample3
4,status,11,VILLAGER,DEAD,Sample14
4,status,12,VILLAGER,DEAD,Sample2
4,status,13,VILLAGER,ALIVE,Sample13
4,status,14,VILLAGER,ALIVE,Sample1
4,status,15,WEREWOLF,ALIVE,cash_dqn
4,talk,0,0,15,Over
4,talk,1,0,2,IDENTIFIED Agent[04] WEREWOLF
4,talk,2,0,1,Skip
4,talk,3,0,13,Skip
4,talk,4,0,14,Skip
4,talk,5,0,10,ESTIMATE Agent[13] WEREWOLF
4,talk,6,0,5,DAY 4 (IDENTIFIED Agent[04] HUMAN)
4,talk,7,0,9,DAY 4 (DIVINED Agent[02] HUMAN)
4,talk,8,0,7,Skip
4,talk,9,1,5,BECAUSE (AND (COMINGOUT Agent[05] MEDIUM) (Agent[02] COMINGOUT Agent[02] MEDIUM)) (XOR (ESTIMATE Agent[02] WEREWOLF) (ESTIMATE Agent[02] POSSESSED))
4,talk,10,1,1,Skip
4,talk,11,1,14,Skip
4,talk,12,1,13,Skip
4,talk,13,1,10,Skip
4,talk,14,1,2,ESTIMATE Agent[05] WEREWOLF
4,talk,15,1,7,Skip
4,talk,16,1,9,BECAUSE (AND (DAY 3 (DIVINED Agent[04] WEREWOLF)) (DAY 4 (Agent[05] IDENTIFIED Agent[04] HUMAN))) (XOR (ESTIMATE Agent[05] WEREWOLF) (ESTIMATE Agent[05] POSSESSED))
4,talk,17,1,15,Over
4,talk,18,2,10,VOTE Agent[13]
4,talk,19,2,5,BECAUSE (XOR (ESTIMATE Agent[02] WEREWOLF) (ESTIMATE Agent[02] POSSESSED)) (VOTE Agent[02])
4,talk,20,2,7,VOTE Agent[02]
4,talk,21,2,1,VOTE Agent[13]
4,talk,22,2,14,VOTE Agent[05]
4,talk,23,2,13,VOTE Agent[10]
4,talk,24,2,9,BECAUSE (XOR (ESTIMATE Agent[05] WEREWOLF) (ESTIMATE Agent[05] POSSESSED)) (VOTE Agent[05])
4,talk,25,2,15,Over
4,talk,26,2,2,VOTE Agent[05]
4,talk,27,3,2,Skip
4,talk,28,3,10,Skip
4,talk,29,3,13,Skip
4,talk,30,3,1,Skip
4,talk,31,3,15,Over
4,talk,32,3,9,Skip
4,talk,33,3,14,Skip
4,talk,34,3,7,Skip
4,talk,35,3,5,Skip
4,talk,36,4,1,Skip
4,talk,37,4,13,Skip
4,talk,38,4,2,Skip
4,talk,39,4,15,Over
4,talk,40,4,9,Skip
4,talk,41,4,7,Skip
4,talk,42,4,14,Skip
4,talk,43,4,10,Skip
4,talk,44,4,5,Skip
4,talk,45,5,14,Over
4,talk,46,5,15,Over
4,talk,47,5,9,Over
4,talk,48,5,7,Over
4,talk,49,5,1,Over
4,talk,50,5,5,Over
4,talk,51,5,10,Over
4,talk,52,5,13,Over
4,talk,53,5,2,Over
4,vote,1,13
4,vote,2,5
4,vote,5,2
4,vote,7,2
4,vote,9,5
4,vote,10,13
4,vote,13,10
4,vote,14,5
4,vote,15,1
4,execute,5,MEDIUM
4,whisper,0,0,2,ATTACK Agent[14]
4,whisper,1,0,10,ATTACK Agent[13]
4,whisper,2,0,15,Over
4,whisper,3,1,15,Over
4,whisper,4,1,10,Skip
4,whisper,5,1,2,Skip
4,whisper,6,2,2,Skip
4,whisper,7,2,10,Skip
4,whisper,8,2,15,Over
4,whisper,9,3,2,Over
4,whisper,10,3,10,Over
4,whisper,11,3,15,Over
4,attackVote,15,14
4,attack,14,true
5,status,1,VILLAGER,ALIVE,Sample9
5,status,2,WEREWOLF,ALIVE,Sample12
5,status,3,VILLAGER,DEAD,Sample8
5,status,4,SEER,DEAD,Sample11
5,status,5,MEDIUM,DEAD,Sample7
5,status,6,VILLAGER,DEAD,Sample10
5,status,7,VILLAGER,ALIVE,Sample6
5,status,8,BODYGUARD,DEAD,Sample5
5,status,9,POSSESSED,ALIVE,Sample4
5,status,10,WEREWOLF,ALIVE,Sample3
5,status,11,VILLAGER,DEAD,Sample14
5,status,12,VILLAGER,DEAD,Sample2
5,status,13,VILLAGER,ALIVE,Sample13
5,status,14,VILLAGER,DEAD,Sample1
5,status,15,WEREWOLF,ALIVE,cash_dqn
5,talk,0,0,10,ESTIMATE Agent[13] WEREWOLF
5,talk,1,0,1,Skip
5,talk,2,0,9,DAY 5 (DIVINED Agent[01] HUMAN)
5,talk,3,0,13,Skip
5,talk,4,0,15,Over
5,talk,5,0,2,IDENTIFIED Agent[05] WEREWOLF
5,talk,6,0,7,Skip
5,talk,7,1,1,Skip
5,talk,8,1,2,ESTIMATE Agent[13] WEREWOLF
5,talk,9,1,7,Skip
5,talk,10,1,9,BECAUSE (AND (DAY 2 (DIVINED Agent[05] HUMAN)) (DAY 5 (Agent[02] IDENTIFIED Agent[05] WEREWOLF))) (XOR (ESTIMATE Agent[02] WEREWOLF) (ESTIMATE Agent[02] POSSESSED))
5,talk,11,1,15,Over
5,talk,12,1,13,Skip
5,talk,13,1,10,Skip
5,talk,14,2,9,BECAUSE (XOR (ESTIMATE Agent[02] WEREWOLF) (ESTIMATE Agent[02] POSSESSED)) (VOTE Agent[02])
5,talk,15,2,13,VOTE Agent[15]
5,talk,16,2,7,VOTE Agent[15]
5,talk,17,2,15,Over
5,talk,18,2,2,VOTE Agent[13]
5,talk,19,2,1,VOTE Agent[02]
5,talk,20,2,10,VOTE Agent[13]
5,talk,21,3,7,Skip
5,talk,22,3,10,Skip
5,talk,23,3,9,Skip
5,talk,24,3,15,Over
5,talk,25,3,2,Skip
5,talk,26,3,1,Skip
5,talk,27,3,13,Skip
5,talk,28,4,13,Skip
5,talk,29,4,15,Over
5,talk,30,4,2,Skip
5,talk,31,4,9,Skip
5,talk,32,4,1,Skip
5,talk,33,4,10,Skip
5,talk,34,4,7,Skip
5,talk,35,5,15,Over
5,talk,36,5,7,Over
5,talk,37,5,13,Over
5,talk,38,5,9,Over
5,talk,39,5,2,Over
5,talk,40,5,1,Over
5,talk,41,5,10,Over
5,vote,1,2
5,vote,2,13
5,vote,7,15
5,vote,9,2
5,vote,10,13
5,vote,13,15
5,vote,15,1
5,vote,1,2
5,vote,2,13
5,vote,7,15
5,vote,9,2
5,vote,10,13
5,vote,13,15
5,vote,15,10
5,execute,13,VILLAGER
5,whisper,0,0,2,ATTACK Agent[01]
5,whisper,1,0,15,Over
5,whisper,2,0,10,ATTACK Agent[01]
5,whisper,3,1,10,Skip
5,whisper,4,1,15,Over
5,whisper,5,1,2,Skip
5,whisper,6,2,15,Over
5,whisper,7,2,2,Skip
5,whisper,8,2,10,Skip
5,whisper,9,3,2,Over
5,whisper,10,3,10,Over
5,whisper,11,3,15,Over
5,attackVote,15,9
5,attack,9,true
6,status,1,VILLAGER,ALIVE,Sample9
6,status,2,WEREWOLF,ALIVE,Sample12
6,status,3,VILLAGER,DEAD,Sample8
6,status,4,SEER,DEAD,Sample11
6,status,5,MEDIUM,DEAD,Sample7
6,status,6,VILLAGER,DEAD,Sample10
6,status,7,VILLAGER,ALIVE,Sample6
6,status,8,BODYGUARD,DEAD,Sample5
6,status,9,POSSESSED,DEAD,Sample4
6,status,10,WEREWOLF,ALIVE,Sample3
6,status,11,VILLAGER,DEAD,Sample14
6,status,12,VILLAGER,DEAD,Sample2
6,status,13,VILLAGER,DEAD,Sample13
6,status,14,VILLAGER,DEAD,Sample1
6,status,15,WEREWOLF,ALIVE,cash_dqn
6,result,2,3,WEREWOLF
