0,status,1,SEER,ALIVE,Sample9
0,status,2,VILLAGER,ALIVE,Sample12
0,status,3,VILLAGER,ALIVE,Sample8
0,status,4,VILLAGER,ALIVE,Sample11
0,status,5,WEREWOLF,ALIVE,Sample7
0,status,6,VILLAGER,ALIVE,Sample10
0,status,7,VILLAGER,ALIVE,Sample6
0,status,8,VILLAGER,ALIVE,Sample5
0,status,9,WEREWOLF,ALIVE,Sample4
0,status,10,BODYGUARD,ALIVE,Sample3
0,status,11,VILLAGER,ALIVE,Sample14
0,status,12,POSSESSED,ALIVE,Sample2
0,status,13,MEDIUM,ALIVE,Sample13
0,status,14,WEREWOLF,ALIVE,Sample1
0,status,15,VILLAGER,ALIVE,cash_dqn
0,whisper,0,0,9,COMINGOUT Agent[09] VILLAGER
0,whisper,1,0,14,COMINGOUT Agent[14] SEER
0,whisper,2,0,5,COMINGOUT Agent[05] VILLAGER
0,whisper,3,1,9,ATTACK Agent[07]
0,whisper,4,1,5,ATTACK Agent[08]
0,whisper,5,1,14,ATTACK Agent[02]
0,whisper,6,2,9,Skip
0,whisper,7,2,5,Skip
0,whisper,8,2,14,Skip
0,whisper,9,3,14,Skip
0,whisper,10,3,5,Skip
0,whisper,11,3,9,Skip
0,whisper,12,4,9,Over
0,whisper,13,4,5,Over
0,whisper,14,4,14,Over
0,divine,1,3,HUMAN
1,status,1,SEER,ALIVE,Sample9
1,status,2,VILLAGER,ALIVE,Sample12
1,status,3,VILLAGER,ALIVE,Sample8
1,status,4,VILLAGER,ALIVE,Sample11
1,status,5,WEREWOLF,ALIVE,Sample7
1,status,6,VILLAGER,ALIVE,Sample10
1,status,7,VILLAGER,ALIVE,Sample6
1,status,8,VILLAGER,ALIVE,Sample5
1,status,9,WEREWOLF,ALIVE,Sample4
1,status,10,BODYGUARD,ALIVE,Sample3
1,status,11,VILLAGER,ALIVE,Sample14
1,status,12,POSSESSED,ALIVE,Sample2
1,status,13,MEDIUM,ALIVE,Sample13
1,status,14,WEREWOLF,ALIVE,Sample1
1,status,15,VILLAGER,ALIVE,cash_dqn
1,talk,0,0,7,Skip
1,talk,1,0,10,Skip
1,talk,2,0,13,Skip
1,talk,3,0,2,Skip
1,talk,4,0,14,ESTIMATE Agent[11] WEREWOLF
1,talk,5,0,11,Skip
1,talk,6,0,1,COMINGOUT Agent[01] SEER
1,talk,7,0,5,ESTIMATE Agent[10] WEREWOLF
1,talk,8,0,3,Skip
1,talk,9,0,15,Skip
1,talk,10,0,4,Skip
1,talk,11,0,12,Skip
1,talk,12,0,6,Skip
1,talk,13,0,8,Skip
1,talk,14,0,9,ESTIMATE Agent[11] WEREWOLF
1,talk,15,1,15,VOTE Agent[10]
1,talk,16,1,2,Skip
1,talk,17,1,10,Skip
1,talk,18,1,12,COMINGOUT Agent[12] SEER
1,talk,19,1,11,Skip
1,talk,20,1,7,Skip
1,talk,21,1,5,Skip
1,talk,22,1,13,Skip
1,talk,23,1,6,Skip
1,talk,24,1,9,Skip
1,talk,25,1,8,Skip
1,talk,26,1,14,COMINGOUT Agent[14] SEER
1,talk,27,1,4,Skip
1,talk,28,1,3,Skip
1,talk,29,1,1,DAY 1 (DIVINED Agent[03] HUMAN)
1,talk,30,2,12,DAY 1 (DIVINED Agent[01] WEREWOLF)
1,talk,31,2,11,VOTE Agent[09]
1,talk,32,2,6,VOTE Agent[07]
1,talk,33,2,9,VOTE Agent[11]
1,talk,34,2,1,BECAUSE (AND (COMINGOUT Agent[01] SEER) (Agent[12] COMINGOUT Agent[12] SEER)) (XOR (ESTIMATE Agent[12] WEREWOLF) (ESTIMATE Agent[12] POSSESSED))
1,talk,35,2,13,VOTE Agent[15]
1,talk,36,2,2,VOTE Agent[04]
1,talk,37,2,14,DIVINED Agent[11] WEREWOLF
1,talk,38,2,10,VOTE Agent[04]
1,talk,39,2,4,VOTE Agent[15]
1,talk,40,2,3,VOTE Agent[05]
1,talk,41,2,15,Skip
1,talk,42,2,8,VOTE Agent[11]
1,talk,43,2,7,VOTE Agent[13]
1,talk,44,2,5,VOTE Agent[10]
1,talk,45,3,15,Skip
1,talk,46,3,8,Skip
1,talk,47,3,9,Skip
1,talk,48,3,6,Skip
1,talk,49,3,10,Skip
1,talk,50,3,2,Skip
1,talk,51,3,1,BECAUSE (XOR (ESTIMATE Agent[12] WEREWOLF) (ESTIMATE Agent[12] POSSESSED)) (VOTE Agent[12])
1,talk,52,3,13,Skip
1,talk,53,3,12,BECAUSE (DAY 1 (DIVINED Agent[01] WEREWOLF)) (REQUEST ANY (VOTE Agent[01]))
1,talk,54,3,14,VOTE Agent[11]
1,talk,55,3,4,Skip
1,talk,56,3,7,Skip
1,talk,57,3,11,BECAUSE (AND (COMINGOUT Agent[11] VILLAGER) (DAY 1 (Agent[14] DIVINED Agent[11] WEREWOLF))) (XOR (ESTIMATE Agent[14] WEREWOLF) (ESTIMATE Agent[14] POSSESSED))
1,talk,58,3,5,Skip
1,talk,59,3,3,Skip
1,talk,60,4,10,Skip
1,talk,61,4,11,BECAUSE (XOR (ESTIMATE Agent[14] WEREWOLF) (ESTIMATE Agent[14] POSSESSED)) (VOTE Agent[14])
1,talk,62,4,1,Skip
1,talk,63,4,8,Skip
1,talk,64,4,5,Skip
1,talk,65,4,15,Over
1,talk,66,4,9,Skip
1,talk,67,4,3,Skip
1,talk,68,4,7,Skip
1,talk,69,4,13,Skip
1,talk,70,4,6,Skip
1,talk,71,4,4,Skip
1,talk,72,4,14,Skip
1,talk,73,4,12,INQUIRE ANY (VOTE Agent[01])
1,talk,74,4,2,Skip
1,talk,75,5,12,BECAUSE (DIVINED Agent[01] WEREWOLF) (VOTE Agent[01])
1,talk,76,5,7,Over
1,talk,77,5,3,Over
1,talk,78,5,4,Over
1,talk,79,5,9,Over
1,talk,80,5,10,Over
1,talk,81,5,1,Skip
1,talk,82,5,8,Over
1,talk,83,5,15,Over
1,talk,84,5,13,Over
1,talk,85,5,14,Skip
1,talk,86,5,6,Over
1,talk,87,5,5,Over
1,talk,88,5,2,Over
1,talk,89,5,11,Skip
1,talk,90,6,15,Over
1,talk,91,6,1,Over
1,talk,92,6,3,Over
1,talk,93,6,12,Skip
1,talk,94,6,2,Over
1,talk,95,6,7,Over
1,talk,96,6,14,Over
1,talk,97,6,6,Over
1,talk,98,6,11,Skip
1,talk,99,6,13,Over
1,talk,100,6,9,Over
1,talk,101,6,4,Over
1,talk,102,6,10,Over
1,talk,103,6,8,Over
1,talk,104,6,5,Over
1,talk,105,7,9,Over
1,talk,106,7,2,Over
1,talk,107,7,4,Over
1,talk,108,7,5,Over
1,talk,109,7,3,Over
1,talk,110,7,14,Over
1,talk,111,7,7,Over
1,talk,112,7,13,Over
1,talk,113,7,6,Over
1,talk,114,7,10,Over
1,talk,115,7,11,Over
1,talk,116,7,15,Over
1,talk,117,7,1,Over
1,talk,118,7,12,Skip
1,talk,119,7,8,Over
1,talk,120,8,14,Over
1,talk,121,8,10,Over
1,talk,122,8,2,Over
1,talk,123,8,7,Over
1,talk,124,8,6,Over
1,talk,125,8,4,Over
1,talk,126,8,5,Over
1,talk,127,8,12,Over
1,talk,128,8,8,Over
1,talk,129,8,15,Over
1,talk,130,8,1,Over
1,talk,131,8,9,Over
1,talk,132,8,3,Over
1,talk,133,8,13,Over
1,talk,134,8,11,Over
1,vote,1,12
1,vote,2,4
1,vote,3,5
1,vote,4,15
1,vote,5,10
1,vote,6,7
1,vote,7,13
1,vote,8,11
1,vote,9,11
1,vote,10,4
1,vote,11,14
1,vote,12,1
1,vote,13,15
1,vote,14,11
1,vote,15,11
1,execute,11,VILLAGER
1,divine,1,14,WEREWOLF
1,whisper,0,0,5,BECAUSE (AND (NOT (COMINGOUT Agent[12] WEREWOLF)) (NOT (COMINGOUT Agent[01] WEREWOLF)) (DAY 1 (Agent[12] DIVINED Agent[01] WEREWOLF))) (ESTIMATE Agent[12] POSSESSED)
1,whisper,1,0,9,BECAUSE (AND (NOT (COMINGOUT Agent[12] WEREWOLF)) (NOT (COMINGOUT Agent[01] WEREWOLF)) (DAY 1 (Agent[12] DIVINED Agent[01] WEREWOLF))) (ESTIMATE Agent[12] POSSESSED)
1,whisper,2,0,14,BECAUSE (AND (NOT (COMINGOUT Agent[12] WEREWOLF)) (NOT (COMINGOUT Agent[01] WEREWOLF)) (DAY 1 (Agent[12] DIVINED Agent[01] WEREWOLF))) (ESTIMATE Agent[12] POSSESSED)
1,whisper,3,1,14,BECAUSE (Agent[01] COMINGOUT Agent[01] SEER) (ATTACK Agent[01])
1,whisper,4,1,9,BECAUSE (Agent[01] COMINGOUT Agent[01] SEER) (ATTACK Agent[01])
1,whisper,5,1,5,BECAUSE (Agent[01] COMINGOUT Agent[01] SEER) (ATTACK Agent[01])
1,whisper,6,2,14,Skip
1,whisper,7,2,5,Skip
1,whisper,8,2,9,Skip
1,whisper,9,3,9,Skip
1,whisper,10,3,5,Skip
1,whisper,11,3,14,Skip
1,whisper,12,4,5,Over
1,whisper,13,4,14,Over
1,whisper,14,4,9,Over
1,guard,10,1,SEER
1,attack,12,true
2,status,1,SEER,ALIVE,Sample9
2,status,2,VILLAGER,ALIVE,Sample12
2,status,3,VILLAGER,ALIVE,Sample8
2,status,4,VILLAGER,ALIVE,Sample11
2,status,5,WEREWOLF,ALIVE,Sample7
2,status,6,VILLAGER,ALIVE,Sample10
2,status,7,VILLAGER,ALIVE,Sample6
2,status,8,VILLAGER,ALIVE,Sample5
2,status,9,WEREWOLF,ALIVE,Sample4
2,status,10,BODYGUARD,ALIVE,Sample3
2,status,11,VILLAGER,DEAD,Sample14
2,status,12,POSSESSED,DEAD,Sample2
2,status,13,MEDIUM,ALIVE,Sample13
2,status,14,WEREWOLF,ALIVE,Sample1
2,status,15,VILLAGER,ALIVE,cash_dqn
2,talk,0,0,4,Skip
2,talk,1,0,6,Skip
2,talk,2,0,3,Skip
2,talk,3,0,2,Skip
2,talk,4,0,5,ESTIMATE Agent[08] WEREWOLF
2,talk,5,0,14,DIVINED Agent[03] WEREWOLF
2,talk,6,0,7,Skip
2,talk,7,0,13,COMINGOUT Agent[13] MEDIUM
2,talk,8,0,1,DAY 2 (DIVINED Agent[14] WEREWOLF)
2,talk,9,0,10,Skip
2,talk,10,0,8,Skip
2,talk,11,0,9,ESTIMATE Agent[02] WEREWOLF
2,talk,12,0,15,Skip
2,talk,13,1,15,VOTE Agent[08]
2,talk,14,1,10,Skip
2,talk,15,1,2,Skip
2,talk,16,1,4,Skip
2,talk,17,1,1,BECAUSE (DAY 2 (DIVINED Agent[14] WEREWOLF)) (REQUEST ANY (VOTE Agent[14]))
2,talk,18,1,7,Skip
2,talk,19,1,8,Skip
2,talk,20,1,13,DAY 2 (IDENTIFIED Agent[11] HUMAN)
2,talk,21,1,5,Skip
2,talk,22,1,9,Skip
2,talk,23,1,6,Skip
2,talk,24,1,14,ESTIMATE Agent[03] WEREWOLF
2,talk,25,1,3,BECAUSE (AND (COMINGOUT Agent[03] VILLAGER) (DAY 2 (Agent[14] DIVINED Agent[03] WEREWOLF))) (XOR (ESTIMATE Agent[14] WEREWOLF) (ESTIMATE Agent[14] POSSESSED))
2,talk,26,2,5,VOTE Agent[08]
2,talk,27,2,14,VOTE Agent[03]
2,talk,28,2,8,VOTE Agent[09]
2,talk,29,2,9,VOTE Agent[02]
2,talk,30,2,4,VOTE Agent[06]
2,talk,31,2,7,VOTE Agent[05]
2,talk,32,2,13,BECAUSE (AND (DAY 2 (IDENTIFIED Agent[11] HUMAN)) (DAY 1 (Agent[14] DIVINED Agent[11] WEREWOLF))) (XOR (ESTIMATE Agent[14] WEREWOLF) (ESTIMATE Agent[14] POSSESSED))
2,talk,33,2,15,Skip
2,talk,34,2,6,VOTE Agent[02]
2,talk,35,2,1,INQUIRE ANY (VOTE Agent[14])
2,talk,36,2,10,VOTE Agent[07]
2,talk,37,2,2,VOTE Agent[10]
2,talk,38,2,3,BECAUSE (XOR (ESTIMATE Agent[14] WEREWOLF) (ESTIMATE Agent[14] POSSESSED)) (VOTE Agent[14])
2,talk,39,3,15,Skip
2,talk,40,3,3,Skip
2,talk,41,3,2,Skip
2,talk,42,3,7,Skip
2,talk,43,3,5,Skip
2,talk,44,3,1,BECAUSE (DIVINED Agent[14] WEREWOLF) (VOTE Agent[14])
2,talk,45,3,9,Skip
2,talk,46,3,4,Skip
2,talk,47,3,10,Skip
2,talk,48,3,8,Skip
2,talk,49,3,14,Skip
2,talk,50,3,6,Skip
2,talk,51,3,13,BECAUSE (XOR (ESTIMATE Agent[14] WEREWOLF) (ESTIMATE Agent[14] POSSESSED)) (VOTE Agent[14])
2,talk,52,4,15,Over
2,talk,53,4,14,Skip
2,talk,54,4,9,Skip
2,talk,55,4,5,Skip
2,talk,56,4,6,Skip
2,talk,57,4,7,Skip
2,talk,58,4,3,Skip
2,talk,59,4,2,Skip
2,talk,60,4,13,Skip
2,talk,61,4,8,Skip
2,talk,62,4,1,Skip
2,talk,63,4,4,Skip
2,talk,64,4,10,Skip
2,talk,65,5,4,Over
2,talk,66,5,10,Over
2,talk,67,5,8,Over
2,talk,68,5,3,Over
2,talk,69,5,15,Over
2,talk,70,5,1,Skip
2,talk,71,5,2,Over
2,talk,72,5,7,Over
2,talk,73,5,9,Over
2,talk,74,5,14,Over
2,talk,75,5,6,Over
2,talk,76,5,5,Over
2,talk,77,5,13,Skip
2,talk,78,6,3,Over
2,talk,79,6,9,Over
2,talk,80,6,10,Over
2,talk,81,6,5,Over
2,talk,82,6,7,Over
2,talk,83,6,15,Over
2,talk,84,6,2,Over
2,talk,85,6,4,Over
2,talk,86,6,13,Over
2,talk,87,6,6,Over
2,talk,88,6,1,Over
2,talk,89,6,8,Over
2,talk,90,6,14,Over
2,vote,1,14
2,vote,2,10
2,vote,3,14
2,vote,4,6
2,vote,5,8
2,vote,6,2
2,vote,7,5
2,vote,8,9
2,vote,9,2
2,vote,10,7
2,vote,13,14
2,vote,14,3
2,vote,15,10
2,execute,14,WEREWOLF
2,whisper,0,0,9,BECAUSE (Agent[01] COMINGOUT Agent[01] SEER) (ATTACK Agent[01])
2,whisper,1,0,5,BECAUSE (Agent[13] COMINGOUT Agent[13] MEDIUM) (ATTACK Agent[13])
2,whisper,2,1,5,Skip
2,whisper,3,1,9,Skip
2,whisper,4,2,5,Skip
2,whisper,5,2,9,Skip
2,whisper,6,3,5,Over
2,whisper,7,3,9,Over
2,guard,10,1,SEER
2,attack,13,true
3,status,1,SEER,ALIVE,Sample9
3,status,2,VILLAGER,ALIVE,Sample12
3,status,3,VILLAGER,ALIVE,Sample8
3,status,4,VILLAGER,ALIVE,Sample11
3,status,5,WEREWOLF,ALIVE,Sample7
3,status,6,VILLAGER,ALIVE,Sample10
3,status,7,VILLAGER,ALIVE,Sample6
3,status,8,VILLAGER,ALIVE,Sample5
3,status,9,WEREWOLF,ALIVE,Sample4
3,status,10,BODYGUARD,ALIVE,Sample3
3,status,11,VILLAGER,DEAD,Sample14
3,status,12,POSSESSED,DEAD,Sample2
3,status,13,MEDIUM,DEAD,Sample13
3,status,14,WEREWOLF,DEAD,Sample1
3,status,15,VILLAGER,ALIVE,cash_dqn
3,talk,0,0,8,Skip
3,talk,1,0,2,Skip
3,talk,2,0,6,Skip
3,talk,3,0,7,Skip
3,talk,4,0,9,ESTIMATE Agent[10] WEREWOLF
3,talk,5,0,10,Skip
3,talk,6,0,4,Skip
3,talk,7,0,5,ESTIMATE Agent[06] WEREWOLF
3,talk,8,0,15,Skip
3,talk,9,0,1,Skip
3,talk,10,0,3,Skip
3,talk,11,1,5,Skip
3,talk,12,1,10,Skip
3,talk,13,1,8,Skip
3,talk,14,1,6,Skip
3,talk,15,1,2,Skip
3,talk,16,1,4,Skip
3,talk,17,1,9,Skip
3,talk,18,1,3,Skip
3,talk,19,1,1,Skip
3,talk,20,1,15,VOTE Agent[07]
3,talk,21,1,7,Skip
3,talk,22,2,1,VOTE Agent[04]
3,talk,23,2,10,VOTE Agent[01]
3,talk,24,2,8,VOTE Agent[06]
3,talk,25,2,9,VOTE Agent[10]
3,talk,26,2,2,VOTE Agent[15]
3,talk,27,2,5,VOTE Agent[06]
3,talk,28,2,15,Skip
3,talk,29,2,4,VOTE Agent[01]
3,talk,30,2,7,VOTE Agent[06]
3,talk,31,2,6,VOTE Agent[10]
3,talk,32,2,3,VOTE Agent[02]
3,talk,33,3,6,Skip
3,talk,34,3,8,Skip
3,talk,35,3,1,Skip
3,talk,36,3,10,Skip
3,talk,37,3,5,Skip
3,talk,38,3,15,Skip
3,talk,39,3,9,Skip
3,talk,40,3,7,Skip
3,talk,41,3,2,Skip
3,talk,42,3,4,Skip
3,talk,43,3,3,Skip
3,talk,44,4,5,Skip
3,talk,45,4,8,Skip
3,talk,46,4,15,Over
3,talk,47,4,6,Skip
3,talk,48,4,3,Skip
3,talk,49,4,7,Skip
3,talk,50,4,9,Skip
3,talk,51,4,1,Skip
3,talk,52,4,2,Skip
3,talk,53,4,4,Skip
3,talk,54,4,10,Skip
3,talk,55,5,2,Over
3,talk,56,5,5,Over
3,talk,57,5,1,Over
3,talk,58,5,7,Over
3,talk,59,5,9,Over
3,talk,60,5,6,Over
3,talk,61,5,15,Over
3,talk,62,5,10,Over
3,talk,63,5,4,Over
3,talk,64,5,8,Over
3,talk,65,5,3,Over
3,vote,1,4
3,vote,2,15
3,vote,3,2
3,vote,4,1
3,vote,5,6
3,vote,6,10
3,vote,7,6
3,vote,8,6
3,vote,9,10
3,vote,10,1
3,vote,15,2
3,execute,6,VILLAGER
3,divine,1,4,HUMAN
3,whisper,0,0,9,BECAUSE (Agent[01] COMINGOUT Agent[01] SEER) (ATTACK Agent[01])
3,whisper,1,0,5,BECAUSE (Agent[01] COMINGOUT Agent[01] SEER) (ATTACK Agent[01])
3,whisper,2,1,9,Skip
3,whisper,3,1,5,Skip
3,whisper,4,2,9,Skip
3,whisper,5,2,5,Skip
3,whisper,6,3,9,Over
3,whisper,7,3,5,Over
3,guard,10,1,SEER
3,attack,7,true
4,status,1,SEER,ALIVE,Sample9
4,status,2,VILLAGER,ALIVE,Sample12
4,status,3,VILLAGER,ALIVE,Sample8
4,status,4,VILLAGER,ALIVE,Sample11
4,status,5,WEREWOLF,ALIVE,Sample7
4,status,6,VILLAGER,DEAD,Sample10
4,status,7,VILLAGER,DEAD,Sample6
4,status,8,VILLAGER,ALIVE,Sample5
4,status,9,WEREWOLF,ALIVE,Sample4
4,status,10,BODYGUARD,ALIVE,Sample3
4,status,11,VILLAGER,DEAD,Sample14
4,status,12,POSSESSED,DEAD,Sample2
4,status,13,MEDIUM,DEAD,Sample13
4,status,14,WEREWOLF,DEAD,Sample1
4,status,15,VILLAGER,ALIVE,cash_dqn
4,talk,0,0,3,Skip
4,talk,1,0,10,Skip
4,talk,2,0,8,Skip
4,talk,3,0,15,Skip
4,talk,4,0,2,Skip
4,talk,5,0,9,ESTIMATE Agent[01] WEREWOLF
4,talk,6,0,4,Skip
4,talk,7,0,5,ESTIMATE Agent[04] WEREWOLF
4,talk,8,0,1,DAY 4 (DIVINED Agent[04] HUMAN)
4,talk,9,1,10,Skip
4,talk,10,1,1,Skip
4,talk,11,1,15,VOTE Agent[08]
4,talk,12,1,2,Skip
4,talk,13,1,8,Skip
4,talk,14,1,4,Skip
4,talk,15,1,3,Skip
4,talk,16,1,5,Skip
4,talk,17,1,9,Skip
4,talk,18,2,4,VOTE Agent[15]
4,talk,19,2,9,VOTE Agent[01]
4,talk,20,2,1,VOTE Agent[08]
4,talk,21,2,5,VOTE Agent[04]
4,talk,22,2,2,VOTE Agent[05]
4,talk,23,2,8,VOTE Agent[09]
4,talk,24,2,10,VOTE Agent[15]
4,talk,25,2,3,VOTE Agent[15]
4,talk,26,2,15,Skip
4,talk,27,3,5,Skip
4,talk,28,3,2,Skip
4,talk,29,3,15,Skip
4,talk,30,3,4,Skip
4,talk,31,3,1,Skip
4,talk,32,3,10,Skip
4,talk,33,3,3,Skip
4,talk,34,3,8,Skip
4,talk,35,3,9,Skip
4,talk,36,4,4,Skip
4,talk,37,4,1,Skip
4,talk,38,4,2,Skip
4,talk,39,4,9,Skip
4,talk,40,4,15,Over
4,talk,41,4,3,Skip
4,talk,42,4,8,Skip
4,talk,43,4,5,Skip
4,talk,44,4,10,Skip
4,talk,45,5,9,Over
4,talk,46,5,3,Over
4,talk,47,5,5,Over
4,talk,48,5,8,Over
4,talk,49,5,2,Over
4,talk,50,5,1,Over
4,talk,51,5,10,Over
4,talk,52,5,15,Over
4,talk,53,5,4,Over
4,vote,1,8
4,vote,2,5
4,vote,3,15
4,vote,4,15
4,vote,5,4
4,vote,8,9
4,vote,9,1
4,vote,10,15
4,vote,15,2
4,execute,15,VILLAGER
4,divine,1,2,HUMAN
4,whisper,0,0,9,BECAUSE (Agent[01] COMINGOUT Agent[01] SEER) (ATTACK Agent[01])
4,whisper,1,0,5,BECAUSE (Agent[01] COMINGOUT Agent[01] SEER) (ATTACK Agent[01])
4,whisper,2,1,5,Skip
4,whisper,3,1,9,Skip
4,whisper,4,2,5,Skip
4,whisper,5,2,9,Skip
4,whisper,6,3,5,Over
4,whisper,7,3,9,Over
4,guard,10,1,SEER
4,attack,4,true
5,status,1,SEER,ALIVE,Sample9
5,status,2,VILLAGER,ALIVE,Sample12
5,status,3,VILLAGER,ALIVE,Sample8
5,status,4,VILLAGER,DEAD,Sample11
5,status,5,WEREWOLF,ALIVE,Sample7
5,status,6,VILLAGER,DEAD,Sample10
5,status,7,VILLAGER,DEAD,Sample6
5,status,8,VILLAGER,ALIVE,Sample5
5,status,9,WEREWOLF,ALIVE,Sample4
5,status,10,BODYGUARD,ALIVE,Sample3
5,status,11,VILLAGER,DEAD,Sample14
5,status,12,POSSESSED,DEAD,Sample2
5,status,13,MEDIUM,DEAD,Sample13
5,status,14,WEREWOLF,DEAD,Sample1
5,status,15,VILLAGER,DEAD,cash_dqn
5,talk,0,0,1,DAY 5 (DIVINED Agent[02] HUMAN)
5,talk,1,0,2,Skip
5,talk,2,0,8,Skip
5,talk,3,0,10,Skip
5,talk,4,0,9,ESTIMATE Agent[01] WEREWOLF
5,talk,5,0,5,ESTIMATE Agent[10] WEREWOLF
5,talk,6,0,3,Skip
5,talk,7,1,8,Skip
5,talk,8,1,9,Skip
5,talk,9,1,5,Skip
5,talk,10,1,1,Skip
5,talk,11,1,10,Skip
5,talk,12,1,3,Skip
5,talk,13,1,2,Skip
5,talk,14,2,1,VOTE Agent[12]
5,talk,15,2,9,VOTE Agent[01]
5,talk,16,2,5,VOTE Agent[10]
5,talk,17,2,10,VOTE Agent[02]
5,talk,18,2,8,VOTE Agent[02]
5,talk,19,2,2,VOTE Agent[10]
5,talk,20,2,3,VOTE Agent[02]
5,talk,21,3,2,Skip
5,talk,22,3,3,Skip
5,talk,23,3,8,Skip
5,talk,24,3,9,Skip
5,talk,25,3,1,Skip
5,talk,26,3,10,Skip
5,talk,27,3,5,Skip
5,talk,28,4,3,Skip
5,talk,29,4,2,Skip
5,talk,30,4,10,Skip
5,talk,31,4,8,Skip
5,talk,32,4,1,Skip
5,talk,33,4,5,Skip
5,talk,34,4,9,Skip
5,talk,35,5,8,Over
5,talk,36,5,10,Over
5,talk,37,5,9,Over
5,talk,38,5,2,Over
5,talk,39,5,5,Over
5,talk,40,5,1,Over
5,talk,41,5,3,Over
5,vote,1,10
5,vote,2,10
5,vote,3,2
5,vote,5,10
5,vote,8,2
5,vote,9,1
5,vote,10,2
5,vote,1,8
5,vote,2,10
5,vote,3,2
5,vote,5,10
5,vote,8,2
5,vote,9,1
5,vote,10,2
5,execute,2,VILLAGER
5,divine,1,5,WEREWOLF
5,whisper,0,0,5,BECAUSE (Agent[01] COMINGOUT Agent[01] SEER) (ATTACK Agent[01])
5,whisper,1,0,9,BECAUSE (Agent[01] COMINGOUT Agent[01] SEER) (ATTACK Agent[01])
5,whisper,2,1,9,Skip
5,whisper,3,1,5,Skip
5,whisper,4,2,9,Skip
5,whisper,5,2,5,Skip
5,whisper,6,3,9,Over
5,whisper,7,3,5,Over
5,guard,10,1,SEER
5,attack,3,true
6,status,1,SEER,ALIVE,Sample9
6,status,2,VILLAGER,DEAD,Sample12
6,status,3,VILLAGER,DEAD,Sample8
6,status,4,VILLAGER,DEAD,Sample11
6,status,5,WEREWOLF,ALIVE,Sample7
6,status,6,VILLAGER,DEAD,Sample10
6,status,7,VILLAGER,DEAD,Sample6
6,status,8,VILLAGER,ALIVE,Sample5
6,status,9,WEREWOLF,ALIVE,Sample4
6,status,10,BODYGUARD,ALIVE,Sample3
6,status,11,VILLAGER,DEAD,Sample14
6,status,12,POSSESSED,DEAD,Sample2
6,status,13,MEDIUM,DEAD,Sample13
6,status,14,WEREWOLF,DEAD,Sample1
6,status,15,VILLAGER,DEAD,cash_dqn
6,talk,0,0,1,DAY 6 (DIVINED Agent[05] WEREWOLF)
6,talk,1,0,10,Skip
6,talk,2,0,5,ESTIMATE Agent[08] WEREWOLF
6,talk,3,0,9,ESTIMATE Agent[01] WEREWOLF
6,talk,4,0,8,Skip
6,talk,5,1,5,Skip
6,talk,6,1,9,Skip
6,talk,7,1,8,Skip
6,talk,8,1,1,BECAUSE (DAY 6 (DIVINED Agent[05] WEREWOLF)) (REQUEST ANY (VOTE Agent[05]))
6,talk,9,1,10,Skip
6,talk,10,2,9,VOTE Agent[01]
6,talk,11,2,5,VOTE Agent[08]
6,talk,12,2,10,VOTE Agent[05]
6,talk,13,2,8,VOTE Agent[09]
6,talk,14,2,1,INQUIRE ANY (VOTE Agent[05])
6,talk,15,3,10,Skip
6,talk,16,3,1,BECAUSE (DIVINED Agent[05] WEREWOLF) (VOTE Agent[05])
6,talk,17,3,8,Skip
6,talk,18,3,9,Skip
6,talk,19,3,5,Skip
6,talk,20,4,8,Skip
6,talk,21,4,9,Skip
6,talk,22,4,5,Skip
6,talk,23,4,1,Skip
6,talk,24,4,10,Skip
6,talk,25,5,9,Over
6,talk,26,5,10,Over
6,talk,27,5,8,Over
6,talk,28,5,1,Skip
6,talk,29,5,5,Over
6,talk,30,6,1,Over
6,talk,31,6,9,Over
6,talk,32,6,10,Over
6,talk,33,6,8,Over
6,talk,34,6,5,Over
6,vote,1,5
6,vote,5,8
6,vote,8,9
6,vote,9,1
6,vote,10,5
6,execute,5,WEREWOLF
6,divine,1,8,HUMAN
6,guard,10,1,SEER
6,attackVote,9,1
6,attack,1,false
7,status,1,SEER,ALIVE,Sample9
7,status,2,VILLAGER,DEAD,Sample12
7,status,3,VILLAGER,DEAD,Sample8
7,status,4,VILLAGER,DEAD,Sample11
7,status,5,WEREWOLF,DEAD,Sample7
7,status,6,VILLAGER,DEAD,Sample10
7,status,7,VILLAGER,DEAD,Sample6
7,status,8,VILLAGER,ALIVE,Sample5
7,status,9,WEREWOLF,ALIVE,Sample4
7,status,10,BODYGUARD,ALIVE,Sample3
7,status,11,VILLAGER,DEAD,Sample14
7,status,12,POSSESSED,DEAD,Sample2
7,status,13,MEDIUM,DEAD,Sample13
7,status,14,WEREWOLF,DEAD,Sample1
7,status,15,VILLAGER,DEAD,cash_dqn
7,talk,0,0,1,DAY 7 (DIVINED Agent[08] HUMAN)
7,talk,1,0,10,Skip
7,talk,2,0,9,ESTIMATE Agent[10] WEREWOLF
7,talk,3,0,8,Skip
7,talk,4,1,8,Skip
7,talk,5,1,10,Skip
7,talk,6,1,1,Skip
7,talk,7,1,9,Skip
7,talk,8,2,9,VOTE Agent[10]
7,talk,9,2,1,VOTE Agent[06]
7,talk,10,2,10,VOTE Agent[09]
7,talk,11,2,8,VOTE Agent[10]
7,talk,12,3,8,Skip
7,talk,13,3,1,Skip
7,talk,14,3,10,Skip
7,talk,15,3,9,Skip
7,talk,16,4,8,Skip
7,talk,17,4,9,Skip
7,talk,18,4,1,Skip
7,talk,19,4,10,Skip
7,talk,20,5,1,Over
7,talk,21,5,9,Over
7,talk,22,5,8,Over
7,talk,23,5,10,Over
7,vote,1,8
7,vote,8,10
7,vote,9,10
7,vote,10,9
7,execute,10,BODYGUARD
7,divine,1,9,WEREWOLF
7,attackVote,9,1
7,attack,1,true
8,status,1,SEER,DEAD,Sample9
8,status,2,VILLAGER,DEAD,Sample12
8,status,3,VILLAGER,DEAD,Sample8
8,status,4,VILLAGER,DEAD,Sample11
8,status,5,WEREWOLF,DEAD,Sample7
8,status,6,VILLAGER,DEAD,Sample10
8,status,7,VILLAGER,DEAD,Sample6
8,status,8,VILLAGER,ALIVE,Sample5
8,status,9,WEREWOLF,ALIVE,Sample4
8,status,10,BODYGUARD,DEAD,Sample3
8,status,11,VILLAGER,DEAD,Sample14
8,status,12,POSSESSED,DEAD,Sample2
8,status,13,MEDIUM,DEAD,Sample13
8,status,14,WEREWOLF,DEAD,Sample1
8,status,15,VILLAGER,DEAD,cash_dqn
8,result,1,1,WEREWOLF
