0,status,1,VILLAGER,ALIVE,Sample9
0,status,2,VILLAGER,ALIVE,Sample12
0,status,3,MEDIUM,ALIVE,Sample8
0,status,4,POSSESSED,ALIVE,Sample11
0,status,5,VILLAGER,ALIVE,Sample7
0,status,6,VILLAGER,ALIVE,Sample10
0,status,7,WEREWOLF,ALIVE,Sample6
0,status,8,VILLAGER,ALIVE,Sample5
0,status,9,VILLAGER,ALIVE,Sample4
0,status,10,WEREWOLF,ALIVE,Sample3
0,status,11,VILLAGER,ALIVE,Sample14
0,status,12,WEREWOLF,ALIVE,Sample2
0,status,13,BODYGUARD,ALIVE,Sample13
0,status,14,VILLAGER,ALIVE,Sample1
0,status,15,SEER,ALIVE,cash_dqn
0,whisper,0,0,7,COMINGOUT Agent[07] SEER
0,whisper,1,0,12,COMINGOUT Agent[12] VILLAGER
0,whisper,2,0,10,COMINGOUT Agent[10] SEER
0,whisper,3,1,7,ATTACK Agent[15]
0,whisper,4,1,12,ATTACK Agent[02]
0,whisper,5,1,10,ATTACK Agent[09]
0,whisper,6,2,10,Skip
0,whisper,7,2,7,Skip
0,whisper,8,2,12,Skip
0,whisper,9,3,12,Skip
0,whisper,10,3,10,Skip
0,whisper,11,3,7,Skip
0,whisper,12,4,12,Over
0,whisper,13,4,7,Over
0,whisper,14,4,10,Over
0,divine,15,1,HUMAN
1,status,1,VILLAGER,ALIVE,Sample9
1,status,2,VILLAGER,ALIVE,Sample12
1,status,3,MEDIUM,ALIVE,Sample8
1,status,4,POSSESSED,ALIVE,Sample11
1,status,5,VILLAGER,ALIVE,Sample7
1,status,6,VILLAGER,ALIVE,Sample10
1,status,7,WEREWOLF,ALIVE,Sample6
1,status,8,VILLAGER,ALIVE,Sample5
1,status,9,VILLAGER,ALIVE,Sample4
1,status,10,WEREWOLF,ALIVE,Sample3
1,status,11,VILLAGER,ALIVE,Sample14
1,status,12,WEREWOLF,ALIVE,Sample2
1,status,13,BODYGUARD,ALIVE,Sample13
1,status,14,VILLAGER,ALIVE,Sample1
1,status,15,SEER,ALIVE,cash_dqn
1,talk,0,0,5,Skip
1,talk,1,0,12,ESTIMATE Agent[09] WEREWOLF
1,talk,2,0,2,Skip
1,talk,3,0,6,Skip
1,talk,4,0,15,Over
1,talk,5,0,9,Skip
1,talk,6,0,4,Skip
1,talk,7,0,8,Skip
1,talk,8,0,7,ESTIMATE Agent[11] WEREWOLF
1,talk,9,0,13,Skip
1,talk,10,0,14,Skip
1,talk,11,0,10,COMINGOUT Agent[10] SEER
1,talk,12,0,1,Skip
1,talk,13,0,3,Skip
1,talk,14,0,11,Skip
1,talk,15,1,1,Skip
1,talk,16,1,13,Skip
1,talk,17,1,12,Skip
1,talk,18,1,7,Skip
1,talk,19,1,9,Skip
1,talk,20,1,14,Skip
1,talk,21,1,11,Skip
1,talk,22,1,8,Skip
1,talk,23,1,4,COMINGOUT Agent[04] SEER
1,talk,24,1,3,Skip
1,talk,25,1,10,ESTIMATE Agent[15] WEREWOLF
1,talk,26,1,15,Over
1,talk,27,1,6,Skip
1,talk,28,1,5,Skip
1,talk,29,1,2,Skip
1,talk,30,2,4,DAY 1 (DIVINED Agent[10] WEREWOLF)
1,talk,31,2,8,VOTE Agent[03]
1,talk,32,2,14,VOTE Agent[08]
1,talk,33,2,2,VOTE Agent[06]
1,talk,34,2,10,DIVINED Agent[15] WEREWOLF
1,talk,35,2,5,VOTE Agent[04]
1,talk,36,2,9,VOTE Agent[11]
1,talk,37,2,13,VOTE Agent[10]
1,talk,38,2,3,VOTE Agent[02]
1,talk,39,2,6,VOTE Agent[10]
1,talk,40,2,12,VOTE Agent[09]
1,talk,41,2,11,VOTE Agent[14]
1,talk,42,2,15,Over
1,talk,43,2,1,VOTE Agent[11]
1,talk,44,2,7,VOTE Agent[11]
1,talk,45,3,5,Skip
1,talk,46,3,1,Skip
1,talk,47,3,7,Skip
1,talk,48,3,14,Skip
1,talk,49,3,6,Skip
1,talk,50,3,3,Skip
1,talk,51,3,10,VOTE Agent[15]
1,talk,52,3,2,Skip
1,talk,53,3,15,Over
1,talk,54,3,12,Skip
1,talk,55,3,8,Skip
1,talk,56,3,13,Skip
1,talk,57,3,9,Skip
1,talk,58,3,11,Skip
1,talk,59,3,4,BECAUSE (DAY 1 (DIVINED Agent[10] WEREWOLF)) (REQUEST ANY (VOTE Agent[10]))
1,talk,60,4,4,INQUIRE ANY (VOTE Agent[10])
1,talk,61,4,7,Skip
1,talk,62,4,13,Skip
1,talk,63,4,11,Skip
1,talk,64,4,15,Over
1,talk,65,4,12,Skip
1,talk,66,4,9,Skip
1,talk,67,4,3,Skip
1,talk,68,4,10,Skip
1,talk,69,4,14,Skip
1,talk,70,4,2,Skip
1,talk,71,4,5,Skip
1,talk,72,4,1,Skip
1,talk,73,4,6,Skip
1,talk,74,4,8,Skip
1,talk,75,5,8,Over
1,talk,76,5,14,Over
1,talk,77,5,12,Over
1,talk,78,5,5,Over
1,talk,79,5,3,Over
1,talk,80,5,7,Over
1,talk,81,5,10,Skip
1,talk,82,5,15,Over
1,talk,83,5,1,Over
1,talk,84,5,6,Over
1,talk,85,5,4,BECAUSE (DIVINED Agent[10] WEREWOLF) (VOTE Agent[10])
1,talk,86,5,11,Over
1,talk,87,5,13,Over
1,talk,88,5,2,Over
1,talk,89,5,9,Over
1,talk,90,6,7,Over
1,talk,91,6,10,Over
1,talk,92,6,8,Over
1,talk,93,6,4,Skip
1,talk,94,6,13,Over
1,talk,95,6,11,Over
1,talk,96,6,12,Over
1,talk,97,6,6,Over
1,talk,98,6,5,Over
1,talk,99,6,3,Over
1,talk,100,6,15,Over
1,talk,101,6,1,Over
1,talk,102,6,14,Over
1,talk,103,6,2,Over
1,talk,104,6,9,Over
1,talk,105,7,14,Over
1,talk,106,7,5,Over
1,talk,107,7,11,Over
1,talk,108,7,8,Over
1,talk,109,7,6,Over
1,talk,110,7,2,Over
1,talk,111,7,10,Over
1,talk,112,7,4,Skip
1,talk,113,7,3,Over
1,talk,114,7,1,Over
1,talk,115,7,9,Over
1,talk,116,7,7,Over
1,talk,117,7,12,Over
1,talk,118,7,13,Over
1,talk,119,7,15,Over
1,talk,120,8,8,Over
1,talk,121,8,11,Over
1,talk,122,8,7,Over
1,talk,123,8,14,Over
1,talk,124,8,6,Over
1,talk,125,8,12,Over
1,talk,126,8,15,Over
1,talk,127,8,2,Over
1,talk,128,8,13,Over
1,talk,129,8,4,Over
1,talk,130,8,10,Over
1,talk,131,8,5,Over
1,talk,132,8,3,Over
1,talk,133,8,1,Over
1,talk,134,8,9,Over
1,vote,1,11
1,vote,2,6
1,vote,3,2
1,vote,4,10
1,vote,5,4
1,vote,6,10
1,vote,7,11
1,vote,8,3
1,vote,9,11
1,vote,10,15
1,vote,11,14
1,vote,12,9
1,vote,13,10
1,vote,14,8
1,vote,15,12
1,vote,1,11
1,vote,2,6
1,vote,3,2
1,vote,4,10
1,vote,5,4
1,vote,6,10
1,vote,7,11
1,vote,8,3
1,vote,9,11
1,vote,10,15
1,vote,11,14
1,vote,12,9
1,vote,13,10
1,vote,14,8
1,vote,15,4
1,execute,10,WEREWOLF
1,divine,15,7,WEREWOLF
1,whisper,0,0,7,COMINGOUT Agent[07] VILLAGER
1,whisper,1,0,12,BECAUSE (Agent[04] COMINGOUT Agent[04] SEER) (ATTACK Agent[04])
1,whisper,2,1,7,BECAUSE (Agent[04] COMINGOUT Agent[04] SEER) (ATTACK Agent[04])
1,whisper,3,1,12,Skip
1,whisper,4,2,7,Skip
1,whisper,5,2,12,Skip
1,whisper,6,3,7,Skip
1,whisper,7,3,12,Over
1,whisper,8,4,12,Over
1,whisper,9,4,7,Over
1,guard,13,4,POSSESSED
1,attack,4,false
2,status,1,VILLAGER,ALIVE,Sample9
2,status,2,VILLAGER,ALIVE,Sample12
2,status,3,MEDIUM,ALIVE,Sample8
2,status,4,POSSESSED,ALIVE,Sample11
2,status,5,VILLAGER,ALIVE,Sample7
2,status,6,VILLAGER,ALIVE,Sample10
2,status,7,WEREWOLF,ALIVE,Sample6
2,status,8,VILLAGER,ALIVE,Sample5
2,status,9,VILLAGER,ALIVE,Sample4
2,status,10,WEREWOLF,DEAD,Sample3
2,status,11,VILLAGER,ALIVE,Sample14
2,status,12,WEREWOLF,ALIVE,Sample2
2,status,13,BODYGUARD,ALIVE,Sample13
2,status,14,VILLAGER,ALIVE,Sample1
2,status,15,SEER,ALIVE,cash_dqn
2,talk,0,0,13,Skip
2,talk,1,0,8,Skip
2,talk,2,0,2,Skip
2,talk,3,0,14,Skip
2,talk,4,0,7,ESTIMATE Agent[02] WEREWOLF
2,talk,5,0,5,Skip
2,talk,6,0,15,Over
2,talk,7,0,11,Skip
2,talk,8,0,9,Skip
2,talk,9,0,3,COMINGOUT Agent[03] MEDIUM
2,talk,10,0,6,Skip
2,talk,11,0,1,Skip
2,talk,12,0,4,DAY 2 (DIVINED Agent[15] HUMAN)
2,talk,13,0,12,ESTIMATE Agent[02] WEREWOLF
2,talk,14,1,11,Skip
2,talk,15,1,14,Skip
2,talk,16,1,13,Skip
2,talk,17,1,5,Skip
2,talk,18,1,8,Skip
2,talk,19,1,12,Skip
2,talk,20,1,3,DAY 2 (IDENTIFIED Agent[10] WEREWOLF)
2,talk,21,1,1,Skip
2,talk,22,1,4,Skip
2,talk,23,1,6,Skip
2,talk,24,1,15,Over
2,talk,25,1,7,Skip
2,talk,26,1,2,Skip
2,talk,27,1,9,Skip
2,talk,28,2,15,Over
2,talk,29,2,3,VOTE Agent[14]
2,talk,30,2,4,VOTE Agent[05]
2,talk,31,2,14,VOTE Agent[08]
2,talk,32,2,5,VOTE Agent[02]
2,talk,33,2,6,VOTE Agent[04]
2,talk,34,2,7,VOTE Agent[02]
2,talk,35,2,9,VOTE Agent[08]
2,talk,36,2,13,VOTE Agent[12]
2,talk,37,2,1,VOTE Agent[07]
2,talk,38,2,2,VOTE Agent[03]
2,talk,39,2,11,VOTE Agent[03]
2,talk,40,2,8,VOTE Agent[11]
2,talk,41,2,12,VOTE Agent[02]
2,talk,42,3,4,Skip
2,talk,43,3,13,Skip
2,talk,44,3,2,Skip
2,talk,45,3,6,Skip
2,talk,46,3,12,Skip
2,talk,47,3,5,Skip
2,talk,48,3,7,Skip
2,talk,49,3,9,Skip
2,talk,50,3,11,Skip
2,talk,51,3,1,Skip
2,talk,52,3,14,Skip
2,talk,53,3,3,Skip
2,talk,54,3,8,Skip
2,talk,55,3,15,Over
2,talk,56,4,7,Skip
2,talk,57,4,15,Over
2,talk,58,4,3,Skip
2,talk,59,4,8,Skip
2,talk,60,4,9,Skip
2,talk,61,4,13,Skip
2,talk,62,4,4,Skip
2,talk,63,4,6,Skip
2,talk,64,4,2,Skip
2,talk,65,4,1,Skip
2,talk,66,4,5,Skip
2,talk,67,4,12,Skip
2,talk,68,4,11,Skip
2,talk,69,4,14,Skip
2,talk,70,5,5,Over
2,talk,71,5,7,Over
2,talk,72,5,9,Over
2,talk,73,5,6,Over
2,talk,74,5,14,Over
2,talk,75,5,4,Over
2,talk,76,5,8,Over
2,talk,77,5,11,Over
2,talk,78,5,13,Over
2,talk,79,5,1,Over
2,talk,80,5,3,Over
2,talk,81,5,15,Over
2,talk,82,5,2,Over
2,talk,83,5,12,Over
2,vote,1,7
2,vote,2,3
2,vote,3,14
2,vote,4,5
2,vote,5,2
2,vote,6,4
2,vote,7,2
2,vote,8,11
2,vote,9,8
2,vote,11,3
2,vote,12,2
2,vote,13,12
2,vote,14,8
2,vote,15,13
2,execute,2,VILLAGER
2,divine,15,7,WEREWOLF
2,whisper,0,0,12,BECAUSE (Agent[04] COMINGOUT Agent[04] SEER) (ATTACK Agent[04])
2,whisper,1,0,7,BECAUSE (Agent[04] COMINGOUT Agent[04] SEER) (ATTACK Agent[04])
2,whisper,2,1,7,Skip
2,whisper,3,1,12,Skip
2,whisper,4,2,7,Skip
2,whisper,5,2,12,Skip
2,whisper,6,3,7,Over
2,whisper,7,3,12,Over
2,guard,13,4,POSSESSED
2,attack,11,true
3,status,1,VILLAGER,ALIVE,Sample9
3,status,2,VILLAGER,DEAD,Sample12
3,status,3,MEDIUM,ALIVE,Sample8
3,status,4,POSSESSED,ALIVE,Sample11
3,status,5,VILLAGER,ALIVE,Sample7
3,status,6,VILLAGER,ALIVE,Sample10
3,status,7,WEREWOLF,ALIVE,Sample6
3,status,8,VILLAGER,ALIVE,Sample5
3,status,9,VILLAGER,ALIVE,Sample4
3,status,10,WEREWOLF,DEAD,Sample3
3,status,11,VILLAGER,DEAD,Sample14
3,status,12,WEREWOLF,ALIVE,Sample2
3,status,13,BODYGUARD,ALIVE,Sample13
3,status,14,VILLAGER,ALIVE,Sample1
3,status,15,SEER,ALIVE,cash_dqn
3,talk,0,0,7,ESTIMATE Agent[13] WEREWOLF
3,talk,1,0,8,Skip
3,talk,2,0,14,Skip
3,talk,3,0,12,ESTIMATE Agent[14] WEREWOLF
3,talk,4,0,5,Skip
3,talk,5,0,3,DAY 3 (IDENTIFIED Agent[02] HUMAN)
3,talk,6,0,4,DAY 3 (DIVINED Agent[06] HUMAN)
3,talk,7,0,15,Over
3,talk,8,0,6,Skip
3,talk,9,0,9,Skip
3,talk,10,0,13,Skip
3,talk,11,0,1,Skip
3,talk,12,1,5,Skip
3,talk,13,1,1,Skip
3,talk,14,1,13,Skip
3,talk,15,1,15,Over
3,talk,16,1,4,Skip
3,talk,17,1,8,Skip
3,talk,18,1,14,Skip
3,talk,19,1,6,Skip
3,talk,20,1,12,Skip
3,talk,21,1,9,Skip
3,talk,22,1,7,Skip
3,talk,23,1,3,Skip
3,talk,24,2,4,VOTE Agent[05]
3,talk,25,2,12,VOTE Agent[14]
3,talk,26,2,7,VOTE Agent[13]
3,talk,27,2,3,VOTE Agent[14]
3,talk,28,2,6,VOTE Agent[14]
3,talk,29,2,1,VOTE Agent[15]
3,talk,30,2,9,VOTE Agent[13]
3,talk,31,2,8,VOTE Agent[03]
3,talk,32,2,15,Over
3,talk,33,2,5,VOTE Agent[06]
3,talk,34,2,14,VOTE Agent[09]
3,talk,35,2,13,VOTE Agent[12]
3,talk,36,3,7,Skip
3,talk,37,3,14,Skip
3,talk,38,3,1,Skip
3,talk,39,3,9,Skip
3,talk,40,3,3,Skip
3,talk,41,3,15,Over
3,talk,42,3,5,Skip
3,talk,43,3,4,Skip
3,talk,44,3,8,Skip
3,talk,45,3,13,Skip
3,talk,46,3,6,Skip
3,talk,47,3,12,Skip
3,talk,48,4,8,Skip
3,talk,49,4,7,Skip
3,talk,50,4,1,Skip
3,talk,51,4,15,Over
3,talk,52,4,6,Skip
3,talk,53,4,5,Skip
3,talk,54,4,9,Skip
3,talk,55,4,4,Skip
3,talk,56,4,12,Skip
3,talk,57,4,13,Skip
3,talk,58,4,3,Skip
3,talk,59,4,14,Skip
3,talk,60,5,3,Over
3,talk,61,5,1,Over
3,talk,62,5,12,Over
3,talk,63,5,4,Over
3,talk,64,5,5,Over
3,talk,65,5,15,Over
3,talk,66,5,8,Over
3,talk,67,5,6,Over
3,talk,68,5,7,Over
3,talk,69,5,13,Over
3,talk,70,5,9,Over
3,talk,71,5,14,Over
3,vote,1,15
3,vote,3,14
3,vote,4,5
3,vote,5,6
3,vote,6,14
3,vote,7,13
3,vote,8,3
3,vote,9,13
3,vote,12,14
3,vote,13,12
3,vote,14,9
3,vote,15,1
3,execute,14,VILLAGER
3,divine,15,9,HUMAN
3,whisper,0,0,7,BECAUSE (Agent[04] COMINGOUT Agent[04] SEER) (ATTACK Agent[04])
3,whisper,1,0,12,BECAUSE (Agent[03] COMINGOUT Agent[03] MEDIUM) (ATTACK Agent[03])
3,whisper,2,1,7,Skip
3,whisper,3,1,12,Skip
3,whisper,4,2,7,Skip
3,whisper,5,2,12,Skip
3,whisper,6,3,7,Over
3,whisper,7,3,12,Over
3,guard,13,4,POSSESSED
3,attack,5,true
4,status,1,VILLAGER,ALIVE,Sample9
4,status,2,VILLAGER,DEAD,Sample12
4,status,3,MEDIUM,ALIVE,Sample8
4,status,4,POSSESSED,ALIVE,Sample11
4,status,5,VILLAGER,DEAD,Sample7
4,status,6,VILLAGER,ALIVE,Sample10
4,status,7,WEREWOLF,ALIVE,Sample6
4,status,8,VILLAGER,ALIVE,Sample5
4,status,9,VILLAGER,ALIVE,Sample4
4,status,10,WEREWOLF,DEAD,Sample3
4,status,11,VILLAGER,DEAD,Sample14
4,status,12,WEREWOLF,ALIVE,Sample2
4,status,13,BODYGUARD,ALIVE,Sample13
4,status,14,VILLAGER,DEAD,Sample1
4,status,15,SEER,ALIVE,cash_dqn
4,talk,0,0,4,DAY 4 (DIVINED Agent[07] HUMAN)
4,talk,1,0,13,Skip
4,talk,2,0,6,Skip
4,talk,3,0,1,Skip
4,talk,4,0,15,Over
4,talk,5,0,7,ESTIMATE Agent[08] WEREWOLF
4,talk,6,0,12,ESTIMATE Agent[13] WEREWOLF
4,talk,7,0,9,Skip
4,talk,8,0,8,Skip
4,talk,9,0,3,DAY 4 (IDENTIFIED Agent[14] HUMAN)
4,talk,10,1,4,Skip
4,talk,11,1,12,Skip
4,talk,12,1,7,Skip
4,talk,13,1,8,Skip
4,talk,14,1,15,Over
4,talk,15,1,9,Skip
4,talk,16,1,3,Skip
4,talk,17,1,1,Skip
4,talk,18,1,13,Skip
4,talk,19,1,6,Skip
4,talk,20,2,7,VOTE Agent[08]
4,talk,21,2,4,VOTE Agent[02]
4,talk,22,2,3,VOTE Agent[15]
4,talk,23,2,6,VOTE Agent[13]
4,talk,24,2,9,VOTE Agent[07]
4,talk,25,2,15,Over
4,talk,26,2,1,VOTE Agent[06]
4,talk,27,2,8,VOTE Agent[03]
4,talk,28,2,13,VOTE Agent[12]
4,talk,29,2,12,VOTE Agent[13]
4,talk,30,3,8,Skip
4,talk,31,3,15,Over
4,talk,32,3,1,Skip
4,talk,33,3,6,Skip
4,talk,34,3,9,Skip
4,talk,35,3,7,Skip
4,talk,36,3,3,Skip
4,talk,37,3,12,Skip
4,talk,38,3,4,Skip
4,talk,39,3,13,Skip
4,talk,40,4,3,Skip
4,talk,41,4,15,Over
4,talk,42,4,12,Skip
4,talk,43,4,8,Skip
4,talk,44,4,13,Skip
4,talk,45,4,1,Skip
4,talk,46,4,4,Skip
4,talk,47,4,7,Skip
4,talk,48,4,9,Skip
4,talk,49,4,6,Skip
4,talk,50,5,6,Over
4,talk,51,5,3,Over
4,talk,52,5,7,Over
4,talk,53,5,8,Over
4,talk,54,5,4,Over
4,talk,55,5,15,Over
4,talk,56,5,1,Over
4,talk,57,5,12,Over
4,talk,58,5,13,Over
4,talk,59,5,9,Over
4,vote,1,6
4,vote,3,15
4,vote,4,13
4,vote,6,13
4,vote,7,8
4,vote,8,3
4,vote,9,7
4,vote,12,13
4,vote,13,12
4,vote,15,3
4,execute,13,BODYGUARD
4,divine,15,12,WEREWOLF
4,whisper,0,0,7,BECAUSE (AND (NOT (COMINGOUT Agent[04] WEREWOLF)) (COMINGOUT Agent[07] WEREWOLF) (DAY 4 (Agent[04] DIVINED Agent[07] HUMAN))) (ESTIMATE Agent[04] POSSESSED)
4,whisper,1,0,12,BECAUSE (AND (NOT (COMINGOUT Agent[04] WEREWOLF)) (COMINGOUT Agent[07] WEREWOLF) (DAY 4 (Agent[04] DIVINED Agent[07] HUMAN))) (ESTIMATE Agent[04] POSSESSED)
4,whisper,2,1,7,BECAUSE (Agent[03] COMINGOUT Agent[03] MEDIUM) (ATTACK Agent[03])
4,whisper,3,1,12,BECAUSE (Agent[03] COMINGOUT Agent[03] MEDIUM) (ATTACK Agent[03])
4,whisper,4,2,12,Skip
4,whisper,5,2,7,Skip
4,whisper,6,3,12,Skip
4,whisper,7,3,7,Skip
4,whisper,8,4,12,Over
4,whisper,9,4,7,Over
4,attack,3,true
5,status,1,VILLAGER,ALIVE,Sample9
5,status,2,VILLAGER,DEAD,Sample12
5,status,3,MEDIUM,DEAD,Sample8
5,status,4,POSSESSED,ALIVE,Sample11
5,status,5,VILLAGER,DEAD,Sample7
5,status,6,VILLAGER,ALIVE,Sample10
5,status,7,WEREWOLF,ALIVE,Sample6
5,status,8,VILLAGER,ALIVE,Sample5
5,status,9,VILLAGER,ALIVE,Sample4
5,status,10,WEREWOLF,DEAD,Sample3
5,status,11,VILLAGER,DEAD,Sample14
5,status,12,WEREWOLF,ALIVE,Sample2
5,status,13,BODYGUARD,DEAD,Sample13
5,status,14,VILLAGER,DEAD,Sample1
5,status,15,SEER,ALIVE,cash_dqn
5,talk,0,0,4,DAY 5 (DIVINED Agent[09] HUMAN)
5,talk,1,0,12,ESTIMATE Agent[08] WEREWOLF
5,talk,2,0,15,Over
5,talk,3,0,9,Skip
5,talk,4,0,8,Skip
5,talk,5,0,7,ESTIMATE Agent[09] WEREWOLF
5,talk,6,0,1,Skip
5,talk,7,0,6,Skip
5,talk,8,1,4,Skip
5,talk,9,1,9,Skip
5,talk,10,1,12,Skip
5,talk,11,1,6,Skip
5,talk,12,1,7,Skip
5,talk,13,1,15,Over
5,talk,14,1,1,Skip
5,talk,15,1,8,Skip
5,talk,16,2,4,VOTE Agent[11]
5,talk,17,2,15,Over
5,talk,18,2,12,VOTE Agent[08]
5,talk,19,2,6,VOTE Agent[07]
5,talk,20,2,7,VOTE Agent[09]
5,talk,21,2,9,VOTE Agent[12]
5,talk,22,2,1,VOTE Agent[07]
5,talk,23,2,8,VOTE Agent[09]
5,talk,24,3,4,Skip
5,talk,25,3,8,Skip
5,talk,26,3,1,Skip
5,talk,27,3,12,Skip
5,talk,28,3,7,Skip
5,talk,29,3,9,Skip
5,talk,30,3,6,Skip
5,talk,31,3,15,Over
5,talk,32,4,15,Over
5,talk,33,4,7,Skip
5,talk,34,4,6,Skip
5,talk,35,4,9,Skip
5,talk,36,4,12,Skip
5,talk,37,4,4,Skip
5,talk,38,4,1,Skip
5,talk,39,4,8,Skip
5,talk,40,5,1,Over
5,talk,41,5,9,Over
5,talk,42,5,4,Over
5,talk,43,5,8,Over
5,talk,44,5,6,Over
5,talk,45,5,15,Over
5,talk,46,5,12,Over
5,talk,47,5,7,Over
5,vote,1,7
5,vote,4,1
5,vote,6,7
5,vote,7,9
5,vote,8,9
5,vote,9,12
5,vote,12,8
5,vote,15,4
5,vote,1,7
5,vote,4,7
5,vote,6,7
5,vote,7,9
5,vote,8,9
5,vote,9,12
5,vote,12,8
5,vote,15,1
5,execute,7,WEREWOLF
5,divine,15,4,HUMAN
5,attackVote,12,8
5,attack,8,true
6,status,1,VILLAGER,ALIVE,Sample9
6,status,2,VILLAGER,DEAD,Sample12
6,status,3,MEDIUM,DEAD,Sample8
6,status,4,POSSESSED,ALIVE,Sample11
6,status,5,VILLAGER,DEAD,Sample7
6,status,6,VILLAGER,ALIVE,Sample10
6,status,7,WEREWOLF,DEAD,Sample6
6,status,8,VILLAGER,DEAD,Sample5
6,status,9,VILLAGER,ALIVE,Sample4
6,status,10,WEREWOLF,DEAD,Sample3
6,status,11,VILLAGER,DEAD,Sample14
6,status,12,WEREWOLF,ALIVE,Sample2
6,status,13,BODYGUARD,DEAD,Sample13
6,status,14,VILLAGER,DEAD,Sample1
6,status,15,SEER,ALIVE,cash_dqn
6,talk,0,0,1,Skip
6,talk,1,0,4,DAY 6 (DIVINED Agent[12] HUMAN)
6,talk,2,0,6,Skip
6,talk,3,0,9,Skip
6,talk,4,0,12,ESTIMATE Agent[01] WEREWOLF
6,talk,5,0,15,Over
6,talk,6,1,9,Skip
6,talk,7,1,1,Skip
6,talk,8,1,6,Skip
6,talk,9,1,4,Skip
6,talk,10,1,12,Skip
6,talk,11,1,15,Over
6,talk,12,2,15,Over
6,talk,13,2,6,VOTE Agent[09]
6,talk,14,2,9,VOTE Agent[12]
6,talk,15,2,12,VOTE Agent[01]
6,talk,16,2,4,VOTE Agent[13]
6,talk,17,2,1,VOTE Agent[15]
6,talk,18,3,15,Over
6,talk,19,3,6,Skip
6,talk,20,3,1,Skip
6,talk,21,3,9,Skip
6,talk,22,3,12,Skip
6,talk,23,3,4,Skip
6,talk,24,4,1,Skip
6,talk,25,4,9,Skip
6,talk,26,4,6,Skip
6,talk,27,4,15,Over
6,talk,28,4,12,Skip
6,talk,29,4,4,Skip
6,talk,30,5,15,Over
6,talk,31,5,4,Over
6,talk,32,5,6,Over
6,talk,33,5,12,Over
6,talk,34,5,9,Over
6,talk,35,5,1,Over
6,vote,1,15
6,vote,4,12
6,vote,6,9
6,vote,9,12
6,vote,12,1
6,vote,15,4
6,execute,12,WEREWOLF
6,divine,15,1,HUMAN
7,status,1,VILLAGER,ALIVE,Sample9
7,status,2,VILLAGER,DEAD,Sample12
7,status,3,MEDIUM,DEAD,Sample8
7,status,4,POSSESSED,ALIVE,Sample11
7,status,5,VILLAGER,DEAD,Sample7
7,status,6,VILLAGER,ALIVE,Sample10
7,status,7,WEREWOLF,DEAD,Sample6
7,status,8,VILLAGER,DEAD,Sample5
7,status,9,VILLAGER,ALIVE,Sample4
7,status,10,WEREWOLF,DEAD,Sample3
7,status,11,VILLAGER,DEAD,Sample14
7,status,12,WEREWOLF,DEAD,Sample2
7,status,13,BODYGUARD,DEAD,Sample13
7,status,14,VILLAGER,DEAD,Sample1
7,status,15,SEER,ALIVE,cash_dqn
7,result,5,0,VILLAGER
