0,status,1,VILLAGER,ALIVE,Sample9
0,status,2,MEDIUM,ALIVE,Sample12
0,status,3,VILLAGER,ALIVE,Sample8
0,status,4,WEREWOLF,ALIVE,Sample11
0,status,5,VILLAGER,ALIVE,Sample7
0,status,6,VILLAGER,ALIVE,Sample10
0,status,7,WEREWOLF,ALIVE,Sample6
0,status,8,BODYGUARD,ALIVE,Sample5
0,status,9,WEREWOLF,ALIVE,Sample4
0,status,10,VILLAGER,ALIVE,Sample3
0,status,11,VILLAGER,ALIVE,Sample14
0,status,12,VILLAGER,ALIVE,Sample2
0,status,13,VILLAGER,ALIVE,Sample13
0,status,14,POSSESSED,ALIVE,Sample1
0,status,15,SEER,ALIVE,cash_dqn
0,whisper,0,0,7,COMINGOUT Agent[07] SEER
0,whisper,1,0,4,COMINGOUT Agent[04] VILLAGER
0,whisper,2,0,9,COMINGOUT Agent[09] SEER
0,whisper,3,1,7,ATTACK Agent[02]
0,whisper,4,1,4,ATTACK Agent[06]
0,whisper,5,1,9,ATTACK Agent[13]
0,whisper,6,2,9,Skip
0,whisper,7,2,7,Skip
0,whisper,8,2,4,Skip
0,whisper,9,3,9,Skip
0,whisper,10,3,7,Skip
0,whisper,11,3,4,Skip
0,whisper,12,4,7,Over
0,whisper,13,4,9,Over
0,whisper,14,4,4,Over
0,divine,15,1,HUMAN
1,status,1,VILLAGER,ALIVE,Sample9
1,status,2,MEDIUM,ALIVE,Sample12
1,status,3,VILLAGER,ALIVE,Sample8
1,status,4,WEREWOLF,ALIVE,Sample11
1,status,5,VILLAGER,ALIVE,Sample7
1,status,6,VILLAGER,ALIVE,Sample10
1,status,7,WEREWOLF,ALIVE,Sample6
1,status,8,BODYGUARD,ALIVE,Sample5
1,status,9,WEREWOLF,ALIVE,Sample4
1,status,10,VILLAGER,ALIVE,Sample3
1,status,11,VILLAGER,ALIVE,Sample14
1,status,12,VILLAGER,ALIVE,Sample2
1,status,13,VILLAGER,ALIVE,Sample13
1,status,14,POSSESSED,ALIVE,Sample1
1,status,15,SEER,ALIVE,cash_dqn
1,talk,0,0,10,Skip
1,talk,1,0,13,Skip
1,talk,2,0,1,Skip
1,talk,3,0,5,Skip
1,talk,4,0,9,COMINGOUT Agent[09] SEER
1,talk,5,0,11,Skip
1,talk,6,0,14,Skip
1,talk,7,0,4,ESTIMATE Agent[03] WEREWOLF
1,talk,8,0,6,Skip
1,talk,9,0,2,COMINGOUT Agent[02] MEDIUM
1,talk,10,0,7,ESTIMATE Agent[10] WEREWOLF
1,talk,11,0,12,Skip
1,talk,12,0,8,Skip
1,talk,13,0,15,Over
1,talk,14,0,3,Skip
1,talk,15,1,15,Over
1,talk,16,1,11,Skip
1,talk,17,1,1,Skip
1,talk,18,1,9,ESTIMATE Agent[08] WEREWOLF
1,talk,19,1,7,Skip
1,talk,20,1,10,Skip
1,talk,21,1,13,Skip
1,talk,22,1,4,Skip
1,talk,23,1,2,Skip
1,talk,24,1,3,Skip
1,talk,25,1,12,Skip
1,talk,26,1,14,COMINGOUT Agent[14] SEER
1,talk,27,1,8,Skip
1,talk,28,1,6,Skip
1,talk,29,1,5,Skip
1,talk,30,2,8,VOTE Agent[07]
1,talk,31,2,1,VOTE Agent[15]
1,talk,32,2,5,VOTE Agent[08]
1,talk,33,2,2,VOTE Agent[07]
1,talk,34,2,7,VOTE Agent[10]
1,talk,35,2,6,VOTE Agent[01]
1,talk,36,2,4,VOTE Agent[03]
1,talk,37,2,3,VOTE Agent[08]
1,talk,38,2,10,VOTE Agent[05]
1,talk,39,2,13,VOTE Agent[05]
1,talk,40,2,9,DIVINED Agent[08] WEREWOLF
1,talk,41,2,15,Over
1,talk,42,2,11,VOTE Agent[04]
1,talk,43,2,14,DAY 1 (DIVINED Agent[09] WEREWOLF)
1,talk,44,2,12,VOTE Agent[09]
1,talk,45,3,12,Skip
1,talk,46,3,15,Over
1,talk,47,3,7,Skip
1,talk,48,3,11,Skip
1,talk,49,3,6,Skip
1,talk,50,3,8,BECAUSE (AND (COMINGOUT Agent[08] VILLAGER) (DAY 1 (Agent[09] DIVINED Agent[08] WEREWOLF))) (XOR (ESTIMATE Agent[09] WEREWOLF) (ESTIMATE Agent[09] POSSESSED))
1,talk,51,3,13,Skip
1,talk,52,3,1,Skip
1,talk,53,3,3,Skip
1,talk,54,3,4,Skip
1,talk,55,3,10,Skip
1,talk,56,3,5,Skip
1,talk,57,3,2,Skip
1,talk,58,3,14,VOTE Agent[09]
1,talk,59,3,9,VOTE Agent[08]
1,talk,60,4,11,Skip
1,talk,61,4,8,BECAUSE (XOR (ESTIMATE Agent[09] WEREWOLF) (ESTIMATE Agent[09] POSSESSED)) (VOTE Agent[09])
1,talk,62,4,5,Skip
1,talk,63,4,13,Skip
1,talk,64,4,10,Skip
1,talk,65,4,7,Skip
1,talk,66,4,6,Skip
1,talk,67,4,9,Skip
1,talk,68,4,2,Skip
1,talk,69,4,4,Skip
1,talk,70,4,15,Over
1,talk,71,4,12,Skip
1,talk,72,4,14,Skip
1,talk,73,4,3,Skip
1,talk,74,4,1,Skip
1,talk,75,5,5,Over
1,talk,76,5,14,Skip
1,talk,77,5,4,Over
1,talk,78,5,11,Over
1,talk,79,5,13,Over
1,talk,80,5,6,Over
1,talk,81,5,8,Skip
1,talk,82,5,7,Over
1,talk,83,5,3,Over
1,talk,84,5,15,Over
1,talk,85,5,10,Over
1,talk,86,5,9,Skip
1,talk,87,5,2,Over
1,talk,88,5,12,Over
1,talk,89,5,1,Over
1,talk,90,6,10,Over
1,talk,91,6,6,Over
1,talk,92,6,2,Over
1,talk,93,6,15,Over
1,talk,94,6,8,Skip
1,talk,95,6,9,Over
1,talk,96,6,1,Over
1,talk,97,6,5,Over
1,talk,98,6,4,Over
1,talk,99,6,12,Over
1,talk,100,6,14,Over
1,talk,101,6,13,Over
1,talk,102,6,11,Over
1,talk,103,6,7,Over
1,talk,104,6,3,Over
1,talk,105,7,2,Over
1,talk,106,7,7,Over
1,talk,107,7,12,Over
1,talk,108,7,6,Over
1,talk,109,7,4,Over
1,talk,110,7,3,Over
1,talk,111,7,10,Over
1,talk,112,7,5,Over
1,talk,113,7,8,Over
1,talk,114,7,13,Over
1,talk,115,7,9,Over
1,talk,116,7,1,Over
1,talk,117,7,15,Over
1,talk,118,7,14,Over
1,talk,119,7,11,Over
1,vote,1,15
1,vote,2,7
1,vote,3,8
1,vote,4,3
1,vote,5,8
1,vote,6,1
1,vote,7,10
1,vote,8,9
1,vote,9,8
1,vote,10,5
1,vote,11,4
1,vote,12,9
1,vote,13,5
1,vote,14,9
1,vote,15,9
1,execute,9,WEREWOLF
1,divine,15,10,HUMAN
1,whisper,0,0,7,COMINGOUT Agent[07] VILLAGER
1,whisper,1,0,4,BECAUSE (Agent[02] COMINGOUT Agent[02] MEDIUM) (ATTACK Agent[02])
1,whisper,2,1,4,Skip
1,whisper,3,1,7,BECAUSE (Agent[14] COMINGOUT Agent[14] SEER) (ATTACK Agent[14])
1,whisper,4,2,7,Skip
1,whisper,5,2,4,Skip
1,whisper,6,3,7,Skip
1,whisper,7,3,4,Over
1,whisper,8,4,7,Over
1,whisper,9,4,4,Over
1,guard,8,14,POSSESSED
1,attack,3,true
2,status,1,VILLAGER,ALIVE,Sample9
2,status,2,MEDIUM,ALIVE,Sample12
2,status,3,VILLAGER,DEAD,Sample8
2,status,4,WEREWOLF,ALIVE,Sample11
2,status,5,VILLAGER,ALIVE,Sample7
2,status,6,VILLAGER,ALIVE,Sample10
2,status,7,WEREWOLF,ALIVE,Sample6
2,status,8,BODYGUARD,ALIVE,Sample5
2,status,9,WEREWOLF,DEAD,Sample4
2,status,10,VILLAGER,ALIVE,Sample3
2,status,11,VILLAGER,ALIVE,Sample14
2,status,12,VILLAGER,ALIVE,Sample2
2,status,13,VILLAGER,ALIVE,Sample13
2,status,14,POSSESSED,ALIVE,Sample1
2,status,15,SEER,ALIVE,cash_dqn
2,talk,0,0,2,DAY 2 (IDENTIFIED Agent[09] WEREWOLF)
2,talk,1,0,7,ESTIMATE Agent[06] WEREWOLF
2,talk,2,0,11,Skip
2,talk,3,0,6,Skip
2,talk,4,0,15,Over
2,talk,5,0,8,Skip
2,talk,6,0,10,Skip
2,talk,7,0,14,DAY 2 (DIVINED Agent[06] HUMAN)
2,talk,8,0,12,Skip
2,talk,9,0,4,ESTIMATE Agent[08] WEREWOLF
2,talk,10,0,5,Skip
2,talk,11,0,13,Skip
2,talk,12,0,1,Skip
2,talk,13,1,10,Skip
2,talk,14,1,7,Skip
2,talk,15,1,8,Skip
2,talk,16,1,4,Skip
2,talk,17,1,14,Skip
2,talk,18,1,1,Skip
2,talk,19,1,2,Skip
2,talk,20,1,15,Over
2,talk,21,1,6,Skip
2,talk,22,1,13,Skip
2,talk,23,1,5,Skip
2,talk,24,1,11,Skip
2,talk,25,1,12,Skip
2,talk,26,2,14,VOTE Agent[03]
2,talk,27,2,1,VOTE Agent[04]
2,talk,28,2,5,VOTE Agent[12]
2,talk,29,2,12,VOTE Agent[11]
2,talk,30,2,15,Over
2,talk,31,2,2,VOTE Agent[14]
2,talk,32,2,4,VOTE Agent[08]
2,talk,33,2,13,VOTE Agent[14]
2,talk,34,2,8,VOTE Agent[02]
2,talk,35,2,7,VOTE Agent[06]
2,talk,36,2,10,VOTE Agent[11]
2,talk,37,2,11,VOTE Agent[08]
2,talk,38,2,6,VOTE Agent[15]
2,talk,39,3,10,Skip
2,talk,40,3,11,Skip
2,talk,41,3,6,Skip
2,talk,42,3,8,Skip
2,talk,43,3,13,Skip
2,talk,44,3,1,Skip
2,talk,45,3,12,Skip
2,talk,46,3,2,Skip
2,talk,47,3,4,Skip
2,talk,48,3,7,Skip
2,talk,49,3,5,Skip
2,talk,50,3,14,Skip
2,talk,51,3,15,Over
2,talk,52,4,8,Skip
2,talk,53,4,15,Over
2,talk,54,4,1,Skip
2,talk,55,4,7,Skip
2,talk,56,4,10,Skip
2,talk,57,4,2,Skip
2,talk,58,4,4,Skip
2,talk,59,4,6,Skip
2,talk,60,4,12,Skip
2,talk,61,4,5,Skip
2,talk,62,4,14,Skip
2,talk,63,4,13,Skip
2,talk,64,4,11,Skip
2,talk,65,5,10,Over
2,talk,66,5,11,Over
2,talk,67,5,1,Over
2,talk,68,5,6,Over
2,talk,69,5,4,Over
2,talk,70,5,2,Over
2,talk,71,5,13,Over
2,talk,72,5,5,Over
2,talk,73,5,8,Over
2,talk,74,5,15,Over
2,talk,75,5,7,Over
2,talk,76,5,12,Over
2,talk,77,5,14,Over
2,vote,1,4
2,vote,2,14
2,vote,4,8
2,vote,5,12
2,vote,6,15
2,vote,7,6
2,vote,8,2
2,vote,10,11
2,vote,11,8
2,vote,12,11
2,vote,13,14
2,vote,14,2
2,vote,15,8
2,execute,8,BODYGUARD
2,divine,15,2,HUMAN
2,whisper,0,0,7,BECAUSE (Agent[14] COMINGOUT Agent[14] SEER) (ATTACK Agent[14])
2,whisper,1,0,4,BECAUSE (Agent[14] COMINGOUT Agent[14] SEER) (ATTACK Agent[14])
2,whisper,2,1,4,Skip
2,whisper,3,1,7,Skip
2,whisper,4,2,4,Skip
2,whisper,5,2,7,Skip
2,whisper,6,3,4,Over
2,whisper,7,3,7,Over
2,attack,6,true
3,status,1,VILLAGER,ALIVE,Sample9
3,status,2,MEDIUM,ALIVE,Sample12
3,status,3,VILLAGER,DEAD,Sample8
3,status,4,WEREWOLF,ALIVE,Sample11
3,status,5,VILLAGER,ALIVE,Sample7
3,status,6,VILLAGER,DEAD,Sample10
3,status,7,WEREWOLF,ALIVE,Sample6
3,status,8,BODYGUARD,DEAD,Sample5
3,status,9,WEREWOLF,DEAD,Sample4
3,status,10,VILLAGER,ALIVE,Sample3
3,status,11,VILLAGER,ALIVE,Sample14
3,status,12,VILLAGER,ALIVE,Sample2
3,status,13,VILLAGER,ALIVE,Sample13
3,status,14,POSSESSED,ALIVE,Sample1
3,status,15,SEER,ALIVE,cash_dqn
3,talk,0,0,7,ESTIMATE Agent[12] WEREWOLF
3,talk,1,0,12,Skip
3,talk,2,0,15,Over
3,talk,3,0,2,DAY 3 (IDENTIFIED Agent[08] HUMAN)
3,talk,4,0,13,Skip
3,talk,5,0,1,Skip
3,talk,6,0,14,DAY 3 (DIVINED Agent[01] HUMAN)
3,talk,7,0,10,Skip
3,talk,8,0,11,Skip
3,talk,9,0,4,ESTIMATE Agent[05] WEREWOLF
3,talk,10,0,5,Skip
3,talk,11,1,11,Skip
3,talk,12,1,2,Skip
3,talk,13,1,1,Skip
3,talk,14,1,10,Skip
3,talk,15,1,13,Skip
3,talk,16,1,15,Over
3,talk,17,1,12,Skip
3,talk,18,1,5,Skip
3,talk,19,1,7,Skip
3,talk,20,1,14,Skip
3,talk,21,1,4,Skip
3,talk,22,2,2,VOTE Agent[12]
3,talk,23,2,10,VOTE Agent[07]
3,talk,24,2,4,VOTE Agent[05]
3,talk,25,2,12,VOTE Agent[14]
3,talk,26,2,11,VOTE Agent[15]
3,talk,27,2,15,Over
3,talk,28,2,14,VOTE Agent[05]
3,talk,29,2,7,VOTE Agent[12]
3,talk,30,2,1,VOTE Agent[15]
3,talk,31,2,13,VOTE Agent[15]
3,talk,32,2,5,VOTE Agent[14]
3,talk,33,3,13,Skip
3,talk,34,3,15,Over
3,talk,35,3,2,Skip
3,talk,36,3,1,Skip
3,talk,37,3,10,Skip
3,talk,38,3,11,Skip
3,talk,39,3,7,Skip
3,talk,40,3,4,Skip
3,talk,41,3,5,Skip
3,talk,42,3,12,Skip
3,talk,43,3,14,Skip
3,talk,44,4,13,Skip
3,talk,45,4,1,Skip
3,talk,46,4,14,Skip
3,talk,47,4,15,Over
3,talk,48,4,12,Skip
3,talk,49,4,5,Skip
3,talk,50,4,4,Skip
3,talk,51,4,10,Skip
3,talk,52,4,2,Skip
3,talk,53,4,11,Skip
3,talk,54,4,7,Skip
3,talk,55,5,5,Over
3,talk,56,5,1,Over
3,talk,57,5,2,Over
3,talk,58,5,7,Over
3,talk,59,5,11,Over
3,talk,60,5,14,Over
3,talk,61,5,15,Over
3,talk,62,5,10,Over
3,talk,63,5,13,Over
3,talk,64,5,4,Over
3,talk,65,5,12,Over
3,vote,1,15
3,vote,2,12
3,vote,4,5
3,vote,5,14
3,vote,7,12
3,vote,10,7
3,vote,11,15
3,vote,12,14
3,vote,13,15
3,vote,14,5
3,vote,15,5
3,vote,1,15
3,vote,2,12
3,vote,4,5
3,vote,5,14
3,vote,7,12
3,vote,10,7
3,vote,11,15
3,vote,12,14
3,vote,13,15
3,vote,14,5
3,vote,15,11
3,execute,15,SEER
3,whisper,0,0,7,BECAUSE (Agent[14] COMINGOUT Agent[14] SEER) (ATTACK Agent[14])
3,whisper,1,0,4,BECAUSE (Agent[14] COMINGOUT Agent[14] SEER) (ATTACK Agent[14])
3,whisper,2,1,7,Skip
3,whisper,3,1,4,Skip
3,whisper,4,2,7,Skip
3,whisper,5,2,4,Skip
3,whisper,6,3,7,Over
3,whisper,7,3,4,Over
3,attack,12,true
4,status,1,VILLAGER,ALIVE,Sample9
4,status,2,MEDIUM,ALIVE,Sample12
4,status,3,VILLAGER,DEAD,Sample8
4,status,4,WEREWOLF,ALIVE,Sample11
4,status,5,VILLAGER,ALIVE,Sample7
4,status,6,VILLAGER,DEAD,Sample10
4,status,7,WEREWOLF,ALIVE,Sample6
4,status,8,BODYGUARD,DEAD,Sample5
4,status,9,WEREWOLF,DEAD,Sample4
4,status,10,VILLAGER,ALIVE,Sample3
4,status,11,VILLAGER,ALIVE,Sample14
4,status,12,VILLAGER,DEAD,Sample2
4,status,13,VILLAGER,ALIVE,Sample13
4,status,14,POSSESSED,ALIVE,Sample1
4,status,15,SEER,DEAD,cash_dqn
4,talk,0,0,13,Skip
4,talk,1,0,4,ESTIMATE Agent[02] WEREWOLF
4,talk,2,0,1,Skip
4,talk,3,0,14,DAY 4 (DIVINED Agent[11] HUMAN)
4,talk,4,0,7,ESTIMATE Agent[05] WEREWOLF
4,talk,5,0,10,Skip
4,talk,6,0,11,Skip
4,talk,7,0,5,Skip
4,talk,8,0,2,DAY 4 (IDENTIFIED Agent[15] HUMAN)
4,talk,9,1,11,Skip
4,talk,10,1,4,Skip
4,talk,11,1,5,Skip
4,talk,12,1,2,Skip
4,talk,13,1,10,Skip
4,talk,14,1,14,Skip
4,talk,15,1,13,Skip
4,talk,16,1,1,Skip
4,talk,17,1,7,Skip
4,talk,18,2,13,VOTE Agent[02]
4,talk,19,2,7,VOTE Agent[05]
4,talk,20,2,11,VOTE Agent[14]
4,talk,21,2,10,VOTE Agent[13]
4,talk,22,2,2,VOTE Agent[01]
4,talk,23,2,1,VOTE Agent[07]
4,talk,24,2,4,VOTE Agent[02]
4,talk,25,2,14,VOTE Agent[05]
4,talk,26,2,5,VOTE Agent[04]
4,talk,27,3,7,Skip
4,talk,28,3,14,Skip
4,talk,29,3,2,Skip
4,talk,30,3,4,Skip
4,talk,31,3,10,Skip
4,talk,32,3,13,Skip
4,talk,33,3,5,Skip
4,talk,34,3,1,Skip
4,talk,35,3,11,Skip
4,talk,36,4,14,Skip
4,talk,37,4,4,Skip
4,talk,38,4,10,Skip
4,talk,39,4,2,Skip
4,talk,40,4,1,Skip
4,talk,41,4,11,Skip
4,talk,42,4,7,Skip
4,talk,43,4,5,Skip
4,talk,44,4,13,Skip
4,talk,45,5,13,Over
4,talk,46,5,1,Over
4,talk,47,5,14,Over
4,talk,48,5,10,Over
4,talk,49,5,5,Over
4,talk,50,5,2,Over
4,talk,51,5,4,Over
4,talk,52,5,11,Over
4,talk,53,5,7,Over
4,vote,1,7
4,vote,2,1
4,vote,4,2
4,vote,5,4
4,vote,7,5
4,vote,10,13
4,vote,11,14
4,vote,13,2
4,vote,14,5
4,vote,1,7
4,vote,2,1
4,vote,4,2
4,vote,5,4
4,vote,7,5
4,vote,10,13
4,vote,11,14
4,vote,13,2
4,vote,14,5
4,execute,2,MEDIUM
4,whisper,0,0,4,BECAUSE (Agent[14] COMINGOUT Agent[14] SEER) (ATTACK Agent[14])
4,whisper,1,0,7,BECAUSE (Agent[14] COMINGOUT Agent[14] SEER) (ATTACK Agent[14])
4,whisper,2,1,4,Skip
4,whisper,3,1,7,Skip
4,whisper,4,2,4,Skip
4,whisper,5,2,7,Skip
4,whisper,6,3,7,Over
4,whisper,7,3,4,Over
4,attack,11,true
5,status,1,VILLAGER,ALIVE,Sample9
5,status,2,MEDIUM,DEAD,Sample12
5,status,3,VILLAGER,DEAD,Sample8
5,status,4,WEREWOLF,ALIVE,Sample11
5,status,5,VILLAGER,ALIVE,Sample7
5,status,6,VILLAGER,DEAD,Sample10
5,status,7,WEREWOLF,ALIVE,Sample6
5,status,8,BODYGUARD,DEAD,Sample5
5,status,9,WEREWOLF,DEAD,Sample4
5,status,10,VILLAGER,ALIVE,Sample3
5,status,11,VILLAGER,DEAD,Sample14
5,status,12,VILLAGER,DEAD,Sample2
5,status,13,VILLAGER,ALIVE,Sample13
5,status,14,POSSESSED,ALIVE,Sample1
5,status,15,SEER,DEAD,cash_dqn
5,talk,0,0,14,DAY 5 (DIVINED Agent[04] HUMAN)
5,talk,1,0,4,ESTIMATE Agent[14] WEREWOLF
5,talk,2,0,10,Skip
5,talk,3,0,1,Skip
5,talk,4,0,7,ESTIMATE Agent[10] WEREWOLF
5,talk,5,0,5,Skip
5,talk,6,0,13,Skip
5,talk,7,1,13,Skip
5,talk,8,1,4,ESTIMATE Agent[13] WEREWOLF
5,talk,9,1,5,Skip
5,talk,10,1,14,Skip
5,talk,11,1,10,Skip
5,talk,12,1,7,Skip
5,talk,13,1,1,Skip
5,talk,14,2,4,VOTE Agent[13]
5,talk,15,2,14,VOTE Agent[08]
5,talk,16,2,13,VOTE Agent[14]
5,talk,17,2,5,VOTE Agent[14]
5,talk,18,2,7,VOTE Agent[10]
5,talk,19,2,10,VOTE Agent[07]
5,talk,20,2,1,VOTE Agent[14]
5,talk,21,3,7,Skip
5,talk,22,3,1,Skip
5,talk,23,3,13,Skip
5,talk,24,3,10,Skip
5,talk,25,3,5,Skip
5,talk,26,3,4,Skip
5,talk,27,3,14,Skip
5,talk,28,4,14,Skip
5,talk,29,4,13,Skip
5,talk,30,4,10,Skip
5,talk,31,4,5,Skip
5,talk,32,4,4,Skip
5,talk,33,4,7,Skip
5,talk,34,4,1,Skip
5,talk,35,5,14,Over
5,talk,36,5,7,Over
5,talk,37,5,5,Over
5,talk,38,5,10,Over
5,talk,39,5,1,Over
5,talk,40,5,4,Over
5,talk,41,5,13,Over
5,vote,1,14
5,vote,4,13
5,vote,5,14
5,vote,7,10
5,vote,10,7
5,vote,13,14
5,vote,14,5
5,execute,14,POSSESSED
5,whisper,0,0,4,BECAUSE (AND (NOT (COMINGOUT Agent[14] WEREWOLF)) (COMINGOUT Agent[04] WEREWOLF) (DAY 5 (Agent[14] DIVINED Agent[04] HUMAN))) (ESTIMATE Agent[14] POSSESSED)
5,whisper,1,0,7,BECAUSE (AND (NOT (COMINGOUT Agent[14] WEREWOLF)) (COMINGOUT Agent[04] WEREWOLF) (DAY 5 (Agent[14] DIVINED Agent[04] HUMAN))) (ESTIMATE Agent[14] POSSESSED)
5,whisper,2,1,7,ATTACK Agent[10]
5,whisper,3,1,4,ATTACK Agent[10]
5,whisper,4,2,4,Skip
5,whisper,5,2,7,Skip
5,whisper,6,3,7,Skip
5,whisper,7,3,4,Skip
5,whisper,8,4,4,Over
5,whisper,9,4,7,Over
5,attack,1,true
6,status,1,VILLAGER,DEAD,Sample9
6,status,2,MEDIUM,DEAD,Sample12
6,status,3,VILLAGER,DEAD,Sample8
6,status,4,WEREWOLF,ALIVE,Sample11
6,status,5,VILLAGER,ALIVE,Sample7
6,status,6,VILLAGER,DEAD,Sample10
6,status,7,WEREWOLF,ALIVE,Sample6
6,status,8,BODYGUARD,DEAD,Sample5
6,status,9,WEREWOLF,DEAD,Sample4
6,status,10,VILLAGER,ALIVE,Sample3
6,status,11,VILLAGER,DEAD,Sample14
6,status,12,VILLAGER,DEAD,Sample2
6,status,13,VILLAGER,ALIVE,Sample13
6,status,14,POSSESSED,DEAD,Sample1
6,status,15,SEER,DEAD,cash_dqn
6,talk,0,0,5,Skip
6,talk,1,0,10,Skip
6,talk,2,0,7,ESTIMATE Agent[10] WEREWOLF
6,talk,3,0,4,ESTIMATE Agent[10] WEREWOLF
6,talk,4,0,13,Skip
6,talk,5,1,7,Skip
6,talk,6,1,5,Skip
6,talk,7,1,13,Skip
6,talk,8,1,4,Skip
6,talk,9,1,10,Skip
6,talk,10,2,7,VOTE Agent[10]
6,talk,11,2,5,VOTE Agent[04]
6,talk,12,2,10,VOTE Agent[07]
6,talk,13,2,13,VOTE Agent[10]
6,talk,14,2,4,VOTE Agent[10]
6,talk,15,3,13,Skip
6,talk,16,3,7,Skip
6,talk,17,3,5,Skip
6,talk,18,3,10,Skip
6,talk,19,3,4,Skip
6,talk,20,4,4,Skip
6,talk,21,4,7,Skip
6,talk,22,4,5,Skip
6,talk,23,4,13,Skip
6,talk,24,4,10,Skip
6,talk,25,5,13,Over
6,talk,26,5,4,Over
6,talk,27,5,10,Over
6,talk,28,5,5,Over
6,talk,29,5,7,Over
6,vote,4,10
6,vote,5,4
6,vote,7,10
6,vote,10,7
6,vote,13,10
6,execute,10,VILLAGER
6,whisper,0,0,4,ATTACK Agent[05]
6,whisper,1,0,7,ATTACK Agent[05]
6,whisper,2,1,7,Skip
6,whisper,3,1,4,Skip
6,whisper,4,2,7,Skip
6,whisper,5,2,4,Skip
6,whisper,6,3,7,Over
6,whisper,7,3,4,Over
6,attack,5,true
7,status,1,VILLAGER,DEAD,Sample9
7,status,2,MEDIUM,DEAD,Sample12
7,status,3,VILLAGER,DEAD,Sample8
7,status,4,WEREWOLF,ALIVE,Sample11
7,status,5,VILLAGER,DEAD,Sample7
7,status,6,VILLAGER,DEAD,Sample10
7,status,7,WEREWOLF,ALIVE,Sample6
7,status,8,BODYGUARD,DEAD,Sample5
7,status,9,WEREWOLF,DEAD,Sample4
7,status,10,VILLAGER,DEAD,Sample3
7,status,11,VILLAGER,DEAD,Sample14
7,status,12,VILLAGER,DEAD,Sample2
7,status,13,VILLAGER,ALIVE,Sample13
7,status,14,POSSESSED,DEAD,Sample1
7,status,15,SEER,DEAD,cash_dqn
7,result,1,2,WEREWOLF
