0,status,1,VILLAGER,ALIVE,Sample9
0,status,2,WEREWOLF,ALIVE,Sample12
0,status,3,WEREWOLF,ALIVE,Sample8
0,status,4,VILLAGER,ALIVE,Sample11
0,status,5,VILLAGER,ALIVE,Sample7
0,status,6,POSSESSED,ALIVE,Sample10
0,status,7,WEREWOLF,ALIVE,Sample6
0,status,8,VILLAGER,ALIVE,Sample5
0,status,9,VILLAGER,ALIVE,Sample4
0,status,10,SEER,ALIVE,Sample3
0,status,11,VILLAGER,ALIVE,Sample14
0,status,12,BODYGUARD,ALIVE,Sample2
0,status,13,VILLAGER,ALIVE,Sample13
0,status,14,VILLAGER,ALIVE,Sample1
0,status,15,MEDIUM,ALIVE,cash_dqn
0,whisper,0,0,7,COMINGOUT Agent[07] VILLAGER
0,whisper,1,0,3,COMINGOUT Agent[03] SEER
0,whisper,2,0,2,COMINGOUT Agent[02] MEDIUM
0,whisper,3,1,7,ATTACK Agent[09]
0,whisper,4,1,2,ATTACK Agent[11]
0,whisper,5,1,3,ATTACK Agent[15]
0,whisper,6,2,3,Skip
0,whisper,7,2,2,Skip
0,whisper,8,2,7,Skip
0,whisper,9,3,2,Skip
0,whisper,10,3,3,Skip
0,whisper,11,3,7,Skip
0,whisper,12,4,3,Over
0,whisper,13,4,7,Over
0,whisper,14,4,2,Over
0,divine,10,11,HUMAN
1,status,1,VILLAGER,ALIVE,Sample9
1,status,2,WEREWOLF,ALIVE,Sample12
1,status,3,WEREWOLF,ALIVE,Sample8
1,status,4,VILLAGER,ALIVE,Sample11
1,status,5,VILLAGER,ALIVE,Sample7
1,status,6,POSSESSED,ALIVE,Sample10
1,status,7,WEREWOLF,ALIVE,Sample6
1,status,8,VILLAGER,ALIVE,Sample5
1,status,9,VILLAGER,ALIVE,Sample4
1,status,10,SEER,ALIVE,Sample3
1,status,11,VILLAGER,ALIVE,Sample14
1,status,12,BODYGUARD,ALIVE,Sample2
1,status,13,VILLAGER,ALIVE,Sample13
1,status,14,VILLAGER,ALIVE,Sample1
1,status,15,MEDIUM,ALIVE,cash_dqn
1,talk,0,0,12,Skip
1,talk,1,0,5,Skip
1,talk,2,0,8,Skip
1,talk,3,0,10,Skip
1,talk,4,0,15,Over
1,talk,5,0,13,Skip
1,talk,6,0,4,Skip
1,talk,7,0,11,Skip
1,talk,8,0,7,ESTIMATE Agent[09] WEREWOLF
1,talk,9,0,3,ESTIMATE Agent[13] WEREWOLF
1,talk,10,0,14,Skip
1,talk,11,0,2,ESTIMATE Agent[06] WEREWOLF
1,talk,12,0,9,Skip
1,talk,13,0,6,Skip
1,talk,14,0,1,Skip
1,talk,15,1,11,Skip
1,talk,16,1,7,Skip
1,talk,17,1,4,Skip
1,talk,18,1,15,Over
1,talk,19,1,14,Skip
1,talk,20,1,12,Skip
1,talk,21,1,3,Skip
1,talk,22,1,9,Skip
1,talk,23,1,13,Skip
1,talk,24,1,5,Skip
1,talk,25,1,10,Skip
1,talk,26,1,2,Skip
1,talk,27,1,6,Skip
1,talk,28,1,1,Skip
1,talk,29,1,8,Skip
1,talk,30,2,2,VOTE Agent[06]
1,talk,31,2,7,VOTE Agent[09]
1,talk,32,2,13,VOTE Agent[10]
1,talk,33,2,3,VOTE Agent[13]
1,talk,34,2,6,VOTE Agent[07]
1,talk,35,2,14,VOTE Agent[11]
1,talk,36,2,15,Over
1,talk,37,2,1,VOTE Agent[09]
1,talk,38,2,10,VOTE Agent[15]
1,talk,39,2,8,VOTE Agent[10]
1,talk,40,2,9,VOTE Agent[06]
1,talk,41,2,5,VOTE Agent[01]
1,talk,42,2,4,VOTE Agent[12]
1,talk,43,2,11,VOTE Agent[09]
1,talk,44,2,12,VOTE Agent[10]
1,talk,45,3,15,Over
1,talk,46,3,13,Skip
1,talk,47,3,2,Skip
1,talk,48,3,11,Skip
1,talk,49,3,8,Skip
1,talk,50,3,1,Skip
1,talk,51,3,7,Skip
1,talk,52,3,9,Skip
1,talk,53,3,4,Skip
1,talk,54,3,3,Skip
1,talk,55,3,10,Skip
1,talk,56,3,12,Skip
1,talk,57,3,5,Skip
1,talk,58,3,14,Skip
1,talk,59,3,6,Skip
1,talk,60,4,9,Skip
1,talk,61,4,8,Skip
1,talk,62,4,11,Skip
1,talk,63,4,12,Skip
1,talk,64,4,3,Skip
1,talk,65,4,10,Skip
1,talk,66,4,7,Skip
1,talk,67,4,15,Over
1,talk,68,4,1,Skip
1,talk,69,4,13,Skip
1,talk,70,4,5,Skip
1,talk,71,4,14,Skip
1,talk,72,4,6,Skip
1,talk,73,4,2,Skip
1,talk,74,4,4,Skip
1,talk,75,5,7,Over
1,talk,76,5,5,Over
1,talk,77,5,1,Over
1,talk,78,5,6,Over
1,talk,79,5,2,Over
1,talk,80,5,9,Over
1,talk,81,5,4,Over
1,talk,82,5,10,Over
1,talk,83,5,3,Over
1,talk,84,5,11,Over
1,talk,85,5,13,Over
1,talk,86,5,14,Over
1,talk,87,5,12,Over
1,talk,88,5,8,Over
1,talk,89,5,15,Over
1,vote,1,9
1,vote,2,6
1,vote,3,13
1,vote,4,12
1,vote,5,1
1,vote,6,7
1,vote,7,9
1,vote,8,10
1,vote,9,6
1,vote,10,15
1,vote,11,9
1,vote,12,10
1,vote,13,10
1,vote,14,11
1,vote,15,6
1,vote,1,9
1,vote,2,6
1,vote,3,13
1,vote,4,12
1,vote,5,1
1,vote,6,7
1,vote,7,9
1,vote,8,10
1,vote,9,6
1,vote,10,15
1,vote,11,9
1,vote,12,10
1,vote,13,10
1,vote,14,11
1,vote,15,14
1,execute,10,SEER
1,whisper,0,0,7,ATTACK Agent[11]
1,whisper,1,0,3,ATTACK Agent[06]
1,whisper,2,0,2,ATTACK Agent[12]
1,whisper,3,1,7,Skip
1,whisper,4,1,2,Skip
1,whisper,5,1,3,Skip
1,whisper,6,2,7,Skip
1,whisper,7,2,3,Skip
1,whisper,8,2,2,Skip
1,whisper,9,3,3,Over
1,whisper,10,3,7,Over
1,whisper,11,3,2,Over
1,guard,12,8,VILLAGER
1,attack,6,true
2,status,1,VILLAGER,ALIVE,Sample9
2,status,2,WEREWOLF,ALIVE,Sample12
2,status,3,WEREWOLF,ALIVE,Sample8
2,status,4,VILLAGER,ALIVE,Sample11
2,status,5,VILLAGER,ALIVE,Sample7
2,status,6,POSSESSED,DEAD,Sample10
2,status,7,WEREWOLF,ALIVE,Sample6
2,status,8,VILLAGER,ALIVE,Sample5
2,status,9,VILLAGER,ALIVE,Sample4
2,status,10,SEER,DEAD,Sample3
2,status,11,VILLAGER,ALIVE,Sample14
2,status,12,BODYGUARD,ALIVE,Sample2
2,status,13,VILLAGER,ALIVE,Sample13
2,status,14,VILLAGER,ALIVE,Sample1
2,status,15,MEDIUM,ALIVE,cash_dqn
2,talk,0,0,8,Skip
2,talk,1,0,11,Skip
2,talk,2,0,13,Skip
2,talk,3,0,5,Skip
2,talk,4,0,9,Skip
2,talk,5,0,12,Skip
2,talk,6,0,15,Over
2,talk,7,0,1,Skip
2,talk,8,0,2,ESTIMATE Agent[04] WEREWOLF
2,talk,9,0,3,ESTIMATE Agent[15] WEREWOLF
2,talk,10,0,4,Skip
2,talk,11,0,14,Skip
2,talk,12,0,7,ESTIMATE Agent[11] WEREWOLF
2,talk,13,1,7,Skip
2,talk,14,1,4,Skip
2,talk,15,1,3,Skip
2,talk,16,1,15,Over
2,talk,17,1,11,Skip
2,talk,18,1,12,Skip
2,talk,19,1,13,Skip
2,talk,20,1,1,Skip
2,talk,21,1,2,Skip
2,talk,22,1,9,Skip
2,talk,23,1,8,Skip
2,talk,24,1,5,Skip
2,talk,25,1,14,Skip
2,talk,26,2,4,VOTE Agent[12]
2,talk,27,2,13,VOTE Agent[14]
2,talk,28,2,9,VOTE Agent[02]
2,talk,29,2,5,VOTE Agent[13]
2,talk,30,2,14,VOTE Agent[02]
2,talk,31,2,11,VOTE Agent[12]
2,talk,32,2,15,Over
2,talk,33,2,2,VOTE Agent[04]
2,talk,34,2,3,VOTE Agent[15]
2,talk,35,2,8,VOTE Agent[05]
2,talk,36,2,1,VOTE Agent[04]
2,talk,37,2,12,VOTE Agent[15]
2,talk,38,2,7,VOTE Agent[11]
2,talk,39,3,7,Skip
2,talk,40,3,5,Skip
2,talk,41,3,2,Skip
2,talk,42,3,15,Over
2,talk,43,3,4,Skip
2,talk,44,3,14,Skip
2,talk,45,3,1,Skip
2,talk,46,3,13,Skip
2,talk,47,3,3,Skip
2,talk,48,3,9,Skip
2,talk,49,3,11,Skip
2,talk,50,3,8,Skip
2,talk,51,3,12,Skip
2,talk,52,4,3,Skip
2,talk,53,4,5,Skip
2,talk,54,4,11,Skip
2,talk,55,4,13,Skip
2,talk,56,4,14,Skip
2,talk,57,4,8,Skip
2,talk,58,4,4,Skip
2,talk,59,4,7,Skip
2,talk,60,4,12,Skip
2,talk,61,4,9,Skip
2,talk,62,4,1,Skip
2,talk,63,4,15,Over
2,talk,64,4,2,Skip
2,talk,65,5,3,Over
2,talk,66,5,4,Over
2,talk,67,5,2,Over
2,talk,68,5,7,Over
2,talk,69,5,11,Over
2,talk,70,5,5,Over
2,talk,71,5,14,Over
2,talk,72,5,13,Over
2,talk,73,5,12,Over
2,talk,74,5,9,Over
2,talk,75,5,8,Over
2,talk,76,5,15,Over
2,talk,77,5,1,Over
2,vote,1,4
2,vote,2,4
2,vote,3,15
2,vote,4,12
2,vote,5,13
2,vote,7,11
2,vote,8,5
2,vote,9,2
2,vote,11,12
2,vote,12,15
2,vote,13,14
2,vote,14,2
2,vote,15,11
2,vote,1,4
2,vote,2,4
2,vote,3,15
2,vote,4,12
2,vote,5,13
2,vote,7,11
2,vote,8,5
2,vote,9,2
2,vote,11,12
2,vote,12,15
2,vote,13,14
2,vote,14,2
2,vote,15,5
2,execute,15,MEDIUM
2,whisper,0,0,2,ATTACK Agent[13]
2,whisper,1,0,3,ATTACK Agent[12]
2,whisper,2,0,7,ATTACK Agent[11]
2,whisper,3,1,3,Skip
2,whisper,4,1,7,Skip
2,whisper,5,1,2,Skip
2,whisper,6,2,2,Skip
2,whisper,7,2,3,Skip
2,whisper,8,2,7,Skip
2,whisper,9,3,2,Over
2,whisper,10,3,7,Over
2,whisper,11,3,3,Over
2,guard,12,5,VILLAGER
2,attack,11,true
3,status,1,VILLAGER,ALIVE,Sample9
3,status,2,WEREWOLF,ALIVE,Sample12
3,status,3,WEREWOLF,ALIVE,Sample8
3,status,4,VILLAGER,ALIVE,Sample11
3,status,5,VILLAGER,ALIVE,Sample7
3,status,6,POSSESSED,DEAD,Sample10
3,status,7,WEREWOLF,ALIVE,Sample6
3,status,8,VILLAGER,ALIVE,Sample5
3,status,9,VILLAGER,ALIVE,Sample4
3,status,10,SEER,DEAD,Sample3
3,status,11,VILLAGER,DEAD,Sample14
3,status,12,BODYGUARD,ALIVE,Sample2
3,status,13,VILLAGER,ALIVE,Sample13
3,status,14,VILLAGER,ALIVE,Sample1
3,status,15,MEDIUM,DEAD,cash_dqn
3,talk,0,0,14,Skip
3,talk,1,0,7,ESTIMATE Agent[05] WEREWOLF
3,talk,2,0,1,Skip
3,talk,3,0,9,Skip
3,talk,4,0,5,Skip
3,talk,5,0,13,Skip
3,talk,6,0,2,COMINGOUT Agent[02] MEDIUM
3,talk,7,0,4,Skip
3,talk,8,0,12,Skip
3,talk,9,0,3,COMINGOUT Agent[03] SEER
3,talk,10,0,8,Skip
3,talk,11,1,9,Skip
3,talk,12,1,8,Skip
3,talk,13,1,2,ESTIMATE Agent[08] WEREWOLF
3,talk,14,1,13,Skip
3,talk,15,1,4,Skip
3,talk,16,1,12,Skip
3,talk,17,1,3,ESTIMATE Agent[05] WEREWOLF
3,talk,18,1,7,Skip
3,talk,19,1,14,Skip
3,talk,20,1,1,Skip
3,talk,21,1,5,Skip
3,talk,22,2,14,VOTE Agent[07]
3,talk,23,2,12,VOTE Agent[14]
3,talk,24,2,3,DIVINED Agent[02] HUMAN
3,talk,25,2,1,VOTE Agent[03]
3,talk,26,2,13,VOTE Agent[04]
3,talk,27,2,2,IDENTIFIED Agent[10] WEREWOLF
3,talk,28,2,7,VOTE Agent[05]
3,talk,29,2,9,VOTE Agent[07]
3,talk,30,2,8,VOTE Agent[04]
3,talk,31,2,5,VOTE Agent[02]
3,talk,32,2,4,VOTE Agent[12]
3,talk,33,3,3,DIVINED Agent[12] HUMAN
3,talk,34,3,2,IDENTIFIED Agent[15] WEREWOLF
3,talk,35,3,8,Skip
3,talk,36,3,14,Skip
3,talk,37,3,9,Skip
3,talk,38,3,13,Skip
3,talk,39,3,12,Skip
3,talk,40,3,4,Skip
3,talk,41,3,7,Skip
3,talk,42,3,5,Skip
3,talk,43,3,1,Skip
3,talk,44,4,9,Skip
3,talk,45,4,7,Skip
3,talk,46,4,1,Skip
3,talk,47,4,4,Skip
3,talk,48,4,3,DIVINED Agent[08] HUMAN
3,talk,49,4,13,Skip
3,talk,50,4,5,Skip
3,talk,51,4,8,Skip
3,talk,52,4,14,Skip
3,talk,53,4,12,Skip
3,talk,54,4,2,VOTE Agent[08]
3,talk,55,5,9,Over
3,talk,56,5,5,Over
3,talk,57,5,1,Over
3,talk,58,5,13,Over
3,talk,59,5,14,Over
3,talk,60,5,3,VOTE Agent[05]
3,talk,61,5,2,Skip
3,talk,62,5,8,Over
3,talk,63,5,7,Over
3,talk,64,5,12,Over
3,talk,65,5,4,Over
3,talk,66,6,13,Over
3,talk,67,6,2,Skip
3,talk,68,6,4,Over
3,talk,69,6,9,Over
3,talk,70,6,12,Over
3,talk,71,6,3,Skip
3,talk,72,6,5,Over
3,talk,73,6,7,Over
3,talk,74,6,8,Over
3,talk,75,6,1,Over
3,talk,76,6,14,Over
3,talk,77,7,9,Over
3,talk,78,7,1,Over
3,talk,79,7,4,Over
3,talk,80,7,14,Over
3,talk,81,7,7,Over
3,talk,82,7,8,Over
3,talk,83,7,2,Over
3,talk,84,7,3,Skip
3,talk,85,7,5,Over
3,talk,86,7,12,Over
3,talk,87,7,13,Over
3,talk,88,8,3,Over
3,talk,89,8,2,Over
3,talk,90,8,8,Over
3,talk,91,8,7,Over
3,talk,92,8,13,Over
3,talk,93,8,9,Over
3,talk,94,8,1,Over
3,talk,95,8,14,Over
3,talk,96,8,12,Over
3,talk,97,8,5,Over
3,talk,98,8,4,Over
3,vote,1,3
3,vote,2,8
3,vote,3,5
3,vote,4,12
3,vote,5,2
3,vote,7,5
3,vote,8,4
3,vote,9,7
3,vote,12,14
3,vote,13,4
3,vote,14,7
3,vote,1,3
3,vote,2,8
3,vote,3,5
3,vote,4,12
3,vote,5,2
3,vote,7,5
3,vote,8,4
3,vote,9,7
3,vote,12,14
3,vote,13,4
3,vote,14,7
3,execute,5,VILLAGER
3,whisper,0,0,3,ATTACK Agent[04]
3,whisper,1,0,2,ATTACK Agent[01]
3,whisper,2,0,7,ATTACK Agent[12]
3,whisper,3,1,2,Skip
3,whisper,4,1,3,Skip
3,whisper,5,1,7,Skip
3,whisper,6,2,7,Skip
3,whisper,7,2,2,Skip
3,whisper,8,2,3,Skip
3,whisper,9,3,2,Over
3,whisper,10,3,7,Over
3,whisper,11,3,3,Over
3,guard,12,3,WEREWOLF
3,attack,13,true
4,status,1,VILLAGER,ALIVE,Sample9
4,status,2,WEREWOLF,ALIVE,Sample12
4,status,3,WEREWOLF,ALIVE,Sample8
4,status,4,VILLAGER,ALIVE,Sample11
4,status,5,VILLAGER,DEAD,Sample7
4,status,6,POSSESSED,DEAD,Sample10
4,status,7,WEREWOLF,ALIVE,Sample6
4,status,8,VILLAGER,ALIVE,Sample5
4,status,9,VILLAGER,ALIVE,Sample4
4,status,10,SEER,DEAD,Sample3
4,status,11,VILLAGER,DEAD,Sample14
4,status,12,BODYGUARD,ALIVE,Sample2
4,status,13,VILLAGER,DEAD,Sample13
4,status,14,VILLAGER,ALIVE,Sample1
4,status,15,MEDIUM,DEAD,cash_dqn
4,talk,0,0,4,Skip
4,talk,1,0,1,Skip
4,talk,2,0,8,Skip
4,talk,3,0,3,DIVINED Agent[14] WEREWOLF
4,talk,4,0,14,Skip
4,talk,5,0,2,IDENTIFIED Agent[05] HUMAN
4,talk,6,0,9,Skip
4,talk,7,0,7,ESTIMATE Agent[04] WEREWOLF
4,talk,8,0,12,Skip
4,talk,9,1,12,Skip
4,talk,10,1,9,Skip
4,talk,11,1,7,Skip
4,talk,12,1,4,Skip
4,talk,13,1,3,ESTIMATE Agent[14] WEREWOLF
4,talk,14,1,2,ESTIMATE Agent[09] WEREWOLF
4,talk,15,1,14,BECAUSE (AND (COMINGOUT Agent[14] VILLAGER) (DAY 4 (Agent[03] DIVINED Agent[14] WEREWOLF))) (XOR (ESTIMATE Agent[03] WEREWOLF) (ESTIMATE Agent[03] POSSESSED))
4,talk,16,1,1,Skip
4,talk,17,1,8,Skip
4,talk,18,2,4,VOTE Agent[02]
4,talk,19,2,12,VOTE Agent[14]
4,talk,20,2,7,VOTE Agent[04]
4,talk,21,2,14,BECAUSE (XOR (ESTIMATE Agent[03] WEREWOLF) (ESTIMATE Agent[03] POSSESSED)) (VOTE Agent[03])
4,talk,22,2,3,VOTE Agent[14]
4,talk,23,2,2,VOTE Agent[09]
4,talk,24,2,8,VOTE Agent[12]
4,talk,25,2,1,VOTE Agent[08]
4,talk,26,2,9,VOTE Agent[14]
4,talk,27,3,7,Skip
4,talk,28,3,14,Skip
4,talk,29,3,1,Skip
4,talk,30,3,12,Skip
4,talk,31,3,4,Skip
4,talk,32,3,2,Skip
4,talk,33,3,8,Skip
4,talk,34,3,9,Skip
4,talk,35,3,3,Skip
4,talk,36,4,8,Skip
4,talk,37,4,9,Skip
4,talk,38,4,14,Skip
4,talk,39,4,4,Skip
4,talk,40,4,7,Skip
4,talk,41,4,3,Skip
4,talk,42,4,12,Skip
4,talk,43,4,2,Skip
4,talk,44,4,1,Skip
4,talk,45,5,4,Over
4,talk,46,5,14,Over
4,talk,47,5,3,Over
4,talk,48,5,7,Over
4,talk,49,5,9,Over
4,talk,50,5,12,Over
4,talk,51,5,1,Over
4,talk,52,5,2,Over
4,talk,53,5,8,Over
4,vote,1,8
4,vote,2,9
4,vote,3,14
4,vote,4,2
4,vote,7,4
4,vote,8,12
4,vote,9,14
4,vote,12,14
4,vote,14,3
4,execute,14,VILLAGER
4,whisper,0,0,7,ATTACK Agent[09]
4,whisper,1,0,3,ATTACK Agent[12]
4,whisper,2,0,2,ATTACK Agent[01]
4,whisper,3,1,7,Skip
4,whisper,4,1,3,Skip
4,whisper,5,1,2,Skip
4,whisper,6,2,3,Skip
4,whisper,7,2,7,Skip
4,whisper,8,2,2,Skip
4,whisper,9,3,2,Over
4,whisper,10,3,7,Over
4,whisper,11,3,3,Over
4,guard,12,3,WEREWOLF
4,attack,4,true
5,status,1,VILLAGER,ALIVE,Sample9
5,status,2,WEREWOLF,ALIVE,Sample12
5,status,3,WEREWOLF,ALIVE,Sample8
5,status,4,VILLAGER,DEAD,Sample11
5,status,5,VILLAGER,DEAD,Sample7
5,status,6,POSSESSED,DEAD,Sample10
5,status,7,WEREWOLF,ALIVE,Sample6
5,status,8,VILLAGER,ALIVE,Sample5
5,status,9,VILLAGER,ALIVE,Sample4
5,status,10,SEER,DEAD,Sample3
5,status,11,VILLAGER,DEAD,Sample14
5,status,12,BODYGUARD,ALIVE,Sample2
5,status,13,VILLAGER,DEAD,Sample13
5,status,14,VILLAGER,DEAD,Sample1
5,status,15,MEDIUM,DEAD,cash_dqn
5,talk,0,0,1,Skip
5,talk,1,0,12,Skip
5,talk,2,0,2,IDENTIFIED Agent[14] HUMAN
5,talk,3,0,3,DIVINED Agent[07] HUMAN
5,talk,4,0,8,Skip
5,talk,5,0,9,Skip
5,talk,6,0,7,ESTIMATE Agent[08] WEREWOLF
5,talk,7,1,8,Skip
5,talk,8,1,7,Skip
5,talk,9,1,3,ESTIMATE Agent[01] WEREWOLF
5,talk,10,1,1,Skip
5,talk,11,1,12,Skip
5,talk,12,1,9,Skip
5,talk,13,1,2,ESTIMATE Agent[08] WEREWOLF
5,talk,14,2,7,VOTE Agent[08]
5,talk,15,2,1,VOTE Agent[07]
5,talk,16,2,12,VOTE Agent[02]
5,talk,17,2,3,VOTE Agent[01]
5,talk,18,2,8,VOTE Agent[12]
5,talk,19,2,2,VOTE Agent[08]
5,talk,20,2,9,VOTE Agent[01]
5,talk,21,3,7,Skip
5,talk,22,3,2,Skip
5,talk,23,3,12,Skip
5,talk,24,3,9,Skip
5,talk,25,3,8,Skip
5,talk,26,3,3,Skip
5,talk,27,3,1,Skip
5,talk,28,4,8,Skip
5,talk,29,4,2,Skip
5,talk,30,4,12,Skip
5,talk,31,4,1,Skip
5,talk,32,4,7,Skip
5,talk,33,4,3,Skip
5,talk,34,4,9,Skip
5,talk,35,5,3,Over
5,talk,36,5,2,Over
5,talk,37,5,8,Over
5,talk,38,5,7,Over
5,talk,39,5,1,Over
5,talk,40,5,9,Over
5,talk,41,5,12,Over
5,vote,1,7
5,vote,2,8
5,vote,3,1
5,vote,7,8
5,vote,8,12
5,vote,9,1
5,vote,12,2
5,vote,1,7
5,vote,2,8
5,vote,3,1
5,vote,7,8
5,vote,8,12
5,vote,9,1
5,vote,12,2
5,execute,1,VILLAGER
5,whisper,0,0,7,ATTACK Agent[12]
5,whisper,1,0,3,ATTACK Agent[09]
5,whisper,2,0,2,ATTACK Agent[12]
5,whisper,3,1,7,Skip
5,whisper,4,1,3,Skip
5,whisper,5,1,2,Skip
5,whisper,6,2,3,Skip
5,whisper,7,2,2,Skip
5,whisper,8,2,7,Skip
5,whisper,9,3,7,Over
5,whisper,10,3,3,Over
5,whisper,11,3,2,Over
5,guard,12,3,WEREWOLF
5,attack,12,true
6,status,1,VILLAGER,DEAD,Sample9
6,status,2,WEREWOLF,ALIVE,Sample12
6,status,3,WEREWOLF,ALIVE,Sample8
6,status,4,VILLAGER,DEAD,Sample11
6,status,5,VILLAGER,DEAD,Sample7
6,status,6,POSSESSED,DEAD,Sample10
6,status,7,WEREWOLF,ALIVE,Sample6
6,status,8,VILLAGER,ALIVE,Sample5
6,status,9,VILLAGER,ALIVE,Sample4
6,status,10,SEER,DEAD,Sample3
6,status,11,VILLAGER,DEAD,Sample14
6,status,12,BODYGUARD,DEAD,Sample2
6,status,13,VILLAGER,DEAD,Sample13
6,status,14,VILLAGER,DEAD,Sample1
6,status,15,MEDIUM,DEAD,cash_dqn
6,result,2,3,WEREWOLF
