0,status,1,VILLAGER,ALIVE,Sample9
0,status,2,SEER,ALIVE,Sample12
0,status,3,VILLAGER,ALIVE,Sample8
0,status,4,VILLAGER,ALIVE,Sample11
0,status,5,VILLAGER,ALIVE,Sample7
0,status,6,BODYGUARD,ALIVE,Sample10
0,status,7,VILLAGER,ALIVE,Sample6
0,status,8,WEREWOLF,ALIVE,Sample5
0,status,9,POSSESSED,ALIVE,Sample4
0,status,10,VILLAGER,ALIVE,Sample3
0,status,11,VILLAGER,ALIVE,Sample14
0,status,12,WEREWOLF,ALIVE,Sample2
0,status,13,WEREWOLF,ALIVE,Sample13
0,status,14,MEDIUM,ALIVE,Sample1
0,status,15,VILLAGER,ALIVE,cash_dqn
0,whisper,0,0,12,COMINGOUT Agent[12] MEDIUM
0,whisper,1,0,8,COMINGOUT Agent[08] MEDIUM
0,whisper,2,0,13,COMINGOUT Agent[13] SEER
0,whisper,3,1,13,ATTACK Agent[06]
0,whisper,4,1,8,ATTACK Agent[03]
0,whisper,5,1,12,ATTACK Agent[06]
0,whisper,6,2,8,Skip
0,whisper,7,2,13,Skip
0,whisper,8,2,12,Skip
0,whisper,9,3,12,Skip
0,whisper,10,3,13,Skip
0,whisper,11,3,8,Skip
0,whisper,12,4,12,Over
0,whisper,13,4,13,Over
0,whisper,14,4,8,Over
0,divine,2,9,HUMAN
1,status,1,VILLAGER,ALIVE,Sample9
1,status,2,SEER,ALIVE,Sample12
1,status,3,VILLAGER,ALIVE,Sample8
1,status,4,VILLAGER,ALIVE,Sample11
1,status,5,VILLAGER,ALIVE,Sample7
1,status,6,BODYGUARD,ALIVE,Sample10
1,status,7,VILLAGER,ALIVE,Sample6
1,status,8,WEREWOLF,ALIVE,Sample5
1,status,9,POSSESSED,ALIVE,Sample4
1,status,10,VILLAGER,ALIVE,Sample3
1,status,11,VILLAGER,ALIVE,Sample14
1,status,12,WEREWOLF,ALIVE,Sample2
1,status,13,WEREWOLF,ALIVE,Sample13
1,status,14,MEDIUM,ALIVE,Sample1
1,status,15,VILLAGER,ALIVE,cash_dqn
1,talk,0,0,15,Skip
1,talk,1,0,8,COMINGOUT Agent[08] MEDIUM
1,talk,2,0,2,Skip
1,talk,3,0,11,Skip
1,talk,4,0,7,Skip
1,talk,5,0,10,Skip
1,talk,6,0,4,Skip
1,talk,7,0,3,Skip
1,talk,8,0,9,Skip
1,talk,9,0,14,Skip
1,talk,10,0,13,COMINGOUT Agent[13] SEER
1,talk,11,0,1,Skip
1,talk,12,0,12,COMINGOUT Agent[12] MEDIUM
1,talk,13,0,6,Skip
1,talk,14,0,5,Skip
1,talk,15,1,2,COMINGOUT Agent[02] SEER
1,talk,16,1,14,COMINGOUT Agent[14] MEDIUM
1,talk,17,1,9,COMINGOUT Agent[09] SEER
1,talk,18,1,8,ESTIMATE Agent[15] WEREWOLF
1,talk,19,1,12,ESTIMATE Agent[15] WEREWOLF
1,talk,20,1,13,ESTIMATE Agent[07] WEREWOLF
1,talk,21,1,3,Skip
1,talk,22,1,11,Skip
1,talk,23,1,7,Skip
1,talk,24,1,1,Skip
1,talk,25,1,6,Skip
1,talk,26,1,10,Skip
1,talk,27,1,4,Skip
1,talk,28,1,15,VOTE Agent[10]
1,talk,29,1,5,Skip
1,talk,30,2,11,VOTE Agent[07]
1,talk,31,2,9,DAY 1 (DIVINED Agent[13] WEREWOLF)
1,talk,32,2,13,DIVINED Agent[09] HUMAN
1,talk,33,2,4,VOTE Agent[01]
1,talk,34,2,10,VOTE Agent[02]
1,talk,35,2,6,VOTE Agent[11]
1,talk,36,2,3,VOTE Agent[12]
1,talk,37,2,14,BECAUSE (AND (COMINGOUT Agent[14] MEDIUM) (Agent[08] COMINGOUT Agent[08] MEDIUM)) (XOR (ESTIMATE Agent[08] WEREWOLF) (ESTIMATE Agent[08] POSSESSED))
1,talk,38,2,12,ESTIMATE Agent[14] WEREWOLF
1,talk,39,2,15,Skip
1,talk,40,2,5,VOTE Agent[07]
1,talk,41,2,7,VOTE Agent[15]
1,talk,42,2,8,ESTIMATE Agent[14] WEREWOLF
1,talk,43,2,1,VOTE Agent[09]
1,talk,44,2,2,DAY 1 (DIVINED Agent[09] HUMAN)
1,talk,45,3,6,Skip
1,talk,46,3,4,Skip
1,talk,47,3,14,BECAUSE (XOR (ESTIMATE Agent[08] WEREWOLF) (ESTIMATE Agent[08] POSSESSED)) (VOTE Agent[08])
1,talk,48,3,13,ESTIMATE Agent[02] WEREWOLF
1,talk,49,3,3,Skip
1,talk,50,3,2,BECAUSE (AND (COMINGOUT Agent[02] SEER) (Agent[13] COMINGOUT Agent[13] SEER)) (XOR (ESTIMATE Agent[13] WEREWOLF) (ESTIMATE Agent[13] POSSESSED))
1,talk,51,3,11,Skip
1,talk,52,3,15,Skip
1,talk,53,3,1,Skip
1,talk,54,3,10,Skip
1,talk,55,3,5,Skip
1,talk,56,3,8,VOTE Agent[14]
1,talk,57,3,9,BECAUSE (DAY 1 (DIVINED Agent[13] WEREWOLF)) (REQUEST ANY (VOTE Agent[13]))
1,talk,58,3,7,Skip
1,talk,59,3,12,VOTE Agent[14]
1,talk,60,4,4,Skip
1,talk,61,4,8,Skip
1,talk,62,4,3,Skip
1,talk,63,4,11,Skip
1,talk,64,4,14,Skip
1,talk,65,4,12,Skip
1,talk,66,4,6,Skip
1,talk,67,4,2,BECAUSE (AND (AND (COMINGOUT Agent[02] SEER) (Agent[09] COMINGOUT Agent[09] SEER)) (DIVINED Agent[09] HUMAN)) (ESTIMATE Agent[09] POSSESSED)
1,talk,68,4,5,Skip
1,talk,69,4,15,Over
1,talk,70,4,10,Skip
1,talk,71,4,1,Skip
1,talk,72,4,7,Skip
1,talk,73,4,13,VOTE Agent[02]
1,talk,74,4,9,INQUIRE ANY (VOTE Agent[13])
1,talk,75,5,4,Over
1,talk,76,5,8,Skip
1,talk,77,5,15,Over
1,talk,78,5,9,BECAUSE (DIVINED Agent[13] WEREWOLF) (VOTE Agent[13])
1,talk,79,5,3,Over
1,talk,80,5,13,Skip
1,talk,81,5,7,Over
1,talk,82,5,5,Over
1,talk,83,5,12,Skip
1,talk,84,5,6,Over
1,talk,85,5,11,Over
1,talk,86,5,10,Over
1,talk,87,5,2,BECAUSE (XOR (ESTIMATE Agent[13] WEREWOLF) (ESTIMATE Agent[13] POSSESSED)) (VOTE Agent[13])
1,talk,88,5,14,Skip
1,talk,89,5,1,Over
1,talk,90,6,4,Over
1,talk,91,6,2,Skip
1,talk,92,6,12,Over
1,talk,93,6,15,Over
1,talk,94,6,9,Skip
1,talk,95,6,7,Over
1,talk,96,6,6,Over
1,talk,97,6,1,Over
1,talk,98,6,14,Over
1,talk,99,6,11,Over
1,talk,100,6,10,Over
1,talk,101,6,13,Skip
1,talk,102,6,5,Over
1,talk,103,6,8,Over
1,talk,104,6,3,Over
1,talk,105,7,12,Over
1,talk,106,7,15,Over
1,talk,107,7,7,Over
1,talk,108,7,4,Over
1,talk,109,7,5,Over
1,talk,110,7,13,Over
1,talk,111,7,11,Over
1,talk,112,7,9,Skip
1,talk,113,7,8,Over
1,talk,114,7,14,Over
1,talk,115,7,10,Over
1,talk,116,7,6,Over
1,talk,117,7,3,Over
1,talk,118,7,2,Skip
1,talk,119,7,1,Over
1,talk,120,8,6,Over
1,talk,121,8,7,Over
1,talk,122,8,15,Over
1,talk,123,8,10,Over
1,talk,124,8,11,Over
1,talk,125,8,1,Over
1,talk,126,8,2,Over
1,talk,127,8,5,Over
1,talk,128,8,8,Over
1,talk,129,8,13,Over
1,talk,130,8,9,Over
1,talk,131,8,12,Over
1,talk,132,8,3,Over
1,talk,133,8,14,Over
1,talk,134,8,4,Over
1,vote,1,9
1,vote,2,13
1,vote,3,12
1,vote,4,1
1,vote,5,7
1,vote,6,11
1,vote,7,15
1,vote,8,14
1,vote,9,13
1,vote,10,2
1,vote,11,7
1,vote,12,14
1,vote,13,2
1,vote,14,8
1,vote,15,8
1,vote,1,9
1,vote,2,13
1,vote,3,12
1,vote,4,1
1,vote,5,7
1,vote,6,11
1,vote,7,15
1,vote,8,14
1,vote,9,13
1,vote,10,2
1,vote,11,7
1,vote,12,14
1,vote,13,2
1,vote,14,8
1,vote,15,9
1,execute,14,MEDIUM
1,divine,2,13,WEREWOLF
1,whisper,0,0,8,BECAUSE (Agent[09] COMINGOUT Agent[09] SEER) (ATTACK Agent[09])
1,whisper,1,0,13,BECAUSE (Agent[02] COMINGOUT Agent[02] SEER) (ATTACK Agent[02])
1,whisper,2,0,12,BECAUSE (Agent[02] COMINGOUT Agent[02] SEER) (ATTACK Agent[02])
1,whisper,3,1,8,Skip
1,whisper,4,1,13,Skip
1,whisper,5,1,12,Skip
1,whisper,6,2,13,Skip
1,whisper,7,2,8,Skip
1,whisper,8,2,12,Skip
1,whisper,9,3,8,Over
1,whisper,10,3,13,Over
1,whisper,11,3,12,Over
1,guard,6,13,WEREWOLF
1,attack,1,true
2,status,1,VILLAGER,DEAD,Sample9
2,status,2,SEER,ALIVE,Sample12
2,status,3,VILLAGER,ALIVE,Sample8
2,status,4,VILLAGER,ALIVE,Sample11
2,status,5,VILLAGER,ALIVE,Sample7
2,status,6,BODYGUARD,ALIVE,Sample10
2,status,7,VILLAGER,ALIVE,Sample6
2,status,8,WEREWOLF,ALIVE,Sample5
2,status,9,POSSESSED,ALIVE,Sample4
2,status,10,VILLAGER,ALIVE,Sample3
2,status,11,VILLAGER,ALIVE,Sample14
2,status,12,WEREWOLF,ALIVE,Sample2
2,status,13,WEREWOLF,ALIVE,Sample13
2,status,14,MEDIUM,DEAD,Sample1
2,status,15,VILLAGER,ALIVE,cash_dqn
2,talk,0,0,8,IDENTIFIED Agent[14] WEREWOLF
2,talk,1,0,4,Skip
2,talk,2,0,3,Skip
2,talk,3,0,7,Skip
2,talk,4,0,13,DIVINED Agent[05] WEREWOLF
2,talk,5,0,5,Skip
2,talk,6,0,6,Skip
2,talk,7,0,11,Skip
2,talk,8,0,10,Skip
2,talk,9,0,9,DAY 2 (DIVINED Agent[15] HUMAN)
2,talk,10,0,2,DAY 2 (DIVINED Agent[13] WEREWOLF)
2,talk,11,0,15,Skip
2,talk,12,0,12,IDENTIFIED Agent[14] WEREWOLF
2,talk,13,1,7,Skip
2,talk,14,1,2,BECAUSE (DAY 2 (DIVINED Agent[13] WEREWOLF)) (REQUEST ANY (VOTE Agent[13]))
2,talk,15,1,3,Skip
2,talk,16,1,10,Skip
2,talk,17,1,5,BECAUSE (AND (COMINGOUT Agent[05] VILLAGER) (DAY 2 (Agent[13] DIVINED Agent[05] WEREWOLF))) (XOR (ESTIMATE Agent[13] WEREWOLF) (ESTIMATE Agent[13] POSSESSED))
2,talk,18,1,12,ESTIMATE Agent[03] WEREWOLF
2,talk,19,1,15,VOTE Agent[07]
2,talk,20,1,13,ESTIMATE Agent[05] WEREWOLF
2,talk,21,1,11,Skip
2,talk,22,1,9,BECAUSE (DAY 1 (DIVINED Agent[13] WEREWOLF)) (REQUEST ANY (VOTE Agent[13]))
2,talk,23,1,8,ESTIMATE Agent[10] WEREWOLF
2,talk,24,1,6,Skip
2,talk,25,1,4,Skip
2,talk,26,2,4,VOTE Agent[06]
2,talk,27,2,10,VOTE Agent[12]
2,talk,28,2,8,VOTE Agent[10]
2,talk,29,2,3,VOTE Agent[06]
2,talk,30,2,7,VOTE Agent[12]
2,talk,31,2,13,VOTE Agent[05]
2,talk,32,2,15,Skip
2,talk,33,2,12,VOTE Agent[03]
2,talk,34,2,9,INQUIRE ANY (VOTE Agent[13])
2,talk,35,2,2,INQUIRE ANY (VOTE Agent[13])
2,talk,36,2,11,VOTE Agent[13]
2,talk,37,2,5,BECAUSE (XOR (ESTIMATE Agent[13] WEREWOLF) (ESTIMATE Agent[13] POSSESSED)) (VOTE Agent[13])
2,talk,38,2,6,VOTE Agent[04]
2,talk,39,3,4,Skip
2,talk,40,3,5,Skip
2,talk,41,3,3,Skip
2,talk,42,3,6,Skip
2,talk,43,3,11,Skip
2,talk,44,3,8,Skip
2,talk,45,3,10,Skip
2,talk,46,3,9,BECAUSE (DIVINED Agent[13] WEREWOLF) (VOTE Agent[13])
2,talk,47,3,15,Skip
2,talk,48,3,2,BECAUSE (DIVINED Agent[13] WEREWOLF) (VOTE Agent[13])
2,talk,49,3,12,Skip
2,talk,50,3,13,Skip
2,talk,51,3,7,Skip
2,talk,52,4,12,Skip
2,talk,53,4,6,Skip
2,talk,54,4,11,Skip
2,talk,55,4,10,Skip
2,talk,56,4,4,Skip
2,talk,57,4,9,Skip
2,talk,58,4,5,Skip
2,talk,59,4,2,Skip
2,talk,60,4,7,Skip
2,talk,61,4,15,Over
2,talk,62,4,8,Skip
2,talk,63,4,13,Skip
2,talk,64,4,3,Skip
2,talk,65,5,7,Over
2,talk,66,5,8,Over
2,talk,67,5,4,Over
2,talk,68,5,5,Over
2,talk,69,5,13,Over
2,talk,70,5,3,Over
2,talk,71,5,9,Skip
2,talk,72,5,6,Over
2,talk,73,5,12,Over
2,talk,74,5,15,Over
2,talk,75,5,2,Skip
2,talk,76,5,10,Over
2,talk,77,5,11,Over
2,talk,78,6,6,Over
2,talk,79,6,13,Over
2,talk,80,6,9,Over
2,talk,81,6,11,Over
2,talk,82,6,12,Over
2,talk,83,6,7,Over
2,talk,84,6,8,Over
2,talk,85,6,5,Over
2,talk,86,6,15,Over
2,talk,87,6,2,Over
2,talk,88,6,4,Over
2,talk,89,6,3,Over
2,talk,90,6,10,Over
2,vote,2,13
2,vote,3,6
2,vote,4,6
2,vote,5,13
2,vote,6,4
2,vote,7,12
2,vote,8,10
2,vote,9,13
2,vote,10,12
2,vote,11,13
2,vote,12,3
2,vote,13,5
2,vote,15,11
2,execute,13,WEREWOLF
2,whisper,0,0,12,BECAUSE (Agent[02] COMINGOUT Agent[02] SEER) (ATTACK Agent[02])
2,whisper,1,0,8,BECAUSE (Agent[02] COMINGOUT Agent[02] SEER) (ATTACK Agent[02])
2,whisper,2,1,8,Skip
2,whisper,3,1,12,Skip
2,whisper,4,2,8,Skip
2,whisper,5,2,12,Skip
2,whisper,6,3,8,Over
2,whisper,7,3,12,Over
2,guard,6,2,SEER
2,attack,4,true
3,status,1,VILLAGER,DEAD,Sample9
3,status,2,SEER,ALIVE,Sample12
3,status,3,VILLAGER,ALIVE,Sample8
3,status,4,VILLAGER,DEAD,Sample11
3,status,5,VILLAGER,ALIVE,Sample7
3,status,6,BODYGUARD,ALIVE,Sample10
3,status,7,VILLAGER,ALIVE,Sample6
3,status,8,WEREWOLF,ALIVE,Sample5
3,status,9,POSSESSED,ALIVE,Sample4
3,status,10,VILLAGER,ALIVE,Sample3
3,status,11,VILLAGER,ALIVE,Sample14
3,status,12,WEREWOLF,ALIVE,Sample2
3,status,13,WEREWOLF,DEAD,Sample13
3,status,14,MEDIUM,DEAD,Sample1
3,status,15,VILLAGER,ALIVE,cash_dqn
3,talk,0,0,6,Skip
3,talk,1,0,12,IDENTIFIED Agent[13] HUMAN
3,talk,2,0,7,Skip
3,talk,3,0,10,Skip
3,talk,4,0,3,Skip
3,talk,5,0,2,Skip
3,talk,6,0,9,DAY 3 (DIVINED Agent[02] HUMAN)
3,talk,7,0,5,Skip
3,talk,8,0,11,Skip
3,talk,9,0,8,IDENTIFIED Agent[13] HUMAN
3,talk,10,0,15,Skip
3,talk,11,1,3,Skip
3,talk,12,1,15,VOTE Agent[07]
3,talk,13,1,10,Skip
3,talk,14,1,8,ESTIMATE Agent[02] WEREWOLF
3,talk,15,1,9,BECAUSE (AND (COMINGOUT Agent[09] SEER) (Agent[02] COMINGOUT Agent[02] SEER)) (XOR (ESTIMATE Agent[02] WEREWOLF) (ESTIMATE Agent[02] POSSESSED))
3,talk,16,1,7,Skip
3,talk,17,1,6,Skip
3,talk,18,1,5,Skip
3,talk,19,1,11,Skip
3,talk,20,1,12,ESTIMATE Agent[10] WEREWOLF
3,talk,21,1,2,BECAUSE (AND (DAY 2 (DIVINED Agent[13] WEREWOLF)) (DAY 3 (Agent[08] IDENTIFIED Agent[13] HUMAN))) (XOR (ESTIMATE Agent[08] WEREWOLF) (ESTIMATE Agent[08] POSSESSED))
3,talk,22,2,6,VOTE Agent[05]
3,talk,23,2,3,VOTE Agent[11]
3,talk,24,2,9,BECAUSE (XOR (ESTIMATE Agent[02] WEREWOLF) (ESTIMATE Agent[02] POSSESSED)) (VOTE Agent[02])
3,talk,25,2,11,VOTE Agent[03]
3,talk,26,2,10,VOTE Agent[09]
3,talk,27,2,5,VOTE Agent[08]
3,talk,28,2,7,VOTE Agent[08]
3,talk,29,2,8,VOTE Agent[02]
3,talk,30,2,2,BECAUSE (XOR (ESTIMATE Agent[08] WEREWOLF) (ESTIMATE Agent[08] POSSESSED)) (VOTE Agent[08])
3,talk,31,2,15,Skip
3,talk,32,2,12,VOTE Agent[10]
3,talk,33,3,15,Skip
3,talk,34,3,6,Skip
3,talk,35,3,12,Skip
3,talk,36,3,3,Skip
3,talk,37,3,10,Skip
3,talk,38,3,5,Skip
3,talk,39,3,9,Skip
3,talk,40,3,2,Skip
3,talk,41,3,11,Skip
3,talk,42,3,7,Skip
3,talk,43,3,8,Skip
3,talk,44,4,9,Skip
3,talk,45,4,5,Skip
3,talk,46,4,6,Skip
3,talk,47,4,11,Skip
3,talk,48,4,2,Skip
3,talk,49,4,10,Skip
3,talk,50,4,12,Skip
3,talk,51,4,8,Skip
3,talk,52,4,15,Over
3,talk,53,4,3,Skip
3,talk,54,4,7,Skip
3,talk,55,5,2,Over
3,talk,56,5,9,Over
3,talk,57,5,8,Over
3,talk,58,5,5,Over
3,talk,59,5,15,Over
3,talk,60,5,7,Over
3,talk,61,5,3,Over
3,talk,62,5,6,Over
3,talk,63,5,12,Over
3,talk,64,5,11,Over
3,talk,65,5,10,Over
3,vote,2,8
3,vote,3,11
3,vote,5,8
3,vote,6,5
3,vote,7,8
3,vote,8,2
3,vote,9,2
3,vote,10,9
3,vote,11,3
3,vote,12,10
3,vote,15,9
3,execute,8,WEREWOLF
3,guard,6,9,POSSESSED
3,attackVote,12,9
3,attack,9,false
4,status,1,VILLAGER,DEAD,Sample9
4,status,2,SEER,ALIVE,Sample12
4,status,3,VILLAGER,ALIVE,Sample8
4,status,4,VILLAGER,DEAD,Sample11
4,status,5,VILLAGER,ALIVE,Sample7
4,status,6,BODYGUARD,ALIVE,Sample10
4,status,7,VILLAGER,ALIVE,Sample6
4,status,8,WEREWOLF,DEAD,Sample5
4,status,9,POSSESSED,ALIVE,Sample4
4,status,10,VILLAGER,ALIVE,Sample3
4,status,11,VILLAGER,ALIVE,Sample14
4,status,12,WEREWOLF,ALIVE,Sample2
4,status,13,WEREWOLF,DEAD,Sample13
4,status,14,MEDIUM,DEAD,Sample1
4,status,15,VILLAGER,ALIVE,cash_dqn
4,talk,0,0,6,Skip
4,talk,1,0,2,BECAUSE (AND (DAY 2 (DIVINED Agent[13] WEREWOLF)) (DAY 3 (Agent[12] IDENTIFIED Agent[13] HUMAN))) (XOR (ESTIMATE Agent[12] WEREWOLF) (ESTIMATE Agent[12] POSSESSED))
4,talk,2,0,9,DAY 4 (DIVINED Agent[12] HUMAN)
4,talk,3,0,5,Skip
4,talk,4,0,12,IDENTIFIED Agent[08] HUMAN
4,talk,5,0,11,Skip
4,talk,6,0,10,Skip
4,talk,7,0,7,Skip
4,talk,8,0,15,Skip
4,talk,9,0,3,Skip
4,talk,10,1,2,Skip
4,talk,11,1,11,Skip
4,talk,12,1,7,Skip
4,talk,13,1,3,Skip
4,talk,14,1,6,Skip
4,talk,15,1,15,VOTE Agent[07]
4,talk,16,1,9,BECAUSE (AND (DAY 1 (DIVINED Agent[13] WEREWOLF)) (DAY 3 (Agent[12] IDENTIFIED Agent[13] HUMAN))) (XOR (ESTIMATE Agent[12] WEREWOLF) (ESTIMATE Agent[12] POSSESSED))
4,talk,17,1,5,Skip
4,talk,18,1,10,Skip
4,talk,19,1,12,ESTIMATE Agent[03] WEREWOLF
4,talk,20,2,9,BECAUSE (XOR (ESTIMATE Agent[12] WEREWOLF) (ESTIMATE Agent[12] POSSESSED)) (VOTE Agent[12])
4,talk,21,2,6,VOTE Agent[12]
4,talk,22,2,11,VOTE Agent[10]
4,talk,23,2,10,VOTE Agent[07]
4,talk,24,2,3,VOTE Agent[11]
4,talk,25,2,7,VOTE Agent[05]
4,talk,26,2,2,BECAUSE (XOR (ESTIMATE Agent[12] WEREWOLF) (ESTIMATE Agent[12] POSSESSED)) (VOTE Agent[12])
4,talk,27,2,12,VOTE Agent[03]
4,talk,28,2,15,Skip
4,talk,29,2,5,VOTE Agent[15]
4,talk,30,3,15,Skip
4,talk,31,3,9,Skip
4,talk,32,3,6,Skip
4,talk,33,3,3,Skip
4,talk,34,3,10,Skip
4,talk,35,3,7,Skip
4,talk,36,3,5,Skip
4,talk,37,3,2,Skip
4,talk,38,3,12,Skip
4,talk,39,3,11,Skip
4,talk,40,4,15,Over
4,talk,41,4,10,Skip
4,talk,42,4,2,Skip
4,talk,43,4,3,Skip
4,talk,44,4,5,Skip
4,talk,45,4,7,Skip
4,talk,46,4,6,Skip
4,talk,47,4,12,Skip
4,talk,48,4,9,Skip
4,talk,49,4,11,Skip
4,talk,50,5,15,Over
4,talk,51,5,9,Over
4,talk,52,5,6,Over
4,talk,53,5,5,Over
4,talk,54,5,10,Over
4,talk,55,5,12,Over
4,talk,56,5,7,Over
4,talk,57,5,2,Over
4,talk,58,5,3,Over
4,talk,59,5,11,Over
4,vote,2,12
4,vote,3,11
4,vote,5,15
4,vote,6,12
4,vote,7,5
4,vote,9,12
4,vote,10,7
4,vote,11,10
4,vote,12,3
4,vote,15,7
4,execute,12,WEREWOLF
4,guard,6,9,POSSESSED
5,status,1,VILLAGER,DEAD,Sample9
5,status,2,SEER,ALIVE,Sample12
5,status,3,VILLAGER,ALIVE,Sample8
5,status,4,VILLAGER,DEAD,Sample11
5,status,5,VILLAGER,ALIVE,Sample7
5,status,6,BODYGUARD,ALIVE,Sample10
5,status,7,VILLAGER,ALIVE,Sample6
5,status,8,WEREWOLF,DEAD,Sample5
5,status,9,POSSESSED,ALIVE,Sample4
5,status,10,VILLAGER,ALIVE,Sample3
5,status,11,VILLAGER,ALIVE,Sample14
5,status,12,WEREWOLF,DEAD,Sample2
5,status,13,WEREWOLF,DEAD,Sample13
5,status,14,MEDIUM,DEAD,Sample1
5,status,15,VILLAGER,ALIVE,cash_dqn
5,result,9,0,VILLAGER
