0,status,1,MEDIUM,ALIVE,Sample9
0,status,2,SEER,ALIVE,Sample12
0,status,3,VILLAGER,ALIVE,Sample8
0,status,4,VILLAGER,ALIVE,Sample11
0,status,5,VILLAGER,ALIVE,Sample7
0,status,6,BODYGUARD,ALIVE,Sample10
0,status,7,VILLAGER,ALIVE,Sample6
0,status,8,WEREWOLF,ALIVE,Sample5
0,status,9,WEREWOLF,ALIVE,Sample4
0,status,10,VILLAGER,ALIVE,Sample3
0,status,11,POSSESSED,ALIVE,Sample14
0,status,12,VILLAGER,ALIVE,Sample2
0,status,13,VILLAGER,ALIVE,Sample13
0,status,14,WEREWOLF,ALIVE,Sample1
0,status,15,VILLAGER,ALIVE,cash_dqn
0,whisper,0,0,8,COMINGOUT Agent[08] MEDIUM
0,whisper,1,0,9,COMINGOUT Agent[09] MEDIUM
0,whisper,2,0,14,COMINGOUT Agent[14] SEER
0,whisper,3,1,8,ATTACK Agent[03]
0,whisper,4,1,9,ATTACK Agent[01]
0,whisper,5,1,14,ATTACK Agent[01]
0,whisper,6,2,8,Skip
0,whisper,7,2,14,Skip
0,whisper,8,2,9,Skip
0,whisper,9,3,9,Skip
0,whisper,10,3,8,Skip
0,whisper,11,3,14,Skip
0,whisper,12,4,14,Over
0,whisper,13,4,9,Over
0,whisper,14,4,8,Over
0,divine,2,11,HUMAN
1,status,1,MEDIUM,ALIVE,Sample9
1,status,2,SEER,ALIVE,Sample12
1,status,3,VILLAGER,ALIVE,Sample8
1,status,4,VILLAGER,ALIVE,Sample11
1,status,5,VILLAGER,ALIVE,Sample7
1,status,6,BODYGUARD,ALIVE,Sample10
1,status,7,VILLAGER,ALIVE,Sample6
1,status,8,WEREWOLF,ALIVE,Sample5
1,status,9,WEREWOLF,ALIVE,Sample4
1,status,10,VILLAGER,ALIVE,Sample3
1,status,11,POSSESSED,ALIVE,Sample14
1,status,12,VILLAGER,ALIVE,Sample2
1,status,13,VILLAGER,ALIVE,Sample13
1,status,14,WEREWOLF,ALIVE,Sample1
1,status,15,VILLAGER,ALIVE,cash_dqn
1,talk,0,0,7,Skip
1,talk,1,0,10,Skip
1,talk,2,0,13,Skip
1,talk,3,0,2,Skip
1,talk,4,0,4,Skip
1,talk,5,0,6,Skip
1,talk,6,0,9,ESTIMATE Agent[05] WEREWOLF
1,talk,7,0,11,Skip
1,talk,8,0,12,Skip
1,talk,9,0,8,COMINGOUT Agent[08] MEDIUM
1,talk,10,0,3,Skip
1,talk,11,0,14,ESTIMATE Agent[13] WEREWOLF
1,talk,12,0,15,Skip
1,talk,13,0,1,Skip
1,talk,14,0,5,Skip
1,talk,15,1,3,Skip
1,talk,16,1,6,Skip
1,talk,17,1,5,Skip
1,talk,18,1,12,Skip
1,talk,19,1,1,COMINGOUT Agent[01] MEDIUM
1,talk,20,1,4,Skip
1,talk,21,1,14,Skip
1,talk,22,1,13,Skip
1,talk,23,1,7,Skip
1,talk,24,1,2,Skip
1,talk,25,1,11,Skip
1,talk,26,1,8,ESTIMATE Agent[01] WEREWOLF
1,talk,27,1,15,VOTE Agent[10]
1,talk,28,1,10,Skip
1,talk,29,1,9,Skip
1,talk,30,2,10,VOTE Agent[15]
1,talk,31,2,8,VOTE Agent[01]
1,talk,32,2,11,VOTE Agent[04]
1,talk,33,2,4,VOTE Agent[08]
1,talk,34,2,5,VOTE Agent[14]
1,talk,35,2,12,VOTE Agent[05]
1,talk,36,2,9,VOTE Agent[05]
1,talk,37,2,7,VOTE Agent[01]
1,talk,38,2,15,Skip
1,talk,39,2,2,VOTE Agent[03]
1,talk,40,2,3,VOTE Agent[13]
1,talk,41,2,1,BECAUSE (AND (COMINGOUT Agent[01] MEDIUM) (Agent[08] COMINGOUT Agent[08] MEDIUM)) (XOR (ESTIMATE Agent[08] WEREWOLF) (ESTIMATE Agent[08] POSSESSED))
1,talk,42,2,14,VOTE Agent[13]
1,talk,43,2,13,VOTE Agent[04]
1,talk,44,2,6,VOTE Agent[11]
1,talk,45,3,8,Skip
1,talk,46,3,9,Skip
1,talk,47,3,11,Skip
1,talk,48,3,5,Skip
1,talk,49,3,2,Skip
1,talk,50,3,6,Skip
1,talk,51,3,12,Skip
1,talk,52,3,4,Skip
1,talk,53,3,7,Skip
1,talk,54,3,10,Skip
1,talk,55,3,1,BECAUSE (XOR (ESTIMATE Agent[08] WEREWOLF) (ESTIMATE Agent[08] POSSESSED)) (VOTE Agent[08])
1,talk,56,3,13,Skip
1,talk,57,3,14,Skip
1,talk,58,3,3,Skip
1,talk,59,3,15,Skip
1,talk,60,4,8,Skip
1,talk,61,4,4,Skip
1,talk,62,4,6,Skip
1,talk,63,4,12,Skip
1,talk,64,4,7,Skip
1,talk,65,4,14,Skip
1,talk,66,4,9,Skip
1,talk,67,4,13,Skip
1,talk,68,4,2,Skip
1,talk,69,4,1,Skip
1,talk,70,4,3,Skip
1,talk,71,4,11,Skip
1,talk,72,4,15,Over
1,talk,73,4,5,Skip
1,talk,74,4,10,Skip
1,talk,75,5,15,Over
1,talk,76,5,1,Skip
1,talk,77,5,5,Over
1,talk,78,5,4,Over
1,talk,79,5,12,Over
1,talk,80,5,13,Over
1,talk,81,5,9,Over
1,talk,82,5,3,Over
1,talk,83,5,10,Over
1,talk,84,5,8,Over
1,talk,85,5,6,Over
1,talk,86,5,7,Over
1,talk,87,5,14,Over
1,talk,88,5,11,Over
1,talk,89,5,2,Over
1,talk,90,6,2,Over
1,talk,91,6,13,Over
1,talk,92,6,11,Over
1,talk,93,6,1,Over
1,talk,94,6,8,Over
1,talk,95,6,7,Over
1,talk,96,6,4,Over
1,talk,97,6,3,Over
1,talk,98,6,5,Over
1,talk,99,6,10,Over
1,talk,100,6,14,Over
1,talk,101,6,15,Over
1,talk,102,6,9,Over
1,talk,103,6,12,Over
1,talk,104,6,6,Over
1,vote,1,8
1,vote,2,3
1,vote,3,13
1,vote,4,8
1,vote,5,14
1,vote,6,11
1,vote,7,1
1,vote,8,1
1,vote,9,5
1,vote,10,15
1,vote,11,4
1,vote,12,5
1,vote,13,4
1,vote,14,13
1,vote,15,1
1,execute,1,MEDIUM
1,divine,2,3,HUMAN
1,whisper,0,0,14,ATTACK Agent[07]
1,whisper,1,0,9,COMINGOUT Agent[09] VILLAGER
1,whisper,2,0,8,ATTACK Agent[03]
1,whisper,3,1,9,ATTACK Agent[13]
1,whisper,4,1,8,Skip
1,whisper,5,1,14,Skip
1,whisper,6,2,8,Skip
1,whisper,7,2,9,Skip
1,whisper,8,2,14,Skip
1,whisper,9,3,9,Skip
1,whisper,10,3,14,Over
1,whisper,11,3,8,Over
1,whisper,12,4,9,Over
1,whisper,13,4,14,Over
1,whisper,14,4,8,Over
1,guard,6,8,WEREWOLF
1,attack,7,true
2,status,1,MEDIUM,DEAD,Sample9
2,status,2,SEER,ALIVE,Sample12
2,status,3,VILLAGER,ALIVE,Sample8
2,status,4,VILLAGER,ALIVE,Sample11
2,status,5,VILLAGER,ALIVE,Sample7
2,status,6,BODYGUARD,ALIVE,Sample10
2,status,7,VILLAGER,DEAD,Sample6
2,status,8,WEREWOLF,ALIVE,Sample5
2,status,9,WEREWOLF,ALIVE,Sample4
2,status,10,VILLAGER,ALIVE,Sample3
2,status,11,POSSESSED,ALIVE,Sample14
2,status,12,VILLAGER,ALIVE,Sample2
2,status,13,VILLAGER,ALIVE,Sample13
2,status,14,WEREWOLF,ALIVE,Sample1
2,status,15,VILLAGER,ALIVE,cash_dqn
2,talk,0,0,14,COMINGOUT Agent[14] SEER
2,talk,1,0,11,Skip
2,talk,2,0,3,Skip
2,talk,3,0,6,Skip
2,talk,4,0,8,IDENTIFIED Agent[01] WEREWOLF
2,talk,5,0,13,Skip
2,talk,6,0,10,Skip
2,talk,7,0,9,ESTIMATE Agent[05] WEREWOLF
2,talk,8,0,2,COMINGOUT Agent[02] SEER
2,talk,9,0,15,Skip
2,talk,10,0,5,Skip
2,talk,11,0,12,Skip
2,talk,12,0,4,Skip
2,talk,13,1,5,Skip
2,talk,14,1,10,Skip
2,talk,15,1,8,ESTIMATE Agent[06] WEREWOLF
2,talk,16,1,6,Skip
2,talk,17,1,15,VOTE Agent[08]
2,talk,18,1,9,Skip
2,talk,19,1,4,Skip
2,talk,20,1,11,COMINGOUT Agent[11] SEER
2,talk,21,1,12,Skip
2,talk,22,1,14,ESTIMATE Agent[13] WEREWOLF
2,talk,23,1,3,Skip
2,talk,24,1,13,Skip
2,talk,25,1,2,AND (DAY 1 (DIVINED Agent[11] HUMAN)) (DAY 2 (DIVINED Agent[03] HUMAN))
2,talk,26,2,9,VOTE Agent[05]
2,talk,27,2,12,VOTE Agent[04]
2,talk,28,2,15,Skip
2,talk,29,2,4,VOTE Agent[13]
2,talk,30,2,5,VOTE Agent[09]
2,talk,31,2,6,VOTE Agent[05]
2,talk,32,2,8,VOTE Agent[06]
2,talk,33,2,14,DIVINED Agent[13] WEREWOLF
2,talk,34,2,11,AND (DAY 1 (DIVINED Agent[07] HUMAN)) (DAY 2 (DIVINED Agent[02] WEREWOLF))
2,talk,35,2,13,VOTE Agent[03]
2,talk,36,2,3,VOTE Agent[15]
2,talk,37,2,10,VOTE Agent[15]
2,talk,38,2,2,BECAUSE (AND (COMINGOUT Agent[02] SEER) (Agent[14] COMINGOUT Agent[14] SEER)) (XOR (ESTIMATE Agent[14] WEREWOLF) (ESTIMATE Agent[14] POSSESSED))
2,talk,39,3,10,Skip
2,talk,40,3,4,Skip
2,talk,41,3,15,Skip
2,talk,42,3,11,BECAUSE (DAY 2 (DIVINED Agent[02] WEREWOLF)) (REQUEST ANY (VOTE Agent[02]))
2,talk,43,3,12,Skip
2,talk,44,3,6,Skip
2,talk,45,3,5,Skip
2,talk,46,3,8,Skip
2,talk,47,3,3,Skip
2,talk,48,3,13,BECAUSE (AND (COMINGOUT Agent[13] VILLAGER) (DAY 2 (Agent[14] DIVINED Agent[13] WEREWOLF))) (XOR (ESTIMATE Agent[14] WEREWOLF) (ESTIMATE Agent[14] POSSESSED))
2,talk,49,3,9,Skip
2,talk,50,3,2,BECAUSE (AND (AND (COMINGOUT Agent[02] SEER) (Agent[11] COMINGOUT Agent[11] SEER)) (DIVINED Agent[11] HUMAN)) (ESTIMATE Agent[11] POSSESSED)
2,talk,51,3,14,DIVINED Agent[03] WEREWOLF
2,talk,52,4,2,BECAUSE (XOR (ESTIMATE Agent[14] WEREWOLF) (ESTIMATE Agent[14] POSSESSED)) (VOTE Agent[14])
2,talk,53,4,6,Skip
2,talk,54,4,12,Skip
2,talk,55,4,4,Skip
2,talk,56,4,8,Skip
2,talk,57,4,10,Skip
2,talk,58,4,5,Skip
2,talk,59,4,15,Over
2,talk,60,4,3,BECAUSE (AND (COMINGOUT Agent[03] VILLAGER) (DAY 2 (Agent[14] DIVINED Agent[03] WEREWOLF))) (XOR (ESTIMATE Agent[14] WEREWOLF) (ESTIMATE Agent[14] POSSESSED))
2,talk,61,4,14,VOTE Agent[13]
2,talk,62,4,11,INQUIRE ANY (VOTE Agent[02])
2,talk,63,4,9,Skip
2,talk,64,4,13,BECAUSE (XOR (ESTIMATE Agent[14] WEREWOLF) (ESTIMATE Agent[14] POSSESSED)) (VOTE Agent[14])
2,talk,65,5,9,Over
2,talk,66,5,8,Over
2,talk,67,5,15,Over
2,talk,68,5,11,BECAUSE (DIVINED Agent[02] WEREWOLF) (VOTE Agent[02])
2,talk,69,5,6,Over
2,talk,70,5,13,Skip
2,talk,71,5,10,Over
2,talk,72,5,5,Over
2,talk,73,5,12,Over
2,talk,74,5,2,Skip
2,talk,75,5,3,BECAUSE (XOR (ESTIMATE Agent[14] WEREWOLF) (ESTIMATE Agent[14] POSSESSED)) (VOTE Agent[14])
2,talk,76,5,4,Over
2,talk,77,5,14,Skip
2,talk,78,6,6,Over
2,talk,79,6,12,Over
2,talk,80,6,8,Over
2,talk,81,6,5,Over
2,talk,82,6,2,Skip
2,talk,83,6,10,Over
2,talk,84,6,15,Over
2,talk,85,6,3,Skip
2,talk,86,6,4,Over
2,talk,87,6,13,Skip
2,talk,88,6,14,Skip
2,talk,89,6,11,Skip
2,talk,90,6,9,Over
2,talk,91,7,8,Over
2,talk,92,7,3,Skip
2,talk,93,7,6,Over
2,talk,94,7,11,Skip
2,talk,95,7,12,Over
2,talk,96,7,2,Over
2,talk,97,7,9,Over
2,talk,98,7,10,Over
2,talk,99,7,14,Over
2,talk,100,7,5,Over
2,talk,101,7,13,Over
2,talk,102,7,4,Over
2,talk,103,7,15,Over
2,talk,104,8,12,Over
2,talk,105,8,8,Over
2,talk,106,8,5,Over
2,talk,107,8,10,Over
2,talk,108,8,6,Over
2,talk,109,8,14,Over
2,talk,110,8,13,Over
2,talk,111,8,11,Over
2,talk,112,8,9,Over
2,talk,113,8,4,Over
2,talk,114,8,3,Over
2,talk,115,8,2,Over
2,talk,116,8,15,Over
2,vote,2,14
2,vote,3,14
2,vote,4,13
2,vote,5,9
2,vote,6,5
2,vote,8,6
2,vote,9,5
2,vote,10,15
2,vote,11,2
2,vote,12,4
2,vote,13,14
2,vote,14,13
2,vote,15,11
2,execute,14,WEREWOLF
2,whisper,0,0,9,BECAUSE (AND (NOT (COMINGOUT Agent[11] WEREWOLF)) (NOT (COMINGOUT Agent[02] WEREWOLF)) (DAY 2 (Agent[11] DIVINED Agent[02] WEREWOLF))) (ESTIMATE Agent[11] POSSESSED)
2,whisper,1,0,8,BECAUSE (AND (NOT (COMINGOUT Agent[11] WEREWOLF)) (NOT (COMINGOUT Agent[02] WEREWOLF)) (DAY 2 (Agent[11] DIVINED Agent[02] WEREWOLF))) (ESTIMATE Agent[11] POSSESSED)
2,whisper,2,1,9,BECAUSE (Agent[02] COMINGOUT Agent[02] SEER) (ATTACK Agent[02])
2,whisper,3,1,8,BECAUSE (Agent[02] COMINGOUT Agent[02] SEER) (ATTACK Agent[02])
2,whisper,4,2,8,Skip
2,whisper,5,2,9,Skip
2,whisper,6,3,9,Skip
2,whisper,7,3,8,Skip
2,whisper,8,4,9,Over
2,whisper,9,4,8,Over
2,guard,6,2,SEER
2,attack,12,true
3,status,1,MEDIUM,DEAD,Sample9
3,status,2,SEER,ALIVE,Sample12
3,status,3,VILLAGER,ALIVE,Sample8
3,status,4,VILLAGER,ALIVE,Sample11
3,status,5,VILLAGER,ALIVE,Sample7
3,status,6,BODYGUARD,ALIVE,Sample10
3,status,7,VILLAGER,DEAD,Sample6
3,status,8,WEREWOLF,ALIVE,Sample5
3,status,9,WEREWOLF,ALIVE,Sample4
3,status,10,VILLAGER,ALIVE,Sample3
3,status,11,POSSESSED,ALIVE,Sample14
3,status,12,VILLAGER,DEAD,Sample2
3,status,13,VILLAGER,ALIVE,Sample13
3,status,14,WEREWOLF,DEAD,Sample1
3,status,15,VILLAGER,ALIVE,cash_dqn
3,talk,0,0,8,IDENTIFIED Agent[14] HUMAN
3,talk,1,0,15,Skip
3,talk,2,0,2,Skip
3,talk,3,0,3,Skip
3,talk,4,0,9,ESTIMATE Agent[03] WEREWOLF
3,talk,5,0,6,Skip
3,talk,6,0,11,DAY 3 (DIVINED Agent[04] HUMAN)
3,talk,7,0,13,Skip
3,talk,8,0,5,Skip
3,talk,9,0,4,Skip
3,talk,10,0,10,Skip
3,talk,11,1,11,BECAUSE (DAY 2 (DIVINED Agent[02] WEREWOLF)) (REQUEST ANY (VOTE Agent[02]))
3,talk,12,1,15,VOTE Agent[08]
3,talk,13,1,5,Skip
3,talk,14,1,8,ESTIMATE Agent[13] WEREWOLF
3,talk,15,1,4,Skip
3,talk,16,1,13,Skip
3,talk,17,1,10,Skip
3,talk,18,1,3,Skip
3,talk,19,1,2,Skip
3,talk,20,1,6,Skip
3,talk,21,1,9,Skip
3,talk,22,2,4,VOTE Agent[08]
3,talk,23,2,10,VOTE Agent[03]
3,talk,24,2,11,INQUIRE ANY (VOTE Agent[02])
3,talk,25,2,13,VOTE Agent[09]
3,talk,26,2,8,VOTE Agent[13]
3,talk,27,2,2,VOTE Agent[12]
3,talk,28,2,5,VOTE Agent[06]
3,talk,29,2,3,VOTE Agent[08]
3,talk,30,2,9,VOTE Agent[03]
3,talk,31,2,15,Skip
3,talk,32,2,6,VOTE Agent[08]
3,talk,33,3,15,Skip
3,talk,34,3,13,Skip
3,talk,35,3,6,Skip
3,talk,36,3,2,Skip
3,talk,37,3,11,BECAUSE (DIVINED Agent[02] WEREWOLF) (VOTE Agent[02])
3,talk,38,3,10,Skip
3,talk,39,3,3,Skip
3,talk,40,3,8,Skip
3,talk,41,3,9,Skip
3,talk,42,3,5,Skip
3,talk,43,3,4,Skip
3,talk,44,4,11,Skip
3,talk,45,4,13,Skip
3,talk,46,4,2,Skip
3,talk,47,4,6,Skip
3,talk,48,4,5,Skip
3,talk,49,4,8,Skip
3,talk,50,4,3,Skip
3,talk,51,4,9,Skip
3,talk,52,4,15,Over
3,talk,53,4,10,Skip
3,talk,54,4,4,Skip
3,talk,55,5,8,Over
3,talk,56,5,4,Over
3,talk,57,5,9,Over
3,talk,58,5,6,Over
3,talk,59,5,2,Over
3,talk,60,5,15,Over
3,talk,61,5,5,Over
3,talk,62,5,13,Over
3,talk,63,5,10,Over
3,talk,64,5,11,Skip
3,talk,65,5,3,Over
3,talk,66,6,11,Over
3,talk,67,6,10,Over
3,talk,68,6,9,Over
3,talk,69,6,3,Over
3,talk,70,6,8,Over
3,talk,71,6,2,Over
3,talk,72,6,4,Over
3,talk,73,6,6,Over
3,talk,74,6,15,Over
3,talk,75,6,5,Over
3,talk,76,6,13,Over
3,vote,2,10
3,vote,3,8
3,vote,4,8
3,vote,5,6
3,vote,6,8
3,vote,8,13
3,vote,9,3
3,vote,10,3
3,vote,11,2
3,vote,13,9
3,vote,15,3
3,vote,2,13
3,vote,3,8
3,vote,4,8
3,vote,5,6
3,vote,6,8
3,vote,8,13
3,vote,9,3
3,vote,10,3
3,vote,11,2
3,vote,13,9
3,vote,15,13
3,execute,8,WEREWOLF
3,divine,2,10,HUMAN
3,guard,6,2,SEER
3,attackVote,9,2
3,attack,2,false
4,status,1,MEDIUM,DEAD,Sample9
4,status,2,SEER,ALIVE,Sample12
4,status,3,VILLAGER,ALIVE,Sample8
4,status,4,VILLAGER,ALIVE,Sample11
4,status,5,VILLAGER,ALIVE,Sample7
4,status,6,BODYGUARD,ALIVE,Sample10
4,status,7,VILLAGER,DEAD,Sample6
4,status,8,WEREWOLF,DEAD,Sample5
4,status,9,WEREWOLF,ALIVE,Sample4
4,status,10,VILLAGER,ALIVE,Sample3
4,status,11,POSSESSED,ALIVE,Sample14
4,status,12,VILLAGER,DEAD,Sample2
4,status,13,VILLAGER,ALIVE,Sample13
4,status,14,WEREWOLF,DEAD,Sample1
4,status,15,VILLAGER,ALIVE,cash_dqn
4,talk,0,0,10,Skip
4,talk,1,0,4,Skip
4,talk,2,0,11,DAY 4 (DIVINED Agent[05] HUMAN)
4,talk,3,0,9,ESTIMATE Agent[03] WEREWOLF
4,talk,4,0,15,Skip
4,talk,5,0,3,Skip
4,talk,6,0,2,DAY 4 (DIVINED Agent[10] HUMAN)
4,talk,7,0,6,Skip
4,talk,8,0,5,Skip
4,talk,9,0,13,Skip
4,talk,10,1,11,BECAUSE (DAY 2 (DIVINED Agent[02] WEREWOLF)) (REQUEST ANY (VOTE Agent[02]))
4,talk,11,1,10,Skip
4,talk,12,1,13,Skip
4,talk,13,1,2,Skip
4,talk,14,1,6,Skip
4,talk,15,1,3,Skip
4,talk,16,1,4,Skip
4,talk,17,1,5,Skip
4,talk,18,1,15,VOTE Agent[08]
4,talk,19,1,9,Skip
4,talk,20,2,9,VOTE Agent[03]
4,talk,21,2,15,Skip
4,talk,22,2,11,INQUIRE ANY (VOTE Agent[02])
4,talk,23,2,10,VOTE Agent[02]
4,talk,24,2,5,VOTE Agent[13]
4,talk,25,2,3,VOTE Agent[04]
4,talk,26,2,13,VOTE Agent[06]
4,talk,27,2,6,VOTE Agent[03]
4,talk,28,2,4,VOTE Agent[10]
4,talk,29,2,2,VOTE Agent[09]
4,talk,30,3,4,Skip
4,talk,31,3,15,Skip
4,talk,32,3,3,Skip
4,talk,33,3,10,Skip
4,talk,34,3,13,Skip
4,talk,35,3,9,Skip
4,talk,36,3,2,Skip
4,talk,37,3,6,Skip
4,talk,38,3,11,BECAUSE (DIVINED Agent[02] WEREWOLF) (VOTE Agent[02])
4,talk,39,3,5,Skip
4,talk,40,4,3,Skip
4,talk,41,4,4,Skip
4,talk,42,4,10,Skip
4,talk,43,4,5,Skip
4,talk,44,4,6,Skip
4,talk,45,4,9,Skip
4,talk,46,4,15,Over
4,talk,47,4,11,Skip
4,talk,48,4,13,Skip
4,talk,49,4,2,Skip
4,talk,50,5,11,Skip
4,talk,51,5,6,Over
4,talk,52,5,5,Over
4,talk,53,5,2,Over
4,talk,54,5,9,Over
4,talk,55,5,3,Over
4,talk,56,5,10,Over
4,talk,57,5,4,Over
4,talk,58,5,13,Over
4,talk,59,5,15,Over
4,talk,60,6,6,Over
4,talk,61,6,4,Over
4,talk,62,6,10,Over
4,talk,63,6,3,Over
4,talk,64,6,13,Over
4,talk,65,6,5,Over
4,talk,66,6,9,Over
4,talk,67,6,11,Over
4,talk,68,6,2,Over
4,talk,69,6,15,Over
4,vote,2,9
4,vote,3,4
4,vote,4,10
4,vote,5,13
4,vote,6,3
4,vote,9,3
4,vote,10,2
4,vote,11,2
4,vote,13,6
4,vote,15,4
4,vote,2,9
4,vote,3,4
4,vote,4,10
4,vote,5,13
4,vote,6,3
4,vote,9,3
4,vote,10,2
4,vote,11,2
4,vote,13,6
4,vote,15,5
4,execute,3,VILLAGER
4,divine,2,9,WEREWOLF
4,guard,6,2,SEER
4,attackVote,9,2
4,attack,2,false
5,status,1,MEDIUM,DEAD,Sample9
5,status,2,SEER,ALIVE,Sample12
5,status,3,VILLAGER,DEAD,Sample8
5,status,4,VILLAGER,ALIVE,Sample11
5,status,5,VILLAGER,ALIVE,Sample7
5,status,6,BODYGUARD,ALIVE,Sample10
5,status,7,VILLAGER,DEAD,Sample6
5,status,8,WEREWOLF,DEAD,Sample5
5,status,9,WEREWOLF,ALIVE,Sample4
5,status,10,VILLAGER,ALIVE,Sample3
5,status,11,POSSESSED,ALIVE,Sample14
5,status,12,VILLAGER,DEAD,Sample2
5,status,13,VILLAGER,ALIVE,Sample13
5,status,14,WEREWOLF,DEAD,Sample1
5,status,15,VILLAGER,ALIVE,cash_dqn
5,talk,0,0,11,DAY 5 (DIVINED Agent[10] HUMAN)
5,talk,1,0,2,DAY 5 (DIVINED Agent[09] WEREWOLF)
5,talk,2,0,9,ESTIMATE Agent[04] WEREWOLF
5,talk,3,0,13,Skip
5,talk,4,0,4,Skip
5,talk,5,0,5,Skip
5,talk,6,0,15,Skip
5,talk,7,0,6,Skip
5,talk,8,0,10,Skip
5,talk,9,1,2,BECAUSE (DAY 5 (DIVINED Agent[09] WEREWOLF)) (REQUEST ANY (VOTE Agent[09]))
5,talk,10,1,11,BECAUSE (DAY 2 (DIVINED Agent[02] WEREWOLF)) (REQUEST ANY (VOTE Agent[02]))
5,talk,11,1,9,Skip
5,talk,12,1,6,Skip
5,talk,13,1,5,Skip
5,talk,14,1,4,Skip
5,talk,15,1,13,Skip
5,talk,16,1,15,VOTE Agent[08]
5,talk,17,1,10,Skip
5,talk,18,2,5,VOTE Agent[06]
5,talk,19,2,6,VOTE Agent[09]
5,talk,20,2,2,INQUIRE ANY (VOTE Agent[09])
5,talk,21,2,15,Skip
5,talk,22,2,13,VOTE Agent[06]
5,talk,23,2,11,INQUIRE ANY (VOTE Agent[02])
5,talk,24,2,10,VOTE Agent[15]
5,talk,25,2,4,VOTE Agent[09]
5,talk,26,2,9,VOTE Agent[04]
5,talk,27,3,5,Skip
5,talk,28,3,13,Skip
5,talk,29,3,15,Skip
5,talk,30,3,9,Skip
5,talk,31,3,10,Skip
5,talk,32,3,11,BECAUSE (DIVINED Agent[02] WEREWOLF) (VOTE Agent[02])
5,talk,33,3,4,Skip
5,talk,34,3,6,Skip
5,talk,35,3,2,BECAUSE (DIVINED Agent[09] WEREWOLF) (VOTE Agent[09])
5,talk,36,4,5,Skip
5,talk,37,4,9,Skip
5,talk,38,4,15,Over
5,talk,39,4,4,Skip
5,talk,40,4,13,Skip
5,talk,41,4,6,Skip
5,talk,42,4,2,Skip
5,talk,43,4,10,Skip
5,talk,44,4,11,Skip
5,talk,45,5,11,Skip
5,talk,46,5,4,Over
5,talk,47,5,5,Over
5,talk,48,5,15,Over
5,talk,49,5,6,Over
5,talk,50,5,10,Over
5,talk,51,5,9,Over
5,talk,52,5,13,Over
5,talk,53,5,2,Skip
5,talk,54,6,15,Over
5,talk,55,6,5,Over
5,talk,56,6,6,Over
5,talk,57,6,2,Over
5,talk,58,6,10,Over
5,talk,59,6,9,Over
5,talk,60,6,11,Over
5,talk,61,6,13,Over
5,talk,62,6,4,Over
5,vote,2,9
5,vote,4,9
5,vote,5,6
5,vote,6,9
5,vote,9,4
5,vote,10,15
5,vote,11,2
5,vote,13,6
5,vote,15,4
5,execute,9,WEREWOLF
5,divine,2,6,HUMAN
5,guard,6,2,SEER
6,status,1,MEDIUM,DEAD,Sample9
6,status,2,SEER,ALIVE,Sample12
6,status,3,VILLAGER,DEAD,Sample8
6,status,4,VILLAGER,ALIVE,Sample11
6,status,5,VILLAGER,ALIVE,Sample7
6,status,6,BODYGUARD,ALIVE,Sample10
6,status,7,VILLAGER,DEAD,Sample6
6,status,8,WEREWOLF,DEAD,Sample5
6,status,9,WEREWOLF,DEAD,Sample4
6,status,10,VILLAGER,ALIVE,Sample3
6,status,11,POSSESSED,ALIVE,Sample14
6,status,12,VILLAGER,DEAD,Sample2
6,status,13,VILLAGER,ALIVE,Sample13
6,status,14,WEREWOLF,DEAD,Sample1
6,status,15,VILLAGER,ALIVE,cash_dqn
6,result,8,0,VILLAGER
