0,status,1,VILLAGER,ALIVE,Sample9
0,status,2,VILLAGER,ALIVE,Sample12
0,status,3,BODYGUARD,ALIVE,Sample8
0,status,4,VILLAGER,ALIVE,Sample11
0,status,5,WEREWOLF,ALIVE,Sample7
0,status,6,WEREWOLF,ALIVE,Sample10
0,status,7,SEER,ALIVE,Sample6
0,status,8,VILLAGER,ALIVE,Sample5
0,status,9,VILLAGER,ALIVE,Sample4
0,status,10,POSSESSED,ALIVE,Sample3
0,status,11,VILLAGER,ALIVE,Sample14
0,status,12,MEDIUM,ALIVE,Sample2
0,status,13,WEREWOLF,ALIVE,Sample13
0,status,14,VILLAGER,ALIVE,Sample1
0,status,15,VILLAGER,ALIVE,cash_dqn
0,whisper,0,0,5,COMINGOUT Agent[05] VILLAGER
0,whisper,1,0,6,COMINGOUT Agent[06] VILLAGER
0,whisper,2,0,13,COMINGOUT Agent[13] MEDIUM
0,whisper,3,1,5,ATTACK Agent[10]
0,whisper,4,1,13,ATTACK Agent[01]
0,whisper,5,1,6,ATTACK Agent[01]
0,whisper,6,2,6,Skip
0,whisper,7,2,5,Skip
0,whisper,8,2,13,Skip
0,whisper,9,3,13,Skip
0,whisper,10,3,5,Skip
0,whisper,11,3,6,Skip
0,whisper,12,4,5,Over
0,whisper,13,4,13,Over
0,whisper,14,4,6,Over
0,divine,7,14,HUMAN
1,status,1,VILLAGER,ALIVE,Sample9
1,status,2,VILLAGER,ALIVE,Sample12
1,status,3,BODYGUARD,ALIVE,Sample8
1,status,4,VILLAGER,ALIVE,Sample11
1,status,5,WEREWOLF,ALIVE,Sample7
1,status,6,WEREWOLF,ALIVE,Sample10
1,status,7,SEER,ALIVE,Sample6
1,status,8,VILLAGER,ALIVE,Sample5
1,status,9,VILLAGER,ALIVE,Sample4
1,status,10,POSSESSED,ALIVE,Sample3
1,status,11,VILLAGER,ALIVE,Sample14
1,status,12,MEDIUM,ALIVE,Sample2
1,status,13,WEREWOLF,ALIVE,Sample13
1,status,14,VILLAGER,ALIVE,Sample1
1,status,15,VILLAGER,ALIVE,cash_dqn
1,talk,0,0,13,ESTIMATE Agent[09] WEREWOLF
1,talk,1,0,8,Skip
1,talk,2,0,4,Skip
1,talk,3,0,6,ESTIMATE Agent[04] WEREWOLF
1,talk,4,0,15,Skip
1,talk,5,0,10,Skip
1,talk,6,0,5,ESTIMATE Agent[04] WEREWOLF
1,talk,7,0,14,Skip
1,talk,8,0,1,Skip
1,talk,9,0,7,Skip
1,talk,10,0,11,Skip
1,talk,11,0,12,Skip
1,talk,12,0,2,Skip
1,talk,13,0,3,Skip
1,talk,14,0,9,Skip
1,talk,15,1,15,VOTE Agent[00]
1,talk,16,1,7,Skip
1,talk,17,1,12,Skip
1,talk,18,1,1,Skip
1,talk,19,1,13,Skip
1,talk,20,1,14,Skip
1,talk,21,1,8,Skip
1,talk,22,1,3,Skip
1,talk,23,1,5,Skip
1,talk,24,1,10,Skip
1,talk,25,1,6,Skip
1,talk,26,1,4,Skip
1,talk,27,1,9,Skip
1,talk,28,1,11,Skip
1,talk,29,1,2,Skip
1,talk,30,2,14,VOTE Agent[15]
1,talk,31,2,9,VOTE Agent[14]
1,talk,32,2,6,VOTE Agent[04]
1,talk,33,2,1,VOTE Agent[10]
1,talk,34,2,7,VOTE Agent[15]
1,talk,35,2,4,VOTE Agent[07]
1,talk,36,2,12,VOTE Agent[01]
1,talk,37,2,13,VOTE Agent[09]
1,talk,38,2,5,VOTE Agent[04]
1,talk,39,2,15,Skip
1,talk,40,2,3,VOTE Agent[10]
1,talk,41,2,2,VOTE Agent[12]
1,talk,42,2,11,VOTE Agent[13]
1,talk,43,2,8,VOTE Agent[12]
1,talk,44,2,10,VOTE Agent[04]
1,talk,45,3,9,Skip
1,talk,46,3,1,Skip
1,talk,47,3,15,Skip
1,talk,48,3,6,Skip
1,talk,49,3,12,Skip
1,talk,50,3,14,Skip
1,talk,51,3,8,Skip
1,talk,52,3,2,Skip
1,talk,53,3,5,Skip
1,talk,54,3,10,Skip
1,talk,55,3,4,Skip
1,talk,56,3,3,Skip
1,talk,57,3,11,Skip
1,talk,58,3,13,Skip
1,talk,59,3,7,Skip
1,talk,60,4,8,Skip
1,talk,61,4,4,Skip
1,talk,62,4,3,Skip
1,talk,63,4,7,Skip
1,talk,64,4,6,Skip
1,talk,65,4,9,Skip
1,talk,66,4,14,Skip
1,talk,67,4,13,Skip
1,talk,68,4,15,Over
1,talk,69,4,1,Skip
1,talk,70,4,2,Skip
1,talk,71,4,10,Skip
1,talk,72,4,5,Skip
1,talk,73,4,12,Skip
1,talk,74,4,11,Skip
1,talk,75,5,8,Over
1,talk,76,5,15,Over
1,talk,77,5,14,Over
1,talk,78,5,13,Over
1,talk,79,5,12,Over
1,talk,80,5,3,Over
1,talk,81,5,1,Over
1,talk,82,5,4,Over
1,talk,83,5,2,Over
1,talk,84,5,7,Over
1,talk,85,5,10,Over
1,talk,86,5,11,Over
1,talk,87,5,9,Over
1,talk,88,5,5,Over
1,talk,89,5,6,Over
1,vote,1,10
1,vote,2,12
1,vote,3,10
1,vote,4,7
1,vote,5,4
1,vote,6,4
1,vote,7,15
1,vote,8,12
1,vote,9,14
1,vote,10,4
1,vote,11,13
1,vote,12,1
1,vote,13,9
1,vote,14,15
1,vote,15,13
1,execute,4,VILLAGER
1,divine,7,5,WEREWOLF
1,whisper,0,0,6,ATTACK Agent[11]
1,whisper,1,0,13,ATTACK Agent[02]
1,whisper,2,0,5,ATTACK Agent[07]
1,whisper,3,1,6,Skip
1,whisper,4,1,5,Skip
1,whisper,5,1,13,Skip
1,whisper,6,2,6,Skip
1,whisper,7,2,13,Skip
1,whisper,8,2,5,Skip
1,whisper,9,3,5,Over
1,whisper,10,3,6,Over
1,whisper,11,3,13,Over
1,guard,3,11,VILLAGER
1,attack,10,true
2,status,1,VILLAGER,ALIVE,Sample9
2,status,2,VILLAGER,ALIVE,Sample12
2,status,3,BODYGUARD,ALIVE,Sample8
2,status,4,VILLAGER,DEAD,Sample11
2,status,5,WEREWOLF,ALIVE,Sample7
2,status,6,WEREWOLF,ALIVE,Sample10
2,status,7,SEER,ALIVE,Sample6
2,status,8,VILLAGER,ALIVE,Sample5
2,status,9,VILLAGER,ALIVE,Sample4
2,status,10,POSSESSED,DEAD,Sample3
2,status,11,VILLAGER,ALIVE,Sample14
2,status,12,MEDIUM,ALIVE,Sample2
2,status,13,WEREWOLF,ALIVE,Sample13
2,status,14,VILLAGER,ALIVE,Sample1
2,status,15,VILLAGER,ALIVE,cash_dqn
2,talk,0,0,7,COMINGOUT Agent[07] SEER
2,talk,1,0,11,Skip
2,talk,2,0,12,COMINGOUT Agent[12] MEDIUM
2,talk,3,0,6,ESTIMATE Agent[01] WEREWOLF
2,talk,4,0,8,Skip
2,talk,5,0,2,Skip
2,talk,6,0,14,Skip
2,talk,7,0,13,ESTIMATE Agent[11] WEREWOLF
2,talk,8,0,1,Skip
2,talk,9,0,3,Skip
2,talk,10,0,5,ESTIMATE Agent[15] WEREWOLF
2,talk,11,0,9,Skip
2,talk,12,0,15,Skip
2,talk,13,1,3,Skip
2,talk,14,1,7,AND (DAY 1 (DIVINED Agent[14] HUMAN)) (DAY 2 (DIVINED Agent[05] WEREWOLF))
2,talk,15,1,6,Skip
2,talk,16,1,8,Skip
2,talk,17,1,14,Skip
2,talk,18,1,9,Skip
2,talk,19,1,12,DAY 2 (IDENTIFIED Agent[04] HUMAN)
2,talk,20,1,5,Skip
2,talk,21,1,11,Skip
2,talk,22,1,15,VOTE Agent[07]
2,talk,23,1,13,COMINGOUT Agent[13] MEDIUM
2,talk,24,1,1,Skip
2,talk,25,1,2,Skip
2,talk,26,2,8,VOTE Agent[09]
2,talk,27,2,12,BECAUSE (AND (COMINGOUT Agent[12] MEDIUM) (Agent[13] COMINGOUT Agent[13] MEDIUM)) (XOR (ESTIMATE Agent[13] WEREWOLF) (ESTIMATE Agent[13] POSSESSED))
2,talk,28,2,1,VOTE Agent[13]
2,talk,29,2,2,VOTE Agent[11]
2,talk,30,2,7,BECAUSE (DAY 2 (DIVINED Agent[05] WEREWOLF)) (REQUEST ANY (VOTE Agent[05]))
2,talk,31,2,6,VOTE Agent[01]
2,talk,32,2,15,Skip
2,talk,33,2,13,ESTIMATE Agent[12] WEREWOLF
2,talk,34,2,14,VOTE Agent[09]
2,talk,35,2,11,VOTE Agent[05]
2,talk,36,2,9,VOTE Agent[15]
2,talk,37,2,5,VOTE Agent[15]
2,talk,38,2,3,VOTE Agent[14]
2,talk,39,3,1,Skip
2,talk,40,3,14,Skip
2,talk,41,3,3,Skip
2,talk,42,3,12,BECAUSE (XOR (ESTIMATE Agent[13] WEREWOLF) (ESTIMATE Agent[13] POSSESSED)) (VOTE Agent[13])
2,talk,43,3,8,Skip
2,talk,44,3,5,Skip
2,talk,45,3,15,Skip
2,talk,46,3,2,Skip
2,talk,47,3,9,Skip
2,talk,48,3,7,INQUIRE ANY (VOTE Agent[05])
2,talk,49,3,6,Skip
2,talk,50,3,13,IDENTIFIED Agent[04] HUMAN
2,talk,51,3,11,Skip
2,talk,52,4,1,Skip
2,talk,53,4,3,Skip
2,talk,54,4,7,BECAUSE (DIVINED Agent[05] WEREWOLF) (VOTE Agent[05])
2,talk,55,4,5,Skip
2,talk,56,4,6,Skip
2,talk,57,4,11,Skip
2,talk,58,4,15,Over
2,talk,59,4,14,Skip
2,talk,60,4,13,VOTE Agent[12]
2,talk,61,4,2,Skip
2,talk,62,4,12,Skip
2,talk,63,4,9,Skip
2,talk,64,4,8,Skip
2,talk,65,5,6,Over
2,talk,66,5,14,Over
2,talk,67,5,2,Over
2,talk,68,5,7,Skip
2,talk,69,5,5,Over
2,talk,70,5,1,Over
2,talk,71,5,8,Over
2,talk,72,5,12,Skip
2,talk,73,5,13,Skip
2,talk,74,5,9,Over
2,talk,75,5,11,Over
2,talk,76,5,3,Over
2,talk,77,5,15,Over
2,talk,78,6,9,Over
2,talk,79,6,8,Over
2,talk,80,6,6,Over
2,talk,81,6,14,Over
2,talk,82,6,7,Skip
2,talk,83,6,2,Over
2,talk,84,6,3,Over
2,talk,85,6,13,Skip
2,talk,86,6,11,Over
2,talk,87,6,1,Over
2,talk,88,6,12,Over
2,talk,89,6,5,Over
2,talk,90,6,15,Over
2,talk,91,7,7,Over
2,talk,92,7,2,Over
2,talk,93,7,12,Over
2,talk,94,7,5,Over
2,talk,95,7,14,Over
2,talk,96,7,11,Over
2,talk,97,7,13,Over
2,talk,98,7,8,Over
2,talk,99,7,15,Over
2,talk,100,7,1,Over
2,talk,101,7,6,Over
2,talk,102,7,9,Over
2,talk,103,7,3,Over
2,vote,1,13
2,vote,2,11
2,vote,3,14
2,vote,5,15
2,vote,6,1
2,vote,7,5
2,vote,8,9
2,vote,9,15
2,vote,11,5
2,vote,12,13
2,vote,13,12
2,vote,14,9
2,vote,15,12
2,vote,1,13
2,vote,2,11
2,vote,3,14
2,vote,5,15
2,vote,6,1
2,vote,7,5
2,vote,8,9
2,vote,9,15
2,vote,11,5
2,vote,12,13
2,vote,13,12
2,vote,14,9
2,vote,15,14
2,execute,5,WEREWOLF
2,divine,7,6,WEREWOLF
2,whisper,0,0,6,BECAUSE (Agent[12] COMINGOUT Agent[12] MEDIUM) (ATTACK Agent[12])
2,whisper,1,0,13,BECAUSE (Agent[07] COMINGOUT Agent[07] SEER) (ATTACK Agent[07])
2,whisper,2,1,6,Skip
2,whisper,3,1,13,Skip
2,whisper,4,2,13,Skip
2,whisper,5,2,6,Skip
2,whisper,6,3,6,Over
2,whisper,7,3,13,Over
2,guard,3,7,SEER
2,attack,9,true
3,status,1,VILLAGER,ALIVE,Sample9
3,status,2,VILLAGER,ALIVE,Sample12
3,status,3,BODYGUARD,ALIVE,Sample8
3,status,4,VILLAGER,DEAD,Sample11
3,status,5,WEREWOLF,DEAD,Sample7
3,status,6,WEREWOLF,ALIVE,Sample10
3,status,7,SEER,ALIVE,Sample6
3,status,8,VILLAGER,ALIVE,Sample5
3,status,9,VILLAGER,DEAD,Sample4
3,status,10,POSSESSED,DEAD,Sample3
3,status,11,VILLAGER,ALIVE,Sample14
3,status,12,MEDIUM,ALIVE,Sample2
3,status,13,WEREWOLF,ALIVE,Sample13
3,status,14,VILLAGER,ALIVE,Sample1
3,status,15,VILLAGER,ALIVE,cash_dqn
3,talk,0,0,12,DAY 3 (IDENTIFIED Agent[05] WEREWOLF)
3,talk,1,0,13,IDENTIFIED Agent[05] HUMAN
3,talk,2,0,15,Skip
3,talk,3,0,6,ESTIMATE Agent[03] WEREWOLF
3,talk,4,0,3,Skip
3,talk,5,0,11,Skip
3,talk,6,0,2,Skip
3,talk,7,0,1,Skip
3,talk,8,0,7,DAY 3 (DIVINED Agent[06] WEREWOLF)
3,talk,9,0,14,Skip
3,talk,10,0,8,Skip
3,talk,11,1,11,Skip
3,talk,12,1,3,Skip
3,talk,13,1,7,BECAUSE (DAY 3 (DIVINED Agent[06] WEREWOLF)) (REQUEST ANY (VOTE Agent[06]))
3,talk,14,1,6,Skip
3,talk,15,1,13,ESTIMATE Agent[12] WEREWOLF
3,talk,16,1,2,Skip
3,talk,17,1,15,VOTE Agent[08]
3,talk,18,1,14,Skip
3,talk,19,1,1,Skip
3,talk,20,1,8,Skip
3,talk,21,1,12,BECAUSE (AND (COMINGOUT Agent[12] MEDIUM) (Agent[13] COMINGOUT Agent[13] MEDIUM)) (XOR (ESTIMATE Agent[13] WEREWOLF) (ESTIMATE Agent[13] POSSESSED))
3,talk,22,2,7,INQUIRE ANY (VOTE Agent[06])
3,talk,23,2,12,BECAUSE (XOR (ESTIMATE Agent[13] WEREWOLF) (ESTIMATE Agent[13] POSSESSED)) (VOTE Agent[13])
3,talk,24,2,2,VOTE Agent[12]
3,talk,25,2,11,VOTE Agent[08]
3,talk,26,2,14,VOTE Agent[03]
3,talk,27,2,6,VOTE Agent[03]
3,talk,28,2,3,VOTE Agent[02]
3,talk,29,2,8,VOTE Agent[12]
3,talk,30,2,15,Skip
3,talk,31,2,13,VOTE Agent[12]
3,talk,32,2,1,VOTE Agent[08]
3,talk,33,3,2,Skip
3,talk,34,3,6,Skip
3,talk,35,3,12,Skip
3,talk,36,3,7,BECAUSE (DIVINED Agent[06] WEREWOLF) (VOTE Agent[06])
3,talk,37,3,1,Skip
3,talk,38,3,11,Skip
3,talk,39,3,13,Skip
3,talk,40,3,14,Skip
3,talk,41,3,3,Skip
3,talk,42,3,15,Skip
3,talk,43,3,8,Skip
3,talk,44,4,13,Skip
3,talk,45,4,14,Skip
3,talk,46,4,11,Skip
3,talk,47,4,15,Over
3,talk,48,4,1,Skip
3,talk,49,4,7,Skip
3,talk,50,4,8,Skip
3,talk,51,4,12,Skip
3,talk,52,4,6,Skip
3,talk,53,4,2,Skip
3,talk,54,4,3,Skip
3,talk,55,5,13,Over
3,talk,56,5,8,Over
3,talk,57,5,14,Over
3,talk,58,5,6,Over
3,talk,59,5,2,Over
3,talk,60,5,3,Over
3,talk,61,5,11,Over
3,talk,62,5,7,Skip
3,talk,63,5,12,Over
3,talk,64,5,15,Over
3,talk,65,5,1,Over
3,talk,66,6,12,Over
3,talk,67,6,11,Over
3,talk,68,6,15,Over
3,talk,69,6,3,Over
3,talk,70,6,1,Over
3,talk,71,6,2,Over
3,talk,72,6,13,Over
3,talk,73,6,7,Over
3,talk,74,6,14,Over
3,talk,75,6,6,Over
3,talk,76,6,8,Over
3,vote,1,8
3,vote,2,12
3,vote,3,2
3,vote,6,3
3,vote,7,6
3,vote,8,12
3,vote,11,8
3,vote,12,13
3,vote,13,12
3,vote,14,3
3,vote,15,2
3,execute,12,MEDIUM
3,divine,7,8,HUMAN
3,whisper,0,0,6,BECAUSE (Agent[07] COMINGOUT Agent[07] SEER) (ATTACK Agent[07])
3,whisper,1,0,13,BECAUSE (Agent[07] COMINGOUT Agent[07] SEER) (ATTACK Agent[07])
3,whisper,2,1,6,Skip
3,whisper,3,1,13,Skip
3,whisper,4,2,6,Skip
3,whisper,5,2,13,Skip
3,whisper,6,3,6,Over
3,whisper,7,3,13,Over
3,guard,3,7,SEER
3,attack,15,true
4,status,1,VILLAGER,ALIVE,Sample9
4,status,2,VILLAGER,ALIVE,Sample12
4,status,3,BODYGUARD,ALIVE,Sample8
4,status,4,VILLAGER,DEAD,Sample11
4,status,5,WEREWOLF,DEAD,Sample7
4,status,6,WEREWOLF,ALIVE,Sample10
4,status,7,SEER,ALIVE,Sample6
4,status,8,VILLAGER,ALIVE,Sample5
4,status,9,VILLAGER,DEAD,Sample4
4,status,10,POSSESSED,DEAD,Sample3
4,status,11,VILLAGER,ALIVE,Sample14
4,status,12,MEDIUM,DEAD,Sample2
4,status,13,WEREWOLF,ALIVE,Sample13
4,status,14,VILLAGER,ALIVE,Sample1
4,status,15,VILLAGER,DEAD,cash_dqn
4,talk,0,0,11,Skip
4,talk,1,0,2,Skip
4,talk,2,0,7,DAY 4 (DIVINED Agent[08] HUMAN)
4,talk,3,0,14,Skip
4,talk,4,0,13,IDENTIFIED Agent[12] WEREWOLF
4,talk,5,0,1,Skip
4,talk,6,0,3,Skip
4,talk,7,0,6,ESTIMATE Agent[02] WEREWOLF
4,talk,8,0,8,Skip
4,talk,9,1,13,ESTIMATE Agent[07] WEREWOLF
4,talk,10,1,1,Skip
4,talk,11,1,7,BECAUSE (DAY 3 (DIVINED Agent[06] WEREWOLF)) (REQUEST ANY (VOTE Agent[06]))
4,talk,12,1,14,Skip
4,talk,13,1,11,Skip
4,talk,14,1,8,Skip
4,talk,15,1,6,Skip
4,talk,16,1,3,Skip
4,talk,17,1,2,Skip
4,talk,18,2,1,VOTE Agent[02]
4,talk,19,2,6,VOTE Agent[02]
4,talk,20,2,3,VOTE Agent[08]
4,talk,21,2,11,VOTE Agent[03]
4,talk,22,2,2,VOTE Agent[13]
4,talk,23,2,14,VOTE Agent[06]
4,talk,24,2,13,VOTE Agent[07]
4,talk,25,2,7,INQUIRE ANY (VOTE Agent[06])
4,talk,26,2,8,VOTE Agent[03]
4,talk,27,3,13,Skip
4,talk,28,3,14,Skip
4,talk,29,3,7,BECAUSE (DIVINED Agent[06] WEREWOLF) (VOTE Agent[06])
4,talk,30,3,2,Skip
4,talk,31,3,1,Skip
4,talk,32,3,8,Skip
4,talk,33,3,11,Skip
4,talk,34,3,3,Skip
4,talk,35,3,6,Skip
4,talk,36,4,6,Skip
4,talk,37,4,8,Skip
4,talk,38,4,14,Skip
4,talk,39,4,1,Skip
4,talk,40,4,3,Skip
4,talk,41,4,11,Skip
4,talk,42,4,13,Skip
4,talk,43,4,7,Skip
4,talk,44,4,2,Skip
4,talk,45,5,14,Over
4,talk,46,5,13,Over
4,talk,47,5,2,Over
4,talk,48,5,11,Over
4,talk,49,5,6,Over
4,talk,50,5,3,Over
4,talk,51,5,1,Over
4,talk,52,5,7,Skip
4,talk,53,5,8,Over
4,talk,54,6,6,Over
4,talk,55,6,13,Over
4,talk,56,6,3,Over
4,talk,57,6,7,Over
4,talk,58,6,8,Over
4,talk,59,6,2,Over
4,talk,60,6,1,Over
4,talk,61,6,11,Over
4,talk,62,6,14,Over
4,vote,1,2
4,vote,2,13
4,vote,3,8
4,vote,6,2
4,vote,7,6
4,vote,8,3
4,vote,11,3
4,vote,13,7
4,vote,14,6
4,vote,1,2
4,vote,2,13
4,vote,3,8
4,vote,6,2
4,vote,7,6
4,vote,8,3
4,vote,11,3
4,vote,13,7
4,vote,14,6
4,execute,3,BODYGUARD
4,divine,7,1,HUMAN
4,whisper,0,0,6,BECAUSE (Agent[07] COMINGOUT Agent[07] SEER) (ATTACK Agent[07])
4,whisper,1,0,13,BECAUSE (Agent[07] COMINGOUT Agent[07] SEER) (ATTACK Agent[07])
4,whisper,2,1,6,Skip
4,whisper,3,1,13,Skip
4,whisper,4,2,13,Skip
4,whisper,5,2,6,Skip
4,whisper,6,3,13,Over
4,whisper,7,3,6,Over
4,attack,2,true
5,status,1,VILLAGER,ALIVE,Sample9
5,status,2,VILLAGER,DEAD,Sample12
5,status,3,BODYGUARD,DEAD,Sample8
5,status,4,VILLAGER,DEAD,Sample11
5,status,5,WEREWOLF,DEAD,Sample7
5,status,6,WEREWOLF,ALIVE,Sample10
5,status,7,SEER,ALIVE,Sample6
5,status,8,VILLAGER,ALIVE,Sample5
5,status,9,VILLAGER,DEAD,Sample4
5,status,10,POSSESSED,DEAD,Sample3
5,status,11,VILLAGER,ALIVE,Sample14
5,status,12,MEDIUM,DEAD,Sample2
5,status,13,WEREWOLF,ALIVE,Sample13
5,status,14,VILLAGER,ALIVE,Sample1
5,status,15,VILLAGER,DEAD,cash_dqn
5,talk,0,0,1,Skip
5,talk,1,0,7,DAY 5 (DIVINED Agent[01] HUMAN)
5,talk,2,0,11,Skip
5,talk,3,0,14,Skip
5,talk,4,0,8,Skip
5,talk,5,0,6,ESTIMATE Agent[14] WEREWOLF
5,talk,6,0,13,IDENTIFIED Agent[03] WEREWOLF
5,talk,7,1,1,Skip
5,talk,8,1,13,ESTIMATE Agent[14] WEREWOLF
5,talk,9,1,11,Skip
5,talk,10,1,8,Skip
5,talk,11,1,6,Skip
5,talk,12,1,14,Skip
5,talk,13,1,7,BECAUSE (DAY 3 (DIVINED Agent[06] WEREWOLF)) (REQUEST ANY (VOTE Agent[06]))
5,talk,14,2,6,VOTE Agent[14]
5,talk,15,2,11,VOTE Agent[07]
5,talk,16,2,14,VOTE Agent[01]
5,talk,17,2,7,INQUIRE ANY (VOTE Agent[06])
5,talk,18,2,1,VOTE Agent[08]
5,talk,19,2,13,VOTE Agent[14]
5,talk,20,2,8,VOTE Agent[11]
5,talk,21,3,6,Skip
5,talk,22,3,11,Skip
5,talk,23,3,14,Skip
5,talk,24,3,7,BECAUSE (DIVINED Agent[06] WEREWOLF) (VOTE Agent[06])
5,talk,25,3,1,Skip
5,talk,26,3,13,Skip
5,talk,27,3,8,Skip
5,talk,28,4,14,Skip
5,talk,29,4,13,Skip
5,talk,30,4,1,Skip
5,talk,31,4,8,Skip
5,talk,32,4,11,Skip
5,talk,33,4,7,Skip
5,talk,34,4,6,Skip
5,talk,35,5,11,Over
5,talk,36,5,13,Over
5,talk,37,5,14,Over
5,talk,38,5,8,Over
5,talk,39,5,6,Over
5,talk,40,5,1,Over
5,talk,41,5,7,Skip
5,talk,42,6,1,Over
5,talk,43,6,11,Over
5,talk,44,6,13,Over
5,talk,45,6,7,Over
5,talk,46,6,6,Over
5,talk,47,6,14,Over
5,talk,48,6,8,Over
5,vote,1,8
5,vote,6,14
5,vote,7,6
5,vote,8,11
5,vote,11,7
5,vote,13,14
5,vote,14,1
5,execute,14,VILLAGER
5,divine,7,13,WEREWOLF
5,whisper,0,0,6,BECAUSE (Agent[07] COMINGOUT Agent[07] SEER) (ATTACK Agent[07])
5,whisper,1,0,13,BECAUSE (Agent[07] COMINGOUT Agent[07] SEER) (ATTACK Agent[07])
5,whisper,2,1,13,Skip
5,whisper,3,1,6,Skip
5,whisper,4,2,6,Skip
5,whisper,5,2,13,Skip
5,whisper,6,3,13,Over
5,whisper,7,3,6,Over
5,attack,7,true
6,status,1,VILLAGER,ALIVE,Sample9
6,status,2,VILLAGER,DEAD,Sample12
6,status,3,BODYGUARD,DEAD,Sample8
6,status,4,VILLAGER,DEAD,Sample11
6,status,5,WEREWOLF,DEAD,Sample7
6,status,6,WEREWOLF,ALIVE,Sample10
6,status,7,SEER,DEAD,Sample6
6,status,8,VILLAGER,ALIVE,Sample5
6,status,9,VILLAGER,DEAD,Sample4
6,status,10,POSSESSED,DEAD,Sample3
6,status,11,VILLAGER,ALIVE,Sample14
6,status,12,MEDIUM,DEAD,Sample2
6,status,13,WEREWOLF,ALIVE,Sample13
6,status,14,VILLAGER,DEAD,Sample1
6,status,15,VILLAGER,DEAD,cash_dqn
6,talk,0,0,6,ESTIMATE Agent[01] WEREWOLF
6,talk,1,0,1,Skip
6,talk,2,0,8,Skip
6,talk,3,0,13,IDENTIFIED Agent[14] WEREWOLF
6,talk,4,0,11,Skip
6,talk,5,1,1,Skip
6,talk,6,1,8,Skip
6,talk,7,1,6,Skip
6,talk,8,1,13,ESTIMATE Agent[08] WEREWOLF
6,talk,9,1,11,Skip
6,talk,10,2,6,VOTE Agent[01]
6,talk,11,2,8,VOTE Agent[01]
6,talk,12,2,1,VOTE Agent[06]
6,talk,13,2,11,VOTE Agent[01]
6,talk,14,2,13,VOTE Agent[08]
6,talk,15,3,8,Skip
6,talk,16,3,6,Skip
6,talk,17,3,1,Skip
6,talk,18,3,13,Skip
6,talk,19,3,11,Skip
6,talk,20,4,6,Skip
6,talk,21,4,13,Skip
6,talk,22,4,8,Skip
6,talk,23,4,1,Skip
6,talk,24,4,11,Skip
6,talk,25,5,13,Over
6,talk,26,5,1,Over
6,talk,27,5,6,Over
6,talk,28,5,11,Over
6,talk,29,5,8,Over
6,vote,1,6
6,vote,6,1
6,vote,8,1
6,vote,11,1
6,vote,13,8
6,execute,1,VILLAGER
6,whisper,0,0,13,ATTACK Agent[11]
6,whisper,1,0,6,ATTACK Agent[11]
6,whisper,2,1,6,Skip
6,whisper,3,1,13,Skip
6,whisper,4,2,6,Skip
6,whisper,5,2,13,Skip
6,whisper,6,3,13,Over
6,whisper,7,3,6,Over
6,attack,11,true
7,status,1,VILLAGER,DEAD,Sample9
7,status,2,VILLAGER,DEAD,Sample12
7,status,3,BODYGUARD,DEAD,Sample8
7,status,4,VILLAGER,DEAD,Sample11
7,status,5,WEREWOLF,DEAD,Sample7
7,status,6,WEREWOLF,ALIVE,Sample10
7,status,7,SEER,DEAD,Sample6
7,status,8,VILLAGER,ALIVE,Sample5
7,status,9,VILLAGER,DEAD,Sample4
7,status,10,POSSESSED,DEAD,Sample3
7,status,11,VILLAGER,DEAD,Sample14
7,status,12,MEDIUM,DEAD,Sample2
7,status,13,WEREWOLF,ALIVE,Sample13
7,status,14,VILLAGER,DEAD,Sample1
7,status,15,VILLAGER,DEAD,cash_dqn
7,result,1,2,WEREWOLF
