0,status,1,VILLAGER,ALIVE,Sample9
0,status,2,VILLAGER,ALIVE,Sample12
0,status,3,VILLAGER,ALIVE,Sample8
0,status,4,VILLAGER,ALIVE,Sample11
0,status,5,WEREWOLF,ALIVE,Sample7
0,status,6,MEDIUM,ALIVE,Sample10
0,status,7,VILLAGER,ALIVE,Sample6
0,status,8,BODYGUARD,ALIVE,Sample5
0,status,9,VILLAGER,ALIVE,Sample4
0,status,10,VILLAGER,ALIVE,Sample3
0,status,11,WEREWOLF,ALIVE,Sample14
0,status,12,VILLAGER,ALIVE,Sample2
0,status,13,SEER,ALIVE,Sample13
0,status,14,WEREWOLF,ALIVE,Sample1
0,status,15,POSSESSED,ALIVE,cash_dqn
0,whisper,0,0,5,COMINGOUT Agent[05] MEDIUM
0,whisper,1,0,11,COMINGOUT Agent[11] SEER
0,whisper,2,0,14,COMINGOUT Agent[14] VILLAGER
0,whisper,3,1,5,ATTACK Agent[06]
0,whisper,4,1,11,ATTACK Agent[15]
0,whisper,5,1,14,ATTACK Agent[02]
0,whisper,6,2,5,Skip
0,whisper,7,2,14,Skip
0,whisper,8,2,11,Skip
0,whisper,9,3,11,Skip
0,whisper,10,3,14,Skip
0,whisper,11,3,5,Skip
0,whisper,12,4,5,Over
0,whisper,13,4,11,Over
0,whisper,14,4,14,Over
0,divine,13,2,HUMAN
1,status,1,VILLAGER,ALIVE,Sample9
1,status,2,VILLAGER,ALIVE,Sample12
1,status,3,VILLAGER,ALIVE,Sample8
1,status,4,VILLAGER,ALIVE,Sample11
1,status,5,WEREWOLF,ALIVE,Sample7
1,status,6,MEDIUM,ALIVE,Sample10
1,status,7,VILLAGER,ALIVE,Sample6
1,status,8,BODYGUARD,ALIVE,Sample5
1,status,9,VILLAGER,ALIVE,Sample4
1,status,10,VILLAGER,ALIVE,Sample3
1,status,11,WEREWOLF,ALIVE,Sample14
1,status,12,VILLAGER,ALIVE,Sample2
1,status,13,SEER,ALIVE,Sample13
1,status,14,WEREWOLF,ALIVE,Sample1
1,status,15,POSSESSED,ALIVE,cash_dqn
1,talk,0,0,3,Skip
1,talk,1,0,11,ESTIMATE Agent[09] WEREWOLF
1,talk,2,0,10,Skip
1,talk,3,0,14,ESTIMATE Agent[08] WEREWOLF
1,talk,4,0,4,Skip
1,talk,5,0,9,Skip
1,talk,6,0,8,Skip
1,talk,7,0,15,Over
1,talk,8,0,13,Skip
1,talk,9,0,5,ESTIMATE Agent[10] WEREWOLF
1,talk,10,0,12,Skip
1,talk,11,0,6,Skip
1,talk,12,0,1,Skip
1,talk,13,0,2,Skip
1,talk,14,0,7,Skip
1,talk,15,1,7,Skip
1,talk,16,1,3,Skip
1,talk,17,1,5,Skip
1,talk,18,1,11,Skip
1,talk,19,1,6,Skip
1,talk,20,1,4,Skip
1,talk,21,1,9,Skip
1,talk,22,1,13,Skip
1,talk,23,1,1,Skip
1,talk,24,1,12,Skip
1,talk,25,1,8,Skip
1,talk,26,1,2,Skip
1,talk,27,1,15,Over
1,talk,28,1,10,Skip
1,talk,29,1,14,Skip
1,talk,30,2,9,VOTE Agent[08]
1,talk,31,2,3,VOTE Agent[13]
1,talk,32,2,14,VOTE Agent[08]
1,talk,33,2,12,VOTE Agent[06]
1,talk,34,2,13,VOTE Agent[14]
1,talk,35,2,6,VOTE Agent[11]
1,talk,36,2,2,VOTE Agent[08]
1,talk,37,2,1,VOTE Agent[04]
1,talk,38,2,10,VOTE Agent[11]
1,talk,39,2,5,VOTE Agent[10]
1,talk,40,2,15,Over
1,talk,41,2,4,VOTE Agent[09]
1,talk,42,2,11,VOTE Agent[09]
1,talk,43,2,8,VOTE Agent[05]
1,talk,44,2,7,VOTE Agent[15]
1,talk,45,3,15,Over
1,talk,46,3,14,Skip
1,talk,47,3,11,Skip
1,talk,48,3,2,Skip
1,talk,49,3,10,Skip
1,talk,50,3,1,Skip
1,talk,51,3,7,Skip
1,talk,52,3,4,Skip
1,talk,53,3,3,Skip
1,talk,54,3,9,Skip
1,talk,55,3,8,Skip
1,talk,56,3,13,Skip
1,talk,57,3,6,Skip
1,talk,58,3,5,Skip
1,talk,59,3,12,Skip
1,talk,60,4,13,Skip
1,talk,61,4,11,Skip
1,talk,62,4,4,Skip
1,talk,63,4,5,Skip
1,talk,64,4,7,Skip
1,talk,65,4,12,Skip
1,talk,66,4,3,Skip
1,talk,67,4,2,Skip
1,talk,68,4,9,Skip
1,talk,69,4,6,Skip
1,talk,70,4,15,Over
1,talk,71,4,1,Skip
1,talk,72,4,14,Skip
1,talk,73,4,10,Skip
1,talk,74,4,8,Skip
1,talk,75,5,12,Over
1,talk,76,5,6,Over
1,talk,77,5,11,Over
1,talk,78,5,3,Over
1,talk,79,5,14,Over
1,talk,80,5,15,Over
1,talk,81,5,1,Over
1,talk,82,5,2,Over
1,talk,83,5,5,Over
1,talk,84,5,7,Over
1,talk,85,5,10,Over
1,talk,86,5,9,Over
1,talk,87,5,4,Over
1,talk,88,5,13,Over
1,talk,89,5,8,Over
1,vote,1,4
1,vote,2,8
1,vote,3,13
1,vote,4,9
1,vote,5,10
1,vote,6,11
1,vote,7,15
1,vote,8,5
1,vote,9,8
1,vote,10,11
1,vote,11,9
1,vote,12,6
1,vote,13,14
1,vote,14,8
1,vote,15,6
1,execute,8,BODYGUARD
1,divine,13,12,HUMAN
1,whisper,0,0,5,ATTACK Agent[10]
1,whisper,1,0,11,ATTACK Agent[15]
1,whisper,2,0,14,ATTACK Agent[06]
1,whisper,3,1,5,Skip
1,whisper,4,1,11,Skip
1,whisper,5,1,14,Skip
1,whisper,6,2,11,Skip
1,whisper,7,2,14,Skip
1,whisper,8,2,5,Skip
1,whisper,9,3,5,Over
1,whisper,10,3,14,Over
1,whisper,11,3,11,Over
1,attack,9,true
2,status,1,VILLAGER,ALIVE,Sample9
2,status,2,VILLAGER,ALIVE,Sample12
2,status,3,VILLAGER,ALIVE,Sample8
2,status,4,VILLAGER,ALIVE,Sample11
2,status,5,WEREWOLF,ALIVE,Sample7
2,status,6,MEDIUM,ALIVE,Sample10
2,status,7,VILLAGER,ALIVE,Sample6
2,status,8,BODYGUARD,DEAD,Sample5
2,status,9,VILLAGER,DEAD,Sample4
2,status,10,VILLAGER,ALIVE,Sample3
2,status,11,WEREWOLF,ALIVE,Sample14
2,status,12,VILLAGER,ALIVE,Sample2
2,status,13,SEER,ALIVE,Sample13
2,status,14,WEREWOLF,ALIVE,Sample1
2,status,15,POSSESSED,ALIVE,cash_dqn
2,talk,0,0,10,Skip
2,talk,1,0,11,ESTIMATE Agent[15] WEREWOLF
2,talk,2,0,5,ESTIMATE Agent[10] WEREWOLF
2,talk,3,0,14,ESTIMATE Agent[02] WEREWOLF
2,talk,4,0,2,Skip
2,talk,5,0,7,Skip
2,talk,6,0,3,Skip
2,talk,7,0,13,Skip
2,talk,8,0,6,Skip
2,talk,9,0,4,Skip
2,talk,10,0,1,Skip
2,talk,11,0,12,Skip
2,talk,12,0,15,Over
2,talk,13,1,15,Over
2,talk,14,1,14,Skip
2,talk,15,1,7,Skip
2,talk,16,1,12,Skip
2,talk,17,1,2,Skip
2,talk,18,1,3,Skip
2,talk,19,1,10,Skip
2,talk,20,1,5,Skip
2,talk,21,1,11,Skip
2,talk,22,1,13,Skip
2,talk,23,1,6,Skip
2,talk,24,1,1,Skip
2,talk,25,1,4,Skip
2,talk,26,2,4,VOTE Agent[07]
2,talk,27,2,6,VOTE Agent[02]
2,talk,28,2,13,VOTE Agent[11]
2,talk,29,2,7,VOTE Agent[05]
2,talk,30,2,3,VOTE Agent[14]
2,talk,31,2,12,VOTE Agent[01]
2,talk,32,2,11,VOTE Agent[15]
2,talk,33,2,2,VOTE Agent[14]
2,talk,34,2,10,VOTE Agent[02]
2,talk,35,2,1,VOTE Agent[14]
2,talk,36,2,14,VOTE Agent[02]
2,talk,37,2,15,Over
2,talk,38,2,5,VOTE Agent[10]
2,talk,39,3,12,Skip
2,talk,40,3,10,Skip
2,talk,41,3,11,Skip
2,talk,42,3,1,Skip
2,talk,43,3,3,Skip
2,talk,44,3,4,Skip
2,talk,45,3,2,Skip
2,talk,46,3,7,Skip
2,talk,47,3,6,Skip
2,talk,48,3,14,Skip
2,talk,49,3,5,Skip
2,talk,50,3,13,Skip
2,talk,51,3,15,Over
2,talk,52,4,6,Skip
2,talk,53,4,14,Skip
2,talk,54,4,4,Skip
2,talk,55,4,12,Skip
2,talk,56,4,1,Skip
2,talk,57,4,7,Skip
2,talk,58,4,5,Skip
2,talk,59,4,2,Skip
2,talk,60,4,13,Skip
2,talk,61,4,15,Over
2,talk,62,4,11,Skip
2,talk,63,4,3,Skip
2,talk,64,4,10,Skip
2,talk,65,5,7,Over
2,talk,66,5,12,Over
2,talk,67,5,6,Over
2,talk,68,5,10,Over
2,talk,69,5,13,Over
2,talk,70,5,11,Over
2,talk,71,5,14,Over
2,talk,72,5,4,Over
2,talk,73,5,15,Over
2,talk,74,5,3,Over
2,talk,75,5,2,Over
2,talk,76,5,5,Over
2,talk,77,5,1,Over
2,vote,1,14
2,vote,2,14
2,vote,3,14
2,vote,4,7
2,vote,5,10
2,vote,6,2
2,vote,7,5
2,vote,10,2
2,vote,11,15
2,vote,12,1
2,vote,13,11
2,vote,14,2
2,vote,15,6
2,vote,1,14
2,vote,2,14
2,vote,3,14
2,vote,4,7
2,vote,5,10
2,vote,6,2
2,vote,7,5
2,vote,10,2
2,vote,11,15
2,vote,12,1
2,vote,13,11
2,vote,14,2
2,vote,15,10
2,execute,2,VILLAGER
2,divine,13,14,WEREWOLF
2,whisper,0,0,11,ATTACK Agent[12]
2,whisper,1,0,14,ATTACK Agent[15]
2,whisper,2,0,5,ATTACK Agent[13]
2,whisper,3,1,5,Skip
2,whisper,4,1,11,Skip
2,whisper,5,1,14,Skip
2,whisper,6,2,14,Skip
2,whisper,7,2,5,Skip
2,whisper,8,2,11,Skip
2,whisper,9,3,14,Over
2,whisper,10,3,11,Over
2,whisper,11,3,5,Over
2,attack,7,true
3,status,1,VILLAGER,ALIVE,Sample9
3,status,2,VILLAGER,DEAD,Sample12
3,status,3,VILLAGER,ALIVE,Sample8
3,status,4,VILLAGER,ALIVE,Sample11
3,status,5,WEREWOLF,ALIVE,Sample7
3,status,6,MEDIUM,ALIVE,Sample10
3,status,7,VILLAGER,DEAD,Sample6
3,status,8,BODYGUARD,DEAD,Sample5
3,status,9,VILLAGER,DEAD,Sample4
3,status,10,VILLAGER,ALIVE,Sample3
3,status,11,WEREWOLF,ALIVE,Sample14
3,status,12,VILLAGER,ALIVE,Sample2
3,status,13,SEER,ALIVE,Sample13
3,status,14,WEREWOLF,ALIVE,Sample1
3,status,15,POSSESSED,ALIVE,cash_dqn
3,talk,0,0,4,Skip
3,talk,1,0,3,Skip
3,talk,2,0,13,COMINGOUT Agent[13] SEER
3,talk,3,0,11,COMINGOUT Agent[11] SEER
3,talk,4,0,6,COMINGOUT Agent[06] MEDIUM
3,talk,5,0,1,Skip
3,talk,6,0,15,Over
3,talk,7,0,10,Skip
3,talk,8,0,14,ESTIMATE Agent[10] WEREWOLF
3,talk,9,0,5,COMINGOUT Agent[05] MEDIUM
3,talk,10,0,12,Skip
3,talk,11,1,11,ESTIMATE Agent[03] WEREWOLF
3,talk,12,1,4,Skip
3,talk,13,1,13,AND (DAY 1 (DIVINED Agent[02] HUMAN)) (DAY 2 (DIVINED Agent[12] HUMAN)) (DAY 3 (DIVINED Agent[14] WEREWOLF))
3,talk,14,1,3,Skip
3,talk,15,1,1,Skip
3,talk,16,1,5,ESTIMATE Agent[13] WEREWOLF
3,talk,17,1,10,Skip
3,talk,18,1,6,AND (DAY 2 (IDENTIFIED Agent[08] HUMAN)) (DAY 3 (IDENTIFIED Agent[02] HUMAN))
3,talk,19,1,15,Over
3,talk,20,1,14,Skip
3,talk,21,1,12,Skip
3,talk,22,2,4,VOTE Agent[14]
3,talk,23,2,13,BECAUSE (DAY 3 (DIVINED Agent[14] WEREWOLF)) (REQUEST ANY (VOTE Agent[14]))
3,talk,24,2,12,VOTE Agent[15]
3,talk,25,2,10,VOTE Agent[05]
3,talk,26,2,6,BECAUSE (AND (COMINGOUT Agent[06] MEDIUM) (Agent[05] COMINGOUT Agent[05] MEDIUM)) (XOR (ESTIMATE Agent[05] WEREWOLF) (ESTIMATE Agent[05] POSSESSED))
3,talk,27,2,3,VOTE Agent[12]
3,talk,28,2,11,DIVINED Agent[12] HUMAN
3,talk,29,2,5,IDENTIFIED Agent[08] HUMAN
3,talk,30,2,15,Over
3,talk,31,2,14,VOTE Agent[10]
3,talk,32,2,1,VOTE Agent[15]
3,talk,33,3,12,Skip
3,talk,34,3,1,Skip
3,talk,35,3,4,Skip
3,talk,36,3,5,IDENTIFIED Agent[02] HUMAN
3,talk,37,3,14,Skip
3,talk,38,3,3,Skip
3,talk,39,3,10,Skip
3,talk,40,3,6,BECAUSE (XOR (ESTIMATE Agent[05] WEREWOLF) (ESTIMATE Agent[05] POSSESSED)) (VOTE Agent[05])
3,talk,41,3,11,DIVINED Agent[13] HUMAN
3,talk,42,3,15,Over
3,talk,43,3,13,INQUIRE ANY (VOTE Agent[14])
3,talk,44,4,13,BECAUSE (DIVINED Agent[14] WEREWOLF) (VOTE Agent[14])
3,talk,45,4,5,ESTIMATE Agent[06] WEREWOLF
3,talk,46,4,11,DIVINED Agent[15] HUMAN
3,talk,47,4,10,Skip
3,talk,48,4,4,Skip
3,talk,49,4,6,Skip
3,talk,50,4,12,Skip
3,talk,51,4,15,Over
3,talk,52,4,3,Skip
3,talk,53,4,1,Skip
3,talk,54,4,14,Skip
3,talk,55,5,5,VOTE Agent[06]
3,talk,56,5,14,Over
3,talk,57,5,3,Over
3,talk,58,5,13,Skip
3,talk,59,5,12,Over
3,talk,60,5,6,Skip
3,talk,61,5,4,Over
3,talk,62,5,15,Over
3,talk,63,5,11,ESTIMATE Agent[13] WEREWOLF
3,talk,64,5,10,Over
3,talk,65,5,1,Over
3,talk,66,6,12,Over
3,talk,67,6,15,Over
3,talk,68,6,3,Over
3,talk,69,6,4,Over
3,talk,70,6,13,Skip
3,talk,71,6,10,Over
3,talk,72,6,11,VOTE Agent[13]
3,talk,73,6,14,Over
3,talk,74,6,5,Skip
3,talk,75,6,1,Over
3,talk,76,6,6,Over
3,talk,77,7,5,Skip
3,talk,78,7,11,Skip
3,talk,79,7,15,Over
3,talk,80,7,1,Over
3,talk,81,7,3,Over
3,talk,82,7,12,Over
3,talk,83,7,4,Over
3,talk,84,7,14,Over
3,talk,85,7,13,Over
3,talk,86,7,6,Over
3,talk,87,7,10,Over
3,talk,88,8,4,Over
3,talk,89,8,6,Over
3,talk,90,8,12,Over
3,talk,91,8,10,Over
3,talk,92,8,11,Skip
3,talk,93,8,15,Over
3,talk,94,8,3,Over
3,talk,95,8,5,Over
3,talk,96,8,1,Over
3,talk,97,8,14,Over
3,talk,98,8,13,Over
3,talk,99,9,12,Over
3,talk,100,9,3,Over
3,talk,101,9,1,Over
3,talk,102,9,10,Over
3,talk,103,9,15,Over
3,talk,104,9,6,Over
3,talk,105,9,4,Over
3,talk,106,9,11,Over
3,talk,107,9,5,Over
3,talk,108,9,14,Over
3,talk,109,9,13,Over
3,vote,1,15
3,vote,3,12
3,vote,4,14
3,vote,5,6
3,vote,6,5
3,vote,10,5
3,vote,11,13
3,vote,12,15
3,vote,13,14
3,vote,14,10
3,vote,15,10
3,vote,1,15
3,vote,3,12
3,vote,4,14
3,vote,5,6
3,vote,6,5
3,vote,10,5
3,vote,11,13
3,vote,12,15
3,vote,13,14
3,vote,14,10
3,vote,15,12
3,execute,14,WEREWOLF
3,divine,13,15,HUMAN
3,whisper,0,0,5,BECAUSE (Agent[06] COMINGOUT Agent[06] MEDIUM) (ATTACK Agent[06])
3,whisper,1,0,11,BECAUSE (Agent[13] COMINGOUT Agent[13] SEER) (ATTACK Agent[13])
3,whisper,2,1,5,Skip
3,whisper,3,1,11,Skip
3,whisper,4,2,5,Skip
3,whisper,5,2,11,Skip
3,whisper,6,3,11,Over
3,whisper,7,3,5,Over
3,attack,10,true
4,status,1,VILLAGER,ALIVE,Sample9
4,status,2,VILLAGER,DEAD,Sample12
4,status,3,VILLAGER,ALIVE,Sample8
4,status,4,VILLAGER,ALIVE,Sample11
4,status,5,WEREWOLF,ALIVE,Sample7
4,status,6,MEDIUM,ALIVE,Sample10
4,status,7,VILLAGER,DEAD,Sample6
4,status,8,BODYGUARD,DEAD,Sample5
4,status,9,VILLAGER,DEAD,Sample4
4,status,10,VILLAGER,DEAD,Sample3
4,status,11,WEREWOLF,ALIVE,Sample14
4,status,12,VILLAGER,ALIVE,Sample2
4,status,13,SEER,ALIVE,Sample13
4,status,14,WEREWOLF,DEAD,Sample1
4,status,15,POSSESSED,ALIVE,cash_dqn
4,talk,0,0,5,IDENTIFIED Agent[14] HUMAN
4,talk,1,0,4,Skip
4,talk,2,0,1,Skip
4,talk,3,0,15,Over
4,talk,4,0,6,DAY 4 (IDENTIFIED Agent[14] WEREWOLF)
4,talk,5,0,11,DIVINED Agent[05] HUMAN
4,talk,6,0,3,Skip
4,talk,7,0,12,Skip
4,talk,8,0,13,DAY 4 (DIVINED Agent[15] HUMAN)
4,talk,9,1,5,ESTIMATE Agent[06] WEREWOLF
4,talk,10,1,12,Skip
4,talk,11,1,1,Skip
4,talk,12,1,3,Skip
4,talk,13,1,13,BECAUSE (AND (COMINGOUT Agent[13] SEER) (Agent[11] COMINGOUT Agent[11] SEER)) (XOR (ESTIMATE Agent[11] WEREWOLF) (ESTIMATE Agent[11] POSSESSED))
4,talk,14,1,6,BECAUSE (AND (COMINGOUT Agent[06] MEDIUM) (Agent[05] COMINGOUT Agent[05] MEDIUM)) (XOR (ESTIMATE Agent[05] WEREWOLF) (ESTIMATE Agent[05] POSSESSED))
4,talk,15,1,4,Skip
4,talk,16,1,11,ESTIMATE Agent[13] WEREWOLF
4,talk,17,1,15,Over
4,talk,18,2,1,VOTE Agent[03]
4,talk,19,2,11,VOTE Agent[13]
4,talk,20,2,12,VOTE Agent[13]
4,talk,21,2,3,VOTE Agent[01]
4,talk,22,2,4,VOTE Agent[12]
4,talk,23,2,6,BECAUSE (XOR (ESTIMATE Agent[05] WEREWOLF) (ESTIMATE Agent[05] POSSESSED)) (VOTE Agent[05])
4,talk,24,2,13,BECAUSE (XOR (ESTIMATE Agent[11] WEREWOLF) (ESTIMATE Agent[11] POSSESSED)) (VOTE Agent[11])
4,talk,25,2,15,Over
4,talk,26,2,5,VOTE Agent[06]
4,talk,27,3,1,Skip
4,talk,28,3,13,Skip
4,talk,29,3,5,Skip
4,talk,30,3,4,Skip
4,talk,31,3,12,Skip
4,talk,32,3,3,Skip
4,talk,33,3,6,Skip
4,talk,34,3,11,Skip
4,talk,35,3,15,Over
4,talk,36,4,11,Skip
4,talk,37,4,12,Skip
4,talk,38,4,15,Over
4,talk,39,4,3,Skip
4,talk,40,4,6,Skip
4,talk,41,4,13,Skip
4,talk,42,4,1,Skip
4,talk,43,4,4,Skip
4,talk,44,4,5,Skip
4,talk,45,5,4,Over
4,talk,46,5,5,Over
4,talk,47,5,3,Over
4,talk,48,5,15,Over
4,talk,49,5,11,Over
4,talk,50,5,13,Over
4,talk,51,5,6,Over
4,talk,52,5,1,Over
4,talk,53,5,12,Over
4,vote,1,3
4,vote,3,1
4,vote,4,12
4,vote,5,6
4,vote,6,5
4,vote,11,13
4,vote,12,13
4,vote,13,11
4,vote,15,1
4,vote,1,3
4,vote,3,1
4,vote,4,12
4,vote,5,6
4,vote,6,5
4,vote,11,13
4,vote,12,13
4,vote,13,11
4,vote,15,12
4,execute,12,VILLAGER
4,divine,13,5,WEREWOLF
4,whisper,0,0,5,BECAUSE (Agent[06] COMINGOUT Agent[06] MEDIUM) (ATTACK Agent[06])
4,whisper,1,0,11,BECAUSE (Agent[06] COMINGOUT Agent[06] MEDIUM) (ATTACK Agent[06])
4,whisper,2,1,5,Skip
4,whisper,3,1,11,Skip
4,whisper,4,2,5,Skip
4,whisper,5,2,11,Skip
4,whisper,6,3,5,Over
4,whisper,7,3,11,Over
4,attack,15,true
5,status,1,VILLAGER,ALIVE,Sample9
5,status,2,VILLAGER,DEAD,Sample12
5,status,3,VILLAGER,ALIVE,Sample8
5,status,4,VILLAGER,ALIVE,Sample11
5,status,5,WEREWOLF,ALIVE,Sample7
5,status,6,MEDIUM,ALIVE,Sample10
5,status,7,VILLAGER,DEAD,Sample6
5,status,8,BODYGUARD,DEAD,Sample5
5,status,9,VILLAGER,DEAD,Sample4
5,status,10,VILLAGER,DEAD,Sample3
5,status,11,WEREWOLF,ALIVE,Sample14
5,status,12,VILLAGER,DEAD,Sample2
5,status,13,SEER,ALIVE,Sample13
5,status,14,WEREWOLF,DEAD,Sample1
5,status,15,POSSESSED,DEAD,cash_dqn
5,talk,0,0,3,Skip
5,talk,1,0,13,DAY 5 (DIVINED Agent[05] WEREWOLF)
5,talk,2,0,4,Skip
5,talk,3,0,6,DAY 5 (IDENTIFIED Agent[12] HUMAN)
5,talk,4,0,11,DIVINED Agent[04] HUMAN
5,talk,5,0,5,IDENTIFIED Agent[12] WEREWOLF
5,talk,6,0,1,Skip
5,talk,7,1,5,ESTIMATE Agent[06] WEREWOLF
5,talk,8,1,13,BECAUSE (DAY 5 (DIVINED Agent[05] WEREWOLF)) (REQUEST ANY (VOTE Agent[05]))
5,talk,9,1,3,Skip
5,talk,10,1,6,BECAUSE (AND (COMINGOUT Agent[06] MEDIUM) (Agent[05] COMINGOUT Agent[05] MEDIUM)) (XOR (ESTIMATE Agent[05] WEREWOLF) (ESTIMATE Agent[05] POSSESSED))
5,talk,11,1,4,Skip
5,talk,12,1,11,ESTIMATE Agent[13] WEREWOLF
5,talk,13,1,1,Skip
5,talk,14,2,5,VOTE Agent[06]
5,talk,15,2,6,BECAUSE (XOR (ESTIMATE Agent[05] WEREWOLF) (ESTIMATE Agent[05] POSSESSED)) (VOTE Agent[05])
5,talk,16,2,11,VOTE Agent[13]
5,talk,17,2,1,VOTE Agent[05]
5,talk,18,2,13,INQUIRE ANY (VOTE Agent[05])
5,talk,19,2,3,VOTE Agent[01]
5,talk,20,2,4,VOTE Agent[05]
5,talk,21,3,1,Skip
5,talk,22,3,13,BECAUSE (DIVINED Agent[05] WEREWOLF) (VOTE Agent[05])
5,talk,23,3,6,Skip
5,talk,24,3,5,Skip
5,talk,25,3,11,Skip
5,talk,26,3,4,Skip
5,talk,27,3,3,Skip
5,talk,28,4,13,Skip
5,talk,29,4,6,Skip
5,talk,30,4,3,Skip
5,talk,31,4,5,Skip
5,talk,32,4,11,Skip
5,talk,33,4,4,Skip
5,talk,34,4,1,Skip
5,talk,35,5,6,Over
5,talk,36,5,4,Over
5,talk,37,5,1,Over
5,talk,38,5,3,Over
5,talk,39,5,13,Skip
5,talk,40,5,5,Over
5,talk,41,5,11,Over
5,talk,42,6,4,Over
5,talk,43,6,5,Over
5,talk,44,6,3,Over
5,talk,45,6,1,Over
5,talk,46,6,6,Over
5,talk,47,6,13,Over
5,talk,48,6,11,Over
5,vote,1,5
5,vote,3,1
5,vote,4,5
5,vote,5,6
5,vote,6,5
5,vote,11,13
5,vote,13,5
5,execute,5,WEREWOLF
5,divine,13,11,WEREWOLF
5,attackVote,11,6
5,attack,6,true
6,status,1,VILLAGER,ALIVE,Sample9
6,status,2,VILLAGER,DEAD,Sample12
6,status,3,VILLAGER,ALIVE,Sample8
6,status,4,VILLAGER,ALIVE,Sample11
6,status,5,WEREWOLF,DEAD,Sample7
6,status,6,MEDIUM,DEAD,Sample10
6,status,7,VILLAGER,DEAD,Sample6
6,status,8,BODYGUARD,DEAD,Sample5
6,status,9,VILLAGER,DEAD,Sample4
6,status,10,VILLAGER,DEAD,Sample3
6,status,11,WEREWOLF,ALIVE,Sample14
6,status,12,VILLAGER,DEAD,Sample2
6,status,13,SEER,ALIVE,Sample13
6,status,14,WEREWOLF,DEAD,Sample1
6,status,15,POSSESSED,DEAD,cash_dqn
6,talk,0,0,4,Skip
6,talk,1,0,1,Skip
6,talk,2,0,11,DIVINED Agent[01] HUMAN
6,talk,3,0,13,DAY 6 (DIVINED Agent[11] WEREWOLF)
6,talk,4,0,3,Skip
6,talk,5,1,13,BECAUSE (DAY 6 (DIVINED Agent[11] WEREWOLF)) (REQUEST ANY (VOTE Agent[11]))
6,talk,6,1,4,Skip
6,talk,7,1,11,ESTIMATE Agent[13] WEREWOLF
6,talk,8,1,1,Skip
6,talk,9,1,3,Skip
6,talk,10,2,1,VOTE Agent[13]
6,talk,11,2,4,VOTE Agent[13]
6,talk,12,2,11,VOTE Agent[13]
6,talk,13,2,13,INQUIRE ANY (VOTE Agent[11])
6,talk,14,2,3,VOTE Agent[01]
6,talk,15,3,11,Skip
6,talk,16,3,13,BECAUSE (DIVINED Agent[11] WEREWOLF) (VOTE Agent[11])
6,talk,17,3,1,Skip
6,talk,18,3,4,Skip
6,talk,19,3,3,Skip
6,talk,20,4,1,Skip
6,talk,21,4,11,Skip
6,talk,22,4,13,Skip
6,talk,23,4,4,Skip
6,talk,24,4,3,Skip
6,talk,25,5,13,Skip
6,talk,26,5,3,Over
6,talk,27,5,1,Over
6,talk,28,5,4,Over
6,talk,29,5,11,Over
6,talk,30,6,1,Over
6,talk,31,6,13,Over
6,talk,32,6,4,Over
6,talk,33,6,3,Over
6,talk,34,6,11,Over
6,vote,1,13
6,vote,3,1
6,vote,4,13
6,vote,11,13
6,vote,13,11
6,execute,13,SEER
6,attackVote,11,1
6,attack,1,true
7,status,1,VILLAGER,DEAD,Sample9
7,status,2,VILLAGER,DEAD,Sample12
7,status,3,VILLAGER,ALIVE,Sample8
7,status,4,VILLAGER,ALIVE,Sample11
7,status,5,WEREWOLF,DEAD,Sample7
7,status,6,MEDIUM,DEAD,Sample10
7,status,7,VILLAGER,DEAD,Sample6
7,status,8,BODYGUARD,DEAD,Sample5
7,status,9,VILLAGER,DEAD,Sample4
7,status,10,VILLAGER,DEAD,Sample3
7,status,11,WEREWOLF,ALIVE,Sample14
7,status,12,VILLAGER,DEAD,Sample2
7,status,13,SEER,DEAD,Sample13
7,status,14,WEREWOLF,DEAD,Sample1
7,status,15,POSSESSED,DEAD,cash_dqn
7,talk,0,0,4,Skip
7,talk,1,0,11,DIVINED Agent[03] WEREWOLF
7,talk,2,0,3,Skip
7,talk,3,1,3,BECAUSE (AND (COMINGOUT Agent[03] VILLAGER) (DAY 7 (Agent[11] DIVINED Agent[03] WEREWOLF))) (XOR (ESTIMATE Agent[11] WEREWOLF) (ESTIMATE Agent[11] POSSESSED))
7,talk,4,1,11,ESTIMATE Agent[03] WEREWOLF
7,talk,5,1,4,Skip
7,talk,6,2,4,VOTE Agent[03]
7,talk,7,2,3,BECAUSE (XOR (ESTIMATE Agent[11] WEREWOLF) (ESTIMATE Agent[11] POSSESSED)) (VOTE Agent[11])
7,talk,8,2,11,VOTE Agent[03]
7,talk,9,3,11,Skip
7,talk,10,3,4,Skip
7,talk,11,3,3,Skip
7,talk,12,4,4,Skip
7,talk,13,4,3,Skip
7,talk,14,4,11,Skip
7,talk,15,5,4,Over
7,talk,16,5,3,Over
7,talk,17,5,11,Over
7,vote,3,11
7,vote,4,3
7,vote,11,3
7,execute,3,VILLAGER
7,attackVote,11,4
7,attack,4,true
8,status,1,VILLAGER,DEAD,Sample9
8,status,2,VILLAGER,DEAD,Sample12
8,status,3,VILLAGER,DEAD,Sample8
8,status,4,VILLAGER,DEAD,Sample11
8,status,5,WEREWOLF,DEAD,Sample7
8,status,6,MEDIUM,DEAD,Sample10
8,status,7,VILLAGER,DEAD,Sample6
8,status,8,BODYGUARD,DEAD,Sample5
8,status,9,VILLAGER,DEAD,Sample4
8,status,10,VILLAGER,DEAD,Sample3
8,status,11,WEREWOLF,ALIVE,Sample14
8,status,12,VILLAGER,DEAD,Sample2
8,status,13,SEER,DEAD,Sample13
8,status,14,WEREWOLF,DEAD,Sample1
8,status,15,POSSESSED,DEAD,cash_dqn
8,result,0,1,WEREWOLF
