0,status,1,MEDIUM,ALIVE,Sample9
0,status,2,SEER,ALIVE,Sample12
0,status,3,WEREWOLF,ALIVE,Sample8
0,status,4,WEREWOLF,ALIVE,Sample11
0,status,5,VILLAGER,ALIVE,Sample7
0,status,6,VILLAGER,ALIVE,Sample10
0,status,7,WEREWOLF,ALIVE,Sample6
0,status,8,VILLAGER,ALIVE,Sample5
0,status,9,VILLAGER,ALIVE,Sample4
0,status,10,POSSESSED,ALIVE,Sample3
0,status,11,VILLAGER,ALIVE,Sample14
0,status,12,VILLAGER,ALIVE,Sample2
0,status,13,BODYGUARD,ALIVE,Sample13
0,status,14,VILLAGER,ALIVE,Sample1
0,status,15,VILLAGER,ALIVE,cash_dqn
0,whisper,0,0,3,COMINGOUT Agent[03] MEDIUM
0,whisper,1,0,4,COMINGOUT Agent[04] SEER
0,whisper,2,0,7,COMINGOUT Agent[07] VILLAGER
0,whisper,3,1,7,ATTACK Agent[02]
0,whisper,4,1,4,ATTACK Agent[13]
0,whisper,5,1,3,ATTACK Agent[05]
0,whisper,6,2,3,Skip
0,whisper,7,2,7,Skip
0,whisper,8,2,4,Skip
0,whisper,9,3,7,Skip
0,whisper,10,3,4,Skip
0,whisper,11,3,3,Skip
0,whisper,12,4,4,Over
0,whisper,13,4,7,Over
0,whisper,14,4,3,Over
0,divine,2,6,HUMAN
1,status,1,MEDIUM,ALIVE,Sample9
1,status,2,SEER,ALIVE,Sample12
1,status,3,WEREWOLF,ALIVE,Sample8
1,status,4,WEREWOLF,ALIVE,Sample11
1,status,5,VILLAGER,ALIVE,Sample7
1,status,6,VILLAGER,ALIVE,Sample10
1,status,7,WEREWOLF,ALIVE,Sample6
1,status,8,VILLAGER,ALIVE,Sample5
1,status,9,VILLAGER,ALIVE,Sample4
1,status,10,POSSESSED,ALIVE,Sample3
1,status,11,VILLAGER,ALIVE,Sample14
1,status,12,VILLAGER,ALIVE,Sample2
1,status,13,BODYGUARD,ALIVE,Sample13
1,status,14,VILLAGER,ALIVE,Sample1
1,status,15,VILLAGER,ALIVE,cash_dqn
1,talk,0,0,14,Skip
1,talk,1,0,9,Skip
1,talk,2,0,13,Skip
1,talk,3,0,3,ESTIMATE Agent[08] WEREWOLF
1,talk,4,0,11,Skip
1,talk,5,0,15,Skip
1,talk,6,0,12,Skip
1,talk,7,0,5,Skip
1,talk,8,0,6,Skip
1,talk,9,0,4,ESTIMATE Agent[02] WEREWOLF
1,talk,10,0,7,ESTIMATE Agent[05] WEREWOLF
1,talk,11,0,2,Skip
1,talk,12,0,8,Skip
1,talk,13,0,10,Skip
1,talk,14,0,1,Skip
1,talk,15,1,10,Skip
1,talk,16,1,15,VOTE Agent[10]
1,talk,17,1,13,Skip
1,talk,18,1,5,Skip
1,talk,19,1,14,Skip
1,talk,20,1,1,Skip
1,talk,21,1,4,Skip
1,talk,22,1,2,Skip
1,talk,23,1,3,Skip
1,talk,24,1,6,Skip
1,talk,25,1,12,Skip
1,talk,26,1,7,Skip
1,talk,27,1,8,Skip
1,talk,28,1,11,Skip
1,talk,29,1,9,Skip
1,talk,30,2,1,VOTE Agent[04]
1,talk,31,2,15,Skip
1,talk,32,2,3,VOTE Agent[08]
1,talk,33,2,10,VOTE Agent[08]
1,talk,34,2,2,VOTE Agent[05]
1,talk,35,2,6,VOTE Agent[08]
1,talk,36,2,11,VOTE Agent[03]
1,talk,37,2,12,VOTE Agent[07]
1,talk,38,2,13,VOTE Agent[02]
1,talk,39,2,7,VOTE Agent[05]
1,talk,40,2,4,VOTE Agent[02]
1,talk,41,2,14,VOTE Agent[10]
1,talk,42,2,8,VOTE Agent[01]
1,talk,43,2,9,VOTE Agent[10]
1,talk,44,2,5,VOTE Agent[04]
1,talk,45,3,6,Skip
1,talk,46,3,14,Skip
1,talk,47,3,12,Skip
1,talk,48,3,13,Skip
1,talk,49,3,2,Skip
1,talk,50,3,3,Skip
1,talk,51,3,10,Skip
1,talk,52,3,15,Skip
1,talk,53,3,1,Skip
1,talk,54,3,5,Skip
1,talk,55,3,4,Skip
1,talk,56,3,9,Skip
1,talk,57,3,11,Skip
1,talk,58,3,8,Skip
1,talk,59,3,7,Skip
1,talk,60,4,14,Skip
1,talk,61,4,8,Skip
1,talk,62,4,9,Skip
1,talk,63,4,15,Over
1,talk,64,4,6,Skip
1,talk,65,4,2,Skip
1,talk,66,4,7,Skip
1,talk,67,4,1,Skip
1,talk,68,4,12,Skip
1,talk,69,4,4,Skip
1,talk,70,4,10,Skip
1,talk,71,4,13,Skip
1,talk,72,4,11,Skip
1,talk,73,4,5,Skip
1,talk,74,4,3,Skip
1,talk,75,5,7,Over
1,talk,76,5,10,Over
1,talk,77,5,4,Over
1,talk,78,5,14,Over
1,talk,79,5,3,Over
1,talk,80,5,1,Over
1,talk,81,5,12,Over
1,talk,82,5,13,Over
1,talk,83,5,5,Over
1,talk,84,5,11,Over
1,talk,85,5,6,Over
1,talk,86,5,9,Over
1,talk,87,5,15,Over
1,talk,88,5,2,Over
1,talk,89,5,8,Over
1,vote,1,4
1,vote,2,5
1,vote,3,8
1,vote,4,2
1,vote,5,4
1,vote,6,8
1,vote,7,5
1,vote,8,1
1,vote,9,10
1,vote,10,8
1,vote,11,3
1,vote,12,7
1,vote,13,2
1,vote,14,10
1,vote,15,5
1,vote,1,4
1,vote,2,5
1,vote,3,8
1,vote,4,2
1,vote,5,4
1,vote,6,8
1,vote,7,5
1,vote,8,1
1,vote,9,10
1,vote,10,8
1,vote,11,3
1,vote,12,7
1,vote,13,2
1,vote,14,10
1,vote,15,11
1,execute,8,VILLAGER
1,divine,2,13,HUMAN
1,whisper,0,0,3,ATTACK Agent[12]
1,whisper,1,0,4,ATTACK Agent[02]
1,whisper,2,0,7,ATTACK Agent[02]
1,whisper,3,1,4,Skip
1,whisper,4,1,3,Skip
1,whisper,5,1,7,Skip
1,whisper,6,2,3,Skip
1,whisper,7,2,4,Skip
1,whisper,8,2,7,Skip
1,whisper,9,3,4,Over
1,whisper,10,3,7,Over
1,whisper,11,3,3,Over
1,guard,13,4,WEREWOLF
1,attack,12,true
2,status,1,MEDIUM,ALIVE,Sample9
2,status,2,SEER,ALIVE,Sample12
2,status,3,WEREWOLF,ALIVE,Sample8
2,status,4,WEREWOLF,ALIVE,Sample11
2,status,5,VILLAGER,ALIVE,Sample7
2,status,6,VILLAGER,ALIVE,Sample10
2,status,7,WEREWOLF,ALIVE,Sample6
2,status,8,VILLAGER,DEAD,Sample5
2,status,9,VILLAGER,ALIVE,Sample4
2,status,10,POSSESSED,ALIVE,Sample3
2,status,11,VILLAGER,ALIVE,Sample14
2,status,12,VILLAGER,DEAD,Sample2
2,status,13,BODYGUARD,ALIVE,Sample13
2,status,14,VILLAGER,ALIVE,Sample1
2,status,15,VILLAGER,ALIVE,cash_dqn
2,talk,0,0,4,COMINGOUT Agent[04] SEER
2,talk,1,0,3,COMINGOUT Agent[03] MEDIUM
2,talk,2,0,5,Skip
2,talk,3,0,14,Skip
2,talk,4,0,6,Skip
2,talk,5,0,2,COMINGOUT Agent[02] SEER
2,talk,6,0,9,Skip
2,talk,7,0,7,ESTIMATE Agent[10] WEREWOLF
2,talk,8,0,10,Skip
2,talk,9,0,11,Skip
2,talk,10,0,13,Skip
2,talk,11,0,15,Skip
2,talk,12,0,1,Skip
2,talk,13,1,14,Skip
2,talk,14,1,4,ESTIMATE Agent[02] WEREWOLF
2,talk,15,1,15,VOTE Agent[07]
2,talk,16,1,11,Skip
2,talk,17,1,1,COMINGOUT Agent[01] MEDIUM
2,talk,18,1,6,Skip
2,talk,19,1,9,Skip
2,talk,20,1,10,COMINGOUT Agent[10] SEER
2,talk,21,1,13,Skip
2,talk,22,1,7,Skip
2,talk,23,1,3,ESTIMATE Agent[13] WEREWOLF
2,talk,24,1,2,AND (DAY 1 (DIVINED Agent[06] HUMAN)) (DAY 2 (DIVINED Agent[13] HUMAN))
2,talk,25,1,5,Skip
2,talk,26,2,13,VOTE Agent[05]
2,talk,27,2,15,Skip
2,talk,28,2,2,BECAUSE (AND (COMINGOUT Agent[02] SEER) (Agent[04] COMINGOUT Agent[04] SEER)) (XOR (ESTIMATE Agent[04] WEREWOLF) (ESTIMATE Agent[04] POSSESSED))
2,talk,29,2,9,VOTE Agent[11]
2,talk,30,2,1,DAY 2 (IDENTIFIED Agent[08] HUMAN)
2,talk,31,2,4,DIVINED Agent[01] HUMAN
2,talk,32,2,3,IDENTIFIED Agent[08] WEREWOLF
2,talk,33,2,14,VOTE Agent[13]
2,talk,34,2,7,VOTE Agent[10]
2,talk,35,2,10,AND (DAY 1 (DIVINED Agent[08] HUMAN)) (DAY 2 (DIVINED Agent[02] WEREWOLF))
2,talk,36,2,6,VOTE Agent[15]
2,talk,37,2,11,VOTE Agent[03]
2,talk,38,2,5,VOTE Agent[03]
2,talk,39,3,14,Skip
2,talk,40,3,5,Skip
2,talk,41,3,2,BECAUSE (XOR (ESTIMATE Agent[04] WEREWOLF) (ESTIMATE Agent[04] POSSESSED)) (VOTE Agent[04])
2,talk,42,3,15,Skip
2,talk,43,3,11,Skip
2,talk,44,3,3,ESTIMATE Agent[01] WEREWOLF
2,talk,45,3,9,Skip
2,talk,46,3,13,Skip
2,talk,47,3,1,BECAUSE (AND (COMINGOUT Agent[01] MEDIUM) (Agent[03] COMINGOUT Agent[03] MEDIUM)) (XOR (ESTIMATE Agent[03] WEREWOLF) (ESTIMATE Agent[03] POSSESSED))
2,talk,48,3,7,ESTIMATE Agent[14] WEREWOLF
2,talk,49,3,10,VOTE Agent[02]
2,talk,50,3,4,DIVINED Agent[06] HUMAN
2,talk,51,3,6,Skip
2,talk,52,4,4,VOTE Agent[02]
2,talk,53,4,13,Skip
2,talk,54,4,1,BECAUSE (XOR (ESTIMATE Agent[03] WEREWOLF) (ESTIMATE Agent[03] POSSESSED)) (VOTE Agent[03])
2,talk,55,4,11,Skip
2,talk,56,4,6,Skip
2,talk,57,4,9,Skip
2,talk,58,4,10,Skip
2,talk,59,4,5,Skip
2,talk,60,4,14,Skip
2,talk,61,4,15,Over
2,talk,62,4,7,VOTE Agent[14]
2,talk,63,4,2,Skip
2,talk,64,4,3,VOTE Agent[01]
2,talk,65,5,1,Skip
2,talk,66,5,7,Skip
2,talk,67,5,10,Skip
2,talk,68,5,14,Over
2,talk,69,5,5,Over
2,talk,70,5,3,Skip
2,talk,71,5,2,Skip
2,talk,72,5,4,Skip
2,talk,73,5,11,Over
2,talk,74,5,6,Over
2,talk,75,5,13,Over
2,talk,76,5,15,Over
2,talk,77,5,9,Over
2,talk,78,6,10,Over
2,talk,79,6,11,Over
2,talk,80,6,7,Skip
2,talk,81,6,15,Over
2,talk,82,6,6,Over
2,talk,83,6,3,Skip
2,talk,84,6,13,Over
2,talk,85,6,14,Over
2,talk,86,6,2,Over
2,talk,87,6,1,Skip
2,talk,88,6,4,Skip
2,talk,89,6,9,Over
2,talk,90,6,5,Over
2,talk,91,7,7,Over
2,talk,92,7,2,Over
2,talk,93,7,4,Over
2,talk,94,7,14,Over
2,talk,95,7,1,Over
2,talk,96,7,5,Over
2,talk,97,7,3,Over
2,talk,98,7,11,Over
2,talk,99,7,13,Over
2,talk,100,7,9,Over
2,talk,101,7,10,Over
2,talk,102,7,15,Over
2,talk,103,7,6,Over
2,vote,1,3
2,vote,2,4
2,vote,3,1
2,vote,4,2
2,vote,5,3
2,vote,6,15
2,vote,7,14
2,vote,9,11
2,vote,10,2
2,vote,11,3
2,vote,13,5
2,vote,14,13
2,vote,15,4
2,execute,3,WEREWOLF
2,divine,2,10,HUMAN
2,whisper,0,0,7,BECAUSE (AND (NOT (COMINGOUT Agent[10] WEREWOLF)) (NOT (COMINGOUT Agent[02] WEREWOLF)) (DAY 2 (Agent[10] DIVINED Agent[02] WEREWOLF))) (ESTIMATE Agent[10] POSSESSED)
2,whisper,1,0,4,BECAUSE (AND (NOT (COMINGOUT Agent[10] WEREWOLF)) (NOT (COMINGOUT Agent[02] WEREWOLF)) (DAY 2 (Agent[10] DIVINED Agent[02] WEREWOLF))) (ESTIMATE Agent[10] POSSESSED)
2,whisper,2,1,4,BECAUSE (Agent[02] COMINGOUT Agent[02] SEER) (ATTACK Agent[02])
2,whisper,3,1,7,BECAUSE (Agent[02] COMINGOUT Agent[02] SEER) (ATTACK Agent[02])
2,whisper,4,2,4,Skip
2,whisper,5,2,7,Skip
2,whisper,6,3,7,Skip
2,whisper,7,3,4,Skip
2,whisper,8,4,4,Over
2,whisper,9,4,7,Over
2,guard,13,4,WEREWOLF
2,attack,6,true
3,status,1,MEDIUM,ALIVE,Sample9
3,status,2,SEER,ALIVE,Sample12
3,status,3,WEREWOLF,DEAD,Sample8
3,status,4,WEREWOLF,ALIVE,Sample11
3,status,5,VILLAGER,ALIVE,Sample7
3,status,6,VILLAGER,DEAD,Sample10
3,status,7,WEREWOLF,ALIVE,Sample6
3,status,8,VILLAGER,DEAD,Sample5
3,status,9,VILLAGER,ALIVE,Sample4
3,status,10,POSSESSED,ALIVE,Sample3
3,status,11,VILLAGER,ALIVE,Sample14
3,status,12,VILLAGER,DEAD,Sample2
3,status,13,BODYGUARD,ALIVE,Sample13
3,status,14,VILLAGER,ALIVE,Sample1
3,status,15,VILLAGER,ALIVE,cash_dqn
3,talk,0,0,9,Skip
3,talk,1,0,1,DAY 3 (IDENTIFIED Agent[03] WEREWOLF)
3,talk,2,0,11,Skip
3,talk,3,0,4,DIVINED Agent[05] HUMAN
3,talk,4,0,5,Skip
3,talk,5,0,10,DAY 3 (DIVINED Agent[13] HUMAN)
3,talk,6,0,15,Skip
3,talk,7,0,14,Skip
3,talk,8,0,13,Skip
3,talk,9,0,2,DAY 3 (DIVINED Agent[10] HUMAN)
3,talk,10,0,7,ESTIMATE Agent[15] WEREWOLF
3,talk,11,1,5,Skip
3,talk,12,1,1,Skip
3,talk,13,1,13,Skip
3,talk,14,1,10,BECAUSE (DAY 2 (DIVINED Agent[02] WEREWOLF)) (REQUEST ANY (VOTE Agent[02]))
3,talk,15,1,2,BECAUSE (AND (AND (COMINGOUT Agent[02] SEER) (Agent[10] COMINGOUT Agent[10] SEER)) (DIVINED Agent[10] HUMAN)) (ESTIMATE Agent[10] POSSESSED)
3,talk,16,1,14,Skip
3,talk,17,1,15,VOTE Agent[07]
3,talk,18,1,4,ESTIMATE Agent[02] WEREWOLF
3,talk,19,1,7,Skip
3,talk,20,1,9,Skip
3,talk,21,1,11,Skip
3,talk,22,2,10,INQUIRE ANY (VOTE Agent[02])
3,talk,23,2,11,VOTE Agent[15]
3,talk,24,2,14,VOTE Agent[05]
3,talk,25,2,15,Skip
3,talk,26,2,4,VOTE Agent[02]
3,talk,27,2,2,BECAUSE (AND (COMINGOUT Agent[02] SEER) (Agent[04] COMINGOUT Agent[04] SEER)) (XOR (ESTIMATE Agent[04] WEREWOLF) (ESTIMATE Agent[04] POSSESSED))
3,talk,28,2,7,VOTE Agent[15]
3,talk,29,2,1,VOTE Agent[15]
3,talk,30,2,9,VOTE Agent[11]
3,talk,31,2,13,VOTE Agent[15]
3,talk,32,2,5,VOTE Agent[04]
3,talk,33,3,9,Skip
3,talk,34,3,5,Skip
3,talk,35,3,10,BECAUSE (DIVINED Agent[02] WEREWOLF) (VOTE Agent[02])
3,talk,36,3,2,BECAUSE (XOR (ESTIMATE Agent[04] WEREWOLF) (ESTIMATE Agent[04] POSSESSED)) (VOTE Agent[04])
3,talk,37,3,1,Skip
3,talk,38,3,14,Skip
3,talk,39,3,4,Skip
3,talk,40,3,11,Skip
3,talk,41,3,15,Skip
3,talk,42,3,13,Skip
3,talk,43,3,7,Skip
3,talk,44,4,10,Skip
3,talk,45,4,14,Skip
3,talk,46,4,7,Skip
3,talk,47,4,15,Over
3,talk,48,4,2,Skip
3,talk,49,4,13,Skip
3,talk,50,4,11,Skip
3,talk,51,4,1,Skip
3,talk,52,4,5,Skip
3,talk,53,4,9,Skip
3,talk,54,4,4,Skip
3,talk,55,5,1,Over
3,talk,56,5,5,Over
3,talk,57,5,2,Skip
3,talk,58,5,4,Over
3,talk,59,5,9,Over
3,talk,60,5,13,Over
3,talk,61,5,7,Over
3,talk,62,5,10,Skip
3,talk,63,5,11,Over
3,talk,64,5,15,Over
3,talk,65,5,14,Over
3,talk,66,6,14,Over
3,talk,67,6,1,Over
3,talk,68,6,15,Over
3,talk,69,6,13,Over
3,talk,70,6,2,Over
3,talk,71,6,5,Over
3,talk,72,6,4,Over
3,talk,73,6,7,Over
3,talk,74,6,10,Over
3,talk,75,6,9,Over
3,talk,76,6,11,Over
3,vote,1,15
3,vote,2,4
3,vote,4,2
3,vote,5,4
3,vote,7,15
3,vote,9,11
3,vote,10,2
3,vote,11,15
3,vote,13,15
3,vote,14,5
3,vote,15,11
3,execute,15,VILLAGER
3,divine,2,4,WEREWOLF
3,whisper,0,0,4,BECAUSE (Agent[02] COMINGOUT Agent[02] SEER) (ATTACK Agent[02])
3,whisper,1,0,7,BECAUSE (Agent[01] COMINGOUT Agent[01] MEDIUM) (ATTACK Agent[01])
3,whisper,2,1,7,Skip
3,whisper,3,1,4,Skip
3,whisper,4,2,4,Skip
3,whisper,5,2,7,Skip
3,whisper,6,3,7,Over
3,whisper,7,3,4,Over
3,guard,13,10,POSSESSED
3,attack,1,true
4,status,1,MEDIUM,DEAD,Sample9
4,status,2,SEER,ALIVE,Sample12
4,status,3,WEREWOLF,DEAD,Sample8
4,status,4,WEREWOLF,ALIVE,Sample11
4,status,5,VILLAGER,ALIVE,Sample7
4,status,6,VILLAGER,DEAD,Sample10
4,status,7,WEREWOLF,ALIVE,Sample6
4,status,8,VILLAGER,DEAD,Sample5
4,status,9,VILLAGER,ALIVE,Sample4
4,status,10,POSSESSED,ALIVE,Sample3
4,status,11,VILLAGER,ALIVE,Sample14
4,status,12,VILLAGER,DEAD,Sample2
4,status,13,BODYGUARD,ALIVE,Sample13
4,status,14,VILLAGER,ALIVE,Sample1
4,status,15,VILLAGER,DEAD,cash_dqn
4,talk,0,0,14,Skip
4,talk,1,0,10,DAY 4 (DIVINED Agent[09] HUMAN)
4,talk,2,0,11,Skip
4,talk,3,0,9,Skip
4,talk,4,0,7,ESTIMATE Agent[14] WEREWOLF
4,talk,5,0,5,Skip
4,talk,6,0,2,DAY 4 (DIVINED Agent[04] WEREWOLF)
4,talk,7,0,13,Skip
4,talk,8,0,4,DIVINED Agent[07] HUMAN
4,talk,9,1,10,BECAUSE (DAY 2 (DIVINED Agent[02] WEREWOLF)) (REQUEST ANY (VOTE Agent[02]))
4,talk,10,1,7,Skip
4,talk,11,1,13,Skip
4,talk,12,1,11,Skip
4,talk,13,1,9,Skip
4,talk,14,1,14,Skip
4,talk,15,1,5,Skip
4,talk,16,1,4,ESTIMATE Agent[02] WEREWOLF
4,talk,17,1,2,BECAUSE (DAY 4 (DIVINED Agent[04] WEREWOLF)) (REQUEST ANY (VOTE Agent[04]))
4,talk,18,2,13,VOTE Agent[05]
4,talk,19,2,7,VOTE Agent[14]
4,talk,20,2,10,INQUIRE ANY (VOTE Agent[02])
4,talk,21,2,5,VOTE Agent[11]
4,talk,22,2,2,INQUIRE ANY (VOTE Agent[04])
4,talk,23,2,9,VOTE Agent[14]
4,talk,24,2,14,VOTE Agent[10]
4,talk,25,2,4,VOTE Agent[02]
4,talk,26,2,11,VOTE Agent[09]
4,talk,27,3,10,BECAUSE (DIVINED Agent[02] WEREWOLF) (VOTE Agent[02])
4,talk,28,3,4,Skip
4,talk,29,3,7,Skip
4,talk,30,3,5,Skip
4,talk,31,3,11,Skip
4,talk,32,3,2,BECAUSE (DIVINED Agent[04] WEREWOLF) (VOTE Agent[04])
4,talk,33,3,9,Skip
4,talk,34,3,14,Skip
4,talk,35,3,13,Skip
4,talk,36,4,7,Skip
4,talk,37,4,10,Skip
4,talk,38,4,11,Skip
4,talk,39,4,13,Skip
4,talk,40,4,9,Skip
4,talk,41,4,5,Skip
4,talk,42,4,14,Skip
4,talk,43,4,4,Skip
4,talk,44,4,2,Skip
4,talk,45,5,10,Skip
4,talk,46,5,9,Over
4,talk,47,5,14,Over
4,talk,48,5,4,Over
4,talk,49,5,2,Skip
4,talk,50,5,11,Over
4,talk,51,5,5,Over
4,talk,52,5,7,Over
4,talk,53,5,13,Over
4,talk,54,6,10,Over
4,talk,55,6,9,Over
4,talk,56,6,4,Over
4,talk,57,6,2,Over
4,talk,58,6,14,Over
4,talk,59,6,11,Over
4,talk,60,6,5,Over
4,talk,61,6,13,Over
4,talk,62,6,7,Over
4,vote,2,4
4,vote,4,2
4,vote,5,11
4,vote,7,14
4,vote,9,14
4,vote,10,2
4,vote,11,9
4,vote,13,5
4,vote,14,10
4,vote,2,4
4,vote,4,2
4,vote,5,11
4,vote,7,14
4,vote,9,14
4,vote,10,2
4,vote,11,9
4,vote,13,5
4,vote,14,10
4,execute,2,SEER
4,whisper,0,0,7,ATTACK Agent[14]
4,whisper,1,0,4,ATTACK Agent[11]
4,whisper,2,1,7,Skip
4,whisper,3,1,4,Skip
4,whisper,4,2,7,Skip
4,whisper,5,2,4,Skip
4,whisper,6,3,7,Over
4,whisper,7,3,4,Over
4,guard,13,4,WEREWOLF
4,attack,11,true
5,status,1,MEDIUM,DEAD,Sample9
5,status,2,SEER,DEAD,Sample12
5,status,3,WEREWOLF,DEAD,Sample8
5,status,4,WEREWOLF,ALIVE,Sample11
5,status,5,VILLAGER,ALIVE,Sample7
5,status,6,VILLAGER,DEAD,Sample10
5,status,7,WEREWOLF,ALIVE,Sample6
5,status,8,VILLAGER,DEAD,Sample5
5,status,9,VILLAGER,ALIVE,Sample4
5,status,10,POSSESSED,ALIVE,Sample3
5,status,11,VILLAGER,DEAD,Sample14
5,status,12,VILLAGER,DEAD,Sample2
5,status,13,BODYGUARD,ALIVE,Sample13
5,status,14,VILLAGER,ALIVE,Sample1
5,status,15,VILLAGER,DEAD,cash_dqn
5,talk,0,0,5,Skip
5,talk,1,0,9,Skip
5,talk,2,0,10,DAY 5 (DIVINED Agent[04] HUMAN)
5,talk,3,0,14,Skip
5,talk,4,0,4,DIVINED Agent[13] WEREWOLF
5,talk,5,0,13,Skip
5,talk,6,0,7,ESTIMATE Agent[13] WEREWOLF
5,talk,7,1,10,BECAUSE (AND (COMINGOUT Agent[10] SEER) (Agent[04] COMINGOUT Agent[04] SEER)) (XOR (ESTIMATE Agent[04] WEREWOLF) (ESTIMATE Agent[04] POSSESSED))
5,talk,8,1,4,ESTIMATE Agent[13] WEREWOLF
5,talk,9,1,14,Skip
5,talk,10,1,7,Skip
5,talk,11,1,9,Skip
5,talk,12,1,5,Skip
5,talk,13,1,13,Skip
5,talk,14,2,13,VOTE Agent[04]
5,talk,15,2,7,VOTE Agent[13]
5,talk,16,2,10,BECAUSE (XOR (ESTIMATE Agent[04] WEREWOLF) (ESTIMATE Agent[04] POSSESSED)) (VOTE Agent[04])
5,talk,17,2,4,VOTE Agent[13]
5,talk,18,2,14,VOTE Agent[09]
5,talk,19,2,5,VOTE Agent[07]
5,talk,20,2,9,VOTE Agent[05]
5,talk,21,3,10,Skip
5,talk,22,3,13,Skip
5,talk,23,3,7,Skip
5,talk,24,3,9,Skip
5,talk,25,3,4,Skip
5,talk,26,3,5,Skip
5,talk,27,3,14,Skip
5,talk,28,4,14,Skip
5,talk,29,4,10,Skip
5,talk,30,4,7,Skip
5,talk,31,4,5,Skip
5,talk,32,4,9,Skip
5,talk,33,4,13,Skip
5,talk,34,4,4,Skip
5,talk,35,5,10,Over
5,talk,36,5,4,Over
5,talk,37,5,5,Over
5,talk,38,5,9,Over
5,talk,39,5,14,Over
5,talk,40,5,13,Over
5,talk,41,5,7,Over
5,vote,4,13
5,vote,5,7
5,vote,7,13
5,vote,9,5
5,vote,10,4
5,vote,13,4
5,vote,14,9
5,vote,4,13
5,vote,5,7
5,vote,7,13
5,vote,9,5
5,vote,10,4
5,vote,13,4
5,vote,14,9
5,execute,13,BODYGUARD
5,whisper,0,0,7,ATTACK Agent[05]
5,whisper,1,0,4,ATTACK Agent[09]
5,whisper,2,1,7,Skip
5,whisper,3,1,4,Skip
5,whisper,4,2,7,Skip
5,whisper,5,2,4,Skip
5,whisper,6,3,4,Over
5,whisper,7,3,7,Over
5,attack,5,true
6,status,1,MEDIUM,DEAD,Sample9
6,status,2,SEER,DEAD,Sample12
6,status,3,WEREWOLF,DEAD,Sample8
6,status,4,WEREWOLF,ALIVE,Sample11
6,status,5,VILLAGER,DEAD,Sample7
6,status,6,VILLAGER,DEAD,Sample10
6,status,7,WEREWOLF,ALIVE,Sample6
6,status,8,VILLAGER,DEAD,Sample5
6,status,9,VILLAGER,ALIVE,Sample4
6,status,10,POSSESSED,ALIVE,Sample3
6,status,11,VILLAGER,DEAD,Sample14
6,status,12,VILLAGER,DEAD,Sample2
6,status,13,BODYGUARD,DEAD,Sample13
6,status,14,VILLAGER,ALIVE,Sample1
6,status,15,VILLAGER,DEAD,cash_dqn
6,talk,0,0,4,DIVINED Agent[09] HUMAN
6,talk,1,0,9,Skip
6,talk,2,0,7,ESTIMATE Agent[14] WEREWOLF
6,talk,3,0,10,DAY 6 (DIVINED Agent[14] HUMAN)
6,talk,4,0,14,Skip
6,talk,5,1,4,ESTIMATE Agent[14] WEREWOLF
6,talk,6,1,7,Skip
6,talk,7,1,10,BECAUSE (AND (COMINGOUT Agent[10] SEER) (Agent[04] COMINGOUT Agent[04] SEER)) (XOR (ESTIMATE Agent[04] WEREWOLF) (ESTIMATE Agent[04] POSSESSED))
6,talk,8,1,14,Skip
6,talk,9,1,9,Skip
6,talk,10,2,4,VOTE Agent[14]
6,talk,11,2,7,VOTE Agent[14]
6,talk,12,2,10,BECAUSE (XOR (ESTIMATE Agent[04] WEREWOLF) (ESTIMATE Agent[04] POSSESSED)) (VOTE Agent[04])
6,talk,13,2,14,VOTE Agent[10]
6,talk,14,2,9,VOTE Agent[04]
6,talk,15,3,14,Skip
6,talk,16,3,7,Skip
6,talk,17,3,4,Skip
6,talk,18,3,9,Skip
6,talk,19,3,10,Skip
6,talk,20,4,14,Skip
6,talk,21,4,7,Skip
6,talk,22,4,4,Skip
6,talk,23,4,10,Skip
6,talk,24,4,9,Skip
6,talk,25,5,4,Over
6,talk,26,5,9,Over
6,talk,27,5,7,Over
6,talk,28,5,14,Over
6,talk,29,5,10,Over
6,vote,4,14
6,vote,7,14
6,vote,9,4
6,vote,10,4
6,vote,14,10
6,vote,4,14
6,vote,7,14
6,vote,9,4
6,vote,10,4
6,vote,14,10
6,execute,4,WEREWOLF
6,attackVote,7,9
6,attack,9,true
7,status,1,MEDIUM,DEAD,Sample9
7,status,2,SEER,DEAD,Sample12
7,status,3,WEREWOLF,DEAD,Sample8
7,status,4,WEREWOLF,DEAD,Sample11
7,status,5,VILLAGER,DEAD,Sample7
7,status,6,VILLAGER,DEAD,Sample10
7,status,7,WEREWOLF,ALIVE,Sample6
7,status,8,VILLAGER,DEAD,Sample5
7,status,9,VILLAGER,DEAD,Sample4
7,status,10,POSSESSED,ALIVE,Sample3
7,status,11,VILLAGER,DEAD,Sample14
7,status,12,VILLAGER,DEAD,Sample2
7,status,13,BODYGUARD,DEAD,Sample13
7,status,14,VILLAGER,ALIVE,Sample1
7,status,15,VILLAGER,DEAD,cash_dqn
7,talk,0,0,14,Skip
7,talk,1,0,10,DAY 7 (DIVINED Agent[07] HUMAN)
7,talk,2,0,7,ESTIMATE Agent[14] WEREWOLF
7,talk,3,1,10,Skip
7,talk,4,1,14,Skip
7,talk,5,1,7,Skip
7,talk,6,2,14,VOTE Agent[10]
7,talk,7,2,10,VOTE Agent[03]
7,talk,8,2,7,VOTE Agent[14]
7,talk,9,3,14,Skip
7,talk,10,3,10,Skip
7,talk,11,3,7,Skip
7,talk,12,4,14,Skip
7,talk,13,4,10,Skip
7,talk,14,4,7,Skip
7,talk,15,5,14,Over
7,talk,16,5,10,Over
7,talk,17,5,7,Over
7,vote,7,14
7,vote,10,7
7,vote,14,10
7,vote,7,14
7,vote,10,14
7,vote,14,10
7,execute,14,VILLAGER
7,attackVote,7,10
7,attack,10,true
8,status,1,MEDIUM,DEAD,Sample9
8,status,2,SEER,DEAD,Sample12
8,status,3,WEREWOLF,DEAD,Sample8
8,status,4,WEREWOLF,DEAD,Sample11
8,status,5,VILLAGER,DEAD,Sample7
8,status,6,VILLAGER,DEAD,Sample10
8,status,7,WEREWOLF,ALIVE,Sample6
8,status,8,VILLAGER,DEAD,Sample5
8,status,9,VILLAGER,DEAD,Sample4
8,status,10,POSSESSED,DEAD,Sample3
8,status,11,VILLAGER,DEAD,Sample14
8,status,12,VILLAGER,DEAD,Sample2
8,status,13,BODYGUARD,DEAD,Sample13
8,status,14,VILLAGER,DEAD,Sample1
8,status,15,VILLAGER,DEAD,cash_dqn
8,result,0,1,WEREWOLF
