0,status,1,MEDIUM,ALIVE,Sample9
0,status,2,BODYGUARD,ALIVE,Sample12
0,status,3,SEER,ALIVE,Sample8
0,status,4,VILLAGER,ALIVE,Sample11
0,status,5,VILLAGER,ALIVE,Sample7
0,status,6,VILLAGER,ALIVE,Sample10
0,status,7,VILLAGER,ALIVE,Sample6
0,status,8,POSSESSED,ALIVE,Sample5
0,status,9,WEREWOLF,ALIVE,Sample4
0,status,10,WEREWOLF,ALIVE,Sample3
0,status,11,VILLAGER,ALIVE,Sample14
0,status,12,VILLAGER,ALIVE,Sample2
0,status,13,VILLAGER,ALIVE,Sample13
0,status,14,VILLAGER,ALIVE,Sample1
0,status,15,WEREWOLF,ALIVE,cash_dqn
0,whisper,0,0,15,Over
0,whisper,1,0,10,COMINGOUT Agent[10] MEDIUM
0,whisper,2,0,9,COMINGOUT Agent[09] SEER
0,whisper,3,1,9,ATTACK Agent[13]
0,whisper,4,1,15,Over
0,whisper,5,1,10,ATTACK Agent[05]
0,whisper,6,2,9,Skip
0,whisper,7,2,10,Skip
0,whisper,8,2,15,Over
0,whisper,9,3,9,Skip
0,whisper,10,3,15,Over
0,whisper,11,3,10,Skip
0,whisper,12,4,9,Over
0,whisper,13,4,15,Over
0,whisper,14,4,10,Over
0,divine,3,7,HUMAN
1,status,1,MEDIUM,ALIVE,Sample9
1,status,2,BODYGUARD,ALIVE,Sample12
1,status,3,SEER,ALIVE,Sample8
1,status,4,VILLAGER,ALIVE,Sample11
1,status,5,VILLAGER,ALIVE,Sample7
1,status,6,VILLAGER,ALIVE,Sample10
1,status,7,VILLAGER,ALIVE,Sample6
1,status,8,POSSESSED,ALIVE,Sample5
1,status,9,WEREWOLF,ALIVE,Sample4
1,status,10,WEREWOLF,ALIVE,Sample3
1,status,11,VILLAGER,ALIVE,Sample14
1,status,12,VILLAGER,ALIVE,Sample2
1,status,13,VILLAGER,ALIVE,Sample13
1,status,14,VILLAGER,ALIVE,Sample1
1,status,15,WEREWOLF,ALIVE,cash_dqn
1,talk,0,0,7,Skip
1,talk,1,0,6,Skip
1,talk,2,0,10,COMINGOUT Agent[10] MEDIUM
1,talk,3,0,14,Skip
1,talk,4,0,11,Skip
1,talk,5,0,15,Over
1,talk,6,0,2,Skip
1,talk,7,0,9,ESTIMATE Agent[02] WEREWOLF
1,talk,8,0,12,Skip
1,talk,9,0,8,Skip
1,talk,10,0,13,Skip
1,talk,11,0,5,Skip
1,talk,12,0,3,Skip
1,talk,13,0,4,Skip
1,talk,14,0,1,Skip
1,talk,15,1,7,Skip
1,talk,16,1,3,Skip
1,talk,17,1,10,ESTIMATE Agent[03] WEREWOLF
1,talk,18,1,12,Skip
1,talk,19,1,9,Skip
1,talk,20,1,5,Skip
1,talk,21,1,11,Skip
1,talk,22,1,2,Skip
1,talk,23,1,13,Skip
1,talk,24,1,4,Skip
1,talk,25,1,14,Skip
1,talk,26,1,15,Over
1,talk,27,1,6,Skip
1,talk,28,1,8,Skip
1,talk,29,1,1,COMINGOUT Agent[01] MEDIUM
1,talk,30,2,7,VOTE Agent[02]
1,talk,31,2,6,VOTE Agent[09]
1,talk,32,2,9,VOTE Agent[02]
1,talk,33,2,4,VOTE Agent[10]
1,talk,34,2,12,VOTE Agent[01]
1,talk,35,2,14,VOTE Agent[05]
1,talk,36,2,10,ESTIMATE Agent[01] WEREWOLF
1,talk,37,2,3,VOTE Agent[11]
1,talk,38,2,11,VOTE Agent[06]
1,talk,39,2,13,VOTE Agent[09]
1,talk,40,2,8,VOTE Agent[12]
1,talk,41,2,15,Over
1,talk,42,2,2,VOTE Agent[15]
1,talk,43,2,1,BECAUSE (AND (COMINGOUT Agent[01] MEDIUM) (Agent[10] COMINGOUT Agent[10] MEDIUM)) (XOR (ESTIMATE Agent[10] WEREWOLF) (ESTIMATE Agent[10] POSSESSED))
1,talk,44,2,5,VOTE Agent[06]
1,talk,45,3,15,Over
1,talk,46,3,3,Skip
1,talk,47,3,5,Skip
1,talk,48,3,7,Skip
1,talk,49,3,4,Skip
1,talk,50,3,12,Skip
1,talk,51,3,6,Skip
1,talk,52,3,1,BECAUSE (XOR (ESTIMATE Agent[10] WEREWOLF) (ESTIMATE Agent[10] POSSESSED)) (VOTE Agent[10])
1,talk,53,3,8,Skip
1,talk,54,3,11,Skip
1,talk,55,3,13,Skip
1,talk,56,3,9,Skip
1,talk,57,3,14,Skip
1,talk,58,3,10,VOTE Agent[01]
1,talk,59,3,2,Skip
1,talk,60,4,9,Skip
1,talk,61,4,12,Skip
1,talk,62,4,5,Skip
1,talk,63,4,1,Skip
1,talk,64,4,6,Skip
1,talk,65,4,13,Skip
1,talk,66,4,7,Skip
1,talk,67,4,14,Skip
1,talk,68,4,11,Skip
1,talk,69,4,3,Skip
1,talk,70,4,2,Skip
1,talk,71,4,8,Skip
1,talk,72,4,15,Over
1,talk,73,4,10,Skip
1,talk,74,4,4,Skip
1,talk,75,5,4,Over
1,talk,76,5,15,Over
1,talk,77,5,10,Skip
1,talk,78,5,7,Over
1,talk,79,5,5,Over
1,talk,80,5,9,Over
1,talk,81,5,2,Over
1,talk,82,5,11,Over
1,talk,83,5,6,Over
1,talk,84,5,1,Skip
1,talk,85,5,8,Over
1,talk,86,5,13,Over
1,talk,87,5,12,Over
1,talk,88,5,14,Over
1,talk,89,5,3,Over
1,talk,90,6,2,Over
1,talk,91,6,8,Over
1,talk,92,6,5,Over
1,talk,93,6,12,Over
1,talk,94,6,14,Over
1,talk,95,6,10,Over
1,talk,96,6,1,Over
1,talk,97,6,11,Over
1,talk,98,6,13,Over
1,talk,99,6,9,Over
1,talk,100,6,7,Over
1,talk,101,6,15,Over
1,talk,102,6,6,Over
1,talk,103,6,3,Over
1,talk,104,6,4,Over
1,vote,1,10
1,vote,2,15
1,vote,3,11
1,vote,4,10
1,vote,5,6
1,vote,6,9
1,vote,7,2
1,vote,8,12
1,vote,9,2
1,vote,10,1
1,vote,11,6
1,vote,12,1
1,vote,13,9
1,vote,14,5
1,vote,15,9
1,execute,9,WEREWOLF
1,divine,3,8,HUMAN
1,whisper,0,0,10,BECAUSE (Agent[01] COMINGOUT Agent[01] MEDIUM) (ATTACK Agent[01])
1,whisper,1,0,15,Over
1,whisper,2,1,10,Skip
1,whisper,3,1,15,Over
1,whisper,4,2,10,Skip
1,whisper,5,2,15,Over
1,whisper,6,3,10,Over
1,whisper,7,3,15,Over
1,guard,2,10,WEREWOLF
1,attackVote,15,3
1,attack,3,true
2,status,1,MEDIUM,ALIVE,Sample9
2,status,2,BODYGUARD,ALIVE,Sample12
2,status,3,SEER,DEAD,Sample8
2,status,4,VILLAGER,ALIVE,Sample11
2,status,5,VILLAGER,ALIVE,Sample7
2,status,6,VILLAGER,ALIVE,Sample10
2,status,7,VILLAGER,ALIVE,Sample6
2,status,8,POSSESSED,ALIVE,Sample5
2,status,9,WEREWOLF,DEAD,Sample4
2,status,10,WEREWOLF,ALIVE,Sample3
2,status,11,VILLAGER,ALIVE,Sample14
2,status,12,VILLAGER,ALIVE,Sample2
2,status,13,VILLAGER,ALIVE,Sample13
2,status,14,VILLAGER,ALIVE,Sample1
2,status,15,WEREWOLF,ALIVE,cash_dqn
2,talk,0,0,4,Skip
2,talk,1,0,13,Skip
2,talk,2,0,2,Skip
2,talk,3,0,10,IDENTIFIED Agent[09] HUMAN
2,talk,4,0,5,Skip
2,talk,5,0,6,Skip
2,talk,6,0,1,DAY 2 (IDENTIFIED Agent[09] WEREWOLF)
2,talk,7,0,14,Skip
2,talk,8,0,15,Over
2,talk,9,0,8,Skip
2,talk,10,0,7,Skip
2,talk,11,0,11,Skip
2,talk,12,0,12,Skip
2,talk,13,1,1,BECAUSE (AND (COMINGOUT Agent[01] MEDIUM) (Agent[10] COMINGOUT Agent[10] MEDIUM)) (XOR (ESTIMATE Agent[10] WEREWOLF) (ESTIMATE Agent[10] POSSESSED))
2,talk,14,1,5,Skip
2,talk,15,1,10,ESTIMATE Agent[01] WEREWOLF
2,talk,16,1,14,Skip
2,talk,17,1,12,Skip
2,talk,18,1,2,Skip
2,talk,19,1,15,Over
2,talk,20,1,6,Skip
2,talk,21,1,7,Skip
2,talk,22,1,11,Skip
2,talk,23,1,13,Skip
2,talk,24,1,8,Skip
2,talk,25,1,4,Skip
2,talk,26,2,4,VOTE Agent[07]
2,talk,27,2,1,BECAUSE (XOR (ESTIMATE Agent[10] WEREWOLF) (ESTIMATE Agent[10] POSSESSED)) (VOTE Agent[10])
2,talk,28,2,10,VOTE Agent[01]
2,talk,29,2,14,VOTE Agent[10]
2,talk,30,2,12,VOTE Agent[15]
2,talk,31,2,6,VOTE Agent[15]
2,talk,32,2,5,VOTE Agent[11]
2,talk,33,2,7,VOTE Agent[14]
2,talk,34,2,2,VOTE Agent[12]
2,talk,35,2,8,VOTE Agent[05]
2,talk,36,2,11,VOTE Agent[12]
2,talk,37,2,13,VOTE Agent[04]
2,talk,38,2,15,Over
2,talk,39,3,13,Skip
2,talk,40,3,1,Skip
2,talk,41,3,4,Skip
2,talk,42,3,6,Skip
2,talk,43,3,14,Skip
2,talk,44,3,5,Skip
2,talk,45,3,12,Skip
2,talk,46,3,2,Skip
2,talk,47,3,15,Over
2,talk,48,3,10,Skip
2,talk,49,3,8,Skip
2,talk,50,3,11,Skip
2,talk,51,3,7,Skip
2,talk,52,4,11,Skip
2,talk,53,4,5,Skip
2,talk,54,4,2,Skip
2,talk,55,4,13,Skip
2,talk,56,4,4,Skip
2,talk,57,4,10,Skip
2,talk,58,4,8,Skip
2,talk,59,4,12,Skip
2,talk,60,4,14,Skip
2,talk,61,4,7,Skip
2,talk,62,4,1,Skip
2,talk,63,4,15,Over
2,talk,64,4,6,Skip
2,talk,65,5,7,Over
2,talk,66,5,15,Over
2,talk,67,5,2,Over
2,talk,68,5,14,Over
2,talk,69,5,10,Over
2,talk,70,5,5,Over
2,talk,71,5,4,Over
2,talk,72,5,13,Over
2,talk,73,5,8,Over
2,talk,74,5,1,Over
2,talk,75,5,11,Over
2,talk,76,5,12,Over
2,talk,77,5,6,Over
2,vote,1,10
2,vote,2,12
2,vote,4,7
2,vote,5,11
2,vote,6,15
2,vote,7,14
2,vote,8,5
2,vote,10,1
2,vote,11,12
2,vote,12,15
2,vote,13,4
2,vote,14,10
2,vote,15,10
2,execute,10,WEREWOLF
2,guard,2,1,MEDIUM
2,attackVote,15,11
2,attack,11,true
3,status,1,MEDIUM,ALIVE,Sample9
3,status,2,BODYGUARD,ALIVE,Sample12
3,status,3,SEER,DEAD,Sample8
3,status,4,VILLAGER,ALIVE,Sample11
3,status,5,VILLAGER,ALIVE,Sample7
3,status,6,VILLAGER,ALIVE,Sample10
3,status,7,VILLAGER,ALIVE,Sample6
3,status,8,POSSESSED,ALIVE,Sample5
3,status,9,WEREWOLF,DEAD,Sample4
3,status,10,WEREWOLF,DEAD,Sample3
3,status,11,VILLAGER,DEAD,Sample14
3,status,12,VILLAGER,ALIVE,Sample2
3,status,13,VILLAGER,ALIVE,Sample13
3,status,14,VILLAGER,ALIVE,Sample1
3,status,15,WEREWOLF,ALIVE,cash_dqn
3,talk,0,0,2,Skip
3,talk,1,0,12,Skip
3,talk,2,0,13,Skip
3,talk,3,0,8,Skip
3,talk,4,0,14,Skip
3,talk,5,0,15,Over
3,talk,6,0,5,Skip
3,talk,7,0,4,Skip
3,talk,8,0,6,Skip
3,talk,9,0,7,Skip
3,talk,10,0,1,DAY 3 (IDENTIFIED Agent[10] WEREWOLF)
3,talk,11,1,14,Skip
3,talk,12,1,1,Skip
3,talk,13,1,8,Skip
3,talk,14,1,12,Skip
3,talk,15,1,15,Over
3,talk,16,1,6,Skip
3,talk,17,1,7,Skip
3,talk,18,1,13,Skip
3,talk,19,1,2,Skip
3,talk,20,1,4,Skip
3,talk,21,1,5,Skip
3,talk,22,2,7,VOTE Agent[15]
3,talk,23,2,13,VOTE Agent[05]
3,talk,24,2,12,VOTE Agent[15]
3,talk,25,2,14,VOTE Agent[08]
3,talk,26,2,1,VOTE Agent[04]
3,talk,27,2,4,VOTE Agent[07]
3,talk,28,2,8,VOTE Agent[10]
3,talk,29,2,6,VOTE Agent[07]
3,talk,30,2,15,Over
3,talk,31,2,5,VOTE Agent[12]
3,talk,32,2,2,VOTE Agent[15]
3,talk,33,3,13,Skip
3,talk,34,3,6,Skip
3,talk,35,3,7,Skip
3,talk,36,3,2,Skip
3,talk,37,3,4,Skip
3,talk,38,3,12,Skip
3,talk,39,3,8,Skip
3,talk,40,3,14,Skip
3,talk,41,3,1,Skip
3,talk,42,3,5,Skip
3,talk,43,3,15,Over
3,talk,44,4,4,Skip
3,talk,45,4,1,Skip
3,talk,46,4,5,Skip
3,talk,47,4,8,Skip
3,talk,48,4,6,Skip
3,talk,49,4,12,Skip
3,talk,50,4,15,Over
3,talk,51,4,14,Skip
3,talk,52,4,7,Skip
3,talk,53,4,2,Skip
3,talk,54,4,13,Skip
3,talk,55,5,5,Over
3,talk,56,5,12,Over
3,talk,57,5,4,Over
3,talk,58,5,2,Over
3,talk,59,5,13,Over
3,talk,60,5,7,Over
3,talk,61,5,8,Over
3,talk,62,5,14,Over
3,talk,63,5,6,Over
3,talk,64,5,15,Over
3,talk,65,5,1,Over
3,vote,1,4
3,vote,2,15
3,vote,4,7
3,vote,5,12
3,vote,6,7
3,vote,7,15
3,vote,8,5
3,vote,12,15
3,vote,13,5
3,vote,14,8
3,vote,15,13
3,execute,15,WEREWOLF
3,guard,2,1,MEDIUM
4,status,1,MEDIUM,ALIVE,Sample9
4,status,2,BODYGUARD,ALIVE,Sample12
4,status,3,SEER,DEAD,Sample8
4,status,4,VILLAGER,ALIVE,Sample11
4,status,5,VILLAGER,ALIVE,Sample7
4,status,6,VILLAGER,ALIVE,Sample10
4,status,7,VILLAGER,ALIVE,Sample6
4,status,8,POSSESSED,ALIVE,Sample5
4,status,9,WEREWOLF,DEAD,Sample4
4,status,10,WEREWOLF,DEAD,Sample3
4,status,11,VILLAGER,DEAD,Sample14
4,status,12,VILLAGER,ALIVE,Sample2
4,status,13,VILLAGER,ALIVE,Sample13
4,status,14,VILLAGER,ALIVE,Sample1
4,status,15,WEREWOLF,DEAD,cash_dqn
4,result,10,0,VILLAGER
