  File "DQN.py", line 184
    return None
         ^
IndentationError: expected an indented block
  File "DQN.py", line 183
    pass
       ^
TabError: inconsistent use of tabs and spaces in indentation
2019-02-04 19:10:10.292671: I tensorflow/core/platform/cpu_feature_guard.cc:141] Your CPU supports instructions that this TensorFlow binary was not compiled to use: AVX2 AVX512F FMA
2019-02-04 19:10:12.095900: I tensorflow/core/common_runtime/gpu/gpu_device.cc:1432] Found device 0 with properties: 
name: GeForce GTX 1080 Ti major: 6 minor: 1 memoryClockRate(GHz): 1.582
pciBusID: 0000:3b:00.0
totalMemory: 10.92GiB freeMemory: 10.76GiB
2019-02-04 19:10:12.280580: I tensorflow/core/common_runtime/gpu/gpu_device.cc:1432] Found device 1 with properties: 
name: GeForce GTX 1080 Ti major: 6 minor: 1 memoryClockRate(GHz): 1.582
pciBusID: 0000:af:00.0
totalMemory: 10.92GiB freeMemory: 10.76GiB
2019-02-04 19:10:12.282928: I tensorflow/core/common_runtime/gpu/gpu_device.cc:1511] Adding visible gpu devices: 0, 1
2019-02-04 19:10:13.057496: I tensorflow/core/common_runtime/gpu/gpu_device.cc:982] Device interconnect StreamExecutor with strength 1 edge matrix:
2019-02-04 19:10:13.057544: I tensorflow/core/common_runtime/gpu/gpu_device.cc:988]      0 1 
2019-02-04 19:10:13.057551: I tensorflow/core/common_runtime/gpu/gpu_device.cc:1001] 0:   N Y 
2019-02-04 19:10:13.057556: I tensorflow/core/common_runtime/gpu/gpu_device.cc:1001] 1:   Y N 
2019-02-04 19:10:13.057853: I tensorflow/core/common_runtime/gpu/gpu_device.cc:1115] Created TensorFlow device (/job:localhost/replica:0/task:0/device:GPU:0 with 10409 MB memory) -> physical GPU (device: 0, name: GeForce GTX 1080 Ti, pci bus id: 0000:3b:00.0, compute capability: 6.1)
2019-02-04 19:10:13.058614: I tensorflow/core/common_runtime/gpu/gpu_device.cc:1115] Created TensorFlow device (/job:localhost/replica:0/task:0/device:GPU:1 with 10409 MB memory) -> physical GPU (device: 1, name: GeForce GTX 1080 Ti, pci bus id: 0000:af:00.0, compute capability: 6.1)
Network weights could not be found!
step : 1  states: 2
step : 2  states: 3
step : 3  states: 5
step : 4  states: 7
step : 5  states: 9
step : 6  states: 11
step : 7  states: 13
step : 8  states: 15
step : 9  states: 17
step : 10  states: 19
step : 11  states: 20
step : 12  states: 22
step : 13  states: 24
step : 14  states: 26
step : 15  states: 27
step : 16  states: 28
step : 17  states: 30
step : 18  states: 31
step : 19  states: 32
step : 20  states: 33
step : 21  states: 35
step : 22  states: 36
step : 23  states: 38
step : 24  states: 40
step : 25  states: 41
step : 26  states: 43
step : 27  states: 44
step : 28  states: 46
step : 29  states: 47
step : 30  states: 48
step : 31  states: 50
step : 32  states: 52
step : 33  states: 54
step : 34  states: 55
step : 35  states: 57
step : 36  states: 58
step : 37  states: 59
step : 38  states: 60
step : 39  states: 62
step : 40  states: 64
step : 41  states: 66
step : 42  states: 67
step : 43  states: 69
step : 44  states: 70
step : 45  states: 71
step : 46  states: 72
step : 47  states: 73
step : 48  states: 74
step : 49  states: 75
step : 50  states: 76
step : 51  states: 77
step : 52  states: 79
step : 53  states: 81
step : 54  states: 83
step : 55  states: 84
step : 56  states: 85
step : 57  states: 86
step : 58  states: 87
step : 59  states: 88
step : 60  states: 89
step : 61  states: 90
step : 62  states: 91
step : 63  states: 92
step : 64  states: 93
step : 65  states: 95
step : 66  states: 97
step : 67  states: 98
step : 68  states: 99
step : 69  states: 100
step : 70  states: 101
step : 71  states: 102
step : 72  states: 103
step : 73  states: 105
step : 74  states: 107
step : 75  states: 108
step : 76  states: 109
step : 77  states: 111
step : 78  states: 113
step : 79  states: 114
step : 80  states: 115
step : 81  states: 116
step : 82  states: 117
step : 83  states: 119
step : 84  states: 121
step : 85  states: 122
step : 86  states: 123
step : 87  states: 124
step : 88  states: 126
step : 89  states: 127
step : 90  states: 128
step : 91  states: 129
step : 92  states: 131
step : 93  states: 132
step : 94  states: 133
step : 95  states: 135
step : 96  states: 136
step : 97  states: 138
step : 98  states: 139
step : 99  states: 141
step : 100  states: 142
step : 101  states: 144
step : 102  states: 146
step : 103  states: 148
step : 104  states: 150
step : 105  states: 151
step : 106  states: 152
step : 107  states: 153
step : 108  states: 154
step : 109  states: 155
step : 110  states: 156
step : 111  states: 157
step : 112  states: 158
step : 113  states: 160
step : 114  states: 162
step : 115  states: 163
step : 116  states: 164
step : 117  states: 165
step : 118  states: 166
step : 119  states: 167
step : 120  states: 168
step : 121  states: 170
step : 122  states: 171
step : 123  states: 172
step : 124  states: 173
step : 125  states: 175
step : 126  states: 176
step : 127  states: 177
step : 128  states: 178
step : 129  states: 180
step : 130  states: 182
step : 131  states: 184
step : 132  states: 185
step : 133  states: 187
step : 134  states: 188
step : 135  states: 189
step : 136  states: 190
step : 137  states: 192
step : 138  states: 194
step : 139  states: 195
step : 140  states: 196
step : 141  states: 197
step : 142  states: 199
step : 143  states: 201
step : 144  states: 203
step : 145  states: 205
step : 146  states: 206
step : 147  states: 207
step : 148  states: 208
step : 149  states: 209
step : 150  states: 210
step : 151  states: 211
step : 152  states: 212
step : 153  states: 213
step : 154  states: 214
step : 155  states: 215
step : 156  states: 216
step : 157  states: 217
step : 158  states: 218
step : 159  states: 219
step : 160  states: 220
step : 161  states: 221
step : 162  states: 223
step : 163  states: 224
step : 164  states: 225
step : 165  states: 226
step : 166  states: 227
step : 167  states: 228
step : 168  states: 229
step : 169  states: 230
step : 170  states: 231
step : 171  states: 232
step : 172  states: 234
step : 173  states: 235
step : 174  states: 236
step : 175  states: 237
step : 176  states: 239
step : 177  states: 240
step : 178  states: 241
step : 179  states: 242
step : 180  states: 243
step : 181  states: 244
step : 182  states: 245
step : 183  states: 246
step : 184  states: 247
step : 185  states: 248
step : 186  states: 250
step : 187  states: 251
step : 188  states: 252
step : 189  states: 253
step : 190  states: 254
step : 191  states: 255
step : 192  states: 256
step : 193  states: 258
step : 194  states: 259
step : 195  states: 260
step : 196  states: 261
step : 197  states: 262
step : 198  states: 263
step : 199  states: 264
step : 200  states: 265
step : 201  states: 266
step : 202  states: 267
step : 203  states: 268
step : 204  states: 269
step : 205  states: 270
step : 206  states: 272
step : 207  states: 274
step : 208  states: 276
step : 209  states: 277
step : 210  states: 278
step : 211  states: 279
step : 212  states: 280
step : 213  states: 281
step : 214  states: 282
step : 215  states: 283
step : 216  states: 284
step : 217  states: 286
step : 218  states: 287
step : 219  states: 289
step : 220  states: 291
step : 221  states: 292
step : 222  states: 293
step : 223  states: 294
step : 224  states: 295
step : 225  states: 296
step : 226  states: 297
step : 227  states: 298
step : 228  states: 299
step : 229  states: 300
step : 230  states: 301
step : 231  states: 302
step : 232  states: 303
step : 233  states: 304
step : 234  states: 305
step : 235  states: 306
step : 236  states: 307
step : 237  states: 308
step : 238  states: 309
step : 239  states: 311
step : 240  states: 312
step : 241  states: 313
step : 242  states: 314
step : 243  states: 315
step : 244  states: 316
step : 245  states: 317
step : 246  states: 318
step : 247  states: 319
step : 248  states: 320
step : 249  states: 321
step : 250  states: 322
step : 251  states: 323
step : 252  states: 324
step : 253  states: 325
step : 254  states: 326
step : 255  states: 327
step : 256  states: 328
step : 257  states: 329
step : 258  states: 330
step : 259  states: 331
step : 260  states: 332
step : 261  states: 333
step : 262  states: 334
step : 263  states: 335
step : 264  states: 336
step : 265  states: 337
step : 266  states: 338
step : 267  states: 339
step : 268  states: 340
step : 269  states: 341
step : 270  states: 342
step : 271  states: 344
step : 272  states: 345
step : 273  states: 346
step : 274  states: 347
step : 275  states: 348
step : 276  states: 349
step : 277  states: 350
step : 278  states: 351
step : 279  states: 352
step : 280  states: 353
step : 281  states: 354
step : 282  states: 355
step : 283  states: 357
step : 284  states: 358
step : 285  states: 360
step : 286  states: 361
step : 287  states: 362
step : 288  states: 364
step : 289  states: 366
step : 290  states: 368
step : 291  states: 369
step : 292  states: 370
step : 293  states: 372
step : 294  states: 373
step : 295  states: 374
step : 296  states: 375
step : 297  states: 376
step : 298  states: 377
step : 299  states: 378
step : 300  states: 379
step : 301  states: 380
step : 302  states: 382
step : 303  states: 383
step : 304  states: 384
step : 305  states: 385
step : 306  states: 386
step : 307  states: 387
step : 308  states: 388
step : 309  states: 389
step : 310  states: 391
step : 311  states: 392
step : 312  states: 393
step : 313  states: 394
step : 314  states: 395
step : 315  states: 396
step : 316  states: 397
step : 317  states: 398
step : 318  states: 399
step : 319  states: 400
step : 320  states: 401
step : 321  states: 402
step : 322  states: 403
step : 323  states: 404
step : 324  states: 405
step : 325  states: 406
step : 326  states: 407
step : 327  states: 408
step : 328  states: 409
step : 329  states: 410
step : 330  states: 411
step : 331  states: 412
step : 332  states: 413
step : 333  states: 414
step : 334  states: 415
step : 335  states: 417
step : 336  states: 419
step : 337  states: 420
step : 338  states: 421
step : 339  states: 422
step : 340  states: 423
step : 341  states: 424
step : 342  states: 425
step : 343  states: 426
step : 344  states: 427
step : 345  states: 428
step : 346  states: 429
step : 347  states: 430
step : 348  states: 431
step : 349  states: 432
step : 350  states: 433
step : 351  states: 434
step : 352  states: 435
step : 353  states: 436
step : 354  states: 437
step : 355  states: 438
step : 356  states: 439
step : 357  states: 440
step : 358  states: 441
step : 359  states: 442
step : 360  states: 443
step : 361  states: 444
step : 362  states: 445
step : 363  states: 446
step : 364  states: 447
step : 365  states: 448
step : 366  states: 449
step : 367  states: 450
step : 368  states: 451
step : 369  states: 452
step : 370  states: 453
step : 371  states: 455
step : 372  states: 456
step : 373  states: 457
step : 374  states: 458
step : 375  states: 459
step : 376  states: 460
step : 377  states: 461
step : 378  states: 463
step : 379  states: 464
step : 380  states: 465
step : 381  states: 466
step : 382  states: 467
step : 383  states: 468
step : 384  states: 469
step : 385  states: 470
step : 386  states: 471
step : 387  states: 472
step : 388  states: 473
step : 389  states: 474
step : 390  states: 475
step : 391  states: 476
step : 392  states: 478
step : 393  states: 480
step : 394  states: 481
step : 395  states: 482
step : 396  states: 483
step : 397  states: 484
step : 398  states: 485
step : 399  states: 486
step : 400  states: 487
step : 401  states: 488
step : 402  states: 489
step : 403  states: 490
step : 404  states: 491
step : 405  states: 492
step : 406  states: 493
step : 407  states: 494
step : 408  states: 495
step : 409  states: 496
step : 410  states: 497
step : 411  states: 498
step : 412  states: 499
step : 413  states: 500
step : 414  states: 501
step : 415  states: 502
step : 416  states: 503
step : 417  states: 504
step : 418  states: 505
step : 419  states: 506
step : 420  states: 507
step : 421  states: 508
step : 422  states: 509
step : 423  states: 510
step : 424  states: 511
step : 425  states: 513
step : 426  states: 515
step : 427  states: 516
step : 428  states: 517
step : 429  states: 518
step : 430  states: 519
step : 431  states: 520
step : 432  states: 521
step : 433  states: 522
step : 434  states: 523
step : 435  states: 524
step : 436  states: 525
step : 437  states: 526
step : 438  states: 528
step : 439  states: 530
step : 440  states: 531
step : 441  states: 532
step : 442  states: 533
step : 443  states: 534
step : 444  states: 535
step : 445  states: 536
step : 446  states: 537
step : 447  states: 538
step : 448  states: 539
step : 449  states: 540
step : 450  states: 541
step : 451  states: 542
step : 452  states: 543
step : 453  states: 544
step : 454  states: 545
step : 455  states: 546
step : 456  states: 547
step : 457  states: 548
step : 458  states: 549
step : 459  states: 550
step : 460  states: 551
step : 461  states: 553
step : 462  states: 554
step : 463  states: 555
step : 464  states: 556
step : 465  states: 557
step : 466  states: 558
step : 467  states: 559
step : 468  states: 560
step : 469  states: 561
step : 470  states: 562
step : 471  states: 563
step : 472  states: 564
step : 473  states: 565
step : 474  states: 566
step : 475  states: 567
step : 476  states: 568
step : 477  states: 569
step : 478  states: 570
step : 479  states: 572
step : 480  states: 573
step : 481  states: 574
step : 482  states: 575
step : 483  states: 576
step : 484  states: 577
step : 485  states: 578
step : 486  states: 579
step : 487  states: 580
step : 488  states: 581
step : 489  states: 582
step : 490  states: 583
step : 491  states: 584
step : 492  states: 585
step : 493  states: 586
step : 494  states: 587
step : 495  states: 588
step : 496  states: 590
step : 497  states: 591
step : 498  states: 592
step : 499  states: 593
step : 500  states: 594
step : 501  states: 595
step : 502  states: 596
step : 503  states: 597
step : 504  states: 598
step : 505  states: 599
step : 506  states: 600
step : 507  states: 601
step : 508  states: 602
step : 509  states: 603
step : 510  states: 604
step : 511  states: 605
step : 512  states: 606
step : 513  states: 607
step : 514  states: 608
step : 515  states: 609
step : 516  states: 610
step : 517  states: 612
step : 518  states: 613
step : 519  states: 614
step : 520  states: 615
step : 521  states: 617
step : 522  states: 618
step : 523  states: 619
step : 524  states: 620
step : 525  states: 621
step : 526  states: 622
step : 527  states: 623
step : 528  states: 624
step : 529  states: 625
step : 530  states: 626
step : 531  states: 627
step : 532  states: 628
step : 533  states: 629
step : 534  states: 630
step : 535  states: 631
step : 536  states: 632
step : 537  states: 633
step : 538  states: 634
step : 539  states: 635
step : 540  states: 636
step : 541  states: 637
step : 542  states: 638
step : 543  states: 639
step : 544  states: 640
step : 545  states: 642
step : 546  states: 643
step : 547  states: 645
step : 548  states: 646
step : 549  states: 647
step : 550  states: 648
step : 551  states: 649
step : 552  states: 650
step : 553  states: 651
step : 554  states: 652
step : 555  states: 653
step : 556  states: 654
step : 557  states: 655
step : 558  states: 656
step : 559  states: 658
step : 560  states: 659
step : 561  states: 660
step : 562  states: 662
step : 563  states: 663
step : 564  states: 665
step : 565  states: 666
step : 566  states: 667
step : 567  states: 668
step : 568  states: 669
step : 569  states: 670
step : 570  states: 671
step : 571  states: 672
step : 572  states: 673
step : 573  states: 674
step : 574  states: 675
step : 575  states: 676
step : 576  states: 677
step : 577  states: 678
step : 578  states: 679
step : 579  states: 680
step : 580  states: 681
step : 581  states: 682
step : 582  states: 683
step : 583  states: 684
step : 584  states: 685
step : 585  states: 686
step : 586  states: 687
step : 587  states: 688
step : 588  states: 689
step : 589  states: 690
step : 590  states: 691
step : 591  states: 692
step : 592  states: 693
step : 593  states: 695
step : 594  states: 696
step : 595  states: 697
step : 596  states: 698
step : 597  states: 700
step : 598  states: 701
step : 599  states: 702
step : 600  states: 703
step : 601  states: 704
step : 602  states: 705
step : 603  states: 706
step : 604  states: 707
step : 605  states: 708
step : 606  states: 709
step : 607  states: 710
step : 608  states: 711
step : 609  states: 712
step : 610  states: 713
step : 611  states: 714
step : 612  states: 715
step : 613  states: 716
step : 614  states: 717
step : 615  states: 718
step : 616  states: 719
step : 617  states: 720
step : 618  states: 721
step : 619  states: 722
step : 620  states: 723
step : 621  states: 724
step : 622  states: 726
step : 623  states: 727
step : 624  states: 728
step : 625  states: 729
step : 626  states: 730
step : 627  states: 731
step : 628  states: 732
step : 629  states: 733
step : 630  states: 734
step : 631  states: 735
step : 632  states: 736
step : 633  states: 737
step : 634  states: 738
step : 635  states: 739
step : 636  states: 740
step : 637  states: 741
step : 638  states: 742
step : 639  states: 743
step : 640  states: 744
step : 641  states: 745
step : 642  states: 746
step : 643  states: 747
step : 644  states: 748
step : 645  states: 749
step : 646  states: 750
step : 647  states: 751
step : 648  states: 752
step : 649  states: 753
step : 650  states: 754
step : 651  states: 755
step : 652  states: 756
step : 653  states: 757
step : 654  states: 758
step : 655  states: 759
step : 656  states: 760
step : 657  states: 761
step : 658  states: 762
step : 659  states: 763
step : 660  states: 764
step : 661  states: 765
step : 662  states: 766
step : 663  states: 767
step : 664  states: 768
step : 665  states: 769
step : 666  states: 770
step : 667  states: 771
step : 668  states: 772
step : 669  states: 773
step : 670  states: 774
step : 671  states: 775
step : 672  states: 776
step : 673  states: 777
step : 674  states: 778
step : 675  states: 779
step : 676  states: 780
step : 677  states: 781
step : 678  states: 782
step : 679  states: 783
step : 680  states: 784
step : 681  states: 785
step : 682  states: 787
step : 683  states: 788
step : 684  states: 789
step : 685  states: 790
step : 686  states: 791
step : 687  states: 792
step : 688  states: 793
step : 689  states: 794
step : 690  states: 795
step : 691  states: 796
step : 692  states: 797
step : 693  states: 798
step : 694  states: 799
step : 695  states: 800
step : 696  states: 801
step : 697  states: 802
step : 698  states: 803
step : 699  states: 804
step : 700  states: 805
step : 701  states: 806
step : 702  states: 807
step : 703  states: 808
step : 704  states: 809
step : 705  states: 810
step : 706  states: 811
step : 707  states: 812
step : 708  states: 813
step : 709  states: 814
step : 710  states: 815
step : 711  states: 816
step : 712  states: 817
step : 713  states: 818
step : 714  states: 819
step : 715  states: 820
step : 716  states: 821
step : 717  states: 822
step : 718  states: 823
step : 719  states: 824
step : 720  states: 825
step : 721  states: 826
step : 722  states: 827
step : 723  states: 828
step : 724  states: 829
step : 725  states: 830
step : 726  states: 831
step : 727  states: 832
step : 728  states: 833
step : 729  states: 834
step : 730  states: 835
step : 731  states: 836
step : 732  states: 837
step : 733  states: 838
step : 734  states: 839
step : 735  states: 840
step : 736  states: 841
step : 737  states: 842
step : 738  states: 843
step : 739  states: 844
step : 740  states: 845
step : 741  states: 846
step : 742  states: 847
step : 743  states: 848
step : 744  states: 849
step : 745  states: 850
step : 746  states: 851
step : 747  states: 852
step : 748  states: 853
step : 749  states: 854
step : 750  states: 855
step : 751  states: 856
step : 752  states: 857
step : 753  states: 858
step : 754  states: 859
step : 755  states: 860
step : 756  states: 861
step : 757  states: 862
step : 758  states: 863
step : 759  states: 864
step : 760  states: 865
step : 761  states: 866
step : 762  states: 867
step : 763  states: 868
step : 764  states: 869
step : 765  states: 871
step : 766  states: 873
step : 767  states: 874
step : 768  states: 875
step : 769  states: 876
step : 770  states: 877
step : 771  states: 878
step : 772  states: 879
step : 773  states: 880
step : 774  states: 881
step : 775  states: 882
step : 776  states: 883
step : 777  states: 884
step : 778  states: 886
step : 779  states: 887
step : 780  states: 889
step : 781  states: 890
step : 782  states: 891
step : 783  states: 892
step : 784  states: 893
step : 785  states: 894
step : 786  states: 895
step : 787  states: 896
step : 788  states: 897
step : 789  states: 898
step : 790  states: 899
step : 791  states: 900
step : 792  states: 901
step : 793  states: 902
step : 794  states: 903
step : 795  states: 904
step : 796  states: 905
step : 797  states: 906
step : 798  states: 907
step : 799  states: 908
step : 800  states: 909
step : 801  states: 910
step : 802  states: 911
step : 803  states: 912
step : 804  states: 913
step : 805  states: 914
step : 806  states: 915
step : 807  states: 916
step : 808  states: 917
step : 809  states: 918
step : 810  states: 919
step : 811  states: 920
step : 812  states: 921
step : 813  states: 922
step : 814  states: 923
step : 815  states: 924
step : 816  states: 925
step : 817  states: 926
step : 818  states: 927
step : 819  states: 928
step : 820  states: 929
step : 821  states: 930
step : 822  states: 931
step : 823  states: 932
step : 824  states: 933
step : 825  states: 934
step : 826  states: 935
step : 827  states: 936
step : 828  states: 937
step : 829  states: 938
step : 830  states: 939
step : 831  states: 940
step : 832  states: 941
step : 833  states: 942
step : 834  states: 943
step : 835  states: 944
step : 836  states: 945
step : 837  states: 946
step : 838  states: 947
step : 839  states: 948
step : 840  states: 949
step : 841  states: 950
step : 842  states: 951
step : 843  states: 952
step : 844  states: 953
step : 845  states: 954
step : 846  states: 955
step : 847  states: 956
step : 848  states: 957
step : 849  states: 958
step : 850  states: 959
step : 851  states: 960
step : 852  states: 961
step : 853  states: 962
step : 854  states: 963
step : 855  states: 964
step : 856  states: 965
step : 857  states: 966
step : 858  states: 967
step : 859  states: 968
step : 860  states: 969
step : 861  states: 970
step : 862  states: 971
step : 863  states: 972
step : 864  states: 973
step : 865  states: 974
step : 866  states: 975
step : 867  states: 976
step : 868  states: 977
step : 869  states: 978
step : 870  states: 979
step : 871  states: 980
step : 872  states: 981
step : 873  states: 982
step : 874  states: 984
step : 875  states: 985
step : 876  states: 987
step : 877  states: 989
step : 878  states: 991
step : 879  states: 993
step : 880  states: 994
step : 881  states: 995
step : 882  states: 996
step : 883  states: 997
step : 884  states: 998
step : 885  states: 999
step : 886  states: 1000
step : 887  states: 1001
step : 888  states: 1002
step : 889  states: 1003
step : 890  states: 1004
step : 891  states: 1005
step : 892  states: 1006
step : 893  states: 1007
step : 894  states: 1008
step : 895  states: 1009
step : 896  states: 1010
step : 897  states: 1011
step : 898  states: 1012
step : 899  states: 1013
step : 900  states: 1014
step : 901  states: 1015
step : 902  states: 1016
step : 903  states: 1017
step : 904  states: 1018
step : 905  states: 1019
step : 906  states: 1020
step : 907  states: 1021
step : 908  states: 1022
step : 909  states: 1023
step : 910  states: 1024
step : 911  states: 1025
step : 912  states: 1026
step : 913  states: 1027
step : 914  states: 1028
step : 915  states: 1029
step : 916  states: 1030
step : 917  states: 1031
step : 918  states: 1032
step : 919  states: 1033
step : 920  states: 1034
step : 921  states: 1035
step : 922  states: 1036
step : 923  states: 1037
step : 924  states: 1038
step : 925  states: 1039
step : 926  states: 1040
step : 927  states: 1041
step : 928  states: 1042
step : 929  states: 1043
step : 930  states: 1044
step : 931  states: 1045
step : 932  states: 1046
step : 933  states: 1047
step : 934  states: 1048
step : 935  states: 1049
step : 936  states: 1050
step : 937  states: 1051
step : 938  states: 1052
step : 939  states: 1053
step : 940  states: 1054
step : 941  states: 1055
step : 942  states: 1056
step : 943  states: 1057
step : 944  states: 1058
step : 945  states: 1059
step : 946  states: 1060
step : 947  states: 1061
step : 948  states: 1062
step : 949  states: 1063
step : 950  states: 1064
step : 951  states: 1065
step : 952  states: 1066
step : 953  states: 1067
step : 954  states: 1068
step : 955  states: 1069
step : 956  states: 1070
step : 957  states: 1071
step : 958  states: 1072
step : 959  states: 1073
step : 960  states: 1075
step : 961  states: 1076
step : 962  states: 1077
step : 963  states: 1078
step : 964  states: 1079
step : 965  states: 1080
step : 966  states: 1081
step : 967  states: 1082
step : 968  states: 1083
step : 969  states: 1084
step : 970  states: 1085
step : 971  states: 1086
step : 972  states: 1087
step : 973  states: 1088
step : 974  states: 1089
step : 975  states: 1090
step : 976  states: 1091
step : 977  states: 1092
step : 978  states: 1093
step : 979  states: 1094
step : 980  states: 1095
step : 981  states: 1096
step : 982  states: 1097
step : 983  states: 1098
step : 984  states: 1099
step : 985  states: 1100
step : 986  states: 1101
step : 987  states: 1102
step : 988  states: 1103
step : 989  states: 1104
step : 990  states: 1105
step : 991  states: 1106
step : 992  states: 1107
step : 993  states: 1108
step : 994  states: 1109
step : 995  states: 1110
step : 996  states: 1111
step : 997  states: 1112
step : 998  states: 1113
step : 999  states: 1114
step : 1000  states: 1115
